[1.418s] Invoking command in '/home/sbel/Desktop/Cobra-Driver/workspace/build/usb_cam': CMAKE_PREFIX_PATH=/opt/ros/foxy /usr/bin/cmake --build /home/sbel/Desktop/Cobra-Driver/workspace/build/usb_cam -- -j8 -l8
[1.888s] [ 66%] Built target usb_cam_node_exe
[1.888s] [ 66%] Built target usb_cam
[1.889s] [100%] Built target usb_cam_node
[1.890s] Invoked command in '/home/sbel/Desktop/Cobra-Driver/workspace/build/usb_cam' returned '0': CMAKE_PREFIX_PATH=/opt/ros/foxy /usr/bin/cmake --build /home/sbel/Desktop/Cobra-Driver/workspace/build/usb_cam -- -j8 -l8
[1.997s] Invoking command in '/home/sbel/Desktop/Cobra-Driver/workspace/build/usb_cam': CMAKE_PREFIX_PATH=/opt/ros/foxy /usr/bin/cmake --install /home/sbel/Desktop/Cobra-Driver/workspace/build/usb_cam
[2.027s] -- Install configuration: ""
[2.027s] -- Up-to-date: /home/sbel/Desktop/Cobra-Driver/workspace/install/usb_cam/lib/usb_cam/usb_cam_node_exe
[2.028s] -- Up-to-date: /home/sbel/Desktop/Cobra-Driver/workspace/install/usb_cam/lib/usb_cam/show_image.py
[2.028s] -- Up-to-date: /home/sbel/Desktop/Cobra-Driver/workspace/install/usb_cam/include
[2.028s] -- Up-to-date: /home/sbel/Desktop/Cobra-Driver/workspace/install/usb_cam/include/usb_cam
[2.028s] -- Up-to-date: /home/sbel/Desktop/Cobra-Driver/workspace/install/usb_cam/include/usb_cam/usb_cam.hpp
[2.029s] -- Up-to-date: /home/sbel/Desktop/Cobra-Driver/workspace/install/usb_cam/include/usb_cam/usb_cam_node.hpp
[2.029s] -- Up-to-date: /home/sbel/Desktop/Cobra-Driver/workspace/install/usb_cam/include/usb_cam/usb_cam_utils.hpp
[2.029s] -- Up-to-date: /home/sbel/Desktop/Cobra-Driver/workspace/install/usb_cam/share/usb_cam/environment/library_path.sh
[2.029s] -- Up-to-date: /home/sbel/Desktop/Cobra-Driver/workspace/install/usb_cam/share/usb_cam/environment/library_path.dsv
[2.029s] -- Up-to-date: /home/sbel/Desktop/Cobra-Driver/workspace/install/usb_cam/lib/libusb_cam.so
[2.030s] -- Up-to-date: /home/sbel/Desktop/Cobra-Driver/workspace/install/usb_cam/lib/libusb_cam_node.so
[2.030s] -- Up-to-date: /home/sbel/Desktop/Cobra-Driver/workspace/install/usb_cam/share/usb_cam/launch
[2.030s] -- Up-to-date: /home/sbel/Desktop/Cobra-Driver/workspace/install/usb_cam/share/usb_cam/launch/demo_launch.py
[2.032s] -- Up-to-date: /home/sbel/Desktop/Cobra-Driver/workspace/install/usb_cam/share/usb_cam/config
[2.032s] -- Up-to-date: /home/sbel/Desktop/Cobra-Driver/workspace/install/usb_cam/share/usb_cam/config/camera_info.yaml
[2.032s] -- Up-to-date: /home/sbel/Desktop/Cobra-Driver/workspace/install/usb_cam/share/usb_cam/config/params.yaml
[2.032s] -- Up-to-date: /home/sbel/Desktop/Cobra-Driver/workspace/install/usb_cam/share/ament_index/resource_index/package_run_dependencies/usb_cam
[2.033s] -- Up-to-date: /home/sbel/Desktop/Cobra-Driver/workspace/install/usb_cam/share/ament_index/resource_index/parent_prefix_path/usb_cam
[2.033s] -- Up-to-date: /home/sbel/Desktop/Cobra-Driver/workspace/install/usb_cam/share/usb_cam/environment/ament_prefix_path.sh
[2.033s] -- Up-to-date: /home/sbel/Desktop/Cobra-Driver/workspace/install/usb_cam/share/usb_cam/environment/ament_prefix_path.dsv
[2.033s] -- Up-to-date: /home/sbel/Desktop/Cobra-Driver/workspace/install/usb_cam/share/usb_cam/environment/path.sh
[2.033s] -- Up-to-date: /home/sbel/Desktop/Cobra-Driver/workspace/install/usb_cam/share/usb_cam/environment/path.dsv
[2.033s] -- Up-to-date: /home/sbel/Desktop/Cobra-Driver/workspace/install/usb_cam/share/usb_cam/local_setup.bash
[2.033s] -- Up-to-date: /home/sbel/Desktop/Cobra-Driver/workspace/install/usb_cam/share/usb_cam/local_setup.sh
[2.033s] -- Up-to-date: /home/sbel/Desktop/Cobra-Driver/workspace/install/usb_cam/share/usb_cam/local_setup.zsh
[2.034s] -- Up-to-date: /home/sbel/Desktop/Cobra-Driver/workspace/install/usb_cam/share/usb_cam/local_setup.dsv
[2.034s] -- Installing: /home/sbel/Desktop/Cobra-Driver/workspace/install/usb_cam/share/usb_cam/package.dsv
[2.034s] -- Up-to-date: /home/sbel/Desktop/Cobra-Driver/workspace/install/usb_cam/share/ament_index/resource_index/packages/usb_cam
[2.034s] -- Up-to-date: /home/sbel/Desktop/Cobra-Driver/workspace/install/usb_cam/share/ament_index/resource_index/rclcpp_components/usb_cam
[2.034s] -- Up-to-date: /home/sbel/Desktop/Cobra-Driver/workspace/install/usb_cam/share/usb_cam/cmake/ament_cmake_export_dependencies-extras.cmake
[2.035s] -- Up-to-date: /home/sbel/Desktop/Cobra-Driver/workspace/install/usb_cam/share/usb_cam/cmake/ament_cmake_export_include_directories-extras.cmake
[2.035s] -- Up-to-date: /home/sbel/Desktop/Cobra-Driver/workspace/install/usb_cam/share/usb_cam/cmake/ament_cmake_export_libraries-extras.cmake
[2.035s] -- Up-to-date: /home/sbel/Desktop/Cobra-Driver/workspace/install/usb_cam/share/usb_cam/cmake/usb_camConfig.cmake
[2.035s] -- Up-to-date: /home/sbel/Desktop/Cobra-Driver/workspace/install/usb_cam/share/usb_cam/cmake/usb_camConfig-version.cmake
[2.035s] -- Up-to-date: /home/sbel/Desktop/Cobra-Driver/workspace/install/usb_cam/share/usb_cam/package.xml
[2.041s] Invoked command in '/home/sbel/Desktop/Cobra-Driver/workspace/build/usb_cam' returned '0': CMAKE_PREFIX_PATH=/opt/ros/foxy /usr/bin/cmake --install /home/sbel/Desktop/Cobra-Driver/workspace/build/usb_cam
