[2.877s] Invoking command in '/home/jason/Desktop/STUDY/Cobra-Driver/workspace/src/udp_to_ros': PYTHONPATH=/home/jason/Desktop/STUDY/Cobra-Driver/workspace/build/udp_to_ros/prefix_override:/home/jason/Desktop/STUDY/Cobra-Driver/workspace/install/udp_to_ros/lib/python3.10/site-packages:${PYTHONPATH} /usr/bin/python3 setup.py egg_info --egg-base ../../build/udp_to_ros build --build-base /home/jason/Desktop/STUDY/Cobra-Driver/workspace/build/udp_to_ros/build install --record /home/jason/Desktop/STUDY/Cobra-Driver/workspace/build/udp_to_ros/install.log --single-version-externally-managed
[3.561s] running egg_info
[3.561s] creating ../../build/udp_to_ros/udp_to_ros.egg-info
[3.561s] writing ../../build/udp_to_ros/udp_to_ros.egg-info/PKG-INFO
[3.561s] writing dependency_links to ../../build/udp_to_ros/udp_to_ros.egg-info/dependency_links.txt
[3.561s] writing entry points to ../../build/udp_to_ros/udp_to_ros.egg-info/entry_points.txt
[3.561s] writing requirements to ../../build/udp_to_ros/udp_to_ros.egg-info/requires.txt
[3.561s] writing top-level names to ../../build/udp_to_ros/udp_to_ros.egg-info/top_level.txt
[3.561s] writing manifest file '../../build/udp_to_ros/udp_to_ros.egg-info/SOURCES.txt'
[3.562s] reading manifest file '../../build/udp_to_ros/udp_to_ros.egg-info/SOURCES.txt'
[3.562s] writing manifest file '../../build/udp_to_ros/udp_to_ros.egg-info/SOURCES.txt'
[3.562s] running build
[3.562s] running build_py
[3.562s] creating /home/jason/Desktop/STUDY/Cobra-Driver/workspace/build/udp_to_ros/build
[3.562s] creating /home/jason/Desktop/STUDY/Cobra-Driver/workspace/build/udp_to_ros/build/lib
[3.562s] creating /home/jason/Desktop/STUDY/Cobra-Driver/workspace/build/udp_to_ros/build/lib/udp_to_ros
[3.562s] copying udp_to_ros/udp_listener_node.py -> /home/jason/Desktop/STUDY/Cobra-Driver/workspace/build/udp_to_ros/build/lib/udp_to_ros
[3.562s] copying udp_to_ros/__init__.py -> /home/jason/Desktop/STUDY/Cobra-Driver/workspace/build/udp_to_ros/build/lib/udp_to_ros
[3.562s] running install
[3.562s] running install_lib
[3.562s] creating /home/jason/Desktop/STUDY/Cobra-Driver/workspace/install/udp_to_ros/lib/python3.10/site-packages/udp_to_ros
[3.563s] copying /home/jason/Desktop/STUDY/Cobra-Driver/workspace/build/udp_to_ros/build/lib/udp_to_ros/udp_listener_node.py -> /home/jason/Desktop/STUDY/Cobra-Driver/workspace/install/udp_to_ros/lib/python3.10/site-packages/udp_to_ros
[3.563s] copying /home/jason/Desktop/STUDY/Cobra-Driver/workspace/build/udp_to_ros/build/lib/udp_to_ros/__init__.py -> /home/jason/Desktop/STUDY/Cobra-Driver/workspace/install/udp_to_ros/lib/python3.10/site-packages/udp_to_ros
[3.563s] byte-compiling /home/jason/Desktop/STUDY/Cobra-Driver/workspace/install/udp_to_ros/lib/python3.10/site-packages/udp_to_ros/udp_listener_node.py to udp_listener_node.cpython-310.pyc
[3.563s] byte-compiling /home/jason/Desktop/STUDY/Cobra-Driver/workspace/install/udp_to_ros/lib/python3.10/site-packages/udp_to_ros/__init__.py to __init__.cpython-310.pyc
[3.563s] running install_data
[3.563s] creating /home/jason/Desktop/STUDY/Cobra-Driver/workspace/install/udp_to_ros/share/ament_index
[3.563s] creating /home/jason/Desktop/STUDY/Cobra-Driver/workspace/install/udp_to_ros/share/ament_index/resource_index
[3.563s] creating /home/jason/Desktop/STUDY/Cobra-Driver/workspace/install/udp_to_ros/share/ament_index/resource_index/packages
[3.563s] copying resource/udp_to_ros -> /home/jason/Desktop/STUDY/Cobra-Driver/workspace/install/udp_to_ros/share/ament_index/resource_index/packages
[3.563s] copying package.xml -> /home/jason/Desktop/STUDY/Cobra-Driver/workspace/install/udp_to_ros/share/udp_to_ros
[3.563s] running install_egg_info
[3.563s] Copying ../../build/udp_to_ros/udp_to_ros.egg-info to /home/jason/Desktop/STUDY/Cobra-Driver/workspace/install/udp_to_ros/lib/python3.10/site-packages/udp_to_ros-0.0.0-py3.10.egg-info
[3.564s] running install_scripts
[3.564s] /home/jason/.local/lib/python3.10/site-packages/setuptools/_distutils/cmd.py:66: SetuptoolsDeprecationWarning: setup.py install is deprecated.
[3.564s] !!
[3.564s] 
[3.564s]         ********************************************************************************
[3.564s]         Please avoid running ``setup.py`` directly.
[3.564s]         Instead, use pypa/build, pypa/installer or other
[3.564s]         standards-based tools.
[3.564s] 
[3.565s]         See https://blog.ganssle.io/articles/2021/10/setup-py-deprecated.html for details.
[3.565s]         ********************************************************************************
[3.565s] 
[3.565s] !!
[3.565s]   self.initialize_options()
[3.575s] Installing udp_listener script to /home/jason/Desktop/STUDY/Cobra-Driver/workspace/install/udp_to_ros/lib/udp_to_ros
[3.575s] writing list of installed files to '/home/jason/Desktop/STUDY/Cobra-Driver/workspace/build/udp_to_ros/install.log'
[3.964s] Invoked command in '/home/jason/Desktop/STUDY/Cobra-Driver/workspace/src/udp_to_ros' returned '0': PYTHONPATH=/home/jason/Desktop/STUDY/Cobra-Driver/workspace/build/udp_to_ros/prefix_override:/home/jason/Desktop/STUDY/Cobra-Driver/workspace/install/udp_to_ros/lib/python3.10/site-packages:${PYTHONPATH} /usr/bin/python3 setup.py egg_info --egg-base ../../build/udp_to_ros build --build-base /home/jason/Desktop/STUDY/Cobra-Driver/workspace/build/udp_to_ros/build install --record /home/jason/Desktop/STUDY/Cobra-Driver/workspace/build/udp_to_ros/install.log --single-version-externally-managed
