[4.148s] Invoking command in '/home/jason/Desktop/STUDY/Cobra-Driver/workspace/src/common': PYTHONPATH=/home/jason/Desktop/STUDY/Cobra-Driver/workspace/build/common/prefix_override:/home/jason/Desktop/STUDY/Cobra-Driver/workspace/install/common/lib/python3.10/site-packages:${PYTHONPATH} /usr/bin/python3 setup.py egg_info --egg-base ../../build/common build --build-base /home/jason/Desktop/STUDY/Cobra-Driver/workspace/build/common/build install --record /home/jason/Desktop/STUDY/Cobra-Driver/workspace/build/common/install.log --single-version-externally-managed
[4.500s] running egg_info
[4.529s] writing ../../build/common/common.egg-info/PKG-INFO
[4.529s] writing dependency_links to ../../build/common/common.egg-info/dependency_links.txt
[4.529s] writing requirements to ../../build/common/common.egg-info/requires.txt
[4.529s] writing top-level names to ../../build/common/common.egg-info/top_level.txt
[4.584s] reading manifest file '../../build/common/common.egg-info/SOURCES.txt'
[4.585s] writing manifest file '../../build/common/common.egg-info/SOURCES.txt'
[4.585s] running build
[4.585s] running build_py
[4.586s] running install
[4.586s] /home/jason/.local/lib/python3.10/site-packages/setuptools/_distutils/cmd.py:66: SetuptoolsDeprecationWarning: setup.py install is deprecated.
[4.587s] !!
[4.587s] 
[4.587s]         ********************************************************************************
[4.587s]         Please avoid running ``setup.py`` directly.
[4.587s]         Instead, use pypa/build, pypa/installer or other
[4.588s]         standards-based tools.
[4.588s] 
[4.588s]         See https://blog.ganssle.io/articles/2021/10/setup-py-deprecated.html for details.
[4.588s]         ********************************************************************************
[4.588s] 
[4.589s] !!
[4.589s]   self.initialize_options()
[4.592s] running install_lib
[4.620s] running install_data
[4.644s] running install_egg_info
[4.672s] removing '/home/jason/Desktop/STUDY/Cobra-Driver/workspace/install/common/lib/python3.10/site-packages/common-0.0.0-py3.10.egg-info' (and everything under it)
[4.672s] Copying ../../build/common/common.egg-info to /home/jason/Desktop/STUDY/Cobra-Driver/workspace/install/common/lib/python3.10/site-packages/common-0.0.0-py3.10.egg-info
[4.673s] running install_scripts
[4.913s] writing list of installed files to '/home/jason/Desktop/STUDY/Cobra-Driver/workspace/build/common/install.log'
[5.447s] Invoked command in '/home/jason/Desktop/STUDY/Cobra-Driver/workspace/src/common' returned '0': PYTHONPATH=/home/jason/Desktop/STUDY/Cobra-Driver/workspace/build/common/prefix_override:/home/jason/Desktop/STUDY/Cobra-Driver/workspace/install/common/lib/python3.10/site-packages:${PYTHONPATH} /usr/bin/python3 setup.py egg_info --egg-base ../../build/common build --build-base /home/jason/Desktop/STUDY/Cobra-Driver/workspace/build/common/build install --record /home/jason/Desktop/STUDY/Cobra-Driver/workspace/build/common/install.log --single-version-externally-managed
