[3.557s] Invoking command in '/home/sbel/Desktop/Cobra-Driver/workspace/src/common': PYTHONPATH=/home/sbel/Desktop/Cobra-Driver/workspace/build/common/prefix_override:/home/sbel/Desktop/Cobra-Driver/workspace/install/common/lib/python3.8/site-packages:${PYTHONPATH} /usr/bin/python3 setup.py egg_info --egg-base ../../build/common build --build-base /home/sbel/Desktop/Cobra-Driver/workspace/build/common/build install --record /home/sbel/Desktop/Cobra-Driver/workspace/build/common/install.log --single-version-externally-managed
[4.063s] running egg_info
[4.096s] writing ../../build/common/common.egg-info/PKG-INFO
[4.098s] writing dependency_links to ../../build/common/common.egg-info/dependency_links.txt
[4.099s] writing requirements to ../../build/common/common.egg-info/requires.txt
[4.099s] writing top-level names to ../../build/common/common.egg-info/top_level.txt
[4.385s] reading manifest file '../../build/common/common.egg-info/SOURCES.txt'
[4.386s] writing manifest file '../../build/common/common.egg-info/SOURCES.txt'
[4.387s] running build
[4.387s] running build_py
[4.387s] running install
[4.388s] /home/sbel/.local/lib/python3.8/site-packages/setuptools/_distutils/cmd.py:66: SetuptoolsDeprecationWarning: setup.py install is deprecated.
[4.388s] !!
[4.388s] 
[4.388s]         ********************************************************************************
[4.388s]         Please avoid running ``setup.py`` directly.
[4.389s]         Instead, use pypa/build, pypa/installer or other
[4.389s]         standards-based tools.
[4.389s] 
[4.389s]         See https://blog.ganssle.io/articles/2021/10/setup-py-deprecated.html for details.
[4.389s]         ********************************************************************************
[4.389s] 
[4.389s] !!
[4.389s]   self.initialize_options()
[4.399s] running install_lib
[4.435s] running install_data
[4.468s] running install_egg_info
[4.506s] removing '/home/sbel/Desktop/Cobra-Driver/workspace/install/common/lib/python3.8/site-packages/common-0.0.0-py3.8.egg-info' (and everything under it)
[4.507s] Copying ../../build/common/common.egg-info to /home/sbel/Desktop/Cobra-Driver/workspace/install/common/lib/python3.8/site-packages/common-0.0.0-py3.8.egg-info
[4.509s] running install_scripts
[4.623s] writing list of installed files to '/home/sbel/Desktop/Cobra-Driver/workspace/build/common/install.log'
[4.831s] Invoked command in '/home/sbel/Desktop/Cobra-Driver/workspace/src/common' returned '0': PYTHONPATH=/home/sbel/Desktop/Cobra-Driver/workspace/build/common/prefix_override:/home/sbel/Desktop/Cobra-Driver/workspace/install/common/lib/python3.8/site-packages:${PYTHONPATH} /usr/bin/python3 setup.py egg_info --egg-base ../../build/common build --build-base /home/sbel/Desktop/Cobra-Driver/workspace/build/common/build install --record /home/sbel/Desktop/Cobra-Driver/workspace/build/common/install.log --single-version-externally-managed
