running egg_info
creating ../../build/ptcloud_save/ptcloud_save.egg-info
writing ../../build/ptcloud_save/ptcloud_save.egg-info/PKG-INFO
writing dependency_links to ../../build/ptcloud_save/ptcloud_save.egg-info/dependency_links.txt
writing entry points to ../../build/ptcloud_save/ptcloud_save.egg-info/entry_points.txt
writing requirements to ../../build/ptcloud_save/ptcloud_save.egg-info/requires.txt
writing top-level names to ../../build/ptcloud_save/ptcloud_save.egg-info/top_level.txt
writing manifest file '../../build/ptcloud_save/ptcloud_save.egg-info/SOURCES.txt'
reading manifest file '../../build/ptcloud_save/ptcloud_save.egg-info/SOURCES.txt'
writing manifest file '../../build/ptcloud_save/ptcloud_save.egg-info/SOURCES.txt'
running build
running build_py
creating /home/jason/Desktop/STUDY/Cobra-Driver/workspace/build/ptcloud_save/build
creating /home/jason/Desktop/STUDY/Cobra-Driver/workspace/build/ptcloud_save/build/lib
creating /home/jason/Desktop/STUDY/Cobra-Driver/workspace/build/ptcloud_save/build/lib/ptcloud_save
copying ptcloud_save/ptcloud_to_csv.py -> /home/jason/Desktop/STUDY/Cobra-Driver/workspace/build/ptcloud_save/build/lib/ptcloud_save
copying ptcloud_save/__init__.py -> /home/jason/Desktop/STUDY/Cobra-Driver/workspace/build/ptcloud_save/build/lib/ptcloud_save
running install
running install_lib
creating /home/jason/Desktop/STUDY/Cobra-Driver/workspace/install/ptcloud_save/lib/python3.10/site-packages/ptcloud_save
copying /home/jason/Desktop/STUDY/Cobra-Driver/workspace/build/ptcloud_save/build/lib/ptcloud_save/ptcloud_to_csv.py -> /home/jason/Desktop/STUDY/Cobra-Driver/workspace/install/ptcloud_save/lib/python3.10/site-packages/ptcloud_save
copying /home/jason/Desktop/STUDY/Cobra-Driver/workspace/build/ptcloud_save/build/lib/ptcloud_save/__init__.py -> /home/jason/Desktop/STUDY/Cobra-Driver/workspace/install/ptcloud_save/lib/python3.10/site-packages/ptcloud_save
byte-compiling /home/jason/Desktop/STUDY/Cobra-Driver/workspace/install/ptcloud_save/lib/python3.10/site-packages/ptcloud_save/ptcloud_to_csv.py to ptcloud_to_csv.cpython-310.pyc
byte-compiling /home/jason/Desktop/STUDY/Cobra-Driver/workspace/install/ptcloud_save/lib/python3.10/site-packages/ptcloud_save/__init__.py to __init__.cpython-310.pyc
running install_data
creating /home/jason/Desktop/STUDY/Cobra-Driver/workspace/install/ptcloud_save/share/ament_index
creating /home/jason/Desktop/STUDY/Cobra-Driver/workspace/install/ptcloud_save/share/ament_index/resource_index
creating /home/jason/Desktop/STUDY/Cobra-Driver/workspace/install/ptcloud_save/share/ament_index/resource_index/packages
copying resource/ptcloud_save -> /home/jason/Desktop/STUDY/Cobra-Driver/workspace/install/ptcloud_save/share/ament_index/resource_index/packages
copying package.xml -> /home/jason/Desktop/STUDY/Cobra-Driver/workspace/install/ptcloud_save/share/ptcloud_save
running install_egg_info
Copying ../../build/ptcloud_save/ptcloud_save.egg-info to /home/jason/Desktop/STUDY/Cobra-Driver/workspace/install/ptcloud_save/lib/python3.10/site-packages/ptcloud_save-0.0.0-py3.10.egg-info
running install_scripts
Installing ptcloud_to_csv script to /home/jason/Desktop/STUDY/Cobra-Driver/workspace/install/ptcloud_save/lib/ptcloud_save
writing list of installed files to '/home/jason/Desktop/STUDY/Cobra-Driver/workspace/build/ptcloud_save/install.log'
