[3.131s] Invoking command in '/home/jason/Desktop/STUDY/Cobra-Driver/workspace/src/ptcloud_save': PYTHONPATH=/home/jason/Desktop/STUDY/Cobra-Driver/workspace/build/ptcloud_save/prefix_override:/home/jason/Desktop/STUDY/Cobra-Driver/workspace/install/ptcloud_save/lib/python3.10/site-packages:${PYTHONPATH} /usr/bin/python3 setup.py egg_info --egg-base ../../build/ptcloud_save build --build-base /home/jason/Desktop/STUDY/Cobra-Driver/workspace/build/ptcloud_save/build install --record /home/jason/Desktop/STUDY/Cobra-Driver/workspace/build/ptcloud_save/install.log --single-version-externally-managed
[3.436s] running egg_info
[3.436s] creating ../../build/ptcloud_save/ptcloud_save.egg-info
[3.461s] writing ../../build/ptcloud_save/ptcloud_save.egg-info/PKG-INFO
[3.462s] writing dependency_links to ../../build/ptcloud_save/ptcloud_save.egg-info/dependency_links.txt
[3.462s] writing entry points to ../../build/ptcloud_save/ptcloud_save.egg-info/entry_points.txt
[3.462s] writing requirements to ../../build/ptcloud_save/ptcloud_save.egg-info/requires.txt
[3.462s] writing top-level names to ../../build/ptcloud_save/ptcloud_save.egg-info/top_level.txt
[3.462s] writing manifest file '../../build/ptcloud_save/ptcloud_save.egg-info/SOURCES.txt'
[3.519s] reading manifest file '../../build/ptcloud_save/ptcloud_save.egg-info/SOURCES.txt'
[3.520s] writing manifest file '../../build/ptcloud_save/ptcloud_save.egg-info/SOURCES.txt'
[3.520s] running build
[3.520s] running build_py
[3.520s] creating /home/jason/Desktop/STUDY/Cobra-Driver/workspace/build/ptcloud_save/build
[3.521s] creating /home/jason/Desktop/STUDY/Cobra-Driver/workspace/build/ptcloud_save/build/lib
[3.521s] creating /home/jason/Desktop/STUDY/Cobra-Driver/workspace/build/ptcloud_save/build/lib/ptcloud_save
[3.521s] copying ptcloud_save/ptcloud_to_csv.py -> /home/jason/Desktop/STUDY/Cobra-Driver/workspace/build/ptcloud_save/build/lib/ptcloud_save
[3.521s] copying ptcloud_save/__init__.py -> /home/jason/Desktop/STUDY/Cobra-Driver/workspace/build/ptcloud_save/build/lib/ptcloud_save
[3.522s] running install
[3.522s] /home/jason/.local/lib/python3.10/site-packages/setuptools/_distutils/cmd.py:66: SetuptoolsDeprecationWarning: setup.py install is deprecated.
[3.523s] !!
[3.523s] 
[3.523s]         ********************************************************************************
[3.523s]         Please avoid running ``setup.py`` directly.
[3.523s]         Instead, use pypa/build, pypa/installer or other
[3.523s]         standards-based tools.
[3.523s] 
[3.523s]         See https://blog.ganssle.io/articles/2021/10/setup-py-deprecated.html for details.
[3.523s]         ********************************************************************************
[3.523s] 
[3.523s] !!
[3.524s]   self.initialize_options()
[3.529s] running install_lib
[3.553s] creating /home/jason/Desktop/STUDY/Cobra-Driver/workspace/install/ptcloud_save/lib/python3.10/site-packages/ptcloud_save
[3.554s] copying /home/jason/Desktop/STUDY/Cobra-Driver/workspace/build/ptcloud_save/build/lib/ptcloud_save/ptcloud_to_csv.py -> /home/jason/Desktop/STUDY/Cobra-Driver/workspace/install/ptcloud_save/lib/python3.10/site-packages/ptcloud_save
[3.554s] copying /home/jason/Desktop/STUDY/Cobra-Driver/workspace/build/ptcloud_save/build/lib/ptcloud_save/__init__.py -> /home/jason/Desktop/STUDY/Cobra-Driver/workspace/install/ptcloud_save/lib/python3.10/site-packages/ptcloud_save
[3.554s] byte-compiling /home/jason/Desktop/STUDY/Cobra-Driver/workspace/install/ptcloud_save/lib/python3.10/site-packages/ptcloud_save/ptcloud_to_csv.py to ptcloud_to_csv.cpython-310.pyc
[3.555s] byte-compiling /home/jason/Desktop/STUDY/Cobra-Driver/workspace/install/ptcloud_save/lib/python3.10/site-packages/ptcloud_save/__init__.py to __init__.cpython-310.pyc
[3.555s] running install_data
[3.576s] creating /home/jason/Desktop/STUDY/Cobra-Driver/workspace/install/ptcloud_save/share/ament_index
[3.576s] creating /home/jason/Desktop/STUDY/Cobra-Driver/workspace/install/ptcloud_save/share/ament_index/resource_index
[3.577s] creating /home/jason/Desktop/STUDY/Cobra-Driver/workspace/install/ptcloud_save/share/ament_index/resource_index/packages
[3.577s] copying resource/ptcloud_save -> /home/jason/Desktop/STUDY/Cobra-Driver/workspace/install/ptcloud_save/share/ament_index/resource_index/packages
[3.577s] copying package.xml -> /home/jason/Desktop/STUDY/Cobra-Driver/workspace/install/ptcloud_save/share/ptcloud_save
[3.577s] running install_egg_info
[3.601s] Copying ../../build/ptcloud_save/ptcloud_save.egg-info to /home/jason/Desktop/STUDY/Cobra-Driver/workspace/install/ptcloud_save/lib/python3.10/site-packages/ptcloud_save-0.0.0-py3.10.egg-info
[3.602s] running install_scripts
[3.813s] Installing ptcloud_to_csv script to /home/jason/Desktop/STUDY/Cobra-Driver/workspace/install/ptcloud_save/lib/ptcloud_save
[3.813s] writing list of installed files to '/home/jason/Desktop/STUDY/Cobra-Driver/workspace/build/ptcloud_save/install.log'
[4.021s] Invoked command in '/home/jason/Desktop/STUDY/Cobra-Driver/workspace/src/ptcloud_save' returned '0': PYTHONPATH=/home/jason/Desktop/STUDY/Cobra-Driver/workspace/build/ptcloud_save/prefix_override:/home/jason/Desktop/STUDY/Cobra-Driver/workspace/install/ptcloud_save/lib/python3.10/site-packages:${PYTHONPATH} /usr/bin/python3 setup.py egg_info --egg-base ../../build/ptcloud_save build --build-base /home/jason/Desktop/STUDY/Cobra-Driver/workspace/build/ptcloud_save/build install --record /home/jason/Desktop/STUDY/Cobra-Driver/workspace/build/ptcloud_save/install.log --single-version-externally-managed
