[3.378s] Invoking command in '/home/sbel/Desktop/Cobra-Driver/workspace/src/common': PYTHONPATH=/home/sbel/Desktop/Cobra-Driver/workspace/build/common/prefix_override:/home/sbel/Desktop/Cobra-Driver/workspace/install/common/lib/python3.8/site-packages:${PYTHONPATH} /usr/bin/python3 setup.py egg_info --egg-base ../../build/common build --build-base /home/sbel/Desktop/Cobra-Driver/workspace/build/common/build install --record /home/sbel/Desktop/Cobra-Driver/workspace/build/common/install.log --single-version-externally-managed
[3.854s] running egg_info
[3.885s] writing ../../build/common/common.egg-info/PKG-INFO
[3.887s] writing dependency_links to ../../build/common/common.egg-info/dependency_links.txt
[3.890s] writing requirements to ../../build/common/common.egg-info/requires.txt
[3.892s] writing top-level names to ../../build/common/common.egg-info/top_level.txt
[4.157s] reading manifest file '../../build/common/common.egg-info/SOURCES.txt'
[4.159s] writing manifest file '../../build/common/common.egg-info/SOURCES.txt'
[4.159s] running build
[4.159s] running build_py
[4.162s] running install
[4.163s] /home/sbel/.local/lib/python3.8/site-packages/setuptools/_distutils/cmd.py:66: SetuptoolsDeprecationWarning: setup.py install is deprecated.
[4.164s] !!
[4.164s] 
[4.164s]         ********************************************************************************
[4.164s]         Please avoid running ``setup.py`` directly.
[4.164s]         Instead, use pypa/build, pypa/installer or other
[4.164s]         standards-based tools.
[4.164s] 
[4.164s]         See https://blog.ganssle.io/articles/2021/10/setup-py-deprecated.html for details.
[4.165s]         ********************************************************************************
[4.165s] 
[4.166s] !!
[4.167s]   self.initialize_options()
[4.173s] running install_lib
[4.208s] running install_data
[4.239s] running install_egg_info
[4.273s] removing '/home/sbel/Desktop/Cobra-Driver/workspace/install/common/lib/python3.8/site-packages/common-0.0.0-py3.8.egg-info' (and everything under it)
[4.274s] Copying ../../build/common/common.egg-info to /home/sbel/Desktop/Cobra-Driver/workspace/install/common/lib/python3.8/site-packages/common-0.0.0-py3.8.egg-info
[4.276s] running install_scripts
[4.379s] writing list of installed files to '/home/sbel/Desktop/Cobra-Driver/workspace/build/common/install.log'
[4.596s] Invoked command in '/home/sbel/Desktop/Cobra-Driver/workspace/src/common' returned '0': PYTHONPATH=/home/sbel/Desktop/Cobra-Driver/workspace/build/common/prefix_override:/home/sbel/Desktop/Cobra-Driver/workspace/install/common/lib/python3.8/site-packages:${PYTHONPATH} /usr/bin/python3 setup.py egg_info --egg-base ../../build/common build --build-base /home/sbel/Desktop/Cobra-Driver/workspace/build/common/build install --record /home/sbel/Desktop/Cobra-Driver/workspace/build/common/install.log --single-version-externally-managed
