-- The C compiler identification is GNU 9.4.0
-- The CXX compiler identification is GNU 9.4.0
-- Check for working C compiler: /usr/bin/cc
-- Check for working C compiler: /usr/bin/cc -- works
-- Detecting C compiler ABI info
-- Detecting C compiler ABI info - done
-- Detecting C compile features
-- Detecting C compile features - done
-- Check for working CXX compiler: /usr/bin/c++
-- Check for working CXX compiler: /usr/bin/c++ -- works
-- Detecting CXX compiler ABI info
-- Detecting CXX compiler ABI info - done
-- Detecting CXX compile features
-- Detecting CXX compile features - done
-- Found ament_cmake_ros: 0.9.2 (/opt/ros/foxy/share/ament_cmake_ros/cmake)
-- Found PythonInterp: /usr/bin/python3 (found suitable version "3.8.10", minimum required is "3") 
-- Using PYTHON_EXECUTABLE: /usr/bin/python3
-- Configuring done
-- Generating done
-- Build files have been written to: /home/sbel/Desktop/Cobra-Driver/workspace/build/rosbridge_library
-- Install configuration: ""
-- Installing: /home/sbel/Desktop/Cobra-Driver/workspace/install/rosbridge_library/share/rosbridge_library/environment/pythonpath.sh
-- Installing: /home/sbel/Desktop/Cobra-Driver/workspace/install/rosbridge_library/share/rosbridge_library/environment/pythonpath.dsv
-- Installing: /home/sbel/Desktop/Cobra-Driver/workspace/install/rosbridge_library/lib/python3.8/site-packages/rosbridge_library
-- Installing: /home/sbel/Desktop/Cobra-Driver/workspace/install/rosbridge_library/lib/python3.8/site-packages/rosbridge_library/__init__.py
-- Installing: /home/sbel/Desktop/Cobra-Driver/workspace/install/rosbridge_library/lib/python3.8/site-packages/rosbridge_library/rosbridge_protocol.py
-- Installing: /home/sbel/Desktop/Cobra-Driver/workspace/install/rosbridge_library/lib/python3.8/site-packages/rosbridge_library/internal
-- Installing: /home/sbel/Desktop/Cobra-Driver/workspace/install/rosbridge_library/lib/python3.8/site-packages/rosbridge_library/internal/subscription_modifiers.py
-- Installing: /home/sbel/Desktop/Cobra-Driver/workspace/install/rosbridge_library/lib/python3.8/site-packages/rosbridge_library/internal/exceptions.py
-- Installing: /home/sbel/Desktop/Cobra-Driver/workspace/install/rosbridge_library/lib/python3.8/site-packages/rosbridge_library/internal/services.py
-- Installing: /home/sbel/Desktop/Cobra-Driver/workspace/install/rosbridge_library/lib/python3.8/site-packages/rosbridge_library/internal/__init__.py
-- Installing: /home/sbel/Desktop/Cobra-Driver/workspace/install/rosbridge_library/lib/python3.8/site-packages/rosbridge_library/internal/outgoing_message.py
-- Installing: /home/sbel/Desktop/Cobra-Driver/workspace/install/rosbridge_library/lib/python3.8/site-packages/rosbridge_library/internal/topics.py
-- Installing: /home/sbel/Desktop/Cobra-Driver/workspace/install/rosbridge_library/lib/python3.8/site-packages/rosbridge_library/internal/message_conversion.py
-- Installing: /home/sbel/Desktop/Cobra-Driver/workspace/install/rosbridge_library/lib/python3.8/site-packages/rosbridge_library/internal/pngcompression.py
-- Installing: /home/sbel/Desktop/Cobra-Driver/workspace/install/rosbridge_library/lib/python3.8/site-packages/rosbridge_library/internal/ros_loader.py
-- Installing: /home/sbel/Desktop/Cobra-Driver/workspace/install/rosbridge_library/lib/python3.8/site-packages/rosbridge_library/internal/cbor_conversion.py
-- Installing: /home/sbel/Desktop/Cobra-Driver/workspace/install/rosbridge_library/lib/python3.8/site-packages/rosbridge_library/internal/publishers.py
-- Installing: /home/sbel/Desktop/Cobra-Driver/workspace/install/rosbridge_library/lib/python3.8/site-packages/rosbridge_library/internal/subscribers.py
-- Installing: /home/sbel/Desktop/Cobra-Driver/workspace/install/rosbridge_library/lib/python3.8/site-packages/rosbridge_library/capability.py
-- Installing: /home/sbel/Desktop/Cobra-Driver/workspace/install/rosbridge_library/lib/python3.8/site-packages/rosbridge_library/capabilities
-- Installing: /home/sbel/Desktop/Cobra-Driver/workspace/install/rosbridge_library/lib/python3.8/site-packages/rosbridge_library/capabilities/publish.py
-- Installing: /home/sbel/Desktop/Cobra-Driver/workspace/install/rosbridge_library/lib/python3.8/site-packages/rosbridge_library/capabilities/unadvertise_service.py
-- Installing: /home/sbel/Desktop/Cobra-Driver/workspace/install/rosbridge_library/lib/python3.8/site-packages/rosbridge_library/capabilities/__init__.py
-- Installing: /home/sbel/Desktop/Cobra-Driver/workspace/install/rosbridge_library/lib/python3.8/site-packages/rosbridge_library/capabilities/subscribe.py
-- Installing: /home/sbel/Desktop/Cobra-Driver/workspace/install/rosbridge_library/lib/python3.8/site-packages/rosbridge_library/capabilities/fragmentation.py
-- Installing: /home/sbel/Desktop/Cobra-Driver/workspace/install/rosbridge_library/lib/python3.8/site-packages/rosbridge_library/capabilities/call_service.py
-- Installing: /home/sbel/Desktop/Cobra-Driver/workspace/install/rosbridge_library/lib/python3.8/site-packages/rosbridge_library/capabilities/service_response.py
-- Installing: /home/sbel/Desktop/Cobra-Driver/workspace/install/rosbridge_library/lib/python3.8/site-packages/rosbridge_library/capabilities/advertise_service.py
-- Installing: /home/sbel/Desktop/Cobra-Driver/workspace/install/rosbridge_library/lib/python3.8/site-packages/rosbridge_library/capabilities/defragmentation.py
-- Installing: /home/sbel/Desktop/Cobra-Driver/workspace/install/rosbridge_library/lib/python3.8/site-packages/rosbridge_library/capabilities/advertise.py
-- Installing: /home/sbel/Desktop/Cobra-Driver/workspace/install/rosbridge_library/lib/python3.8/site-packages/rosbridge_library/util
-- Installing: /home/sbel/Desktop/Cobra-Driver/workspace/install/rosbridge_library/lib/python3.8/site-packages/rosbridge_library/util/cbor.py
-- Installing: /home/sbel/Desktop/Cobra-Driver/workspace/install/rosbridge_library/lib/python3.8/site-packages/rosbridge_library/util/__init__.py
-- Installing: /home/sbel/Desktop/Cobra-Driver/workspace/install/rosbridge_library/lib/python3.8/site-packages/rosbridge_library/protocol.py
Listing '/home/sbel/Desktop/Cobra-Driver/workspace/install/rosbridge_library/lib/python3.8/site-packages/rosbridge_library'...
Compiling '/home/sbel/Desktop/Cobra-Driver/workspace/install/rosbridge_library/lib/python3.8/site-packages/rosbridge_library/__init__.py'...
Listing '/home/sbel/Desktop/Cobra-Driver/workspace/install/rosbridge_library/lib/python3.8/site-packages/rosbridge_library/capabilities'...
Compiling '/home/sbel/Desktop/Cobra-Driver/workspace/install/rosbridge_library/lib/python3.8/site-packages/rosbridge_library/capabilities/__init__.py'...
Compiling '/home/sbel/Desktop/Cobra-Driver/workspace/install/rosbridge_library/lib/python3.8/site-packages/rosbridge_library/capabilities/advertise.py'...
Compiling '/home/sbel/Desktop/Cobra-Driver/workspace/install/rosbridge_library/lib/python3.8/site-packages/rosbridge_library/capabilities/advertise_service.py'...
Compiling '/home/sbel/Desktop/Cobra-Driver/workspace/install/rosbridge_library/lib/python3.8/site-packages/rosbridge_library/capabilities/call_service.py'...
Compiling '/home/sbel/Desktop/Cobra-Driver/workspace/install/rosbridge_library/lib/python3.8/site-packages/rosbridge_library/capabilities/defragmentation.py'...
Compiling '/home/sbel/Desktop/Cobra-Driver/workspace/install/rosbridge_library/lib/python3.8/site-packages/rosbridge_library/capabilities/fragmentation.py'...
Compiling '/home/sbel/Desktop/Cobra-Driver/workspace/install/rosbridge_library/lib/python3.8/site-packages/rosbridge_library/capabilities/publish.py'...
Compiling '/home/sbel/Desktop/Cobra-Driver/workspace/install/rosbridge_library/lib/python3.8/site-packages/rosbridge_library/capabilities/service_response.py'...
Compiling '/home/sbel/Desktop/Cobra-Driver/workspace/install/rosbridge_library/lib/python3.8/site-packages/rosbridge_library/capabilities/subscribe.py'...
Compiling '/home/sbel/Desktop/Cobra-Driver/workspace/install/rosbridge_library/lib/python3.8/site-packages/rosbridge_library/capabilities/unadvertise_service.py'...
Compiling '/home/sbel/Desktop/Cobra-Driver/workspace/install/rosbridge_library/lib/python3.8/site-packages/rosbridge_library/capability.py'...
Listing '/home/sbel/Desktop/Cobra-Driver/workspace/install/rosbridge_library/lib/python3.8/site-packages/rosbridge_library/internal'...
Compiling '/home/sbel/Desktop/Cobra-Driver/workspace/install/rosbridge_library/lib/python3.8/site-packages/rosbridge_library/internal/__init__.py'...
Compiling '/home/sbel/Desktop/Cobra-Driver/workspace/install/rosbridge_library/lib/python3.8/site-packages/rosbridge_library/internal/cbor_conversion.py'...
Compiling '/home/sbel/Desktop/Cobra-Driver/workspace/install/rosbridge_library/lib/python3.8/site-packages/rosbridge_library/internal/exceptions.py'...
Compiling '/home/sbel/Desktop/Cobra-Driver/workspace/install/rosbridge_library/lib/python3.8/site-packages/rosbridge_library/internal/message_conversion.py'...
Compiling '/home/sbel/Desktop/Cobra-Driver/workspace/install/rosbridge_library/lib/python3.8/site-packages/rosbridge_library/internal/outgoing_message.py'...
Compiling '/home/sbel/Desktop/Cobra-Driver/workspace/install/rosbridge_library/lib/python3.8/site-packages/rosbridge_library/internal/pngcompression.py'...
Compiling '/home/sbel/Desktop/Cobra-Driver/workspace/install/rosbridge_library/lib/python3.8/site-packages/rosbridge_library/internal/publishers.py'...
Compiling '/home/sbel/Desktop/Cobra-Driver/workspace/install/rosbridge_library/lib/python3.8/site-packages/rosbridge_library/internal/ros_loader.py'...
Compiling '/home/sbel/Desktop/Cobra-Driver/workspace/install/rosbridge_library/lib/python3.8/site-packages/rosbridge_library/internal/services.py'...
Compiling '/home/sbel/Desktop/Cobra-Driver/workspace/install/rosbridge_library/lib/python3.8/site-packages/rosbridge_library/internal/subscribers.py'...
Compiling '/home/sbel/Desktop/Cobra-Driver/workspace/install/rosbridge_library/lib/python3.8/site-packages/rosbridge_library/internal/subscription_modifiers.py'...
Compiling '/home/sbel/Desktop/Cobra-Driver/workspace/install/rosbridge_library/lib/python3.8/site-packages/rosbridge_library/internal/topics.py'...
Compiling '/home/sbel/Desktop/Cobra-Driver/workspace/install/rosbridge_library/lib/python3.8/site-packages/rosbridge_library/protocol.py'...
Compiling '/home/sbel/Desktop/Cobra-Driver/workspace/install/rosbridge_library/lib/python3.8/site-packages/rosbridge_library/rosbridge_protocol.py'...
Listing '/home/sbel/Desktop/Cobra-Driver/workspace/install/rosbridge_library/lib/python3.8/site-packages/rosbridge_library/util'...
Compiling '/home/sbel/Desktop/Cobra-Driver/workspace/install/rosbridge_library/lib/python3.8/site-packages/rosbridge_library/util/__init__.py'...
Compiling '/home/sbel/Desktop/Cobra-Driver/workspace/install/rosbridge_library/lib/python3.8/site-packages/rosbridge_library/util/cbor.py'...
-- Installing: /home/sbel/Desktop/Cobra-Driver/workspace/install/rosbridge_library/share/ament_index/resource_index/package_run_dependencies/rosbridge_library
-- Installing: /home/sbel/Desktop/Cobra-Driver/workspace/install/rosbridge_library/share/ament_index/resource_index/parent_prefix_path/rosbridge_library
-- Installing: /home/sbel/Desktop/Cobra-Driver/workspace/install/rosbridge_library/share/rosbridge_library/environment/ament_prefix_path.sh
-- Installing: /home/sbel/Desktop/Cobra-Driver/workspace/install/rosbridge_library/share/rosbridge_library/environment/ament_prefix_path.dsv
-- Installing: /home/sbel/Desktop/Cobra-Driver/workspace/install/rosbridge_library/share/rosbridge_library/environment/path.sh
-- Installing: /home/sbel/Desktop/Cobra-Driver/workspace/install/rosbridge_library/share/rosbridge_library/environment/path.dsv
-- Installing: /home/sbel/Desktop/Cobra-Driver/workspace/install/rosbridge_library/share/rosbridge_library/local_setup.bash
-- Installing: /home/sbel/Desktop/Cobra-Driver/workspace/install/rosbridge_library/share/rosbridge_library/local_setup.sh
-- Installing: /home/sbel/Desktop/Cobra-Driver/workspace/install/rosbridge_library/share/rosbridge_library/local_setup.zsh
-- Installing: /home/sbel/Desktop/Cobra-Driver/workspace/install/rosbridge_library/share/rosbridge_library/local_setup.dsv
-- Installing: /home/sbel/Desktop/Cobra-Driver/workspace/install/rosbridge_library/share/rosbridge_library/package.dsv
-- Installing: /home/sbel/Desktop/Cobra-Driver/workspace/install/rosbridge_library/share/ament_index/resource_index/packages/rosbridge_library
-- Installing: /home/sbel/Desktop/Cobra-Driver/workspace/install/rosbridge_library/share/rosbridge_library/cmake/rosbridge_libraryConfig.cmake
-- Installing: /home/sbel/Desktop/Cobra-Driver/workspace/install/rosbridge_library/share/rosbridge_library/cmake/rosbridge_libraryConfig-version.cmake
-- Installing: /home/sbel/Desktop/Cobra-Driver/workspace/install/rosbridge_library/share/rosbridge_library/package.xml
