[0.034s] Invoking command in '/home/sbel/Desktop/Cobra-Driver/workspace/build/rosbridge_library': CMAKE_PREFIX_PATH=/home/sbel/Desktop/Cobra-Driver/workspace/install/rosbridge_test_msgs:/home/sbel/Desktop/Cobra-Driver/workspace/install/usb_cam:/home/sbel/Desktop/Cobra-Driver/workspace/install/rosbridge_suite:/home/sbel/Desktop/Cobra-Driver/workspace/install/rosbridge_server:/home/sbel/Desktop/Cobra-Driver/workspace/install/rosbridge_msgs:/home/sbel/Desktop/Cobra-Driver/workspace/install/rosapi:/home/sbel/Desktop/Cobra-Driver/workspace/install/rosbridge_library:/home/sbel/Desktop/Cobra-Driver/workspace/install/rosapi_msgs:/home/sbel/Desktop/Cobra-Driver/workspace/install/yolov5_ros2:/home/sbel/Desktop/Cobra-Driver/workspace/install/udp_to_ros:/home/sbel/Desktop/Cobra-Driver/workspace/install/common:/opt/ros/foxy LD_LIBRARY_PATH=/home/sbel/Desktop/Cobra-Driver/workspace/install/rosbridge_test_msgs/lib:/home/sbel/Desktop/Cobra-Driver/workspace/install/usb_cam/lib:/home/sbel/Desktop/Cobra-Driver/workspace/install/rosbridge_msgs/lib:/home/sbel/Desktop/Cobra-Driver/workspace/install/rosapi_msgs/lib:/opt/ros/foxy/opt/yaml_cpp_vendor/lib:/opt/ros/foxy/opt/rviz_ogre_vendor/lib:/opt/ros/foxy/lib/aarch64-linux-gnu:/opt/ros/foxy/lib:/usr/local/cuda-11.4/lib64 PYTHONPATH=/home/sbel/Desktop/Cobra-Driver/workspace/install/rosbridge_test_msgs/lib/python3.8/site-packages:/home/sbel/Desktop/Cobra-Driver/workspace/install/yolov5_ros2/lib/python3.8/site-packages:/home/sbel/Desktop/Cobra-Driver/workspace/install/udp_to_ros/lib/python3.8/site-packages:/home/sbel/Desktop/Cobra-Driver/workspace/install/rosbridge_server/lib/python3.8/site-packages:/home/sbel/Desktop/Cobra-Driver/workspace/install/rosbridge_msgs/lib/python3.8/site-packages:/home/sbel/Desktop/Cobra-Driver/workspace/install/rosapi/lib/python3.8/site-packages:/home/sbel/Desktop/Cobra-Driver/workspace/install/rosbridge_library/lib/python3.8/site-packages:/home/sbel/Desktop/Cobra-Driver/workspace/install/rosapi_msgs/lib/python3.8/site-packages:/home/sbel/Desktop/Cobra-Driver/workspace/install/common/lib/python3.8/site-packages:/opt/ros/foxy/lib/python3.8/site-packages /usr/bin/cmake /home/sbel/Desktop/Cobra-Driver/workspace/src/rosbridge_suite/rosbridge_library -DCMAKE_INSTALL_PREFIX=/home/sbel/Desktop/Cobra-Driver/workspace/install/rosbridge_library
[0.163s] -- The C compiler identification is GNU 9.4.0
[0.279s] -- The CXX compiler identification is GNU 9.4.0
[0.288s] -- Check for working C compiler: /usr/bin/cc
[0.454s] -- Check for working C compiler: /usr/bin/cc -- works
[0.456s] -- Detecting C compiler ABI info
[0.620s] -- Detecting C compiler ABI info - done
[0.653s] -- Detecting C compile features
[0.654s] -- Detecting C compile features - done
[0.659s] -- Check for working CXX compiler: /usr/bin/c++
[0.836s] -- Check for working CXX compiler: /usr/bin/c++ -- works
[0.838s] -- Detecting CXX compiler ABI info
[1.020s] -- Detecting CXX compiler ABI info - done
[1.053s] -- Detecting CXX compile features
[1.054s] -- Detecting CXX compile features - done
[1.059s] -- Found ament_cmake_ros: 0.9.2 (/opt/ros/foxy/share/ament_cmake_ros/cmake)
[1.127s] -- Found PythonInterp: /usr/bin/python3 (found suitable version "3.8.10", minimum required is "3") 
[1.127s] -- Using PYTHON_EXECUTABLE: /usr/bin/python3
[5.033s] -- Configuring done
[5.037s] -- Generating done
[5.039s] -- Build files have been written to: /home/sbel/Desktop/Cobra-Driver/workspace/build/rosbridge_library
[5.058s] Invoked command in '/home/sbel/Desktop/Cobra-Driver/workspace/build/rosbridge_library' returned '0': CMAKE_PREFIX_PATH=/home/sbel/Desktop/Cobra-Driver/workspace/install/rosbridge_test_msgs:/home/sbel/Desktop/Cobra-Driver/workspace/install/usb_cam:/home/sbel/Desktop/Cobra-Driver/workspace/install/rosbridge_suite:/home/sbel/Desktop/Cobra-Driver/workspace/install/rosbridge_server:/home/sbel/Desktop/Cobra-Driver/workspace/install/rosbridge_msgs:/home/sbel/Desktop/Cobra-Driver/workspace/install/rosapi:/home/sbel/Desktop/Cobra-Driver/workspace/install/rosbridge_library:/home/sbel/Desktop/Cobra-Driver/workspace/install/rosapi_msgs:/home/sbel/Desktop/Cobra-Driver/workspace/install/yolov5_ros2:/home/sbel/Desktop/Cobra-Driver/workspace/install/udp_to_ros:/home/sbel/Desktop/Cobra-Driver/workspace/install/common:/opt/ros/foxy LD_LIBRARY_PATH=/home/sbel/Desktop/Cobra-Driver/workspace/install/rosbridge_test_msgs/lib:/home/sbel/Desktop/Cobra-Driver/workspace/install/usb_cam/lib:/home/sbel/Desktop/Cobra-Driver/workspace/install/rosbridge_msgs/lib:/home/sbel/Desktop/Cobra-Driver/workspace/install/rosapi_msgs/lib:/opt/ros/foxy/opt/yaml_cpp_vendor/lib:/opt/ros/foxy/opt/rviz_ogre_vendor/lib:/opt/ros/foxy/lib/aarch64-linux-gnu:/opt/ros/foxy/lib:/usr/local/cuda-11.4/lib64 PYTHONPATH=/home/sbel/Desktop/Cobra-Driver/workspace/install/rosbridge_test_msgs/lib/python3.8/site-packages:/home/sbel/Desktop/Cobra-Driver/workspace/install/yolov5_ros2/lib/python3.8/site-packages:/home/sbel/Desktop/Cobra-Driver/workspace/install/udp_to_ros/lib/python3.8/site-packages:/home/sbel/Desktop/Cobra-Driver/workspace/install/rosbridge_server/lib/python3.8/site-packages:/home/sbel/Desktop/Cobra-Driver/workspace/install/rosbridge_msgs/lib/python3.8/site-packages:/home/sbel/Desktop/Cobra-Driver/workspace/install/rosapi/lib/python3.8/site-packages:/home/sbel/Desktop/Cobra-Driver/workspace/install/rosbridge_library/lib/python3.8/site-packages:/home/sbel/Desktop/Cobra-Driver/workspace/install/rosapi_msgs/lib/python3.8/site-packages:/home/sbel/Desktop/Cobra-Driver/workspace/install/common/lib/python3.8/site-packages:/opt/ros/foxy/lib/python3.8/site-packages /usr/bin/cmake /home/sbel/Desktop/Cobra-Driver/workspace/src/rosbridge_suite/rosbridge_library -DCMAKE_INSTALL_PREFIX=/home/sbel/Desktop/Cobra-Driver/workspace/install/rosbridge_library
[5.067s] Invoking command in '/home/sbel/Desktop/Cobra-Driver/workspace/build/rosbridge_library': CMAKE_PREFIX_PATH=/home/sbel/Desktop/Cobra-Driver/workspace/install/rosbridge_test_msgs:/home/sbel/Desktop/Cobra-Driver/workspace/install/usb_cam:/home/sbel/Desktop/Cobra-Driver/workspace/install/rosbridge_suite:/home/sbel/Desktop/Cobra-Driver/workspace/install/rosbridge_server:/home/sbel/Desktop/Cobra-Driver/workspace/install/rosbridge_msgs:/home/sbel/Desktop/Cobra-Driver/workspace/install/rosapi:/home/sbel/Desktop/Cobra-Driver/workspace/install/rosbridge_library:/home/sbel/Desktop/Cobra-Driver/workspace/install/rosapi_msgs:/home/sbel/Desktop/Cobra-Driver/workspace/install/yolov5_ros2:/home/sbel/Desktop/Cobra-Driver/workspace/install/udp_to_ros:/home/sbel/Desktop/Cobra-Driver/workspace/install/common:/opt/ros/foxy LD_LIBRARY_PATH=/home/sbel/Desktop/Cobra-Driver/workspace/install/rosbridge_test_msgs/lib:/home/sbel/Desktop/Cobra-Driver/workspace/install/usb_cam/lib:/home/sbel/Desktop/Cobra-Driver/workspace/install/rosbridge_msgs/lib:/home/sbel/Desktop/Cobra-Driver/workspace/install/rosapi_msgs/lib:/opt/ros/foxy/opt/yaml_cpp_vendor/lib:/opt/ros/foxy/opt/rviz_ogre_vendor/lib:/opt/ros/foxy/lib/aarch64-linux-gnu:/opt/ros/foxy/lib:/usr/local/cuda-11.4/lib64 PYTHONPATH=/home/sbel/Desktop/Cobra-Driver/workspace/install/rosbridge_test_msgs/lib/python3.8/site-packages:/home/sbel/Desktop/Cobra-Driver/workspace/install/yolov5_ros2/lib/python3.8/site-packages:/home/sbel/Desktop/Cobra-Driver/workspace/install/udp_to_ros/lib/python3.8/site-packages:/home/sbel/Desktop/Cobra-Driver/workspace/install/rosbridge_server/lib/python3.8/site-packages:/home/sbel/Desktop/Cobra-Driver/workspace/install/rosbridge_msgs/lib/python3.8/site-packages:/home/sbel/Desktop/Cobra-Driver/workspace/install/rosapi/lib/python3.8/site-packages:/home/sbel/Desktop/Cobra-Driver/workspace/install/rosbridge_library/lib/python3.8/site-packages:/home/sbel/Desktop/Cobra-Driver/workspace/install/rosapi_msgs/lib/python3.8/site-packages:/home/sbel/Desktop/Cobra-Driver/workspace/install/common/lib/python3.8/site-packages:/opt/ros/foxy/lib/python3.8/site-packages /usr/bin/cmake --build /home/sbel/Desktop/Cobra-Driver/workspace/build/rosbridge_library -- -j8 -l8
[5.180s] Invoked command in '/home/sbel/Desktop/Cobra-Driver/workspace/build/rosbridge_library' returned '0': CMAKE_PREFIX_PATH=/home/sbel/Desktop/Cobra-Driver/workspace/install/rosbridge_test_msgs:/home/sbel/Desktop/Cobra-Driver/workspace/install/usb_cam:/home/sbel/Desktop/Cobra-Driver/workspace/install/rosbridge_suite:/home/sbel/Desktop/Cobra-Driver/workspace/install/rosbridge_server:/home/sbel/Desktop/Cobra-Driver/workspace/install/rosbridge_msgs:/home/sbel/Desktop/Cobra-Driver/workspace/install/rosapi:/home/sbel/Desktop/Cobra-Driver/workspace/install/rosbridge_library:/home/sbel/Desktop/Cobra-Driver/workspace/install/rosapi_msgs:/home/sbel/Desktop/Cobra-Driver/workspace/install/yolov5_ros2:/home/sbel/Desktop/Cobra-Driver/workspace/install/udp_to_ros:/home/sbel/Desktop/Cobra-Driver/workspace/install/common:/opt/ros/foxy LD_LIBRARY_PATH=/home/sbel/Desktop/Cobra-Driver/workspace/install/rosbridge_test_msgs/lib:/home/sbel/Desktop/Cobra-Driver/workspace/install/usb_cam/lib:/home/sbel/Desktop/Cobra-Driver/workspace/install/rosbridge_msgs/lib:/home/sbel/Desktop/Cobra-Driver/workspace/install/rosapi_msgs/lib:/opt/ros/foxy/opt/yaml_cpp_vendor/lib:/opt/ros/foxy/opt/rviz_ogre_vendor/lib:/opt/ros/foxy/lib/aarch64-linux-gnu:/opt/ros/foxy/lib:/usr/local/cuda-11.4/lib64 PYTHONPATH=/home/sbel/Desktop/Cobra-Driver/workspace/install/rosbridge_test_msgs/lib/python3.8/site-packages:/home/sbel/Desktop/Cobra-Driver/workspace/install/yolov5_ros2/lib/python3.8/site-packages:/home/sbel/Desktop/Cobra-Driver/workspace/install/udp_to_ros/lib/python3.8/site-packages:/home/sbel/Desktop/Cobra-Driver/workspace/install/rosbridge_server/lib/python3.8/site-packages:/home/sbel/Desktop/Cobra-Driver/workspace/install/rosbridge_msgs/lib/python3.8/site-packages:/home/sbel/Desktop/Cobra-Driver/workspace/install/rosapi/lib/python3.8/site-packages:/home/sbel/Desktop/Cobra-Driver/workspace/install/rosbridge_library/lib/python3.8/site-packages:/home/sbel/Desktop/Cobra-Driver/workspace/install/rosapi_msgs/lib/python3.8/site-packages:/home/sbel/Desktop/Cobra-Driver/workspace/install/common/lib/python3.8/site-packages:/opt/ros/foxy/lib/python3.8/site-packages /usr/bin/cmake --build /home/sbel/Desktop/Cobra-Driver/workspace/build/rosbridge_library -- -j8 -l8
[5.248s] Invoking command in '/home/sbel/Desktop/Cobra-Driver/workspace/build/rosbridge_library': CMAKE_PREFIX_PATH=/home/sbel/Desktop/Cobra-Driver/workspace/install/rosbridge_test_msgs:/home/sbel/Desktop/Cobra-Driver/workspace/install/usb_cam:/home/sbel/Desktop/Cobra-Driver/workspace/install/rosbridge_suite:/home/sbel/Desktop/Cobra-Driver/workspace/install/rosbridge_server:/home/sbel/Desktop/Cobra-Driver/workspace/install/rosbridge_msgs:/home/sbel/Desktop/Cobra-Driver/workspace/install/rosapi:/home/sbel/Desktop/Cobra-Driver/workspace/install/rosbridge_library:/home/sbel/Desktop/Cobra-Driver/workspace/install/rosapi_msgs:/home/sbel/Desktop/Cobra-Driver/workspace/install/yolov5_ros2:/home/sbel/Desktop/Cobra-Driver/workspace/install/udp_to_ros:/home/sbel/Desktop/Cobra-Driver/workspace/install/common:/opt/ros/foxy LD_LIBRARY_PATH=/home/sbel/Desktop/Cobra-Driver/workspace/install/rosbridge_test_msgs/lib:/home/sbel/Desktop/Cobra-Driver/workspace/install/usb_cam/lib:/home/sbel/Desktop/Cobra-Driver/workspace/install/rosbridge_msgs/lib:/home/sbel/Desktop/Cobra-Driver/workspace/install/rosapi_msgs/lib:/opt/ros/foxy/opt/yaml_cpp_vendor/lib:/opt/ros/foxy/opt/rviz_ogre_vendor/lib:/opt/ros/foxy/lib/aarch64-linux-gnu:/opt/ros/foxy/lib:/usr/local/cuda-11.4/lib64 PYTHONPATH=/home/sbel/Desktop/Cobra-Driver/workspace/install/rosbridge_test_msgs/lib/python3.8/site-packages:/home/sbel/Desktop/Cobra-Driver/workspace/install/yolov5_ros2/lib/python3.8/site-packages:/home/sbel/Desktop/Cobra-Driver/workspace/install/udp_to_ros/lib/python3.8/site-packages:/home/sbel/Desktop/Cobra-Driver/workspace/install/rosbridge_server/lib/python3.8/site-packages:/home/sbel/Desktop/Cobra-Driver/workspace/install/rosbridge_msgs/lib/python3.8/site-packages:/home/sbel/Desktop/Cobra-Driver/workspace/install/rosapi/lib/python3.8/site-packages:/home/sbel/Desktop/Cobra-Driver/workspace/install/rosbridge_library/lib/python3.8/site-packages:/home/sbel/Desktop/Cobra-Driver/workspace/install/rosapi_msgs/lib/python3.8/site-packages:/home/sbel/Desktop/Cobra-Driver/workspace/install/common/lib/python3.8/site-packages:/opt/ros/foxy/lib/python3.8/site-packages /usr/bin/cmake --install /home/sbel/Desktop/Cobra-Driver/workspace/build/rosbridge_library
[5.276s] -- Install configuration: ""
[5.276s] -- Installing: /home/sbel/Desktop/Cobra-Driver/workspace/install/rosbridge_library/share/rosbridge_library/environment/pythonpath.sh
[5.277s] -- Installing: /home/sbel/Desktop/Cobra-Driver/workspace/install/rosbridge_library/share/rosbridge_library/environment/pythonpath.dsv
[5.277s] -- Installing: /home/sbel/Desktop/Cobra-Driver/workspace/install/rosbridge_library/lib/python3.8/site-packages/rosbridge_library
[5.277s] -- Installing: /home/sbel/Desktop/Cobra-Driver/workspace/install/rosbridge_library/lib/python3.8/site-packages/rosbridge_library/__init__.py
[5.277s] -- Installing: /home/sbel/Desktop/Cobra-Driver/workspace/install/rosbridge_library/lib/python3.8/site-packages/rosbridge_library/rosbridge_protocol.py
[5.289s] -- Installing: /home/sbel/Desktop/Cobra-Driver/workspace/install/rosbridge_library/lib/python3.8/site-packages/rosbridge_library/internal
[5.289s] -- Installing: /home/sbel/Desktop/Cobra-Driver/workspace/install/rosbridge_library/lib/python3.8/site-packages/rosbridge_library/internal/subscription_modifiers.py
[5.289s] -- Installing: /home/sbel/Desktop/Cobra-Driver/workspace/install/rosbridge_library/lib/python3.8/site-packages/rosbridge_library/internal/exceptions.py
[5.290s] -- Installing: /home/sbel/Desktop/Cobra-Driver/workspace/install/rosbridge_library/lib/python3.8/site-packages/rosbridge_library/internal/services.py
[5.290s] -- Installing: /home/sbel/Desktop/Cobra-Driver/workspace/install/rosbridge_library/lib/python3.8/site-packages/rosbridge_library/internal/__init__.py
[5.290s] -- Installing: /home/sbel/Desktop/Cobra-Driver/workspace/install/rosbridge_library/lib/python3.8/site-packages/rosbridge_library/internal/outgoing_message.py
[5.291s] -- Installing: /home/sbel/Desktop/Cobra-Driver/workspace/install/rosbridge_library/lib/python3.8/site-packages/rosbridge_library/internal/topics.py
[5.292s] -- Installing: /home/sbel/Desktop/Cobra-Driver/workspace/install/rosbridge_library/lib/python3.8/site-packages/rosbridge_library/internal/message_conversion.py
[5.292s] -- Installing: /home/sbel/Desktop/Cobra-Driver/workspace/install/rosbridge_library/lib/python3.8/site-packages/rosbridge_library/internal/pngcompression.py
[5.293s] -- Installing: /home/sbel/Desktop/Cobra-Driver/workspace/install/rosbridge_library/lib/python3.8/site-packages/rosbridge_library/internal/ros_loader.py
[5.293s] -- Installing: /home/sbel/Desktop/Cobra-Driver/workspace/install/rosbridge_library/lib/python3.8/site-packages/rosbridge_library/internal/cbor_conversion.py
[5.294s] -- Installing: /home/sbel/Desktop/Cobra-Driver/workspace/install/rosbridge_library/lib/python3.8/site-packages/rosbridge_library/internal/publishers.py
[5.294s] -- Installing: /home/sbel/Desktop/Cobra-Driver/workspace/install/rosbridge_library/lib/python3.8/site-packages/rosbridge_library/internal/subscribers.py
[5.295s] -- Installing: /home/sbel/Desktop/Cobra-Driver/workspace/install/rosbridge_library/lib/python3.8/site-packages/rosbridge_library/capability.py
[5.295s] -- Installing: /home/sbel/Desktop/Cobra-Driver/workspace/install/rosbridge_library/lib/python3.8/site-packages/rosbridge_library/capabilities
[5.296s] -- Installing: /home/sbel/Desktop/Cobra-Driver/workspace/install/rosbridge_library/lib/python3.8/site-packages/rosbridge_library/capabilities/publish.py
[5.296s] -- Installing: /home/sbel/Desktop/Cobra-Driver/workspace/install/rosbridge_library/lib/python3.8/site-packages/rosbridge_library/capabilities/unadvertise_service.py
[5.297s] -- Installing: /home/sbel/Desktop/Cobra-Driver/workspace/install/rosbridge_library/lib/python3.8/site-packages/rosbridge_library/capabilities/__init__.py
[5.297s] -- Installing: /home/sbel/Desktop/Cobra-Driver/workspace/install/rosbridge_library/lib/python3.8/site-packages/rosbridge_library/capabilities/subscribe.py
[5.297s] -- Installing: /home/sbel/Desktop/Cobra-Driver/workspace/install/rosbridge_library/lib/python3.8/site-packages/rosbridge_library/capabilities/fragmentation.py
[5.298s] -- Installing: /home/sbel/Desktop/Cobra-Driver/workspace/install/rosbridge_library/lib/python3.8/site-packages/rosbridge_library/capabilities/call_service.py
[5.298s] -- Installing: /home/sbel/Desktop/Cobra-Driver/workspace/install/rosbridge_library/lib/python3.8/site-packages/rosbridge_library/capabilities/service_response.py
[5.299s] -- Installing: /home/sbel/Desktop/Cobra-Driver/workspace/install/rosbridge_library/lib/python3.8/site-packages/rosbridge_library/capabilities/advertise_service.py
[5.299s] -- Installing: /home/sbel/Desktop/Cobra-Driver/workspace/install/rosbridge_library/lib/python3.8/site-packages/rosbridge_library/capabilities/defragmentation.py
[5.300s] -- Installing: /home/sbel/Desktop/Cobra-Driver/workspace/install/rosbridge_library/lib/python3.8/site-packages/rosbridge_library/capabilities/advertise.py
[5.301s] -- Installing: /home/sbel/Desktop/Cobra-Driver/workspace/install/rosbridge_library/lib/python3.8/site-packages/rosbridge_library/util
[5.301s] -- Installing: /home/sbel/Desktop/Cobra-Driver/workspace/install/rosbridge_library/lib/python3.8/site-packages/rosbridge_library/util/cbor.py
[5.302s] -- Installing: /home/sbel/Desktop/Cobra-Driver/workspace/install/rosbridge_library/lib/python3.8/site-packages/rosbridge_library/util/__init__.py
[5.302s] -- Installing: /home/sbel/Desktop/Cobra-Driver/workspace/install/rosbridge_library/lib/python3.8/site-packages/rosbridge_library/protocol.py
[5.413s] Listing '/home/sbel/Desktop/Cobra-Driver/workspace/install/rosbridge_library/lib/python3.8/site-packages/rosbridge_library'...
[5.413s] Compiling '/home/sbel/Desktop/Cobra-Driver/workspace/install/rosbridge_library/lib/python3.8/site-packages/rosbridge_library/__init__.py'...
[5.413s] Listing '/home/sbel/Desktop/Cobra-Driver/workspace/install/rosbridge_library/lib/python3.8/site-packages/rosbridge_library/capabilities'...
[5.413s] Compiling '/home/sbel/Desktop/Cobra-Driver/workspace/install/rosbridge_library/lib/python3.8/site-packages/rosbridge_library/capabilities/__init__.py'...
[5.413s] Compiling '/home/sbel/Desktop/Cobra-Driver/workspace/install/rosbridge_library/lib/python3.8/site-packages/rosbridge_library/capabilities/advertise.py'...
[5.414s] Compiling '/home/sbel/Desktop/Cobra-Driver/workspace/install/rosbridge_library/lib/python3.8/site-packages/rosbridge_library/capabilities/advertise_service.py'...
[5.414s] Compiling '/home/sbel/Desktop/Cobra-Driver/workspace/install/rosbridge_library/lib/python3.8/site-packages/rosbridge_library/capabilities/call_service.py'...
[5.414s] Compiling '/home/sbel/Desktop/Cobra-Driver/workspace/install/rosbridge_library/lib/python3.8/site-packages/rosbridge_library/capabilities/defragmentation.py'...
[5.414s] Compiling '/home/sbel/Desktop/Cobra-Driver/workspace/install/rosbridge_library/lib/python3.8/site-packages/rosbridge_library/capabilities/fragmentation.py'...
[5.414s] Compiling '/home/sbel/Desktop/Cobra-Driver/workspace/install/rosbridge_library/lib/python3.8/site-packages/rosbridge_library/capabilities/publish.py'...
[5.414s] Compiling '/home/sbel/Desktop/Cobra-Driver/workspace/install/rosbridge_library/lib/python3.8/site-packages/rosbridge_library/capabilities/service_response.py'...
[5.414s] Compiling '/home/sbel/Desktop/Cobra-Driver/workspace/install/rosbridge_library/lib/python3.8/site-packages/rosbridge_library/capabilities/subscribe.py'...
[5.414s] Compiling '/home/sbel/Desktop/Cobra-Driver/workspace/install/rosbridge_library/lib/python3.8/site-packages/rosbridge_library/capabilities/unadvertise_service.py'...
[5.414s] Compiling '/home/sbel/Desktop/Cobra-Driver/workspace/install/rosbridge_library/lib/python3.8/site-packages/rosbridge_library/capability.py'...
[5.415s] Listing '/home/sbel/Desktop/Cobra-Driver/workspace/install/rosbridge_library/lib/python3.8/site-packages/rosbridge_library/internal'...
[5.415s] Compiling '/home/sbel/Desktop/Cobra-Driver/workspace/install/rosbridge_library/lib/python3.8/site-packages/rosbridge_library/internal/__init__.py'...
[5.415s] Compiling '/home/sbel/Desktop/Cobra-Driver/workspace/install/rosbridge_library/lib/python3.8/site-packages/rosbridge_library/internal/cbor_conversion.py'...
[5.415s] Compiling '/home/sbel/Desktop/Cobra-Driver/workspace/install/rosbridge_library/lib/python3.8/site-packages/rosbridge_library/internal/exceptions.py'...
[5.415s] Compiling '/home/sbel/Desktop/Cobra-Driver/workspace/install/rosbridge_library/lib/python3.8/site-packages/rosbridge_library/internal/message_conversion.py'...
[5.415s] Compiling '/home/sbel/Desktop/Cobra-Driver/workspace/install/rosbridge_library/lib/python3.8/site-packages/rosbridge_library/internal/outgoing_message.py'...
[5.415s] Compiling '/home/sbel/Desktop/Cobra-Driver/workspace/install/rosbridge_library/lib/python3.8/site-packages/rosbridge_library/internal/pngcompression.py'...
[5.415s] Compiling '/home/sbel/Desktop/Cobra-Driver/workspace/install/rosbridge_library/lib/python3.8/site-packages/rosbridge_library/internal/publishers.py'...
[5.416s] Compiling '/home/sbel/Desktop/Cobra-Driver/workspace/install/rosbridge_library/lib/python3.8/site-packages/rosbridge_library/internal/ros_loader.py'...
[5.416s] Compiling '/home/sbel/Desktop/Cobra-Driver/workspace/install/rosbridge_library/lib/python3.8/site-packages/rosbridge_library/internal/services.py'...
[5.416s] Compiling '/home/sbel/Desktop/Cobra-Driver/workspace/install/rosbridge_library/lib/python3.8/site-packages/rosbridge_library/internal/subscribers.py'...
[5.416s] Compiling '/home/sbel/Desktop/Cobra-Driver/workspace/install/rosbridge_library/lib/python3.8/site-packages/rosbridge_library/internal/subscription_modifiers.py'...
[5.416s] Compiling '/home/sbel/Desktop/Cobra-Driver/workspace/install/rosbridge_library/lib/python3.8/site-packages/rosbridge_library/internal/topics.py'...
[5.416s] Compiling '/home/sbel/Desktop/Cobra-Driver/workspace/install/rosbridge_library/lib/python3.8/site-packages/rosbridge_library/protocol.py'...
[5.416s] Compiling '/home/sbel/Desktop/Cobra-Driver/workspace/install/rosbridge_library/lib/python3.8/site-packages/rosbridge_library/rosbridge_protocol.py'...
[5.416s] Listing '/home/sbel/Desktop/Cobra-Driver/workspace/install/rosbridge_library/lib/python3.8/site-packages/rosbridge_library/util'...
[5.416s] Compiling '/home/sbel/Desktop/Cobra-Driver/workspace/install/rosbridge_library/lib/python3.8/site-packages/rosbridge_library/util/__init__.py'...
[5.416s] Compiling '/home/sbel/Desktop/Cobra-Driver/workspace/install/rosbridge_library/lib/python3.8/site-packages/rosbridge_library/util/cbor.py'...
[5.431s] -- Installing: /home/sbel/Desktop/Cobra-Driver/workspace/install/rosbridge_library/share/ament_index/resource_index/package_run_dependencies/rosbridge_library
[5.431s] -- Installing: /home/sbel/Desktop/Cobra-Driver/workspace/install/rosbridge_library/share/ament_index/resource_index/parent_prefix_path/rosbridge_library
[5.431s] -- Installing: /home/sbel/Desktop/Cobra-Driver/workspace/install/rosbridge_library/share/rosbridge_library/environment/ament_prefix_path.sh
[5.431s] -- Installing: /home/sbel/Desktop/Cobra-Driver/workspace/install/rosbridge_library/share/rosbridge_library/environment/ament_prefix_path.dsv
[5.432s] -- Installing: /home/sbel/Desktop/Cobra-Driver/workspace/install/rosbridge_library/share/rosbridge_library/environment/path.sh
[5.433s] -- Installing: /home/sbel/Desktop/Cobra-Driver/workspace/install/rosbridge_library/share/rosbridge_library/environment/path.dsv
[5.433s] -- Installing: /home/sbel/Desktop/Cobra-Driver/workspace/install/rosbridge_library/share/rosbridge_library/local_setup.bash
[5.433s] -- Installing: /home/sbel/Desktop/Cobra-Driver/workspace/install/rosbridge_library/share/rosbridge_library/local_setup.sh
[5.433s] -- Installing: /home/sbel/Desktop/Cobra-Driver/workspace/install/rosbridge_library/share/rosbridge_library/local_setup.zsh
[5.433s] -- Installing: /home/sbel/Desktop/Cobra-Driver/workspace/install/rosbridge_library/share/rosbridge_library/local_setup.dsv
[5.433s] -- Installing: /home/sbel/Desktop/Cobra-Driver/workspace/install/rosbridge_library/share/rosbridge_library/package.dsv
[5.434s] -- Installing: /home/sbel/Desktop/Cobra-Driver/workspace/install/rosbridge_library/share/ament_index/resource_index/packages/rosbridge_library
[5.434s] -- Installing: /home/sbel/Desktop/Cobra-Driver/workspace/install/rosbridge_library/share/rosbridge_library/cmake/rosbridge_libraryConfig.cmake
[5.434s] -- Installing: /home/sbel/Desktop/Cobra-Driver/workspace/install/rosbridge_library/share/rosbridge_library/cmake/rosbridge_libraryConfig-version.cmake
[5.434s] -- Installing: /home/sbel/Desktop/Cobra-Driver/workspace/install/rosbridge_library/share/rosbridge_library/package.xml
[5.448s] Invoked command in '/home/sbel/Desktop/Cobra-Driver/workspace/build/rosbridge_library' returned '0': CMAKE_PREFIX_PATH=/home/sbel/Desktop/Cobra-Driver/workspace/install/rosbridge_test_msgs:/home/sbel/Desktop/Cobra-Driver/workspace/install/usb_cam:/home/sbel/Desktop/Cobra-Driver/workspace/install/rosbridge_suite:/home/sbel/Desktop/Cobra-Driver/workspace/install/rosbridge_server:/home/sbel/Desktop/Cobra-Driver/workspace/install/rosbridge_msgs:/home/sbel/Desktop/Cobra-Driver/workspace/install/rosapi:/home/sbel/Desktop/Cobra-Driver/workspace/install/rosbridge_library:/home/sbel/Desktop/Cobra-Driver/workspace/install/rosapi_msgs:/home/sbel/Desktop/Cobra-Driver/workspace/install/yolov5_ros2:/home/sbel/Desktop/Cobra-Driver/workspace/install/udp_to_ros:/home/sbel/Desktop/Cobra-Driver/workspace/install/common:/opt/ros/foxy LD_LIBRARY_PATH=/home/sbel/Desktop/Cobra-Driver/workspace/install/rosbridge_test_msgs/lib:/home/sbel/Desktop/Cobra-Driver/workspace/install/usb_cam/lib:/home/sbel/Desktop/Cobra-Driver/workspace/install/rosbridge_msgs/lib:/home/sbel/Desktop/Cobra-Driver/workspace/install/rosapi_msgs/lib:/opt/ros/foxy/opt/yaml_cpp_vendor/lib:/opt/ros/foxy/opt/rviz_ogre_vendor/lib:/opt/ros/foxy/lib/aarch64-linux-gnu:/opt/ros/foxy/lib:/usr/local/cuda-11.4/lib64 PYTHONPATH=/home/sbel/Desktop/Cobra-Driver/workspace/install/rosbridge_test_msgs/lib/python3.8/site-packages:/home/sbel/Desktop/Cobra-Driver/workspace/install/yolov5_ros2/lib/python3.8/site-packages:/home/sbel/Desktop/Cobra-Driver/workspace/install/udp_to_ros/lib/python3.8/site-packages:/home/sbel/Desktop/Cobra-Driver/workspace/install/rosbridge_server/lib/python3.8/site-packages:/home/sbel/Desktop/Cobra-Driver/workspace/install/rosbridge_msgs/lib/python3.8/site-packages:/home/sbel/Desktop/Cobra-Driver/workspace/install/rosapi/lib/python3.8/site-packages:/home/sbel/Desktop/Cobra-Driver/workspace/install/rosbridge_library/lib/python3.8/site-packages:/home/sbel/Desktop/Cobra-Driver/workspace/install/rosapi_msgs/lib/python3.8/site-packages:/home/sbel/Desktop/Cobra-Driver/workspace/install/common/lib/python3.8/site-packages:/opt/ros/foxy/lib/python3.8/site-packages /usr/bin/cmake --install /home/sbel/Desktop/Cobra-Driver/workspace/build/rosbridge_library
