[3.410s] Invoking command in '/home/sbel/Desktop/Cobra-Driver/workspace/src/yolov5_ros2': PYTHONPATH=/home/sbel/Desktop/Cobra-Driver/workspace/build/yolov5_ros2/prefix_override:/home/sbel/Desktop/Cobra-Driver/workspace/install/yolov5_ros2/lib/python3.8/site-packages:${PYTHONPATH} /usr/bin/python3 setup.py egg_info --egg-base ../../build/yolov5_ros2 build --build-base /home/sbel/Desktop/Cobra-Driver/workspace/build/yolov5_ros2/build install --record /home/sbel/Desktop/Cobra-Driver/workspace/build/yolov5_ros2/install.log --single-version-externally-managed
[3.891s] running egg_info
[3.925s] writing ../../build/yolov5_ros2/yolov5_ros2.egg-info/PKG-INFO
[3.927s] writing dependency_links to ../../build/yolov5_ros2/yolov5_ros2.egg-info/dependency_links.txt
[3.927s] writing entry points to ../../build/yolov5_ros2/yolov5_ros2.egg-info/entry_points.txt
[3.928s] writing requirements to ../../build/yolov5_ros2/yolov5_ros2.egg-info/requires.txt
[3.928s] writing top-level names to ../../build/yolov5_ros2/yolov5_ros2.egg-info/top_level.txt
[4.195s] reading manifest file '../../build/yolov5_ros2/yolov5_ros2.egg-info/SOURCES.txt'
[4.199s] writing manifest file '../../build/yolov5_ros2/yolov5_ros2.egg-info/SOURCES.txt'
[4.199s] running build
[4.199s] running build_py
[4.199s] copying yolov5_ros2/yolo_cone_detector.py -> /home/sbel/Desktop/Cobra-Driver/workspace/build/yolov5_ros2/build/lib/yolov5_ros2
[4.199s] running install
[4.200s] /home/sbel/.local/lib/python3.8/site-packages/setuptools/_distutils/cmd.py:66: SetuptoolsDeprecationWarning: setup.py install is deprecated.
[4.200s] !!
[4.201s] 
[4.201s]         ********************************************************************************
[4.201s]         Please avoid running ``setup.py`` directly.
[4.201s]         Instead, use pypa/build, pypa/installer or other
[4.201s]         standards-based tools.
[4.201s] 
[4.201s]         See https://blog.ganssle.io/articles/2021/10/setup-py-deprecated.html for details.
[4.202s]         ********************************************************************************
[4.202s] 
[4.202s] !!
[4.202s]   self.initialize_options()
[4.211s] running install_lib
[4.244s] copying /home/sbel/Desktop/Cobra-Driver/workspace/build/yolov5_ros2/build/lib/yolov5_ros2/yolo_cone_detector.py -> /home/sbel/Desktop/Cobra-Driver/workspace/install/yolov5_ros2/lib/python3.8/site-packages/yolov5_ros2
[4.245s] byte-compiling /home/sbel/Desktop/Cobra-Driver/workspace/install/yolov5_ros2/lib/python3.8/site-packages/yolov5_ros2/yolo_cone_detector.py to yolo_cone_detector.cpython-38.pyc
[4.248s] running install_data
[4.281s] running install_egg_info
[4.315s] removing '/home/sbel/Desktop/Cobra-Driver/workspace/install/yolov5_ros2/lib/python3.8/site-packages/yolov5_ros2-0.0.0-py3.8.egg-info' (and everything under it)
[4.316s] Copying ../../build/yolov5_ros2/yolov5_ros2.egg-info to /home/sbel/Desktop/Cobra-Driver/workspace/install/yolov5_ros2/lib/python3.8/site-packages/yolov5_ros2-0.0.0-py3.8.egg-info
[4.318s] running install_scripts
[4.426s] Installing yolo_cone_detector script to /home/sbel/Desktop/Cobra-Driver/workspace/install/yolov5_ros2/lib/yolov5_ros2
[4.427s] Installing yolo_detector script to /home/sbel/Desktop/Cobra-Driver/workspace/install/yolov5_ros2/lib/yolov5_ros2
[4.430s] writing list of installed files to '/home/sbel/Desktop/Cobra-Driver/workspace/build/yolov5_ros2/install.log'
[4.607s] Invoked command in '/home/sbel/Desktop/Cobra-Driver/workspace/src/yolov5_ros2' returned '0': PYTHONPATH=/home/sbel/Desktop/Cobra-Driver/workspace/build/yolov5_ros2/prefix_override:/home/sbel/Desktop/Cobra-Driver/workspace/install/yolov5_ros2/lib/python3.8/site-packages:${PYTHONPATH} /usr/bin/python3 setup.py egg_info --egg-base ../../build/yolov5_ros2 build --build-base /home/sbel/Desktop/Cobra-Driver/workspace/build/yolov5_ros2/build install --record /home/sbel/Desktop/Cobra-Driver/workspace/build/yolov5_ros2/install.log --single-version-externally-managed
