[0.011s] Invoking command in '/home/jason/Desktop/STUDY/Cobra-Driver/workspace/build/rosbridge_server': CMAKE_PREFIX_PATH=/home/jason/Desktop/STUDY/Cobra-Driver/workspace/install/rosapi:/home/jason/Desktop/STUDY/Cobra-Driver/workspace/install/rosbridge_library:/home/jason/Desktop/STUDY/Cobra-Driver/workspace/install/rosbridge_msgs:/home/jason/Desktop/STUDY/Cobra-Driver/workspace/install/rosapi_msgs:/home/jason/Desktop/STUDY/Cobra-Driver/workspace/install/usb_cam:/home/jason/Desktop/STUDY/Cobra-Driver/workspace/install/rosbridge_test_msgs:/home/jason/Desktop/STUDY/Cobra-Driver/workspace/install/rosbridge_suite:/home/jason/Desktop/STUDY/Cobra-Driver/workspace/install/rosbridge_server:/home/jason/Desktop/STUDY/Cobra-Driver/workspace/install/yolov5_ros2:/home/jason/Desktop/STUDY/Cobra-Driver/workspace/install/udp_to_ros:/home/jason/Desktop/STUDY/Cobra-Driver/workspace/install/tcp_cam_sender:/home/jason/Desktop/STUDY/Cobra-Driver/workspace/install/common:/opt/ros/iron LD_LIBRARY_PATH=/home/jason/Desktop/STUDY/Cobra-Driver/workspace/install/rosbridge_msgs/lib:/home/jason/Desktop/STUDY/Cobra-Driver/workspace/install/rosapi_msgs/lib:/home/jason/Desktop/STUDY/Cobra-Driver/workspace/install/usb_cam/lib:/home/jason/Desktop/STUDY/Cobra-Driver/workspace/install/rosbridge_test_msgs/lib:/opt/ros/iron/opt/rviz_ogre_vendor/lib:/opt/ros/iron/lib/x86_64-linux-gnu:/opt/ros/iron/lib PYTHONPATH=/home/jason/Desktop/STUDY/Cobra-Driver/workspace/install/rosapi/lib/python3.10/site-packages:/home/jason/Desktop/STUDY/Cobra-Driver/workspace/install/rosbridge_library/lib/python3.10/site-packages:/home/jason/Desktop/STUDY/Cobra-Driver/workspace/install/rosbridge_msgs/lib/python3.10/site-packages:/home/jason/Desktop/STUDY/Cobra-Driver/workspace/install/rosapi_msgs/lib/python3.10/site-packages:/home/jason/Desktop/STUDY/Cobra-Driver/workspace/install/yolov5_ros2/lib/python3.10/site-packages:/home/jason/Desktop/STUDY/Cobra-Driver/workspace/install/udp_to_ros/lib/python3.10/site-packages:/home/jason/Desktop/STUDY/Cobra-Driver/workspace/install/tcp_cam_sender/lib/python3.10/site-packages:/home/jason/Desktop/STUDY/Cobra-Driver/workspace/install/rosbridge_test_msgs/lib/python3.10/site-packages:/home/jason/Desktop/STUDY/Cobra-Driver/workspace/install/rosbridge_server/lib/python3.10/site-packages:/home/jason/Desktop/STUDY/Cobra-Driver/workspace/install/common/lib/python3.10/site-packages:/opt/ros/iron/lib/python3.10/site-packages /home/jason/.local/bin/cmake /home/jason/Desktop/STUDY/Cobra-Driver/workspace/src/rosbridge_suite/rosbridge_server -DCMAKE_INSTALL_PREFIX=/home/jason/Desktop/STUDY/Cobra-Driver/workspace/install/rosbridge_server
[0.062s] -- The C compiler identification is GNU 11.4.0
[0.102s] -- The CXX compiler identification is GNU 11.4.0
[0.112s] -- Detecting C compiler ABI info
[0.152s] -- Detecting C compiler ABI info - done
[0.162s] -- Check for working C compiler: /usr/bin/cc - skipped
[0.162s] -- Detecting C compile features
[0.163s] -- Detecting C compile features - done
[0.169s] -- Detecting CXX compiler ABI info
[0.217s] -- Detecting CXX compiler ABI info - done
[0.227s] -- Check for working CXX compiler: /usr/bin/c++ - skipped
[0.228s] -- Detecting CXX compile features
[0.228s] -- Detecting CXX compile features - done
[0.230s] -- Found ament_cmake_ros: 0.11.2 (/opt/ros/iron/share/ament_cmake_ros/cmake)
[0.598s] -- Found Python3: /usr/bin/python3.10 (found version "3.10.12") found components: Interpreter 
[0.779s] -- Found launch_testing_ament_cmake: 2.0.2 (/opt/ros/iron/share/launch_testing_ament_cmake/cmake)
[0.780s] -- Found python_cmake_module: 0.10.2 (/opt/ros/iron/share/python_cmake_module/cmake)
[0.781s] [33mCMake Warning (dev) at /opt/ros/iron/share/python_cmake_module/cmake/Modules/FindPythonExtra.cmake:52 (find_package):
[0.781s]   Policy CMP0148 is not set: The FindPythonInterp and FindPythonLibs modules
[0.781s]   are removed.  Run "cmake --help-policy CMP0148" for policy details.  Use
[0.781s]   the cmake_policy command to set the policy and suppress this warning.
[0.781s] 
[0.781s] Call Stack (most recent call first):
[0.781s]   /opt/ros/iron/share/launch_testing_ament_cmake/cmake/launch_testing_ament_cmake-extras.cmake:18 (find_package)
[0.781s]   /opt/ros/iron/share/launch_testing_ament_cmake/cmake/launch_testing_ament_cmakeConfig.cmake:41 (include)
[0.781s]   CMakeLists.txt:25 (find_package)
[0.781s] This warning is for project developers.  Use -Wno-dev to suppress it.
[0.781s] [0m
[0.797s] -- Found PythonInterp: /usr/bin/python3 (found suitable version "3.10.12", minimum required is "3.6") 
[0.797s] [33mCMake Warning (dev) at /opt/ros/iron/share/python_cmake_module/cmake/Modules/FindPythonExtra.cmake:140 (find_package):
[0.797s]   Policy CMP0148 is not set: The FindPythonInterp and FindPythonLibs modules
[0.797s]   are removed.  Run "cmake --help-policy CMP0148" for policy details.  Use
[0.797s]   the cmake_policy command to set the policy and suppress this warning.
[0.797s] 
[0.797s] Call Stack (most recent call first):
[0.797s]   /opt/ros/iron/share/launch_testing_ament_cmake/cmake/launch_testing_ament_cmake-extras.cmake:18 (find_package)
[0.798s]   /opt/ros/iron/share/launch_testing_ament_cmake/cmake/launch_testing_ament_cmakeConfig.cmake:41 (include)
[0.798s]   CMakeLists.txt:25 (find_package)
[0.798s] This warning is for project developers.  Use -Wno-dev to suppress it.
[0.798s] [0m
[0.810s] -- Found PythonLibs: /usr/lib/x86_64-linux-gnu/libpython3.10.so (found suitable version "3.10.12", minimum required is "3.5") 
[0.810s] -- Using PYTHON_EXECUTABLE: /usr/bin/python3
[0.811s] -- Using PYTHON_INCLUDE_DIRS: /usr/include/python3.10
[0.811s] -- Using PYTHON_LIBRARIES: /usr/lib/x86_64-linux-gnu/libpython3.10.so
[0.827s] -- Found PythonExtra: .so  
[0.829s] -- Configuring done (0.8s)
[0.833s] -- Generating done (0.0s)
[0.834s] -- Build files have been written to: /home/jason/Desktop/STUDY/Cobra-Driver/workspace/build/rosbridge_server
[0.842s] Invoked command in '/home/jason/Desktop/STUDY/Cobra-Driver/workspace/build/rosbridge_server' returned '0': CMAKE_PREFIX_PATH=/home/jason/Desktop/STUDY/Cobra-Driver/workspace/install/rosapi:/home/jason/Desktop/STUDY/Cobra-Driver/workspace/install/rosbridge_library:/home/jason/Desktop/STUDY/Cobra-Driver/workspace/install/rosbridge_msgs:/home/jason/Desktop/STUDY/Cobra-Driver/workspace/install/rosapi_msgs:/home/jason/Desktop/STUDY/Cobra-Driver/workspace/install/usb_cam:/home/jason/Desktop/STUDY/Cobra-Driver/workspace/install/rosbridge_test_msgs:/home/jason/Desktop/STUDY/Cobra-Driver/workspace/install/rosbridge_suite:/home/jason/Desktop/STUDY/Cobra-Driver/workspace/install/rosbridge_server:/home/jason/Desktop/STUDY/Cobra-Driver/workspace/install/yolov5_ros2:/home/jason/Desktop/STUDY/Cobra-Driver/workspace/install/udp_to_ros:/home/jason/Desktop/STUDY/Cobra-Driver/workspace/install/tcp_cam_sender:/home/jason/Desktop/STUDY/Cobra-Driver/workspace/install/common:/opt/ros/iron LD_LIBRARY_PATH=/home/jason/Desktop/STUDY/Cobra-Driver/workspace/install/rosbridge_msgs/lib:/home/jason/Desktop/STUDY/Cobra-Driver/workspace/install/rosapi_msgs/lib:/home/jason/Desktop/STUDY/Cobra-Driver/workspace/install/usb_cam/lib:/home/jason/Desktop/STUDY/Cobra-Driver/workspace/install/rosbridge_test_msgs/lib:/opt/ros/iron/opt/rviz_ogre_vendor/lib:/opt/ros/iron/lib/x86_64-linux-gnu:/opt/ros/iron/lib PYTHONPATH=/home/jason/Desktop/STUDY/Cobra-Driver/workspace/install/rosapi/lib/python3.10/site-packages:/home/jason/Desktop/STUDY/Cobra-Driver/workspace/install/rosbridge_library/lib/python3.10/site-packages:/home/jason/Desktop/STUDY/Cobra-Driver/workspace/install/rosbridge_msgs/lib/python3.10/site-packages:/home/jason/Desktop/STUDY/Cobra-Driver/workspace/install/rosapi_msgs/lib/python3.10/site-packages:/home/jason/Desktop/STUDY/Cobra-Driver/workspace/install/yolov5_ros2/lib/python3.10/site-packages:/home/jason/Desktop/STUDY/Cobra-Driver/workspace/install/udp_to_ros/lib/python3.10/site-packages:/home/jason/Desktop/STUDY/Cobra-Driver/workspace/install/tcp_cam_sender/lib/python3.10/site-packages:/home/jason/Desktop/STUDY/Cobra-Driver/workspace/install/rosbridge_test_msgs/lib/python3.10/site-packages:/home/jason/Desktop/STUDY/Cobra-Driver/workspace/install/rosbridge_server/lib/python3.10/site-packages:/home/jason/Desktop/STUDY/Cobra-Driver/workspace/install/common/lib/python3.10/site-packages:/opt/ros/iron/lib/python3.10/site-packages /home/jason/.local/bin/cmake /home/jason/Desktop/STUDY/Cobra-Driver/workspace/src/rosbridge_suite/rosbridge_server -DCMAKE_INSTALL_PREFIX=/home/jason/Desktop/STUDY/Cobra-Driver/workspace/install/rosbridge_server
[0.843s] Invoking command in '/home/jason/Desktop/STUDY/Cobra-Driver/workspace/build/rosbridge_server': CMAKE_PREFIX_PATH=/home/jason/Desktop/STUDY/Cobra-Driver/workspace/install/rosapi:/home/jason/Desktop/STUDY/Cobra-Driver/workspace/install/rosbridge_library:/home/jason/Desktop/STUDY/Cobra-Driver/workspace/install/rosbridge_msgs:/home/jason/Desktop/STUDY/Cobra-Driver/workspace/install/rosapi_msgs:/home/jason/Desktop/STUDY/Cobra-Driver/workspace/install/usb_cam:/home/jason/Desktop/STUDY/Cobra-Driver/workspace/install/rosbridge_test_msgs:/home/jason/Desktop/STUDY/Cobra-Driver/workspace/install/rosbridge_suite:/home/jason/Desktop/STUDY/Cobra-Driver/workspace/install/rosbridge_server:/home/jason/Desktop/STUDY/Cobra-Driver/workspace/install/yolov5_ros2:/home/jason/Desktop/STUDY/Cobra-Driver/workspace/install/udp_to_ros:/home/jason/Desktop/STUDY/Cobra-Driver/workspace/install/tcp_cam_sender:/home/jason/Desktop/STUDY/Cobra-Driver/workspace/install/common:/opt/ros/iron LD_LIBRARY_PATH=/home/jason/Desktop/STUDY/Cobra-Driver/workspace/install/rosbridge_msgs/lib:/home/jason/Desktop/STUDY/Cobra-Driver/workspace/install/rosapi_msgs/lib:/home/jason/Desktop/STUDY/Cobra-Driver/workspace/install/usb_cam/lib:/home/jason/Desktop/STUDY/Cobra-Driver/workspace/install/rosbridge_test_msgs/lib:/opt/ros/iron/opt/rviz_ogre_vendor/lib:/opt/ros/iron/lib/x86_64-linux-gnu:/opt/ros/iron/lib PYTHONPATH=/home/jason/Desktop/STUDY/Cobra-Driver/workspace/install/rosapi/lib/python3.10/site-packages:/home/jason/Desktop/STUDY/Cobra-Driver/workspace/install/rosbridge_library/lib/python3.10/site-packages:/home/jason/Desktop/STUDY/Cobra-Driver/workspace/install/rosbridge_msgs/lib/python3.10/site-packages:/home/jason/Desktop/STUDY/Cobra-Driver/workspace/install/rosapi_msgs/lib/python3.10/site-packages:/home/jason/Desktop/STUDY/Cobra-Driver/workspace/install/yolov5_ros2/lib/python3.10/site-packages:/home/jason/Desktop/STUDY/Cobra-Driver/workspace/install/udp_to_ros/lib/python3.10/site-packages:/home/jason/Desktop/STUDY/Cobra-Driver/workspace/install/tcp_cam_sender/lib/python3.10/site-packages:/home/jason/Desktop/STUDY/Cobra-Driver/workspace/install/rosbridge_test_msgs/lib/python3.10/site-packages:/home/jason/Desktop/STUDY/Cobra-Driver/workspace/install/rosbridge_server/lib/python3.10/site-packages:/home/jason/Desktop/STUDY/Cobra-Driver/workspace/install/common/lib/python3.10/site-packages:/opt/ros/iron/lib/python3.10/site-packages /home/jason/.local/bin/cmake --build /home/jason/Desktop/STUDY/Cobra-Driver/workspace/build/rosbridge_server -- -j16 -l16
[0.876s] Built target ament_cmake_python_copy_rosbridge_server
[1.025s] running egg_info
[1.026s] creating rosbridge_server.egg-info
[1.040s] writing rosbridge_server.egg-info/PKG-INFO
[1.040s] writing dependency_links to rosbridge_server.egg-info/dependency_links.txt
[1.040s] writing top-level names to rosbridge_server.egg-info/top_level.txt
[1.040s] writing manifest file 'rosbridge_server.egg-info/SOURCES.txt'
[1.081s] reading manifest file 'rosbridge_server.egg-info/SOURCES.txt'
[1.081s] writing manifest file 'rosbridge_server.egg-info/SOURCES.txt'
[1.093s] Built target ament_cmake_python_build_rosbridge_server_egg
[1.099s] Invoked command in '/home/jason/Desktop/STUDY/Cobra-Driver/workspace/build/rosbridge_server' returned '0': CMAKE_PREFIX_PATH=/home/jason/Desktop/STUDY/Cobra-Driver/workspace/install/rosapi:/home/jason/Desktop/STUDY/Cobra-Driver/workspace/install/rosbridge_library:/home/jason/Desktop/STUDY/Cobra-Driver/workspace/install/rosbridge_msgs:/home/jason/Desktop/STUDY/Cobra-Driver/workspace/install/rosapi_msgs:/home/jason/Desktop/STUDY/Cobra-Driver/workspace/install/usb_cam:/home/jason/Desktop/STUDY/Cobra-Driver/workspace/install/rosbridge_test_msgs:/home/jason/Desktop/STUDY/Cobra-Driver/workspace/install/rosbridge_suite:/home/jason/Desktop/STUDY/Cobra-Driver/workspace/install/rosbridge_server:/home/jason/Desktop/STUDY/Cobra-Driver/workspace/install/yolov5_ros2:/home/jason/Desktop/STUDY/Cobra-Driver/workspace/install/udp_to_ros:/home/jason/Desktop/STUDY/Cobra-Driver/workspace/install/tcp_cam_sender:/home/jason/Desktop/STUDY/Cobra-Driver/workspace/install/common:/opt/ros/iron LD_LIBRARY_PATH=/home/jason/Desktop/STUDY/Cobra-Driver/workspace/install/rosbridge_msgs/lib:/home/jason/Desktop/STUDY/Cobra-Driver/workspace/install/rosapi_msgs/lib:/home/jason/Desktop/STUDY/Cobra-Driver/workspace/install/usb_cam/lib:/home/jason/Desktop/STUDY/Cobra-Driver/workspace/install/rosbridge_test_msgs/lib:/opt/ros/iron/opt/rviz_ogre_vendor/lib:/opt/ros/iron/lib/x86_64-linux-gnu:/opt/ros/iron/lib PYTHONPATH=/home/jason/Desktop/STUDY/Cobra-Driver/workspace/install/rosapi/lib/python3.10/site-packages:/home/jason/Desktop/STUDY/Cobra-Driver/workspace/install/rosbridge_library/lib/python3.10/site-packages:/home/jason/Desktop/STUDY/Cobra-Driver/workspace/install/rosbridge_msgs/lib/python3.10/site-packages:/home/jason/Desktop/STUDY/Cobra-Driver/workspace/install/rosapi_msgs/lib/python3.10/site-packages:/home/jason/Desktop/STUDY/Cobra-Driver/workspace/install/yolov5_ros2/lib/python3.10/site-packages:/home/jason/Desktop/STUDY/Cobra-Driver/workspace/install/udp_to_ros/lib/python3.10/site-packages:/home/jason/Desktop/STUDY/Cobra-Driver/workspace/install/tcp_cam_sender/lib/python3.10/site-packages:/home/jason/Desktop/STUDY/Cobra-Driver/workspace/install/rosbridge_test_msgs/lib/python3.10/site-packages:/home/jason/Desktop/STUDY/Cobra-Driver/workspace/install/rosbridge_server/lib/python3.10/site-packages:/home/jason/Desktop/STUDY/Cobra-Driver/workspace/install/common/lib/python3.10/site-packages:/opt/ros/iron/lib/python3.10/site-packages /home/jason/.local/bin/cmake --build /home/jason/Desktop/STUDY/Cobra-Driver/workspace/build/rosbridge_server -- -j16 -l16
[1.130s] Invoking command in '/home/jason/Desktop/STUDY/Cobra-Driver/workspace/build/rosbridge_server': CMAKE_PREFIX_PATH=/home/jason/Desktop/STUDY/Cobra-Driver/workspace/install/rosapi:/home/jason/Desktop/STUDY/Cobra-Driver/workspace/install/rosbridge_library:/home/jason/Desktop/STUDY/Cobra-Driver/workspace/install/rosbridge_msgs:/home/jason/Desktop/STUDY/Cobra-Driver/workspace/install/rosapi_msgs:/home/jason/Desktop/STUDY/Cobra-Driver/workspace/install/usb_cam:/home/jason/Desktop/STUDY/Cobra-Driver/workspace/install/rosbridge_test_msgs:/home/jason/Desktop/STUDY/Cobra-Driver/workspace/install/rosbridge_suite:/home/jason/Desktop/STUDY/Cobra-Driver/workspace/install/rosbridge_server:/home/jason/Desktop/STUDY/Cobra-Driver/workspace/install/yolov5_ros2:/home/jason/Desktop/STUDY/Cobra-Driver/workspace/install/udp_to_ros:/home/jason/Desktop/STUDY/Cobra-Driver/workspace/install/tcp_cam_sender:/home/jason/Desktop/STUDY/Cobra-Driver/workspace/install/common:/opt/ros/iron LD_LIBRARY_PATH=/home/jason/Desktop/STUDY/Cobra-Driver/workspace/install/rosbridge_msgs/lib:/home/jason/Desktop/STUDY/Cobra-Driver/workspace/install/rosapi_msgs/lib:/home/jason/Desktop/STUDY/Cobra-Driver/workspace/install/usb_cam/lib:/home/jason/Desktop/STUDY/Cobra-Driver/workspace/install/rosbridge_test_msgs/lib:/opt/ros/iron/opt/rviz_ogre_vendor/lib:/opt/ros/iron/lib/x86_64-linux-gnu:/opt/ros/iron/lib PYTHONPATH=/home/jason/Desktop/STUDY/Cobra-Driver/workspace/install/rosapi/lib/python3.10/site-packages:/home/jason/Desktop/STUDY/Cobra-Driver/workspace/install/rosbridge_library/lib/python3.10/site-packages:/home/jason/Desktop/STUDY/Cobra-Driver/workspace/install/rosbridge_msgs/lib/python3.10/site-packages:/home/jason/Desktop/STUDY/Cobra-Driver/workspace/install/rosapi_msgs/lib/python3.10/site-packages:/home/jason/Desktop/STUDY/Cobra-Driver/workspace/install/yolov5_ros2/lib/python3.10/site-packages:/home/jason/Desktop/STUDY/Cobra-Driver/workspace/install/udp_to_ros/lib/python3.10/site-packages:/home/jason/Desktop/STUDY/Cobra-Driver/workspace/install/tcp_cam_sender/lib/python3.10/site-packages:/home/jason/Desktop/STUDY/Cobra-Driver/workspace/install/rosbridge_test_msgs/lib/python3.10/site-packages:/home/jason/Desktop/STUDY/Cobra-Driver/workspace/install/rosbridge_server/lib/python3.10/site-packages:/home/jason/Desktop/STUDY/Cobra-Driver/workspace/install/common/lib/python3.10/site-packages:/opt/ros/iron/lib/python3.10/site-packages /home/jason/.local/bin/cmake --install /home/jason/Desktop/STUDY/Cobra-Driver/workspace/build/rosbridge_server
[1.151s] -- Install configuration: ""
[1.151s] -- Installing: /home/jason/Desktop/STUDY/Cobra-Driver/workspace/install/rosbridge_server/share/rosbridge_server/environment/pythonpath.sh
[1.151s] -- Installing: /home/jason/Desktop/STUDY/Cobra-Driver/workspace/install/rosbridge_server/share/rosbridge_server/environment/pythonpath.dsv
[1.151s] -- Installing: /home/jason/Desktop/STUDY/Cobra-Driver/workspace/install/rosbridge_server/lib/python3.10/site-packages/rosbridge_server-1.3.1-py3.10.egg-info
[1.151s] -- Installing: /home/jason/Desktop/STUDY/Cobra-Driver/workspace/install/rosbridge_server/lib/python3.10/site-packages/rosbridge_server-1.3.1-py3.10.egg-info/top_level.txt
[1.151s] -- Installing: /home/jason/Desktop/STUDY/Cobra-Driver/workspace/install/rosbridge_server/lib/python3.10/site-packages/rosbridge_server-1.3.1-py3.10.egg-info/dependency_links.txt
[1.151s] -- Installing: /home/jason/Desktop/STUDY/Cobra-Driver/workspace/install/rosbridge_server/lib/python3.10/site-packages/rosbridge_server-1.3.1-py3.10.egg-info/SOURCES.txt
[1.151s] -- Installing: /home/jason/Desktop/STUDY/Cobra-Driver/workspace/install/rosbridge_server/lib/python3.10/site-packages/rosbridge_server-1.3.1-py3.10.egg-info/PKG-INFO
[1.151s] -- Installing: /home/jason/Desktop/STUDY/Cobra-Driver/workspace/install/rosbridge_server/lib/python3.10/site-packages/rosbridge_server
[1.151s] -- Installing: /home/jason/Desktop/STUDY/Cobra-Driver/workspace/install/rosbridge_server/lib/python3.10/site-packages/rosbridge_server/websocket_handler.py
[1.151s] -- Installing: /home/jason/Desktop/STUDY/Cobra-Driver/workspace/install/rosbridge_server/lib/python3.10/site-packages/rosbridge_server/client_mananger.py
[1.152s] -- Installing: /home/jason/Desktop/STUDY/Cobra-Driver/workspace/install/rosbridge_server/lib/python3.10/site-packages/rosbridge_server/__init__.py
[1.179s] Listing '/home/jason/Desktop/STUDY/Cobra-Driver/workspace/install/rosbridge_server/lib/python3.10/site-packages/rosbridge_server'...
[1.179s] Compiling '/home/jason/Desktop/STUDY/Cobra-Driver/workspace/install/rosbridge_server/lib/python3.10/site-packages/rosbridge_server/__init__.py'...
[1.180s] Compiling '/home/jason/Desktop/STUDY/Cobra-Driver/workspace/install/rosbridge_server/lib/python3.10/site-packages/rosbridge_server/client_mananger.py'...
[1.180s] Compiling '/home/jason/Desktop/STUDY/Cobra-Driver/workspace/install/rosbridge_server/lib/python3.10/site-packages/rosbridge_server/websocket_handler.py'...
[1.182s] -- Installing: /home/jason/Desktop/STUDY/Cobra-Driver/workspace/install/rosbridge_server/share/ament_index/resource_index/package_run_dependencies/rosbridge_server
[1.183s] -- Installing: /home/jason/Desktop/STUDY/Cobra-Driver/workspace/install/rosbridge_server/share/ament_index/resource_index/parent_prefix_path/rosbridge_server
[1.183s] -- Installing: /home/jason/Desktop/STUDY/Cobra-Driver/workspace/install/rosbridge_server/share/rosbridge_server/environment/ament_prefix_path.sh
[1.183s] -- Installing: /home/jason/Desktop/STUDY/Cobra-Driver/workspace/install/rosbridge_server/share/rosbridge_server/environment/ament_prefix_path.dsv
[1.183s] -- Installing: /home/jason/Desktop/STUDY/Cobra-Driver/workspace/install/rosbridge_server/share/rosbridge_server/environment/path.sh
[1.183s] -- Installing: /home/jason/Desktop/STUDY/Cobra-Driver/workspace/install/rosbridge_server/share/rosbridge_server/environment/path.dsv
[1.183s] -- Installing: /home/jason/Desktop/STUDY/Cobra-Driver/workspace/install/rosbridge_server/share/rosbridge_server/local_setup.bash
[1.183s] -- Installing: /home/jason/Desktop/STUDY/Cobra-Driver/workspace/install/rosbridge_server/share/rosbridge_server/local_setup.sh
[1.183s] -- Installing: /home/jason/Desktop/STUDY/Cobra-Driver/workspace/install/rosbridge_server/share/rosbridge_server/local_setup.zsh
[1.183s] -- Installing: /home/jason/Desktop/STUDY/Cobra-Driver/workspace/install/rosbridge_server/share/rosbridge_server/local_setup.dsv
[1.183s] -- Installing: /home/jason/Desktop/STUDY/Cobra-Driver/workspace/install/rosbridge_server/share/rosbridge_server/package.dsv
[1.183s] -- Installing: /home/jason/Desktop/STUDY/Cobra-Driver/workspace/install/rosbridge_server/share/ament_index/resource_index/packages/rosbridge_server
[1.184s] -- Installing: /home/jason/Desktop/STUDY/Cobra-Driver/workspace/install/rosbridge_server/share/rosbridge_server/cmake/rosbridge_serverConfig.cmake
[1.184s] -- Installing: /home/jason/Desktop/STUDY/Cobra-Driver/workspace/install/rosbridge_server/share/rosbridge_server/cmake/rosbridge_serverConfig-version.cmake
[1.184s] -- Installing: /home/jason/Desktop/STUDY/Cobra-Driver/workspace/install/rosbridge_server/share/rosbridge_server/package.xml
[1.184s] -- Installing: /home/jason/Desktop/STUDY/Cobra-Driver/workspace/install/rosbridge_server/lib/rosbridge_server/rosbridge_websocket.py
[1.184s] -- Installing: /home/jason/Desktop/STUDY/Cobra-Driver/workspace/install/rosbridge_server/lib/rosbridge_server/rosbridge_websocket
[1.184s] -- Installing: /home/jason/Desktop/STUDY/Cobra-Driver/workspace/install/rosbridge_server/share/rosbridge_server/launch/rosbridge_websocket_launch.xml
[1.188s] Invoked command in '/home/jason/Desktop/STUDY/Cobra-Driver/workspace/build/rosbridge_server' returned '0': CMAKE_PREFIX_PATH=/home/jason/Desktop/STUDY/Cobra-Driver/workspace/install/rosapi:/home/jason/Desktop/STUDY/Cobra-Driver/workspace/install/rosbridge_library:/home/jason/Desktop/STUDY/Cobra-Driver/workspace/install/rosbridge_msgs:/home/jason/Desktop/STUDY/Cobra-Driver/workspace/install/rosapi_msgs:/home/jason/Desktop/STUDY/Cobra-Driver/workspace/install/usb_cam:/home/jason/Desktop/STUDY/Cobra-Driver/workspace/install/rosbridge_test_msgs:/home/jason/Desktop/STUDY/Cobra-Driver/workspace/install/rosbridge_suite:/home/jason/Desktop/STUDY/Cobra-Driver/workspace/install/rosbridge_server:/home/jason/Desktop/STUDY/Cobra-Driver/workspace/install/yolov5_ros2:/home/jason/Desktop/STUDY/Cobra-Driver/workspace/install/udp_to_ros:/home/jason/Desktop/STUDY/Cobra-Driver/workspace/install/tcp_cam_sender:/home/jason/Desktop/STUDY/Cobra-Driver/workspace/install/common:/opt/ros/iron LD_LIBRARY_PATH=/home/jason/Desktop/STUDY/Cobra-Driver/workspace/install/rosbridge_msgs/lib:/home/jason/Desktop/STUDY/Cobra-Driver/workspace/install/rosapi_msgs/lib:/home/jason/Desktop/STUDY/Cobra-Driver/workspace/install/usb_cam/lib:/home/jason/Desktop/STUDY/Cobra-Driver/workspace/install/rosbridge_test_msgs/lib:/opt/ros/iron/opt/rviz_ogre_vendor/lib:/opt/ros/iron/lib/x86_64-linux-gnu:/opt/ros/iron/lib PYTHONPATH=/home/jason/Desktop/STUDY/Cobra-Driver/workspace/install/rosapi/lib/python3.10/site-packages:/home/jason/Desktop/STUDY/Cobra-Driver/workspace/install/rosbridge_library/lib/python3.10/site-packages:/home/jason/Desktop/STUDY/Cobra-Driver/workspace/install/rosbridge_msgs/lib/python3.10/site-packages:/home/jason/Desktop/STUDY/Cobra-Driver/workspace/install/rosapi_msgs/lib/python3.10/site-packages:/home/jason/Desktop/STUDY/Cobra-Driver/workspace/install/yolov5_ros2/lib/python3.10/site-packages:/home/jason/Desktop/STUDY/Cobra-Driver/workspace/install/udp_to_ros/lib/python3.10/site-packages:/home/jason/Desktop/STUDY/Cobra-Driver/workspace/install/tcp_cam_sender/lib/python3.10/site-packages:/home/jason/Desktop/STUDY/Cobra-Driver/workspace/install/rosbridge_test_msgs/lib/python3.10/site-packages:/home/jason/Desktop/STUDY/Cobra-Driver/workspace/install/rosbridge_server/lib/python3.10/site-packages:/home/jason/Desktop/STUDY/Cobra-Driver/workspace/install/common/lib/python3.10/site-packages:/opt/ros/iron/lib/python3.10/site-packages /home/jason/.local/bin/cmake --install /home/jason/Desktop/STUDY/Cobra-Driver/workspace/build/rosbridge_server
