[3.698s] Invoking command in '/home/sbel/Desktop/Cobra-Driver/workspace/src/common': PYTHONPATH=/home/sbel/Desktop/Cobra-Driver/workspace/build/common/prefix_override:/home/sbel/Desktop/Cobra-Driver/workspace/install/common/lib/python3.8/site-packages:${PYTHONPATH} /usr/bin/python3 setup.py egg_info --egg-base ../../build/common build --build-base /home/sbel/Desktop/Cobra-Driver/workspace/build/common/build install --record /home/sbel/Desktop/Cobra-Driver/workspace/build/common/install.log --single-version-externally-managed
[4.191s] running egg_info
[4.192s] creating ../../build/common/common.egg-info
[4.225s] writing ../../build/common/common.egg-info/PKG-INFO
[4.227s] writing dependency_links to ../../build/common/common.egg-info/dependency_links.txt
[4.227s] writing requirements to ../../build/common/common.egg-info/requires.txt
[4.227s] writing top-level names to ../../build/common/common.egg-info/top_level.txt
[4.428s] writing manifest file '../../build/common/common.egg-info/SOURCES.txt'
[4.496s] reading manifest file '../../build/common/common.egg-info/SOURCES.txt'
[4.497s] writing manifest file '../../build/common/common.egg-info/SOURCES.txt'
[4.497s] running build
[4.497s] running build_py
[4.498s] creating /home/sbel/Desktop/Cobra-Driver/workspace/build/common/build
[4.498s] creating /home/sbel/Desktop/Cobra-Driver/workspace/build/common/build/lib
[4.498s] creating /home/sbel/Desktop/Cobra-Driver/workspace/build/common/build/lib/common
[4.498s] copying common/__init__.py -> /home/sbel/Desktop/Cobra-Driver/workspace/build/common/build/lib/common
[4.499s] running install
[4.500s] /home/sbel/.local/lib/python3.8/site-packages/setuptools/_distutils/cmd.py:66: SetuptoolsDeprecationWarning: setup.py install is deprecated.
[4.500s] !!
[4.500s] 
[4.500s]         ********************************************************************************
[4.500s]         Please avoid running ``setup.py`` directly.
[4.500s]         Instead, use pypa/build, pypa/installer or other
[4.500s]         standards-based tools.
[4.500s] 
[4.501s]         See https://blog.ganssle.io/articles/2021/10/setup-py-deprecated.html for details.
[4.501s]         ********************************************************************************
[4.501s] 
[4.501s] !!
[4.501s]   self.initialize_options()
[4.530s] running install_lib
[4.544s] creating /home/sbel/Desktop/Cobra-Driver/workspace/install/common/lib/python3.8/site-packages/common
[4.545s] copying /home/sbel/Desktop/Cobra-Driver/workspace/build/common/build/lib/common/__init__.py -> /home/sbel/Desktop/Cobra-Driver/workspace/install/common/lib/python3.8/site-packages/common
[4.546s] byte-compiling /home/sbel/Desktop/Cobra-Driver/workspace/install/common/lib/python3.8/site-packages/common/__init__.py to __init__.cpython-38.pyc
[4.547s] running install_data
[4.579s] creating /home/sbel/Desktop/Cobra-Driver/workspace/install/common/share/ament_index
[4.581s] creating /home/sbel/Desktop/Cobra-Driver/workspace/install/common/share/ament_index/resource_index
[4.581s] creating /home/sbel/Desktop/Cobra-Driver/workspace/install/common/share/ament_index/resource_index/packages
[4.581s] copying resource/common -> /home/sbel/Desktop/Cobra-Driver/workspace/install/common/share/ament_index/resource_index/packages
[4.581s] copying package.xml -> /home/sbel/Desktop/Cobra-Driver/workspace/install/common/share/common
[4.582s] copying remoteop.launch.py -> /home/sbel/Desktop/Cobra-Driver/workspace/install/common/share/common
[4.587s] running install_egg_info
[4.623s] Copying ../../build/common/common.egg-info to /home/sbel/Desktop/Cobra-Driver/workspace/install/common/lib/python3.8/site-packages/common-0.0.0-py3.8.egg-info
[4.625s] running install_scripts
[4.733s] writing list of installed files to '/home/sbel/Desktop/Cobra-Driver/workspace/build/common/install.log'
[4.938s] Invoked command in '/home/sbel/Desktop/Cobra-Driver/workspace/src/common' returned '0': PYTHONPATH=/home/sbel/Desktop/Cobra-Driver/workspace/build/common/prefix_override:/home/sbel/Desktop/Cobra-Driver/workspace/install/common/lib/python3.8/site-packages:${PYTHONPATH} /usr/bin/python3 setup.py egg_info --egg-base ../../build/common build --build-base /home/sbel/Desktop/Cobra-Driver/workspace/build/common/build install --record /home/sbel/Desktop/Cobra-Driver/workspace/build/common/install.log --single-version-externally-managed
