[3.462s] Invoking command in '/home/sbel/Desktop/Cobra-Driver/workspace/src/tcp_cam_sender': PYTHONPATH=/home/sbel/Desktop/Cobra-Driver/workspace/build/tcp_cam_sender/prefix_override:/home/sbel/Desktop/Cobra-Driver/workspace/install/tcp_cam_sender/lib/python3.8/site-packages:${PYTHONPATH} /usr/bin/python3 setup.py egg_info --egg-base ../../build/tcp_cam_sender build --build-base /home/sbel/Desktop/Cobra-Driver/workspace/build/tcp_cam_sender/build install --record /home/sbel/Desktop/Cobra-Driver/workspace/build/tcp_cam_sender/install.log --single-version-externally-managed
[3.948s] running egg_info
[3.982s] writing ../../build/tcp_cam_sender/tcp_cam_sender.egg-info/PKG-INFO
[3.983s] writing dependency_links to ../../build/tcp_cam_sender/tcp_cam_sender.egg-info/dependency_links.txt
[3.987s] writing entry points to ../../build/tcp_cam_sender/tcp_cam_sender.egg-info/entry_points.txt
[3.989s] writing requirements to ../../build/tcp_cam_sender/tcp_cam_sender.egg-info/requires.txt
[3.989s] writing top-level names to ../../build/tcp_cam_sender/tcp_cam_sender.egg-info/top_level.txt
[4.255s] reading manifest file '../../build/tcp_cam_sender/tcp_cam_sender.egg-info/SOURCES.txt'
[4.257s] writing manifest file '../../build/tcp_cam_sender/tcp_cam_sender.egg-info/SOURCES.txt'
[4.258s] running build
[4.258s] running build_py
[4.260s] running install
[4.261s] /home/sbel/.local/lib/python3.8/site-packages/setuptools/_distutils/cmd.py:66: SetuptoolsDeprecationWarning: setup.py install is deprecated.
[4.261s] !!
[4.261s] 
[4.261s]         ********************************************************************************
[4.261s]         Please avoid running ``setup.py`` directly.
[4.262s]         Instead, use pypa/build, pypa/installer or other
[4.262s]         standards-based tools.
[4.262s] 
[4.262s]         See https://blog.ganssle.io/articles/2021/10/setup-py-deprecated.html for details.
[4.262s]         ********************************************************************************
[4.262s] 
[4.262s] !!
[4.263s]   self.initialize_options()
[4.272s] running install_lib
[4.307s] running install_data
[4.341s] running install_egg_info
[4.379s] removing '/home/sbel/Desktop/Cobra-Driver/workspace/install/tcp_cam_sender/lib/python3.8/site-packages/tcp_cam_sender-0.0.0-py3.8.egg-info' (and everything under it)
[4.380s] Copying ../../build/tcp_cam_sender/tcp_cam_sender.egg-info to /home/sbel/Desktop/Cobra-Driver/workspace/install/tcp_cam_sender/lib/python3.8/site-packages/tcp_cam_sender-0.0.0-py3.8.egg-info
[4.382s] running install_scripts
[4.493s] Installing tcp_cam_sender script to /home/sbel/Desktop/Cobra-Driver/workspace/install/tcp_cam_sender/lib/tcp_cam_sender
[4.494s] writing list of installed files to '/home/sbel/Desktop/Cobra-Driver/workspace/build/tcp_cam_sender/install.log'
[4.692s] Invoked command in '/home/sbel/Desktop/Cobra-Driver/workspace/src/tcp_cam_sender' returned '0': PYTHONPATH=/home/sbel/Desktop/Cobra-Driver/workspace/build/tcp_cam_sender/prefix_override:/home/sbel/Desktop/Cobra-Driver/workspace/install/tcp_cam_sender/lib/python3.8/site-packages:${PYTHONPATH} /usr/bin/python3 setup.py egg_info --egg-base ../../build/tcp_cam_sender build --build-base /home/sbel/Desktop/Cobra-Driver/workspace/build/tcp_cam_sender/build install --record /home/sbel/Desktop/Cobra-Driver/workspace/build/tcp_cam_sender/install.log --single-version-externally-managed
