[0.156s] Invoking command in '/home/sbel/Desktop/Cobra-Driver/workspace/build/rosbridge_msgs': CMAKE_PREFIX_PATH=${CMAKE_PREFIX_PATH}:/home/sbel/Desktop/Cobra-Driver/workspace/install/yolov5_ros2:/home/sbel/Desktop/Cobra-Driver/workspace/install/udp_to_ros:/home/sbel/Desktop/Cobra-Driver/workspace/install/common:/opt/ros/foxy /usr/bin/cmake /home/sbel/Desktop/Cobra-Driver/workspace/src/rosbridge_suite/rosbridge_msgs -DCMAKE_INSTALL_PREFIX=/home/sbel/Desktop/Cobra-Driver/workspace/install/rosbridge_msgs
[1.735s] -- The C compiler identification is GNU 9.4.0
[1.735s] -- The CXX compiler identification is GNU 9.4.0
[1.735s] -- Check for working C compiler: /usr/bin/cc
[1.735s] -- Check for working C compiler: /usr/bin/cc -- works
[1.736s] -- Detecting C compiler ABI info
[1.736s] -- Detecting C compiler ABI info - done
[1.736s] -- Detecting C compile features
[1.736s] -- Detecting C compile features - done
[1.736s] -- Check for working CXX compiler: /usr/bin/c++
[1.736s] -- Check for working CXX compiler: /usr/bin/c++ -- works
[1.738s] -- Detecting CXX compiler ABI info
[1.741s] -- Detecting CXX compiler ABI info - done
[1.742s] -- Detecting CXX compile features
[1.743s] -- Detecting CXX compile features - done
[1.744s] -- Found ament_cmake_ros: 0.9.2 (/opt/ros/foxy/share/ament_cmake_ros/cmake)
[1.744s] -- Found PythonInterp: /usr/bin/python3 (found suitable version "3.8.10", minimum required is "3") 
[1.745s] -- Using PYTHON_EXECUTABLE: /usr/bin/python3
[2.236s] -- Found builtin_interfaces: 1.0.0 (/opt/ros/foxy/share/builtin_interfaces/cmake)
[2.304s] -- Using all available rosidl_typesupport_c: rosidl_typesupport_fastrtps_c;rosidl_typesupport_introspection_c
[2.321s] -- Found rosidl_adapter: 1.3.1 (/opt/ros/foxy/share/rosidl_adapter/cmake)
[2.583s] -- Found OpenSSL: /usr/lib/aarch64-linux-gnu/libcrypto.so (found version "1.1.1f")  
[2.662s] -- Found FastRTPS: /opt/ros/foxy/include  
[2.858s] -- Using all available rosidl_typesupport_cpp: rosidl_typesupport_fastrtps_cpp;rosidl_typesupport_introspection_cpp
[2.926s] -- Found rosidl_default_generators: 1.0.1 (/opt/ros/foxy/share/rosidl_default_generators/cmake)
[3.020s] -- Found PythonInterp: /usr/bin/python3 (found version "3.8.10") 
[3.708s] -- Using all available rosidl_typesupport_c: rosidl_typesupport_fastrtps_c;rosidl_typesupport_introspection_c
[3.741s] -- Using all available rosidl_typesupport_cpp: rosidl_typesupport_fastrtps_cpp;rosidl_typesupport_introspection_cpp
[3.803s] -- Found PythonInterp: /usr/bin/python3 (found suitable version "3.8.10", minimum required is "3.5") 
[3.814s] -- Found python_cmake_module: 0.8.1 (/opt/ros/foxy/share/python_cmake_module/cmake)
[3.893s] -- Found PythonLibs: /usr/lib/aarch64-linux-gnu/libpython3.8.so (found suitable version "3.8.10", minimum required is "3.5") 
[3.894s] -- Using PYTHON_EXECUTABLE: /usr/bin/python3
[3.894s] -- Using PYTHON_INCLUDE_DIRS: /usr/include/python3.8
[3.894s] -- Using PYTHON_LIBRARIES: /usr/lib/aarch64-linux-gnu/libpython3.8.so
[3.951s] -- Found PythonExtra: .so  
[4.403s] -- Configuring done
[4.512s] -- Generating done
[4.520s] -- Build files have been written to: /home/sbel/Desktop/Cobra-Driver/workspace/build/rosbridge_msgs
[4.574s] Invoked command in '/home/sbel/Desktop/Cobra-Driver/workspace/build/rosbridge_msgs' returned '0': CMAKE_PREFIX_PATH=${CMAKE_PREFIX_PATH}:/home/sbel/Desktop/Cobra-Driver/workspace/install/yolov5_ros2:/home/sbel/Desktop/Cobra-Driver/workspace/install/udp_to_ros:/home/sbel/Desktop/Cobra-Driver/workspace/install/common:/opt/ros/foxy /usr/bin/cmake /home/sbel/Desktop/Cobra-Driver/workspace/src/rosbridge_suite/rosbridge_msgs -DCMAKE_INSTALL_PREFIX=/home/sbel/Desktop/Cobra-Driver/workspace/install/rosbridge_msgs
[4.576s] Invoking command in '/home/sbel/Desktop/Cobra-Driver/workspace/build/rosbridge_msgs': CMAKE_PREFIX_PATH=${CMAKE_PREFIX_PATH}:/home/sbel/Desktop/Cobra-Driver/workspace/install/yolov5_ros2:/home/sbel/Desktop/Cobra-Driver/workspace/install/udp_to_ros:/home/sbel/Desktop/Cobra-Driver/workspace/install/common:/opt/ros/foxy /usr/bin/cmake --build /home/sbel/Desktop/Cobra-Driver/workspace/build/rosbridge_msgs -- -j8 -l8
[4.739s] [  2%] [34m[1mGenerating C code for ROS interfaces[0m
[4.740s] [35m[1mScanning dependencies of target rosbridge_msgs__cpp[0m
[4.759s] [  5%] [34m[1mGenerating C++ code for ROS interfaces[0m
[5.421s] [  5%] Built target rosbridge_msgs__cpp
[5.444s] [  7%] [34m[1mGenerating C++ introspection for ROS interfaces[0m
[5.445s] [ 10%] [34m[1mGenerating C++ type support dispatch for ROS interfaces[0m
[5.446s] [35m[1mScanning dependencies of target rosbridge_msgs__rosidl_generator_c[0m
[5.454s] [ 12%] [34m[1mGenerating C++ type support for eProsima Fast-RTPS[0m
[5.516s] [ 15%] [32mBuilding C object CMakeFiles/rosbridge_msgs__rosidl_generator_c.dir/rosidl_generator_c/rosbridge_msgs/msg/detail/connected_client__functions.c.o[0m
[5.533s] [ 17%] [32mBuilding C object CMakeFiles/rosbridge_msgs__rosidl_generator_c.dir/rosidl_generator_c/rosbridge_msgs/msg/detail/connected_clients__functions.c.o[0m
[5.747s] [ 20%] [32m[1mLinking C shared library librosbridge_msgs__rosidl_generator_c.so[0m
[5.854s] [ 20%] Built target rosbridge_msgs__rosidl_generator_c
[5.950s] [ 23%] [34m[1mGenerating C type support dispatch for ROS interfaces[0m
[5.967s] [ 25%] [34m[1mGenerating C introspection for ROS interfaces[0m
[6.040s] [35m[1mScanning dependencies of target rosbridge_msgs__rosidl_typesupport_cpp[0m
[6.117s] [ 28%] [32mBuilding CXX object CMakeFiles/rosbridge_msgs__rosidl_typesupport_cpp.dir/rosidl_typesupport_cpp/rosbridge_msgs/msg/connected_client__type_support.cpp.o[0m
[6.124s] [ 30%] [32mBuilding CXX object CMakeFiles/rosbridge_msgs__rosidl_typesupport_cpp.dir/rosidl_typesupport_cpp/rosbridge_msgs/msg/connected_clients__type_support.cpp.o[0m
[6.160s] [35m[1mScanning dependencies of target rosbridge_msgs__rosidl_typesupport_introspection_cpp[0m
[6.212s] [35m[1mScanning dependencies of target rosbridge_msgs__rosidl_typesupport_fastrtps_cpp[0m
[6.274s] [ 33%] [32mBuilding CXX object CMakeFiles/rosbridge_msgs__rosidl_typesupport_introspection_cpp.dir/rosidl_typesupport_introspection_cpp/rosbridge_msgs/msg/detail/connected_client__type_support.cpp.o[0m
[6.317s] [ 35%] [32mBuilding CXX object CMakeFiles/rosbridge_msgs__rosidl_typesupport_introspection_cpp.dir/rosidl_typesupport_introspection_cpp/rosbridge_msgs/msg/detail/connected_clients__type_support.cpp.o[0m
[6.334s] [ 38%] [32mBuilding CXX object CMakeFiles/rosbridge_msgs__rosidl_typesupport_fastrtps_cpp.dir/rosidl_typesupport_fastrtps_cpp/rosbridge_msgs/msg/detail/dds_fastrtps/connected_client__type_support.cpp.o[0m
[6.340s] [ 41%] [32mBuilding CXX object CMakeFiles/rosbridge_msgs__rosidl_typesupport_fastrtps_cpp.dir/rosidl_typesupport_fastrtps_cpp/rosbridge_msgs/msg/detail/dds_fastrtps/connected_clients__type_support.cpp.o[0m
[6.739s] [35m[1mScanning dependencies of target rosbridge_msgs__rosidl_typesupport_c[0m
[6.785s] [35m[1mScanning dependencies of target rosbridge_msgs__rosidl_typesupport_introspection_c[0m
[6.866s] [ 43%] [32mBuilding CXX object CMakeFiles/rosbridge_msgs__rosidl_typesupport_c.dir/rosidl_typesupport_c/rosbridge_msgs/msg/connected_client__type_support.cpp.o[0m
[6.942s] [ 46%] [32mBuilding C object CMakeFiles/rosbridge_msgs__rosidl_typesupport_introspection_c.dir/rosidl_typesupport_introspection_c/rosbridge_msgs/msg/detail/connected_client__type_support.c.o[0m
[7.129s] [ 48%] [32mBuilding CXX object CMakeFiles/rosbridge_msgs__rosidl_typesupport_c.dir/rosidl_typesupport_c/rosbridge_msgs/msg/connected_clients__type_support.cpp.o[0m
[7.172s] [ 51%] [32mBuilding C object CMakeFiles/rosbridge_msgs__rosidl_typesupport_introspection_c.dir/rosidl_typesupport_introspection_c/rosbridge_msgs/msg/detail/connected_clients__type_support.c.o[0m
[7.228s] [ 53%] [32m[1mLinking CXX shared library librosbridge_msgs__rosidl_typesupport_cpp.so[0m
[7.370s] [ 56%] [32m[1mLinking CXX shared library librosbridge_msgs__rosidl_typesupport_c.so[0m
[7.433s] [ 58%] [32m[1mLinking C shared library librosbridge_msgs__rosidl_typesupport_introspection_c.so[0m
[7.470s] [ 58%] Built target rosbridge_msgs__rosidl_typesupport_cpp
[7.549s] [ 61%] [32m[1mLinking CXX shared library librosbridge_msgs__rosidl_typesupport_introspection_cpp.so[0m
[7.598s] [ 61%] Built target rosbridge_msgs__rosidl_typesupport_c
[7.637s] [ 61%] Built target rosbridge_msgs__rosidl_typesupport_introspection_c
[7.795s] [ 61%] Built target rosbridge_msgs__rosidl_typesupport_introspection_cpp
[8.033s] [ 64%] [32m[1mLinking CXX shared library librosbridge_msgs__rosidl_typesupport_fastrtps_cpp.so[0m
[8.272s] [ 64%] Built target rosbridge_msgs__rosidl_typesupport_fastrtps_cpp
[8.293s] [ 66%] [34m[1mGenerating C type support for eProsima Fast-RTPS[0m
[8.959s] [35m[1mScanning dependencies of target rosbridge_msgs__rosidl_typesupport_fastrtps_c[0m
[9.148s] [ 69%] [32mBuilding CXX object CMakeFiles/rosbridge_msgs__rosidl_typesupport_fastrtps_c.dir/rosidl_typesupport_fastrtps_c/rosbridge_msgs/msg/detail/connected_client__type_support_c.cpp.o[0m
[9.158s] [ 71%] [32mBuilding CXX object CMakeFiles/rosbridge_msgs__rosidl_typesupport_fastrtps_c.dir/rosidl_typesupport_fastrtps_c/rosbridge_msgs/msg/detail/connected_clients__type_support_c.cpp.o[0m
[11.027s] [ 74%] [32m[1mLinking CXX shared library librosbridge_msgs__rosidl_typesupport_fastrtps_c.so[0m
[11.757s] [ 74%] Built target rosbridge_msgs__rosidl_typesupport_fastrtps_c
[11.883s] [35m[1mScanning dependencies of target rosbridge_msgs[0m
[11.988s] [ 74%] Built target rosbridge_msgs
[12.101s] [35m[1mScanning dependencies of target rosbridge_msgs__py[0m
[12.231s] [ 76%] [34m[1mGenerating Python code for ROS interfaces[0m
[15.042s] [ 76%] Built target rosbridge_msgs__py
[15.193s] [35m[1mScanning dependencies of target rosbridge_msgs__python[0m
[15.413s] [ 79%] [32mBuilding C object CMakeFiles/rosbridge_msgs__python.dir/rosidl_generator_py/rosbridge_msgs/msg/_connected_client_s.c.o[0m
[15.425s] [ 82%] [32mBuilding C object CMakeFiles/rosbridge_msgs__python.dir/rosidl_generator_py/rosbridge_msgs/msg/_connected_clients_s.c.o[0m
[16.279s] [ 84%] [32m[1mLinking C shared library rosidl_generator_py/rosbridge_msgs/librosbridge_msgs__python.so[0m
[16.658s] [ 84%] Built target rosbridge_msgs__python
[16.795s] [35m[1mScanning dependencies of target rosbridge_msgs__rosidl_typesupport_fastrtps_c__pyext[0m
[16.809s] [35m[1mScanning dependencies of target rosbridge_msgs__rosidl_typesupport_introspection_c__pyext[0m
[16.861s] [35m[1mScanning dependencies of target rosbridge_msgs__rosidl_typesupport_c__pyext[0m
[16.974s] [ 87%] [32mBuilding C object CMakeFiles/rosbridge_msgs__rosidl_typesupport_introspection_c__pyext.dir/rosidl_generator_py/rosbridge_msgs/_rosbridge_msgs_s.ep.rosidl_typesupport_introspection_c.c.o[0m
[17.046s] [ 89%] [32mBuilding C object CMakeFiles/rosbridge_msgs__rosidl_typesupport_fastrtps_c__pyext.dir/rosidl_generator_py/rosbridge_msgs/_rosbridge_msgs_s.ep.rosidl_typesupport_fastrtps_c.c.o[0m
[17.052s] [ 92%] [32mBuilding C object CMakeFiles/rosbridge_msgs__rosidl_typesupport_c__pyext.dir/rosidl_generator_py/rosbridge_msgs/_rosbridge_msgs_s.ep.rosidl_typesupport_c.c.o[0m
[17.608s] [ 94%] [32m[1mLinking CXX shared library rosidl_generator_py/rosbridge_msgs/rosbridge_msgs_s__rosidl_typesupport_fastrtps_c.cpython-38-aarch64-linux-gnu.so[0m
[17.680s] [ 97%] [32m[1mLinking C shared library rosidl_generator_py/rosbridge_msgs/rosbridge_msgs_s__rosidl_typesupport_introspection_c.cpython-38-aarch64-linux-gnu.so[0m
[17.877s] [100%] [32m[1mLinking C shared library rosidl_generator_py/rosbridge_msgs/rosbridge_msgs_s__rosidl_typesupport_c.cpython-38-aarch64-linux-gnu.so[0m
[18.068s] [100%] Built target rosbridge_msgs__rosidl_typesupport_introspection_c__pyext
[18.255s] [100%] Built target rosbridge_msgs__rosidl_typesupport_c__pyext
[18.307s] [100%] Built target rosbridge_msgs__rosidl_typesupport_fastrtps_c__pyext
[18.468s] Invoked command in '/home/sbel/Desktop/Cobra-Driver/workspace/build/rosbridge_msgs' returned '0': CMAKE_PREFIX_PATH=${CMAKE_PREFIX_PATH}:/home/sbel/Desktop/Cobra-Driver/workspace/install/yolov5_ros2:/home/sbel/Desktop/Cobra-Driver/workspace/install/udp_to_ros:/home/sbel/Desktop/Cobra-Driver/workspace/install/common:/opt/ros/foxy /usr/bin/cmake --build /home/sbel/Desktop/Cobra-Driver/workspace/build/rosbridge_msgs -- -j8 -l8
[20.374s] Invoking command in '/home/sbel/Desktop/Cobra-Driver/workspace/build/rosbridge_msgs': CMAKE_PREFIX_PATH=${CMAKE_PREFIX_PATH}:/home/sbel/Desktop/Cobra-Driver/workspace/install/yolov5_ros2:/home/sbel/Desktop/Cobra-Driver/workspace/install/udp_to_ros:/home/sbel/Desktop/Cobra-Driver/workspace/install/common:/opt/ros/foxy /usr/bin/cmake --install /home/sbel/Desktop/Cobra-Driver/workspace/build/rosbridge_msgs
[20.509s] -- Install configuration: ""
[20.511s] -- Installing: /home/sbel/Desktop/Cobra-Driver/workspace/install/rosbridge_msgs/share/ament_index/resource_index/rosidl_interfaces/rosbridge_msgs
[20.523s] -- Installing: /home/sbel/Desktop/Cobra-Driver/workspace/install/rosbridge_msgs/include/rosbridge_msgs
[20.523s] -- Installing: /home/sbel/Desktop/Cobra-Driver/workspace/install/rosbridge_msgs/include/rosbridge_msgs/msg
[20.534s] -- Installing: /home/sbel/Desktop/Cobra-Driver/workspace/install/rosbridge_msgs/include/rosbridge_msgs/msg/connected_clients.h
[20.535s] -- Installing: /home/sbel/Desktop/Cobra-Driver/workspace/install/rosbridge_msgs/include/rosbridge_msgs/msg/detail
[20.536s] -- Installing: /home/sbel/Desktop/Cobra-Driver/workspace/install/rosbridge_msgs/include/rosbridge_msgs/msg/detail/connected_client__type_support.h
[20.538s] -- Installing: /home/sbel/Desktop/Cobra-Driver/workspace/install/rosbridge_msgs/include/rosbridge_msgs/msg/detail/connected_clients__struct.h
[20.550s] -- Installing: /home/sbel/Desktop/Cobra-Driver/workspace/install/rosbridge_msgs/include/rosbridge_msgs/msg/detail/connected_clients__functions.h
[20.552s] -- Installing: /home/sbel/Desktop/Cobra-Driver/workspace/install/rosbridge_msgs/include/rosbridge_msgs/msg/detail/connected_client__struct.h
[20.566s] -- Installing: /home/sbel/Desktop/Cobra-Driver/workspace/install/rosbridge_msgs/include/rosbridge_msgs/msg/detail/connected_clients__functions.c
[20.567s] -- Installing: /home/sbel/Desktop/Cobra-Driver/workspace/install/rosbridge_msgs/include/rosbridge_msgs/msg/detail/connected_client__functions.c
[20.567s] -- Installing: /home/sbel/Desktop/Cobra-Driver/workspace/install/rosbridge_msgs/include/rosbridge_msgs/msg/detail/connected_clients__type_support.h
[20.569s] -- Installing: /home/sbel/Desktop/Cobra-Driver/workspace/install/rosbridge_msgs/include/rosbridge_msgs/msg/detail/connected_client__functions.h
[20.569s] -- Installing: /home/sbel/Desktop/Cobra-Driver/workspace/install/rosbridge_msgs/include/rosbridge_msgs/msg/rosidl_generator_c__visibility_control.h
[20.569s] -- Installing: /home/sbel/Desktop/Cobra-Driver/workspace/install/rosbridge_msgs/include/rosbridge_msgs/msg/connected_client.h
[20.570s] -- Installing: /home/sbel/Desktop/Cobra-Driver/workspace/install/rosbridge_msgs/share/rosbridge_msgs/environment/library_path.sh
[20.570s] -- Installing: /home/sbel/Desktop/Cobra-Driver/workspace/install/rosbridge_msgs/share/rosbridge_msgs/environment/library_path.dsv
[20.570s] -- Installing: /home/sbel/Desktop/Cobra-Driver/workspace/install/rosbridge_msgs/lib/librosbridge_msgs__rosidl_generator_c.so
[20.570s] -- Set runtime path of "/home/sbel/Desktop/Cobra-Driver/workspace/install/rosbridge_msgs/lib/librosbridge_msgs__rosidl_generator_c.so" to ""
[20.571s] -- Up-to-date: /home/sbel/Desktop/Cobra-Driver/workspace/install/rosbridge_msgs/include/rosbridge_msgs
[20.571s] -- Up-to-date: /home/sbel/Desktop/Cobra-Driver/workspace/install/rosbridge_msgs/include/rosbridge_msgs/msg
[20.571s] -- Up-to-date: /home/sbel/Desktop/Cobra-Driver/workspace/install/rosbridge_msgs/include/rosbridge_msgs/msg/detail
[20.571s] -- Installing: /home/sbel/Desktop/Cobra-Driver/workspace/install/rosbridge_msgs/include/rosbridge_msgs/msg/detail/connected_client__rosidl_typesupport_fastrtps_c.h
[20.571s] -- Installing: /home/sbel/Desktop/Cobra-Driver/workspace/install/rosbridge_msgs/include/rosbridge_msgs/msg/detail/connected_clients__rosidl_typesupport_fastrtps_c.h
[20.572s] -- Installing: /home/sbel/Desktop/Cobra-Driver/workspace/install/rosbridge_msgs/include/rosbridge_msgs/msg/rosidl_typesupport_fastrtps_c__visibility_control.h
[20.572s] -- Installing: /home/sbel/Desktop/Cobra-Driver/workspace/install/rosbridge_msgs/lib/librosbridge_msgs__rosidl_typesupport_fastrtps_c.so
[20.572s] -- Set runtime path of "/home/sbel/Desktop/Cobra-Driver/workspace/install/rosbridge_msgs/lib/librosbridge_msgs__rosidl_typesupport_fastrtps_c.so" to ""
[20.572s] -- Up-to-date: /home/sbel/Desktop/Cobra-Driver/workspace/install/rosbridge_msgs/include/rosbridge_msgs
[20.572s] -- Up-to-date: /home/sbel/Desktop/Cobra-Driver/workspace/install/rosbridge_msgs/include/rosbridge_msgs/msg
[20.572s] -- Up-to-date: /home/sbel/Desktop/Cobra-Driver/workspace/install/rosbridge_msgs/include/rosbridge_msgs/msg/detail
[20.572s] -- Installing: /home/sbel/Desktop/Cobra-Driver/workspace/install/rosbridge_msgs/include/rosbridge_msgs/msg/detail/connected_clients__rosidl_typesupport_fastrtps_cpp.hpp
[20.572s] -- Installing: /home/sbel/Desktop/Cobra-Driver/workspace/install/rosbridge_msgs/include/rosbridge_msgs/msg/detail/connected_client__rosidl_typesupport_fastrtps_cpp.hpp
[20.573s] -- Installing: /home/sbel/Desktop/Cobra-Driver/workspace/install/rosbridge_msgs/include/rosbridge_msgs/msg/detail/dds_fastrtps
[20.573s] -- Installing: /home/sbel/Desktop/Cobra-Driver/workspace/install/rosbridge_msgs/include/rosbridge_msgs/msg/rosidl_typesupport_fastrtps_cpp__visibility_control.h
[20.573s] -- Installing: /home/sbel/Desktop/Cobra-Driver/workspace/install/rosbridge_msgs/lib/librosbridge_msgs__rosidl_typesupport_fastrtps_cpp.so
[20.583s] -- Set runtime path of "/home/sbel/Desktop/Cobra-Driver/workspace/install/rosbridge_msgs/lib/librosbridge_msgs__rosidl_typesupport_fastrtps_cpp.so" to ""
[20.583s] -- Up-to-date: /home/sbel/Desktop/Cobra-Driver/workspace/install/rosbridge_msgs/include/rosbridge_msgs
[20.583s] -- Up-to-date: /home/sbel/Desktop/Cobra-Driver/workspace/install/rosbridge_msgs/include/rosbridge_msgs/msg
[20.584s] -- Installing: /home/sbel/Desktop/Cobra-Driver/workspace/install/rosbridge_msgs/include/rosbridge_msgs/msg/rosidl_typesupport_introspection_c__visibility_control.h
[20.584s] -- Up-to-date: /home/sbel/Desktop/Cobra-Driver/workspace/install/rosbridge_msgs/include/rosbridge_msgs/msg/detail
[20.584s] -- Installing: /home/sbel/Desktop/Cobra-Driver/workspace/install/rosbridge_msgs/include/rosbridge_msgs/msg/detail/connected_client__type_support.c
[20.584s] -- Installing: /home/sbel/Desktop/Cobra-Driver/workspace/install/rosbridge_msgs/include/rosbridge_msgs/msg/detail/connected_clients__type_support.c
[20.584s] -- Installing: /home/sbel/Desktop/Cobra-Driver/workspace/install/rosbridge_msgs/include/rosbridge_msgs/msg/detail/connected_clients__rosidl_typesupport_introspection_c.h
[20.585s] -- Installing: /home/sbel/Desktop/Cobra-Driver/workspace/install/rosbridge_msgs/include/rosbridge_msgs/msg/detail/connected_client__rosidl_typesupport_introspection_c.h
[20.585s] -- Installing: /home/sbel/Desktop/Cobra-Driver/workspace/install/rosbridge_msgs/lib/librosbridge_msgs__rosidl_typesupport_introspection_c.so
[20.585s] -- Set runtime path of "/home/sbel/Desktop/Cobra-Driver/workspace/install/rosbridge_msgs/lib/librosbridge_msgs__rosidl_typesupport_introspection_c.so" to ""
[20.585s] -- Installing: /home/sbel/Desktop/Cobra-Driver/workspace/install/rosbridge_msgs/lib/librosbridge_msgs__rosidl_typesupport_c.so
[20.586s] -- Set runtime path of "/home/sbel/Desktop/Cobra-Driver/workspace/install/rosbridge_msgs/lib/librosbridge_msgs__rosidl_typesupport_c.so" to ""
[20.586s] -- Up-to-date: /home/sbel/Desktop/Cobra-Driver/workspace/install/rosbridge_msgs/include/rosbridge_msgs
[20.586s] -- Up-to-date: /home/sbel/Desktop/Cobra-Driver/workspace/install/rosbridge_msgs/include/rosbridge_msgs/msg
[20.586s] -- Installing: /home/sbel/Desktop/Cobra-Driver/workspace/install/rosbridge_msgs/include/rosbridge_msgs/msg/connected_client.hpp
[20.587s] -- Up-to-date: /home/sbel/Desktop/Cobra-Driver/workspace/install/rosbridge_msgs/include/rosbridge_msgs/msg/detail
[20.587s] -- Installing: /home/sbel/Desktop/Cobra-Driver/workspace/install/rosbridge_msgs/include/rosbridge_msgs/msg/detail/connected_client__builder.hpp
[20.587s] -- Installing: /home/sbel/Desktop/Cobra-Driver/workspace/install/rosbridge_msgs/include/rosbridge_msgs/msg/detail/connected_client__traits.hpp
[20.587s] -- Installing: /home/sbel/Desktop/Cobra-Driver/workspace/install/rosbridge_msgs/include/rosbridge_msgs/msg/detail/connected_client__type_support.hpp
[20.587s] -- Installing: /home/sbel/Desktop/Cobra-Driver/workspace/install/rosbridge_msgs/include/rosbridge_msgs/msg/detail/connected_client__struct.hpp
[20.587s] -- Installing: /home/sbel/Desktop/Cobra-Driver/workspace/install/rosbridge_msgs/include/rosbridge_msgs/msg/detail/connected_clients__builder.hpp
[20.588s] -- Installing: /home/sbel/Desktop/Cobra-Driver/workspace/install/rosbridge_msgs/include/rosbridge_msgs/msg/detail/connected_clients__traits.hpp
[20.588s] -- Installing: /home/sbel/Desktop/Cobra-Driver/workspace/install/rosbridge_msgs/include/rosbridge_msgs/msg/detail/connected_clients__type_support.hpp
[20.588s] -- Installing: /home/sbel/Desktop/Cobra-Driver/workspace/install/rosbridge_msgs/include/rosbridge_msgs/msg/detail/connected_clients__struct.hpp
[20.588s] -- Installing: /home/sbel/Desktop/Cobra-Driver/workspace/install/rosbridge_msgs/include/rosbridge_msgs/msg/connected_clients.hpp
[20.588s] -- Installing: /home/sbel/Desktop/Cobra-Driver/workspace/install/rosbridge_msgs/include/rosbridge_msgs/msg/rosidl_generator_cpp__visibility_control.hpp
[20.589s] -- Up-to-date: /home/sbel/Desktop/Cobra-Driver/workspace/install/rosbridge_msgs/include/rosbridge_msgs
[20.589s] -- Up-to-date: /home/sbel/Desktop/Cobra-Driver/workspace/install/rosbridge_msgs/include/rosbridge_msgs/msg
[20.589s] -- Up-to-date: /home/sbel/Desktop/Cobra-Driver/workspace/install/rosbridge_msgs/include/rosbridge_msgs/msg/detail
[20.590s] -- Installing: /home/sbel/Desktop/Cobra-Driver/workspace/install/rosbridge_msgs/include/rosbridge_msgs/msg/detail/connected_client__rosidl_typesupport_introspection_cpp.hpp
[20.590s] -- Installing: /home/sbel/Desktop/Cobra-Driver/workspace/install/rosbridge_msgs/include/rosbridge_msgs/msg/detail/connected_clients__rosidl_typesupport_introspection_cpp.hpp
[20.590s] -- Installing: /home/sbel/Desktop/Cobra-Driver/workspace/install/rosbridge_msgs/include/rosbridge_msgs/msg/detail/connected_clients__type_support.cpp
[20.590s] -- Installing: /home/sbel/Desktop/Cobra-Driver/workspace/install/rosbridge_msgs/include/rosbridge_msgs/msg/detail/connected_client__type_support.cpp
[20.591s] -- Installing: /home/sbel/Desktop/Cobra-Driver/workspace/install/rosbridge_msgs/lib/librosbridge_msgs__rosidl_typesupport_introspection_cpp.so
[20.592s] -- Set runtime path of "/home/sbel/Desktop/Cobra-Driver/workspace/install/rosbridge_msgs/lib/librosbridge_msgs__rosidl_typesupport_introspection_cpp.so" to ""
[20.592s] -- Installing: /home/sbel/Desktop/Cobra-Driver/workspace/install/rosbridge_msgs/lib/librosbridge_msgs__rosidl_typesupport_cpp.so
[20.592s] -- Set runtime path of "/home/sbel/Desktop/Cobra-Driver/workspace/install/rosbridge_msgs/lib/librosbridge_msgs__rosidl_typesupport_cpp.so" to ""
[20.592s] -- Installing: /home/sbel/Desktop/Cobra-Driver/workspace/install/rosbridge_msgs/share/rosbridge_msgs/environment/pythonpath.sh
[20.593s] -- Installing: /home/sbel/Desktop/Cobra-Driver/workspace/install/rosbridge_msgs/share/rosbridge_msgs/environment/pythonpath.dsv
[20.594s] -- Installing: /home/sbel/Desktop/Cobra-Driver/workspace/install/rosbridge_msgs/lib/python3.8/site-packages/rosbridge_msgs/__init__.py
[21.374s] Compiling '/home/sbel/Desktop/Cobra-Driver/workspace/install/rosbridge_msgs/lib/python3.8/site-packages/rosbridge_msgs/__init__.py'...
[21.429s] -- Installing: /home/sbel/Desktop/Cobra-Driver/workspace/install/rosbridge_msgs/lib/python3.8/site-packages/rosbridge_msgs/msg
[21.429s] -- Installing: /home/sbel/Desktop/Cobra-Driver/workspace/install/rosbridge_msgs/lib/python3.8/site-packages/rosbridge_msgs/msg/_connected_client_s.c
[21.430s] -- Installing: /home/sbel/Desktop/Cobra-Driver/workspace/install/rosbridge_msgs/lib/python3.8/site-packages/rosbridge_msgs/msg/_connected_clients.py
[21.430s] -- Installing: /home/sbel/Desktop/Cobra-Driver/workspace/install/rosbridge_msgs/lib/python3.8/site-packages/rosbridge_msgs/msg/__init__.py
[21.430s] -- Installing: /home/sbel/Desktop/Cobra-Driver/workspace/install/rosbridge_msgs/lib/python3.8/site-packages/rosbridge_msgs/msg/_connected_clients_s.c
[21.430s] -- Installing: /home/sbel/Desktop/Cobra-Driver/workspace/install/rosbridge_msgs/lib/python3.8/site-packages/rosbridge_msgs/msg/_connected_client.py
[21.430s] -- Installing: /home/sbel/Desktop/Cobra-Driver/workspace/install/rosbridge_msgs/lib/python3.8/site-packages/rosbridge_msgs/rosbridge_msgs_s__rosidl_typesupport_fastrtps_c.cpython-38-aarch64-linux-gnu.so
[21.432s] -- Set runtime path of "/home/sbel/Desktop/Cobra-Driver/workspace/install/rosbridge_msgs/lib/python3.8/site-packages/rosbridge_msgs/rosbridge_msgs_s__rosidl_typesupport_fastrtps_c.cpython-38-aarch64-linux-gnu.so" to ""
[21.432s] -- Installing: /home/sbel/Desktop/Cobra-Driver/workspace/install/rosbridge_msgs/lib/python3.8/site-packages/rosbridge_msgs/rosbridge_msgs_s__rosidl_typesupport_introspection_c.cpython-38-aarch64-linux-gnu.so
[21.433s] -- Set runtime path of "/home/sbel/Desktop/Cobra-Driver/workspace/install/rosbridge_msgs/lib/python3.8/site-packages/rosbridge_msgs/rosbridge_msgs_s__rosidl_typesupport_introspection_c.cpython-38-aarch64-linux-gnu.so" to ""
[21.434s] -- Installing: /home/sbel/Desktop/Cobra-Driver/workspace/install/rosbridge_msgs/lib/python3.8/site-packages/rosbridge_msgs/rosbridge_msgs_s__rosidl_typesupport_c.cpython-38-aarch64-linux-gnu.so
[21.435s] -- Set runtime path of "/home/sbel/Desktop/Cobra-Driver/workspace/install/rosbridge_msgs/lib/python3.8/site-packages/rosbridge_msgs/rosbridge_msgs_s__rosidl_typesupport_c.cpython-38-aarch64-linux-gnu.so" to ""
[21.435s] -- Installing: /home/sbel/Desktop/Cobra-Driver/workspace/install/rosbridge_msgs/lib/librosbridge_msgs__python.so
[21.436s] -- Set runtime path of "/home/sbel/Desktop/Cobra-Driver/workspace/install/rosbridge_msgs/lib/librosbridge_msgs__python.so" to ""
[21.437s] -- Installing: /home/sbel/Desktop/Cobra-Driver/workspace/install/rosbridge_msgs/share/rosbridge_msgs/msg/ConnectedClient.idl
[21.439s] -- Installing: /home/sbel/Desktop/Cobra-Driver/workspace/install/rosbridge_msgs/share/rosbridge_msgs/msg/ConnectedClients.idl
[21.441s] -- Installing: /home/sbel/Desktop/Cobra-Driver/workspace/install/rosbridge_msgs/share/rosbridge_msgs/msg/ConnectedClient.msg
[21.443s] -- Installing: /home/sbel/Desktop/Cobra-Driver/workspace/install/rosbridge_msgs/share/rosbridge_msgs/msg/ConnectedClients.msg
[21.445s] -- Installing: /home/sbel/Desktop/Cobra-Driver/workspace/install/rosbridge_msgs/share/ament_index/resource_index/package_run_dependencies/rosbridge_msgs
[21.448s] -- Installing: /home/sbel/Desktop/Cobra-Driver/workspace/install/rosbridge_msgs/share/ament_index/resource_index/parent_prefix_path/rosbridge_msgs
[21.450s] -- Installing: /home/sbel/Desktop/Cobra-Driver/workspace/install/rosbridge_msgs/share/rosbridge_msgs/environment/ament_prefix_path.sh
[21.450s] -- Installing: /home/sbel/Desktop/Cobra-Driver/workspace/install/rosbridge_msgs/share/rosbridge_msgs/environment/ament_prefix_path.dsv
[21.451s] -- Installing: /home/sbel/Desktop/Cobra-Driver/workspace/install/rosbridge_msgs/share/rosbridge_msgs/environment/path.sh
[21.452s] -- Installing: /home/sbel/Desktop/Cobra-Driver/workspace/install/rosbridge_msgs/share/rosbridge_msgs/environment/path.dsv
[21.458s] -- Installing: /home/sbel/Desktop/Cobra-Driver/workspace/install/rosbridge_msgs/share/rosbridge_msgs/local_setup.bash
[21.462s] -- Installing: /home/sbel/Desktop/Cobra-Driver/workspace/install/rosbridge_msgs/share/rosbridge_msgs/local_setup.sh
[21.465s] -- Installing: /home/sbel/Desktop/Cobra-Driver/workspace/install/rosbridge_msgs/share/rosbridge_msgs/local_setup.zsh
[21.468s] -- Installing: /home/sbel/Desktop/Cobra-Driver/workspace/install/rosbridge_msgs/share/rosbridge_msgs/local_setup.dsv
[21.475s] -- Installing: /home/sbel/Desktop/Cobra-Driver/workspace/install/rosbridge_msgs/share/rosbridge_msgs/package.dsv
[21.490s] -- Installing: /home/sbel/Desktop/Cobra-Driver/workspace/install/rosbridge_msgs/share/ament_index/resource_index/packages/rosbridge_msgs
[21.492s] -- Installing: /home/sbel/Desktop/Cobra-Driver/workspace/install/rosbridge_msgs/share/rosbridge_msgs/cmake/rosbridge_msgs__rosidl_generator_cExport.cmake
[21.493s] -- Installing: /home/sbel/Desktop/Cobra-Driver/workspace/install/rosbridge_msgs/share/rosbridge_msgs/cmake/rosbridge_msgs__rosidl_generator_cExport-noconfig.cmake
[21.494s] -- Installing: /home/sbel/Desktop/Cobra-Driver/workspace/install/rosbridge_msgs/share/rosbridge_msgs/cmake/rosbridge_msgs__rosidl_typesupport_introspection_cExport.cmake
[21.496s] -- Installing: /home/sbel/Desktop/Cobra-Driver/workspace/install/rosbridge_msgs/share/rosbridge_msgs/cmake/rosbridge_msgs__rosidl_typesupport_introspection_cExport-noconfig.cmake
[21.498s] -- Installing: /home/sbel/Desktop/Cobra-Driver/workspace/install/rosbridge_msgs/share/rosbridge_msgs/cmake/rosbridge_msgs__rosidl_typesupport_cExport.cmake
[21.500s] -- Installing: /home/sbel/Desktop/Cobra-Driver/workspace/install/rosbridge_msgs/share/rosbridge_msgs/cmake/rosbridge_msgs__rosidl_typesupport_cExport-noconfig.cmake
[21.501s] -- Installing: /home/sbel/Desktop/Cobra-Driver/workspace/install/rosbridge_msgs/share/rosbridge_msgs/cmake/rosbridge_msgs__rosidl_generator_cppExport.cmake
[21.502s] -- Installing: /home/sbel/Desktop/Cobra-Driver/workspace/install/rosbridge_msgs/share/rosbridge_msgs/cmake/rosbridge_msgs__rosidl_typesupport_introspection_cppExport.cmake
[21.502s] -- Installing: /home/sbel/Desktop/Cobra-Driver/workspace/install/rosbridge_msgs/share/rosbridge_msgs/cmake/rosbridge_msgs__rosidl_typesupport_introspection_cppExport-noconfig.cmake
[21.502s] -- Installing: /home/sbel/Desktop/Cobra-Driver/workspace/install/rosbridge_msgs/share/rosbridge_msgs/cmake/rosbridge_msgs__rosidl_typesupport_cppExport.cmake
[21.502s] -- Installing: /home/sbel/Desktop/Cobra-Driver/workspace/install/rosbridge_msgs/share/rosbridge_msgs/cmake/rosbridge_msgs__rosidl_typesupport_cppExport-noconfig.cmake
[21.502s] -- Installing: /home/sbel/Desktop/Cobra-Driver/workspace/install/rosbridge_msgs/share/rosbridge_msgs/cmake/rosidl_cmake-extras.cmake
[21.503s] -- Installing: /home/sbel/Desktop/Cobra-Driver/workspace/install/rosbridge_msgs/share/rosbridge_msgs/cmake/ament_cmake_export_dependencies-extras.cmake
[21.503s] -- Installing: /home/sbel/Desktop/Cobra-Driver/workspace/install/rosbridge_msgs/share/rosbridge_msgs/cmake/ament_cmake_export_libraries-extras.cmake
[21.504s] -- Installing: /home/sbel/Desktop/Cobra-Driver/workspace/install/rosbridge_msgs/share/rosbridge_msgs/cmake/ament_cmake_export_targets-extras.cmake
[21.504s] -- Installing: /home/sbel/Desktop/Cobra-Driver/workspace/install/rosbridge_msgs/share/rosbridge_msgs/cmake/ament_cmake_export_include_directories-extras.cmake
[21.504s] -- Installing: /home/sbel/Desktop/Cobra-Driver/workspace/install/rosbridge_msgs/share/rosbridge_msgs/cmake/rosidl_cmake_export_typesupport_libraries-extras.cmake
[21.505s] -- Installing: /home/sbel/Desktop/Cobra-Driver/workspace/install/rosbridge_msgs/share/rosbridge_msgs/cmake/rosidl_cmake_export_typesupport_targets-extras.cmake
[21.505s] -- Installing: /home/sbel/Desktop/Cobra-Driver/workspace/install/rosbridge_msgs/share/rosbridge_msgs/cmake/rosbridge_msgsConfig.cmake
[21.506s] -- Installing: /home/sbel/Desktop/Cobra-Driver/workspace/install/rosbridge_msgs/share/rosbridge_msgs/cmake/rosbridge_msgsConfig-version.cmake
[21.521s] -- Installing: /home/sbel/Desktop/Cobra-Driver/workspace/install/rosbridge_msgs/share/rosbridge_msgs/package.xml
[21.537s] Invoked command in '/home/sbel/Desktop/Cobra-Driver/workspace/build/rosbridge_msgs' returned '0': CMAKE_PREFIX_PATH=${CMAKE_PREFIX_PATH}:/home/sbel/Desktop/Cobra-Driver/workspace/install/yolov5_ros2:/home/sbel/Desktop/Cobra-Driver/workspace/install/udp_to_ros:/home/sbel/Desktop/Cobra-Driver/workspace/install/common:/opt/ros/foxy /usr/bin/cmake --install /home/sbel/Desktop/Cobra-Driver/workspace/build/rosbridge_msgs
