[3.575s] Invoking command in '/home/sbel/Desktop/Cobra-Driver/workspace/src/yolov5_ros2': PYTHONPATH=/home/sbel/Desktop/Cobra-Driver/workspace/build/yolov5_ros2/prefix_override:/home/sbel/Desktop/Cobra-Driver/workspace/install/yolov5_ros2/lib/python3.8/site-packages:${PYTHONPATH} /usr/bin/python3 setup.py egg_info --egg-base ../../build/yolov5_ros2 build --build-base /home/sbel/Desktop/Cobra-Driver/workspace/build/yolov5_ros2/build install --record /home/sbel/Desktop/Cobra-Driver/workspace/build/yolov5_ros2/install.log --single-version-externally-managed
[4.064s] running egg_info
[4.098s] writing ../../build/yolov5_ros2/yolov5_ros2.egg-info/PKG-INFO
[4.099s] writing dependency_links to ../../build/yolov5_ros2/yolov5_ros2.egg-info/dependency_links.txt
[4.102s] writing entry points to ../../build/yolov5_ros2/yolov5_ros2.egg-info/entry_points.txt
[4.104s] writing requirements to ../../build/yolov5_ros2/yolov5_ros2.egg-info/requires.txt
[4.104s] writing top-level names to ../../build/yolov5_ros2/yolov5_ros2.egg-info/top_level.txt
[4.373s] reading manifest file '../../build/yolov5_ros2/yolov5_ros2.egg-info/SOURCES.txt'
[4.374s] writing manifest file '../../build/yolov5_ros2/yolov5_ros2.egg-info/SOURCES.txt'
[4.375s] running build
[4.375s] running build_py
[4.378s] copying yolov5_ros2/yolo_cone_detector.py -> /home/sbel/Desktop/Cobra-Driver/workspace/build/yolov5_ros2/build/lib/yolov5_ros2
[4.379s] running install
[4.380s] /home/sbel/.local/lib/python3.8/site-packages/setuptools/_distutils/cmd.py:66: SetuptoolsDeprecationWarning: setup.py install is deprecated.
[4.380s] !!
[4.380s] 
[4.380s]         ********************************************************************************
[4.380s]         Please avoid running ``setup.py`` directly.
[4.381s]         Instead, use pypa/build, pypa/installer or other
[4.381s]         standards-based tools.
[4.381s] 
[4.381s]         See https://blog.ganssle.io/articles/2021/10/setup-py-deprecated.html for details.
[4.381s]         ********************************************************************************
[4.381s] 
[4.381s] !!
[4.381s]   self.initialize_options()
[4.391s] running install_lib
[4.426s] copying /home/sbel/Desktop/Cobra-Driver/workspace/build/yolov5_ros2/build/lib/yolov5_ros2/yolo_cone_detector.py -> /home/sbel/Desktop/Cobra-Driver/workspace/install/yolov5_ros2/lib/python3.8/site-packages/yolov5_ros2
[4.428s] byte-compiling /home/sbel/Desktop/Cobra-Driver/workspace/install/yolov5_ros2/lib/python3.8/site-packages/yolov5_ros2/yolo_cone_detector.py to yolo_cone_detector.cpython-38.pyc
[4.429s] running install_data
[4.464s] running install_egg_info
[4.500s] removing '/home/sbel/Desktop/Cobra-Driver/workspace/install/yolov5_ros2/lib/python3.8/site-packages/yolov5_ros2-0.0.0-py3.8.egg-info' (and everything under it)
[4.501s] Copying ../../build/yolov5_ros2/yolov5_ros2.egg-info to /home/sbel/Desktop/Cobra-Driver/workspace/install/yolov5_ros2/lib/python3.8/site-packages/yolov5_ros2-0.0.0-py3.8.egg-info
[4.503s] running install_scripts
[4.618s] Installing yolo_cone_detector script to /home/sbel/Desktop/Cobra-Driver/workspace/install/yolov5_ros2/lib/yolov5_ros2
[4.618s] Installing yolo_detector script to /home/sbel/Desktop/Cobra-Driver/workspace/install/yolov5_ros2/lib/yolov5_ros2
[4.621s] writing list of installed files to '/home/sbel/Desktop/Cobra-Driver/workspace/build/yolov5_ros2/install.log'
[4.767s] Invoked command in '/home/sbel/Desktop/Cobra-Driver/workspace/src/yolov5_ros2' returned '0': PYTHONPATH=/home/sbel/Desktop/Cobra-Driver/workspace/build/yolov5_ros2/prefix_override:/home/sbel/Desktop/Cobra-Driver/workspace/install/yolov5_ros2/lib/python3.8/site-packages:${PYTHONPATH} /usr/bin/python3 setup.py egg_info --egg-base ../../build/yolov5_ros2 build --build-base /home/sbel/Desktop/Cobra-Driver/workspace/build/yolov5_ros2/build install --record /home/sbel/Desktop/Cobra-Driver/workspace/build/yolov5_ros2/install.log --single-version-externally-managed
