running egg_info
writing ../../build/udp_to_ros/udp_to_ros.egg-info/PKG-INFO
writing dependency_links to ../../build/udp_to_ros/udp_to_ros.egg-info/dependency_links.txt
writing entry points to ../../build/udp_to_ros/udp_to_ros.egg-info/entry_points.txt
writing requirements to ../../build/udp_to_ros/udp_to_ros.egg-info/requires.txt
writing top-level names to ../../build/udp_to_ros/udp_to_ros.egg-info/top_level.txt
reading manifest file '../../build/udp_to_ros/udp_to_ros.egg-info/SOURCES.txt'
writing manifest file '../../build/udp_to_ros/udp_to_ros.egg-info/SOURCES.txt'
running build
running build_py
copying udp_to_ros/udp_listener_node.py -> /home/jason/Desktop/STUDY/Cobra-Driver/workspace/build/udp_to_ros/build/lib/udp_to_ros
running install
/usr/lib/python3/dist-packages/setuptools/command/install.py:34: SetuptoolsDeprecationWarning: setup.py install is deprecated. Use build and pip and other standards-based tools.
  warnings.warn(
running install_lib
copying /home/jason/Desktop/STUDY/Cobra-Driver/workspace/build/udp_to_ros/build/lib/udp_to_ros/udp_listener_node.py -> /home/jason/Desktop/STUDY/Cobra-Driver/workspace/install/udp_to_ros/lib/python3.10/site-packages/udp_to_ros
byte-compiling /home/jason/Desktop/STUDY/Cobra-Driver/workspace/install/udp_to_ros/lib/python3.10/site-packages/udp_to_ros/udp_listener_node.py to udp_listener_node.cpython-310.pyc
running install_data
running install_egg_info
removing '/home/jason/Desktop/STUDY/Cobra-Driver/workspace/install/udp_to_ros/lib/python3.10/site-packages/udp_to_ros-0.0.0-py3.10.egg-info' (and everything under it)
Copying ../../build/udp_to_ros/udp_to_ros.egg-info to /home/jason/Desktop/STUDY/Cobra-Driver/workspace/install/udp_to_ros/lib/python3.10/site-packages/udp_to_ros-0.0.0-py3.10.egg-info
running install_scripts
Installing udp_listener script to /home/jason/Desktop/STUDY/Cobra-Driver/workspace/install/udp_to_ros/lib/udp_to_ros
writing list of installed files to '/home/jason/Desktop/STUDY/Cobra-Driver/workspace/build/udp_to_ros/install.log'
