[1.441s] Invoking command in '/home/jason/Desktop/STUDY/Cobra-Driver/workspace/build/tf_data': CMAKE_PREFIX_PATH=${CMAKE_PREFIX_PATH}:/home/jason/Desktop/STUDY/Cobra-Driver/workspace/src/waypoint_seeker/install/waypoint_seeker:/home/jason/Desktop/STUDY/Cobra-Driver/workspace/install/yolov5_ros2:/home/jason/Desktop/STUDY/Cobra-Driver/workspace/install/waypoint_seeker:/home/jason/Desktop/STUDY/Cobra-Driver/workspace/install/udp_to_ros:/home/jason/Desktop/STUDY/Cobra-Driver/workspace/install/tcp_cam_sender:/home/jason/Desktop/STUDY/Cobra-Driver/workspace/install/ptcloud_save:/home/jason/Desktop/STUDY/Cobra-Driver/workspace/install/common:/opt/ros/iron /home/jason/.local/bin/cmake --build /home/jason/Desktop/STUDY/Cobra-Driver/workspace/build/tf_data -- -j16 -l16
[2.012s] [100%] Built target lidar_tf_publisher
[2.310s] Invoked command in '/home/jason/Desktop/STUDY/Cobra-Driver/workspace/build/tf_data' returned '0': CMAKE_PREFIX_PATH=${CMAKE_PREFIX_PATH}:/home/jason/Desktop/STUDY/Cobra-Driver/workspace/src/waypoint_seeker/install/waypoint_seeker:/home/jason/Desktop/STUDY/Cobra-Driver/workspace/install/yolov5_ros2:/home/jason/Desktop/STUDY/Cobra-Driver/workspace/install/waypoint_seeker:/home/jason/Desktop/STUDY/Cobra-Driver/workspace/install/udp_to_ros:/home/jason/Desktop/STUDY/Cobra-Driver/workspace/install/tcp_cam_sender:/home/jason/Desktop/STUDY/Cobra-Driver/workspace/install/ptcloud_save:/home/jason/Desktop/STUDY/Cobra-Driver/workspace/install/common:/opt/ros/iron /home/jason/.local/bin/cmake --build /home/jason/Desktop/STUDY/Cobra-Driver/workspace/build/tf_data -- -j16 -l16
[2.380s] Invoking command in '/home/jason/Desktop/STUDY/Cobra-Driver/workspace/build/tf_data': CMAKE_PREFIX_PATH=${CMAKE_PREFIX_PATH}:/home/jason/Desktop/STUDY/Cobra-Driver/workspace/src/waypoint_seeker/install/waypoint_seeker:/home/jason/Desktop/STUDY/Cobra-Driver/workspace/install/yolov5_ros2:/home/jason/Desktop/STUDY/Cobra-Driver/workspace/install/waypoint_seeker:/home/jason/Desktop/STUDY/Cobra-Driver/workspace/install/udp_to_ros:/home/jason/Desktop/STUDY/Cobra-Driver/workspace/install/tcp_cam_sender:/home/jason/Desktop/STUDY/Cobra-Driver/workspace/install/ptcloud_save:/home/jason/Desktop/STUDY/Cobra-Driver/workspace/install/common:/opt/ros/iron /home/jason/.local/bin/cmake --install /home/jason/Desktop/STUDY/Cobra-Driver/workspace/build/tf_data
[2.440s] -- Install configuration: ""
[2.440s] -- Up-to-date: /home/jason/Desktop/STUDY/Cobra-Driver/workspace/install/tf_data/lib/tf_data/lidar_tf_publisher
[2.440s] -- Up-to-date: /home/jason/Desktop/STUDY/Cobra-Driver/workspace/install/tf_data/share/ament_index/resource_index/package_run_dependencies/tf_data
[2.441s] -- Up-to-date: /home/jason/Desktop/STUDY/Cobra-Driver/workspace/install/tf_data/share/ament_index/resource_index/parent_prefix_path/tf_data
[2.441s] -- Up-to-date: /home/jason/Desktop/STUDY/Cobra-Driver/workspace/install/tf_data/share/tf_data/environment/ament_prefix_path.sh
[2.441s] -- Up-to-date: /home/jason/Desktop/STUDY/Cobra-Driver/workspace/install/tf_data/share/tf_data/environment/ament_prefix_path.dsv
[2.441s] -- Up-to-date: /home/jason/Desktop/STUDY/Cobra-Driver/workspace/install/tf_data/share/tf_data/environment/path.sh
[2.441s] -- Up-to-date: /home/jason/Desktop/STUDY/Cobra-Driver/workspace/install/tf_data/share/tf_data/environment/path.dsv
[2.441s] -- Up-to-date: /home/jason/Desktop/STUDY/Cobra-Driver/workspace/install/tf_data/share/tf_data/local_setup.bash
[2.441s] -- Up-to-date: /home/jason/Desktop/STUDY/Cobra-Driver/workspace/install/tf_data/share/tf_data/local_setup.sh
[2.441s] -- Up-to-date: /home/jason/Desktop/STUDY/Cobra-Driver/workspace/install/tf_data/share/tf_data/local_setup.zsh
[2.442s] -- Up-to-date: /home/jason/Desktop/STUDY/Cobra-Driver/workspace/install/tf_data/share/tf_data/local_setup.dsv
[2.442s] -- Installing: /home/jason/Desktop/STUDY/Cobra-Driver/workspace/install/tf_data/share/tf_data/package.dsv
[2.442s] -- Up-to-date: /home/jason/Desktop/STUDY/Cobra-Driver/workspace/install/tf_data/share/ament_index/resource_index/packages/tf_data
[2.442s] -- Up-to-date: /home/jason/Desktop/STUDY/Cobra-Driver/workspace/install/tf_data/share/tf_data/cmake/tf_dataConfig.cmake
[2.442s] -- Up-to-date: /home/jason/Desktop/STUDY/Cobra-Driver/workspace/install/tf_data/share/tf_data/cmake/tf_dataConfig-version.cmake
[2.442s] -- Up-to-date: /home/jason/Desktop/STUDY/Cobra-Driver/workspace/install/tf_data/share/tf_data/package.xml
[2.576s] Invoked command in '/home/jason/Desktop/STUDY/Cobra-Driver/workspace/build/tf_data' returned '0': CMAKE_PREFIX_PATH=${CMAKE_PREFIX_PATH}:/home/jason/Desktop/STUDY/Cobra-Driver/workspace/src/waypoint_seeker/install/waypoint_seeker:/home/jason/Desktop/STUDY/Cobra-Driver/workspace/install/yolov5_ros2:/home/jason/Desktop/STUDY/Cobra-Driver/workspace/install/waypoint_seeker:/home/jason/Desktop/STUDY/Cobra-Driver/workspace/install/udp_to_ros:/home/jason/Desktop/STUDY/Cobra-Driver/workspace/install/tcp_cam_sender:/home/jason/Desktop/STUDY/Cobra-Driver/workspace/install/ptcloud_save:/home/jason/Desktop/STUDY/Cobra-Driver/workspace/install/common:/opt/ros/iron /home/jason/.local/bin/cmake --install /home/jason/Desktop/STUDY/Cobra-Driver/workspace/build/tf_data
