[3.604s] Invoking command in '/home/jason/Desktop/STUDY/Cobra-Driver/workspace/src/tcp_cam_sender': PYTHONPATH=/home/jason/Desktop/STUDY/Cobra-Driver/workspace/build/tcp_cam_sender/prefix_override:/home/jason/Desktop/STUDY/Cobra-Driver/workspace/install/tcp_cam_sender/lib/python3.10/site-packages:${PYTHONPATH} /usr/bin/python3 setup.py egg_info --egg-base ../../build/tcp_cam_sender build --build-base /home/jason/Desktop/STUDY/Cobra-Driver/workspace/build/tcp_cam_sender/build install --record /home/jason/Desktop/STUDY/Cobra-Driver/workspace/build/tcp_cam_sender/install.log --single-version-externally-managed
[3.957s] running egg_info
[3.989s] writing ../../build/tcp_cam_sender/tcp_cam_sender.egg-info/PKG-INFO
[3.990s] writing dependency_links to ../../build/tcp_cam_sender/tcp_cam_sender.egg-info/dependency_links.txt
[3.990s] writing entry points to ../../build/tcp_cam_sender/tcp_cam_sender.egg-info/entry_points.txt
[3.990s] writing requirements to ../../build/tcp_cam_sender/tcp_cam_sender.egg-info/requires.txt
[3.990s] writing top-level names to ../../build/tcp_cam_sender/tcp_cam_sender.egg-info/top_level.txt
[4.052s] reading manifest file '../../build/tcp_cam_sender/tcp_cam_sender.egg-info/SOURCES.txt'
[4.052s] writing manifest file '../../build/tcp_cam_sender/tcp_cam_sender.egg-info/SOURCES.txt'
[4.053s] running build
[4.053s] running build_py
[4.053s] running install
[4.054s] /home/jason/.local/lib/python3.10/site-packages/setuptools/_distutils/cmd.py:66: SetuptoolsDeprecationWarning: setup.py install is deprecated.
[4.054s] !!
[4.054s] 
[4.054s]         ********************************************************************************
[4.054s]         Please avoid running ``setup.py`` directly.
[4.054s]         Instead, use pypa/build, pypa/installer or other
[4.054s]         standards-based tools.
[4.054s] 
[4.054s]         See https://blog.ganssle.io/articles/2021/10/setup-py-deprecated.html for details.
[4.054s]         ********************************************************************************
[4.055s] 
[4.055s] !!
[4.055s]   self.initialize_options()
[4.061s] running install_lib
[4.093s] running install_data
[4.123s] running install_egg_info
[4.155s] removing '/home/jason/Desktop/STUDY/Cobra-Driver/workspace/install/tcp_cam_sender/lib/python3.10/site-packages/tcp_cam_sender-0.0.0-py3.10.egg-info' (and everything under it)
[4.156s] Copying ../../build/tcp_cam_sender/tcp_cam_sender.egg-info to /home/jason/Desktop/STUDY/Cobra-Driver/workspace/install/tcp_cam_sender/lib/python3.10/site-packages/tcp_cam_sender-0.0.0-py3.10.egg-info
[4.157s] running install_scripts
[4.375s] Installing tcp_cam_sender script to /home/jason/Desktop/STUDY/Cobra-Driver/workspace/install/tcp_cam_sender/lib/tcp_cam_sender
[4.376s] writing list of installed files to '/home/jason/Desktop/STUDY/Cobra-Driver/workspace/build/tcp_cam_sender/install.log'
[4.744s] Invoked command in '/home/jason/Desktop/STUDY/Cobra-Driver/workspace/src/tcp_cam_sender' returned '0': PYTHONPATH=/home/jason/Desktop/STUDY/Cobra-Driver/workspace/build/tcp_cam_sender/prefix_override:/home/jason/Desktop/STUDY/Cobra-Driver/workspace/install/tcp_cam_sender/lib/python3.10/site-packages:${PYTHONPATH} /usr/bin/python3 setup.py egg_info --egg-base ../../build/tcp_cam_sender build --build-base /home/jason/Desktop/STUDY/Cobra-Driver/workspace/build/tcp_cam_sender/build install --record /home/jason/Desktop/STUDY/Cobra-Driver/workspace/build/tcp_cam_sender/install.log --single-version-externally-managed
