[0.010s] Invoking command in '/home/jason/Desktop/STUDY/Cobra-Driver/workspace/src/build/rosbridge_server': AMENT_PREFIX_PATH=/home/jason/Desktop/STUDY/Cobra-Driver/workspace/src/install/rosapi:/home/jason/Desktop/STUDY/Cobra-Driver/workspace/src/install/rosbridge_library:/home/jason/Desktop/STUDY/Cobra-Driver/workspace/src/install/rosbridge_msgs:/home/jason/Desktop/STUDY/Cobra-Driver/workspace/src/install/rosapi_msgs:${AMENT_PREFIX_PATH} CMAKE_PREFIX_PATH=/home/jason/Desktop/STUDY/Cobra-Driver/workspace/src/install/rosapi:/home/jason/Desktop/STUDY/Cobra-Driver/workspace/src/install/rosbridge_library:/home/jason/Desktop/STUDY/Cobra-Driver/workspace/src/install/rosbridge_msgs:/home/jason/Desktop/STUDY/Cobra-Driver/workspace/src/install/rosapi_msgs:/home/jason/Desktop/STUDY/Cobra-Driver/workspace/install/rosbridge_test_msgs:/home/jason/Desktop/STUDY/Cobra-Driver/workspace/install/rosbridge_suite:/home/jason/Desktop/STUDY/Cobra-Driver/workspace/install/rosbridge_server:/home/jason/Desktop/STUDY/Cobra-Driver/workspace/install/rosbridge_msgs:/home/jason/Desktop/STUDY/Cobra-Driver/workspace/install/rosapi:/home/jason/Desktop/STUDY/Cobra-Driver/workspace/install/rosbridge_library:/home/jason/Desktop/STUDY/Cobra-Driver/workspace/install/rosapi_msgs:/home/jason/Desktop/STUDY/Cobra-Driver/workspace/install/usb_cam:/home/jason/Desktop/STUDY/Cobra-Driver/workspace/install/udp_to_ros:/home/jason/Desktop/STUDY/Cobra-Driver/workspace/install/udp_float_receiver:/opt/ros/iron CONDA_PROMPT_MODIFIER=(base) LD_LIBRARY_PATH=/home/jason/Desktop/STUDY/Cobra-Driver/workspace/src/install/rosbridge_msgs/lib:/home/jason/Desktop/STUDY/Cobra-Driver/workspace/src/install/rosapi_msgs/lib:${LD_LIBRARY_PATH} PYTHONPATH=/home/jason/Desktop/STUDY/Cobra-Driver/workspace/src/install/rosapi/lib/python3.10/site-packages:/home/jason/Desktop/STUDY/Cobra-Driver/workspace/src/install/rosbridge_library/lib/python3.10/site-packages:/home/jason/Desktop/STUDY/Cobra-Driver/workspace/src/install/rosbridge_msgs/lib/python3.10/site-packages:/home/jason/Desktop/STUDY/Cobra-Driver/workspace/src/install/rosapi_msgs/lib/python3.10/site-packages:${PYTHONPATH} /usr/bin/cmake /home/jason/Desktop/STUDY/Cobra-Driver/workspace/src/rosbridge_suite/rosbridge_server -DCMAKE_INSTALL_PREFIX=/home/jason/Desktop/STUDY/Cobra-Driver/workspace/src/install/rosbridge_server
[0.047s] -- The C compiler identification is GNU 11.4.0
[0.084s] -- The CXX compiler identification is GNU 11.4.0
[0.089s] -- Detecting C compiler ABI info
[0.135s] -- Detecting C compiler ABI info - done
[0.141s] -- Check for working C compiler: /usr/bin/cc - skipped
[0.141s] -- Detecting C compile features
[0.141s] -- Detecting C compile features - done
[0.143s] -- Detecting CXX compiler ABI info
[0.196s] -- Detecting CXX compiler ABI info - done
[0.202s] -- Check for working CXX compiler: /usr/bin/c++ - skipped
[0.203s] -- Detecting CXX compile features
[0.203s] -- Detecting CXX compile features - done
[0.205s] -- Found ament_cmake_ros: 0.11.2 (/opt/ros/iron/share/ament_cmake_ros/cmake)
[0.345s] -- Found Python3: /usr/bin/python3.10 (found version "3.10.12") found components: Interpreter 
[0.526s] -- Found launch_testing_ament_cmake: 2.0.2 (/opt/ros/iron/share/launch_testing_ament_cmake/cmake)
[0.528s] -- Found python_cmake_module: 0.10.2 (/opt/ros/iron/share/python_cmake_module/cmake)
[0.544s] -- Found PythonInterp: /usr/bin/python3 (found suitable version "3.10.12", minimum required is "3.6") 
[0.555s] -- Found PythonLibs: /usr/lib/x86_64-linux-gnu/libpython3.10.so (found suitable version "3.10.12", minimum required is "3.5") 
[0.555s] -- Using PYTHON_EXECUTABLE: /usr/bin/python3
[0.555s] -- Using PYTHON_INCLUDE_DIRS: /usr/include/python3.10
[0.555s] -- Using PYTHON_LIBRARIES: /usr/lib/x86_64-linux-gnu/libpython3.10.so
[0.572s] -- Found PythonExtra: .so  
[0.574s] -- Configuring done
[0.576s] -- Generating done
[0.577s] -- Build files have been written to: /home/jason/Desktop/STUDY/Cobra-Driver/workspace/src/build/rosbridge_server
[0.582s] Invoked command in '/home/jason/Desktop/STUDY/Cobra-Driver/workspace/src/build/rosbridge_server' returned '0': AMENT_PREFIX_PATH=/home/jason/Desktop/STUDY/Cobra-Driver/workspace/src/install/rosapi:/home/jason/Desktop/STUDY/Cobra-Driver/workspace/src/install/rosbridge_library:/home/jason/Desktop/STUDY/Cobra-Driver/workspace/src/install/rosbridge_msgs:/home/jason/Desktop/STUDY/Cobra-Driver/workspace/src/install/rosapi_msgs:${AMENT_PREFIX_PATH} CMAKE_PREFIX_PATH=/home/jason/Desktop/STUDY/Cobra-Driver/workspace/src/install/rosapi:/home/jason/Desktop/STUDY/Cobra-Driver/workspace/src/install/rosbridge_library:/home/jason/Desktop/STUDY/Cobra-Driver/workspace/src/install/rosbridge_msgs:/home/jason/Desktop/STUDY/Cobra-Driver/workspace/src/install/rosapi_msgs:/home/jason/Desktop/STUDY/Cobra-Driver/workspace/install/rosbridge_test_msgs:/home/jason/Desktop/STUDY/Cobra-Driver/workspace/install/rosbridge_suite:/home/jason/Desktop/STUDY/Cobra-Driver/workspace/install/rosbridge_server:/home/jason/Desktop/STUDY/Cobra-Driver/workspace/install/rosbridge_msgs:/home/jason/Desktop/STUDY/Cobra-Driver/workspace/install/rosapi:/home/jason/Desktop/STUDY/Cobra-Driver/workspace/install/rosbridge_library:/home/jason/Desktop/STUDY/Cobra-Driver/workspace/install/rosapi_msgs:/home/jason/Desktop/STUDY/Cobra-Driver/workspace/install/usb_cam:/home/jason/Desktop/STUDY/Cobra-Driver/workspace/install/udp_to_ros:/home/jason/Desktop/STUDY/Cobra-Driver/workspace/install/udp_float_receiver:/opt/ros/iron CONDA_PROMPT_MODIFIER=(base) LD_LIBRARY_PATH=/home/jason/Desktop/STUDY/Cobra-Driver/workspace/src/install/rosbridge_msgs/lib:/home/jason/Desktop/STUDY/Cobra-Driver/workspace/src/install/rosapi_msgs/lib:${LD_LIBRARY_PATH} PYTHONPATH=/home/jason/Desktop/STUDY/Cobra-Driver/workspace/src/install/rosapi/lib/python3.10/site-packages:/home/jason/Desktop/STUDY/Cobra-Driver/workspace/src/install/rosbridge_library/lib/python3.10/site-packages:/home/jason/Desktop/STUDY/Cobra-Driver/workspace/src/install/rosbridge_msgs/lib/python3.10/site-packages:/home/jason/Desktop/STUDY/Cobra-Driver/workspace/src/install/rosapi_msgs/lib/python3.10/site-packages:${PYTHONPATH} /usr/bin/cmake /home/jason/Desktop/STUDY/Cobra-Driver/workspace/src/rosbridge_suite/rosbridge_server -DCMAKE_INSTALL_PREFIX=/home/jason/Desktop/STUDY/Cobra-Driver/workspace/src/install/rosbridge_server
[0.582s] Invoking command in '/home/jason/Desktop/STUDY/Cobra-Driver/workspace/src/build/rosbridge_server': AMENT_PREFIX_PATH=/home/jason/Desktop/STUDY/Cobra-Driver/workspace/src/install/rosapi:/home/jason/Desktop/STUDY/Cobra-Driver/workspace/src/install/rosbridge_library:/home/jason/Desktop/STUDY/Cobra-Driver/workspace/src/install/rosbridge_msgs:/home/jason/Desktop/STUDY/Cobra-Driver/workspace/src/install/rosapi_msgs:${AMENT_PREFIX_PATH} CMAKE_PREFIX_PATH=/home/jason/Desktop/STUDY/Cobra-Driver/workspace/src/install/rosapi:/home/jason/Desktop/STUDY/Cobra-Driver/workspace/src/install/rosbridge_library:/home/jason/Desktop/STUDY/Cobra-Driver/workspace/src/install/rosbridge_msgs:/home/jason/Desktop/STUDY/Cobra-Driver/workspace/src/install/rosapi_msgs:/home/jason/Desktop/STUDY/Cobra-Driver/workspace/install/rosbridge_test_msgs:/home/jason/Desktop/STUDY/Cobra-Driver/workspace/install/rosbridge_suite:/home/jason/Desktop/STUDY/Cobra-Driver/workspace/install/rosbridge_server:/home/jason/Desktop/STUDY/Cobra-Driver/workspace/install/rosbridge_msgs:/home/jason/Desktop/STUDY/Cobra-Driver/workspace/install/rosapi:/home/jason/Desktop/STUDY/Cobra-Driver/workspace/install/rosbridge_library:/home/jason/Desktop/STUDY/Cobra-Driver/workspace/install/rosapi_msgs:/home/jason/Desktop/STUDY/Cobra-Driver/workspace/install/usb_cam:/home/jason/Desktop/STUDY/Cobra-Driver/workspace/install/udp_to_ros:/home/jason/Desktop/STUDY/Cobra-Driver/workspace/install/udp_float_receiver:/opt/ros/iron CONDA_PROMPT_MODIFIER=(base) LD_LIBRARY_PATH=/home/jason/Desktop/STUDY/Cobra-Driver/workspace/src/install/rosbridge_msgs/lib:/home/jason/Desktop/STUDY/Cobra-Driver/workspace/src/install/rosapi_msgs/lib:${LD_LIBRARY_PATH} PYTHONPATH=/home/jason/Desktop/STUDY/Cobra-Driver/workspace/src/install/rosapi/lib/python3.10/site-packages:/home/jason/Desktop/STUDY/Cobra-Driver/workspace/src/install/rosbridge_library/lib/python3.10/site-packages:/home/jason/Desktop/STUDY/Cobra-Driver/workspace/src/install/rosbridge_msgs/lib/python3.10/site-packages:/home/jason/Desktop/STUDY/Cobra-Driver/workspace/src/install/rosapi_msgs/lib/python3.10/site-packages:${PYTHONPATH} /usr/bin/cmake --build /home/jason/Desktop/STUDY/Cobra-Driver/workspace/src/build/rosbridge_server -- -j16 -l16
[0.619s] Built target ament_cmake_python_copy_rosbridge_server
[0.816s] running egg_info
[0.817s] creating rosbridge_server.egg-info
[0.817s] writing rosbridge_server.egg-info/PKG-INFO
[0.817s] writing dependency_links to rosbridge_server.egg-info/dependency_links.txt
[0.817s] writing top-level names to rosbridge_server.egg-info/top_level.txt
[0.817s] writing manifest file 'rosbridge_server.egg-info/SOURCES.txt'
[0.818s] reading manifest file 'rosbridge_server.egg-info/SOURCES.txt'
[0.819s] writing manifest file 'rosbridge_server.egg-info/SOURCES.txt'
[0.835s] Built target ament_cmake_python_build_rosbridge_server_egg
[0.842s] Invoked command in '/home/jason/Desktop/STUDY/Cobra-Driver/workspace/src/build/rosbridge_server' returned '0': AMENT_PREFIX_PATH=/home/jason/Desktop/STUDY/Cobra-Driver/workspace/src/install/rosapi:/home/jason/Desktop/STUDY/Cobra-Driver/workspace/src/install/rosbridge_library:/home/jason/Desktop/STUDY/Cobra-Driver/workspace/src/install/rosbridge_msgs:/home/jason/Desktop/STUDY/Cobra-Driver/workspace/src/install/rosapi_msgs:${AMENT_PREFIX_PATH} CMAKE_PREFIX_PATH=/home/jason/Desktop/STUDY/Cobra-Driver/workspace/src/install/rosapi:/home/jason/Desktop/STUDY/Cobra-Driver/workspace/src/install/rosbridge_library:/home/jason/Desktop/STUDY/Cobra-Driver/workspace/src/install/rosbridge_msgs:/home/jason/Desktop/STUDY/Cobra-Driver/workspace/src/install/rosapi_msgs:/home/jason/Desktop/STUDY/Cobra-Driver/workspace/install/rosbridge_test_msgs:/home/jason/Desktop/STUDY/Cobra-Driver/workspace/install/rosbridge_suite:/home/jason/Desktop/STUDY/Cobra-Driver/workspace/install/rosbridge_server:/home/jason/Desktop/STUDY/Cobra-Driver/workspace/install/rosbridge_msgs:/home/jason/Desktop/STUDY/Cobra-Driver/workspace/install/rosapi:/home/jason/Desktop/STUDY/Cobra-Driver/workspace/install/rosbridge_library:/home/jason/Desktop/STUDY/Cobra-Driver/workspace/install/rosapi_msgs:/home/jason/Desktop/STUDY/Cobra-Driver/workspace/install/usb_cam:/home/jason/Desktop/STUDY/Cobra-Driver/workspace/install/udp_to_ros:/home/jason/Desktop/STUDY/Cobra-Driver/workspace/install/udp_float_receiver:/opt/ros/iron CONDA_PROMPT_MODIFIER=(base) LD_LIBRARY_PATH=/home/jason/Desktop/STUDY/Cobra-Driver/workspace/src/install/rosbridge_msgs/lib:/home/jason/Desktop/STUDY/Cobra-Driver/workspace/src/install/rosapi_msgs/lib:${LD_LIBRARY_PATH} PYTHONPATH=/home/jason/Desktop/STUDY/Cobra-Driver/workspace/src/install/rosapi/lib/python3.10/site-packages:/home/jason/Desktop/STUDY/Cobra-Driver/workspace/src/install/rosbridge_library/lib/python3.10/site-packages:/home/jason/Desktop/STUDY/Cobra-Driver/workspace/src/install/rosbridge_msgs/lib/python3.10/site-packages:/home/jason/Desktop/STUDY/Cobra-Driver/workspace/src/install/rosapi_msgs/lib/python3.10/site-packages:${PYTHONPATH} /usr/bin/cmake --build /home/jason/Desktop/STUDY/Cobra-Driver/workspace/src/build/rosbridge_server -- -j16 -l16
[0.857s] Invoking command in '/home/jason/Desktop/STUDY/Cobra-Driver/workspace/src/build/rosbridge_server': AMENT_PREFIX_PATH=/home/jason/Desktop/STUDY/Cobra-Driver/workspace/src/install/rosapi:/home/jason/Desktop/STUDY/Cobra-Driver/workspace/src/install/rosbridge_library:/home/jason/Desktop/STUDY/Cobra-Driver/workspace/src/install/rosbridge_msgs:/home/jason/Desktop/STUDY/Cobra-Driver/workspace/src/install/rosapi_msgs:${AMENT_PREFIX_PATH} CMAKE_PREFIX_PATH=/home/jason/Desktop/STUDY/Cobra-Driver/workspace/src/install/rosapi:/home/jason/Desktop/STUDY/Cobra-Driver/workspace/src/install/rosbridge_library:/home/jason/Desktop/STUDY/Cobra-Driver/workspace/src/install/rosbridge_msgs:/home/jason/Desktop/STUDY/Cobra-Driver/workspace/src/install/rosapi_msgs:/home/jason/Desktop/STUDY/Cobra-Driver/workspace/install/rosbridge_test_msgs:/home/jason/Desktop/STUDY/Cobra-Driver/workspace/install/rosbridge_suite:/home/jason/Desktop/STUDY/Cobra-Driver/workspace/install/rosbridge_server:/home/jason/Desktop/STUDY/Cobra-Driver/workspace/install/rosbridge_msgs:/home/jason/Desktop/STUDY/Cobra-Driver/workspace/install/rosapi:/home/jason/Desktop/STUDY/Cobra-Driver/workspace/install/rosbridge_library:/home/jason/Desktop/STUDY/Cobra-Driver/workspace/install/rosapi_msgs:/home/jason/Desktop/STUDY/Cobra-Driver/workspace/install/usb_cam:/home/jason/Desktop/STUDY/Cobra-Driver/workspace/install/udp_to_ros:/home/jason/Desktop/STUDY/Cobra-Driver/workspace/install/udp_float_receiver:/opt/ros/iron CONDA_PROMPT_MODIFIER=(base) LD_LIBRARY_PATH=/home/jason/Desktop/STUDY/Cobra-Driver/workspace/src/install/rosbridge_msgs/lib:/home/jason/Desktop/STUDY/Cobra-Driver/workspace/src/install/rosapi_msgs/lib:${LD_LIBRARY_PATH} PYTHONPATH=/home/jason/Desktop/STUDY/Cobra-Driver/workspace/src/install/rosapi/lib/python3.10/site-packages:/home/jason/Desktop/STUDY/Cobra-Driver/workspace/src/install/rosbridge_library/lib/python3.10/site-packages:/home/jason/Desktop/STUDY/Cobra-Driver/workspace/src/install/rosbridge_msgs/lib/python3.10/site-packages:/home/jason/Desktop/STUDY/Cobra-Driver/workspace/src/install/rosapi_msgs/lib/python3.10/site-packages:${PYTHONPATH} /usr/bin/cmake --install /home/jason/Desktop/STUDY/Cobra-Driver/workspace/src/build/rosbridge_server
[0.862s] -- Install configuration: ""
[0.862s] -- Installing: /home/jason/Desktop/STUDY/Cobra-Driver/workspace/src/install/rosbridge_server/share/rosbridge_server/environment/pythonpath.sh
[0.862s] -- Installing: /home/jason/Desktop/STUDY/Cobra-Driver/workspace/src/install/rosbridge_server/share/rosbridge_server/environment/pythonpath.dsv
[0.862s] -- Installing: /home/jason/Desktop/STUDY/Cobra-Driver/workspace/src/install/rosbridge_server/lib/python3.10/site-packages/rosbridge_server-1.3.1-py3.10.egg-info
[0.862s] -- Installing: /home/jason/Desktop/STUDY/Cobra-Driver/workspace/src/install/rosbridge_server/lib/python3.10/site-packages/rosbridge_server-1.3.1-py3.10.egg-info/top_level.txt
[0.862s] -- Installing: /home/jason/Desktop/STUDY/Cobra-Driver/workspace/src/install/rosbridge_server/lib/python3.10/site-packages/rosbridge_server-1.3.1-py3.10.egg-info/dependency_links.txt
[0.862s] -- Installing: /home/jason/Desktop/STUDY/Cobra-Driver/workspace/src/install/rosbridge_server/lib/python3.10/site-packages/rosbridge_server-1.3.1-py3.10.egg-info/SOURCES.txt
[0.862s] -- Installing: /home/jason/Desktop/STUDY/Cobra-Driver/workspace/src/install/rosbridge_server/lib/python3.10/site-packages/rosbridge_server-1.3.1-py3.10.egg-info/PKG-INFO
[0.862s] -- Installing: /home/jason/Desktop/STUDY/Cobra-Driver/workspace/src/install/rosbridge_server/lib/python3.10/site-packages/rosbridge_server
[0.862s] -- Installing: /home/jason/Desktop/STUDY/Cobra-Driver/workspace/src/install/rosbridge_server/lib/python3.10/site-packages/rosbridge_server/websocket_handler.py
[0.863s] -- Installing: /home/jason/Desktop/STUDY/Cobra-Driver/workspace/src/install/rosbridge_server/lib/python3.10/site-packages/rosbridge_server/client_mananger.py
[0.863s] -- Installing: /home/jason/Desktop/STUDY/Cobra-Driver/workspace/src/install/rosbridge_server/lib/python3.10/site-packages/rosbridge_server/__init__.py
[0.889s] Listing '/home/jason/Desktop/STUDY/Cobra-Driver/workspace/src/install/rosbridge_server/lib/python3.10/site-packages/rosbridge_server'...
[0.889s] Compiling '/home/jason/Desktop/STUDY/Cobra-Driver/workspace/src/install/rosbridge_server/lib/python3.10/site-packages/rosbridge_server/__init__.py'...
[0.889s] Compiling '/home/jason/Desktop/STUDY/Cobra-Driver/workspace/src/install/rosbridge_server/lib/python3.10/site-packages/rosbridge_server/client_mananger.py'...
[0.889s] Compiling '/home/jason/Desktop/STUDY/Cobra-Driver/workspace/src/install/rosbridge_server/lib/python3.10/site-packages/rosbridge_server/websocket_handler.py'...
[0.892s] -- Installing: /home/jason/Desktop/STUDY/Cobra-Driver/workspace/src/install/rosbridge_server/share/ament_index/resource_index/package_run_dependencies/rosbridge_server
[0.892s] -- Installing: /home/jason/Desktop/STUDY/Cobra-Driver/workspace/src/install/rosbridge_server/share/ament_index/resource_index/parent_prefix_path/rosbridge_server
[0.892s] -- Installing: /home/jason/Desktop/STUDY/Cobra-Driver/workspace/src/install/rosbridge_server/share/rosbridge_server/environment/ament_prefix_path.sh
[0.892s] -- Installing: /home/jason/Desktop/STUDY/Cobra-Driver/workspace/src/install/rosbridge_server/share/rosbridge_server/environment/ament_prefix_path.dsv
[0.892s] -- Installing: /home/jason/Desktop/STUDY/Cobra-Driver/workspace/src/install/rosbridge_server/share/rosbridge_server/environment/path.sh
[0.892s] -- Installing: /home/jason/Desktop/STUDY/Cobra-Driver/workspace/src/install/rosbridge_server/share/rosbridge_server/environment/path.dsv
[0.892s] -- Installing: /home/jason/Desktop/STUDY/Cobra-Driver/workspace/src/install/rosbridge_server/share/rosbridge_server/local_setup.bash
[0.892s] -- Installing: /home/jason/Desktop/STUDY/Cobra-Driver/workspace/src/install/rosbridge_server/share/rosbridge_server/local_setup.sh
[0.893s] -- Installing: /home/jason/Desktop/STUDY/Cobra-Driver/workspace/src/install/rosbridge_server/share/rosbridge_server/local_setup.zsh
[0.893s] -- Installing: /home/jason/Desktop/STUDY/Cobra-Driver/workspace/src/install/rosbridge_server/share/rosbridge_server/local_setup.dsv
[0.893s] -- Installing: /home/jason/Desktop/STUDY/Cobra-Driver/workspace/src/install/rosbridge_server/share/rosbridge_server/package.dsv
[0.893s] -- Installing: /home/jason/Desktop/STUDY/Cobra-Driver/workspace/src/install/rosbridge_server/share/ament_index/resource_index/packages/rosbridge_server
[0.893s] -- Installing: /home/jason/Desktop/STUDY/Cobra-Driver/workspace/src/install/rosbridge_server/share/rosbridge_server/cmake/rosbridge_serverConfig.cmake
[0.893s] -- Installing: /home/jason/Desktop/STUDY/Cobra-Driver/workspace/src/install/rosbridge_server/share/rosbridge_server/cmake/rosbridge_serverConfig-version.cmake
[0.893s] -- Installing: /home/jason/Desktop/STUDY/Cobra-Driver/workspace/src/install/rosbridge_server/share/rosbridge_server/package.xml
[0.893s] -- Installing: /home/jason/Desktop/STUDY/Cobra-Driver/workspace/src/install/rosbridge_server/lib/rosbridge_server/rosbridge_websocket.py
[0.893s] -- Installing: /home/jason/Desktop/STUDY/Cobra-Driver/workspace/src/install/rosbridge_server/lib/rosbridge_server/rosbridge_websocket
[0.893s] -- Installing: /home/jason/Desktop/STUDY/Cobra-Driver/workspace/src/install/rosbridge_server/share/rosbridge_server/launch/rosbridge_websocket_launch.xml
[0.897s] Invoked command in '/home/jason/Desktop/STUDY/Cobra-Driver/workspace/src/build/rosbridge_server' returned '0': AMENT_PREFIX_PATH=/home/jason/Desktop/STUDY/Cobra-Driver/workspace/src/install/rosapi:/home/jason/Desktop/STUDY/Cobra-Driver/workspace/src/install/rosbridge_library:/home/jason/Desktop/STUDY/Cobra-Driver/workspace/src/install/rosbridge_msgs:/home/jason/Desktop/STUDY/Cobra-Driver/workspace/src/install/rosapi_msgs:${AMENT_PREFIX_PATH} CMAKE_PREFIX_PATH=/home/jason/Desktop/STUDY/Cobra-Driver/workspace/src/install/rosapi:/home/jason/Desktop/STUDY/Cobra-Driver/workspace/src/install/rosbridge_library:/home/jason/Desktop/STUDY/Cobra-Driver/workspace/src/install/rosbridge_msgs:/home/jason/Desktop/STUDY/Cobra-Driver/workspace/src/install/rosapi_msgs:/home/jason/Desktop/STUDY/Cobra-Driver/workspace/install/rosbridge_test_msgs:/home/jason/Desktop/STUDY/Cobra-Driver/workspace/install/rosbridge_suite:/home/jason/Desktop/STUDY/Cobra-Driver/workspace/install/rosbridge_server:/home/jason/Desktop/STUDY/Cobra-Driver/workspace/install/rosbridge_msgs:/home/jason/Desktop/STUDY/Cobra-Driver/workspace/install/rosapi:/home/jason/Desktop/STUDY/Cobra-Driver/workspace/install/rosbridge_library:/home/jason/Desktop/STUDY/Cobra-Driver/workspace/install/rosapi_msgs:/home/jason/Desktop/STUDY/Cobra-Driver/workspace/install/usb_cam:/home/jason/Desktop/STUDY/Cobra-Driver/workspace/install/udp_to_ros:/home/jason/Desktop/STUDY/Cobra-Driver/workspace/install/udp_float_receiver:/opt/ros/iron CONDA_PROMPT_MODIFIER=(base) LD_LIBRARY_PATH=/home/jason/Desktop/STUDY/Cobra-Driver/workspace/src/install/rosbridge_msgs/lib:/home/jason/Desktop/STUDY/Cobra-Driver/workspace/src/install/rosapi_msgs/lib:${LD_LIBRARY_PATH} PYTHONPATH=/home/jason/Desktop/STUDY/Cobra-Driver/workspace/src/install/rosapi/lib/python3.10/site-packages:/home/jason/Desktop/STUDY/Cobra-Driver/workspace/src/install/rosbridge_library/lib/python3.10/site-packages:/home/jason/Desktop/STUDY/Cobra-Driver/workspace/src/install/rosbridge_msgs/lib/python3.10/site-packages:/home/jason/Desktop/STUDY/Cobra-Driver/workspace/src/install/rosapi_msgs/lib/python3.10/site-packages:${PYTHONPATH} /usr/bin/cmake --install /home/jason/Desktop/STUDY/Cobra-Driver/workspace/src/build/rosbridge_server
