[0.579s] [34mcolcon[0m [1;30mDEBUG[0m [32mCommand line arguments: ['/usr/bin/colcon', 'build'][0m
[0.580s] [34mcolcon[0m [1;30mDEBUG[0m [32mParsed command line arguments: Namespace(allow_overriding=[], ament_cmake_args=None, base_paths=['.'], build_base='build', catkin_cmake_args=None, catkin_skip_building_tests=False, cmake_args=None, cmake_clean_cache=False, cmake_clean_first=False, cmake_force_configure=False, cmake_target=None, cmake_target_skip_unavailable=False, continue_on_error=False, event_handlers=None, executor='parallel', ignore_user_meta=False, install_base='install', log_base=None, log_level=None, main=<bound method BuildVerb.main of <colcon_core.verb.build.BuildVerb object at 0xffff824f2280>>, merge_install=False, metas=['./colcon.meta'], packages_above=None, packages_above_and_dependencies=None, packages_above_depth=None, packages_end=None, packages_ignore=None, packages_ignore_regex=None, packages_select=None, packages_select_build_failed=False, packages_select_by_dep=None, packages_select_regex=None, packages_select_test_failures=False, packages_skip=None, packages_skip_build_finished=False, packages_skip_by_dep=None, packages_skip_regex=None, packages_skip_test_passed=False, packages_skip_up_to=None, packages_start=None, packages_up_to=None, packages_up_to_regex=None, parallel_workers=8, paths=None, symlink_install=False, test_result_base=None, verb_extension=<colcon_core.verb.build.BuildVerb object at 0xffff824f2280>, verb_name='build', verb_parser=<colcon_defaults.argument_parser.defaults.DefaultArgumentsDecorator object at 0xffff824bd250>)[0m
[0.664s] [34mcolcon.colcon_core.package_discovery[0m [1;30mLevel 1[0m discover_packages(colcon_meta) check parameters
[0.665s] [34mcolcon.colcon_core.package_discovery[0m [1;30mLevel 1[0m discover_packages(recursive) check parameters
[0.665s] [34mcolcon.colcon_core.package_discovery[0m [1;30mLevel 1[0m discover_packages(ignore) check parameters
[0.665s] [34mcolcon.colcon_core.package_discovery[0m [1;30mLevel 1[0m discover_packages(path) check parameters
[0.665s] [34mcolcon.colcon_core.package_discovery[0m [1;30mLevel 1[0m discover_packages(colcon_meta) discover
[0.666s] [34mcolcon.colcon_core.package_discovery[0m [1;30mLevel 1[0m discover_packages(recursive) discover
[0.666s] [34mcolcon.colcon_core.package_discovery[0m [1;30mINFO[0m Crawling recursively for packages in '/home/sbel/Desktop/Cobra-Driver/workspace'
[0.666s] [34mcolcon.colcon_core.package_identification[0m [1;30mLevel 1[0m _identify(.) by extensions ['ignore', 'ignore_ament_install']
[0.666s] [34mcolcon.colcon_core.package_identification[0m [1;30mLevel 1[0m _identify(.) by extension 'ignore'
[0.667s] [34mcolcon.colcon_core.package_identification[0m [1;30mLevel 1[0m _identify(.) by extension 'ignore_ament_install'
[0.667s] [34mcolcon.colcon_core.package_identification[0m [1;30mLevel 1[0m _identify(.) by extensions ['colcon_pkg']
[0.667s] [34mcolcon.colcon_core.package_identification[0m [1;30mLevel 1[0m _identify(.) by extension 'colcon_pkg'
[0.667s] [34mcolcon.colcon_core.package_identification[0m [1;30mLevel 1[0m _identify(.) by extensions ['colcon_meta']
[0.667s] [34mcolcon.colcon_core.package_identification[0m [1;30mLevel 1[0m _identify(.) by extension 'colcon_meta'
[0.667s] [34mcolcon.colcon_core.package_identification[0m [1;30mLevel 1[0m _identify(.) by extensions ['ros']
[0.667s] [34mcolcon.colcon_core.package_identification[0m [1;30mLevel 1[0m _identify(.) by extension 'ros'
[0.697s] [34mcolcon.colcon_core.package_identification[0m [1;30mLevel 1[0m _identify(.) by extensions ['cmake', 'python']
[0.697s] [34mcolcon.colcon_core.package_identification[0m [1;30mLevel 1[0m _identify(.) by extension 'cmake'
[0.697s] [34mcolcon.colcon_core.package_identification[0m [1;30mLevel 1[0m _identify(.) by extension 'python'
[0.697s] [34mcolcon.colcon_core.package_identification[0m [1;30mLevel 1[0m _identify(.) by extensions ['python_setup_py']
[0.697s] [34mcolcon.colcon_core.package_identification[0m [1;30mLevel 1[0m _identify(.) by extension 'python_setup_py'
[0.698s] [34mcolcon.colcon_core.package_identification[0m [1;30mLevel 1[0m _identify(build) by extensions ['ignore', 'ignore_ament_install']
[0.698s] [34mcolcon.colcon_core.package_identification[0m [1;30mLevel 1[0m _identify(build) by extension 'ignore'
[0.698s] [34mcolcon.colcon_core.package_identification[0m [1;30mLevel 1[0m _identify(build) ignored
[0.698s] [34mcolcon.colcon_core.package_identification[0m [1;30mLevel 1[0m _identify(install) by extensions ['ignore', 'ignore_ament_install']
[0.699s] [34mcolcon.colcon_core.package_identification[0m [1;30mLevel 1[0m _identify(install) by extension 'ignore'
[0.699s] [34mcolcon.colcon_core.package_identification[0m [1;30mLevel 1[0m _identify(install) ignored
[0.699s] [34mcolcon.colcon_core.package_identification[0m [1;30mLevel 1[0m _identify(log) by extensions ['ignore', 'ignore_ament_install']
[0.699s] [34mcolcon.colcon_core.package_identification[0m [1;30mLevel 1[0m _identify(log) by extension 'ignore'
[0.699s] [34mcolcon.colcon_core.package_identification[0m [1;30mLevel 1[0m _identify(log) ignored
[0.699s] [34mcolcon.colcon_core.package_identification[0m [1;30mLevel 1[0m _identify(src) by extensions ['ignore', 'ignore_ament_install']
[0.700s] [34mcolcon.colcon_core.package_identification[0m [1;30mLevel 1[0m _identify(src) by extension 'ignore'
[0.700s] [34mcolcon.colcon_core.package_identification[0m [1;30mLevel 1[0m _identify(src) by extension 'ignore_ament_install'
[0.700s] [34mcolcon.colcon_core.package_identification[0m [1;30mLevel 1[0m _identify(src) by extensions ['colcon_pkg']
[0.700s] [34mcolcon.colcon_core.package_identification[0m [1;30mLevel 1[0m _identify(src) by extension 'colcon_pkg'
[0.700s] [34mcolcon.colcon_core.package_identification[0m [1;30mLevel 1[0m _identify(src) by extensions ['colcon_meta']
[0.700s] [34mcolcon.colcon_core.package_identification[0m [1;30mLevel 1[0m _identify(src) by extension 'colcon_meta'
[0.700s] [34mcolcon.colcon_core.package_identification[0m [1;30mLevel 1[0m _identify(src) by extensions ['ros']
[0.700s] [34mcolcon.colcon_core.package_identification[0m [1;30mLevel 1[0m _identify(src) by extension 'ros'
[0.700s] [34mcolcon.colcon_core.package_identification[0m [1;30mLevel 1[0m _identify(src) by extensions ['cmake', 'python']
[0.700s] [34mcolcon.colcon_core.package_identification[0m [1;30mLevel 1[0m _identify(src) by extension 'cmake'
[0.701s] [34mcolcon.colcon_core.package_identification[0m [1;30mLevel 1[0m _identify(src) by extension 'python'
[0.701s] [34mcolcon.colcon_core.package_identification[0m [1;30mLevel 1[0m _identify(src) by extensions ['python_setup_py']
[0.701s] [34mcolcon.colcon_core.package_identification[0m [1;30mLevel 1[0m _identify(src) by extension 'python_setup_py'
[0.701s] [34mcolcon.colcon_core.package_identification[0m [1;30mLevel 1[0m _identify(src/common) by extensions ['ignore', 'ignore_ament_install']
[0.701s] [34mcolcon.colcon_core.package_identification[0m [1;30mLevel 1[0m _identify(src/common) by extension 'ignore'
[0.701s] [34mcolcon.colcon_core.package_identification[0m [1;30mLevel 1[0m _identify(src/common) by extension 'ignore_ament_install'
[0.701s] [34mcolcon.colcon_core.package_identification[0m [1;30mLevel 1[0m _identify(src/common) by extensions ['colcon_pkg']
[0.701s] [34mcolcon.colcon_core.package_identification[0m [1;30mLevel 1[0m _identify(src/common) by extension 'colcon_pkg'
[0.701s] [34mcolcon.colcon_core.package_identification[0m [1;30mLevel 1[0m _identify(src/common) by extensions ['colcon_meta']
[0.702s] [34mcolcon.colcon_core.package_identification[0m [1;30mLevel 1[0m _identify(src/common) by extension 'colcon_meta'
[0.702s] [34mcolcon.colcon_core.package_identification[0m [1;30mLevel 1[0m _identify(src/common) by extensions ['ros']
[0.702s] [34mcolcon.colcon_core.package_identification[0m [1;30mLevel 1[0m _identify(src/common) by extension 'ros'
[0.707s] [34mcolcon.colcon_core.package_identification[0m [1;30mDEBUG[0m [32mPackage 'src/common' with type 'ros.ament_python' and name 'common'[0m
[0.707s] [34mcolcon.colcon_core.package_identification[0m [1;30mLevel 1[0m _identify(src/rosbridge_suite) by extensions ['ignore', 'ignore_ament_install']
[0.708s] [34mcolcon.colcon_core.package_identification[0m [1;30mLevel 1[0m _identify(src/rosbridge_suite) by extension 'ignore'
[0.708s] [34mcolcon.colcon_core.package_identification[0m [1;30mLevel 1[0m _identify(src/rosbridge_suite) by extension 'ignore_ament_install'
[0.708s] [34mcolcon.colcon_core.package_identification[0m [1;30mLevel 1[0m _identify(src/rosbridge_suite) by extensions ['colcon_pkg']
[0.708s] [34mcolcon.colcon_core.package_identification[0m [1;30mLevel 1[0m _identify(src/rosbridge_suite) by extension 'colcon_pkg'
[0.708s] [34mcolcon.colcon_core.package_identification[0m [1;30mLevel 1[0m _identify(src/rosbridge_suite) by extensions ['colcon_meta']
[0.708s] [34mcolcon.colcon_core.package_identification[0m [1;30mLevel 1[0m _identify(src/rosbridge_suite) by extension 'colcon_meta'
[0.708s] [34mcolcon.colcon_core.package_identification[0m [1;30mLevel 1[0m _identify(src/rosbridge_suite) by extensions ['ros']
[0.708s] [34mcolcon.colcon_core.package_identification[0m [1;30mLevel 1[0m _identify(src/rosbridge_suite) by extension 'ros'
[0.709s] [34mcolcon.colcon_core.package_identification[0m [1;30mLevel 1[0m _identify(src/rosbridge_suite) by extensions ['cmake', 'python']
[0.709s] [34mcolcon.colcon_core.package_identification[0m [1;30mLevel 1[0m _identify(src/rosbridge_suite) by extension 'cmake'
[0.709s] [34mcolcon.colcon_core.package_identification[0m [1;30mLevel 1[0m _identify(src/rosbridge_suite) by extension 'python'
[0.709s] [34mcolcon.colcon_core.package_identification[0m [1;30mLevel 1[0m _identify(src/rosbridge_suite) by extensions ['python_setup_py']
[0.709s] [34mcolcon.colcon_core.package_identification[0m [1;30mLevel 1[0m _identify(src/rosbridge_suite) by extension 'python_setup_py'
[0.709s] [34mcolcon.colcon_core.package_identification[0m [1;30mLevel 1[0m _identify(src/tcp_cam_sender) by extensions ['ignore', 'ignore_ament_install']
[0.709s] [34mcolcon.colcon_core.package_identification[0m [1;30mLevel 1[0m _identify(src/tcp_cam_sender) by extension 'ignore'
[0.709s] [34mcolcon.colcon_core.package_identification[0m [1;30mLevel 1[0m _identify(src/tcp_cam_sender) by extension 'ignore_ament_install'
[0.709s] [34mcolcon.colcon_core.package_identification[0m [1;30mLevel 1[0m _identify(src/tcp_cam_sender) by extensions ['colcon_pkg']
[0.710s] [34mcolcon.colcon_core.package_identification[0m [1;30mLevel 1[0m _identify(src/tcp_cam_sender) by extension 'colcon_pkg'
[0.710s] [34mcolcon.colcon_core.package_identification[0m [1;30mLevel 1[0m _identify(src/tcp_cam_sender) by extensions ['colcon_meta']
[0.710s] [34mcolcon.colcon_core.package_identification[0m [1;30mLevel 1[0m _identify(src/tcp_cam_sender) by extension 'colcon_meta'
[0.710s] [34mcolcon.colcon_core.package_identification[0m [1;30mLevel 1[0m _identify(src/tcp_cam_sender) by extensions ['ros']
[0.710s] [34mcolcon.colcon_core.package_identification[0m [1;30mLevel 1[0m _identify(src/tcp_cam_sender) by extension 'ros'
[0.711s] [34mcolcon.colcon_core.package_identification[0m [1;30mDEBUG[0m [32mPackage 'src/tcp_cam_sender' with type 'ros.ament_python' and name 'tcp_cam_sender'[0m
[0.712s] [34mcolcon.colcon_core.package_identification[0m [1;30mLevel 1[0m _identify(src/udp_to_ros) by extensions ['ignore', 'ignore_ament_install']
[0.712s] [34mcolcon.colcon_core.package_identification[0m [1;30mLevel 1[0m _identify(src/udp_to_ros) by extension 'ignore'
[0.712s] [34mcolcon.colcon_core.package_identification[0m [1;30mLevel 1[0m _identify(src/udp_to_ros) by extension 'ignore_ament_install'
[0.712s] [34mcolcon.colcon_core.package_identification[0m [1;30mLevel 1[0m _identify(src/udp_to_ros) by extensions ['colcon_pkg']
[0.712s] [34mcolcon.colcon_core.package_identification[0m [1;30mLevel 1[0m _identify(src/udp_to_ros) by extension 'colcon_pkg'
[0.712s] [34mcolcon.colcon_core.package_identification[0m [1;30mLevel 1[0m _identify(src/udp_to_ros) by extensions ['colcon_meta']
[0.712s] [34mcolcon.colcon_core.package_identification[0m [1;30mLevel 1[0m _identify(src/udp_to_ros) by extension 'colcon_meta'
[0.712s] [34mcolcon.colcon_core.package_identification[0m [1;30mLevel 1[0m _identify(src/udp_to_ros) by extensions ['ros']
[0.712s] [34mcolcon.colcon_core.package_identification[0m [1;30mLevel 1[0m _identify(src/udp_to_ros) by extension 'ros'
[0.714s] [34mcolcon.colcon_core.package_identification[0m [1;30mDEBUG[0m [32mPackage 'src/udp_to_ros' with type 'ros.ament_python' and name 'udp_to_ros'[0m
[0.714s] [34mcolcon.colcon_core.package_identification[0m [1;30mLevel 1[0m _identify(src/usb_cam) by extensions ['ignore', 'ignore_ament_install']
[0.714s] [34mcolcon.colcon_core.package_identification[0m [1;30mLevel 1[0m _identify(src/usb_cam) by extension 'ignore'
[0.714s] [34mcolcon.colcon_core.package_identification[0m [1;30mLevel 1[0m _identify(src/usb_cam) by extension 'ignore_ament_install'
[0.714s] [34mcolcon.colcon_core.package_identification[0m [1;30mLevel 1[0m _identify(src/usb_cam) by extensions ['colcon_pkg']
[0.714s] [34mcolcon.colcon_core.package_identification[0m [1;30mLevel 1[0m _identify(src/usb_cam) by extension 'colcon_pkg'
[0.714s] [34mcolcon.colcon_core.package_identification[0m [1;30mLevel 1[0m _identify(src/usb_cam) by extensions ['colcon_meta']
[0.715s] [34mcolcon.colcon_core.package_identification[0m [1;30mLevel 1[0m _identify(src/usb_cam) by extension 'colcon_meta'
[0.715s] [34mcolcon.colcon_core.package_identification[0m [1;30mLevel 1[0m _identify(src/usb_cam) by extensions ['ros']
[0.715s] [34mcolcon.colcon_core.package_identification[0m [1;30mLevel 1[0m _identify(src/usb_cam) by extension 'ros'
[0.717s] [34mcolcon.colcon_core.package_identification[0m [1;30mDEBUG[0m [32mPackage 'src/usb_cam' with type 'ros.ament_cmake' and name 'usb_cam'[0m
[0.717s] [34mcolcon.colcon_core.package_identification[0m [1;30mLevel 1[0m _identify(src/yolov5_ros2) by extensions ['ignore', 'ignore_ament_install']
[0.718s] [34mcolcon.colcon_core.package_identification[0m [1;30mLevel 1[0m _identify(src/yolov5_ros2) by extension 'ignore'
[0.718s] [34mcolcon.colcon_core.package_identification[0m [1;30mLevel 1[0m _identify(src/yolov5_ros2) by extension 'ignore_ament_install'
[0.718s] [34mcolcon.colcon_core.package_identification[0m [1;30mLevel 1[0m _identify(src/yolov5_ros2) by extensions ['colcon_pkg']
[0.718s] [34mcolcon.colcon_core.package_identification[0m [1;30mLevel 1[0m _identify(src/yolov5_ros2) by extension 'colcon_pkg'
[0.718s] [34mcolcon.colcon_core.package_identification[0m [1;30mLevel 1[0m _identify(src/yolov5_ros2) by extensions ['colcon_meta']
[0.718s] [34mcolcon.colcon_core.package_identification[0m [1;30mLevel 1[0m _identify(src/yolov5_ros2) by extension 'colcon_meta'
[0.718s] [34mcolcon.colcon_core.package_identification[0m [1;30mLevel 1[0m _identify(src/yolov5_ros2) by extensions ['ros']
[0.718s] [34mcolcon.colcon_core.package_identification[0m [1;30mLevel 1[0m _identify(src/yolov5_ros2) by extension 'ros'
[0.720s] [34mcolcon.colcon_core.package_identification[0m [1;30mDEBUG[0m [32mPackage 'src/yolov5_ros2' with type 'ros.ament_python' and name 'yolov5_ros2'[0m
[0.720s] [34mcolcon.colcon_core.package_discovery[0m [1;30mLevel 1[0m discover_packages(recursive) using defaults
[0.720s] [34mcolcon.colcon_core.package_discovery[0m [1;30mLevel 1[0m discover_packages(ignore) discover
[0.720s] [34mcolcon.colcon_core.package_discovery[0m [1;30mLevel 1[0m discover_packages(ignore) using defaults
[0.720s] [34mcolcon.colcon_core.package_discovery[0m [1;30mLevel 1[0m discover_packages(path) discover
[0.720s] [34mcolcon.colcon_core.package_discovery[0m [1;30mLevel 1[0m discover_packages(path) using defaults
[0.763s] [34mcolcon.colcon_core.package_discovery[0m [1;30mLevel 1[0m discover_packages(prefix_path) check parameters
[0.763s] [34mcolcon.colcon_core.package_discovery[0m [1;30mLevel 1[0m discover_packages(prefix_path) discover
[0.769s] [34mcolcon.colcon_installed_package_information.package_discovery[0m [1;30mDEBUG[0m [32mFound 5 installed packages in /home/sbel/Desktop/Cobra-Driver/workspace/install[0m
[0.772s] [34mcolcon.colcon_installed_package_information.package_discovery[0m [1;30mDEBUG[0m [32mFound 266 installed packages in /opt/ros/foxy[0m
[0.775s] [34mcolcon.colcon_core.package_discovery[0m [1;30mLevel 1[0m discover_packages(prefix_path) using defaults
[0.915s] [34mcolcon.colcon_core.verb[0m [1;30mLevel 5[0m set package 'common' build argument 'cmake_args' from command line to 'None'
[0.915s] [34mcolcon.colcon_core.verb[0m [1;30mLevel 5[0m set package 'common' build argument 'cmake_target' from command line to 'None'
[0.915s] [34mcolcon.colcon_core.verb[0m [1;30mLevel 5[0m set package 'common' build argument 'cmake_target_skip_unavailable' from command line to 'False'
[0.915s] [34mcolcon.colcon_core.verb[0m [1;30mLevel 5[0m set package 'common' build argument 'cmake_clean_cache' from command line to 'False'
[0.915s] [34mcolcon.colcon_core.verb[0m [1;30mLevel 5[0m set package 'common' build argument 'cmake_clean_first' from command line to 'False'
[0.915s] [34mcolcon.colcon_core.verb[0m [1;30mLevel 5[0m set package 'common' build argument 'cmake_force_configure' from command line to 'False'
[0.916s] [34mcolcon.colcon_core.verb[0m [1;30mLevel 5[0m set package 'common' build argument 'ament_cmake_args' from command line to 'None'
[0.916s] [34mcolcon.colcon_core.verb[0m [1;30mLevel 5[0m set package 'common' build argument 'catkin_cmake_args' from command line to 'None'
[0.916s] [34mcolcon.colcon_core.verb[0m [1;30mLevel 5[0m set package 'common' build argument 'catkin_skip_building_tests' from command line to 'False'
[0.916s] [34mcolcon.colcon_core.verb[0m [1;30mDEBUG[0m [32mBuilding package 'common' with the following arguments: {'ament_cmake_args': None, 'build_base': '/home/sbel/Desktop/Cobra-Driver/workspace/build/common', 'catkin_cmake_args': None, 'catkin_skip_building_tests': False, 'cmake_args': None, 'cmake_clean_cache': False, 'cmake_clean_first': False, 'cmake_force_configure': False, 'cmake_target': None, 'cmake_target_skip_unavailable': False, 'install_base': '/home/sbel/Desktop/Cobra-Driver/workspace/install/common', 'merge_install': False, 'path': '/home/sbel/Desktop/Cobra-Driver/workspace/src/common', 'symlink_install': False, 'test_result_base': None}[0m
[0.918s] [34mcolcon.colcon_core.verb[0m [1;30mLevel 5[0m set package 'tcp_cam_sender' build argument 'cmake_args' from command line to 'None'
[0.918s] [34mcolcon.colcon_core.verb[0m [1;30mLevel 5[0m set package 'tcp_cam_sender' build argument 'cmake_target' from command line to 'None'
[0.918s] [34mcolcon.colcon_core.verb[0m [1;30mLevel 5[0m set package 'tcp_cam_sender' build argument 'cmake_target_skip_unavailable' from command line to 'False'
[0.918s] [34mcolcon.colcon_core.verb[0m [1;30mLevel 5[0m set package 'tcp_cam_sender' build argument 'cmake_clean_cache' from command line to 'False'
[0.918s] [34mcolcon.colcon_core.verb[0m [1;30mLevel 5[0m set package 'tcp_cam_sender' build argument 'cmake_clean_first' from command line to 'False'
[0.918s] [34mcolcon.colcon_core.verb[0m [1;30mLevel 5[0m set package 'tcp_cam_sender' build argument 'cmake_force_configure' from command line to 'False'
[0.918s] [34mcolcon.colcon_core.verb[0m [1;30mLevel 5[0m set package 'tcp_cam_sender' build argument 'ament_cmake_args' from command line to 'None'
[0.918s] [34mcolcon.colcon_core.verb[0m [1;30mLevel 5[0m set package 'tcp_cam_sender' build argument 'catkin_cmake_args' from command line to 'None'
[0.918s] [34mcolcon.colcon_core.verb[0m [1;30mLevel 5[0m set package 'tcp_cam_sender' build argument 'catkin_skip_building_tests' from command line to 'False'
[0.919s] [34mcolcon.colcon_core.verb[0m [1;30mDEBUG[0m [32mBuilding package 'tcp_cam_sender' with the following arguments: {'ament_cmake_args': None, 'build_base': '/home/sbel/Desktop/Cobra-Driver/workspace/build/tcp_cam_sender', 'catkin_cmake_args': None, 'catkin_skip_building_tests': False, 'cmake_args': None, 'cmake_clean_cache': False, 'cmake_clean_first': False, 'cmake_force_configure': False, 'cmake_target': None, 'cmake_target_skip_unavailable': False, 'install_base': '/home/sbel/Desktop/Cobra-Driver/workspace/install/tcp_cam_sender', 'merge_install': False, 'path': '/home/sbel/Desktop/Cobra-Driver/workspace/src/tcp_cam_sender', 'symlink_install': False, 'test_result_base': None}[0m
[0.920s] [34mcolcon.colcon_core.verb[0m [1;30mLevel 5[0m set package 'udp_to_ros' build argument 'cmake_args' from command line to 'None'
[0.921s] [34mcolcon.colcon_core.verb[0m [1;30mLevel 5[0m set package 'udp_to_ros' build argument 'cmake_target' from command line to 'None'
[0.921s] [34mcolcon.colcon_core.verb[0m [1;30mLevel 5[0m set package 'udp_to_ros' build argument 'cmake_target_skip_unavailable' from command line to 'False'
[0.921s] [34mcolcon.colcon_core.verb[0m [1;30mLevel 5[0m set package 'udp_to_ros' build argument 'cmake_clean_cache' from command line to 'False'
[0.921s] [34mcolcon.colcon_core.verb[0m [1;30mLevel 5[0m set package 'udp_to_ros' build argument 'cmake_clean_first' from command line to 'False'
[0.921s] [34mcolcon.colcon_core.verb[0m [1;30mLevel 5[0m set package 'udp_to_ros' build argument 'cmake_force_configure' from command line to 'False'
[0.921s] [34mcolcon.colcon_core.verb[0m [1;30mLevel 5[0m set package 'udp_to_ros' build argument 'ament_cmake_args' from command line to 'None'
[0.921s] [34mcolcon.colcon_core.verb[0m [1;30mLevel 5[0m set package 'udp_to_ros' build argument 'catkin_cmake_args' from command line to 'None'
[0.921s] [34mcolcon.colcon_core.verb[0m [1;30mLevel 5[0m set package 'udp_to_ros' build argument 'catkin_skip_building_tests' from command line to 'False'
[0.921s] [34mcolcon.colcon_core.verb[0m [1;30mDEBUG[0m [32mBuilding package 'udp_to_ros' with the following arguments: {'ament_cmake_args': None, 'build_base': '/home/sbel/Desktop/Cobra-Driver/workspace/build/udp_to_ros', 'catkin_cmake_args': None, 'catkin_skip_building_tests': False, 'cmake_args': None, 'cmake_clean_cache': False, 'cmake_clean_first': False, 'cmake_force_configure': False, 'cmake_target': None, 'cmake_target_skip_unavailable': False, 'install_base': '/home/sbel/Desktop/Cobra-Driver/workspace/install/udp_to_ros', 'merge_install': False, 'path': '/home/sbel/Desktop/Cobra-Driver/workspace/src/udp_to_ros', 'symlink_install': False, 'test_result_base': None}[0m
[0.923s] [34mcolcon.colcon_core.verb[0m [1;30mLevel 5[0m set package 'usb_cam' build argument 'cmake_args' from command line to 'None'
[0.923s] [34mcolcon.colcon_core.verb[0m [1;30mLevel 5[0m set package 'usb_cam' build argument 'cmake_target' from command line to 'None'
[0.923s] [34mcolcon.colcon_core.verb[0m [1;30mLevel 5[0m set package 'usb_cam' build argument 'cmake_target_skip_unavailable' from command line to 'False'
[0.923s] [34mcolcon.colcon_core.verb[0m [1;30mLevel 5[0m set package 'usb_cam' build argument 'cmake_clean_cache' from command line to 'False'
[0.923s] [34mcolcon.colcon_core.verb[0m [1;30mLevel 5[0m set package 'usb_cam' build argument 'cmake_clean_first' from command line to 'False'
[0.923s] [34mcolcon.colcon_core.verb[0m [1;30mLevel 5[0m set package 'usb_cam' build argument 'cmake_force_configure' from command line to 'False'
[0.923s] [34mcolcon.colcon_core.verb[0m [1;30mLevel 5[0m set package 'usb_cam' build argument 'ament_cmake_args' from command line to 'None'
[0.923s] [34mcolcon.colcon_core.verb[0m [1;30mLevel 5[0m set package 'usb_cam' build argument 'catkin_cmake_args' from command line to 'None'
[0.923s] [34mcolcon.colcon_core.verb[0m [1;30mLevel 5[0m set package 'usb_cam' build argument 'catkin_skip_building_tests' from command line to 'False'
[0.923s] [34mcolcon.colcon_core.verb[0m [1;30mDEBUG[0m [32mBuilding package 'usb_cam' with the following arguments: {'ament_cmake_args': None, 'build_base': '/home/sbel/Desktop/Cobra-Driver/workspace/build/usb_cam', 'catkin_cmake_args': None, 'catkin_skip_building_tests': False, 'cmake_args': None, 'cmake_clean_cache': False, 'cmake_clean_first': False, 'cmake_force_configure': False, 'cmake_target': None, 'cmake_target_skip_unavailable': False, 'install_base': '/home/sbel/Desktop/Cobra-Driver/workspace/install/usb_cam', 'merge_install': False, 'path': '/home/sbel/Desktop/Cobra-Driver/workspace/src/usb_cam', 'symlink_install': False, 'test_result_base': None}[0m
[0.925s] [34mcolcon.colcon_core.verb[0m [1;30mLevel 5[0m set package 'yolov5_ros2' build argument 'cmake_args' from command line to 'None'
[0.925s] [34mcolcon.colcon_core.verb[0m [1;30mLevel 5[0m set package 'yolov5_ros2' build argument 'cmake_target' from command line to 'None'
[0.925s] [34mcolcon.colcon_core.verb[0m [1;30mLevel 5[0m set package 'yolov5_ros2' build argument 'cmake_target_skip_unavailable' from command line to 'False'
[0.926s] [34mcolcon.colcon_core.verb[0m [1;30mLevel 5[0m set package 'yolov5_ros2' build argument 'cmake_clean_cache' from command line to 'False'
[0.926s] [34mcolcon.colcon_core.verb[0m [1;30mLevel 5[0m set package 'yolov5_ros2' build argument 'cmake_clean_first' from command line to 'False'
[0.926s] [34mcolcon.colcon_core.verb[0m [1;30mLevel 5[0m set package 'yolov5_ros2' build argument 'cmake_force_configure' from command line to 'False'
[0.926s] [34mcolcon.colcon_core.verb[0m [1;30mLevel 5[0m set package 'yolov5_ros2' build argument 'ament_cmake_args' from command line to 'None'
[0.926s] [34mcolcon.colcon_core.verb[0m [1;30mLevel 5[0m set package 'yolov5_ros2' build argument 'catkin_cmake_args' from command line to 'None'
[0.926s] [34mcolcon.colcon_core.verb[0m [1;30mLevel 5[0m set package 'yolov5_ros2' build argument 'catkin_skip_building_tests' from command line to 'False'
[0.926s] [34mcolcon.colcon_core.verb[0m [1;30mDEBUG[0m [32mBuilding package 'yolov5_ros2' with the following arguments: {'ament_cmake_args': None, 'build_base': '/home/sbel/Desktop/Cobra-Driver/workspace/build/yolov5_ros2', 'catkin_cmake_args': None, 'catkin_skip_building_tests': False, 'cmake_args': None, 'cmake_clean_cache': False, 'cmake_clean_first': False, 'cmake_force_configure': False, 'cmake_target': None, 'cmake_target_skip_unavailable': False, 'install_base': '/home/sbel/Desktop/Cobra-Driver/workspace/install/yolov5_ros2', 'merge_install': False, 'path': '/home/sbel/Desktop/Cobra-Driver/workspace/src/yolov5_ros2', 'symlink_install': False, 'test_result_base': None}[0m
[0.927s] [34mcolcon.colcon_core.executor[0m [1;30mINFO[0m Executing jobs using 'parallel' executor
[0.936s] [34mcolcon.colcon_parallel_executor.executor.parallel[0m [1;30mDEBUG[0m [32mrun_until_complete[0m
[0.936s] [34mcolcon.colcon_ros.task.ament_python.build[0m [1;30mINFO[0m Building ROS package in '/home/sbel/Desktop/Cobra-Driver/workspace/src/common' with build type 'ament_python'
[0.937s] [34mcolcon.colcon_core.shell[0m [1;30mLevel 1[0m create_environment_hook('common', 'ament_prefix_path')
[0.945s] [34mcolcon.colcon_core.plugin_system[0m [1;30mINFO[0m Skipping extension 'colcon_core.shell.bat': Not used on non-Windows systems
[0.945s] [34mcolcon.colcon_core.shell[0m [1;30mINFO[0m Creating environment hook '/home/sbel/Desktop/Cobra-Driver/workspace/install/common/share/common/hook/ament_prefix_path.ps1'
[0.947s] [34mcolcon.colcon_core.shell[0m [1;30mINFO[0m Creating environment descriptor '/home/sbel/Desktop/Cobra-Driver/workspace/install/common/share/common/hook/ament_prefix_path.dsv'
[0.948s] [34mcolcon.colcon_core.shell[0m [1;30mINFO[0m Creating environment hook '/home/sbel/Desktop/Cobra-Driver/workspace/install/common/share/common/hook/ament_prefix_path.sh'
[0.954s] [34mcolcon.colcon_core.shell[0m [1;30mINFO[0m Skip shell extension 'powershell' for command environment: Not usable outside of PowerShell
[0.954s] [34mcolcon.colcon_core.shell[0m [1;30mDEBUG[0m [32mSkip shell extension 'dsv' for command environment[0m
[0.972s] [34mcolcon.colcon_ros.task.ament_python.build[0m [1;30mINFO[0m Building ROS package in '/home/sbel/Desktop/Cobra-Driver/workspace/src/tcp_cam_sender' with build type 'ament_python'
[0.973s] [34mcolcon.colcon_core.shell[0m [1;30mLevel 1[0m create_environment_hook('tcp_cam_sender', 'ament_prefix_path')
[0.976s] [34mcolcon.colcon_core.shell[0m [1;30mINFO[0m Creating environment hook '/home/sbel/Desktop/Cobra-Driver/workspace/install/tcp_cam_sender/share/tcp_cam_sender/hook/ament_prefix_path.ps1'
[0.978s] [34mcolcon.colcon_core.shell[0m [1;30mINFO[0m Creating environment descriptor '/home/sbel/Desktop/Cobra-Driver/workspace/install/tcp_cam_sender/share/tcp_cam_sender/hook/ament_prefix_path.dsv'
[0.981s] [34mcolcon.colcon_core.shell[0m [1;30mINFO[0m Creating environment hook '/home/sbel/Desktop/Cobra-Driver/workspace/install/tcp_cam_sender/share/tcp_cam_sender/hook/ament_prefix_path.sh'
[0.987s] [34mcolcon.colcon_core.shell[0m [1;30mINFO[0m Skip shell extension 'powershell' for command environment: Not usable outside of PowerShell
[0.987s] [34mcolcon.colcon_core.shell[0m [1;30mDEBUG[0m [32mSkip shell extension 'dsv' for command environment[0m
[1.003s] [34mcolcon.colcon_ros.task.ament_python.build[0m [1;30mINFO[0m Building ROS package in '/home/sbel/Desktop/Cobra-Driver/workspace/src/udp_to_ros' with build type 'ament_python'
[1.004s] [34mcolcon.colcon_core.shell[0m [1;30mLevel 1[0m create_environment_hook('udp_to_ros', 'ament_prefix_path')
[1.007s] [34mcolcon.colcon_core.shell[0m [1;30mINFO[0m Creating environment hook '/home/sbel/Desktop/Cobra-Driver/workspace/install/udp_to_ros/share/udp_to_ros/hook/ament_prefix_path.ps1'
[1.009s] [34mcolcon.colcon_core.shell[0m [1;30mINFO[0m Creating environment descriptor '/home/sbel/Desktop/Cobra-Driver/workspace/install/udp_to_ros/share/udp_to_ros/hook/ament_prefix_path.dsv'
[1.010s] [34mcolcon.colcon_core.shell[0m [1;30mINFO[0m Creating environment hook '/home/sbel/Desktop/Cobra-Driver/workspace/install/udp_to_ros/share/udp_to_ros/hook/ament_prefix_path.sh'
[1.015s] [34mcolcon.colcon_core.shell[0m [1;30mINFO[0m Skip shell extension 'powershell' for command environment: Not usable outside of PowerShell
[1.016s] [34mcolcon.colcon_core.shell[0m [1;30mDEBUG[0m [32mSkip shell extension 'dsv' for command environment[0m
[1.030s] [34mcolcon.colcon_ros.task.ament_cmake.build[0m [1;30mINFO[0m Building ROS package in '/home/sbel/Desktop/Cobra-Driver/workspace/src/usb_cam' with build type 'ament_cmake'
[1.031s] [34mcolcon.colcon_cmake.task.cmake.build[0m [1;30mINFO[0m Building CMake package in '/home/sbel/Desktop/Cobra-Driver/workspace/src/usb_cam'
[1.035s] [34mcolcon.colcon_core.shell[0m [1;30mINFO[0m Skip shell extension 'powershell' for command environment: Not usable outside of PowerShell
[1.036s] [34mcolcon.colcon_core.shell[0m [1;30mDEBUG[0m [32mSkip shell extension 'dsv' for command environment[0m
[1.055s] [34mcolcon.colcon_ros.task.ament_python.build[0m [1;30mINFO[0m Building ROS package in '/home/sbel/Desktop/Cobra-Driver/workspace/src/yolov5_ros2' with build type 'ament_python'
[1.056s] [34mcolcon.colcon_core.shell[0m [1;30mLevel 1[0m create_environment_hook('yolov5_ros2', 'ament_prefix_path')
[1.059s] [34mcolcon.colcon_core.shell[0m [1;30mINFO[0m Creating environment hook '/home/sbel/Desktop/Cobra-Driver/workspace/install/yolov5_ros2/share/yolov5_ros2/hook/ament_prefix_path.ps1'
[1.061s] [34mcolcon.colcon_core.shell[0m [1;30mINFO[0m Creating environment descriptor '/home/sbel/Desktop/Cobra-Driver/workspace/install/yolov5_ros2/share/yolov5_ros2/hook/ament_prefix_path.dsv'
[1.062s] [34mcolcon.colcon_core.shell[0m [1;30mINFO[0m Creating environment hook '/home/sbel/Desktop/Cobra-Driver/workspace/install/yolov5_ros2/share/yolov5_ros2/hook/ament_prefix_path.sh'
[1.066s] [34mcolcon.colcon_core.shell[0m [1;30mINFO[0m Skip shell extension 'powershell' for command environment: Not usable outside of PowerShell
[1.066s] [34mcolcon.colcon_core.shell[0m [1;30mDEBUG[0m [32mSkip shell extension 'dsv' for command environment[0m
[1.533s] [34mcolcon.colcon_core.task.python.build[0m [1;30mINFO[0m Building Python package in '/home/sbel/Desktop/Cobra-Driver/workspace/src/common'
[1.538s] [34mcolcon.colcon_core.shell[0m [1;30mINFO[0m Skip shell extension 'powershell' for command environment: Not usable outside of PowerShell
[1.538s] [34mcolcon.colcon_core.shell[0m [1;30mDEBUG[0m [32mSkip shell extension 'dsv' for command environment[0m
[2.025s] [34mcolcon.colcon_core.task.python.build[0m [1;30mINFO[0m Building Python package in '/home/sbel/Desktop/Cobra-Driver/workspace/src/tcp_cam_sender'
[2.031s] [34mcolcon.colcon_core.shell[0m [1;30mINFO[0m Skip shell extension 'powershell' for command environment: Not usable outside of PowerShell
[2.031s] [34mcolcon.colcon_core.shell[0m [1;30mDEBUG[0m [32mSkip shell extension 'dsv' for command environment[0m
[2.494s] [34mcolcon.colcon_core.task.python.build[0m [1;30mINFO[0m Building Python package in '/home/sbel/Desktop/Cobra-Driver/workspace/src/udp_to_ros'
[2.500s] [34mcolcon.colcon_core.shell[0m [1;30mINFO[0m Skip shell extension 'powershell' for command environment: Not usable outside of PowerShell
[2.500s] [34mcolcon.colcon_core.shell[0m [1;30mDEBUG[0m [32mSkip shell extension 'dsv' for command environment[0m
[2.536s] [34mcolcon.colcon_core.event_handler.log_command[0m [1;30mDEBUG[0m [32mInvoking command in '/home/sbel/Desktop/Cobra-Driver/workspace/build/usb_cam': CMAKE_PREFIX_PATH=${CMAKE_PREFIX_PATH}:/home/sbel/Desktop/Cobra-Driver/workspace/install/yolov5_ros2:/home/sbel/Desktop/Cobra-Driver/workspace/install/udp_to_ros:/home/sbel/Desktop/Cobra-Driver/workspace/install/tcp_cam_sender:/home/sbel/Desktop/Cobra-Driver/workspace/install/common:/opt/ros/foxy /usr/bin/cmake --build /home/sbel/Desktop/Cobra-Driver/workspace/build/usb_cam -- -j8 -l8[0m
[2.992s] [34mcolcon.colcon_core.task.python.build[0m [1;30mINFO[0m Building Python package in '/home/sbel/Desktop/Cobra-Driver/workspace/src/yolov5_ros2'
[2.997s] [34mcolcon.colcon_core.shell[0m [1;30mINFO[0m Skip shell extension 'powershell' for command environment: Not usable outside of PowerShell
[2.997s] [34mcolcon.colcon_core.shell[0m [1;30mDEBUG[0m [32mSkip shell extension 'dsv' for command environment[0m
[3.032s] [34mcolcon.colcon_core.event_handler.log_command[0m [1;30mDEBUG[0m [32mInvoked command in '/home/sbel/Desktop/Cobra-Driver/workspace/build/usb_cam' returned '0': CMAKE_PREFIX_PATH=${CMAKE_PREFIX_PATH}:/home/sbel/Desktop/Cobra-Driver/workspace/install/yolov5_ros2:/home/sbel/Desktop/Cobra-Driver/workspace/install/udp_to_ros:/home/sbel/Desktop/Cobra-Driver/workspace/install/tcp_cam_sender:/home/sbel/Desktop/Cobra-Driver/workspace/install/common:/opt/ros/foxy /usr/bin/cmake --build /home/sbel/Desktop/Cobra-Driver/workspace/build/usb_cam -- -j8 -l8[0m
[3.148s] [34mcolcon.colcon_core.event_handler.log_command[0m [1;30mDEBUG[0m [32mInvoking command in '/home/sbel/Desktop/Cobra-Driver/workspace/build/usb_cam': CMAKE_PREFIX_PATH=${CMAKE_PREFIX_PATH}:/home/sbel/Desktop/Cobra-Driver/workspace/install/yolov5_ros2:/home/sbel/Desktop/Cobra-Driver/workspace/install/udp_to_ros:/home/sbel/Desktop/Cobra-Driver/workspace/install/tcp_cam_sender:/home/sbel/Desktop/Cobra-Driver/workspace/install/common:/opt/ros/foxy /usr/bin/cmake --install /home/sbel/Desktop/Cobra-Driver/workspace/build/usb_cam[0m
[3.190s] [34mcolcon.colcon_core.environment[0m [1;30mLevel 1[0m create_environment_scripts_only(usb_cam)
[3.195s] [34mcolcon.colcon_core.event_handler.log_command[0m [1;30mDEBUG[0m [32mInvoked command in '/home/sbel/Desktop/Cobra-Driver/workspace/build/usb_cam' returned '0': CMAKE_PREFIX_PATH=${CMAKE_PREFIX_PATH}:/home/sbel/Desktop/Cobra-Driver/workspace/install/yolov5_ros2:/home/sbel/Desktop/Cobra-Driver/workspace/install/udp_to_ros:/home/sbel/Desktop/Cobra-Driver/workspace/install/tcp_cam_sender:/home/sbel/Desktop/Cobra-Driver/workspace/install/common:/opt/ros/foxy /usr/bin/cmake --install /home/sbel/Desktop/Cobra-Driver/workspace/build/usb_cam[0m
[3.206s] [34mcolcon.colcon_core.environment[0m [1;30mLevel 1[0m checking '/home/sbel/Desktop/Cobra-Driver/workspace/install/usb_cam' for CMake module files
[3.208s] [34mcolcon.colcon_core.environment[0m [1;30mLevel 1[0m checking '/home/sbel/Desktop/Cobra-Driver/workspace/install/usb_cam' for CMake config files
[3.209s] [34mcolcon.colcon_core.shell[0m [1;30mLevel 1[0m create_environment_hook('usb_cam', 'cmake_prefix_path')
[3.212s] [34mcolcon.colcon_core.shell[0m [1;30mINFO[0m Creating environment hook '/home/sbel/Desktop/Cobra-Driver/workspace/install/usb_cam/share/usb_cam/hook/cmake_prefix_path.ps1'
[3.214s] [34mcolcon.colcon_core.shell[0m [1;30mINFO[0m Creating environment descriptor '/home/sbel/Desktop/Cobra-Driver/workspace/install/usb_cam/share/usb_cam/hook/cmake_prefix_path.dsv'
[3.218s] [34mcolcon.colcon_core.shell[0m [1;30mINFO[0m Creating environment hook '/home/sbel/Desktop/Cobra-Driver/workspace/install/usb_cam/share/usb_cam/hook/cmake_prefix_path.sh'
[3.220s] [34mcolcon.colcon_core.environment[0m [1;30mLevel 1[0m checking '/home/sbel/Desktop/Cobra-Driver/workspace/install/usb_cam/lib'
[3.221s] [34mcolcon.colcon_core.shell[0m [1;30mLevel 1[0m create_environment_hook('usb_cam', 'ld_library_path_lib')
[3.224s] [34mcolcon.colcon_core.shell[0m [1;30mINFO[0m Creating environment hook '/home/sbel/Desktop/Cobra-Driver/workspace/install/usb_cam/share/usb_cam/hook/ld_library_path_lib.ps1'
[3.226s] [34mcolcon.colcon_core.shell[0m [1;30mINFO[0m Creating environment descriptor '/home/sbel/Desktop/Cobra-Driver/workspace/install/usb_cam/share/usb_cam/hook/ld_library_path_lib.dsv'
[3.227s] [34mcolcon.colcon_core.shell[0m [1;30mINFO[0m Creating environment hook '/home/sbel/Desktop/Cobra-Driver/workspace/install/usb_cam/share/usb_cam/hook/ld_library_path_lib.sh'
[3.228s] [34mcolcon.colcon_core.environment[0m [1;30mLevel 1[0m checking '/home/sbel/Desktop/Cobra-Driver/workspace/install/usb_cam/bin'
[3.228s] [34mcolcon.colcon_core.environment[0m [1;30mLevel 1[0m checking '/home/sbel/Desktop/Cobra-Driver/workspace/install/usb_cam/lib/pkgconfig/usb_cam.pc'
[3.229s] [34mcolcon.colcon_core.environment[0m [1;30mLevel 1[0m checking '/home/sbel/Desktop/Cobra-Driver/workspace/install/usb_cam/lib/python3.8/site-packages'
[3.229s] [34mcolcon.colcon_core.environment[0m [1;30mLevel 1[0m checking '/home/sbel/Desktop/Cobra-Driver/workspace/install/usb_cam/bin'
[3.233s] [34mcolcon.colcon_core.shell[0m [1;30mINFO[0m Creating package script '/home/sbel/Desktop/Cobra-Driver/workspace/install/usb_cam/share/usb_cam/package.ps1'
[3.235s] [34mcolcon.colcon_core.shell[0m [1;30mINFO[0m Creating package descriptor '/home/sbel/Desktop/Cobra-Driver/workspace/install/usb_cam/share/usb_cam/package.dsv'
[3.237s] [34mcolcon.colcon_core.shell[0m [1;30mINFO[0m Creating package script '/home/sbel/Desktop/Cobra-Driver/workspace/install/usb_cam/share/usb_cam/package.sh'
[3.238s] [34mcolcon.colcon_core.shell[0m [1;30mINFO[0m Creating package script '/home/sbel/Desktop/Cobra-Driver/workspace/install/usb_cam/share/usb_cam/package.bash'
[3.240s] [34mcolcon.colcon_core.shell[0m [1;30mINFO[0m Creating package script '/home/sbel/Desktop/Cobra-Driver/workspace/install/usb_cam/share/usb_cam/package.zsh'
[3.241s] [34mcolcon.colcon_core.environment[0m [1;30mLevel 1[0m create_file_with_runtime_dependencies(/home/sbel/Desktop/Cobra-Driver/workspace/install/usb_cam/share/colcon-core/packages/usb_cam)
[3.315s] [34mcolcon.colcon_core.environment[0m [1;30mLevel 1[0m create_environment_scripts_only(usb_cam)
[3.321s] [34mcolcon.colcon_core.environment[0m [1;30mLevel 1[0m checking '/home/sbel/Desktop/Cobra-Driver/workspace/install/usb_cam' for CMake module files
[3.322s] [34mcolcon.colcon_core.environment[0m [1;30mLevel 1[0m checking '/home/sbel/Desktop/Cobra-Driver/workspace/install/usb_cam' for CMake config files
[3.323s] [34mcolcon.colcon_core.shell[0m [1;30mLevel 1[0m create_environment_hook('usb_cam', 'cmake_prefix_path')
[3.326s] [34mcolcon.colcon_core.shell[0m [1;30mINFO[0m Creating environment hook '/home/sbel/Desktop/Cobra-Driver/workspace/install/usb_cam/share/usb_cam/hook/cmake_prefix_path.ps1'
[3.328s] [34mcolcon.colcon_core.shell[0m [1;30mINFO[0m Creating environment descriptor '/home/sbel/Desktop/Cobra-Driver/workspace/install/usb_cam/share/usb_cam/hook/cmake_prefix_path.dsv'
[3.332s] [34mcolcon.colcon_core.shell[0m [1;30mINFO[0m Creating environment hook '/home/sbel/Desktop/Cobra-Driver/workspace/install/usb_cam/share/usb_cam/hook/cmake_prefix_path.sh'
[3.336s] [34mcolcon.colcon_core.environment[0m [1;30mLevel 1[0m checking '/home/sbel/Desktop/Cobra-Driver/workspace/install/usb_cam/lib'
[3.336s] [34mcolcon.colcon_core.shell[0m [1;30mLevel 1[0m create_environment_hook('usb_cam', 'ld_library_path_lib')
[3.341s] [34mcolcon.colcon_core.shell[0m [1;30mINFO[0m Creating environment hook '/home/sbel/Desktop/Cobra-Driver/workspace/install/usb_cam/share/usb_cam/hook/ld_library_path_lib.ps1'
[3.343s] [34mcolcon.colcon_core.shell[0m [1;30mINFO[0m Creating environment descriptor '/home/sbel/Desktop/Cobra-Driver/workspace/install/usb_cam/share/usb_cam/hook/ld_library_path_lib.dsv'
[3.345s] [34mcolcon.colcon_core.shell[0m [1;30mINFO[0m Creating environment hook '/home/sbel/Desktop/Cobra-Driver/workspace/install/usb_cam/share/usb_cam/hook/ld_library_path_lib.sh'
[3.346s] [34mcolcon.colcon_core.environment[0m [1;30mLevel 1[0m checking '/home/sbel/Desktop/Cobra-Driver/workspace/install/usb_cam/bin'
[3.347s] [34mcolcon.colcon_core.environment[0m [1;30mLevel 1[0m checking '/home/sbel/Desktop/Cobra-Driver/workspace/install/usb_cam/lib/pkgconfig/usb_cam.pc'
[3.348s] [34mcolcon.colcon_core.environment[0m [1;30mLevel 1[0m checking '/home/sbel/Desktop/Cobra-Driver/workspace/install/usb_cam/lib/python3.8/site-packages'
[3.348s] [34mcolcon.colcon_core.environment[0m [1;30mLevel 1[0m checking '/home/sbel/Desktop/Cobra-Driver/workspace/install/usb_cam/bin'
[3.352s] [34mcolcon.colcon_core.shell[0m [1;30mINFO[0m Creating package script '/home/sbel/Desktop/Cobra-Driver/workspace/install/usb_cam/share/usb_cam/package.ps1'
[3.354s] [34mcolcon.colcon_core.shell[0m [1;30mINFO[0m Creating package descriptor '/home/sbel/Desktop/Cobra-Driver/workspace/install/usb_cam/share/usb_cam/package.dsv'
[3.356s] [34mcolcon.colcon_core.shell[0m [1;30mINFO[0m Creating package script '/home/sbel/Desktop/Cobra-Driver/workspace/install/usb_cam/share/usb_cam/package.sh'
[3.358s] [34mcolcon.colcon_core.shell[0m [1;30mINFO[0m Creating package script '/home/sbel/Desktop/Cobra-Driver/workspace/install/usb_cam/share/usb_cam/package.bash'
[3.360s] [34mcolcon.colcon_core.shell[0m [1;30mINFO[0m Creating package script '/home/sbel/Desktop/Cobra-Driver/workspace/install/usb_cam/share/usb_cam/package.zsh'
[3.362s] [34mcolcon.colcon_core.environment[0m [1;30mLevel 1[0m create_file_with_runtime_dependencies(/home/sbel/Desktop/Cobra-Driver/workspace/install/usb_cam/share/colcon-core/packages/usb_cam)
[4.539s] [34mcolcon.colcon_core.event_handler.log_command[0m [1;30mDEBUG[0m [32mInvoking command in '/home/sbel/Desktop/Cobra-Driver/workspace/src/tcp_cam_sender': PYTHONPATH=/home/sbel/Desktop/Cobra-Driver/workspace/build/tcp_cam_sender/prefix_override:/home/sbel/Desktop/Cobra-Driver/workspace/install/tcp_cam_sender/lib/python3.8/site-packages:${PYTHONPATH} /usr/bin/python3 setup.py egg_info --egg-base ../../build/tcp_cam_sender build --build-base /home/sbel/Desktop/Cobra-Driver/workspace/build/tcp_cam_sender/build install --record /home/sbel/Desktop/Cobra-Driver/workspace/build/tcp_cam_sender/install.log --single-version-externally-managed[0m
[4.551s] [34mcolcon.colcon_core.event_handler.log_command[0m [1;30mDEBUG[0m [32mInvoking command in '/home/sbel/Desktop/Cobra-Driver/workspace/src/common': PYTHONPATH=/home/sbel/Desktop/Cobra-Driver/workspace/build/common/prefix_override:/home/sbel/Desktop/Cobra-Driver/workspace/install/common/lib/python3.8/site-packages:${PYTHONPATH} /usr/bin/python3 setup.py egg_info --egg-base ../../build/common build --build-base /home/sbel/Desktop/Cobra-Driver/workspace/build/common/build install --record /home/sbel/Desktop/Cobra-Driver/workspace/build/common/install.log --single-version-externally-managed[0m
[4.566s] [34mcolcon.colcon_core.event_handler.log_command[0m [1;30mDEBUG[0m [32mInvoking command in '/home/sbel/Desktop/Cobra-Driver/workspace/src/udp_to_ros': PYTHONPATH=/home/sbel/Desktop/Cobra-Driver/workspace/build/udp_to_ros/prefix_override:/home/sbel/Desktop/Cobra-Driver/workspace/install/udp_to_ros/lib/python3.8/site-packages:${PYTHONPATH} /usr/bin/python3 setup.py egg_info --egg-base ../../build/udp_to_ros build --build-base /home/sbel/Desktop/Cobra-Driver/workspace/build/udp_to_ros/build install --record /home/sbel/Desktop/Cobra-Driver/workspace/build/udp_to_ros/install.log --single-version-externally-managed[0m
[4.578s] [34mcolcon.colcon_core.event_handler.log_command[0m [1;30mDEBUG[0m [32mInvoking command in '/home/sbel/Desktop/Cobra-Driver/workspace/src/yolov5_ros2': PYTHONPATH=/home/sbel/Desktop/Cobra-Driver/workspace/build/yolov5_ros2/prefix_override:/home/sbel/Desktop/Cobra-Driver/workspace/install/yolov5_ros2/lib/python3.8/site-packages:${PYTHONPATH} /usr/bin/python3 setup.py egg_info --egg-base ../../build/yolov5_ros2 build --build-base /home/sbel/Desktop/Cobra-Driver/workspace/build/yolov5_ros2/build install --record /home/sbel/Desktop/Cobra-Driver/workspace/build/yolov5_ros2/install.log --single-version-externally-managed[0m
[5.755s] [34mcolcon.colcon_core.environment[0m [1;30mLevel 1[0m checking '/home/sbel/Desktop/Cobra-Driver/workspace/install/common' for CMake module files
[5.756s] [34mcolcon.colcon_core.event_handler.log_command[0m [1;30mDEBUG[0m [32mInvoked command in '/home/sbel/Desktop/Cobra-Driver/workspace/src/common' returned '0': PYTHONPATH=/home/sbel/Desktop/Cobra-Driver/workspace/build/common/prefix_override:/home/sbel/Desktop/Cobra-Driver/workspace/install/common/lib/python3.8/site-packages:${PYTHONPATH} /usr/bin/python3 setup.py egg_info --egg-base ../../build/common build --build-base /home/sbel/Desktop/Cobra-Driver/workspace/build/common/build install --record /home/sbel/Desktop/Cobra-Driver/workspace/build/common/install.log --single-version-externally-managed[0m
[5.757s] [34mcolcon.colcon_core.environment[0m [1;30mLevel 1[0m checking '/home/sbel/Desktop/Cobra-Driver/workspace/install/common' for CMake config files
[5.759s] [34mcolcon.colcon_core.environment[0m [1;30mLevel 1[0m checking '/home/sbel/Desktop/Cobra-Driver/workspace/install/common/lib'
[5.759s] [34mcolcon.colcon_core.environment[0m [1;30mLevel 1[0m checking '/home/sbel/Desktop/Cobra-Driver/workspace/install/common/bin'
[5.759s] [34mcolcon.colcon_core.environment[0m [1;30mLevel 1[0m checking '/home/sbel/Desktop/Cobra-Driver/workspace/install/common/lib/pkgconfig/common.pc'
[5.760s] [34mcolcon.colcon_core.environment[0m [1;30mLevel 1[0m checking '/home/sbel/Desktop/Cobra-Driver/workspace/install/common/lib/python3.8/site-packages'
[5.760s] [34mcolcon.colcon_core.shell[0m [1;30mLevel 1[0m create_environment_hook('common', 'pythonpath')
[5.763s] [34mcolcon.colcon_core.shell[0m [1;30mINFO[0m Creating environment hook '/home/sbel/Desktop/Cobra-Driver/workspace/install/common/share/common/hook/pythonpath.ps1'
[5.766s] [34mcolcon.colcon_core.shell[0m [1;30mINFO[0m Creating environment descriptor '/home/sbel/Desktop/Cobra-Driver/workspace/install/common/share/common/hook/pythonpath.dsv'
[5.769s] [34mcolcon.colcon_core.shell[0m [1;30mINFO[0m Creating environment hook '/home/sbel/Desktop/Cobra-Driver/workspace/install/common/share/common/hook/pythonpath.sh'
[5.772s] [34mcolcon.colcon_core.environment[0m [1;30mLevel 1[0m checking '/home/sbel/Desktop/Cobra-Driver/workspace/install/common/bin'
[5.772s] [34mcolcon.colcon_core.environment[0m [1;30mLevel 1[0m create_environment_scripts_only(common)
[5.778s] [34mcolcon.colcon_core.shell[0m [1;30mINFO[0m Creating package script '/home/sbel/Desktop/Cobra-Driver/workspace/install/common/share/common/package.ps1'
[5.780s] [34mcolcon.colcon_core.shell[0m [1;30mINFO[0m Creating package descriptor '/home/sbel/Desktop/Cobra-Driver/workspace/install/common/share/common/package.dsv'
[5.782s] [34mcolcon.colcon_core.shell[0m [1;30mINFO[0m Creating package script '/home/sbel/Desktop/Cobra-Driver/workspace/install/common/share/common/package.sh'
[5.783s] [34mcolcon.colcon_core.shell[0m [1;30mINFO[0m Creating package script '/home/sbel/Desktop/Cobra-Driver/workspace/install/common/share/common/package.bash'
[5.785s] [34mcolcon.colcon_core.shell[0m [1;30mINFO[0m Creating package script '/home/sbel/Desktop/Cobra-Driver/workspace/install/common/share/common/package.zsh'
[5.788s] [34mcolcon.colcon_core.environment[0m [1;30mLevel 1[0m create_file_with_runtime_dependencies(/home/sbel/Desktop/Cobra-Driver/workspace/install/common/share/colcon-core/packages/common)
[5.807s] [34mcolcon.colcon_core.environment[0m [1;30mLevel 1[0m checking '/home/sbel/Desktop/Cobra-Driver/workspace/install/udp_to_ros' for CMake module files
[5.809s] [34mcolcon.colcon_core.event_handler.log_command[0m [1;30mDEBUG[0m [32mInvoked command in '/home/sbel/Desktop/Cobra-Driver/workspace/src/udp_to_ros' returned '0': PYTHONPATH=/home/sbel/Desktop/Cobra-Driver/workspace/build/udp_to_ros/prefix_override:/home/sbel/Desktop/Cobra-Driver/workspace/install/udp_to_ros/lib/python3.8/site-packages:${PYTHONPATH} /usr/bin/python3 setup.py egg_info --egg-base ../../build/udp_to_ros build --build-base /home/sbel/Desktop/Cobra-Driver/workspace/build/udp_to_ros/build install --record /home/sbel/Desktop/Cobra-Driver/workspace/build/udp_to_ros/install.log --single-version-externally-managed[0m
[5.811s] [34mcolcon.colcon_core.environment[0m [1;30mLevel 1[0m checking '/home/sbel/Desktop/Cobra-Driver/workspace/install/udp_to_ros' for CMake config files
[5.813s] [34mcolcon.colcon_core.environment[0m [1;30mLevel 1[0m checking '/home/sbel/Desktop/Cobra-Driver/workspace/install/udp_to_ros/lib'
[5.814s] [34mcolcon.colcon_core.environment[0m [1;30mLevel 1[0m checking '/home/sbel/Desktop/Cobra-Driver/workspace/install/udp_to_ros/bin'
[5.814s] [34mcolcon.colcon_core.environment[0m [1;30mLevel 1[0m checking '/home/sbel/Desktop/Cobra-Driver/workspace/install/udp_to_ros/lib/pkgconfig/udp_to_ros.pc'
[5.815s] [34mcolcon.colcon_core.environment[0m [1;30mLevel 1[0m checking '/home/sbel/Desktop/Cobra-Driver/workspace/install/udp_to_ros/lib/python3.8/site-packages'
[5.815s] [34mcolcon.colcon_core.shell[0m [1;30mLevel 1[0m create_environment_hook('udp_to_ros', 'pythonpath')
[5.820s] [34mcolcon.colcon_core.shell[0m [1;30mINFO[0m Creating environment hook '/home/sbel/Desktop/Cobra-Driver/workspace/install/udp_to_ros/share/udp_to_ros/hook/pythonpath.ps1'
[5.822s] [34mcolcon.colcon_core.shell[0m [1;30mINFO[0m Creating environment descriptor '/home/sbel/Desktop/Cobra-Driver/workspace/install/udp_to_ros/share/udp_to_ros/hook/pythonpath.dsv'
[5.823s] [34mcolcon.colcon_core.shell[0m [1;30mINFO[0m Creating environment hook '/home/sbel/Desktop/Cobra-Driver/workspace/install/udp_to_ros/share/udp_to_ros/hook/pythonpath.sh'
[5.825s] [34mcolcon.colcon_core.environment[0m [1;30mLevel 1[0m checking '/home/sbel/Desktop/Cobra-Driver/workspace/install/udp_to_ros/bin'
[5.825s] [34mcolcon.colcon_core.environment[0m [1;30mLevel 1[0m create_environment_scripts_only(udp_to_ros)
[5.829s] [34mcolcon.colcon_core.shell[0m [1;30mINFO[0m Creating package script '/home/sbel/Desktop/Cobra-Driver/workspace/install/udp_to_ros/share/udp_to_ros/package.ps1'
[5.831s] [34mcolcon.colcon_core.shell[0m [1;30mINFO[0m Creating package descriptor '/home/sbel/Desktop/Cobra-Driver/workspace/install/udp_to_ros/share/udp_to_ros/package.dsv'
[5.832s] [34mcolcon.colcon_core.shell[0m [1;30mINFO[0m Creating package script '/home/sbel/Desktop/Cobra-Driver/workspace/install/udp_to_ros/share/udp_to_ros/package.sh'
[5.833s] [34mcolcon.colcon_core.shell[0m [1;30mINFO[0m Creating package script '/home/sbel/Desktop/Cobra-Driver/workspace/install/udp_to_ros/share/udp_to_ros/package.bash'
[5.834s] [34mcolcon.colcon_core.shell[0m [1;30mINFO[0m Creating package script '/home/sbel/Desktop/Cobra-Driver/workspace/install/udp_to_ros/share/udp_to_ros/package.zsh'
[5.834s] [34mcolcon.colcon_core.environment[0m [1;30mLevel 1[0m create_file_with_runtime_dependencies(/home/sbel/Desktop/Cobra-Driver/workspace/install/udp_to_ros/share/colcon-core/packages/udp_to_ros)
[5.840s] [34mcolcon.colcon_core.environment[0m [1;30mLevel 1[0m checking '/home/sbel/Desktop/Cobra-Driver/workspace/install/yolov5_ros2' for CMake module files
[5.842s] [34mcolcon.colcon_core.environment[0m [1;30mLevel 1[0m checking '/home/sbel/Desktop/Cobra-Driver/workspace/install/yolov5_ros2' for CMake config files
[5.843s] [34mcolcon.colcon_core.event_handler.log_command[0m [1;30mDEBUG[0m [32mInvoked command in '/home/sbel/Desktop/Cobra-Driver/workspace/src/yolov5_ros2' returned '0': PYTHONPATH=/home/sbel/Desktop/Cobra-Driver/workspace/build/yolov5_ros2/prefix_override:/home/sbel/Desktop/Cobra-Driver/workspace/install/yolov5_ros2/lib/python3.8/site-packages:${PYTHONPATH} /usr/bin/python3 setup.py egg_info --egg-base ../../build/yolov5_ros2 build --build-base /home/sbel/Desktop/Cobra-Driver/workspace/build/yolov5_ros2/build install --record /home/sbel/Desktop/Cobra-Driver/workspace/build/yolov5_ros2/install.log --single-version-externally-managed[0m
[5.844s] [34mcolcon.colcon_core.environment[0m [1;30mLevel 1[0m checking '/home/sbel/Desktop/Cobra-Driver/workspace/install/yolov5_ros2/lib'
[5.844s] [34mcolcon.colcon_core.environment[0m [1;30mLevel 1[0m checking '/home/sbel/Desktop/Cobra-Driver/workspace/install/yolov5_ros2/bin'
[5.844s] [34mcolcon.colcon_core.environment[0m [1;30mLevel 1[0m checking '/home/sbel/Desktop/Cobra-Driver/workspace/install/yolov5_ros2/lib/pkgconfig/yolov5_ros2.pc'
[5.845s] [34mcolcon.colcon_core.environment[0m [1;30mLevel 1[0m checking '/home/sbel/Desktop/Cobra-Driver/workspace/install/yolov5_ros2/lib/python3.8/site-packages'
[5.845s] [34mcolcon.colcon_core.shell[0m [1;30mLevel 1[0m create_environment_hook('yolov5_ros2', 'pythonpath')
[5.848s] [34mcolcon.colcon_core.shell[0m [1;30mINFO[0m Creating environment hook '/home/sbel/Desktop/Cobra-Driver/workspace/install/yolov5_ros2/share/yolov5_ros2/hook/pythonpath.ps1'
[5.849s] [34mcolcon.colcon_core.shell[0m [1;30mINFO[0m Creating environment descriptor '/home/sbel/Desktop/Cobra-Driver/workspace/install/yolov5_ros2/share/yolov5_ros2/hook/pythonpath.dsv'
[5.850s] [34mcolcon.colcon_core.shell[0m [1;30mINFO[0m Creating environment hook '/home/sbel/Desktop/Cobra-Driver/workspace/install/yolov5_ros2/share/yolov5_ros2/hook/pythonpath.sh'
[5.851s] [34mcolcon.colcon_core.environment[0m [1;30mLevel 1[0m checking '/home/sbel/Desktop/Cobra-Driver/workspace/install/yolov5_ros2/bin'
[5.851s] [34mcolcon.colcon_core.environment[0m [1;30mLevel 1[0m create_environment_scripts_only(yolov5_ros2)
[5.854s] [34mcolcon.colcon_core.shell[0m [1;30mINFO[0m Creating package script '/home/sbel/Desktop/Cobra-Driver/workspace/install/yolov5_ros2/share/yolov5_ros2/package.ps1'
[5.855s] [34mcolcon.colcon_core.shell[0m [1;30mINFO[0m Creating package descriptor '/home/sbel/Desktop/Cobra-Driver/workspace/install/yolov5_ros2/share/yolov5_ros2/package.dsv'
[5.856s] [34mcolcon.colcon_core.shell[0m [1;30mINFO[0m Creating package script '/home/sbel/Desktop/Cobra-Driver/workspace/install/yolov5_ros2/share/yolov5_ros2/package.sh'
[5.857s] [34mcolcon.colcon_core.shell[0m [1;30mINFO[0m Creating package script '/home/sbel/Desktop/Cobra-Driver/workspace/install/yolov5_ros2/share/yolov5_ros2/package.bash'
[5.857s] [34mcolcon.colcon_core.shell[0m [1;30mINFO[0m Creating package script '/home/sbel/Desktop/Cobra-Driver/workspace/install/yolov5_ros2/share/yolov5_ros2/package.zsh'
[5.858s] [34mcolcon.colcon_core.environment[0m [1;30mLevel 1[0m create_file_with_runtime_dependencies(/home/sbel/Desktop/Cobra-Driver/workspace/install/yolov5_ros2/share/colcon-core/packages/yolov5_ros2)
[5.863s] [34mcolcon.colcon_core.environment[0m [1;30mLevel 1[0m checking '/home/sbel/Desktop/Cobra-Driver/workspace/install/tcp_cam_sender' for CMake module files
[5.865s] [34mcolcon.colcon_core.environment[0m [1;30mLevel 1[0m checking '/home/sbel/Desktop/Cobra-Driver/workspace/install/tcp_cam_sender' for CMake config files
[5.866s] [34mcolcon.colcon_core.event_handler.log_command[0m [1;30mDEBUG[0m [32mInvoked command in '/home/sbel/Desktop/Cobra-Driver/workspace/src/tcp_cam_sender' returned '0': PYTHONPATH=/home/sbel/Desktop/Cobra-Driver/workspace/build/tcp_cam_sender/prefix_override:/home/sbel/Desktop/Cobra-Driver/workspace/install/tcp_cam_sender/lib/python3.8/site-packages:${PYTHONPATH} /usr/bin/python3 setup.py egg_info --egg-base ../../build/tcp_cam_sender build --build-base /home/sbel/Desktop/Cobra-Driver/workspace/build/tcp_cam_sender/build install --record /home/sbel/Desktop/Cobra-Driver/workspace/build/tcp_cam_sender/install.log --single-version-externally-managed[0m
[5.867s] [34mcolcon.colcon_core.environment[0m [1;30mLevel 1[0m checking '/home/sbel/Desktop/Cobra-Driver/workspace/install/tcp_cam_sender/lib'
[5.868s] [34mcolcon.colcon_core.environment[0m [1;30mLevel 1[0m checking '/home/sbel/Desktop/Cobra-Driver/workspace/install/tcp_cam_sender/bin'
[5.868s] [34mcolcon.colcon_core.environment[0m [1;30mLevel 1[0m checking '/home/sbel/Desktop/Cobra-Driver/workspace/install/tcp_cam_sender/lib/pkgconfig/tcp_cam_sender.pc'
[5.868s] [34mcolcon.colcon_core.environment[0m [1;30mLevel 1[0m checking '/home/sbel/Desktop/Cobra-Driver/workspace/install/tcp_cam_sender/lib/python3.8/site-packages'
[5.868s] [34mcolcon.colcon_core.shell[0m [1;30mLevel 1[0m create_environment_hook('tcp_cam_sender', 'pythonpath')
[5.871s] [34mcolcon.colcon_core.shell[0m [1;30mINFO[0m Creating environment hook '/home/sbel/Desktop/Cobra-Driver/workspace/install/tcp_cam_sender/share/tcp_cam_sender/hook/pythonpath.ps1'
[5.872s] [34mcolcon.colcon_core.shell[0m [1;30mINFO[0m Creating environment descriptor '/home/sbel/Desktop/Cobra-Driver/workspace/install/tcp_cam_sender/share/tcp_cam_sender/hook/pythonpath.dsv'
[5.873s] [34mcolcon.colcon_core.shell[0m [1;30mINFO[0m Creating environment hook '/home/sbel/Desktop/Cobra-Driver/workspace/install/tcp_cam_sender/share/tcp_cam_sender/hook/pythonpath.sh'
[5.874s] [34mcolcon.colcon_core.environment[0m [1;30mLevel 1[0m checking '/home/sbel/Desktop/Cobra-Driver/workspace/install/tcp_cam_sender/bin'
[5.874s] [34mcolcon.colcon_core.environment[0m [1;30mLevel 1[0m create_environment_scripts_only(tcp_cam_sender)
[5.877s] [34mcolcon.colcon_core.shell[0m [1;30mINFO[0m Creating package script '/home/sbel/Desktop/Cobra-Driver/workspace/install/tcp_cam_sender/share/tcp_cam_sender/package.ps1'
[5.878s] [34mcolcon.colcon_core.shell[0m [1;30mINFO[0m Creating package descriptor '/home/sbel/Desktop/Cobra-Driver/workspace/install/tcp_cam_sender/share/tcp_cam_sender/package.dsv'
[5.879s] [34mcolcon.colcon_core.shell[0m [1;30mINFO[0m Creating package script '/home/sbel/Desktop/Cobra-Driver/workspace/install/tcp_cam_sender/share/tcp_cam_sender/package.sh'
[5.879s] [34mcolcon.colcon_core.shell[0m [1;30mINFO[0m Creating package script '/home/sbel/Desktop/Cobra-Driver/workspace/install/tcp_cam_sender/share/tcp_cam_sender/package.bash'
[5.880s] [34mcolcon.colcon_core.shell[0m [1;30mINFO[0m Creating package script '/home/sbel/Desktop/Cobra-Driver/workspace/install/tcp_cam_sender/share/tcp_cam_sender/package.zsh'
[5.881s] [34mcolcon.colcon_core.environment[0m [1;30mLevel 1[0m create_file_with_runtime_dependencies(/home/sbel/Desktop/Cobra-Driver/workspace/install/tcp_cam_sender/share/colcon-core/packages/tcp_cam_sender)
[5.881s] [34mcolcon.colcon_parallel_executor.executor.parallel[0m [1;30mDEBUG[0m [32mclosing loop[0m
[5.882s] [34mcolcon.colcon_parallel_executor.executor.parallel[0m [1;30mDEBUG[0m [32mloop closed[0m
[5.883s] [34mcolcon.colcon_parallel_executor.executor.parallel[0m [1;30mDEBUG[0m [32mrun_until_complete finished with '0'[0m
[5.883s] [34mcolcon.colcon_core.event_reactor[0m [1;30mDEBUG[0m [32mjoining thread[0m
[5.899s] [34mcolcon.colcon_core.plugin_system[0m [1;30mINFO[0m Skipping extension 'colcon_notification.desktop_notification.terminal_notifier': Not used on non-Darwin systems
[5.899s] [34mcolcon.colcon_core.plugin_system[0m [1;30mINFO[0m Skipping extension 'colcon_notification.desktop_notification.win32': Not used on non-Windows systems
[5.899s] [34mcolcon.colcon_notification.desktop_notification[0m [1;30mINFO[0m Sending desktop notification using 'notify2'
[5.928s] [34mcolcon.colcon_notification.desktop_notification.notify2[0m [1;30mDEBUG[0m [32mFailed to initialize notify2: org.freedesktop.DBus.Error.Spawn.ChildExited: Process org.freedesktop.Notifications exited with status 1[0m
[5.929s] [34mcolcon.colcon_core.event_reactor[0m [1;30mDEBUG[0m [32mjoined thread[0m
[5.934s] [34mcolcon.colcon_core.shell[0m [1;30mINFO[0m Creating prefix script '/home/sbel/Desktop/Cobra-Driver/workspace/install/local_setup.ps1'
[5.937s] [34mcolcon.colcon_core.shell[0m [1;30mINFO[0m Creating prefix util module '/home/sbel/Desktop/Cobra-Driver/workspace/install/_local_setup_util_ps1.py'
[5.940s] [34mcolcon.colcon_core.shell[0m [1;30mINFO[0m Creating prefix chain script '/home/sbel/Desktop/Cobra-Driver/workspace/install/setup.ps1'
[5.945s] [34mcolcon.colcon_core.shell[0m [1;30mINFO[0m Creating prefix script '/home/sbel/Desktop/Cobra-Driver/workspace/install/local_setup.sh'
[5.946s] [34mcolcon.colcon_core.shell[0m [1;30mINFO[0m Creating prefix util module '/home/sbel/Desktop/Cobra-Driver/workspace/install/_local_setup_util_sh.py'
[5.947s] [34mcolcon.colcon_core.shell[0m [1;30mINFO[0m Creating prefix chain script '/home/sbel/Desktop/Cobra-Driver/workspace/install/setup.sh'
[5.951s] [34mcolcon.colcon_core.shell[0m [1;30mINFO[0m Creating prefix script '/home/sbel/Desktop/Cobra-Driver/workspace/install/local_setup.bash'
[5.951s] [34mcolcon.colcon_core.shell[0m [1;30mINFO[0m Creating prefix chain script '/home/sbel/Desktop/Cobra-Driver/workspace/install/setup.bash'
[5.957s] [34mcolcon.colcon_core.shell[0m [1;30mINFO[0m Creating prefix script '/home/sbel/Desktop/Cobra-Driver/workspace/install/local_setup.zsh'
[5.960s] [34mcolcon.colcon_core.shell[0m [1;30mINFO[0m Creating prefix chain script '/home/sbel/Desktop/Cobra-Driver/workspace/install/setup.zsh'
