[3.587s] Invoking command in '/home/sbel/Desktop/Cobra-Driver/workspace/src/tcp_cam_sender': PYTHONPATH=/home/sbel/Desktop/Cobra-Driver/workspace/build/tcp_cam_sender/prefix_override:/home/sbel/Desktop/Cobra-Driver/workspace/install/tcp_cam_sender/lib/python3.8/site-packages:${PYTHONPATH} /usr/bin/python3 setup.py egg_info --egg-base ../../build/tcp_cam_sender build --build-base /home/sbel/Desktop/Cobra-Driver/workspace/build/tcp_cam_sender/build install --record /home/sbel/Desktop/Cobra-Driver/workspace/build/tcp_cam_sender/install.log --single-version-externally-managed
[4.080s] running egg_info
[4.113s] writing ../../build/tcp_cam_sender/tcp_cam_sender.egg-info/PKG-INFO
[4.115s] writing dependency_links to ../../build/tcp_cam_sender/tcp_cam_sender.egg-info/dependency_links.txt
[4.115s] writing entry points to ../../build/tcp_cam_sender/tcp_cam_sender.egg-info/entry_points.txt
[4.116s] writing requirements to ../../build/tcp_cam_sender/tcp_cam_sender.egg-info/requires.txt
[4.117s] writing top-level names to ../../build/tcp_cam_sender/tcp_cam_sender.egg-info/top_level.txt
[4.389s] reading manifest file '../../build/tcp_cam_sender/tcp_cam_sender.egg-info/SOURCES.txt'
[4.391s] writing manifest file '../../build/tcp_cam_sender/tcp_cam_sender.egg-info/SOURCES.txt'
[4.391s] running build
[4.392s] running build_py
[4.394s] running install
[4.394s] /home/sbel/.local/lib/python3.8/site-packages/setuptools/_distutils/cmd.py:66: SetuptoolsDeprecationWarning: setup.py install is deprecated.
[4.394s] !!
[4.395s] 
[4.395s]         ********************************************************************************
[4.395s]         Please avoid running ``setup.py`` directly.
[4.395s]         Instead, use pypa/build, pypa/installer or other
[4.395s]         standards-based tools.
[4.395s] 
[4.396s]         See https://blog.ganssle.io/articles/2021/10/setup-py-deprecated.html for details.
[4.396s]         ********************************************************************************
[4.396s] 
[4.396s] !!
[4.396s]   self.initialize_options()
[4.405s] running install_lib
[4.440s] running install_data
[4.472s] running install_egg_info
[4.507s] removing '/home/sbel/Desktop/Cobra-Driver/workspace/install/tcp_cam_sender/lib/python3.8/site-packages/tcp_cam_sender-0.0.0-py3.8.egg-info' (and everything under it)
[4.507s] Copying ../../build/tcp_cam_sender/tcp_cam_sender.egg-info to /home/sbel/Desktop/Cobra-Driver/workspace/install/tcp_cam_sender/lib/python3.8/site-packages/tcp_cam_sender-0.0.0-py3.8.egg-info
[4.509s] running install_scripts
[4.617s] Installing tcp_cam_sender script to /home/sbel/Desktop/Cobra-Driver/workspace/install/tcp_cam_sender/lib/tcp_cam_sender
[4.618s] writing list of installed files to '/home/sbel/Desktop/Cobra-Driver/workspace/build/tcp_cam_sender/install.log'
[4.790s] Invoked command in '/home/sbel/Desktop/Cobra-Driver/workspace/src/tcp_cam_sender' returned '0': PYTHONPATH=/home/sbel/Desktop/Cobra-Driver/workspace/build/tcp_cam_sender/prefix_override:/home/sbel/Desktop/Cobra-Driver/workspace/install/tcp_cam_sender/lib/python3.8/site-packages:${PYTHONPATH} /usr/bin/python3 setup.py egg_info --egg-base ../../build/tcp_cam_sender build --build-base /home/sbel/Desktop/Cobra-Driver/workspace/build/tcp_cam_sender/build install --record /home/sbel/Desktop/Cobra-Driver/workspace/build/tcp_cam_sender/install.log --single-version-externally-managed
