[0.200s] Invoking command in '/home/sbel/Desktop/Cobra-Driver/workspace/build/rosapi_msgs': CMAKE_PREFIX_PATH=${CMAKE_PREFIX_PATH}:/home/sbel/Desktop/Cobra-Driver/workspace/install/yolov5_ros2:/home/sbel/Desktop/Cobra-Driver/workspace/install/udp_to_ros:/home/sbel/Desktop/Cobra-Driver/workspace/install/common:/opt/ros/foxy /usr/bin/cmake --build /home/sbel/Desktop/Cobra-Driver/workspace/build/rosapi_msgs -- -j8 -l8
[1.849s] [  0%] Built target rosapi_msgs__cpp
[1.850s] [ 12%] Built target rosapi_msgs__rosidl_generator_c
[1.852s] [ 25%] Built target rosapi_msgs__rosidl_typesupport_introspection_cpp
[1.852s] [ 37%] Built target rosapi_msgs__rosidl_typesupport_introspection_c
[1.853s] [ 49%] Built target rosapi_msgs__rosidl_typesupport_cpp
[1.853s] [ 67%] Built target rosapi_msgs__rosidl_typesupport_fastrtps_cpp
[1.854s] [ 73%] Built target rosapi_msgs__rosidl_typesupport_c
[1.854s] [ 85%] Built target rosapi_msgs__rosidl_typesupport_fastrtps_c
[1.855s] [ 85%] Built target rosapi_msgs
[1.856s] [ 85%] Built target rosapi_msgs__py
[1.861s] [ 97%] Built target rosapi_msgs__python
[1.861s] [ 99%] Built target rosapi_msgs__rosidl_typesupport_introspection_c__pyext
[1.861s] [100%] Built target rosapi_msgs__rosidl_typesupport_c__pyext
[1.862s] [ 99%] Built target rosapi_msgs__rosidl_typesupport_fastrtps_c__pyext
[1.880s] Invoked command in '/home/sbel/Desktop/Cobra-Driver/workspace/build/rosapi_msgs' returned '0': CMAKE_PREFIX_PATH=${CMAKE_PREFIX_PATH}:/home/sbel/Desktop/Cobra-Driver/workspace/install/yolov5_ros2:/home/sbel/Desktop/Cobra-Driver/workspace/install/udp_to_ros:/home/sbel/Desktop/Cobra-Driver/workspace/install/common:/opt/ros/foxy /usr/bin/cmake --build /home/sbel/Desktop/Cobra-Driver/workspace/build/rosapi_msgs -- -j8 -l8
[2.954s] Invoking command in '/home/sbel/Desktop/Cobra-Driver/workspace/build/rosapi_msgs': CMAKE_PREFIX_PATH=${CMAKE_PREFIX_PATH}:/home/sbel/Desktop/Cobra-Driver/workspace/install/yolov5_ros2:/home/sbel/Desktop/Cobra-Driver/workspace/install/udp_to_ros:/home/sbel/Desktop/Cobra-Driver/workspace/install/common:/opt/ros/foxy /usr/bin/cmake --install /home/sbel/Desktop/Cobra-Driver/workspace/build/rosapi_msgs
[2.995s] -- Install configuration: ""
[2.995s] -- Up-to-date: /home/sbel/Desktop/Cobra-Driver/workspace/install/rosapi_msgs/share/ament_index/resource_index/rosidl_interfaces/rosapi_msgs
[2.995s] -- Up-to-date: /home/sbel/Desktop/Cobra-Driver/workspace/install/rosapi_msgs/include/rosapi_msgs
[2.995s] -- Up-to-date: /home/sbel/Desktop/Cobra-Driver/workspace/install/rosapi_msgs/include/rosapi_msgs/srv
[2.995s] -- Up-to-date: /home/sbel/Desktop/Cobra-Driver/workspace/install/rosapi_msgs/include/rosapi_msgs/srv/detail
[2.996s] -- Up-to-date: /home/sbel/Desktop/Cobra-Driver/workspace/install/rosapi_msgs/include/rosapi_msgs/srv/detail/service_type__struct.h
[2.996s] -- Up-to-date: /home/sbel/Desktop/Cobra-Driver/workspace/install/rosapi_msgs/include/rosapi_msgs/srv/detail/message_details__functions.h
[2.996s] -- Up-to-date: /home/sbel/Desktop/Cobra-Driver/workspace/install/rosapi_msgs/include/rosapi_msgs/srv/detail/topics__type_support.h
[2.997s] -- Up-to-date: /home/sbel/Desktop/Cobra-Driver/workspace/install/rosapi_msgs/include/rosapi_msgs/srv/detail/topics__functions.h
[2.998s] -- Up-to-date: /home/sbel/Desktop/Cobra-Driver/workspace/install/rosapi_msgs/include/rosapi_msgs/srv/detail/message_details__type_support.h
[2.998s] -- Up-to-date: /home/sbel/Desktop/Cobra-Driver/workspace/install/rosapi_msgs/include/rosapi_msgs/srv/detail/service_response_details__functions.c
[2.999s] -- Up-to-date: /home/sbel/Desktop/Cobra-Driver/workspace/install/rosapi_msgs/include/rosapi_msgs/srv/detail/services_for_type__functions.h
[2.999s] -- Up-to-date: /home/sbel/Desktop/Cobra-Driver/workspace/install/rosapi_msgs/include/rosapi_msgs/srv/detail/service_providers__functions.c
[2.999s] -- Up-to-date: /home/sbel/Desktop/Cobra-Driver/workspace/install/rosapi_msgs/include/rosapi_msgs/srv/detail/topic_type__functions.h
[3.000s] -- Up-to-date: /home/sbel/Desktop/Cobra-Driver/workspace/install/rosapi_msgs/include/rosapi_msgs/srv/detail/service_providers__functions.h
[3.000s] -- Up-to-date: /home/sbel/Desktop/Cobra-Driver/workspace/install/rosapi_msgs/include/rosapi_msgs/srv/detail/publishers__type_support.h
[3.000s] -- Up-to-date: /home/sbel/Desktop/Cobra-Driver/workspace/install/rosapi_msgs/include/rosapi_msgs/srv/detail/topic_type__functions.c
[3.000s] -- Up-to-date: /home/sbel/Desktop/Cobra-Driver/workspace/install/rosapi_msgs/include/rosapi_msgs/srv/detail/message_details__struct.h
[3.001s] -- Up-to-date: /home/sbel/Desktop/Cobra-Driver/workspace/install/rosapi_msgs/include/rosapi_msgs/srv/detail/has_param__struct.h
[3.001s] -- Up-to-date: /home/sbel/Desktop/Cobra-Driver/workspace/install/rosapi_msgs/include/rosapi_msgs/srv/detail/topics_for_type__functions.c
[3.001s] -- Up-to-date: /home/sbel/Desktop/Cobra-Driver/workspace/install/rosapi_msgs/include/rosapi_msgs/srv/detail/get_time__functions.h
[3.001s] -- Up-to-date: /home/sbel/Desktop/Cobra-Driver/workspace/install/rosapi_msgs/include/rosapi_msgs/srv/detail/service_request_details__functions.h
[3.001s] -- Up-to-date: /home/sbel/Desktop/Cobra-Driver/workspace/install/rosapi_msgs/include/rosapi_msgs/srv/detail/services__functions.h
[3.002s] -- Up-to-date: /home/sbel/Desktop/Cobra-Driver/workspace/install/rosapi_msgs/include/rosapi_msgs/srv/detail/service_request_details__struct.h
[3.002s] -- Up-to-date: /home/sbel/Desktop/Cobra-Driver/workspace/install/rosapi_msgs/include/rosapi_msgs/srv/detail/service_node__struct.h
[3.002s] -- Up-to-date: /home/sbel/Desktop/Cobra-Driver/workspace/install/rosapi_msgs/include/rosapi_msgs/srv/detail/publishers__functions.c
[3.003s] -- Up-to-date: /home/sbel/Desktop/Cobra-Driver/workspace/install/rosapi_msgs/include/rosapi_msgs/srv/detail/topics_and_raw_types__struct.h
[3.003s] -- Up-to-date: /home/sbel/Desktop/Cobra-Driver/workspace/install/rosapi_msgs/include/rosapi_msgs/srv/detail/get_param__type_support.h
[3.004s] -- Up-to-date: /home/sbel/Desktop/Cobra-Driver/workspace/install/rosapi_msgs/include/rosapi_msgs/srv/detail/get_ros_version__struct.h
[3.004s] -- Up-to-date: /home/sbel/Desktop/Cobra-Driver/workspace/install/rosapi_msgs/include/rosapi_msgs/srv/detail/topics_for_type__type_support.h
[3.004s] -- Up-to-date: /home/sbel/Desktop/Cobra-Driver/workspace/install/rosapi_msgs/include/rosapi_msgs/srv/detail/get_param__functions.h
[3.004s] -- Up-to-date: /home/sbel/Desktop/Cobra-Driver/workspace/install/rosapi_msgs/include/rosapi_msgs/srv/detail/subscribers__type_support.h
[3.004s] -- Up-to-date: /home/sbel/Desktop/Cobra-Driver/workspace/install/rosapi_msgs/include/rosapi_msgs/srv/detail/node_details__functions.h
[3.005s] -- Up-to-date: /home/sbel/Desktop/Cobra-Driver/workspace/install/rosapi_msgs/include/rosapi_msgs/srv/detail/delete_param__struct.h
[3.005s] -- Up-to-date: /home/sbel/Desktop/Cobra-Driver/workspace/install/rosapi_msgs/include/rosapi_msgs/srv/detail/service_providers__struct.h
[3.005s] -- Up-to-date: /home/sbel/Desktop/Cobra-Driver/workspace/install/rosapi_msgs/include/rosapi_msgs/srv/detail/topics_for_type__functions.h
[3.006s] -- Up-to-date: /home/sbel/Desktop/Cobra-Driver/workspace/install/rosapi_msgs/include/rosapi_msgs/srv/detail/topic_type__type_support.h
[3.006s] -- Up-to-date: /home/sbel/Desktop/Cobra-Driver/workspace/install/rosapi_msgs/include/rosapi_msgs/srv/detail/get_param__functions.c
[3.006s] -- Up-to-date: /home/sbel/Desktop/Cobra-Driver/workspace/install/rosapi_msgs/include/rosapi_msgs/srv/detail/delete_param__type_support.h
[3.006s] -- Up-to-date: /home/sbel/Desktop/Cobra-Driver/workspace/install/rosapi_msgs/include/rosapi_msgs/srv/detail/get_ros_version__type_support.h
[3.007s] -- Up-to-date: /home/sbel/Desktop/Cobra-Driver/workspace/install/rosapi_msgs/include/rosapi_msgs/srv/detail/service_response_details__functions.h
[3.007s] -- Up-to-date: /home/sbel/Desktop/Cobra-Driver/workspace/install/rosapi_msgs/include/rosapi_msgs/srv/detail/node_details__functions.c
[3.007s] -- Up-to-date: /home/sbel/Desktop/Cobra-Driver/workspace/install/rosapi_msgs/include/rosapi_msgs/srv/detail/delete_param__functions.c
[3.007s] -- Up-to-date: /home/sbel/Desktop/Cobra-Driver/workspace/install/rosapi_msgs/include/rosapi_msgs/srv/detail/service_type__functions.h
[3.008s] -- Up-to-date: /home/sbel/Desktop/Cobra-Driver/workspace/install/rosapi_msgs/include/rosapi_msgs/srv/detail/subscribers__functions.c
[3.008s] -- Up-to-date: /home/sbel/Desktop/Cobra-Driver/workspace/install/rosapi_msgs/include/rosapi_msgs/srv/detail/publishers__struct.h
[3.008s] -- Up-to-date: /home/sbel/Desktop/Cobra-Driver/workspace/install/rosapi_msgs/include/rosapi_msgs/srv/detail/get_action_servers__functions.c
[3.008s] -- Up-to-date: /home/sbel/Desktop/Cobra-Driver/workspace/install/rosapi_msgs/include/rosapi_msgs/srv/detail/publishers__functions.h
[3.009s] -- Up-to-date: /home/sbel/Desktop/Cobra-Driver/workspace/install/rosapi_msgs/include/rosapi_msgs/srv/detail/set_param__functions.h
[3.009s] -- Up-to-date: /home/sbel/Desktop/Cobra-Driver/workspace/install/rosapi_msgs/include/rosapi_msgs/srv/detail/services__type_support.h
[3.009s] -- Up-to-date: /home/sbel/Desktop/Cobra-Driver/workspace/install/rosapi_msgs/include/rosapi_msgs/srv/detail/topics_and_raw_types__functions.h
[3.009s] -- Up-to-date: /home/sbel/Desktop/Cobra-Driver/workspace/install/rosapi_msgs/include/rosapi_msgs/srv/detail/service_node__functions.c
[3.010s] -- Up-to-date: /home/sbel/Desktop/Cobra-Driver/workspace/install/rosapi_msgs/include/rosapi_msgs/srv/detail/service_response_details__type_support.h
[3.010s] -- Up-to-date: /home/sbel/Desktop/Cobra-Driver/workspace/install/rosapi_msgs/include/rosapi_msgs/srv/detail/subscribers__functions.h
[3.010s] -- Up-to-date: /home/sbel/Desktop/Cobra-Driver/workspace/install/rosapi_msgs/include/rosapi_msgs/srv/detail/topic_type__struct.h
[3.011s] -- Up-to-date: /home/sbel/Desktop/Cobra-Driver/workspace/install/rosapi_msgs/include/rosapi_msgs/srv/detail/set_param__struct.h
[3.011s] -- Up-to-date: /home/sbel/Desktop/Cobra-Driver/workspace/install/rosapi_msgs/include/rosapi_msgs/srv/detail/service_node__type_support.h
[3.012s] -- Up-to-date: /home/sbel/Desktop/Cobra-Driver/workspace/install/rosapi_msgs/include/rosapi_msgs/srv/detail/services__functions.c
[3.012s] -- Up-to-date: /home/sbel/Desktop/Cobra-Driver/workspace/install/rosapi_msgs/include/rosapi_msgs/srv/detail/service_node__functions.h
[3.012s] -- Up-to-date: /home/sbel/Desktop/Cobra-Driver/workspace/install/rosapi_msgs/include/rosapi_msgs/srv/detail/topics__functions.c
[3.012s] -- Up-to-date: /home/sbel/Desktop/Cobra-Driver/workspace/install/rosapi_msgs/include/rosapi_msgs/srv/detail/delete_param__functions.h
[3.012s] -- Up-to-date: /home/sbel/Desktop/Cobra-Driver/workspace/install/rosapi_msgs/include/rosapi_msgs/srv/detail/node_details__type_support.h
[3.012s] -- Up-to-date: /home/sbel/Desktop/Cobra-Driver/workspace/install/rosapi_msgs/include/rosapi_msgs/srv/detail/service_request_details__functions.c
[3.013s] -- Up-to-date: /home/sbel/Desktop/Cobra-Driver/workspace/install/rosapi_msgs/include/rosapi_msgs/srv/detail/service_providers__type_support.h
[3.013s] -- Up-to-date: /home/sbel/Desktop/Cobra-Driver/workspace/install/rosapi_msgs/include/rosapi_msgs/srv/detail/nodes__struct.h
[3.013s] -- Up-to-date: /home/sbel/Desktop/Cobra-Driver/workspace/install/rosapi_msgs/include/rosapi_msgs/srv/detail/subscribers__struct.h
[3.013s] -- Up-to-date: /home/sbel/Desktop/Cobra-Driver/workspace/install/rosapi_msgs/include/rosapi_msgs/srv/detail/node_details__struct.h
[3.013s] -- Up-to-date: /home/sbel/Desktop/Cobra-Driver/workspace/install/rosapi_msgs/include/rosapi_msgs/srv/detail/get_param_names__functions.c
[3.013s] -- Up-to-date: /home/sbel/Desktop/Cobra-Driver/workspace/install/rosapi_msgs/include/rosapi_msgs/srv/detail/service_type__type_support.h
[3.013s] -- Up-to-date: /home/sbel/Desktop/Cobra-Driver/workspace/install/rosapi_msgs/include/rosapi_msgs/srv/detail/message_details__functions.c
[3.014s] -- Up-to-date: /home/sbel/Desktop/Cobra-Driver/workspace/install/rosapi_msgs/include/rosapi_msgs/srv/detail/service_response_details__struct.h
[3.014s] -- Up-to-date: /home/sbel/Desktop/Cobra-Driver/workspace/install/rosapi_msgs/include/rosapi_msgs/srv/detail/topics__struct.h
[3.014s] -- Up-to-date: /home/sbel/Desktop/Cobra-Driver/workspace/install/rosapi_msgs/include/rosapi_msgs/srv/detail/get_param__struct.h
[3.014s] -- Up-to-date: /home/sbel/Desktop/Cobra-Driver/workspace/install/rosapi_msgs/include/rosapi_msgs/srv/detail/has_param__functions.h
[3.015s] -- Up-to-date: /home/sbel/Desktop/Cobra-Driver/workspace/install/rosapi_msgs/include/rosapi_msgs/srv/detail/set_param__type_support.h
[3.016s] -- Up-to-date: /home/sbel/Desktop/Cobra-Driver/workspace/install/rosapi_msgs/include/rosapi_msgs/srv/detail/nodes__functions.h
[3.016s] -- Up-to-date: /home/sbel/Desktop/Cobra-Driver/workspace/install/rosapi_msgs/include/rosapi_msgs/srv/detail/has_param__functions.c
[3.017s] -- Up-to-date: /home/sbel/Desktop/Cobra-Driver/workspace/install/rosapi_msgs/include/rosapi_msgs/srv/detail/service_type__functions.c
[3.017s] -- Up-to-date: /home/sbel/Desktop/Cobra-Driver/workspace/install/rosapi_msgs/include/rosapi_msgs/srv/detail/get_time__functions.c
[3.017s] -- Up-to-date: /home/sbel/Desktop/Cobra-Driver/workspace/install/rosapi_msgs/include/rosapi_msgs/srv/detail/get_action_servers__struct.h
[3.018s] -- Up-to-date: /home/sbel/Desktop/Cobra-Driver/workspace/install/rosapi_msgs/include/rosapi_msgs/srv/detail/services_for_type__type_support.h
[3.018s] -- Up-to-date: /home/sbel/Desktop/Cobra-Driver/workspace/install/rosapi_msgs/include/rosapi_msgs/srv/detail/get_time__type_support.h
[3.018s] -- Up-to-date: /home/sbel/Desktop/Cobra-Driver/workspace/install/rosapi_msgs/include/rosapi_msgs/srv/detail/get_ros_version__functions.c
[3.019s] -- Up-to-date: /home/sbel/Desktop/Cobra-Driver/workspace/install/rosapi_msgs/include/rosapi_msgs/srv/detail/services_for_type__functions.c
[3.019s] -- Up-to-date: /home/sbel/Desktop/Cobra-Driver/workspace/install/rosapi_msgs/include/rosapi_msgs/srv/detail/get_action_servers__functions.h
[3.019s] -- Up-to-date: /home/sbel/Desktop/Cobra-Driver/workspace/install/rosapi_msgs/include/rosapi_msgs/srv/detail/get_param_names__type_support.h
[3.020s] -- Up-to-date: /home/sbel/Desktop/Cobra-Driver/workspace/install/rosapi_msgs/include/rosapi_msgs/srv/detail/get_time__struct.h
[3.020s] -- Up-to-date: /home/sbel/Desktop/Cobra-Driver/workspace/install/rosapi_msgs/include/rosapi_msgs/srv/detail/nodes__type_support.h
[3.020s] -- Up-to-date: /home/sbel/Desktop/Cobra-Driver/workspace/install/rosapi_msgs/include/rosapi_msgs/srv/detail/service_request_details__type_support.h
[3.021s] -- Up-to-date: /home/sbel/Desktop/Cobra-Driver/workspace/install/rosapi_msgs/include/rosapi_msgs/srv/detail/topics_and_raw_types__type_support.h
[3.021s] -- Up-to-date: /home/sbel/Desktop/Cobra-Driver/workspace/install/rosapi_msgs/include/rosapi_msgs/srv/detail/nodes__functions.c
[3.021s] -- Up-to-date: /home/sbel/Desktop/Cobra-Driver/workspace/install/rosapi_msgs/include/rosapi_msgs/srv/detail/has_param__type_support.h
[3.021s] -- Up-to-date: /home/sbel/Desktop/Cobra-Driver/workspace/install/rosapi_msgs/include/rosapi_msgs/srv/detail/topics_and_raw_types__functions.c
[3.022s] -- Up-to-date: /home/sbel/Desktop/Cobra-Driver/workspace/install/rosapi_msgs/include/rosapi_msgs/srv/detail/topics_for_type__struct.h
[3.024s] -- Up-to-date: /home/sbel/Desktop/Cobra-Driver/workspace/install/rosapi_msgs/include/rosapi_msgs/srv/detail/services_for_type__struct.h
[3.025s] -- Up-to-date: /home/sbel/Desktop/Cobra-Driver/workspace/install/rosapi_msgs/include/rosapi_msgs/srv/detail/services__struct.h
[3.033s] -- Up-to-date: /home/sbel/Desktop/Cobra-Driver/workspace/install/rosapi_msgs/include/rosapi_msgs/srv/detail/set_param__functions.c
[3.033s] -- Up-to-date: /home/sbel/Desktop/Cobra-Driver/workspace/install/rosapi_msgs/include/rosapi_msgs/srv/detail/get_param_names__struct.h
[3.034s] -- Up-to-date: /home/sbel/Desktop/Cobra-Driver/workspace/install/rosapi_msgs/include/rosapi_msgs/srv/detail/get_param_names__functions.h
[3.034s] -- Up-to-date: /home/sbel/Desktop/Cobra-Driver/workspace/install/rosapi_msgs/include/rosapi_msgs/srv/detail/get_action_servers__type_support.h
[3.034s] -- Up-to-date: /home/sbel/Desktop/Cobra-Driver/workspace/install/rosapi_msgs/include/rosapi_msgs/srv/detail/get_ros_version__functions.h
[3.034s] -- Up-to-date: /home/sbel/Desktop/Cobra-Driver/workspace/install/rosapi_msgs/include/rosapi_msgs/srv/get_time.h
[3.040s] -- Up-to-date: /home/sbel/Desktop/Cobra-Driver/workspace/install/rosapi_msgs/include/rosapi_msgs/srv/delete_param.h
[3.041s] -- Up-to-date: /home/sbel/Desktop/Cobra-Driver/workspace/install/rosapi_msgs/include/rosapi_msgs/srv/get_param.h
[3.041s] -- Up-to-date: /home/sbel/Desktop/Cobra-Driver/workspace/install/rosapi_msgs/include/rosapi_msgs/srv/get_param_names.h
[3.041s] -- Up-to-date: /home/sbel/Desktop/Cobra-Driver/workspace/install/rosapi_msgs/include/rosapi_msgs/srv/subscribers.h
[3.041s] -- Up-to-date: /home/sbel/Desktop/Cobra-Driver/workspace/install/rosapi_msgs/include/rosapi_msgs/srv/services_for_type.h
[3.041s] -- Up-to-date: /home/sbel/Desktop/Cobra-Driver/workspace/install/rosapi_msgs/include/rosapi_msgs/srv/service_type.h
[3.042s] -- Up-to-date: /home/sbel/Desktop/Cobra-Driver/workspace/install/rosapi_msgs/include/rosapi_msgs/srv/service_response_details.h
[3.042s] -- Up-to-date: /home/sbel/Desktop/Cobra-Driver/workspace/install/rosapi_msgs/include/rosapi_msgs/srv/topics.h
[3.042s] -- Up-to-date: /home/sbel/Desktop/Cobra-Driver/workspace/install/rosapi_msgs/include/rosapi_msgs/srv/get_action_servers.h
[3.042s] -- Up-to-date: /home/sbel/Desktop/Cobra-Driver/workspace/install/rosapi_msgs/include/rosapi_msgs/srv/service_node.h
[3.043s] -- Up-to-date: /home/sbel/Desktop/Cobra-Driver/workspace/install/rosapi_msgs/include/rosapi_msgs/srv/has_param.h
[3.043s] -- Up-to-date: /home/sbel/Desktop/Cobra-Driver/workspace/install/rosapi_msgs/include/rosapi_msgs/srv/publishers.h
[3.043s] -- Up-to-date: /home/sbel/Desktop/Cobra-Driver/workspace/install/rosapi_msgs/include/rosapi_msgs/srv/set_param.h
[3.043s] -- Up-to-date: /home/sbel/Desktop/Cobra-Driver/workspace/install/rosapi_msgs/include/rosapi_msgs/srv/service_request_details.h
[3.044s] -- Up-to-date: /home/sbel/Desktop/Cobra-Driver/workspace/install/rosapi_msgs/include/rosapi_msgs/srv/topic_type.h
[3.048s] -- Up-to-date: /home/sbel/Desktop/Cobra-Driver/workspace/install/rosapi_msgs/include/rosapi_msgs/srv/node_details.h
[3.049s] -- Up-to-date: /home/sbel/Desktop/Cobra-Driver/workspace/install/rosapi_msgs/include/rosapi_msgs/srv/message_details.h
[3.050s] -- Up-to-date: /home/sbel/Desktop/Cobra-Driver/workspace/install/rosapi_msgs/include/rosapi_msgs/srv/get_ros_version.h
[3.050s] -- Up-to-date: /home/sbel/Desktop/Cobra-Driver/workspace/install/rosapi_msgs/include/rosapi_msgs/srv/nodes.h
[3.057s] -- Up-to-date: /home/sbel/Desktop/Cobra-Driver/workspace/install/rosapi_msgs/include/rosapi_msgs/srv/topics_for_type.h
[3.057s] -- Up-to-date: /home/sbel/Desktop/Cobra-Driver/workspace/install/rosapi_msgs/include/rosapi_msgs/srv/services.h
[3.057s] -- Up-to-date: /home/sbel/Desktop/Cobra-Driver/workspace/install/rosapi_msgs/include/rosapi_msgs/srv/topics_and_raw_types.h
[3.057s] -- Up-to-date: /home/sbel/Desktop/Cobra-Driver/workspace/install/rosapi_msgs/include/rosapi_msgs/srv/service_providers.h
[3.058s] -- Up-to-date: /home/sbel/Desktop/Cobra-Driver/workspace/install/rosapi_msgs/include/rosapi_msgs/msg
[3.058s] -- Up-to-date: /home/sbel/Desktop/Cobra-Driver/workspace/install/rosapi_msgs/include/rosapi_msgs/msg/detail
[3.058s] -- Up-to-date: /home/sbel/Desktop/Cobra-Driver/workspace/install/rosapi_msgs/include/rosapi_msgs/msg/detail/type_def__functions.h
[3.059s] -- Up-to-date: /home/sbel/Desktop/Cobra-Driver/workspace/install/rosapi_msgs/include/rosapi_msgs/msg/detail/type_def__struct.h
[3.059s] -- Up-to-date: /home/sbel/Desktop/Cobra-Driver/workspace/install/rosapi_msgs/include/rosapi_msgs/msg/detail/type_def__type_support.h
[3.059s] -- Up-to-date: /home/sbel/Desktop/Cobra-Driver/workspace/install/rosapi_msgs/include/rosapi_msgs/msg/detail/type_def__functions.c
[3.059s] -- Up-to-date: /home/sbel/Desktop/Cobra-Driver/workspace/install/rosapi_msgs/include/rosapi_msgs/msg/type_def.h
[3.060s] -- Up-to-date: /home/sbel/Desktop/Cobra-Driver/workspace/install/rosapi_msgs/include/rosapi_msgs/msg/rosidl_generator_c__visibility_control.h
[3.060s] -- Up-to-date: /home/sbel/Desktop/Cobra-Driver/workspace/install/rosapi_msgs/share/rosapi_msgs/environment/library_path.sh
[3.060s] -- Up-to-date: /home/sbel/Desktop/Cobra-Driver/workspace/install/rosapi_msgs/share/rosapi_msgs/environment/library_path.dsv
[3.061s] -- Up-to-date: /home/sbel/Desktop/Cobra-Driver/workspace/install/rosapi_msgs/lib/librosapi_msgs__rosidl_generator_c.so
[3.062s] -- Up-to-date: /home/sbel/Desktop/Cobra-Driver/workspace/install/rosapi_msgs/include/rosapi_msgs
[3.062s] -- Up-to-date: /home/sbel/Desktop/Cobra-Driver/workspace/install/rosapi_msgs/include/rosapi_msgs/srv
[3.062s] -- Up-to-date: /home/sbel/Desktop/Cobra-Driver/workspace/install/rosapi_msgs/include/rosapi_msgs/srv/detail
[3.062s] -- Up-to-date: /home/sbel/Desktop/Cobra-Driver/workspace/install/rosapi_msgs/include/rosapi_msgs/srv/detail/nodes__rosidl_typesupport_fastrtps_c.h
[3.062s] -- Up-to-date: /home/sbel/Desktop/Cobra-Driver/workspace/install/rosapi_msgs/include/rosapi_msgs/srv/detail/set_param__rosidl_typesupport_fastrtps_c.h
[3.062s] -- Up-to-date: /home/sbel/Desktop/Cobra-Driver/workspace/install/rosapi_msgs/include/rosapi_msgs/srv/detail/topics__rosidl_typesupport_fastrtps_c.h
[3.063s] -- Up-to-date: /home/sbel/Desktop/Cobra-Driver/workspace/install/rosapi_msgs/include/rosapi_msgs/srv/detail/delete_param__rosidl_typesupport_fastrtps_c.h
[3.063s] -- Up-to-date: /home/sbel/Desktop/Cobra-Driver/workspace/install/rosapi_msgs/include/rosapi_msgs/srv/detail/topics_for_type__rosidl_typesupport_fastrtps_c.h
[3.063s] -- Up-to-date: /home/sbel/Desktop/Cobra-Driver/workspace/install/rosapi_msgs/include/rosapi_msgs/srv/detail/services__rosidl_typesupport_fastrtps_c.h
[3.063s] -- Up-to-date: /home/sbel/Desktop/Cobra-Driver/workspace/install/rosapi_msgs/include/rosapi_msgs/srv/detail/service_providers__rosidl_typesupport_fastrtps_c.h
[3.063s] -- Up-to-date: /home/sbel/Desktop/Cobra-Driver/workspace/install/rosapi_msgs/include/rosapi_msgs/srv/detail/get_param__rosidl_typesupport_fastrtps_c.h
[3.063s] -- Up-to-date: /home/sbel/Desktop/Cobra-Driver/workspace/install/rosapi_msgs/include/rosapi_msgs/srv/detail/get_ros_version__rosidl_typesupport_fastrtps_c.h
[3.063s] -- Up-to-date: /home/sbel/Desktop/Cobra-Driver/workspace/install/rosapi_msgs/include/rosapi_msgs/srv/detail/message_details__rosidl_typesupport_fastrtps_c.h
[3.063s] -- Up-to-date: /home/sbel/Desktop/Cobra-Driver/workspace/install/rosapi_msgs/include/rosapi_msgs/srv/detail/topic_type__rosidl_typesupport_fastrtps_c.h
[3.064s] -- Up-to-date: /home/sbel/Desktop/Cobra-Driver/workspace/install/rosapi_msgs/include/rosapi_msgs/srv/detail/publishers__rosidl_typesupport_fastrtps_c.h
[3.064s] -- Up-to-date: /home/sbel/Desktop/Cobra-Driver/workspace/install/rosapi_msgs/include/rosapi_msgs/srv/detail/get_param_names__rosidl_typesupport_fastrtps_c.h
[3.064s] -- Up-to-date: /home/sbel/Desktop/Cobra-Driver/workspace/install/rosapi_msgs/include/rosapi_msgs/srv/detail/has_param__rosidl_typesupport_fastrtps_c.h
[3.064s] -- Up-to-date: /home/sbel/Desktop/Cobra-Driver/workspace/install/rosapi_msgs/include/rosapi_msgs/srv/detail/service_response_details__rosidl_typesupport_fastrtps_c.h
[3.064s] -- Up-to-date: /home/sbel/Desktop/Cobra-Driver/workspace/install/rosapi_msgs/include/rosapi_msgs/srv/detail/node_details__rosidl_typesupport_fastrtps_c.h
[3.064s] -- Up-to-date: /home/sbel/Desktop/Cobra-Driver/workspace/install/rosapi_msgs/include/rosapi_msgs/srv/detail/get_action_servers__rosidl_typesupport_fastrtps_c.h
[3.064s] -- Up-to-date: /home/sbel/Desktop/Cobra-Driver/workspace/install/rosapi_msgs/include/rosapi_msgs/srv/detail/service_type__rosidl_typesupport_fastrtps_c.h
[3.065s] -- Up-to-date: /home/sbel/Desktop/Cobra-Driver/workspace/install/rosapi_msgs/include/rosapi_msgs/srv/detail/subscribers__rosidl_typesupport_fastrtps_c.h
[3.065s] -- Up-to-date: /home/sbel/Desktop/Cobra-Driver/workspace/install/rosapi_msgs/include/rosapi_msgs/srv/detail/topics_and_raw_types__rosidl_typesupport_fastrtps_c.h
[3.065s] -- Up-to-date: /home/sbel/Desktop/Cobra-Driver/workspace/install/rosapi_msgs/include/rosapi_msgs/srv/detail/services_for_type__rosidl_typesupport_fastrtps_c.h
[3.065s] -- Up-to-date: /home/sbel/Desktop/Cobra-Driver/workspace/install/rosapi_msgs/include/rosapi_msgs/srv/detail/service_node__rosidl_typesupport_fastrtps_c.h
[3.065s] -- Up-to-date: /home/sbel/Desktop/Cobra-Driver/workspace/install/rosapi_msgs/include/rosapi_msgs/srv/detail/service_request_details__rosidl_typesupport_fastrtps_c.h
[3.066s] -- Up-to-date: /home/sbel/Desktop/Cobra-Driver/workspace/install/rosapi_msgs/include/rosapi_msgs/srv/detail/get_time__rosidl_typesupport_fastrtps_c.h
[3.066s] -- Up-to-date: /home/sbel/Desktop/Cobra-Driver/workspace/install/rosapi_msgs/include/rosapi_msgs/msg
[3.066s] -- Up-to-date: /home/sbel/Desktop/Cobra-Driver/workspace/install/rosapi_msgs/include/rosapi_msgs/msg/detail
[3.066s] -- Up-to-date: /home/sbel/Desktop/Cobra-Driver/workspace/install/rosapi_msgs/include/rosapi_msgs/msg/detail/type_def__rosidl_typesupport_fastrtps_c.h
[3.066s] -- Up-to-date: /home/sbel/Desktop/Cobra-Driver/workspace/install/rosapi_msgs/include/rosapi_msgs/msg/rosidl_typesupport_fastrtps_c__visibility_control.h
[3.066s] -- Up-to-date: /home/sbel/Desktop/Cobra-Driver/workspace/install/rosapi_msgs/lib/librosapi_msgs__rosidl_typesupport_fastrtps_c.so
[3.067s] -- Up-to-date: /home/sbel/Desktop/Cobra-Driver/workspace/install/rosapi_msgs/include/rosapi_msgs
[3.067s] -- Up-to-date: /home/sbel/Desktop/Cobra-Driver/workspace/install/rosapi_msgs/include/rosapi_msgs/srv
[3.067s] -- Up-to-date: /home/sbel/Desktop/Cobra-Driver/workspace/install/rosapi_msgs/include/rosapi_msgs/srv/detail
[3.067s] -- Up-to-date: /home/sbel/Desktop/Cobra-Driver/workspace/install/rosapi_msgs/include/rosapi_msgs/srv/detail/nodes__rosidl_typesupport_fastrtps_cpp.hpp
[3.067s] -- Up-to-date: /home/sbel/Desktop/Cobra-Driver/workspace/install/rosapi_msgs/include/rosapi_msgs/srv/detail/has_param__rosidl_typesupport_fastrtps_cpp.hpp
[3.067s] -- Up-to-date: /home/sbel/Desktop/Cobra-Driver/workspace/install/rosapi_msgs/include/rosapi_msgs/srv/detail/service_request_details__rosidl_typesupport_fastrtps_cpp.hpp
[3.067s] -- Up-to-date: /home/sbel/Desktop/Cobra-Driver/workspace/install/rosapi_msgs/include/rosapi_msgs/srv/detail/delete_param__rosidl_typesupport_fastrtps_cpp.hpp
[3.067s] -- Up-to-date: /home/sbel/Desktop/Cobra-Driver/workspace/install/rosapi_msgs/include/rosapi_msgs/srv/detail/message_details__rosidl_typesupport_fastrtps_cpp.hpp
[3.068s] -- Up-to-date: /home/sbel/Desktop/Cobra-Driver/workspace/install/rosapi_msgs/include/rosapi_msgs/srv/detail/services_for_type__rosidl_typesupport_fastrtps_cpp.hpp
[3.068s] -- Up-to-date: /home/sbel/Desktop/Cobra-Driver/workspace/install/rosapi_msgs/include/rosapi_msgs/srv/detail/set_param__rosidl_typesupport_fastrtps_cpp.hpp
[3.068s] -- Up-to-date: /home/sbel/Desktop/Cobra-Driver/workspace/install/rosapi_msgs/include/rosapi_msgs/srv/detail/dds_fastrtps
[3.068s] -- Up-to-date: /home/sbel/Desktop/Cobra-Driver/workspace/install/rosapi_msgs/include/rosapi_msgs/srv/detail/get_param__rosidl_typesupport_fastrtps_cpp.hpp
[3.068s] -- Up-to-date: /home/sbel/Desktop/Cobra-Driver/workspace/install/rosapi_msgs/include/rosapi_msgs/srv/detail/topics_and_raw_types__rosidl_typesupport_fastrtps_cpp.hpp
[3.068s] -- Up-to-date: /home/sbel/Desktop/Cobra-Driver/workspace/install/rosapi_msgs/include/rosapi_msgs/srv/detail/topics__rosidl_typesupport_fastrtps_cpp.hpp
[3.068s] -- Up-to-date: /home/sbel/Desktop/Cobra-Driver/workspace/install/rosapi_msgs/include/rosapi_msgs/srv/detail/topics_for_type__rosidl_typesupport_fastrtps_cpp.hpp
[3.069s] -- Up-to-date: /home/sbel/Desktop/Cobra-Driver/workspace/install/rosapi_msgs/include/rosapi_msgs/srv/detail/publishers__rosidl_typesupport_fastrtps_cpp.hpp
[3.069s] -- Up-to-date: /home/sbel/Desktop/Cobra-Driver/workspace/install/rosapi_msgs/include/rosapi_msgs/srv/detail/get_time__rosidl_typesupport_fastrtps_cpp.hpp
[3.069s] -- Up-to-date: /home/sbel/Desktop/Cobra-Driver/workspace/install/rosapi_msgs/include/rosapi_msgs/srv/detail/node_details__rosidl_typesupport_fastrtps_cpp.hpp
[3.069s] -- Up-to-date: /home/sbel/Desktop/Cobra-Driver/workspace/install/rosapi_msgs/include/rosapi_msgs/srv/detail/services__rosidl_typesupport_fastrtps_cpp.hpp
[3.069s] -- Up-to-date: /home/sbel/Desktop/Cobra-Driver/workspace/install/rosapi_msgs/include/rosapi_msgs/srv/detail/get_ros_version__rosidl_typesupport_fastrtps_cpp.hpp
[3.069s] -- Up-to-date: /home/sbel/Desktop/Cobra-Driver/workspace/install/rosapi_msgs/include/rosapi_msgs/srv/detail/topic_type__rosidl_typesupport_fastrtps_cpp.hpp
[3.069s] -- Up-to-date: /home/sbel/Desktop/Cobra-Driver/workspace/install/rosapi_msgs/include/rosapi_msgs/srv/detail/service_response_details__rosidl_typesupport_fastrtps_cpp.hpp
[3.070s] -- Up-to-date: /home/sbel/Desktop/Cobra-Driver/workspace/install/rosapi_msgs/include/rosapi_msgs/srv/detail/service_node__rosidl_typesupport_fastrtps_cpp.hpp
[3.070s] -- Up-to-date: /home/sbel/Desktop/Cobra-Driver/workspace/install/rosapi_msgs/include/rosapi_msgs/srv/detail/subscribers__rosidl_typesupport_fastrtps_cpp.hpp
[3.070s] -- Up-to-date: /home/sbel/Desktop/Cobra-Driver/workspace/install/rosapi_msgs/include/rosapi_msgs/srv/detail/service_providers__rosidl_typesupport_fastrtps_cpp.hpp
[3.070s] -- Up-to-date: /home/sbel/Desktop/Cobra-Driver/workspace/install/rosapi_msgs/include/rosapi_msgs/srv/detail/get_param_names__rosidl_typesupport_fastrtps_cpp.hpp
[3.070s] -- Up-to-date: /home/sbel/Desktop/Cobra-Driver/workspace/install/rosapi_msgs/include/rosapi_msgs/srv/detail/service_type__rosidl_typesupport_fastrtps_cpp.hpp
[3.070s] -- Up-to-date: /home/sbel/Desktop/Cobra-Driver/workspace/install/rosapi_msgs/include/rosapi_msgs/srv/detail/get_action_servers__rosidl_typesupport_fastrtps_cpp.hpp
[3.070s] -- Up-to-date: /home/sbel/Desktop/Cobra-Driver/workspace/install/rosapi_msgs/include/rosapi_msgs/msg
[3.071s] -- Up-to-date: /home/sbel/Desktop/Cobra-Driver/workspace/install/rosapi_msgs/include/rosapi_msgs/msg/detail
[3.071s] -- Up-to-date: /home/sbel/Desktop/Cobra-Driver/workspace/install/rosapi_msgs/include/rosapi_msgs/msg/detail/dds_fastrtps
[3.071s] -- Up-to-date: /home/sbel/Desktop/Cobra-Driver/workspace/install/rosapi_msgs/include/rosapi_msgs/msg/detail/type_def__rosidl_typesupport_fastrtps_cpp.hpp
[3.071s] -- Up-to-date: /home/sbel/Desktop/Cobra-Driver/workspace/install/rosapi_msgs/include/rosapi_msgs/msg/rosidl_typesupport_fastrtps_cpp__visibility_control.h
[3.071s] -- Up-to-date: /home/sbel/Desktop/Cobra-Driver/workspace/install/rosapi_msgs/lib/librosapi_msgs__rosidl_typesupport_fastrtps_cpp.so
[3.072s] -- Up-to-date: /home/sbel/Desktop/Cobra-Driver/workspace/install/rosapi_msgs/include/rosapi_msgs
[3.072s] -- Up-to-date: /home/sbel/Desktop/Cobra-Driver/workspace/install/rosapi_msgs/include/rosapi_msgs/srv
[3.072s] -- Up-to-date: /home/sbel/Desktop/Cobra-Driver/workspace/install/rosapi_msgs/include/rosapi_msgs/srv/detail
[3.072s] -- Up-to-date: /home/sbel/Desktop/Cobra-Driver/workspace/install/rosapi_msgs/include/rosapi_msgs/srv/detail/topics_and_raw_types__rosidl_typesupport_introspection_c.h
[3.080s] -- Up-to-date: /home/sbel/Desktop/Cobra-Driver/workspace/install/rosapi_msgs/include/rosapi_msgs/srv/detail/message_details__type_support.c
[3.080s] -- Up-to-date: /home/sbel/Desktop/Cobra-Driver/workspace/install/rosapi_msgs/include/rosapi_msgs/srv/detail/get_ros_version__type_support.c
[3.080s] -- Up-to-date: /home/sbel/Desktop/Cobra-Driver/workspace/install/rosapi_msgs/include/rosapi_msgs/srv/detail/service_type__rosidl_typesupport_introspection_c.h
[3.080s] -- Up-to-date: /home/sbel/Desktop/Cobra-Driver/workspace/install/rosapi_msgs/include/rosapi_msgs/srv/detail/nodes__type_support.c
[3.080s] -- Up-to-date: /home/sbel/Desktop/Cobra-Driver/workspace/install/rosapi_msgs/include/rosapi_msgs/srv/detail/node_details__type_support.c
[3.080s] -- Up-to-date: /home/sbel/Desktop/Cobra-Driver/workspace/install/rosapi_msgs/include/rosapi_msgs/srv/detail/service_providers__rosidl_typesupport_introspection_c.h
[3.089s] -- Up-to-date: /home/sbel/Desktop/Cobra-Driver/workspace/install/rosapi_msgs/include/rosapi_msgs/srv/detail/service_response_details__rosidl_typesupport_introspection_c.h
[3.089s] -- Up-to-date: /home/sbel/Desktop/Cobra-Driver/workspace/install/rosapi_msgs/include/rosapi_msgs/srv/detail/service_node__type_support.c
[3.090s] -- Up-to-date: /home/sbel/Desktop/Cobra-Driver/workspace/install/rosapi_msgs/include/rosapi_msgs/srv/detail/topic_type__rosidl_typesupport_introspection_c.h
[3.090s] -- Up-to-date: /home/sbel/Desktop/Cobra-Driver/workspace/install/rosapi_msgs/include/rosapi_msgs/srv/detail/has_param__type_support.c
[3.091s] -- Up-to-date: /home/sbel/Desktop/Cobra-Driver/workspace/install/rosapi_msgs/include/rosapi_msgs/srv/detail/nodes__rosidl_typesupport_introspection_c.h
[3.091s] -- Up-to-date: /home/sbel/Desktop/Cobra-Driver/workspace/install/rosapi_msgs/include/rosapi_msgs/srv/detail/set_param__type_support.c
[3.091s] -- Up-to-date: /home/sbel/Desktop/Cobra-Driver/workspace/install/rosapi_msgs/include/rosapi_msgs/srv/detail/get_time__type_support.c
[3.092s] -- Up-to-date: /home/sbel/Desktop/Cobra-Driver/workspace/install/rosapi_msgs/include/rosapi_msgs/srv/detail/delete_param__rosidl_typesupport_introspection_c.h
[3.098s] -- Up-to-date: /home/sbel/Desktop/Cobra-Driver/workspace/install/rosapi_msgs/include/rosapi_msgs/srv/detail/services_for_type__type_support.c
[3.098s] -- Up-to-date: /home/sbel/Desktop/Cobra-Driver/workspace/install/rosapi_msgs/include/rosapi_msgs/srv/detail/service_providers__type_support.c
[3.099s] -- Up-to-date: /home/sbel/Desktop/Cobra-Driver/workspace/install/rosapi_msgs/include/rosapi_msgs/srv/detail/service_request_details__type_support.c
[3.106s] -- Up-to-date: /home/sbel/Desktop/Cobra-Driver/workspace/install/rosapi_msgs/include/rosapi_msgs/srv/detail/topics_and_raw_types__type_support.c
[3.107s] -- Up-to-date: /home/sbel/Desktop/Cobra-Driver/workspace/install/rosapi_msgs/include/rosapi_msgs/srv/detail/topic_type__type_support.c
[3.107s] -- Up-to-date: /home/sbel/Desktop/Cobra-Driver/workspace/install/rosapi_msgs/include/rosapi_msgs/srv/detail/service_response_details__type_support.c
[3.108s] -- Up-to-date: /home/sbel/Desktop/Cobra-Driver/workspace/install/rosapi_msgs/include/rosapi_msgs/srv/detail/publishers__type_support.c
[3.108s] -- Up-to-date: /home/sbel/Desktop/Cobra-Driver/workspace/install/rosapi_msgs/include/rosapi_msgs/srv/detail/get_param_names__rosidl_typesupport_introspection_c.h
[3.108s] -- Up-to-date: /home/sbel/Desktop/Cobra-Driver/workspace/install/rosapi_msgs/include/rosapi_msgs/srv/detail/service_type__type_support.c
[3.109s] -- Up-to-date: /home/sbel/Desktop/Cobra-Driver/workspace/install/rosapi_msgs/include/rosapi_msgs/srv/detail/subscribers__type_support.c
[3.109s] -- Up-to-date: /home/sbel/Desktop/Cobra-Driver/workspace/install/rosapi_msgs/include/rosapi_msgs/srv/detail/service_request_details__rosidl_typesupport_introspection_c.h
[3.110s] -- Up-to-date: /home/sbel/Desktop/Cobra-Driver/workspace/install/rosapi_msgs/include/rosapi_msgs/srv/detail/has_param__rosidl_typesupport_introspection_c.h
[3.110s] -- Up-to-date: /home/sbel/Desktop/Cobra-Driver/workspace/install/rosapi_msgs/include/rosapi_msgs/srv/detail/service_node__rosidl_typesupport_introspection_c.h
[3.112s] -- Up-to-date: /home/sbel/Desktop/Cobra-Driver/workspace/install/rosapi_msgs/include/rosapi_msgs/srv/detail/topics_for_type__rosidl_typesupport_introspection_c.h
[3.113s] -- Up-to-date: /home/sbel/Desktop/Cobra-Driver/workspace/install/rosapi_msgs/include/rosapi_msgs/srv/detail/get_action_servers__rosidl_typesupport_introspection_c.h
[3.113s] -- Up-to-date: /home/sbel/Desktop/Cobra-Driver/workspace/install/rosapi_msgs/include/rosapi_msgs/srv/detail/topics__type_support.c
[3.114s] -- Up-to-date: /home/sbel/Desktop/Cobra-Driver/workspace/install/rosapi_msgs/include/rosapi_msgs/srv/detail/set_param__rosidl_typesupport_introspection_c.h
[3.114s] -- Up-to-date: /home/sbel/Desktop/Cobra-Driver/workspace/install/rosapi_msgs/include/rosapi_msgs/srv/detail/get_ros_version__rosidl_typesupport_introspection_c.h
[3.114s] -- Up-to-date: /home/sbel/Desktop/Cobra-Driver/workspace/install/rosapi_msgs/include/rosapi_msgs/srv/detail/delete_param__type_support.c
[3.115s] -- Up-to-date: /home/sbel/Desktop/Cobra-Driver/workspace/install/rosapi_msgs/include/rosapi_msgs/srv/detail/publishers__rosidl_typesupport_introspection_c.h
[3.115s] -- Up-to-date: /home/sbel/Desktop/Cobra-Driver/workspace/install/rosapi_msgs/include/rosapi_msgs/srv/detail/get_param_names__type_support.c
[3.115s] -- Up-to-date: /home/sbel/Desktop/Cobra-Driver/workspace/install/rosapi_msgs/include/rosapi_msgs/srv/detail/services__rosidl_typesupport_introspection_c.h
[3.116s] -- Up-to-date: /home/sbel/Desktop/Cobra-Driver/workspace/install/rosapi_msgs/include/rosapi_msgs/srv/detail/topics_for_type__type_support.c
[3.116s] -- Up-to-date: /home/sbel/Desktop/Cobra-Driver/workspace/install/rosapi_msgs/include/rosapi_msgs/srv/detail/get_param__type_support.c
[3.117s] -- Up-to-date: /home/sbel/Desktop/Cobra-Driver/workspace/install/rosapi_msgs/include/rosapi_msgs/srv/detail/get_time__rosidl_typesupport_introspection_c.h
[3.117s] -- Up-to-date: /home/sbel/Desktop/Cobra-Driver/workspace/install/rosapi_msgs/include/rosapi_msgs/srv/detail/subscribers__rosidl_typesupport_introspection_c.h
[3.117s] -- Up-to-date: /home/sbel/Desktop/Cobra-Driver/workspace/install/rosapi_msgs/include/rosapi_msgs/srv/detail/node_details__rosidl_typesupport_introspection_c.h
[3.118s] -- Up-to-date: /home/sbel/Desktop/Cobra-Driver/workspace/install/rosapi_msgs/include/rosapi_msgs/srv/detail/services__type_support.c
[3.118s] -- Up-to-date: /home/sbel/Desktop/Cobra-Driver/workspace/install/rosapi_msgs/include/rosapi_msgs/srv/detail/message_details__rosidl_typesupport_introspection_c.h
[3.118s] -- Up-to-date: /home/sbel/Desktop/Cobra-Driver/workspace/install/rosapi_msgs/include/rosapi_msgs/srv/detail/services_for_type__rosidl_typesupport_introspection_c.h
[3.118s] -- Up-to-date: /home/sbel/Desktop/Cobra-Driver/workspace/install/rosapi_msgs/include/rosapi_msgs/srv/detail/topics__rosidl_typesupport_introspection_c.h
[3.118s] -- Up-to-date: /home/sbel/Desktop/Cobra-Driver/workspace/install/rosapi_msgs/include/rosapi_msgs/srv/detail/get_param__rosidl_typesupport_introspection_c.h
[3.119s] -- Up-to-date: /home/sbel/Desktop/Cobra-Driver/workspace/install/rosapi_msgs/include/rosapi_msgs/srv/detail/get_action_servers__type_support.c
[3.119s] -- Up-to-date: /home/sbel/Desktop/Cobra-Driver/workspace/install/rosapi_msgs/include/rosapi_msgs/msg
[3.119s] -- Up-to-date: /home/sbel/Desktop/Cobra-Driver/workspace/install/rosapi_msgs/include/rosapi_msgs/msg/rosidl_typesupport_introspection_c__visibility_control.h
[3.119s] -- Up-to-date: /home/sbel/Desktop/Cobra-Driver/workspace/install/rosapi_msgs/include/rosapi_msgs/msg/detail
[3.119s] -- Up-to-date: /home/sbel/Desktop/Cobra-Driver/workspace/install/rosapi_msgs/include/rosapi_msgs/msg/detail/type_def__rosidl_typesupport_introspection_c.h
[3.119s] -- Up-to-date: /home/sbel/Desktop/Cobra-Driver/workspace/install/rosapi_msgs/include/rosapi_msgs/msg/detail/type_def__type_support.c
[3.119s] -- Up-to-date: /home/sbel/Desktop/Cobra-Driver/workspace/install/rosapi_msgs/lib/librosapi_msgs__rosidl_typesupport_introspection_c.so
[3.119s] -- Up-to-date: /home/sbel/Desktop/Cobra-Driver/workspace/install/rosapi_msgs/lib/librosapi_msgs__rosidl_typesupport_c.so
[3.120s] -- Up-to-date: /home/sbel/Desktop/Cobra-Driver/workspace/install/rosapi_msgs/include/rosapi_msgs
[3.120s] -- Up-to-date: /home/sbel/Desktop/Cobra-Driver/workspace/install/rosapi_msgs/include/rosapi_msgs/srv
[3.120s] -- Up-to-date: /home/sbel/Desktop/Cobra-Driver/workspace/install/rosapi_msgs/include/rosapi_msgs/srv/services.hpp
[3.120s] -- Up-to-date: /home/sbel/Desktop/Cobra-Driver/workspace/install/rosapi_msgs/include/rosapi_msgs/srv/service_node.hpp
[3.120s] -- Up-to-date: /home/sbel/Desktop/Cobra-Driver/workspace/install/rosapi_msgs/include/rosapi_msgs/srv/get_ros_version.hpp
[3.121s] -- Up-to-date: /home/sbel/Desktop/Cobra-Driver/workspace/install/rosapi_msgs/include/rosapi_msgs/srv/detail
[3.129s] -- Up-to-date: /home/sbel/Desktop/Cobra-Driver/workspace/install/rosapi_msgs/include/rosapi_msgs/srv/detail/topics__type_support.hpp
[3.130s] -- Up-to-date: /home/sbel/Desktop/Cobra-Driver/workspace/install/rosapi_msgs/include/rosapi_msgs/srv/detail/services__type_support.hpp
[3.133s] -- Up-to-date: /home/sbel/Desktop/Cobra-Driver/workspace/install/rosapi_msgs/include/rosapi_msgs/srv/detail/services__traits.hpp
[3.133s] -- Up-to-date: /home/sbel/Desktop/Cobra-Driver/workspace/install/rosapi_msgs/include/rosapi_msgs/srv/detail/nodes__type_support.hpp
[3.133s] -- Up-to-date: /home/sbel/Desktop/Cobra-Driver/workspace/install/rosapi_msgs/include/rosapi_msgs/srv/detail/get_param_names__type_support.hpp
[3.133s] -- Up-to-date: /home/sbel/Desktop/Cobra-Driver/workspace/install/rosapi_msgs/include/rosapi_msgs/srv/detail/service_providers__traits.hpp
[3.134s] -- Up-to-date: /home/sbel/Desktop/Cobra-Driver/workspace/install/rosapi_msgs/include/rosapi_msgs/srv/detail/nodes__traits.hpp
[3.134s] -- Up-to-date: /home/sbel/Desktop/Cobra-Driver/workspace/install/rosapi_msgs/include/rosapi_msgs/srv/detail/set_param__traits.hpp
[3.134s] -- Up-to-date: /home/sbel/Desktop/Cobra-Driver/workspace/install/rosapi_msgs/include/rosapi_msgs/srv/detail/get_ros_version__type_support.hpp
[3.134s] -- Up-to-date: /home/sbel/Desktop/Cobra-Driver/workspace/install/rosapi_msgs/include/rosapi_msgs/srv/detail/service_type__struct.hpp
[3.136s] -- Up-to-date: /home/sbel/Desktop/Cobra-Driver/workspace/install/rosapi_msgs/include/rosapi_msgs/srv/detail/services_for_type__type_support.hpp
[3.136s] -- Up-to-date: /home/sbel/Desktop/Cobra-Driver/workspace/install/rosapi_msgs/include/rosapi_msgs/srv/detail/service_request_details__builder.hpp
[3.136s] -- Up-to-date: /home/sbel/Desktop/Cobra-Driver/workspace/install/rosapi_msgs/include/rosapi_msgs/srv/detail/services__builder.hpp
[3.136s] -- Up-to-date: /home/sbel/Desktop/Cobra-Driver/workspace/install/rosapi_msgs/include/rosapi_msgs/srv/detail/services_for_type__traits.hpp
[3.136s] -- Up-to-date: /home/sbel/Desktop/Cobra-Driver/workspace/install/rosapi_msgs/include/rosapi_msgs/srv/detail/service_node__type_support.hpp
[3.137s] -- Up-to-date: /home/sbel/Desktop/Cobra-Driver/workspace/install/rosapi_msgs/include/rosapi_msgs/srv/detail/get_action_servers__struct.hpp
[3.137s] -- Up-to-date: /home/sbel/Desktop/Cobra-Driver/workspace/install/rosapi_msgs/include/rosapi_msgs/srv/detail/delete_param__struct.hpp
[3.137s] -- Up-to-date: /home/sbel/Desktop/Cobra-Driver/workspace/install/rosapi_msgs/include/rosapi_msgs/srv/detail/set_param__builder.hpp
[3.137s] -- Up-to-date: /home/sbel/Desktop/Cobra-Driver/workspace/install/rosapi_msgs/include/rosapi_msgs/srv/detail/service_node__builder.hpp
[3.137s] -- Up-to-date: /home/sbel/Desktop/Cobra-Driver/workspace/install/rosapi_msgs/include/rosapi_msgs/srv/detail/service_request_details__type_support.hpp
[3.137s] -- Up-to-date: /home/sbel/Desktop/Cobra-Driver/workspace/install/rosapi_msgs/include/rosapi_msgs/srv/detail/has_param__struct.hpp
[3.137s] -- Up-to-date: /home/sbel/Desktop/Cobra-Driver/workspace/install/rosapi_msgs/include/rosapi_msgs/srv/detail/get_ros_version__builder.hpp
[3.138s] -- Up-to-date: /home/sbel/Desktop/Cobra-Driver/workspace/install/rosapi_msgs/include/rosapi_msgs/srv/detail/get_param__builder.hpp
[3.138s] -- Up-to-date: /home/sbel/Desktop/Cobra-Driver/workspace/install/rosapi_msgs/include/rosapi_msgs/srv/detail/service_type__traits.hpp
[3.138s] -- Up-to-date: /home/sbel/Desktop/Cobra-Driver/workspace/install/rosapi_msgs/include/rosapi_msgs/srv/detail/has_param__type_support.hpp
[3.138s] -- Up-to-date: /home/sbel/Desktop/Cobra-Driver/workspace/install/rosapi_msgs/include/rosapi_msgs/srv/detail/topics__struct.hpp
[3.138s] -- Up-to-date: /home/sbel/Desktop/Cobra-Driver/workspace/install/rosapi_msgs/include/rosapi_msgs/srv/detail/topic_type__type_support.hpp
[3.139s] -- Up-to-date: /home/sbel/Desktop/Cobra-Driver/workspace/install/rosapi_msgs/include/rosapi_msgs/srv/detail/has_param__traits.hpp
[3.139s] -- Up-to-date: /home/sbel/Desktop/Cobra-Driver/workspace/install/rosapi_msgs/include/rosapi_msgs/srv/detail/subscribers__traits.hpp
[3.139s] -- Up-to-date: /home/sbel/Desktop/Cobra-Driver/workspace/install/rosapi_msgs/include/rosapi_msgs/srv/detail/get_action_servers__traits.hpp
[3.139s] -- Up-to-date: /home/sbel/Desktop/Cobra-Driver/workspace/install/rosapi_msgs/include/rosapi_msgs/srv/detail/topics_and_raw_types__traits.hpp
[3.140s] -- Up-to-date: /home/sbel/Desktop/Cobra-Driver/workspace/install/rosapi_msgs/include/rosapi_msgs/srv/detail/delete_param__type_support.hpp
[3.140s] -- Up-to-date: /home/sbel/Desktop/Cobra-Driver/workspace/install/rosapi_msgs/include/rosapi_msgs/srv/detail/service_node__traits.hpp
[3.140s] -- Up-to-date: /home/sbel/Desktop/Cobra-Driver/workspace/install/rosapi_msgs/include/rosapi_msgs/srv/detail/service_providers__type_support.hpp
[3.140s] -- Up-to-date: /home/sbel/Desktop/Cobra-Driver/workspace/install/rosapi_msgs/include/rosapi_msgs/srv/detail/publishers__type_support.hpp
[3.141s] -- Up-to-date: /home/sbel/Desktop/Cobra-Driver/workspace/install/rosapi_msgs/include/rosapi_msgs/srv/detail/get_param__struct.hpp
[3.141s] -- Up-to-date: /home/sbel/Desktop/Cobra-Driver/workspace/install/rosapi_msgs/include/rosapi_msgs/srv/detail/set_param__type_support.hpp
[3.141s] -- Up-to-date: /home/sbel/Desktop/Cobra-Driver/workspace/install/rosapi_msgs/include/rosapi_msgs/srv/detail/services__struct.hpp
[3.141s] -- Up-to-date: /home/sbel/Desktop/Cobra-Driver/workspace/install/rosapi_msgs/include/rosapi_msgs/srv/detail/get_param__traits.hpp
[3.141s] -- Up-to-date: /home/sbel/Desktop/Cobra-Driver/workspace/install/rosapi_msgs/include/rosapi_msgs/srv/detail/topics__traits.hpp
[3.142s] -- Up-to-date: /home/sbel/Desktop/Cobra-Driver/workspace/install/rosapi_msgs/include/rosapi_msgs/srv/detail/get_time__traits.hpp
[3.142s] -- Up-to-date: /home/sbel/Desktop/Cobra-Driver/workspace/install/rosapi_msgs/include/rosapi_msgs/srv/detail/delete_param__traits.hpp
[3.142s] -- Up-to-date: /home/sbel/Desktop/Cobra-Driver/workspace/install/rosapi_msgs/include/rosapi_msgs/srv/detail/topics_for_type__traits.hpp
[3.142s] -- Up-to-date: /home/sbel/Desktop/Cobra-Driver/workspace/install/rosapi_msgs/include/rosapi_msgs/srv/detail/service_providers__struct.hpp
[3.142s] -- Up-to-date: /home/sbel/Desktop/Cobra-Driver/workspace/install/rosapi_msgs/include/rosapi_msgs/srv/detail/publishers__builder.hpp
[3.143s] -- Up-to-date: /home/sbel/Desktop/Cobra-Driver/workspace/install/rosapi_msgs/include/rosapi_msgs/srv/detail/nodes__struct.hpp
[3.143s] -- Up-to-date: /home/sbel/Desktop/Cobra-Driver/workspace/install/rosapi_msgs/include/rosapi_msgs/srv/detail/service_response_details__type_support.hpp
[3.143s] -- Up-to-date: /home/sbel/Desktop/Cobra-Driver/workspace/install/rosapi_msgs/include/rosapi_msgs/srv/detail/subscribers__struct.hpp
[3.143s] -- Up-to-date: /home/sbel/Desktop/Cobra-Driver/workspace/install/rosapi_msgs/include/rosapi_msgs/srv/detail/get_param_names__struct.hpp
[3.143s] -- Up-to-date: /home/sbel/Desktop/Cobra-Driver/workspace/install/rosapi_msgs/include/rosapi_msgs/srv/detail/topics_and_raw_types__builder.hpp
[3.144s] -- Up-to-date: /home/sbel/Desktop/Cobra-Driver/workspace/install/rosapi_msgs/include/rosapi_msgs/srv/detail/get_action_servers__type_support.hpp
[3.144s] -- Up-to-date: /home/sbel/Desktop/Cobra-Driver/workspace/install/rosapi_msgs/include/rosapi_msgs/srv/detail/get_action_servers__builder.hpp
[3.144s] -- Up-to-date: /home/sbel/Desktop/Cobra-Driver/workspace/install/rosapi_msgs/include/rosapi_msgs/srv/detail/get_time__type_support.hpp
[3.144s] -- Up-to-date: /home/sbel/Desktop/Cobra-Driver/workspace/install/rosapi_msgs/include/rosapi_msgs/srv/detail/service_type__builder.hpp
[3.147s] -- Up-to-date: /home/sbel/Desktop/Cobra-Driver/workspace/install/rosapi_msgs/include/rosapi_msgs/srv/detail/service_request_details__struct.hpp
[3.147s] -- Up-to-date: /home/sbel/Desktop/Cobra-Driver/workspace/install/rosapi_msgs/include/rosapi_msgs/srv/detail/publishers__struct.hpp
[3.147s] -- Up-to-date: /home/sbel/Desktop/Cobra-Driver/workspace/install/rosapi_msgs/include/rosapi_msgs/srv/detail/topics_and_raw_types__type_support.hpp
[3.147s] -- Up-to-date: /home/sbel/Desktop/Cobra-Driver/workspace/install/rosapi_msgs/include/rosapi_msgs/srv/detail/service_request_details__traits.hpp
[3.148s] -- Up-to-date: /home/sbel/Desktop/Cobra-Driver/workspace/install/rosapi_msgs/include/rosapi_msgs/srv/detail/message_details__builder.hpp
[3.148s] -- Up-to-date: /home/sbel/Desktop/Cobra-Driver/workspace/install/rosapi_msgs/include/rosapi_msgs/srv/detail/topic_type__builder.hpp
[3.148s] -- Up-to-date: /home/sbel/Desktop/Cobra-Driver/workspace/install/rosapi_msgs/include/rosapi_msgs/srv/detail/service_node__struct.hpp
[3.148s] -- Up-to-date: /home/sbel/Desktop/Cobra-Driver/workspace/install/rosapi_msgs/include/rosapi_msgs/srv/detail/service_response_details__struct.hpp
[3.148s] -- Up-to-date: /home/sbel/Desktop/Cobra-Driver/workspace/install/rosapi_msgs/include/rosapi_msgs/srv/detail/subscribers__builder.hpp
[3.149s] -- Up-to-date: /home/sbel/Desktop/Cobra-Driver/workspace/install/rosapi_msgs/include/rosapi_msgs/srv/detail/service_providers__builder.hpp
[3.149s] -- Up-to-date: /home/sbel/Desktop/Cobra-Driver/workspace/install/rosapi_msgs/include/rosapi_msgs/srv/detail/service_type__type_support.hpp
[3.149s] -- Up-to-date: /home/sbel/Desktop/Cobra-Driver/workspace/install/rosapi_msgs/include/rosapi_msgs/srv/detail/nodes__builder.hpp
[3.149s] -- Up-to-date: /home/sbel/Desktop/Cobra-Driver/workspace/install/rosapi_msgs/include/rosapi_msgs/srv/detail/message_details__traits.hpp
[3.149s] -- Up-to-date: /home/sbel/Desktop/Cobra-Driver/workspace/install/rosapi_msgs/include/rosapi_msgs/srv/detail/node_details__traits.hpp
[3.149s] -- Up-to-date: /home/sbel/Desktop/Cobra-Driver/workspace/install/rosapi_msgs/include/rosapi_msgs/srv/detail/get_param_names__builder.hpp
[3.150s] -- Up-to-date: /home/sbel/Desktop/Cobra-Driver/workspace/install/rosapi_msgs/include/rosapi_msgs/srv/detail/services_for_type__struct.hpp
[3.150s] -- Up-to-date: /home/sbel/Desktop/Cobra-Driver/workspace/install/rosapi_msgs/include/rosapi_msgs/srv/detail/topics_and_raw_types__struct.hpp
[3.150s] -- Up-to-date: /home/sbel/Desktop/Cobra-Driver/workspace/install/rosapi_msgs/include/rosapi_msgs/srv/detail/has_param__builder.hpp
[3.150s] -- Up-to-date: /home/sbel/Desktop/Cobra-Driver/workspace/install/rosapi_msgs/include/rosapi_msgs/srv/detail/node_details__struct.hpp
[3.150s] -- Up-to-date: /home/sbel/Desktop/Cobra-Driver/workspace/install/rosapi_msgs/include/rosapi_msgs/srv/detail/topics__builder.hpp
[3.150s] -- Up-to-date: /home/sbel/Desktop/Cobra-Driver/workspace/install/rosapi_msgs/include/rosapi_msgs/srv/detail/node_details__type_support.hpp
[3.151s] -- Up-to-date: /home/sbel/Desktop/Cobra-Driver/workspace/install/rosapi_msgs/include/rosapi_msgs/srv/detail/delete_param__builder.hpp
[3.151s] -- Up-to-date: /home/sbel/Desktop/Cobra-Driver/workspace/install/rosapi_msgs/include/rosapi_msgs/srv/detail/service_response_details__traits.hpp
[3.151s] -- Up-to-date: /home/sbel/Desktop/Cobra-Driver/workspace/install/rosapi_msgs/include/rosapi_msgs/srv/detail/get_time__struct.hpp
[3.151s] -- Up-to-date: /home/sbel/Desktop/Cobra-Driver/workspace/install/rosapi_msgs/include/rosapi_msgs/srv/detail/topic_type__traits.hpp
[3.151s] -- Up-to-date: /home/sbel/Desktop/Cobra-Driver/workspace/install/rosapi_msgs/include/rosapi_msgs/srv/detail/publishers__traits.hpp
[3.151s] -- Up-to-date: /home/sbel/Desktop/Cobra-Driver/workspace/install/rosapi_msgs/include/rosapi_msgs/srv/detail/get_ros_version__traits.hpp
[3.152s] -- Up-to-date: /home/sbel/Desktop/Cobra-Driver/workspace/install/rosapi_msgs/include/rosapi_msgs/srv/detail/topics_for_type__builder.hpp
[3.152s] -- Up-to-date: /home/sbel/Desktop/Cobra-Driver/workspace/install/rosapi_msgs/include/rosapi_msgs/srv/detail/topic_type__struct.hpp
[3.152s] -- Up-to-date: /home/sbel/Desktop/Cobra-Driver/workspace/install/rosapi_msgs/include/rosapi_msgs/srv/detail/topics_for_type__struct.hpp
[3.152s] -- Up-to-date: /home/sbel/Desktop/Cobra-Driver/workspace/install/rosapi_msgs/include/rosapi_msgs/srv/detail/subscribers__type_support.hpp
[3.152s] -- Up-to-date: /home/sbel/Desktop/Cobra-Driver/workspace/install/rosapi_msgs/include/rosapi_msgs/srv/detail/set_param__struct.hpp
[3.152s] -- Up-to-date: /home/sbel/Desktop/Cobra-Driver/workspace/install/rosapi_msgs/include/rosapi_msgs/srv/detail/get_param_names__traits.hpp
[3.153s] -- Up-to-date: /home/sbel/Desktop/Cobra-Driver/workspace/install/rosapi_msgs/include/rosapi_msgs/srv/detail/get_param__type_support.hpp
[3.153s] -- Up-to-date: /home/sbel/Desktop/Cobra-Driver/workspace/install/rosapi_msgs/include/rosapi_msgs/srv/detail/node_details__builder.hpp
[3.153s] -- Up-to-date: /home/sbel/Desktop/Cobra-Driver/workspace/install/rosapi_msgs/include/rosapi_msgs/srv/detail/service_response_details__builder.hpp
[3.153s] -- Up-to-date: /home/sbel/Desktop/Cobra-Driver/workspace/install/rosapi_msgs/include/rosapi_msgs/srv/detail/message_details__type_support.hpp
[3.153s] -- Up-to-date: /home/sbel/Desktop/Cobra-Driver/workspace/install/rosapi_msgs/include/rosapi_msgs/srv/detail/message_details__struct.hpp
[3.154s] -- Up-to-date: /home/sbel/Desktop/Cobra-Driver/workspace/install/rosapi_msgs/include/rosapi_msgs/srv/detail/services_for_type__builder.hpp
[3.154s] -- Up-to-date: /home/sbel/Desktop/Cobra-Driver/workspace/install/rosapi_msgs/include/rosapi_msgs/srv/detail/get_time__builder.hpp
[3.154s] -- Up-to-date: /home/sbel/Desktop/Cobra-Driver/workspace/install/rosapi_msgs/include/rosapi_msgs/srv/detail/topics_for_type__type_support.hpp
[3.154s] -- Up-to-date: /home/sbel/Desktop/Cobra-Driver/workspace/install/rosapi_msgs/include/rosapi_msgs/srv/detail/get_ros_version__struct.hpp
[3.154s] -- Up-to-date: /home/sbel/Desktop/Cobra-Driver/workspace/install/rosapi_msgs/include/rosapi_msgs/srv/has_param.hpp
[3.154s] -- Up-to-date: /home/sbel/Desktop/Cobra-Driver/workspace/install/rosapi_msgs/include/rosapi_msgs/srv/get_param_names.hpp
[3.154s] -- Up-to-date: /home/sbel/Desktop/Cobra-Driver/workspace/install/rosapi_msgs/include/rosapi_msgs/srv/delete_param.hpp
[3.155s] -- Up-to-date: /home/sbel/Desktop/Cobra-Driver/workspace/install/rosapi_msgs/include/rosapi_msgs/srv/topics_for_type.hpp
[3.155s] -- Up-to-date: /home/sbel/Desktop/Cobra-Driver/workspace/install/rosapi_msgs/include/rosapi_msgs/srv/get_action_servers.hpp
[3.155s] -- Up-to-date: /home/sbel/Desktop/Cobra-Driver/workspace/install/rosapi_msgs/include/rosapi_msgs/srv/get_time.hpp
[3.155s] -- Up-to-date: /home/sbel/Desktop/Cobra-Driver/workspace/install/rosapi_msgs/include/rosapi_msgs/srv/subscribers.hpp
[3.155s] -- Up-to-date: /home/sbel/Desktop/Cobra-Driver/workspace/install/rosapi_msgs/include/rosapi_msgs/srv/topics.hpp
[3.155s] -- Up-to-date: /home/sbel/Desktop/Cobra-Driver/workspace/install/rosapi_msgs/include/rosapi_msgs/srv/publishers.hpp
[3.156s] -- Up-to-date: /home/sbel/Desktop/Cobra-Driver/workspace/install/rosapi_msgs/include/rosapi_msgs/srv/set_param.hpp
[3.156s] -- Up-to-date: /home/sbel/Desktop/Cobra-Driver/workspace/install/rosapi_msgs/include/rosapi_msgs/srv/service_request_details.hpp
[3.156s] -- Up-to-date: /home/sbel/Desktop/Cobra-Driver/workspace/install/rosapi_msgs/include/rosapi_msgs/srv/service_type.hpp
[3.156s] -- Up-to-date: /home/sbel/Desktop/Cobra-Driver/workspace/install/rosapi_msgs/include/rosapi_msgs/srv/services_for_type.hpp
[3.156s] -- Up-to-date: /home/sbel/Desktop/Cobra-Driver/workspace/install/rosapi_msgs/include/rosapi_msgs/srv/service_response_details.hpp
[3.157s] -- Up-to-date: /home/sbel/Desktop/Cobra-Driver/workspace/install/rosapi_msgs/include/rosapi_msgs/srv/message_details.hpp
[3.157s] -- Up-to-date: /home/sbel/Desktop/Cobra-Driver/workspace/install/rosapi_msgs/include/rosapi_msgs/srv/node_details.hpp
[3.157s] -- Up-to-date: /home/sbel/Desktop/Cobra-Driver/workspace/install/rosapi_msgs/include/rosapi_msgs/srv/topic_type.hpp
[3.157s] -- Up-to-date: /home/sbel/Desktop/Cobra-Driver/workspace/install/rosapi_msgs/include/rosapi_msgs/srv/topics_and_raw_types.hpp
[3.157s] -- Up-to-date: /home/sbel/Desktop/Cobra-Driver/workspace/install/rosapi_msgs/include/rosapi_msgs/srv/get_param.hpp
[3.157s] -- Up-to-date: /home/sbel/Desktop/Cobra-Driver/workspace/install/rosapi_msgs/include/rosapi_msgs/srv/service_providers.hpp
[3.157s] -- Up-to-date: /home/sbel/Desktop/Cobra-Driver/workspace/install/rosapi_msgs/include/rosapi_msgs/srv/nodes.hpp
[3.158s] -- Up-to-date: /home/sbel/Desktop/Cobra-Driver/workspace/install/rosapi_msgs/include/rosapi_msgs/msg
[3.158s] -- Up-to-date: /home/sbel/Desktop/Cobra-Driver/workspace/install/rosapi_msgs/include/rosapi_msgs/msg/detail
[3.158s] -- Up-to-date: /home/sbel/Desktop/Cobra-Driver/workspace/install/rosapi_msgs/include/rosapi_msgs/msg/detail/type_def__struct.hpp
[3.158s] -- Up-to-date: /home/sbel/Desktop/Cobra-Driver/workspace/install/rosapi_msgs/include/rosapi_msgs/msg/detail/type_def__type_support.hpp
[3.158s] -- Up-to-date: /home/sbel/Desktop/Cobra-Driver/workspace/install/rosapi_msgs/include/rosapi_msgs/msg/detail/type_def__traits.hpp
[3.158s] -- Up-to-date: /home/sbel/Desktop/Cobra-Driver/workspace/install/rosapi_msgs/include/rosapi_msgs/msg/detail/type_def__builder.hpp
[3.158s] -- Up-to-date: /home/sbel/Desktop/Cobra-Driver/workspace/install/rosapi_msgs/include/rosapi_msgs/msg/type_def.hpp
[3.159s] -- Up-to-date: /home/sbel/Desktop/Cobra-Driver/workspace/install/rosapi_msgs/include/rosapi_msgs/msg/rosidl_generator_cpp__visibility_control.hpp
[3.159s] -- Up-to-date: /home/sbel/Desktop/Cobra-Driver/workspace/install/rosapi_msgs/include/rosapi_msgs
[3.159s] -- Up-to-date: /home/sbel/Desktop/Cobra-Driver/workspace/install/rosapi_msgs/include/rosapi_msgs/srv
[3.159s] -- Up-to-date: /home/sbel/Desktop/Cobra-Driver/workspace/install/rosapi_msgs/include/rosapi_msgs/srv/detail
[3.159s] -- Up-to-date: /home/sbel/Desktop/Cobra-Driver/workspace/install/rosapi_msgs/include/rosapi_msgs/srv/detail/services__rosidl_typesupport_introspection_cpp.hpp
[3.159s] -- Up-to-date: /home/sbel/Desktop/Cobra-Driver/workspace/install/rosapi_msgs/include/rosapi_msgs/srv/detail/get_param__rosidl_typesupport_introspection_cpp.hpp
[3.159s] -- Up-to-date: /home/sbel/Desktop/Cobra-Driver/workspace/install/rosapi_msgs/include/rosapi_msgs/srv/detail/has_param__rosidl_typesupport_introspection_cpp.hpp
[3.159s] -- Up-to-date: /home/sbel/Desktop/Cobra-Driver/workspace/install/rosapi_msgs/include/rosapi_msgs/srv/detail/publishers__rosidl_typesupport_introspection_cpp.hpp
[3.159s] -- Up-to-date: /home/sbel/Desktop/Cobra-Driver/workspace/install/rosapi_msgs/include/rosapi_msgs/srv/detail/topics_and_raw_types__type_support.cpp
[3.160s] -- Up-to-date: /home/sbel/Desktop/Cobra-Driver/workspace/install/rosapi_msgs/include/rosapi_msgs/srv/detail/get_ros_version__type_support.cpp
[3.160s] -- Up-to-date: /home/sbel/Desktop/Cobra-Driver/workspace/install/rosapi_msgs/include/rosapi_msgs/srv/detail/topics__type_support.cpp
[3.160s] -- Up-to-date: /home/sbel/Desktop/Cobra-Driver/workspace/install/rosapi_msgs/include/rosapi_msgs/srv/detail/delete_param__rosidl_typesupport_introspection_cpp.hpp
[3.160s] -- Up-to-date: /home/sbel/Desktop/Cobra-Driver/workspace/install/rosapi_msgs/include/rosapi_msgs/srv/detail/services_for_type__type_support.cpp
[3.160s] -- Up-to-date: /home/sbel/Desktop/Cobra-Driver/workspace/install/rosapi_msgs/include/rosapi_msgs/srv/detail/services_for_type__rosidl_typesupport_introspection_cpp.hpp
[3.160s] -- Up-to-date: /home/sbel/Desktop/Cobra-Driver/workspace/install/rosapi_msgs/include/rosapi_msgs/srv/detail/set_param__type_support.cpp
[3.160s] -- Up-to-date: /home/sbel/Desktop/Cobra-Driver/workspace/install/rosapi_msgs/include/rosapi_msgs/srv/detail/topics_and_raw_types__rosidl_typesupport_introspection_cpp.hpp
[3.160s] -- Up-to-date: /home/sbel/Desktop/Cobra-Driver/workspace/install/rosapi_msgs/include/rosapi_msgs/srv/detail/has_param__type_support.cpp
[3.161s] -- Up-to-date: /home/sbel/Desktop/Cobra-Driver/workspace/install/rosapi_msgs/include/rosapi_msgs/srv/detail/service_node__type_support.cpp
[3.161s] -- Up-to-date: /home/sbel/Desktop/Cobra-Driver/workspace/install/rosapi_msgs/include/rosapi_msgs/srv/detail/message_details__rosidl_typesupport_introspection_cpp.hpp
[3.161s] -- Up-to-date: /home/sbel/Desktop/Cobra-Driver/workspace/install/rosapi_msgs/include/rosapi_msgs/srv/detail/subscribers__type_support.cpp
[3.161s] -- Up-to-date: /home/sbel/Desktop/Cobra-Driver/workspace/install/rosapi_msgs/include/rosapi_msgs/srv/detail/service_response_details__type_support.cpp
[3.161s] -- Up-to-date: /home/sbel/Desktop/Cobra-Driver/workspace/install/rosapi_msgs/include/rosapi_msgs/srv/detail/service_type__rosidl_typesupport_introspection_cpp.hpp
[3.161s] -- Up-to-date: /home/sbel/Desktop/Cobra-Driver/workspace/install/rosapi_msgs/include/rosapi_msgs/srv/detail/service_response_details__rosidl_typesupport_introspection_cpp.hpp
[3.161s] -- Up-to-date: /home/sbel/Desktop/Cobra-Driver/workspace/install/rosapi_msgs/include/rosapi_msgs/srv/detail/set_param__rosidl_typesupport_introspection_cpp.hpp
[3.161s] -- Up-to-date: /home/sbel/Desktop/Cobra-Driver/workspace/install/rosapi_msgs/include/rosapi_msgs/srv/detail/get_action_servers__type_support.cpp
[3.162s] -- Up-to-date: /home/sbel/Desktop/Cobra-Driver/workspace/install/rosapi_msgs/include/rosapi_msgs/srv/detail/topics_for_type__type_support.cpp
[3.162s] -- Up-to-date: /home/sbel/Desktop/Cobra-Driver/workspace/install/rosapi_msgs/include/rosapi_msgs/srv/detail/nodes__type_support.cpp
[3.162s] -- Up-to-date: /home/sbel/Desktop/Cobra-Driver/workspace/install/rosapi_msgs/include/rosapi_msgs/srv/detail/get_ros_version__rosidl_typesupport_introspection_cpp.hpp
[3.162s] -- Up-to-date: /home/sbel/Desktop/Cobra-Driver/workspace/install/rosapi_msgs/include/rosapi_msgs/srv/detail/get_action_servers__rosidl_typesupport_introspection_cpp.hpp
[3.162s] -- Up-to-date: /home/sbel/Desktop/Cobra-Driver/workspace/install/rosapi_msgs/include/rosapi_msgs/srv/detail/service_node__rosidl_typesupport_introspection_cpp.hpp
[3.162s] -- Up-to-date: /home/sbel/Desktop/Cobra-Driver/workspace/install/rosapi_msgs/include/rosapi_msgs/srv/detail/service_providers__rosidl_typesupport_introspection_cpp.hpp
[3.162s] -- Up-to-date: /home/sbel/Desktop/Cobra-Driver/workspace/install/rosapi_msgs/include/rosapi_msgs/srv/detail/publishers__type_support.cpp
[3.162s] -- Up-to-date: /home/sbel/Desktop/Cobra-Driver/workspace/install/rosapi_msgs/include/rosapi_msgs/srv/detail/service_request_details__type_support.cpp
[3.163s] -- Up-to-date: /home/sbel/Desktop/Cobra-Driver/workspace/install/rosapi_msgs/include/rosapi_msgs/srv/detail/get_time__rosidl_typesupport_introspection_cpp.hpp
[3.163s] -- Up-to-date: /home/sbel/Desktop/Cobra-Driver/workspace/install/rosapi_msgs/include/rosapi_msgs/srv/detail/service_providers__type_support.cpp
[3.163s] -- Up-to-date: /home/sbel/Desktop/Cobra-Driver/workspace/install/rosapi_msgs/include/rosapi_msgs/srv/detail/get_time__type_support.cpp
[3.163s] -- Up-to-date: /home/sbel/Desktop/Cobra-Driver/workspace/install/rosapi_msgs/include/rosapi_msgs/srv/detail/topic_type__rosidl_typesupport_introspection_cpp.hpp
[3.163s] -- Up-to-date: /home/sbel/Desktop/Cobra-Driver/workspace/install/rosapi_msgs/include/rosapi_msgs/srv/detail/services__type_support.cpp
[3.163s] -- Up-to-date: /home/sbel/Desktop/Cobra-Driver/workspace/install/rosapi_msgs/include/rosapi_msgs/srv/detail/service_request_details__rosidl_typesupport_introspection_cpp.hpp
[3.163s] -- Up-to-date: /home/sbel/Desktop/Cobra-Driver/workspace/install/rosapi_msgs/include/rosapi_msgs/srv/detail/get_param_names__rosidl_typesupport_introspection_cpp.hpp
[3.163s] -- Up-to-date: /home/sbel/Desktop/Cobra-Driver/workspace/install/rosapi_msgs/include/rosapi_msgs/srv/detail/topics_for_type__rosidl_typesupport_introspection_cpp.hpp
[3.164s] -- Up-to-date: /home/sbel/Desktop/Cobra-Driver/workspace/install/rosapi_msgs/include/rosapi_msgs/srv/detail/service_type__type_support.cpp
[3.164s] -- Up-to-date: /home/sbel/Desktop/Cobra-Driver/workspace/install/rosapi_msgs/include/rosapi_msgs/srv/detail/subscribers__rosidl_typesupport_introspection_cpp.hpp
[3.164s] -- Up-to-date: /home/sbel/Desktop/Cobra-Driver/workspace/install/rosapi_msgs/include/rosapi_msgs/srv/detail/topics__rosidl_typesupport_introspection_cpp.hpp
[3.164s] -- Up-to-date: /home/sbel/Desktop/Cobra-Driver/workspace/install/rosapi_msgs/include/rosapi_msgs/srv/detail/get_param__type_support.cpp
[3.164s] -- Up-to-date: /home/sbel/Desktop/Cobra-Driver/workspace/install/rosapi_msgs/include/rosapi_msgs/srv/detail/topic_type__type_support.cpp
[3.164s] -- Up-to-date: /home/sbel/Desktop/Cobra-Driver/workspace/install/rosapi_msgs/include/rosapi_msgs/srv/detail/delete_param__type_support.cpp
[3.164s] -- Up-to-date: /home/sbel/Desktop/Cobra-Driver/workspace/install/rosapi_msgs/include/rosapi_msgs/srv/detail/message_details__type_support.cpp
[3.164s] -- Up-to-date: /home/sbel/Desktop/Cobra-Driver/workspace/install/rosapi_msgs/include/rosapi_msgs/srv/detail/nodes__rosidl_typesupport_introspection_cpp.hpp
[3.165s] -- Up-to-date: /home/sbel/Desktop/Cobra-Driver/workspace/install/rosapi_msgs/include/rosapi_msgs/srv/detail/get_param_names__type_support.cpp
[3.165s] -- Up-to-date: /home/sbel/Desktop/Cobra-Driver/workspace/install/rosapi_msgs/include/rosapi_msgs/srv/detail/node_details__type_support.cpp
[3.165s] -- Up-to-date: /home/sbel/Desktop/Cobra-Driver/workspace/install/rosapi_msgs/include/rosapi_msgs/srv/detail/node_details__rosidl_typesupport_introspection_cpp.hpp
[3.165s] -- Up-to-date: /home/sbel/Desktop/Cobra-Driver/workspace/install/rosapi_msgs/include/rosapi_msgs/msg
[3.165s] -- Up-to-date: /home/sbel/Desktop/Cobra-Driver/workspace/install/rosapi_msgs/include/rosapi_msgs/msg/detail
[3.165s] -- Up-to-date: /home/sbel/Desktop/Cobra-Driver/workspace/install/rosapi_msgs/include/rosapi_msgs/msg/detail/type_def__rosidl_typesupport_introspection_cpp.hpp
[3.165s] -- Up-to-date: /home/sbel/Desktop/Cobra-Driver/workspace/install/rosapi_msgs/include/rosapi_msgs/msg/detail/type_def__type_support.cpp
[3.165s] -- Up-to-date: /home/sbel/Desktop/Cobra-Driver/workspace/install/rosapi_msgs/lib/librosapi_msgs__rosidl_typesupport_introspection_cpp.so
[3.167s] -- Up-to-date: /home/sbel/Desktop/Cobra-Driver/workspace/install/rosapi_msgs/lib/librosapi_msgs__rosidl_typesupport_cpp.so
[3.167s] -- Up-to-date: /home/sbel/Desktop/Cobra-Driver/workspace/install/rosapi_msgs/share/rosapi_msgs/environment/pythonpath.sh
[3.167s] -- Up-to-date: /home/sbel/Desktop/Cobra-Driver/workspace/install/rosapi_msgs/share/rosapi_msgs/environment/pythonpath.dsv
[3.167s] -- Up-to-date: /home/sbel/Desktop/Cobra-Driver/workspace/install/rosapi_msgs/lib/python3.8/site-packages/rosapi_msgs/__init__.py
[3.167s] -- Up-to-date: /home/sbel/Desktop/Cobra-Driver/workspace/install/rosapi_msgs/lib/python3.8/site-packages/rosapi_msgs/msg
[3.167s] -- Up-to-date: /home/sbel/Desktop/Cobra-Driver/workspace/install/rosapi_msgs/lib/python3.8/site-packages/rosapi_msgs/msg/_type_def.py
[3.167s] -- Up-to-date: /home/sbel/Desktop/Cobra-Driver/workspace/install/rosapi_msgs/lib/python3.8/site-packages/rosapi_msgs/msg/__init__.py
[3.168s] -- Up-to-date: /home/sbel/Desktop/Cobra-Driver/workspace/install/rosapi_msgs/lib/python3.8/site-packages/rosapi_msgs/msg/_type_def_s.c
[3.168s] -- Up-to-date: /home/sbel/Desktop/Cobra-Driver/workspace/install/rosapi_msgs/lib/python3.8/site-packages/rosapi_msgs/srv
[3.168s] -- Up-to-date: /home/sbel/Desktop/Cobra-Driver/workspace/install/rosapi_msgs/lib/python3.8/site-packages/rosapi_msgs/srv/_service_type.py
[3.168s] -- Up-to-date: /home/sbel/Desktop/Cobra-Driver/workspace/install/rosapi_msgs/lib/python3.8/site-packages/rosapi_msgs/srv/_has_param.py
[3.168s] -- Up-to-date: /home/sbel/Desktop/Cobra-Driver/workspace/install/rosapi_msgs/lib/python3.8/site-packages/rosapi_msgs/srv/_nodes.py
[3.168s] -- Up-to-date: /home/sbel/Desktop/Cobra-Driver/workspace/install/rosapi_msgs/lib/python3.8/site-packages/rosapi_msgs/srv/_delete_param.py
[3.168s] -- Up-to-date: /home/sbel/Desktop/Cobra-Driver/workspace/install/rosapi_msgs/lib/python3.8/site-packages/rosapi_msgs/srv/_get_param_names_s.c
[3.168s] -- Up-to-date: /home/sbel/Desktop/Cobra-Driver/workspace/install/rosapi_msgs/lib/python3.8/site-packages/rosapi_msgs/srv/_services.py
[3.169s] -- Up-to-date: /home/sbel/Desktop/Cobra-Driver/workspace/install/rosapi_msgs/lib/python3.8/site-packages/rosapi_msgs/srv/_topics_s.c
[3.169s] -- Up-to-date: /home/sbel/Desktop/Cobra-Driver/workspace/install/rosapi_msgs/lib/python3.8/site-packages/rosapi_msgs/srv/_subscribers.py
[3.169s] -- Up-to-date: /home/sbel/Desktop/Cobra-Driver/workspace/install/rosapi_msgs/lib/python3.8/site-packages/rosapi_msgs/srv/_get_ros_version.py
[3.169s] -- Up-to-date: /home/sbel/Desktop/Cobra-Driver/workspace/install/rosapi_msgs/lib/python3.8/site-packages/rosapi_msgs/srv/_message_details.py
[3.169s] -- Up-to-date: /home/sbel/Desktop/Cobra-Driver/workspace/install/rosapi_msgs/lib/python3.8/site-packages/rosapi_msgs/srv/_topic_type_s.c
[3.170s] -- Up-to-date: /home/sbel/Desktop/Cobra-Driver/workspace/install/rosapi_msgs/lib/python3.8/site-packages/rosapi_msgs/srv/_service_node_s.c
[3.171s] -- Up-to-date: /home/sbel/Desktop/Cobra-Driver/workspace/install/rosapi_msgs/lib/python3.8/site-packages/rosapi_msgs/srv/_publishers_s.c
[3.178s] -- Up-to-date: /home/sbel/Desktop/Cobra-Driver/workspace/install/rosapi_msgs/lib/python3.8/site-packages/rosapi_msgs/srv/_node_details.py
[3.179s] -- Up-to-date: /home/sbel/Desktop/Cobra-Driver/workspace/install/rosapi_msgs/lib/python3.8/site-packages/rosapi_msgs/srv/_topics.py
[3.179s] -- Up-to-date: /home/sbel/Desktop/Cobra-Driver/workspace/install/rosapi_msgs/lib/python3.8/site-packages/rosapi_msgs/srv/_get_time_s.c
[3.179s] -- Up-to-date: /home/sbel/Desktop/Cobra-Driver/workspace/install/rosapi_msgs/lib/python3.8/site-packages/rosapi_msgs/srv/_topics_and_raw_types_s.c
[3.179s] -- Up-to-date: /home/sbel/Desktop/Cobra-Driver/workspace/install/rosapi_msgs/lib/python3.8/site-packages/rosapi_msgs/srv/_service_response_details_s.c
[3.180s] -- Up-to-date: /home/sbel/Desktop/Cobra-Driver/workspace/install/rosapi_msgs/lib/python3.8/site-packages/rosapi_msgs/srv/_subscribers_s.c
[3.180s] -- Up-to-date: /home/sbel/Desktop/Cobra-Driver/workspace/install/rosapi_msgs/lib/python3.8/site-packages/rosapi_msgs/srv/_service_request_details.py
[3.180s] -- Up-to-date: /home/sbel/Desktop/Cobra-Driver/workspace/install/rosapi_msgs/lib/python3.8/site-packages/rosapi_msgs/srv/_services_for_type_s.c
[3.180s] -- Up-to-date: /home/sbel/Desktop/Cobra-Driver/workspace/install/rosapi_msgs/lib/python3.8/site-packages/rosapi_msgs/srv/__init__.py
[3.181s] -- Up-to-date: /home/sbel/Desktop/Cobra-Driver/workspace/install/rosapi_msgs/lib/python3.8/site-packages/rosapi_msgs/srv/_has_param_s.c
[3.181s] -- Up-to-date: /home/sbel/Desktop/Cobra-Driver/workspace/install/rosapi_msgs/lib/python3.8/site-packages/rosapi_msgs/srv/_get_action_servers.py
[3.181s] -- Up-to-date: /home/sbel/Desktop/Cobra-Driver/workspace/install/rosapi_msgs/lib/python3.8/site-packages/rosapi_msgs/srv/_topic_type.py
[3.181s] -- Up-to-date: /home/sbel/Desktop/Cobra-Driver/workspace/install/rosapi_msgs/lib/python3.8/site-packages/rosapi_msgs/srv/_service_node.py
[3.189s] -- Up-to-date: /home/sbel/Desktop/Cobra-Driver/workspace/install/rosapi_msgs/lib/python3.8/site-packages/rosapi_msgs/srv/_topics_for_type_s.c
[3.189s] -- Up-to-date: /home/sbel/Desktop/Cobra-Driver/workspace/install/rosapi_msgs/lib/python3.8/site-packages/rosapi_msgs/srv/_set_param.py
[3.189s] -- Up-to-date: /home/sbel/Desktop/Cobra-Driver/workspace/install/rosapi_msgs/lib/python3.8/site-packages/rosapi_msgs/srv/_get_param_names.py
[3.190s] -- Up-to-date: /home/sbel/Desktop/Cobra-Driver/workspace/install/rosapi_msgs/lib/python3.8/site-packages/rosapi_msgs/srv/_topics_and_raw_types.py
[3.190s] -- Up-to-date: /home/sbel/Desktop/Cobra-Driver/workspace/install/rosapi_msgs/lib/python3.8/site-packages/rosapi_msgs/srv/_service_request_details_s.c
[3.190s] -- Up-to-date: /home/sbel/Desktop/Cobra-Driver/workspace/install/rosapi_msgs/lib/python3.8/site-packages/rosapi_msgs/srv/_nodes_s.c
[3.190s] -- Up-to-date: /home/sbel/Desktop/Cobra-Driver/workspace/install/rosapi_msgs/lib/python3.8/site-packages/rosapi_msgs/srv/_get_param_s.c
[3.190s] -- Up-to-date: /home/sbel/Desktop/Cobra-Driver/workspace/install/rosapi_msgs/lib/python3.8/site-packages/rosapi_msgs/srv/_topics_for_type.py
[3.191s] -- Up-to-date: /home/sbel/Desktop/Cobra-Driver/workspace/install/rosapi_msgs/lib/python3.8/site-packages/rosapi_msgs/srv/_service_providers.py
[3.191s] -- Up-to-date: /home/sbel/Desktop/Cobra-Driver/workspace/install/rosapi_msgs/lib/python3.8/site-packages/rosapi_msgs/srv/_get_action_servers_s.c
[3.191s] -- Up-to-date: /home/sbel/Desktop/Cobra-Driver/workspace/install/rosapi_msgs/lib/python3.8/site-packages/rosapi_msgs/srv/_services_for_type.py
[3.192s] -- Up-to-date: /home/sbel/Desktop/Cobra-Driver/workspace/install/rosapi_msgs/lib/python3.8/site-packages/rosapi_msgs/srv/_get_time.py
[3.192s] -- Up-to-date: /home/sbel/Desktop/Cobra-Driver/workspace/install/rosapi_msgs/lib/python3.8/site-packages/rosapi_msgs/srv/_delete_param_s.c
[3.192s] -- Up-to-date: /home/sbel/Desktop/Cobra-Driver/workspace/install/rosapi_msgs/lib/python3.8/site-packages/rosapi_msgs/srv/_node_details_s.c
[3.192s] -- Up-to-date: /home/sbel/Desktop/Cobra-Driver/workspace/install/rosapi_msgs/lib/python3.8/site-packages/rosapi_msgs/srv/_get_param.py
[3.193s] -- Up-to-date: /home/sbel/Desktop/Cobra-Driver/workspace/install/rosapi_msgs/lib/python3.8/site-packages/rosapi_msgs/srv/_get_ros_version_s.c
[3.193s] -- Up-to-date: /home/sbel/Desktop/Cobra-Driver/workspace/install/rosapi_msgs/lib/python3.8/site-packages/rosapi_msgs/srv/_publishers.py
[3.193s] -- Up-to-date: /home/sbel/Desktop/Cobra-Driver/workspace/install/rosapi_msgs/lib/python3.8/site-packages/rosapi_msgs/srv/_message_details_s.c
[3.193s] -- Up-to-date: /home/sbel/Desktop/Cobra-Driver/workspace/install/rosapi_msgs/lib/python3.8/site-packages/rosapi_msgs/srv/_service_type_s.c
[3.193s] -- Up-to-date: /home/sbel/Desktop/Cobra-Driver/workspace/install/rosapi_msgs/lib/python3.8/site-packages/rosapi_msgs/srv/_set_param_s.c
[3.193s] -- Up-to-date: /home/sbel/Desktop/Cobra-Driver/workspace/install/rosapi_msgs/lib/python3.8/site-packages/rosapi_msgs/srv/_services_s.c
[3.193s] -- Up-to-date: /home/sbel/Desktop/Cobra-Driver/workspace/install/rosapi_msgs/lib/python3.8/site-packages/rosapi_msgs/srv/_service_response_details.py
[3.194s] -- Up-to-date: /home/sbel/Desktop/Cobra-Driver/workspace/install/rosapi_msgs/lib/python3.8/site-packages/rosapi_msgs/srv/_service_providers_s.c
[3.194s] -- Up-to-date: /home/sbel/Desktop/Cobra-Driver/workspace/install/rosapi_msgs/lib/python3.8/site-packages/rosapi_msgs/rosapi_msgs_s__rosidl_typesupport_fastrtps_c.cpython-38-aarch64-linux-gnu.so
[3.194s] -- Up-to-date: /home/sbel/Desktop/Cobra-Driver/workspace/install/rosapi_msgs/lib/python3.8/site-packages/rosapi_msgs/rosapi_msgs_s__rosidl_typesupport_introspection_c.cpython-38-aarch64-linux-gnu.so
[3.194s] -- Up-to-date: /home/sbel/Desktop/Cobra-Driver/workspace/install/rosapi_msgs/lib/python3.8/site-packages/rosapi_msgs/rosapi_msgs_s__rosidl_typesupport_c.cpython-38-aarch64-linux-gnu.so
[3.194s] -- Up-to-date: /home/sbel/Desktop/Cobra-Driver/workspace/install/rosapi_msgs/lib/librosapi_msgs__python.so
[3.194s] -- Up-to-date: /home/sbel/Desktop/Cobra-Driver/workspace/install/rosapi_msgs/share/rosapi_msgs/msg/TypeDef.idl
[3.194s] -- Up-to-date: /home/sbel/Desktop/Cobra-Driver/workspace/install/rosapi_msgs/share/rosapi_msgs/srv/DeleteParam.idl
[3.194s] -- Up-to-date: /home/sbel/Desktop/Cobra-Driver/workspace/install/rosapi_msgs/share/rosapi_msgs/srv/GetActionServers.idl
[3.195s] -- Up-to-date: /home/sbel/Desktop/Cobra-Driver/workspace/install/rosapi_msgs/share/rosapi_msgs/srv/GetParam.idl
[3.195s] -- Up-to-date: /home/sbel/Desktop/Cobra-Driver/workspace/install/rosapi_msgs/share/rosapi_msgs/srv/GetParamNames.idl
[3.195s] -- Up-to-date: /home/sbel/Desktop/Cobra-Driver/workspace/install/rosapi_msgs/share/rosapi_msgs/srv/GetROSVersion.idl
[3.195s] -- Up-to-date: /home/sbel/Desktop/Cobra-Driver/workspace/install/rosapi_msgs/share/rosapi_msgs/srv/GetTime.idl
[3.195s] -- Up-to-date: /home/sbel/Desktop/Cobra-Driver/workspace/install/rosapi_msgs/share/rosapi_msgs/srv/HasParam.idl
[3.195s] -- Up-to-date: /home/sbel/Desktop/Cobra-Driver/workspace/install/rosapi_msgs/share/rosapi_msgs/srv/MessageDetails.idl
[3.195s] -- Up-to-date: /home/sbel/Desktop/Cobra-Driver/workspace/install/rosapi_msgs/share/rosapi_msgs/srv/Nodes.idl
[3.195s] -- Up-to-date: /home/sbel/Desktop/Cobra-Driver/workspace/install/rosapi_msgs/share/rosapi_msgs/srv/NodeDetails.idl
[3.196s] -- Up-to-date: /home/sbel/Desktop/Cobra-Driver/workspace/install/rosapi_msgs/share/rosapi_msgs/srv/Publishers.idl
[3.196s] -- Up-to-date: /home/sbel/Desktop/Cobra-Driver/workspace/install/rosapi_msgs/share/rosapi_msgs/srv/ServiceNode.idl
[3.196s] -- Up-to-date: /home/sbel/Desktop/Cobra-Driver/workspace/install/rosapi_msgs/share/rosapi_msgs/srv/ServiceProviders.idl
[3.196s] -- Up-to-date: /home/sbel/Desktop/Cobra-Driver/workspace/install/rosapi_msgs/share/rosapi_msgs/srv/ServiceRequestDetails.idl
[3.196s] -- Up-to-date: /home/sbel/Desktop/Cobra-Driver/workspace/install/rosapi_msgs/share/rosapi_msgs/srv/ServiceResponseDetails.idl
[3.196s] -- Up-to-date: /home/sbel/Desktop/Cobra-Driver/workspace/install/rosapi_msgs/share/rosapi_msgs/srv/Services.idl
[3.196s] -- Up-to-date: /home/sbel/Desktop/Cobra-Driver/workspace/install/rosapi_msgs/share/rosapi_msgs/srv/ServicesForType.idl
[3.197s] -- Up-to-date: /home/sbel/Desktop/Cobra-Driver/workspace/install/rosapi_msgs/share/rosapi_msgs/srv/ServiceType.idl
[3.197s] -- Up-to-date: /home/sbel/Desktop/Cobra-Driver/workspace/install/rosapi_msgs/share/rosapi_msgs/srv/SetParam.idl
[3.197s] -- Up-to-date: /home/sbel/Desktop/Cobra-Driver/workspace/install/rosapi_msgs/share/rosapi_msgs/srv/Subscribers.idl
[3.197s] -- Up-to-date: /home/sbel/Desktop/Cobra-Driver/workspace/install/rosapi_msgs/share/rosapi_msgs/srv/Topics.idl
[3.197s] -- Up-to-date: /home/sbel/Desktop/Cobra-Driver/workspace/install/rosapi_msgs/share/rosapi_msgs/srv/TopicsAndRawTypes.idl
[3.197s] -- Up-to-date: /home/sbel/Desktop/Cobra-Driver/workspace/install/rosapi_msgs/share/rosapi_msgs/srv/TopicsForType.idl
[3.197s] -- Up-to-date: /home/sbel/Desktop/Cobra-Driver/workspace/install/rosapi_msgs/share/rosapi_msgs/srv/TopicType.idl
[3.198s] -- Up-to-date: /home/sbel/Desktop/Cobra-Driver/workspace/install/rosapi_msgs/share/rosapi_msgs/msg/TypeDef.msg
[3.198s] -- Up-to-date: /home/sbel/Desktop/Cobra-Driver/workspace/install/rosapi_msgs/share/rosapi_msgs/srv/DeleteParam.srv
[3.198s] -- Up-to-date: /home/sbel/Desktop/Cobra-Driver/workspace/install/rosapi_msgs/share/rosapi_msgs/srv/DeleteParam_Request.msg
[3.198s] -- Up-to-date: /home/sbel/Desktop/Cobra-Driver/workspace/install/rosapi_msgs/share/rosapi_msgs/srv/DeleteParam_Response.msg
[3.199s] -- Up-to-date: /home/sbel/Desktop/Cobra-Driver/workspace/install/rosapi_msgs/share/rosapi_msgs/srv/GetActionServers.srv
[3.199s] -- Up-to-date: /home/sbel/Desktop/Cobra-Driver/workspace/install/rosapi_msgs/share/rosapi_msgs/srv/GetActionServers_Request.msg
[3.199s] -- Up-to-date: /home/sbel/Desktop/Cobra-Driver/workspace/install/rosapi_msgs/share/rosapi_msgs/srv/GetActionServers_Response.msg
[3.200s] -- Up-to-date: /home/sbel/Desktop/Cobra-Driver/workspace/install/rosapi_msgs/share/rosapi_msgs/srv/GetParam.srv
[3.200s] -- Up-to-date: /home/sbel/Desktop/Cobra-Driver/workspace/install/rosapi_msgs/share/rosapi_msgs/srv/GetParam_Request.msg
[3.200s] -- Up-to-date: /home/sbel/Desktop/Cobra-Driver/workspace/install/rosapi_msgs/share/rosapi_msgs/srv/GetParam_Response.msg
[3.200s] -- Up-to-date: /home/sbel/Desktop/Cobra-Driver/workspace/install/rosapi_msgs/share/rosapi_msgs/srv/GetParamNames.srv
[3.200s] -- Up-to-date: /home/sbel/Desktop/Cobra-Driver/workspace/install/rosapi_msgs/share/rosapi_msgs/srv/GetParamNames_Request.msg
[3.200s] -- Up-to-date: /home/sbel/Desktop/Cobra-Driver/workspace/install/rosapi_msgs/share/rosapi_msgs/srv/GetParamNames_Response.msg
[3.200s] -- Up-to-date: /home/sbel/Desktop/Cobra-Driver/workspace/install/rosapi_msgs/share/rosapi_msgs/srv/GetROSVersion.srv
[3.200s] -- Up-to-date: /home/sbel/Desktop/Cobra-Driver/workspace/install/rosapi_msgs/share/rosapi_msgs/srv/GetROSVersion_Request.msg
[3.201s] -- Up-to-date: /home/sbel/Desktop/Cobra-Driver/workspace/install/rosapi_msgs/share/rosapi_msgs/srv/GetROSVersion_Response.msg
[3.201s] -- Up-to-date: /home/sbel/Desktop/Cobra-Driver/workspace/install/rosapi_msgs/share/rosapi_msgs/srv/GetTime.srv
[3.201s] -- Up-to-date: /home/sbel/Desktop/Cobra-Driver/workspace/install/rosapi_msgs/share/rosapi_msgs/srv/GetTime_Request.msg
[3.201s] -- Up-to-date: /home/sbel/Desktop/Cobra-Driver/workspace/install/rosapi_msgs/share/rosapi_msgs/srv/GetTime_Response.msg
[3.201s] -- Up-to-date: /home/sbel/Desktop/Cobra-Driver/workspace/install/rosapi_msgs/share/rosapi_msgs/srv/HasParam.srv
[3.201s] -- Up-to-date: /home/sbel/Desktop/Cobra-Driver/workspace/install/rosapi_msgs/share/rosapi_msgs/srv/HasParam_Request.msg
[3.201s] -- Up-to-date: /home/sbel/Desktop/Cobra-Driver/workspace/install/rosapi_msgs/share/rosapi_msgs/srv/HasParam_Response.msg
[3.201s] -- Up-to-date: /home/sbel/Desktop/Cobra-Driver/workspace/install/rosapi_msgs/share/rosapi_msgs/srv/MessageDetails.srv
[3.202s] -- Up-to-date: /home/sbel/Desktop/Cobra-Driver/workspace/install/rosapi_msgs/share/rosapi_msgs/srv/MessageDetails_Request.msg
[3.202s] -- Up-to-date: /home/sbel/Desktop/Cobra-Driver/workspace/install/rosapi_msgs/share/rosapi_msgs/srv/MessageDetails_Response.msg
[3.202s] -- Up-to-date: /home/sbel/Desktop/Cobra-Driver/workspace/install/rosapi_msgs/share/rosapi_msgs/srv/Nodes.srv
[3.202s] -- Up-to-date: /home/sbel/Desktop/Cobra-Driver/workspace/install/rosapi_msgs/share/rosapi_msgs/srv/Nodes_Request.msg
[3.202s] -- Up-to-date: /home/sbel/Desktop/Cobra-Driver/workspace/install/rosapi_msgs/share/rosapi_msgs/srv/Nodes_Response.msg
[3.202s] -- Up-to-date: /home/sbel/Desktop/Cobra-Driver/workspace/install/rosapi_msgs/share/rosapi_msgs/srv/NodeDetails.srv
[3.202s] -- Up-to-date: /home/sbel/Desktop/Cobra-Driver/workspace/install/rosapi_msgs/share/rosapi_msgs/srv/NodeDetails_Request.msg
[3.202s] -- Up-to-date: /home/sbel/Desktop/Cobra-Driver/workspace/install/rosapi_msgs/share/rosapi_msgs/srv/NodeDetails_Response.msg
[3.202s] -- Up-to-date: /home/sbel/Desktop/Cobra-Driver/workspace/install/rosapi_msgs/share/rosapi_msgs/srv/Publishers.srv
[3.203s] -- Up-to-date: /home/sbel/Desktop/Cobra-Driver/workspace/install/rosapi_msgs/share/rosapi_msgs/srv/Publishers_Request.msg
[3.203s] -- Up-to-date: /home/sbel/Desktop/Cobra-Driver/workspace/install/rosapi_msgs/share/rosapi_msgs/srv/Publishers_Response.msg
[3.203s] -- Up-to-date: /home/sbel/Desktop/Cobra-Driver/workspace/install/rosapi_msgs/share/rosapi_msgs/srv/ServiceNode.srv
[3.203s] -- Up-to-date: /home/sbel/Desktop/Cobra-Driver/workspace/install/rosapi_msgs/share/rosapi_msgs/srv/ServiceNode_Request.msg
[3.203s] -- Up-to-date: /home/sbel/Desktop/Cobra-Driver/workspace/install/rosapi_msgs/share/rosapi_msgs/srv/ServiceNode_Response.msg
[3.203s] -- Up-to-date: /home/sbel/Desktop/Cobra-Driver/workspace/install/rosapi_msgs/share/rosapi_msgs/srv/ServiceProviders.srv
[3.203s] -- Up-to-date: /home/sbel/Desktop/Cobra-Driver/workspace/install/rosapi_msgs/share/rosapi_msgs/srv/ServiceProviders_Request.msg
[3.203s] -- Up-to-date: /home/sbel/Desktop/Cobra-Driver/workspace/install/rosapi_msgs/share/rosapi_msgs/srv/ServiceProviders_Response.msg
[3.204s] -- Up-to-date: /home/sbel/Desktop/Cobra-Driver/workspace/install/rosapi_msgs/share/rosapi_msgs/srv/ServiceRequestDetails.srv
[3.204s] -- Up-to-date: /home/sbel/Desktop/Cobra-Driver/workspace/install/rosapi_msgs/share/rosapi_msgs/srv/ServiceRequestDetails_Request.msg
[3.204s] -- Up-to-date: /home/sbel/Desktop/Cobra-Driver/workspace/install/rosapi_msgs/share/rosapi_msgs/srv/ServiceRequestDetails_Response.msg
[3.204s] -- Up-to-date: /home/sbel/Desktop/Cobra-Driver/workspace/install/rosapi_msgs/share/rosapi_msgs/srv/ServiceResponseDetails.srv
[3.204s] -- Up-to-date: /home/sbel/Desktop/Cobra-Driver/workspace/install/rosapi_msgs/share/rosapi_msgs/srv/ServiceResponseDetails_Request.msg
[3.204s] -- Up-to-date: /home/sbel/Desktop/Cobra-Driver/workspace/install/rosapi_msgs/share/rosapi_msgs/srv/ServiceResponseDetails_Response.msg
[3.205s] -- Up-to-date: /home/sbel/Desktop/Cobra-Driver/workspace/install/rosapi_msgs/share/rosapi_msgs/srv/Services.srv
[3.205s] -- Up-to-date: /home/sbel/Desktop/Cobra-Driver/workspace/install/rosapi_msgs/share/rosapi_msgs/srv/Services_Request.msg
[3.205s] -- Up-to-date: /home/sbel/Desktop/Cobra-Driver/workspace/install/rosapi_msgs/share/rosapi_msgs/srv/Services_Response.msg
[3.205s] -- Up-to-date: /home/sbel/Desktop/Cobra-Driver/workspace/install/rosapi_msgs/share/rosapi_msgs/srv/ServicesForType.srv
[3.205s] -- Up-to-date: /home/sbel/Desktop/Cobra-Driver/workspace/install/rosapi_msgs/share/rosapi_msgs/srv/ServicesForType_Request.msg
[3.205s] -- Up-to-date: /home/sbel/Desktop/Cobra-Driver/workspace/install/rosapi_msgs/share/rosapi_msgs/srv/ServicesForType_Response.msg
[3.205s] -- Up-to-date: /home/sbel/Desktop/Cobra-Driver/workspace/install/rosapi_msgs/share/rosapi_msgs/srv/ServiceType.srv
[3.205s] -- Up-to-date: /home/sbel/Desktop/Cobra-Driver/workspace/install/rosapi_msgs/share/rosapi_msgs/srv/ServiceType_Request.msg
[3.206s] -- Up-to-date: /home/sbel/Desktop/Cobra-Driver/workspace/install/rosapi_msgs/share/rosapi_msgs/srv/ServiceType_Response.msg
[3.206s] -- Up-to-date: /home/sbel/Desktop/Cobra-Driver/workspace/install/rosapi_msgs/share/rosapi_msgs/srv/SetParam.srv
[3.206s] -- Up-to-date: /home/sbel/Desktop/Cobra-Driver/workspace/install/rosapi_msgs/share/rosapi_msgs/srv/SetParam_Request.msg
[3.207s] -- Up-to-date: /home/sbel/Desktop/Cobra-Driver/workspace/install/rosapi_msgs/share/rosapi_msgs/srv/SetParam_Response.msg
[3.208s] -- Up-to-date: /home/sbel/Desktop/Cobra-Driver/workspace/install/rosapi_msgs/share/rosapi_msgs/srv/Subscribers.srv
[3.209s] -- Up-to-date: /home/sbel/Desktop/Cobra-Driver/workspace/install/rosapi_msgs/share/rosapi_msgs/srv/Subscribers_Request.msg
[3.210s] -- Up-to-date: /home/sbel/Desktop/Cobra-Driver/workspace/install/rosapi_msgs/share/rosapi_msgs/srv/Subscribers_Response.msg
[3.210s] -- Up-to-date: /home/sbel/Desktop/Cobra-Driver/workspace/install/rosapi_msgs/share/rosapi_msgs/srv/Topics.srv
[3.210s] -- Up-to-date: /home/sbel/Desktop/Cobra-Driver/workspace/install/rosapi_msgs/share/rosapi_msgs/srv/Topics_Request.msg
[3.210s] -- Up-to-date: /home/sbel/Desktop/Cobra-Driver/workspace/install/rosapi_msgs/share/rosapi_msgs/srv/Topics_Response.msg
[3.210s] -- Up-to-date: /home/sbel/Desktop/Cobra-Driver/workspace/install/rosapi_msgs/share/rosapi_msgs/srv/TopicsAndRawTypes.srv
[3.210s] -- Up-to-date: /home/sbel/Desktop/Cobra-Driver/workspace/install/rosapi_msgs/share/rosapi_msgs/srv/TopicsAndRawTypes_Request.msg
[3.211s] -- Up-to-date: /home/sbel/Desktop/Cobra-Driver/workspace/install/rosapi_msgs/share/rosapi_msgs/srv/TopicsAndRawTypes_Response.msg
[3.211s] -- Up-to-date: /home/sbel/Desktop/Cobra-Driver/workspace/install/rosapi_msgs/share/rosapi_msgs/srv/TopicsForType.srv
[3.211s] -- Up-to-date: /home/sbel/Desktop/Cobra-Driver/workspace/install/rosapi_msgs/share/rosapi_msgs/srv/TopicsForType_Request.msg
[3.211s] -- Up-to-date: /home/sbel/Desktop/Cobra-Driver/workspace/install/rosapi_msgs/share/rosapi_msgs/srv/TopicsForType_Response.msg
[3.211s] -- Up-to-date: /home/sbel/Desktop/Cobra-Driver/workspace/install/rosapi_msgs/share/rosapi_msgs/srv/TopicType.srv
[3.211s] -- Up-to-date: /home/sbel/Desktop/Cobra-Driver/workspace/install/rosapi_msgs/share/rosapi_msgs/srv/TopicType_Request.msg
[3.211s] -- Up-to-date: /home/sbel/Desktop/Cobra-Driver/workspace/install/rosapi_msgs/share/rosapi_msgs/srv/TopicType_Response.msg
[3.212s] -- Up-to-date: /home/sbel/Desktop/Cobra-Driver/workspace/install/rosapi_msgs/share/ament_index/resource_index/package_run_dependencies/rosapi_msgs
[3.212s] -- Up-to-date: /home/sbel/Desktop/Cobra-Driver/workspace/install/rosapi_msgs/share/ament_index/resource_index/parent_prefix_path/rosapi_msgs
[3.212s] -- Up-to-date: /home/sbel/Desktop/Cobra-Driver/workspace/install/rosapi_msgs/share/rosapi_msgs/environment/ament_prefix_path.sh
[3.212s] -- Up-to-date: /home/sbel/Desktop/Cobra-Driver/workspace/install/rosapi_msgs/share/rosapi_msgs/environment/ament_prefix_path.dsv
[3.212s] -- Up-to-date: /home/sbel/Desktop/Cobra-Driver/workspace/install/rosapi_msgs/share/rosapi_msgs/environment/path.sh
[3.212s] -- Up-to-date: /home/sbel/Desktop/Cobra-Driver/workspace/install/rosapi_msgs/share/rosapi_msgs/environment/path.dsv
[3.212s] -- Up-to-date: /home/sbel/Desktop/Cobra-Driver/workspace/install/rosapi_msgs/share/rosapi_msgs/local_setup.bash
[3.213s] -- Up-to-date: /home/sbel/Desktop/Cobra-Driver/workspace/install/rosapi_msgs/share/rosapi_msgs/local_setup.sh
[3.213s] -- Up-to-date: /home/sbel/Desktop/Cobra-Driver/workspace/install/rosapi_msgs/share/rosapi_msgs/local_setup.zsh
[3.213s] -- Up-to-date: /home/sbel/Desktop/Cobra-Driver/workspace/install/rosapi_msgs/share/rosapi_msgs/local_setup.dsv
[3.213s] -- Installing: /home/sbel/Desktop/Cobra-Driver/workspace/install/rosapi_msgs/share/rosapi_msgs/package.dsv
[3.213s] -- Up-to-date: /home/sbel/Desktop/Cobra-Driver/workspace/install/rosapi_msgs/share/ament_index/resource_index/packages/rosapi_msgs
[3.213s] -- Up-to-date: /home/sbel/Desktop/Cobra-Driver/workspace/install/rosapi_msgs/share/rosapi_msgs/cmake/rosapi_msgs__rosidl_generator_cExport.cmake
[3.213s] -- Up-to-date: /home/sbel/Desktop/Cobra-Driver/workspace/install/rosapi_msgs/share/rosapi_msgs/cmake/rosapi_msgs__rosidl_generator_cExport-noconfig.cmake
[3.214s] -- Up-to-date: /home/sbel/Desktop/Cobra-Driver/workspace/install/rosapi_msgs/share/rosapi_msgs/cmake/rosapi_msgs__rosidl_typesupport_introspection_cExport.cmake
[3.214s] -- Up-to-date: /home/sbel/Desktop/Cobra-Driver/workspace/install/rosapi_msgs/share/rosapi_msgs/cmake/rosapi_msgs__rosidl_typesupport_introspection_cExport-noconfig.cmake
[3.214s] -- Up-to-date: /home/sbel/Desktop/Cobra-Driver/workspace/install/rosapi_msgs/share/rosapi_msgs/cmake/rosapi_msgs__rosidl_typesupport_cExport.cmake
[3.214s] -- Up-to-date: /home/sbel/Desktop/Cobra-Driver/workspace/install/rosapi_msgs/share/rosapi_msgs/cmake/rosapi_msgs__rosidl_typesupport_cExport-noconfig.cmake
[3.214s] -- Up-to-date: /home/sbel/Desktop/Cobra-Driver/workspace/install/rosapi_msgs/share/rosapi_msgs/cmake/rosapi_msgs__rosidl_generator_cppExport.cmake
[3.214s] -- Up-to-date: /home/sbel/Desktop/Cobra-Driver/workspace/install/rosapi_msgs/share/rosapi_msgs/cmake/rosapi_msgs__rosidl_typesupport_introspection_cppExport.cmake
[3.214s] -- Up-to-date: /home/sbel/Desktop/Cobra-Driver/workspace/install/rosapi_msgs/share/rosapi_msgs/cmake/rosapi_msgs__rosidl_typesupport_introspection_cppExport-noconfig.cmake
[3.214s] -- Up-to-date: /home/sbel/Desktop/Cobra-Driver/workspace/install/rosapi_msgs/share/rosapi_msgs/cmake/rosapi_msgs__rosidl_typesupport_cppExport.cmake
[3.214s] -- Up-to-date: /home/sbel/Desktop/Cobra-Driver/workspace/install/rosapi_msgs/share/rosapi_msgs/cmake/rosapi_msgs__rosidl_typesupport_cppExport-noconfig.cmake
[3.215s] -- Up-to-date: /home/sbel/Desktop/Cobra-Driver/workspace/install/rosapi_msgs/share/rosapi_msgs/cmake/rosidl_cmake-extras.cmake
[3.215s] -- Up-to-date: /home/sbel/Desktop/Cobra-Driver/workspace/install/rosapi_msgs/share/rosapi_msgs/cmake/ament_cmake_export_dependencies-extras.cmake
[3.215s] -- Up-to-date: /home/sbel/Desktop/Cobra-Driver/workspace/install/rosapi_msgs/share/rosapi_msgs/cmake/ament_cmake_export_libraries-extras.cmake
[3.215s] -- Up-to-date: /home/sbel/Desktop/Cobra-Driver/workspace/install/rosapi_msgs/share/rosapi_msgs/cmake/ament_cmake_export_targets-extras.cmake
[3.215s] -- Up-to-date: /home/sbel/Desktop/Cobra-Driver/workspace/install/rosapi_msgs/share/rosapi_msgs/cmake/ament_cmake_export_include_directories-extras.cmake
[3.215s] -- Up-to-date: /home/sbel/Desktop/Cobra-Driver/workspace/install/rosapi_msgs/share/rosapi_msgs/cmake/rosidl_cmake_export_typesupport_libraries-extras.cmake
[3.215s] -- Up-to-date: /home/sbel/Desktop/Cobra-Driver/workspace/install/rosapi_msgs/share/rosapi_msgs/cmake/rosidl_cmake_export_typesupport_targets-extras.cmake
[3.216s] -- Up-to-date: /home/sbel/Desktop/Cobra-Driver/workspace/install/rosapi_msgs/share/rosapi_msgs/cmake/rosapi_msgsConfig.cmake
[3.216s] -- Up-to-date: /home/sbel/Desktop/Cobra-Driver/workspace/install/rosapi_msgs/share/rosapi_msgs/cmake/rosapi_msgsConfig-version.cmake
[3.216s] -- Up-to-date: /home/sbel/Desktop/Cobra-Driver/workspace/install/rosapi_msgs/share/rosapi_msgs/package.xml
[3.217s] Invoked command in '/home/sbel/Desktop/Cobra-Driver/workspace/build/rosapi_msgs' returned '0': CMAKE_PREFIX_PATH=${CMAKE_PREFIX_PATH}:/home/sbel/Desktop/Cobra-Driver/workspace/install/yolov5_ros2:/home/sbel/Desktop/Cobra-Driver/workspace/install/udp_to_ros:/home/sbel/Desktop/Cobra-Driver/workspace/install/common:/opt/ros/foxy /usr/bin/cmake --install /home/sbel/Desktop/Cobra-Driver/workspace/build/rosapi_msgs
