[3.438s] Invoking command in '/home/jason/Desktop/STUDY/Cobra-Driver/workspace/src/tcp_cam_sender': PYTHONPATH=/home/jason/Desktop/STUDY/Cobra-Driver/workspace/build/tcp_cam_sender/prefix_override:/home/jason/Desktop/STUDY/Cobra-Driver/workspace/install/tcp_cam_sender/lib/python3.10/site-packages:${PYTHONPATH} /usr/bin/python3 setup.py egg_info --egg-base ../../build/tcp_cam_sender build --build-base /home/jason/Desktop/STUDY/Cobra-Driver/workspace/build/tcp_cam_sender/build install --record /home/jason/Desktop/STUDY/Cobra-Driver/workspace/build/tcp_cam_sender/install.log --single-version-externally-managed
[3.800s] running egg_info
[3.800s] writing ../../build/tcp_cam_sender/tcp_cam_sender.egg-info/PKG-INFO
[3.800s] writing dependency_links to ../../build/tcp_cam_sender/tcp_cam_sender.egg-info/dependency_links.txt
[3.800s] writing entry points to ../../build/tcp_cam_sender/tcp_cam_sender.egg-info/entry_points.txt
[3.801s] writing requirements to ../../build/tcp_cam_sender/tcp_cam_sender.egg-info/requires.txt
[3.801s] writing top-level names to ../../build/tcp_cam_sender/tcp_cam_sender.egg-info/top_level.txt
[3.917s] reading manifest file '../../build/tcp_cam_sender/tcp_cam_sender.egg-info/SOURCES.txt'
[3.921s] writing manifest file '../../build/tcp_cam_sender/tcp_cam_sender.egg-info/SOURCES.txt'
[3.922s] running build
[3.922s] running build_py
[3.922s] running install
[3.922s] /home/jason/.local/lib/python3.10/site-packages/setuptools/_distutils/cmd.py:66: SetuptoolsDeprecationWarning: setup.py install is deprecated.
[3.923s] !!
[3.923s] 
[3.923s]         ********************************************************************************
[3.923s]         Please avoid running ``setup.py`` directly.
[3.923s]         Instead, use pypa/build, pypa/installer or other
[3.923s]         standards-based tools.
[3.924s] 
[3.924s]         See https://blog.ganssle.io/articles/2021/10/setup-py-deprecated.html for details.
[3.924s]         ********************************************************************************
[3.924s] 
[3.924s] !!
[3.924s]   self.initialize_options()
[3.944s] running install_lib
[3.989s] running install_data
[3.992s] running install_egg_info
[4.018s] removing '/home/jason/Desktop/STUDY/Cobra-Driver/workspace/install/tcp_cam_sender/lib/python3.10/site-packages/tcp_cam_sender-0.0.0-py3.10.egg-info' (and everything under it)
[4.018s] Copying ../../build/tcp_cam_sender/tcp_cam_sender.egg-info to /home/jason/Desktop/STUDY/Cobra-Driver/workspace/install/tcp_cam_sender/lib/python3.10/site-packages/tcp_cam_sender-0.0.0-py3.10.egg-info
[4.018s] running install_scripts
[4.064s] Installing tcp_cam_sender script to /home/jason/Desktop/STUDY/Cobra-Driver/workspace/install/tcp_cam_sender/lib/tcp_cam_sender
[4.064s] writing list of installed files to '/home/jason/Desktop/STUDY/Cobra-Driver/workspace/build/tcp_cam_sender/install.log'
[4.746s] Invoked command in '/home/jason/Desktop/STUDY/Cobra-Driver/workspace/src/tcp_cam_sender' returned '0': PYTHONPATH=/home/jason/Desktop/STUDY/Cobra-Driver/workspace/build/tcp_cam_sender/prefix_override:/home/jason/Desktop/STUDY/Cobra-Driver/workspace/install/tcp_cam_sender/lib/python3.10/site-packages:${PYTHONPATH} /usr/bin/python3 setup.py egg_info --egg-base ../../build/tcp_cam_sender build --build-base /home/jason/Desktop/STUDY/Cobra-Driver/workspace/build/tcp_cam_sender/build install --record /home/jason/Desktop/STUDY/Cobra-Driver/workspace/build/tcp_cam_sender/install.log --single-version-externally-managed
