-- The C compiler identification is GNU 11.4.0
-- The CXX compiler identification is GNU 11.4.0
-- Detecting C compiler ABI info
-- Detecting C compiler ABI info - done
-- Check for working C compiler: /usr/bin/cc - skipped
-- Detecting C compile features
-- Detecting C compile features - done
-- Detecting CXX compiler ABI info
-- Detecting CXX compiler ABI info - done
-- Check for working CXX compiler: /usr/bin/c++ - skipped
-- Detecting CXX compile features
-- Detecting CXX compile features - done
-- Found ament_cmake_ros: 0.11.2 (/opt/ros/iron/share/ament_cmake_ros/cmake)
-- Found Python3: /usr/bin/python3.10 (found version "3.10.12") found components: Interpreter 
-- Configuring done (1.0s)
-- Generating done (0.0s)
-- Build files have been written to: /home/jason/Desktop/STUDY/Cobra-Driver/workspace/build/rosapi
Built target ament_cmake_python_copy_rosapi
running egg_info
creating rosapi.egg-info
writing rosapi.egg-info/PKG-INFO
writing dependency_links to rosapi.egg-info/dependency_links.txt
writing top-level names to rosapi.egg-info/top_level.txt
writing manifest file 'rosapi.egg-info/SOURCES.txt'
reading manifest file 'rosapi.egg-info/SOURCES.txt'
writing manifest file 'rosapi.egg-info/SOURCES.txt'
Built target ament_cmake_python_build_rosapi_egg
-- Install configuration: ""
-- Installing: /home/jason/Desktop/STUDY/Cobra-Driver/workspace/install/rosapi/share/rosapi/environment/pythonpath.sh
-- Installing: /home/jason/Desktop/STUDY/Cobra-Driver/workspace/install/rosapi/share/rosapi/environment/pythonpath.dsv
-- Installing: /home/jason/Desktop/STUDY/Cobra-Driver/workspace/install/rosapi/lib/python3.10/site-packages/rosapi-1.3.1-py3.10.egg-info
-- Installing: /home/jason/Desktop/STUDY/Cobra-Driver/workspace/install/rosapi/lib/python3.10/site-packages/rosapi-1.3.1-py3.10.egg-info/top_level.txt
-- Installing: /home/jason/Desktop/STUDY/Cobra-Driver/workspace/install/rosapi/lib/python3.10/site-packages/rosapi-1.3.1-py3.10.egg-info/dependency_links.txt
-- Installing: /home/jason/Desktop/STUDY/Cobra-Driver/workspace/install/rosapi/lib/python3.10/site-packages/rosapi-1.3.1-py3.10.egg-info/SOURCES.txt
-- Installing: /home/jason/Desktop/STUDY/Cobra-Driver/workspace/install/rosapi/lib/python3.10/site-packages/rosapi-1.3.1-py3.10.egg-info/PKG-INFO
-- Installing: /home/jason/Desktop/STUDY/Cobra-Driver/workspace/install/rosapi/lib/python3.10/site-packages/rosapi
-- Installing: /home/jason/Desktop/STUDY/Cobra-Driver/workspace/install/rosapi/lib/python3.10/site-packages/rosapi/stringify_field_types.py
-- Installing: /home/jason/Desktop/STUDY/Cobra-Driver/workspace/install/rosapi/lib/python3.10/site-packages/rosapi/params.py
-- Installing: /home/jason/Desktop/STUDY/Cobra-Driver/workspace/install/rosapi/lib/python3.10/site-packages/rosapi/__init__.py
-- Installing: /home/jason/Desktop/STUDY/Cobra-Driver/workspace/install/rosapi/lib/python3.10/site-packages/rosapi/glob_helper.py
-- Installing: /home/jason/Desktop/STUDY/Cobra-Driver/workspace/install/rosapi/lib/python3.10/site-packages/rosapi/proxy.py
-- Installing: /home/jason/Desktop/STUDY/Cobra-Driver/workspace/install/rosapi/lib/python3.10/site-packages/rosapi/objectutils.py
Listing '/home/jason/Desktop/STUDY/Cobra-Driver/workspace/install/rosapi/lib/python3.10/site-packages/rosapi'...
Compiling '/home/jason/Desktop/STUDY/Cobra-Driver/workspace/install/rosapi/lib/python3.10/site-packages/rosapi/__init__.py'...
Compiling '/home/jason/Desktop/STUDY/Cobra-Driver/workspace/install/rosapi/lib/python3.10/site-packages/rosapi/glob_helper.py'...
Compiling '/home/jason/Desktop/STUDY/Cobra-Driver/workspace/install/rosapi/lib/python3.10/site-packages/rosapi/objectutils.py'...
Compiling '/home/jason/Desktop/STUDY/Cobra-Driver/workspace/install/rosapi/lib/python3.10/site-packages/rosapi/params.py'...
Compiling '/home/jason/Desktop/STUDY/Cobra-Driver/workspace/install/rosapi/lib/python3.10/site-packages/rosapi/proxy.py'...
Compiling '/home/jason/Desktop/STUDY/Cobra-Driver/workspace/install/rosapi/lib/python3.10/site-packages/rosapi/stringify_field_types.py'...
-- Installing: /home/jason/Desktop/STUDY/Cobra-Driver/workspace/install/rosapi/share/ament_index/resource_index/package_run_dependencies/rosapi
-- Installing: /home/jason/Desktop/STUDY/Cobra-Driver/workspace/install/rosapi/share/ament_index/resource_index/parent_prefix_path/rosapi
-- Installing: /home/jason/Desktop/STUDY/Cobra-Driver/workspace/install/rosapi/share/rosapi/environment/ament_prefix_path.sh
-- Installing: /home/jason/Desktop/STUDY/Cobra-Driver/workspace/install/rosapi/share/rosapi/environment/ament_prefix_path.dsv
-- Installing: /home/jason/Desktop/STUDY/Cobra-Driver/workspace/install/rosapi/share/rosapi/environment/path.sh
-- Installing: /home/jason/Desktop/STUDY/Cobra-Driver/workspace/install/rosapi/share/rosapi/environment/path.dsv
-- Installing: /home/jason/Desktop/STUDY/Cobra-Driver/workspace/install/rosapi/share/rosapi/local_setup.bash
-- Installing: /home/jason/Desktop/STUDY/Cobra-Driver/workspace/install/rosapi/share/rosapi/local_setup.sh
-- Installing: /home/jason/Desktop/STUDY/Cobra-Driver/workspace/install/rosapi/share/rosapi/local_setup.zsh
-- Installing: /home/jason/Desktop/STUDY/Cobra-Driver/workspace/install/rosapi/share/rosapi/local_setup.dsv
-- Installing: /home/jason/Desktop/STUDY/Cobra-Driver/workspace/install/rosapi/share/rosapi/package.dsv
-- Installing: /home/jason/Desktop/STUDY/Cobra-Driver/workspace/install/rosapi/share/ament_index/resource_index/packages/rosapi
-- Installing: /home/jason/Desktop/STUDY/Cobra-Driver/workspace/install/rosapi/share/rosapi/cmake/rosapiConfig.cmake
-- Installing: /home/jason/Desktop/STUDY/Cobra-Driver/workspace/install/rosapi/share/rosapi/cmake/rosapiConfig-version.cmake
-- Installing: /home/jason/Desktop/STUDY/Cobra-Driver/workspace/install/rosapi/share/rosapi/package.xml
-- Installing: /home/jason/Desktop/STUDY/Cobra-Driver/workspace/install/rosapi/lib/rosapi/rosapi_node
-- Installing: /home/jason/Desktop/STUDY/Cobra-Driver/workspace/install/rosapi/share/rosapi/mapping_rules.yaml
