-- The C compiler identification is GNU 9.4.0
-- The CXX compiler identification is GNU 9.4.0
-- Check for working C compiler: /usr/bin/cc
-- Check for working C compiler: /usr/bin/cc -- works
-- Detecting C compiler ABI info
-- Detecting C compiler ABI info - done
-- Detecting C compile features
-- Detecting C compile features - done
-- Check for working CXX compiler: /usr/bin/c++
-- Check for working CXX compiler: /usr/bin/c++ -- works
-- Detecting CXX compiler ABI info
-- Detecting CXX compiler ABI info - done
-- Detecting CXX compile features
-- Detecting CXX compile features - done
-- Found ament_cmake_auto: 0.9.12 (/opt/ros/foxy/share/ament_cmake_auto/cmake)
-- Found PythonInterp: /usr/bin/python3 (found suitable version "3.8.10", minimum required is "3") 
-- Using PYTHON_EXECUTABLE: /usr/bin/python3
-- Using all available rosidl_typesupport_c: rosidl_typesupport_fastrtps_c;rosidl_typesupport_introspection_c
-- Found rosidl_adapter: 1.3.1 (/opt/ros/foxy/share/rosidl_adapter/cmake)
-- Found OpenSSL: /usr/lib/aarch64-linux-gnu/libcrypto.so (found version "1.1.1f")  
-- Found FastRTPS: /opt/ros/foxy/include  
-- Using all available rosidl_typesupport_cpp: rosidl_typesupport_fastrtps_cpp;rosidl_typesupport_introspection_cpp
-- Found rmw_implementation_cmake: 1.0.4 (/opt/ros/foxy/share/rmw_implementation_cmake/cmake)
-- Using RMW implementation 'rmw_fastrtps_cpp' as default
-- Looking for pthread.h
-- Looking for pthread.h - found
-- Performing Test CMAKE_HAVE_LIBC_PTHREAD
-- Performing Test CMAKE_HAVE_LIBC_PTHREAD - Failed
-- Looking for pthread_create in pthreads
-- Looking for pthread_create in pthreads - not found
-- Looking for pthread_create in pthread
-- Looking for pthread_create in pthread - found
-- Found Threads: TRUE  
-- Setting yaml-cpp_DIR to: '/opt/ros/foxy/share/yaml_cpp_vendor/cmake/../../../opt/yaml_cpp_vendor/lib/cmake/yaml-cpp'
-- Found PkgConfig: /usr/bin/pkg-config (found version "0.29.1") 
-- Checking for module 'libavcodec'
--   Found libavcodec, version 58.54.100
-- Checking for module 'libswscale'
--   Found libswscale, version 5.5.100
-- Configuring done
-- Generating done
-- Build files have been written to: /home/sbel/Desktop/Cobra-Driver/workspace/build/usb_cam
[35m[1mScanning dependencies of target usb_cam_node_exe[0m
[35m[1mScanning dependencies of target usb_cam[0m
[ 33%] [32mBuilding CXX object CMakeFiles/usb_cam_node_exe.dir/rclcpp_components/node_main_usb_cam_node_exe.cpp.o[0m
[ 33%] [32mBuilding CXX object CMakeFiles/usb_cam.dir/src/usb_cam.cpp.o[0m
[01m[K/home/sbel/Desktop/Cobra-Driver/workspace/src/usb_cam/src/usb_cam.cpp:[m[K In member function ‘[01m[Kint usb_cam::UsbCam::init_mjpeg_decoder(int, int)[m[K’:
[01m[K/home/sbel/Desktop/Cobra-Driver/workspace/src/usb_cam/src/usb_cam.cpp:75:24:[m[K [01;35m[Kwarning: [m[K‘[01m[Kvoid avcodec_register_all()[m[K’ is deprecated [[01;35m[K-Wdeprecated-declarations[m[K]
   75 |   avcodec_register_all([01;35m[K)[m[K;
      |                        [01;35m[K^[m[K
In file included from [01m[K/home/sbel/Desktop/Cobra-Driver/workspace/src/usb_cam/include/usb_cam/usb_cam.hpp:39[m[K,
                 from [01m[K/home/sbel/Desktop/Cobra-Driver/workspace/src/usb_cam/src/usb_cam.cpp:31[m[K:
[01m[K/usr/include/aarch64-linux-gnu/libavcodec/avcodec.h:4159:6:[m[K [01;36m[Knote: [m[Kdeclared here
 4159 | void [01;36m[Kavcodec_register_all[m[K(void);
      |      [01;36m[K^~~~~~~~~~~~~~~~~~~~[m[K
[01m[K/home/sbel/Desktop/Cobra-Driver/workspace/src/usb_cam/src/usb_cam.cpp:75:24:[m[K [01;35m[Kwarning: [m[K‘[01m[Kvoid avcodec_register_all()[m[K’ is deprecated [[01;35m[K-Wdeprecated-declarations[m[K]
   75 |   avcodec_register_all([01;35m[K)[m[K;
      |                        [01;35m[K^[m[K
In file included from [01m[K/home/sbel/Desktop/Cobra-Driver/workspace/src/usb_cam/include/usb_cam/usb_cam.hpp:39[m[K,
                 from [01m[K/home/sbel/Desktop/Cobra-Driver/workspace/src/usb_cam/src/usb_cam.cpp:31[m[K:
[01m[K/usr/include/aarch64-linux-gnu/libavcodec/avcodec.h:4159:6:[m[K [01;36m[Knote: [m[Kdeclared here
 4159 | void [01;36m[Kavcodec_register_all[m[K(void);
      |      [01;36m[K^~~~~~~~~~~~~~~~~~~~[m[K
[01m[K/home/sbel/Desktop/Cobra-Driver/workspace/src/usb_cam/src/usb_cam.cpp:93:93:[m[K [01;35m[Kwarning: [m[K‘[01m[Kint avpicture_alloc(AVPicture*, AVPixelFormat, int, int)[m[K’ is deprecated [[01;35m[K-Wdeprecated-declarations[m[K]
   93 |     reinterpret_cast<AVPicture *>(avframe_rgb_), AV_PIX_FMT_RGB24, image_width, image_height[01;35m[K)[m[K;
      |                                                                                             [01;35m[K^[m[K
In file included from [01m[K/home/sbel/Desktop/Cobra-Driver/workspace/src/usb_cam/include/usb_cam/usb_cam.hpp:39[m[K,
                 from [01m[K/home/sbel/Desktop/Cobra-Driver/workspace/src/usb_cam/src/usb_cam.cpp:31[m[K:
[01m[K/usr/include/aarch64-linux-gnu/libavcodec/avcodec.h:5483:5:[m[K [01;36m[Knote: [m[Kdeclared here
 5483 | int [01;36m[Kavpicture_alloc[m[K(AVPicture *picture, enum AVPixelFormat pix_fmt, int width, int height);
      |     [01;36m[K^~~~~~~~~~~~~~~[m[K
[01m[K/home/sbel/Desktop/Cobra-Driver/workspace/src/usb_cam/src/usb_cam.cpp:93:93:[m[K [01;35m[Kwarning: [m[K‘[01m[Kint avpicture_alloc(AVPicture*, AVPixelFormat, int, int)[m[K’ is deprecated [[01;35m[K-Wdeprecated-declarations[m[K]
   93 |     reinterpret_cast<AVPicture *>(avframe_rgb_), AV_PIX_FMT_RGB24, image_width, image_height[01;35m[K)[m[K;
      |                                                                                             [01;35m[K^[m[K
In file included from [01m[K/home/sbel/Desktop/Cobra-Driver/workspace/src/usb_cam/include/usb_cam/usb_cam.hpp:39[m[K,
                 from [01m[K/home/sbel/Desktop/Cobra-Driver/workspace/src/usb_cam/src/usb_cam.cpp:31[m[K:
[01m[K/usr/include/aarch64-linux-gnu/libavcodec/avcodec.h:5483:5:[m[K [01;36m[Knote: [m[Kdeclared here
 5483 | int [01;36m[Kavpicture_alloc[m[K(AVPicture *picture, enum AVPixelFormat pix_fmt, int width, int height);
      |     [01;36m[K^~~~~~~~~~~~~~~[m[K
[01m[K/home/sbel/Desktop/Cobra-Driver/workspace/src/usb_cam/src/usb_cam.cpp:108:90:[m[K [01;35m[Kwarning: [m[K‘[01m[Kint avpicture_get_size(AVPixelFormat, int, int)[m[K’ is deprecated [[01;35m[K-Wdeprecated-declarations[m[K]
  108 |   avframe_camera_size_ = avpicture_get_size(AV_PIX_FMT_YUV422P, image_width, image_height[01;35m[K)[m[K;
      |                                                                                          [01;35m[K^[m[K
In file included from [01m[K/home/sbel/Desktop/Cobra-Driver/workspace/src/usb_cam/include/usb_cam/usb_cam.hpp:39[m[K,
                 from [01m[K/home/sbel/Desktop/Cobra-Driver/workspace/src/usb_cam/src/usb_cam.cpp:31[m[K:
[01m[K/usr/include/aarch64-linux-gnu/libavcodec/avcodec.h:5510:5:[m[K [01;36m[Knote: [m[Kdeclared here
 5510 | int [01;36m[Kavpicture_get_size[m[K(enum AVPixelFormat pix_fmt, int width, int height);
      |     [01;36m[K^~~~~~~~~~~~~~~~~~[m[K
[01m[K/home/sbel/Desktop/Cobra-Driver/workspace/src/usb_cam/src/usb_cam.cpp:108:90:[m[K [01;35m[Kwarning: [m[K‘[01m[Kint avpicture_get_size(AVPixelFormat, int, int)[m[K’ is deprecated [[01;35m[K-Wdeprecated-declarations[m[K]
  108 |   avframe_camera_size_ = avpicture_get_size(AV_PIX_FMT_YUV422P, image_width, image_height[01;35m[K)[m[K;
      |                                                                                          [01;35m[K^[m[K
In file included from [01m[K/home/sbel/Desktop/Cobra-Driver/workspace/src/usb_cam/include/usb_cam/usb_cam.hpp:39[m[K,
                 from [01m[K/home/sbel/Desktop/Cobra-Driver/workspace/src/usb_cam/src/usb_cam.cpp:31[m[K:
[01m[K/usr/include/aarch64-linux-gnu/libavcodec/avcodec.h:5510:5:[m[K [01;36m[Knote: [m[Kdeclared here
 5510 | int [01;36m[Kavpicture_get_size[m[K(enum AVPixelFormat pix_fmt, int width, int height);
      |     [01;36m[K^~~~~~~~~~~~~~~~~~[m[K
[01m[K/home/sbel/Desktop/Cobra-Driver/workspace/src/usb_cam/src/usb_cam.cpp:109:85:[m[K [01;35m[Kwarning: [m[K‘[01m[Kint avpicture_get_size(AVPixelFormat, int, int)[m[K’ is deprecated [[01;35m[K-Wdeprecated-declarations[m[K]
  109 |   avframe_rgb_size_ = avpicture_get_size(AV_PIX_FMT_RGB24, image_width, image_height[01;35m[K)[m[K;
      |                                                                                     [01;35m[K^[m[K
In file included from [01m[K/home/sbel/Desktop/Cobra-Driver/workspace/src/usb_cam/include/usb_cam/usb_cam.hpp:39[m[K,
                 from [01m[K/home/sbel/Desktop/Cobra-Driver/workspace/src/usb_cam/src/usb_cam.cpp:31[m[K:
[01m[K/usr/include/aarch64-linux-gnu/libavcodec/avcodec.h:5510:5:[m[K [01;36m[Knote: [m[Kdeclared here
 5510 | int [01;36m[Kavpicture_get_size[m[K(enum AVPixelFormat pix_fmt, int width, int height);
      |     [01;36m[K^~~~~~~~~~~~~~~~~~[m[K
[01m[K/home/sbel/Desktop/Cobra-Driver/workspace/src/usb_cam/src/usb_cam.cpp:109:85:[m[K [01;35m[Kwarning: [m[K‘[01m[Kint avpicture_get_size(AVPixelFormat, int, int)[m[K’ is deprecated [[01;35m[K-Wdeprecated-declarations[m[K]
  109 |   avframe_rgb_size_ = avpicture_get_size(AV_PIX_FMT_RGB24, image_width, image_height[01;35m[K)[m[K;
      |                                                                                     [01;35m[K^[m[K
In file included from [01m[K/home/sbel/Desktop/Cobra-Driver/workspace/src/usb_cam/include/usb_cam/usb_cam.hpp:39[m[K,
                 from [01m[K/home/sbel/Desktop/Cobra-Driver/workspace/src/usb_cam/src/usb_cam.cpp:31[m[K:
[01m[K/usr/include/aarch64-linux-gnu/libavcodec/avcodec.h:5510:5:[m[K [01;36m[Knote: [m[Kdeclared here
 5510 | int [01;36m[Kavpicture_get_size[m[K(enum AVPixelFormat pix_fmt, int width, int height);
      |     [01;36m[K^~~~~~~~~~~~~~~~~~[m[K
[01m[K/home/sbel/Desktop/Cobra-Driver/workspace/src/usb_cam/src/usb_cam.cpp:[m[K In member function ‘[01m[Kbool usb_cam::UsbCam::mjpeg2rgb(char*, int, char*, int)[m[K’:
[01m[K/home/sbel/Desktop/Cobra-Driver/workspace/src/usb_cam/src/usb_cam.cpp:142:94:[m[K [01;35m[Kwarning: [m[K‘[01m[Kint avcodec_decode_video2(AVCodecContext*, AVFrame*, int*, const AVPacket*)[m[K’ is deprecated [[01;35m[K-Wdeprecated-declarations[m[K]
  142 |   decoded_len = avcodec_decode_video2(avcodec_context_, avframe_camera_, &got_picture, &avpkt[01;35m[K)[m[K;
      |                                                                                              [01;35m[K^[m[K
In file included from [01m[K/home/sbel/Desktop/Cobra-Driver/workspace/src/usb_cam/include/usb_cam/usb_cam.hpp:39[m[K,
                 from [01m[K/home/sbel/Desktop/Cobra-Driver/workspace/src/usb_cam/src/usb_cam.cpp:31[m[K:
[01m[K/usr/include/aarch64-linux-gnu/libavcodec/avcodec.h:4828:5:[m[K [01;36m[Knote: [m[Kdeclared here
 4828 | int [01;36m[Kavcodec_decode_video2[m[K(AVCodecContext *avctx, AVFrame *picture,
      |     [01;36m[K^~~~~~~~~~~~~~~~~~~~~[m[K
[01m[K/home/sbel/Desktop/Cobra-Driver/workspace/src/usb_cam/src/usb_cam.cpp:142:94:[m[K [01;35m[Kwarning: [m[K‘[01m[Kint avcodec_decode_video2(AVCodecContext*, AVFrame*, int*, const AVPacket*)[m[K’ is deprecated [[01;35m[K-Wdeprecated-declarations[m[K]
  142 |   decoded_len = avcodec_decode_video2(avcodec_context_, avframe_camera_, &got_picture, &avpkt[01;35m[K)[m[K;
      |                                                                                              [01;35m[K^[m[K
In file included from [01m[K/home/sbel/Desktop/Cobra-Driver/workspace/src/usb_cam/include/usb_cam/usb_cam.hpp:39[m[K,
                 from [01m[K/home/sbel/Desktop/Cobra-Driver/workspace/src/usb_cam/src/usb_cam.cpp:31[m[K:
[01m[K/usr/include/aarch64-linux-gnu/libavcodec/avcodec.h:4828:5:[m[K [01;36m[Knote: [m[Kdeclared here
 4828 | int [01;36m[Kavcodec_decode_video2[m[K(AVCodecContext *avctx, AVFrame *picture,
      |     [01;36m[K^~~~~~~~~~~~~~~~~~~~~[m[K
[01m[K/home/sbel/Desktop/Cobra-Driver/workspace/src/usb_cam/src/usb_cam.cpp:161:76:[m[K [01;35m[Kwarning: [m[K‘[01m[Kint avpicture_get_size(AVPixelFormat, int, int)[m[K’ is deprecated [[01;35m[K-Wdeprecated-declarations[m[K]
  161 |   int pic_size = avpicture_get_size(avcodec_context_->pix_fmt, xsize, ysize[01;35m[K)[m[K;
      |                                                                            [01;35m[K^[m[K
In file included from [01m[K/home/sbel/Desktop/Cobra-Driver/workspace/src/usb_cam/include/usb_cam/usb_cam.hpp:39[m[K,
                 from [01m[K/home/sbel/Desktop/Cobra-Driver/workspace/src/usb_cam/src/usb_cam.cpp:31[m[K:
[01m[K/usr/include/aarch64-linux-gnu/libavcodec/avcodec.h:5510:5:[m[K [01;36m[Knote: [m[Kdeclared here
 5510 | int [01;36m[Kavpicture_get_size[m[K(enum AVPixelFormat pix_fmt, int width, int height);
      |     [01;36m[K^~~~~~~~~~~~~~~~~~[m[K
[01m[K/home/sbel/Desktop/Cobra-Driver/workspace/src/usb_cam/src/usb_cam.cpp:161:76:[m[K [01;35m[Kwarning: [m[K‘[01m[Kint avpicture_get_size(AVPixelFormat, int, int)[m[K’ is deprecated [[01;35m[K-Wdeprecated-declarations[m[K]
  161 |   int pic_size = avpicture_get_size(avcodec_context_->pix_fmt, xsize, ysize[01;35m[K)[m[K;
      |                                                                            [01;35m[K^[m[K
In file included from [01m[K/home/sbel/Desktop/Cobra-Driver/workspace/src/usb_cam/include/usb_cam/usb_cam.hpp:39[m[K,
                 from [01m[K/home/sbel/Desktop/Cobra-Driver/workspace/src/usb_cam/src/usb_cam.cpp:31[m[K:
[01m[K/usr/include/aarch64-linux-gnu/libavcodec/avcodec.h:5510:5:[m[K [01;36m[Knote: [m[Kdeclared here
 5510 | int [01;36m[Kavpicture_get_size[m[K(enum AVPixelFormat pix_fmt, int width, int height);
      |     [01;36m[K^~~~~~~~~~~~~~~~~~[m[K
[01m[K/home/sbel/Desktop/Cobra-Driver/workspace/src/usb_cam/src/usb_cam.cpp:189:70:[m[K [01;35m[Kwarning: [m[K‘[01m[Kint avpicture_layout(const AVPicture*, AVPixelFormat, int, int, unsigned char*, int)[m[K’ is deprecated [[01;35m[K-Wdeprecated-declarations[m[K]
  189 |     xsize, ysize, reinterpret_cast<uint8_t *>(RGB), avframe_rgb_size_[01;35m[K)[m[K;
      |                                                                      [01;35m[K^[m[K
In file included from [01m[K/home/sbel/Desktop/Cobra-Driver/workspace/src/usb_cam/include/usb_cam/usb_cam.hpp:39[m[K,
                 from [01m[K/home/sbel/Desktop/Cobra-Driver/workspace/src/usb_cam/src/usb_cam.cpp:31[m[K:
[01m[K/usr/include/aarch64-linux-gnu/libavcodec/avcodec.h:5502:5:[m[K [01;36m[Knote: [m[Kdeclared here
 5502 | int [01;36m[Kavpicture_layout[m[K(const AVPicture *src, enum AVPixelFormat pix_fmt,
      |     [01;36m[K^~~~~~~~~~~~~~~~[m[K
[01m[K/home/sbel/Desktop/Cobra-Driver/workspace/src/usb_cam/src/usb_cam.cpp:189:70:[m[K [01;35m[Kwarning: [m[K‘[01m[Kint avpicture_layout(const AVPicture*, AVPixelFormat, int, int, unsigned char*, int)[m[K’ is deprecated [[01;35m[K-Wdeprecated-declarations[m[K]
  189 |     xsize, ysize, reinterpret_cast<uint8_t *>(RGB), avframe_rgb_size_[01;35m[K)[m[K;
      |                                                                      [01;35m[K^[m[K
In file included from [01m[K/home/sbel/Desktop/Cobra-Driver/workspace/src/usb_cam/include/usb_cam/usb_cam.hpp:39[m[K,
                 from [01m[K/home/sbel/Desktop/Cobra-Driver/workspace/src/usb_cam/src/usb_cam.cpp:31[m[K:
[01m[K/usr/include/aarch64-linux-gnu/libavcodec/avcodec.h:5502:5:[m[K [01;36m[Knote: [m[Kdeclared here
 5502 | int [01;36m[Kavpicture_layout[m[K(const AVPicture *src, enum AVPixelFormat pix_fmt,
      |     [01;36m[K^~~~~~~~~~~~~~~~[m[K
[01m[K/home/sbel/Desktop/Cobra-Driver/workspace/src/usb_cam/src/usb_cam.cpp:[m[K In member function ‘[01m[Kbool usb_cam::UsbCam::read_frame()[m[K’:
[01m[K/home/sbel/Desktop/Cobra-Driver/workspace/src/usb_cam/src/usb_cam.cpp:274:29:[m[K [01;35m[Kwarning: [m[Koverflow in conversion from ‘[01m[Klong unsigned int[m[K’ to ‘[01m[Kint[m[K’ changes value from ‘[01m[K3227014673[m[K’ to ‘[01m[K-1067952623[m[K’ [[01;35m[K-Woverflow[m[K]
  274 |       if (-1 == xioctl(fd_, [01;35m[KVIDIOC_DQBUF[m[K, &buf)) {
      |                             [01;35m[K^~~~~~~~~~~~[m[K
[01m[K/home/sbel/Desktop/Cobra-Driver/workspace/src/usb_cam/src/usb_cam.cpp:302:29:[m[K [01;35m[Kwarning: [m[Koverflow in conversion from ‘[01m[Klong unsigned int[m[K’ to ‘[01m[Kint[m[K’ changes value from ‘[01m[K3227014671[m[K’ to ‘[01m[K-1067952625[m[K’ [[01;35m[K-Woverflow[m[K]
  302 |       if (-1 == xioctl(fd_, [01;35m[KVIDIOC_QBUF[m[K, &buf)) {
      |                             [01;35m[K^~~~~~~~~~~[m[K
[01m[K/home/sbel/Desktop/Cobra-Driver/workspace/src/usb_cam/src/usb_cam.cpp:317:29:[m[K [01;35m[Kwarning: [m[Koverflow in conversion from ‘[01m[Klong unsigned int[m[K’ to ‘[01m[Kint[m[K’ changes value from ‘[01m[K3227014673[m[K’ to ‘[01m[K-1067952623[m[K’ [[01;35m[K-Woverflow[m[K]
  317 |       if (-1 == xioctl(fd_, [01;35m[KVIDIOC_DQBUF[m[K, &buf)) {
      |                             [01;35m[K^~~~~~~~~~~~[m[K
[01m[K/home/sbel/Desktop/Cobra-Driver/workspace/src/usb_cam/src/usb_cam.cpp:352:29:[m[K [01;35m[Kwarning: [m[Koverflow in conversion from ‘[01m[Klong unsigned int[m[K’ to ‘[01m[Kint[m[K’ changes value from ‘[01m[K3227014671[m[K’ to ‘[01m[K-1067952625[m[K’ [[01;35m[K-Woverflow[m[K]
  352 |       if (-1 == xioctl(fd_, [01;35m[KVIDIOC_QBUF[m[K, &buf)) {
      |                             [01;35m[K^~~~~~~~~~~[m[K
[01m[K/home/sbel/Desktop/Cobra-Driver/workspace/src/usb_cam/src/usb_cam.cpp:242:10:[m[K [01;35m[Kwarning: [m[Kenumeration value ‘[01m[KIO_METHOD_UNKNOWN[m[K’ not handled in switch [[01;35m[K-Wswitch[m[K]
  242 |   switch [01;35m[K([m[Kio_) {
      |          [01;35m[K^[m[K
[01m[K/home/sbel/Desktop/Cobra-Driver/workspace/src/usb_cam/src/usb_cam.cpp:[m[K In member function ‘[01m[Kbool usb_cam::UsbCam::stop_capturing()[m[K’:
[01m[K/home/sbel/Desktop/Cobra-Driver/workspace/src/usb_cam/src/usb_cam.cpp:376:10:[m[K [01;35m[Kwarning: [m[Kenumeration value ‘[01m[KIO_METHOD_UNKNOWN[m[K’ not handled in switch [[01;35m[K-Wswitch[m[K]
  376 |   switch [01;35m[K([m[Kio_) {
      |          [01;35m[K^[m[K
[01m[K/home/sbel/Desktop/Cobra-Driver/workspace/src/usb_cam/src/usb_cam.cpp:[m[K In member function ‘[01m[Kbool usb_cam::UsbCam::start_capturing()[m[K’:
[01m[K/home/sbel/Desktop/Cobra-Driver/workspace/src/usb_cam/src/usb_cam.cpp:417:31:[m[K [01;35m[Kwarning: [m[Koverflow in conversion from ‘[01m[Klong unsigned int[m[K’ to ‘[01m[Kint[m[K’ changes value from ‘[01m[K3227014671[m[K’ to ‘[01m[K-1067952625[m[K’ [[01;35m[K-Woverflow[m[K]
  417 |         if (-1 == xioctl(fd_, [01;35m[KVIDIOC_QBUF[m[K, &buf)) {
      |                               [01;35m[K^~~~~~~~~~~[m[K
[01m[K/home/sbel/Desktop/Cobra-Driver/workspace/src/usb_cam/src/usb_cam.cpp:443:31:[m[K [01;35m[Kwarning: [m[Koverflow in conversion from ‘[01m[Klong unsigned int[m[K’ to ‘[01m[Kint[m[K’ changes value from ‘[01m[K3227014671[m[K’ to ‘[01m[K-1067952625[m[K’ [[01;35m[K-Woverflow[m[K]
  443 |         if (-1 == xioctl(fd_, [01;35m[KVIDIOC_QBUF[m[K, &buf)) {
      |                               [01;35m[K^~~~~~~~~~~[m[K
[01m[K/home/sbel/Desktop/Cobra-Driver/workspace/src/usb_cam/src/usb_cam.cpp:402:10:[m[K [01;35m[Kwarning: [m[Kenumeration value ‘[01m[KIO_METHOD_UNKNOWN[m[K’ not handled in switch [[01;35m[K-Wswitch[m[K]
  402 |   switch [01;35m[K([m[Kio_) {
      |          [01;35m[K^[m[K
[01m[K/home/sbel/Desktop/Cobra-Driver/workspace/src/usb_cam/src/usb_cam.cpp:[m[K In member function ‘[01m[Kbool usb_cam::UsbCam::uninit_device()[m[K’:
[01m[K/home/sbel/Desktop/Cobra-Driver/workspace/src/usb_cam/src/usb_cam.cpp:466:10:[m[K [01;35m[Kwarning: [m[Kenumeration value ‘[01m[KIO_METHOD_UNKNOWN[m[K’ not handled in switch [[01;35m[K-Wswitch[m[K]
  466 |   switch [01;35m[K([m[Kio_) {
      |          [01;35m[K^[m[K
[01m[K/home/sbel/Desktop/Cobra-Driver/workspace/src/usb_cam/src/usb_cam.cpp:[m[K In member function ‘[01m[Kbool usb_cam::UsbCam::init_mmap()[m[K’:
[01m[K/home/sbel/Desktop/Cobra-Driver/workspace/src/usb_cam/src/usb_cam.cpp:520:25:[m[K [01;35m[Kwarning: [m[Koverflow in conversion from ‘[01m[Klong unsigned int[m[K’ to ‘[01m[Kint[m[K’ changes value from ‘[01m[K3222558216[m[K’ to ‘[01m[K-1072409080[m[K’ [[01;35m[K-Woverflow[m[K]
  520 |   if (-1 == xioctl(fd_, [01;35m[KVIDIOC_REQBUFS[m[K, &req)) {
      |                         [01;35m[K^~~~~~~~~~~~~~[m[K
[01m[K/home/sbel/Desktop/Cobra-Driver/workspace/src/usb_cam/src/usb_cam.cpp:555:27:[m[K [01;35m[Kwarning: [m[Koverflow in conversion from ‘[01m[Klong unsigned int[m[K’ to ‘[01m[Kint[m[K’ changes value from ‘[01m[K3227014665[m[K’ to ‘[01m[K-1067952631[m[K’ [[01;35m[K-Woverflow[m[K]
  555 |     if (-1 == xioctl(fd_, [01;35m[KVIDIOC_QUERYBUF[m[K, &buf)) {
      |                           [01;35m[K^~~~~~~~~~~~~~~[m[K
[01m[K/home/sbel/Desktop/Cobra-Driver/workspace/src/usb_cam/src/usb_cam.cpp:[m[K In member function ‘[01m[Kbool usb_cam::UsbCam::init_userp(unsigned int)[m[K’:
[01m[K/home/sbel/Desktop/Cobra-Driver/workspace/src/usb_cam/src/usb_cam.cpp:588:25:[m[K [01;35m[Kwarning: [m[Koverflow in conversion from ‘[01m[Klong unsigned int[m[K’ to ‘[01m[Kint[m[K’ changes value from ‘[01m[K3222558216[m[K’ to ‘[01m[K-1072409080[m[K’ [[01;35m[K-Woverflow[m[K]
  588 |   if (-1 == xioctl(fd_, [01;35m[KVIDIOC_REQBUFS[m[K, &req)) {
      |                         [01;35m[K^~~~~~~~~~~~~~[m[K
[01m[K/home/sbel/Desktop/Cobra-Driver/workspace/src/usb_cam/src/usb_cam.cpp:[m[K In member function ‘[01m[Kbool usb_cam::UsbCam::init_device(int, int, int)[m[K’:
[01m[K/home/sbel/Desktop/Cobra-Driver/workspace/src/usb_cam/src/usb_cam.cpp:627:25:[m[K [01;35m[Kwarning: [m[Koverflow in conversion from ‘[01m[Klong unsigned int[m[K’ to ‘[01m[Kint[m[K’ changes value from ‘[01m[K2154321408[m[K’ to ‘[01m[K-2140645888[m[K’ [[01;35m[K-Woverflow[m[K]
  627 |   if (-1 == xioctl(fd_, [01;35m[KVIDIOC_QUERYCAP[m[K, &cap)) {
      |                         [01;35m[K^~~~~~~~~~~~~~~[m[K
[01m[K/home/sbel/Desktop/Cobra-Driver/workspace/src/usb_cam/src/usb_cam.cpp:646:10:[m[K [01;35m[Kwarning: [m[Kenumeration value ‘[01m[KIO_METHOD_UNKNOWN[m[K’ not handled in switch [[01;35m[K-Wswitch[m[K]
  646 |   switch [01;35m[K([m[Kio_) {
      |          [01;35m[K^[m[K
[01m[K/home/sbel/Desktop/Cobra-Driver/workspace/src/usb_cam/src/usb_cam.cpp:675:24:[m[K [01;35m[Kwarning: [m[Koverflow in conversion from ‘[01m[Klong unsigned int[m[K’ to ‘[01m[Kint[m[K’ changes value from ‘[01m[K3224131130[m[K’ to ‘[01m[K-1070836166[m[K’ [[01;35m[K-Woverflow[m[K]
  675 |   if (0 == xioctl(fd_, [01;35m[KVIDIOC_CROPCAP[m[K, &cropcap)) {
      |                        [01;35m[K^~~~~~~~~~~~~~[m[K
[01m[K/home/sbel/Desktop/Cobra-Driver/workspace/src/usb_cam/src/usb_cam.cpp:701:25:[m[K [01;35m[Kwarning: [m[Koverflow in conversion from ‘[01m[Klong unsigned int[m[K’ to ‘[01m[Kint[m[K’ changes value from ‘[01m[K3234878981[m[K’ to ‘[01m[K-1060088315[m[K’ [[01;35m[K-Woverflow[m[K]
  701 |   if (-1 == xioctl(fd_, [01;35m[KVIDIOC_S_FMT[m[K, &fmt)) {
      |                         [01;35m[K^~~~~~~~~~~~[m[K
[01m[K/home/sbel/Desktop/Cobra-Driver/workspace/src/usb_cam/src/usb_cam.cpp:707:21:[m[K [01;35m[Kwarning: [m[Koverflow in conversion from ‘[01m[Klong unsigned int[m[K’ to ‘[01m[Kint[m[K’ changes value from ‘[01m[K3234878980[m[K’ to ‘[01m[K-1060088316[m[K’ [[01;35m[K-Woverflow[m[K]
  707 |     if (xioctl(fd_, [01;35m[KVIDIOC_G_FMT[m[K, &fmt) >= 0) {
      |                     [01;35m[K^~~~~~~~~~~~[m[K
[01m[K/home/sbel/Desktop/Cobra-Driver/workspace/src/usb_cam/src/usb_cam.cpp:717:27:[m[K [01;35m[Kwarning: [m[Kcomparison of integer expressions of different signedness: ‘[01m[K__u32[m[K’ {aka ‘[01m[Kunsigned int[m[K’} and ‘[01m[Kint[m[K’ [[01;35m[K-Wsign-compare[m[K]
  717 |         [01;35m[Kfmt.fmt.pix.width == image_width[m[K &&
      |         [01;35m[K~~~~~~~~~~~~~~~~~~^~~~~~~~~~~~~~[m[K
[01m[K/home/sbel/Desktop/Cobra-Driver/workspace/src/usb_cam/src/usb_cam.cpp:718:28:[m[K [01;35m[Kwarning: [m[Kcomparison of integer expressions of different signedness: ‘[01m[K__u32[m[K’ {aka ‘[01m[Kunsigned int[m[K’} and ‘[01m[Kint[m[K’ [[01;35m[K-Wsign-compare[m[K]
  718 |         [01;35m[Kfmt.fmt.pix.height == image_height[m[K) {
      |         [01;35m[K~~~~~~~~~~~~~~~~~~~^~~~~~~~~~~~~~~[m[K
[01m[K/home/sbel/Desktop/Cobra-Driver/workspace/src/usb_cam/src/usb_cam.cpp:751:19:[m[K [01;35m[Kwarning: [m[Koverflow in conversion from ‘[01m[Klong unsigned int[m[K’ to ‘[01m[Kint[m[K’ changes value from ‘[01m[K3234616853[m[K’ to ‘[01m[K-1060350443[m[K’ [[01;35m[K-Woverflow[m[K]
  751 |   if (xioctl(fd_, [01;35m[KVIDIOC_G_PARM[m[K, &stream_params) < 0) {
      |                   [01;35m[K^~~~~~~~~~~~~[m[K
[01m[K/home/sbel/Desktop/Cobra-Driver/workspace/src/usb_cam/src/usb_cam.cpp:766:19:[m[K [01;35m[Kwarning: [m[Koverflow in conversion from ‘[01m[Klong unsigned int[m[K’ to ‘[01m[Kint[m[K’ changes value from ‘[01m[K3234616854[m[K’ to ‘[01m[K-1060350442[m[K’ [[01;35m[K-Woverflow[m[K]
  766 |   if (xioctl(fd_, [01;35m[KVIDIOC_S_PARM[m[K, &stream_params) < 0) {
      |                   [01;35m[K^~~~~~~~~~~~~[m[K
[01m[K/home/sbel/Desktop/Cobra-Driver/workspace/src/usb_cam/src/usb_cam.cpp:772:10:[m[K [01;35m[Kwarning: [m[Kenumeration value ‘[01m[KIO_METHOD_UNKNOWN[m[K’ not handled in switch [[01;35m[K-Wswitch[m[K]
  772 |   switch [01;35m[K([m[Kio_) {
      |          [01;35m[K^[m[K
[01m[K/home/sbel/Desktop/Cobra-Driver/workspace/src/usb_cam/src/usb_cam.cpp:[m[K In member function ‘[01m[Kvoid usb_cam::UsbCam::get_formats()[m[K’:
[01m[K/home/sbel/Desktop/Cobra-Driver/workspace/src/usb_cam/src/usb_cam.cpp:949:35:[m[K [01;35m[Kwarning: [m[Koverflow in conversion from ‘[01m[Klong unsigned int[m[K’ to ‘[01m[Kint[m[K’ changes value from ‘[01m[K3225441794[m[K’ to ‘[01m[K-1069525502[m[K’ [[01;35m[K-Woverflow[m[K]
  949 |   for (fmt.index = 0; xioctl(fd_, [01;35m[KVIDIOC_ENUM_FMT[m[K, &fmt) == 0; ++fmt.index) {
      |                                   [01;35m[K^~~~~~~~~~~~~~~[m[K
[01m[K/home/sbel/Desktop/Cobra-Driver/workspace/src/usb_cam/src/usb_cam.cpp:959:38:[m[K [01;35m[Kwarning: [m[Koverflow in conversion from ‘[01m[Klong unsigned int[m[K’ to ‘[01m[Kint[m[K’ changes value from ‘[01m[K3224131146[m[K’ to ‘[01m[K-1070836150[m[K’ [[01;35m[K-Woverflow[m[K]
  959 |     for (size.index = 0; xioctl(fd_, [01;35m[KVIDIOC_ENUM_FRAMESIZES[m[K, &size) == 0; ++size.index) {
      |                                      [01;35m[K^~~~~~~~~~~~~~~~~~~~~~[m[K
[01m[K/home/sbel/Desktop/Cobra-Driver/workspace/src/usb_cam/src/usb_cam.cpp:968:44:[m[K [01;35m[Kwarning: [m[Koverflow in conversion from ‘[01m[Klong unsigned int[m[K’ to ‘[01m[Kint[m[K’ changes value from ‘[01m[K3224655435[m[K’ to ‘[01m[K-1070311861[m[K’ [[01;35m[K-Woverflow[m[K]
  968 |       for (interval.index = 0; xioctl(fd_, [01;35m[KVIDIOC_ENUM_FRAMEINTERVALS[m[K, &interval) == 0;
      |                                            [01;35m[K^~~~~~~~~~~~~~~~~~~~~~~~~~[m[K
[01m[K/home/sbel/Desktop/Cobra-Driver/workspace/src/usb_cam/src/usb_cam.cpp:[m[K In member function ‘[01m[Kbool usb_cam::UsbCam::set_auto_focus(int)[m[K’:
[01m[K/home/sbel/Desktop/Cobra-Driver/workspace/src/usb_cam/src/usb_cam.cpp:1034:25:[m[K [01;35m[Kwarning: [m[Koverflow in conversion from ‘[01m[Klong unsigned int[m[K’ to ‘[01m[Kint[m[K’ changes value from ‘[01m[K3225703972[m[K’ to ‘[01m[K-1069263324[m[K’ [[01;35m[K-Woverflow[m[K]
 1034 |   if (-1 == xioctl(fd_, [01;35m[KVIDIOC_QUERYCTRL[m[K, &queryctrl)) {
      |                         [01;35m[K^~~~~~~~~~~~~~~~[m[K
[01m[K/home/sbel/Desktop/Cobra-Driver/workspace/src/usb_cam/src/usb_cam.cpp:1050:27:[m[K [01;35m[Kwarning: [m[Koverflow in conversion from ‘[01m[Klong unsigned int[m[K’ to ‘[01m[Kint[m[K’ changes value from ‘[01m[K3221771804[m[K’ to ‘[01m[K-1073195492[m[K’ [[01;35m[K-Woverflow[m[K]
 1050 |     if (-1 == xioctl(fd_, [01;35m[KVIDIOC_S_CTRL[m[K, &control)) {
      |                           [01;35m[K^~~~~~~~~~~~~[m[K
[ 50%] [32m[1mLinking CXX shared library libusb_cam.so[0m
[ 66%] [32m[1mLinking CXX executable usb_cam_node_exe[0m
[ 66%] Built target usb_cam
[35m[1mScanning dependencies of target usb_cam_node[0m
[ 83%] [32mBuilding CXX object CMakeFiles/usb_cam_node.dir/src/usb_cam_node.cpp.o[0m
[ 83%] Built target usb_cam_node_exe
[100%] [32m[1mLinking CXX shared library libusb_cam_node.so[0m
[100%] Built target usb_cam_node
-- Install configuration: ""
-- Installing: /home/sbel/Desktop/Cobra-Driver/workspace/install/usb_cam/lib/usb_cam/usb_cam_node_exe
-- Set runtime path of "/home/sbel/Desktop/Cobra-Driver/workspace/install/usb_cam/lib/usb_cam/usb_cam_node_exe" to ""
-- Installing: /home/sbel/Desktop/Cobra-Driver/workspace/install/usb_cam/lib/usb_cam/show_image.py
-- Installing: /home/sbel/Desktop/Cobra-Driver/workspace/install/usb_cam/include
-- Installing: /home/sbel/Desktop/Cobra-Driver/workspace/install/usb_cam/include/usb_cam
-- Installing: /home/sbel/Desktop/Cobra-Driver/workspace/install/usb_cam/include/usb_cam/usb_cam.hpp
-- Installing: /home/sbel/Desktop/Cobra-Driver/workspace/install/usb_cam/include/usb_cam/usb_cam_node.hpp
-- Installing: /home/sbel/Desktop/Cobra-Driver/workspace/install/usb_cam/include/usb_cam/usb_cam_utils.hpp
-- Installing: /home/sbel/Desktop/Cobra-Driver/workspace/install/usb_cam/share/usb_cam/environment/library_path.sh
-- Installing: /home/sbel/Desktop/Cobra-Driver/workspace/install/usb_cam/share/usb_cam/environment/library_path.dsv
-- Installing: /home/sbel/Desktop/Cobra-Driver/workspace/install/usb_cam/lib/libusb_cam.so
-- Set runtime path of "/home/sbel/Desktop/Cobra-Driver/workspace/install/usb_cam/lib/libusb_cam.so" to ""
-- Installing: /home/sbel/Desktop/Cobra-Driver/workspace/install/usb_cam/lib/libusb_cam_node.so
-- Set runtime path of "/home/sbel/Desktop/Cobra-Driver/workspace/install/usb_cam/lib/libusb_cam_node.so" to ""
-- Installing: /home/sbel/Desktop/Cobra-Driver/workspace/install/usb_cam/share/usb_cam/launch
-- Installing: /home/sbel/Desktop/Cobra-Driver/workspace/install/usb_cam/share/usb_cam/launch/demo_launch.py
-- Installing: /home/sbel/Desktop/Cobra-Driver/workspace/install/usb_cam/share/usb_cam/config
-- Installing: /home/sbel/Desktop/Cobra-Driver/workspace/install/usb_cam/share/usb_cam/config/camera_info.yaml
-- Installing: /home/sbel/Desktop/Cobra-Driver/workspace/install/usb_cam/share/usb_cam/config/params.yaml
-- Installing: /home/sbel/Desktop/Cobra-Driver/workspace/install/usb_cam/share/ament_index/resource_index/package_run_dependencies/usb_cam
-- Installing: /home/sbel/Desktop/Cobra-Driver/workspace/install/usb_cam/share/ament_index/resource_index/parent_prefix_path/usb_cam
-- Installing: /home/sbel/Desktop/Cobra-Driver/workspace/install/usb_cam/share/usb_cam/environment/ament_prefix_path.sh
-- Installing: /home/sbel/Desktop/Cobra-Driver/workspace/install/usb_cam/share/usb_cam/environment/ament_prefix_path.dsv
-- Installing: /home/sbel/Desktop/Cobra-Driver/workspace/install/usb_cam/share/usb_cam/environment/path.sh
-- Installing: /home/sbel/Desktop/Cobra-Driver/workspace/install/usb_cam/share/usb_cam/environment/path.dsv
-- Installing: /home/sbel/Desktop/Cobra-Driver/workspace/install/usb_cam/share/usb_cam/local_setup.bash
-- Installing: /home/sbel/Desktop/Cobra-Driver/workspace/install/usb_cam/share/usb_cam/local_setup.sh
-- Installing: /home/sbel/Desktop/Cobra-Driver/workspace/install/usb_cam/share/usb_cam/local_setup.zsh
-- Installing: /home/sbel/Desktop/Cobra-Driver/workspace/install/usb_cam/share/usb_cam/local_setup.dsv
-- Installing: /home/sbel/Desktop/Cobra-Driver/workspace/install/usb_cam/share/usb_cam/package.dsv
-- Installing: /home/sbel/Desktop/Cobra-Driver/workspace/install/usb_cam/share/ament_index/resource_index/packages/usb_cam
-- Installing: /home/sbel/Desktop/Cobra-Driver/workspace/install/usb_cam/share/ament_index/resource_index/rclcpp_components/usb_cam
-- Installing: /home/sbel/Desktop/Cobra-Driver/workspace/install/usb_cam/share/usb_cam/cmake/ament_cmake_export_dependencies-extras.cmake
-- Installing: /home/sbel/Desktop/Cobra-Driver/workspace/install/usb_cam/share/usb_cam/cmake/ament_cmake_export_include_directories-extras.cmake
-- Installing: /home/sbel/Desktop/Cobra-Driver/workspace/install/usb_cam/share/usb_cam/cmake/ament_cmake_export_libraries-extras.cmake
-- Installing: /home/sbel/Desktop/Cobra-Driver/workspace/install/usb_cam/share/usb_cam/cmake/usb_camConfig.cmake
-- Installing: /home/sbel/Desktop/Cobra-Driver/workspace/install/usb_cam/share/usb_cam/cmake/usb_camConfig-version.cmake
-- Installing: /home/sbel/Desktop/Cobra-Driver/workspace/install/usb_cam/share/usb_cam/package.xml
