[1.370s] Invoking command in '/home/sbel/Desktop/Cobra-Driver/workspace/build/usb_cam': CMAKE_PREFIX_PATH=/opt/ros/foxy /usr/bin/cmake /home/sbel/Desktop/Cobra-Driver/workspace/src/usb_cam -DCMAKE_INSTALL_PREFIX=/home/sbel/Desktop/Cobra-Driver/workspace/install/usb_cam
[1.874s] -- The C compiler identification is GNU 9.4.0
[1.945s] -- The CXX compiler identification is GNU 9.4.0
[1.968s] -- Check for working C compiler: /usr/bin/cc
[2.153s] -- Check for working C compiler: /usr/bin/cc -- works
[2.163s] -- Detecting C compiler ABI info
[2.336s] -- Detecting C compiler ABI info - done
[2.363s] -- Detecting C compile features
[2.364s] -- Detecting C compile features - done
[2.370s] -- Check for working CXX compiler: /usr/bin/c++
[2.543s] -- Check for working CXX compiler: /usr/bin/c++ -- works
[2.544s] -- Detecting CXX compiler ABI info
[2.734s] -- Detecting CXX compiler ABI info - done
[2.755s] -- Detecting CXX compile features
[2.755s] -- Detecting CXX compile features - done
[2.761s] -- Found ament_cmake_auto: 0.9.12 (/opt/ros/foxy/share/ament_cmake_auto/cmake)
[2.826s] -- Found PythonInterp: /usr/bin/python3 (found suitable version "3.8.10", minimum required is "3") 
[2.826s] -- Using PYTHON_EXECUTABLE: /usr/bin/python3
[3.569s] -- Using all available rosidl_typesupport_c: rosidl_typesupport_fastrtps_c;rosidl_typesupport_introspection_c
[3.592s] -- Found rosidl_adapter: 1.3.1 (/opt/ros/foxy/share/rosidl_adapter/cmake)
[3.839s] -- Found OpenSSL: /usr/lib/aarch64-linux-gnu/libcrypto.so (found version "1.1.1f")  
[3.911s] -- Found FastRTPS: /opt/ros/foxy/include  
[4.095s] -- Using all available rosidl_typesupport_cpp: rosidl_typesupport_fastrtps_cpp;rosidl_typesupport_introspection_cpp
[4.230s] -- Found rmw_implementation_cmake: 1.0.4 (/opt/ros/foxy/share/rmw_implementation_cmake/cmake)
[4.234s] -- Using RMW implementation 'rmw_fastrtps_cpp' as default
[4.238s] -- Looking for pthread.h
[4.447s] -- Looking for pthread.h - found
[4.448s] -- Performing Test CMAKE_HAVE_LIBC_PTHREAD
[4.620s] -- Performing Test CMAKE_HAVE_LIBC_PTHREAD - Failed
[4.620s] -- Looking for pthread_create in pthreads
[4.798s] -- Looking for pthread_create in pthreads - not found
[4.799s] -- Looking for pthread_create in pthread
[4.957s] -- Looking for pthread_create in pthread - found
[4.960s] -- Found Threads: TRUE  
[5.711s] -- Setting yaml-cpp_DIR to: '/opt/ros/foxy/share/yaml_cpp_vendor/cmake/../../../opt/yaml_cpp_vendor/lib/cmake/yaml-cpp'
[5.956s] -- Found PkgConfig: /usr/bin/pkg-config (found version "0.29.1") 
[5.958s] -- Checking for module 'libavcodec'
[5.998s] --   Found libavcodec, version 58.54.100
[6.092s] -- Checking for module 'libswscale'
[6.134s] --   Found libswscale, version 5.5.100
[6.399s] -- Configuring done
[6.467s] -- Generating done
[6.471s] -- Build files have been written to: /home/sbel/Desktop/Cobra-Driver/workspace/build/usb_cam
[6.517s] Invoked command in '/home/sbel/Desktop/Cobra-Driver/workspace/build/usb_cam' returned '0': CMAKE_PREFIX_PATH=/opt/ros/foxy /usr/bin/cmake /home/sbel/Desktop/Cobra-Driver/workspace/src/usb_cam -DCMAKE_INSTALL_PREFIX=/home/sbel/Desktop/Cobra-Driver/workspace/install/usb_cam
[6.529s] Invoking command in '/home/sbel/Desktop/Cobra-Driver/workspace/build/usb_cam': CMAKE_PREFIX_PATH=/opt/ros/foxy /usr/bin/cmake --build /home/sbel/Desktop/Cobra-Driver/workspace/build/usb_cam -- -j8 -l8
[6.635s] [35m[1mScanning dependencies of target usb_cam_node_exe[0m
[6.635s] [35m[1mScanning dependencies of target usb_cam[0m
[6.821s] [ 33%] [32mBuilding CXX object CMakeFiles/usb_cam_node_exe.dir/rclcpp_components/node_main_usb_cam_node_exe.cpp.o[0m
[6.822s] [ 33%] [32mBuilding CXX object CMakeFiles/usb_cam.dir/src/usb_cam.cpp.o[0m
[9.925s] [01m[K/home/sbel/Desktop/Cobra-Driver/workspace/src/usb_cam/src/usb_cam.cpp:[m[K In member function ‘[01m[Kint usb_cam::UsbCam::init_mjpeg_decoder(int, int)[m[K’:
[9.926s] [01m[K/home/sbel/Desktop/Cobra-Driver/workspace/src/usb_cam/src/usb_cam.cpp:75:24:[m[K [01;35m[Kwarning: [m[K‘[01m[Kvoid avcodec_register_all()[m[K’ is deprecated [[01;35m[K-Wdeprecated-declarations[m[K]
[9.926s]    75 |   avcodec_register_all([01;35m[K)[m[K;
[9.926s]       |                        [01;35m[K^[m[K
[9.926s] In file included from [01m[K/home/sbel/Desktop/Cobra-Driver/workspace/src/usb_cam/include/usb_cam/usb_cam.hpp:39[m[K,
[9.927s]                  from [01m[K/home/sbel/Desktop/Cobra-Driver/workspace/src/usb_cam/src/usb_cam.cpp:31[m[K:
[9.927s] [01m[K/usr/include/aarch64-linux-gnu/libavcodec/avcodec.h:4159:6:[m[K [01;36m[Knote: [m[Kdeclared here
[9.927s]  4159 | void [01;36m[Kavcodec_register_all[m[K(void);
[9.927s]       |      [01;36m[K^~~~~~~~~~~~~~~~~~~~[m[K
[9.927s] [01m[K/home/sbel/Desktop/Cobra-Driver/workspace/src/usb_cam/src/usb_cam.cpp:75:24:[m[K [01;35m[Kwarning: [m[K‘[01m[Kvoid avcodec_register_all()[m[K’ is deprecated [[01;35m[K-Wdeprecated-declarations[m[K]
[9.927s]    75 |   avcodec_register_all([01;35m[K)[m[K;
[9.927s]       |                        [01;35m[K^[m[K
[9.927s] In file included from [01m[K/home/sbel/Desktop/Cobra-Driver/workspace/src/usb_cam/include/usb_cam/usb_cam.hpp:39[m[K,
[9.927s]                  from [01m[K/home/sbel/Desktop/Cobra-Driver/workspace/src/usb_cam/src/usb_cam.cpp:31[m[K:
[9.928s] [01m[K/usr/include/aarch64-linux-gnu/libavcodec/avcodec.h:4159:6:[m[K [01;36m[Knote: [m[Kdeclared here
[9.928s]  4159 | void [01;36m[Kavcodec_register_all[m[K(void);
[9.928s]       |      [01;36m[K^~~~~~~~~~~~~~~~~~~~[m[K
[9.928s] [01m[K/home/sbel/Desktop/Cobra-Driver/workspace/src/usb_cam/src/usb_cam.cpp:93:93:[m[K [01;35m[Kwarning: [m[K‘[01m[Kint avpicture_alloc(AVPicture*, AVPixelFormat, int, int)[m[K’ is deprecated [[01;35m[K-Wdeprecated-declarations[m[K]
[9.928s]    93 |     reinterpret_cast<AVPicture *>(avframe_rgb_), AV_PIX_FMT_RGB24, image_width, image_height[01;35m[K)[m[K;
[9.928s]       |                                                                                             [01;35m[K^[m[K
[9.928s] In file included from [01m[K/home/sbel/Desktop/Cobra-Driver/workspace/src/usb_cam/include/usb_cam/usb_cam.hpp:39[m[K,
[9.928s]                  from [01m[K/home/sbel/Desktop/Cobra-Driver/workspace/src/usb_cam/src/usb_cam.cpp:31[m[K:
[9.928s] [01m[K/usr/include/aarch64-linux-gnu/libavcodec/avcodec.h:5483:5:[m[K [01;36m[Knote: [m[Kdeclared here
[9.928s]  5483 | int [01;36m[Kavpicture_alloc[m[K(AVPicture *picture, enum AVPixelFormat pix_fmt, int width, int height);
[9.929s]       |     [01;36m[K^~~~~~~~~~~~~~~[m[K
[9.929s] [01m[K/home/sbel/Desktop/Cobra-Driver/workspace/src/usb_cam/src/usb_cam.cpp:93:93:[m[K [01;35m[Kwarning: [m[K‘[01m[Kint avpicture_alloc(AVPicture*, AVPixelFormat, int, int)[m[K’ is deprecated [[01;35m[K-Wdeprecated-declarations[m[K]
[9.929s]    93 |     reinterpret_cast<AVPicture *>(avframe_rgb_), AV_PIX_FMT_RGB24, image_width, image_height[01;35m[K)[m[K;
[9.929s]       |                                                                                             [01;35m[K^[m[K
[9.929s] In file included from [01m[K/home/sbel/Desktop/Cobra-Driver/workspace/src/usb_cam/include/usb_cam/usb_cam.hpp:39[m[K,
[9.929s]                  from [01m[K/home/sbel/Desktop/Cobra-Driver/workspace/src/usb_cam/src/usb_cam.cpp:31[m[K:
[9.929s] [01m[K/usr/include/aarch64-linux-gnu/libavcodec/avcodec.h:5483:5:[m[K [01;36m[Knote: [m[Kdeclared here
[9.929s]  5483 | int [01;36m[Kavpicture_alloc[m[K(AVPicture *picture, enum AVPixelFormat pix_fmt, int width, int height);
[9.929s]       |     [01;36m[K^~~~~~~~~~~~~~~[m[K
[9.931s] [01m[K/home/sbel/Desktop/Cobra-Driver/workspace/src/usb_cam/src/usb_cam.cpp:108:90:[m[K [01;35m[Kwarning: [m[K‘[01m[Kint avpicture_get_size(AVPixelFormat, int, int)[m[K’ is deprecated [[01;35m[K-Wdeprecated-declarations[m[K]
[9.931s]   108 |   avframe_camera_size_ = avpicture_get_size(AV_PIX_FMT_YUV422P, image_width, image_height[01;35m[K)[m[K;
[9.931s]       |                                                                                          [01;35m[K^[m[K
[9.931s] In file included from [01m[K/home/sbel/Desktop/Cobra-Driver/workspace/src/usb_cam/include/usb_cam/usb_cam.hpp:39[m[K,
[9.931s]                  from [01m[K/home/sbel/Desktop/Cobra-Driver/workspace/src/usb_cam/src/usb_cam.cpp:31[m[K:
[9.931s] [01m[K/usr/include/aarch64-linux-gnu/libavcodec/avcodec.h:5510:5:[m[K [01;36m[Knote: [m[Kdeclared here
[9.931s]  5510 | int [01;36m[Kavpicture_get_size[m[K(enum AVPixelFormat pix_fmt, int width, int height);
[9.931s]       |     [01;36m[K^~~~~~~~~~~~~~~~~~[m[K
[9.932s] [01m[K/home/sbel/Desktop/Cobra-Driver/workspace/src/usb_cam/src/usb_cam.cpp:108:90:[m[K [01;35m[Kwarning: [m[K‘[01m[Kint avpicture_get_size(AVPixelFormat, int, int)[m[K’ is deprecated [[01;35m[K-Wdeprecated-declarations[m[K]
[9.932s]   108 |   avframe_camera_size_ = avpicture_get_size(AV_PIX_FMT_YUV422P, image_width, image_height[01;35m[K)[m[K;
[9.932s]       |                                                                                          [01;35m[K^[m[K
[9.932s] In file included from [01m[K/home/sbel/Desktop/Cobra-Driver/workspace/src/usb_cam/include/usb_cam/usb_cam.hpp:39[m[K,
[9.932s]                  from [01m[K/home/sbel/Desktop/Cobra-Driver/workspace/src/usb_cam/src/usb_cam.cpp:31[m[K:
[9.932s] [01m[K/usr/include/aarch64-linux-gnu/libavcodec/avcodec.h:5510:5:[m[K [01;36m[Knote: [m[Kdeclared here
[9.932s]  5510 | int [01;36m[Kavpicture_get_size[m[K(enum AVPixelFormat pix_fmt, int width, int height);
[9.932s]       |     [01;36m[K^~~~~~~~~~~~~~~~~~[m[K
[9.932s] [01m[K/home/sbel/Desktop/Cobra-Driver/workspace/src/usb_cam/src/usb_cam.cpp:109:85:[m[K [01;35m[Kwarning: [m[K‘[01m[Kint avpicture_get_size(AVPixelFormat, int, int)[m[K’ is deprecated [[01;35m[K-Wdeprecated-declarations[m[K]
[9.933s]   109 |   avframe_rgb_size_ = avpicture_get_size(AV_PIX_FMT_RGB24, image_width, image_height[01;35m[K)[m[K;
[9.933s]       |                                                                                     [01;35m[K^[m[K
[9.933s] In file included from [01m[K/home/sbel/Desktop/Cobra-Driver/workspace/src/usb_cam/include/usb_cam/usb_cam.hpp:39[m[K,
[9.933s]                  from [01m[K/home/sbel/Desktop/Cobra-Driver/workspace/src/usb_cam/src/usb_cam.cpp:31[m[K:
[9.933s] [01m[K/usr/include/aarch64-linux-gnu/libavcodec/avcodec.h:5510:5:[m[K [01;36m[Knote: [m[Kdeclared here
[9.933s]  5510 | int [01;36m[Kavpicture_get_size[m[K(enum AVPixelFormat pix_fmt, int width, int height);
[9.933s]       |     [01;36m[K^~~~~~~~~~~~~~~~~~[m[K
[9.933s] [01m[K/home/sbel/Desktop/Cobra-Driver/workspace/src/usb_cam/src/usb_cam.cpp:109:85:[m[K [01;35m[Kwarning: [m[K‘[01m[Kint avpicture_get_size(AVPixelFormat, int, int)[m[K’ is deprecated [[01;35m[K-Wdeprecated-declarations[m[K]
[9.933s]   109 |   avframe_rgb_size_ = avpicture_get_size(AV_PIX_FMT_RGB24, image_width, image_height[01;35m[K)[m[K;
[9.933s]       |                                                                                     [01;35m[K^[m[K
[9.934s] In file included from [01m[K/home/sbel/Desktop/Cobra-Driver/workspace/src/usb_cam/include/usb_cam/usb_cam.hpp:39[m[K,
[9.934s]                  from [01m[K/home/sbel/Desktop/Cobra-Driver/workspace/src/usb_cam/src/usb_cam.cpp:31[m[K:
[9.934s] [01m[K/usr/include/aarch64-linux-gnu/libavcodec/avcodec.h:5510:5:[m[K [01;36m[Knote: [m[Kdeclared here
[9.934s]  5510 | int [01;36m[Kavpicture_get_size[m[K(enum AVPixelFormat pix_fmt, int width, int height);
[9.934s]       |     [01;36m[K^~~~~~~~~~~~~~~~~~[m[K
[9.935s] [01m[K/home/sbel/Desktop/Cobra-Driver/workspace/src/usb_cam/src/usb_cam.cpp:[m[K In member function ‘[01m[Kbool usb_cam::UsbCam::mjpeg2rgb(char*, int, char*, int)[m[K’:
[9.935s] [01m[K/home/sbel/Desktop/Cobra-Driver/workspace/src/usb_cam/src/usb_cam.cpp:142:94:[m[K [01;35m[Kwarning: [m[K‘[01m[Kint avcodec_decode_video2(AVCodecContext*, AVFrame*, int*, const AVPacket*)[m[K’ is deprecated [[01;35m[K-Wdeprecated-declarations[m[K]
[9.935s]   142 |   decoded_len = avcodec_decode_video2(avcodec_context_, avframe_camera_, &got_picture, &avpkt[01;35m[K)[m[K;
[9.935s]       |                                                                                              [01;35m[K^[m[K
[9.935s] In file included from [01m[K/home/sbel/Desktop/Cobra-Driver/workspace/src/usb_cam/include/usb_cam/usb_cam.hpp:39[m[K,
[9.935s]                  from [01m[K/home/sbel/Desktop/Cobra-Driver/workspace/src/usb_cam/src/usb_cam.cpp:31[m[K:
[9.935s] [01m[K/usr/include/aarch64-linux-gnu/libavcodec/avcodec.h:4828:5:[m[K [01;36m[Knote: [m[Kdeclared here
[9.935s]  4828 | int [01;36m[Kavcodec_decode_video2[m[K(AVCodecContext *avctx, AVFrame *picture,
[9.935s]       |     [01;36m[K^~~~~~~~~~~~~~~~~~~~~[m[K
[9.936s] [01m[K/home/sbel/Desktop/Cobra-Driver/workspace/src/usb_cam/src/usb_cam.cpp:142:94:[m[K [01;35m[Kwarning: [m[K‘[01m[Kint avcodec_decode_video2(AVCodecContext*, AVFrame*, int*, const AVPacket*)[m[K’ is deprecated [[01;35m[K-Wdeprecated-declarations[m[K]
[9.936s]   142 |   decoded_len = avcodec_decode_video2(avcodec_context_, avframe_camera_, &got_picture, &avpkt[01;35m[K)[m[K;
[9.936s]       |                                                                                              [01;35m[K^[m[K
[9.936s] In file included from [01m[K/home/sbel/Desktop/Cobra-Driver/workspace/src/usb_cam/include/usb_cam/usb_cam.hpp:39[m[K,
[9.936s]                  from [01m[K/home/sbel/Desktop/Cobra-Driver/workspace/src/usb_cam/src/usb_cam.cpp:31[m[K:
[9.936s] [01m[K/usr/include/aarch64-linux-gnu/libavcodec/avcodec.h:4828:5:[m[K [01;36m[Knote: [m[Kdeclared here
[9.936s]  4828 | int [01;36m[Kavcodec_decode_video2[m[K(AVCodecContext *avctx, AVFrame *picture,
[9.936s]       |     [01;36m[K^~~~~~~~~~~~~~~~~~~~~[m[K
[9.937s] [01m[K/home/sbel/Desktop/Cobra-Driver/workspace/src/usb_cam/src/usb_cam.cpp:161:76:[m[K [01;35m[Kwarning: [m[K‘[01m[Kint avpicture_get_size(AVPixelFormat, int, int)[m[K’ is deprecated [[01;35m[K-Wdeprecated-declarations[m[K]
[9.937s]   161 |   int pic_size = avpicture_get_size(avcodec_context_->pix_fmt, xsize, ysize[01;35m[K)[m[K;
[9.937s]       |                                                                            [01;35m[K^[m[K
[9.937s] In file included from [01m[K/home/sbel/Desktop/Cobra-Driver/workspace/src/usb_cam/include/usb_cam/usb_cam.hpp:39[m[K,
[9.937s]                  from [01m[K/home/sbel/Desktop/Cobra-Driver/workspace/src/usb_cam/src/usb_cam.cpp:31[m[K:
[9.937s] [01m[K/usr/include/aarch64-linux-gnu/libavcodec/avcodec.h:5510:5:[m[K [01;36m[Knote: [m[Kdeclared here
[9.937s]  5510 | int [01;36m[Kavpicture_get_size[m[K(enum AVPixelFormat pix_fmt, int width, int height);
[9.937s]       |     [01;36m[K^~~~~~~~~~~~~~~~~~[m[K
[9.937s] [01m[K/home/sbel/Desktop/Cobra-Driver/workspace/src/usb_cam/src/usb_cam.cpp:161:76:[m[K [01;35m[Kwarning: [m[K‘[01m[Kint avpicture_get_size(AVPixelFormat, int, int)[m[K’ is deprecated [[01;35m[K-Wdeprecated-declarations[m[K]
[9.938s]   161 |   int pic_size = avpicture_get_size(avcodec_context_->pix_fmt, xsize, ysize[01;35m[K)[m[K;
[9.938s]       |                                                                            [01;35m[K^[m[K
[9.938s] In file included from [01m[K/home/sbel/Desktop/Cobra-Driver/workspace/src/usb_cam/include/usb_cam/usb_cam.hpp:39[m[K,
[9.938s]                  from [01m[K/home/sbel/Desktop/Cobra-Driver/workspace/src/usb_cam/src/usb_cam.cpp:31[m[K:
[9.938s] [01m[K/usr/include/aarch64-linux-gnu/libavcodec/avcodec.h:5510:5:[m[K [01;36m[Knote: [m[Kdeclared here
[9.938s]  5510 | int [01;36m[Kavpicture_get_size[m[K(enum AVPixelFormat pix_fmt, int width, int height);
[9.938s]       |     [01;36m[K^~~~~~~~~~~~~~~~~~[m[K
[9.945s] [01m[K/home/sbel/Desktop/Cobra-Driver/workspace/src/usb_cam/src/usb_cam.cpp:189:70:[m[K [01;35m[Kwarning: [m[K‘[01m[Kint avpicture_layout(const AVPicture*, AVPixelFormat, int, int, unsigned char*, int)[m[K’ is deprecated [[01;35m[K-Wdeprecated-declarations[m[K]
[9.946s]   189 |     xsize, ysize, reinterpret_cast<uint8_t *>(RGB), avframe_rgb_size_[01;35m[K)[m[K;
[9.946s]       |                                                                      [01;35m[K^[m[K
[9.946s] In file included from [01m[K/home/sbel/Desktop/Cobra-Driver/workspace/src/usb_cam/include/usb_cam/usb_cam.hpp:39[m[K,
[9.946s]                  from [01m[K/home/sbel/Desktop/Cobra-Driver/workspace/src/usb_cam/src/usb_cam.cpp:31[m[K:
[9.946s] [01m[K/usr/include/aarch64-linux-gnu/libavcodec/avcodec.h:5502:5:[m[K [01;36m[Knote: [m[Kdeclared here
[9.946s]  5502 | int [01;36m[Kavpicture_layout[m[K(const AVPicture *src, enum AVPixelFormat pix_fmt,
[9.946s]       |     [01;36m[K^~~~~~~~~~~~~~~~[m[K
[9.946s] [01m[K/home/sbel/Desktop/Cobra-Driver/workspace/src/usb_cam/src/usb_cam.cpp:189:70:[m[K [01;35m[Kwarning: [m[K‘[01m[Kint avpicture_layout(const AVPicture*, AVPixelFormat, int, int, unsigned char*, int)[m[K’ is deprecated [[01;35m[K-Wdeprecated-declarations[m[K]
[9.947s]   189 |     xsize, ysize, reinterpret_cast<uint8_t *>(RGB), avframe_rgb_size_[01;35m[K)[m[K;
[9.947s]       |                                                                      [01;35m[K^[m[K
[9.947s] In file included from [01m[K/home/sbel/Desktop/Cobra-Driver/workspace/src/usb_cam/include/usb_cam/usb_cam.hpp:39[m[K,
[9.947s]                  from [01m[K/home/sbel/Desktop/Cobra-Driver/workspace/src/usb_cam/src/usb_cam.cpp:31[m[K:
[9.947s] [01m[K/usr/include/aarch64-linux-gnu/libavcodec/avcodec.h:5502:5:[m[K [01;36m[Knote: [m[Kdeclared here
[9.947s]  5502 | int [01;36m[Kavpicture_layout[m[K(const AVPicture *src, enum AVPixelFormat pix_fmt,
[9.947s]       |     [01;36m[K^~~~~~~~~~~~~~~~[m[K
[9.950s] [01m[K/home/sbel/Desktop/Cobra-Driver/workspace/src/usb_cam/src/usb_cam.cpp:[m[K In member function ‘[01m[Kbool usb_cam::UsbCam::read_frame()[m[K’:
[9.950s] [01m[K/home/sbel/Desktop/Cobra-Driver/workspace/src/usb_cam/src/usb_cam.cpp:274:29:[m[K [01;35m[Kwarning: [m[Koverflow in conversion from ‘[01m[Klong unsigned int[m[K’ to ‘[01m[Kint[m[K’ changes value from ‘[01m[K3227014673[m[K’ to ‘[01m[K-1067952623[m[K’ [[01;35m[K-Woverflow[m[K]
[9.950s]   274 |       if (-1 == xioctl(fd_, [01;35m[KVIDIOC_DQBUF[m[K, &buf)) {
[9.950s]       |                             [01;35m[K^~~~~~~~~~~~[m[K
[9.951s] [01m[K/home/sbel/Desktop/Cobra-Driver/workspace/src/usb_cam/src/usb_cam.cpp:302:29:[m[K [01;35m[Kwarning: [m[Koverflow in conversion from ‘[01m[Klong unsigned int[m[K’ to ‘[01m[Kint[m[K’ changes value from ‘[01m[K3227014671[m[K’ to ‘[01m[K-1067952625[m[K’ [[01;35m[K-Woverflow[m[K]
[9.951s]   302 |       if (-1 == xioctl(fd_, [01;35m[KVIDIOC_QBUF[m[K, &buf)) {
[9.951s]       |                             [01;35m[K^~~~~~~~~~~[m[K
[9.952s] [01m[K/home/sbel/Desktop/Cobra-Driver/workspace/src/usb_cam/src/usb_cam.cpp:317:29:[m[K [01;35m[Kwarning: [m[Koverflow in conversion from ‘[01m[Klong unsigned int[m[K’ to ‘[01m[Kint[m[K’ changes value from ‘[01m[K3227014673[m[K’ to ‘[01m[K-1067952623[m[K’ [[01;35m[K-Woverflow[m[K]
[9.952s]   317 |       if (-1 == xioctl(fd_, [01;35m[KVIDIOC_DQBUF[m[K, &buf)) {
[9.952s]       |                             [01;35m[K^~~~~~~~~~~~[m[K
[9.953s] [01m[K/home/sbel/Desktop/Cobra-Driver/workspace/src/usb_cam/src/usb_cam.cpp:352:29:[m[K [01;35m[Kwarning: [m[Koverflow in conversion from ‘[01m[Klong unsigned int[m[K’ to ‘[01m[Kint[m[K’ changes value from ‘[01m[K3227014671[m[K’ to ‘[01m[K-1067952625[m[K’ [[01;35m[K-Woverflow[m[K]
[9.953s]   352 |       if (-1 == xioctl(fd_, [01;35m[KVIDIOC_QBUF[m[K, &buf)) {
[9.953s]       |                             [01;35m[K^~~~~~~~~~~[m[K
[9.953s] [01m[K/home/sbel/Desktop/Cobra-Driver/workspace/src/usb_cam/src/usb_cam.cpp:242:10:[m[K [01;35m[Kwarning: [m[Kenumeration value ‘[01m[KIO_METHOD_UNKNOWN[m[K’ not handled in switch [[01;35m[K-Wswitch[m[K]
[9.953s]   242 |   switch [01;35m[K([m[Kio_) {
[9.953s]       |          [01;35m[K^[m[K
[9.954s] [01m[K/home/sbel/Desktop/Cobra-Driver/workspace/src/usb_cam/src/usb_cam.cpp:[m[K In member function ‘[01m[Kbool usb_cam::UsbCam::stop_capturing()[m[K’:
[9.955s] [01m[K/home/sbel/Desktop/Cobra-Driver/workspace/src/usb_cam/src/usb_cam.cpp:376:10:[m[K [01;35m[Kwarning: [m[Kenumeration value ‘[01m[KIO_METHOD_UNKNOWN[m[K’ not handled in switch [[01;35m[K-Wswitch[m[K]
[9.955s]   376 |   switch [01;35m[K([m[Kio_) {
[9.955s]       |          [01;35m[K^[m[K
[9.955s] [01m[K/home/sbel/Desktop/Cobra-Driver/workspace/src/usb_cam/src/usb_cam.cpp:[m[K In member function ‘[01m[Kbool usb_cam::UsbCam::start_capturing()[m[K’:
[9.955s] [01m[K/home/sbel/Desktop/Cobra-Driver/workspace/src/usb_cam/src/usb_cam.cpp:417:31:[m[K [01;35m[Kwarning: [m[Koverflow in conversion from ‘[01m[Klong unsigned int[m[K’ to ‘[01m[Kint[m[K’ changes value from ‘[01m[K3227014671[m[K’ to ‘[01m[K-1067952625[m[K’ [[01;35m[K-Woverflow[m[K]
[9.955s]   417 |         if (-1 == xioctl(fd_, [01;35m[KVIDIOC_QBUF[m[K, &buf)) {
[9.955s]       |                               [01;35m[K^~~~~~~~~~~[m[K
[9.956s] [01m[K/home/sbel/Desktop/Cobra-Driver/workspace/src/usb_cam/src/usb_cam.cpp:443:31:[m[K [01;35m[Kwarning: [m[Koverflow in conversion from ‘[01m[Klong unsigned int[m[K’ to ‘[01m[Kint[m[K’ changes value from ‘[01m[K3227014671[m[K’ to ‘[01m[K-1067952625[m[K’ [[01;35m[K-Woverflow[m[K]
[9.956s]   443 |         if (-1 == xioctl(fd_, [01;35m[KVIDIOC_QBUF[m[K, &buf)) {
[9.957s]       |                               [01;35m[K^~~~~~~~~~~[m[K
[9.957s] [01m[K/home/sbel/Desktop/Cobra-Driver/workspace/src/usb_cam/src/usb_cam.cpp:402:10:[m[K [01;35m[Kwarning: [m[Kenumeration value ‘[01m[KIO_METHOD_UNKNOWN[m[K’ not handled in switch [[01;35m[K-Wswitch[m[K]
[9.957s]   402 |   switch [01;35m[K([m[Kio_) {
[9.957s]       |          [01;35m[K^[m[K
[9.958s] [01m[K/home/sbel/Desktop/Cobra-Driver/workspace/src/usb_cam/src/usb_cam.cpp:[m[K In member function ‘[01m[Kbool usb_cam::UsbCam::uninit_device()[m[K’:
[9.959s] [01m[K/home/sbel/Desktop/Cobra-Driver/workspace/src/usb_cam/src/usb_cam.cpp:466:10:[m[K [01;35m[Kwarning: [m[Kenumeration value ‘[01m[KIO_METHOD_UNKNOWN[m[K’ not handled in switch [[01;35m[K-Wswitch[m[K]
[9.959s]   466 |   switch [01;35m[K([m[Kio_) {
[9.959s]       |          [01;35m[K^[m[K
[9.962s] [01m[K/home/sbel/Desktop/Cobra-Driver/workspace/src/usb_cam/src/usb_cam.cpp:[m[K In member function ‘[01m[Kbool usb_cam::UsbCam::init_mmap()[m[K’:
[9.962s] [01m[K/home/sbel/Desktop/Cobra-Driver/workspace/src/usb_cam/src/usb_cam.cpp:520:25:[m[K [01;35m[Kwarning: [m[Koverflow in conversion from ‘[01m[Klong unsigned int[m[K’ to ‘[01m[Kint[m[K’ changes value from ‘[01m[K3222558216[m[K’ to ‘[01m[K-1072409080[m[K’ [[01;35m[K-Woverflow[m[K]
[9.962s]   520 |   if (-1 == xioctl(fd_, [01;35m[KVIDIOC_REQBUFS[m[K, &req)) {
[9.962s]       |                         [01;35m[K^~~~~~~~~~~~~~[m[K
[9.967s] [01m[K/home/sbel/Desktop/Cobra-Driver/workspace/src/usb_cam/src/usb_cam.cpp:555:27:[m[K [01;35m[Kwarning: [m[Koverflow in conversion from ‘[01m[Klong unsigned int[m[K’ to ‘[01m[Kint[m[K’ changes value from ‘[01m[K3227014665[m[K’ to ‘[01m[K-1067952631[m[K’ [[01;35m[K-Woverflow[m[K]
[9.967s]   555 |     if (-1 == xioctl(fd_, [01;35m[KVIDIOC_QUERYBUF[m[K, &buf)) {
[9.967s]       |                           [01;35m[K^~~~~~~~~~~~~~~[m[K
[9.969s] [01m[K/home/sbel/Desktop/Cobra-Driver/workspace/src/usb_cam/src/usb_cam.cpp:[m[K In member function ‘[01m[Kbool usb_cam::UsbCam::init_userp(unsigned int)[m[K’:
[9.969s] [01m[K/home/sbel/Desktop/Cobra-Driver/workspace/src/usb_cam/src/usb_cam.cpp:588:25:[m[K [01;35m[Kwarning: [m[Koverflow in conversion from ‘[01m[Klong unsigned int[m[K’ to ‘[01m[Kint[m[K’ changes value from ‘[01m[K3222558216[m[K’ to ‘[01m[K-1072409080[m[K’ [[01;35m[K-Woverflow[m[K]
[9.969s]   588 |   if (-1 == xioctl(fd_, [01;35m[KVIDIOC_REQBUFS[m[K, &req)) {
[9.969s]       |                         [01;35m[K^~~~~~~~~~~~~~[m[K
[9.975s] [01m[K/home/sbel/Desktop/Cobra-Driver/workspace/src/usb_cam/src/usb_cam.cpp:[m[K In member function ‘[01m[Kbool usb_cam::UsbCam::init_device(int, int, int)[m[K’:
[9.975s] [01m[K/home/sbel/Desktop/Cobra-Driver/workspace/src/usb_cam/src/usb_cam.cpp:627:25:[m[K [01;35m[Kwarning: [m[Koverflow in conversion from ‘[01m[Klong unsigned int[m[K’ to ‘[01m[Kint[m[K’ changes value from ‘[01m[K2154321408[m[K’ to ‘[01m[K-2140645888[m[K’ [[01;35m[K-Woverflow[m[K]
[9.975s]   627 |   if (-1 == xioctl(fd_, [01;35m[KVIDIOC_QUERYCAP[m[K, &cap)) {
[9.975s]       |                         [01;35m[K^~~~~~~~~~~~~~~[m[K
[9.981s] [01m[K/home/sbel/Desktop/Cobra-Driver/workspace/src/usb_cam/src/usb_cam.cpp:646:10:[m[K [01;35m[Kwarning: [m[Kenumeration value ‘[01m[KIO_METHOD_UNKNOWN[m[K’ not handled in switch [[01;35m[K-Wswitch[m[K]
[9.981s]   646 |   switch [01;35m[K([m[Kio_) {
[9.981s]       |          [01;35m[K^[m[K
[9.981s] [01m[K/home/sbel/Desktop/Cobra-Driver/workspace/src/usb_cam/src/usb_cam.cpp:675:24:[m[K [01;35m[Kwarning: [m[Koverflow in conversion from ‘[01m[Klong unsigned int[m[K’ to ‘[01m[Kint[m[K’ changes value from ‘[01m[K3224131130[m[K’ to ‘[01m[K-1070836166[m[K’ [[01;35m[K-Woverflow[m[K]
[9.981s]   675 |   if (0 == xioctl(fd_, [01;35m[KVIDIOC_CROPCAP[m[K, &cropcap)) {
[9.981s]       |                        [01;35m[K^~~~~~~~~~~~~~[m[K
[9.982s] [01m[K/home/sbel/Desktop/Cobra-Driver/workspace/src/usb_cam/src/usb_cam.cpp:701:25:[m[K [01;35m[Kwarning: [m[Koverflow in conversion from ‘[01m[Klong unsigned int[m[K’ to ‘[01m[Kint[m[K’ changes value from ‘[01m[K3234878981[m[K’ to ‘[01m[K-1060088315[m[K’ [[01;35m[K-Woverflow[m[K]
[9.982s]   701 |   if (-1 == xioctl(fd_, [01;35m[KVIDIOC_S_FMT[m[K, &fmt)) {
[9.982s]       |                         [01;35m[K^~~~~~~~~~~~[m[K
[9.983s] [01m[K/home/sbel/Desktop/Cobra-Driver/workspace/src/usb_cam/src/usb_cam.cpp:707:21:[m[K [01;35m[Kwarning: [m[Koverflow in conversion from ‘[01m[Klong unsigned int[m[K’ to ‘[01m[Kint[m[K’ changes value from ‘[01m[K3234878980[m[K’ to ‘[01m[K-1060088316[m[K’ [[01;35m[K-Woverflow[m[K]
[9.983s]   707 |     if (xioctl(fd_, [01;35m[KVIDIOC_G_FMT[m[K, &fmt) >= 0) {
[9.983s]       |                     [01;35m[K^~~~~~~~~~~~[m[K
[9.987s] [01m[K/home/sbel/Desktop/Cobra-Driver/workspace/src/usb_cam/src/usb_cam.cpp:717:27:[m[K [01;35m[Kwarning: [m[Kcomparison of integer expressions of different signedness: ‘[01m[K__u32[m[K’ {aka ‘[01m[Kunsigned int[m[K’} and ‘[01m[Kint[m[K’ [[01;35m[K-Wsign-compare[m[K]
[9.987s]   717 |         [01;35m[Kfmt.fmt.pix.width == image_width[m[K &&
[9.987s]       |         [01;35m[K~~~~~~~~~~~~~~~~~~^~~~~~~~~~~~~~[m[K
[9.987s] [01m[K/home/sbel/Desktop/Cobra-Driver/workspace/src/usb_cam/src/usb_cam.cpp:718:28:[m[K [01;35m[Kwarning: [m[Kcomparison of integer expressions of different signedness: ‘[01m[K__u32[m[K’ {aka ‘[01m[Kunsigned int[m[K’} and ‘[01m[Kint[m[K’ [[01;35m[K-Wsign-compare[m[K]
[9.987s]   718 |         [01;35m[Kfmt.fmt.pix.height == image_height[m[K) {
[9.987s]       |         [01;35m[K~~~~~~~~~~~~~~~~~~~^~~~~~~~~~~~~~~[m[K
[9.990s] [01m[K/home/sbel/Desktop/Cobra-Driver/workspace/src/usb_cam/src/usb_cam.cpp:751:19:[m[K [01;35m[Kwarning: [m[Koverflow in conversion from ‘[01m[Klong unsigned int[m[K’ to ‘[01m[Kint[m[K’ changes value from ‘[01m[K3234616853[m[K’ to ‘[01m[K-1060350443[m[K’ [[01;35m[K-Woverflow[m[K]
[9.990s]   751 |   if (xioctl(fd_, [01;35m[KVIDIOC_G_PARM[m[K, &stream_params) < 0) {
[9.990s]       |                   [01;35m[K^~~~~~~~~~~~~[m[K
[9.994s] [01m[K/home/sbel/Desktop/Cobra-Driver/workspace/src/usb_cam/src/usb_cam.cpp:766:19:[m[K [01;35m[Kwarning: [m[Koverflow in conversion from ‘[01m[Klong unsigned int[m[K’ to ‘[01m[Kint[m[K’ changes value from ‘[01m[K3234616854[m[K’ to ‘[01m[K-1060350442[m[K’ [[01;35m[K-Woverflow[m[K]
[9.994s]   766 |   if (xioctl(fd_, [01;35m[KVIDIOC_S_PARM[m[K, &stream_params) < 0) {
[9.995s]       |                   [01;35m[K^~~~~~~~~~~~~[m[K
[9.997s] [01m[K/home/sbel/Desktop/Cobra-Driver/workspace/src/usb_cam/src/usb_cam.cpp:772:10:[m[K [01;35m[Kwarning: [m[Kenumeration value ‘[01m[KIO_METHOD_UNKNOWN[m[K’ not handled in switch [[01;35m[K-Wswitch[m[K]
[9.997s]   772 |   switch [01;35m[K([m[Kio_) {
[9.997s]       |          [01;35m[K^[m[K
[10.011s] [01m[K/home/sbel/Desktop/Cobra-Driver/workspace/src/usb_cam/src/usb_cam.cpp:[m[K In member function ‘[01m[Kvoid usb_cam::UsbCam::get_formats()[m[K’:
[10.011s] [01m[K/home/sbel/Desktop/Cobra-Driver/workspace/src/usb_cam/src/usb_cam.cpp:949:35:[m[K [01;35m[Kwarning: [m[Koverflow in conversion from ‘[01m[Klong unsigned int[m[K’ to ‘[01m[Kint[m[K’ changes value from ‘[01m[K3225441794[m[K’ to ‘[01m[K-1069525502[m[K’ [[01;35m[K-Woverflow[m[K]
[10.011s]   949 |   for (fmt.index = 0; xioctl(fd_, [01;35m[KVIDIOC_ENUM_FMT[m[K, &fmt) == 0; ++fmt.index) {
[10.011s]       |                                   [01;35m[K^~~~~~~~~~~~~~~[m[K
[10.015s] [01m[K/home/sbel/Desktop/Cobra-Driver/workspace/src/usb_cam/src/usb_cam.cpp:959:38:[m[K [01;35m[Kwarning: [m[Koverflow in conversion from ‘[01m[Klong unsigned int[m[K’ to ‘[01m[Kint[m[K’ changes value from ‘[01m[K3224131146[m[K’ to ‘[01m[K-1070836150[m[K’ [[01;35m[K-Woverflow[m[K]
[10.015s]   959 |     for (size.index = 0; xioctl(fd_, [01;35m[KVIDIOC_ENUM_FRAMESIZES[m[K, &size) == 0; ++size.index) {
[10.015s]       |                                      [01;35m[K^~~~~~~~~~~~~~~~~~~~~~[m[K
[10.017s] [01m[K/home/sbel/Desktop/Cobra-Driver/workspace/src/usb_cam/src/usb_cam.cpp:968:44:[m[K [01;35m[Kwarning: [m[Koverflow in conversion from ‘[01m[Klong unsigned int[m[K’ to ‘[01m[Kint[m[K’ changes value from ‘[01m[K3224655435[m[K’ to ‘[01m[K-1070311861[m[K’ [[01;35m[K-Woverflow[m[K]
[10.017s]   968 |       for (interval.index = 0; xioctl(fd_, [01;35m[KVIDIOC_ENUM_FRAMEINTERVALS[m[K, &interval) == 0;
[10.017s]       |                                            [01;35m[K^~~~~~~~~~~~~~~~~~~~~~~~~~[m[K
[10.025s] [01m[K/home/sbel/Desktop/Cobra-Driver/workspace/src/usb_cam/src/usb_cam.cpp:[m[K In member function ‘[01m[Kbool usb_cam::UsbCam::set_auto_focus(int)[m[K’:
[10.025s] [01m[K/home/sbel/Desktop/Cobra-Driver/workspace/src/usb_cam/src/usb_cam.cpp:1034:25:[m[K [01;35m[Kwarning: [m[Koverflow in conversion from ‘[01m[Klong unsigned int[m[K’ to ‘[01m[Kint[m[K’ changes value from ‘[01m[K3225703972[m[K’ to ‘[01m[K-1069263324[m[K’ [[01;35m[K-Woverflow[m[K]
[10.025s]  1034 |   if (-1 == xioctl(fd_, [01;35m[KVIDIOC_QUERYCTRL[m[K, &queryctrl)) {
[10.025s]       |                         [01;35m[K^~~~~~~~~~~~~~~~[m[K
[10.028s] [01m[K/home/sbel/Desktop/Cobra-Driver/workspace/src/usb_cam/src/usb_cam.cpp:1050:27:[m[K [01;35m[Kwarning: [m[Koverflow in conversion from ‘[01m[Klong unsigned int[m[K’ to ‘[01m[Kint[m[K’ changes value from ‘[01m[K3221771804[m[K’ to ‘[01m[K-1073195492[m[K’ [[01;35m[K-Woverflow[m[K]
[10.028s]  1050 |     if (-1 == xioctl(fd_, [01;35m[KVIDIOC_S_CTRL[m[K, &control)) {
[10.028s]       |                           [01;35m[K^~~~~~~~~~~~~[m[K
[12.078s] [ 50%] [32m[1mLinking CXX shared library libusb_cam.so[0m
[12.345s] [ 66%] [32m[1mLinking CXX executable usb_cam_node_exe[0m
[12.433s] [ 66%] Built target usb_cam
[12.462s] [35m[1mScanning dependencies of target usb_cam_node[0m
[12.568s] [ 83%] [32mBuilding CXX object CMakeFiles/usb_cam_node.dir/src/usb_cam_node.cpp.o[0m
[12.651s] [ 83%] Built target usb_cam_node_exe
[19.728s] [100%] [32m[1mLinking CXX shared library libusb_cam_node.so[0m
[20.221s] [100%] Built target usb_cam_node
[20.254s] Invoked command in '/home/sbel/Desktop/Cobra-Driver/workspace/build/usb_cam' returned '0': CMAKE_PREFIX_PATH=/opt/ros/foxy /usr/bin/cmake --build /home/sbel/Desktop/Cobra-Driver/workspace/build/usb_cam -- -j8 -l8
[20.360s] Invoking command in '/home/sbel/Desktop/Cobra-Driver/workspace/build/usb_cam': CMAKE_PREFIX_PATH=/opt/ros/foxy /usr/bin/cmake --install /home/sbel/Desktop/Cobra-Driver/workspace/build/usb_cam
[20.388s] -- Install configuration: ""
[20.388s] -- Installing: /home/sbel/Desktop/Cobra-Driver/workspace/install/usb_cam/lib/usb_cam/usb_cam_node_exe
[20.389s] -- Set runtime path of "/home/sbel/Desktop/Cobra-Driver/workspace/install/usb_cam/lib/usb_cam/usb_cam_node_exe" to ""
[20.389s] -- Installing: /home/sbel/Desktop/Cobra-Driver/workspace/install/usb_cam/lib/usb_cam/show_image.py
[20.401s] -- Installing: /home/sbel/Desktop/Cobra-Driver/workspace/install/usb_cam/include
[20.402s] -- Installing: /home/sbel/Desktop/Cobra-Driver/workspace/install/usb_cam/include/usb_cam
[20.402s] -- Installing: /home/sbel/Desktop/Cobra-Driver/workspace/install/usb_cam/include/usb_cam/usb_cam.hpp
[20.402s] -- Installing: /home/sbel/Desktop/Cobra-Driver/workspace/install/usb_cam/include/usb_cam/usb_cam_node.hpp
[20.402s] -- Installing: /home/sbel/Desktop/Cobra-Driver/workspace/install/usb_cam/include/usb_cam/usb_cam_utils.hpp
[20.402s] -- Installing: /home/sbel/Desktop/Cobra-Driver/workspace/install/usb_cam/share/usb_cam/environment/library_path.sh
[20.403s] -- Installing: /home/sbel/Desktop/Cobra-Driver/workspace/install/usb_cam/share/usb_cam/environment/library_path.dsv
[20.403s] -- Installing: /home/sbel/Desktop/Cobra-Driver/workspace/install/usb_cam/lib/libusb_cam.so
[20.404s] -- Set runtime path of "/home/sbel/Desktop/Cobra-Driver/workspace/install/usb_cam/lib/libusb_cam.so" to ""
[20.404s] -- Installing: /home/sbel/Desktop/Cobra-Driver/workspace/install/usb_cam/lib/libusb_cam_node.so
[20.406s] -- Set runtime path of "/home/sbel/Desktop/Cobra-Driver/workspace/install/usb_cam/lib/libusb_cam_node.so" to ""
[20.407s] -- Installing: /home/sbel/Desktop/Cobra-Driver/workspace/install/usb_cam/share/usb_cam/launch
[20.407s] -- Installing: /home/sbel/Desktop/Cobra-Driver/workspace/install/usb_cam/share/usb_cam/launch/demo_launch.py
[20.408s] -- Installing: /home/sbel/Desktop/Cobra-Driver/workspace/install/usb_cam/share/usb_cam/config
[20.408s] -- Installing: /home/sbel/Desktop/Cobra-Driver/workspace/install/usb_cam/share/usb_cam/config/camera_info.yaml
[20.409s] -- Installing: /home/sbel/Desktop/Cobra-Driver/workspace/install/usb_cam/share/usb_cam/config/params.yaml
[20.409s] -- Installing: /home/sbel/Desktop/Cobra-Driver/workspace/install/usb_cam/share/ament_index/resource_index/package_run_dependencies/usb_cam
[20.410s] -- Installing: /home/sbel/Desktop/Cobra-Driver/workspace/install/usb_cam/share/ament_index/resource_index/parent_prefix_path/usb_cam
[20.410s] -- Installing: /home/sbel/Desktop/Cobra-Driver/workspace/install/usb_cam/share/usb_cam/environment/ament_prefix_path.sh
[20.410s] -- Installing: /home/sbel/Desktop/Cobra-Driver/workspace/install/usb_cam/share/usb_cam/environment/ament_prefix_path.dsv
[20.411s] -- Installing: /home/sbel/Desktop/Cobra-Driver/workspace/install/usb_cam/share/usb_cam/environment/path.sh
[20.411s] -- Installing: /home/sbel/Desktop/Cobra-Driver/workspace/install/usb_cam/share/usb_cam/environment/path.dsv
[20.411s] -- Installing: /home/sbel/Desktop/Cobra-Driver/workspace/install/usb_cam/share/usb_cam/local_setup.bash
[20.411s] -- Installing: /home/sbel/Desktop/Cobra-Driver/workspace/install/usb_cam/share/usb_cam/local_setup.sh
[20.412s] -- Installing: /home/sbel/Desktop/Cobra-Driver/workspace/install/usb_cam/share/usb_cam/local_setup.zsh
[20.412s] -- Installing: /home/sbel/Desktop/Cobra-Driver/workspace/install/usb_cam/share/usb_cam/local_setup.dsv
[20.412s] -- Installing: /home/sbel/Desktop/Cobra-Driver/workspace/install/usb_cam/share/usb_cam/package.dsv
[20.413s] -- Installing: /home/sbel/Desktop/Cobra-Driver/workspace/install/usb_cam/share/ament_index/resource_index/packages/usb_cam
[20.413s] -- Installing: /home/sbel/Desktop/Cobra-Driver/workspace/install/usb_cam/share/ament_index/resource_index/rclcpp_components/usb_cam
[20.413s] -- Installing: /home/sbel/Desktop/Cobra-Driver/workspace/install/usb_cam/share/usb_cam/cmake/ament_cmake_export_dependencies-extras.cmake
[20.413s] -- Installing: /home/sbel/Desktop/Cobra-Driver/workspace/install/usb_cam/share/usb_cam/cmake/ament_cmake_export_include_directories-extras.cmake
[20.414s] -- Installing: /home/sbel/Desktop/Cobra-Driver/workspace/install/usb_cam/share/usb_cam/cmake/ament_cmake_export_libraries-extras.cmake
[20.414s] -- Installing: /home/sbel/Desktop/Cobra-Driver/workspace/install/usb_cam/share/usb_cam/cmake/usb_camConfig.cmake
[20.415s] -- Installing: /home/sbel/Desktop/Cobra-Driver/workspace/install/usb_cam/share/usb_cam/cmake/usb_camConfig-version.cmake
[20.415s] -- Installing: /home/sbel/Desktop/Cobra-Driver/workspace/install/usb_cam/share/usb_cam/package.xml
[20.428s] Invoked command in '/home/sbel/Desktop/Cobra-Driver/workspace/build/usb_cam' returned '0': CMAKE_PREFIX_PATH=/opt/ros/foxy /usr/bin/cmake --install /home/sbel/Desktop/Cobra-Driver/workspace/build/usb_cam
