[1.390s] Invoking command in '/home/jason/Desktop/STUDY/Cobra-Driver/workspace/build/lidarslam_msgs': CMAKE_PREFIX_PATH=${CMAKE_PREFIX_PATH}:/home/jason/Desktop/STUDY/Cobra-Driver/workspace/src/waypoint_seeker/install/waypoint_seeker:/home/jason/Desktop/STUDY/Cobra-Driver/workspace/install/yolov5_ros2:/home/jason/Desktop/STUDY/Cobra-Driver/workspace/install/waypoint_seeker:/home/jason/Desktop/STUDY/Cobra-Driver/workspace/install/udp_to_ros:/home/jason/Desktop/STUDY/Cobra-Driver/workspace/install/tcp_cam_sender:/home/jason/Desktop/STUDY/Cobra-Driver/workspace/install/ptcloud_save:/home/jason/Desktop/STUDY/Cobra-Driver/workspace/install/common:/opt/ros/iron /home/jason/.local/bin/cmake --build /home/jason/Desktop/STUDY/Cobra-Driver/workspace/build/lidarslam_msgs -- -j16 -l16
[2.961s] [  2%] Built target lidarslam_msgs__rosidl_generator_type_description
[2.961s] [  2%] Built target ament_cmake_python_copy_lidarslam_msgs
[2.961s] [  4%] Built target lidarslam_msgs__cpp
[2.962s] [ 22%] Built target lidarslam_msgs__rosidl_generator_c
[2.962s] [ 31%] Built target lidarslam_msgs__rosidl_typesupport_cpp
[2.962s] [ 40%] Built target lidarslam_msgs__rosidl_typesupport_fastrtps_c
[2.963s] [ 50%] Built target lidarslam_msgs__rosidl_typesupport_introspection_c
[2.963s] [ 59%] Built target lidarslam_msgs__rosidl_typesupport_introspection_cpp
[2.963s] [ 70%] Built target lidarslam_msgs__rosidl_typesupport_c
[2.963s] [ 77%] Built target lidarslam_msgs__rosidl_typesupport_fastrtps_cpp
[2.963s] [ 77%] Built target lidarslam_msgs
[2.963s] [ 79%] Built target lidarslam_msgs__py
[2.963s] [ 86%] Built target lidarslam_msgs__rosidl_generator_py
[2.963s] [ 90%] Built target lidarslam_msgs__rosidl_typesupport_introspection_c__pyext
[2.963s] [ 97%] Built target lidarslam_msgs__rosidl_typesupport_fastrtps_c__pyext
[2.964s] [100%] Built target lidarslam_msgs__rosidl_typesupport_c__pyext
[2.964s] running egg_info
[2.964s] writing lidarslam_msgs.egg-info/PKG-INFO
[2.964s] writing dependency_links to lidarslam_msgs.egg-info/dependency_links.txt
[2.964s] writing top-level names to lidarslam_msgs.egg-info/top_level.txt
[2.964s] reading manifest file 'lidarslam_msgs.egg-info/SOURCES.txt'
[2.964s] writing manifest file 'lidarslam_msgs.egg-info/SOURCES.txt'
[2.964s] [100%] Built target ament_cmake_python_build_lidarslam_msgs_egg
[3.260s] Invoked command in '/home/jason/Desktop/STUDY/Cobra-Driver/workspace/build/lidarslam_msgs' returned '0': CMAKE_PREFIX_PATH=${CMAKE_PREFIX_PATH}:/home/jason/Desktop/STUDY/Cobra-Driver/workspace/src/waypoint_seeker/install/waypoint_seeker:/home/jason/Desktop/STUDY/Cobra-Driver/workspace/install/yolov5_ros2:/home/jason/Desktop/STUDY/Cobra-Driver/workspace/install/waypoint_seeker:/home/jason/Desktop/STUDY/Cobra-Driver/workspace/install/udp_to_ros:/home/jason/Desktop/STUDY/Cobra-Driver/workspace/install/tcp_cam_sender:/home/jason/Desktop/STUDY/Cobra-Driver/workspace/install/ptcloud_save:/home/jason/Desktop/STUDY/Cobra-Driver/workspace/install/common:/opt/ros/iron /home/jason/.local/bin/cmake --build /home/jason/Desktop/STUDY/Cobra-Driver/workspace/build/lidarslam_msgs -- -j16 -l16
[3.807s] Invoking command in '/home/jason/Desktop/STUDY/Cobra-Driver/workspace/build/lidarslam_msgs': CMAKE_PREFIX_PATH=${CMAKE_PREFIX_PATH}:/home/jason/Desktop/STUDY/Cobra-Driver/workspace/src/waypoint_seeker/install/waypoint_seeker:/home/jason/Desktop/STUDY/Cobra-Driver/workspace/install/yolov5_ros2:/home/jason/Desktop/STUDY/Cobra-Driver/workspace/install/waypoint_seeker:/home/jason/Desktop/STUDY/Cobra-Driver/workspace/install/udp_to_ros:/home/jason/Desktop/STUDY/Cobra-Driver/workspace/install/tcp_cam_sender:/home/jason/Desktop/STUDY/Cobra-Driver/workspace/install/ptcloud_save:/home/jason/Desktop/STUDY/Cobra-Driver/workspace/install/common:/opt/ros/iron /home/jason/.local/bin/cmake --install /home/jason/Desktop/STUDY/Cobra-Driver/workspace/build/lidarslam_msgs
[3.849s] -- Install configuration: ""
[3.850s] -- Up-to-date: /home/jason/Desktop/STUDY/Cobra-Driver/workspace/install/lidarslam_msgs/share/ament_index/resource_index/rosidl_interfaces/lidarslam_msgs
[3.851s] -- Up-to-date: /home/jason/Desktop/STUDY/Cobra-Driver/workspace/install/lidarslam_msgs/share/lidarslam_msgs/msg/SubMap.json
[3.852s] -- Up-to-date: /home/jason/Desktop/STUDY/Cobra-Driver/workspace/install/lidarslam_msgs/share/lidarslam_msgs/msg/MapArray.json
[3.852s] -- Up-to-date: /home/jason/Desktop/STUDY/Cobra-Driver/workspace/install/lidarslam_msgs/include/lidarslam_msgs/lidarslam_msgs
[3.854s] -- Up-to-date: /home/jason/Desktop/STUDY/Cobra-Driver/workspace/install/lidarslam_msgs/include/lidarslam_msgs/lidarslam_msgs/msg
[3.854s] -- Up-to-date: /home/jason/Desktop/STUDY/Cobra-Driver/workspace/install/lidarslam_msgs/include/lidarslam_msgs/lidarslam_msgs/msg/rosidl_generator_c__visibility_control.h
[3.854s] -- Up-to-date: /home/jason/Desktop/STUDY/Cobra-Driver/workspace/install/lidarslam_msgs/include/lidarslam_msgs/lidarslam_msgs/msg/map_array.h
[3.855s] -- Up-to-date: /home/jason/Desktop/STUDY/Cobra-Driver/workspace/install/lidarslam_msgs/include/lidarslam_msgs/lidarslam_msgs/msg/sub_map.h
[3.855s] -- Up-to-date: /home/jason/Desktop/STUDY/Cobra-Driver/workspace/install/lidarslam_msgs/include/lidarslam_msgs/lidarslam_msgs/msg/detail
[3.855s] -- Up-to-date: /home/jason/Desktop/STUDY/Cobra-Driver/workspace/install/lidarslam_msgs/include/lidarslam_msgs/lidarslam_msgs/msg/detail/sub_map__functions.h
[3.855s] -- Up-to-date: /home/jason/Desktop/STUDY/Cobra-Driver/workspace/install/lidarslam_msgs/include/lidarslam_msgs/lidarslam_msgs/msg/detail/map_array__struct.h
[3.855s] -- Up-to-date: /home/jason/Desktop/STUDY/Cobra-Driver/workspace/install/lidarslam_msgs/include/lidarslam_msgs/lidarslam_msgs/msg/detail/map_array__type_support.c
[3.856s] -- Up-to-date: /home/jason/Desktop/STUDY/Cobra-Driver/workspace/install/lidarslam_msgs/include/lidarslam_msgs/lidarslam_msgs/msg/detail/sub_map__struct.h
[3.857s] -- Up-to-date: /home/jason/Desktop/STUDY/Cobra-Driver/workspace/install/lidarslam_msgs/include/lidarslam_msgs/lidarslam_msgs/msg/detail/sub_map__description.c
[3.858s] -- Up-to-date: /home/jason/Desktop/STUDY/Cobra-Driver/workspace/install/lidarslam_msgs/include/lidarslam_msgs/lidarslam_msgs/msg/detail/map_array__description.c
[3.859s] -- Up-to-date: /home/jason/Desktop/STUDY/Cobra-Driver/workspace/install/lidarslam_msgs/include/lidarslam_msgs/lidarslam_msgs/msg/detail/sub_map__type_support.c
[3.859s] -- Up-to-date: /home/jason/Desktop/STUDY/Cobra-Driver/workspace/install/lidarslam_msgs/include/lidarslam_msgs/lidarslam_msgs/msg/detail/sub_map__type_support.h
[3.863s] -- Up-to-date: /home/jason/Desktop/STUDY/Cobra-Driver/workspace/install/lidarslam_msgs/include/lidarslam_msgs/lidarslam_msgs/msg/detail/sub_map__functions.c
[3.864s] -- Up-to-date: /home/jason/Desktop/STUDY/Cobra-Driver/workspace/install/lidarslam_msgs/include/lidarslam_msgs/lidarslam_msgs/msg/detail/map_array__functions.h
[3.864s] -- Up-to-date: /home/jason/Desktop/STUDY/Cobra-Driver/workspace/install/lidarslam_msgs/include/lidarslam_msgs/lidarslam_msgs/msg/detail/map_array__functions.c
[3.864s] -- Up-to-date: /home/jason/Desktop/STUDY/Cobra-Driver/workspace/install/lidarslam_msgs/include/lidarslam_msgs/lidarslam_msgs/msg/detail/map_array__type_support.h
[3.864s] -- Up-to-date: /home/jason/Desktop/STUDY/Cobra-Driver/workspace/install/lidarslam_msgs/share/lidarslam_msgs/environment/library_path.sh
[3.865s] -- Up-to-date: /home/jason/Desktop/STUDY/Cobra-Driver/workspace/install/lidarslam_msgs/share/lidarslam_msgs/environment/library_path.dsv
[3.866s] -- Up-to-date: /home/jason/Desktop/STUDY/Cobra-Driver/workspace/install/lidarslam_msgs/lib/liblidarslam_msgs__rosidl_generator_c.so
[3.866s] -- Up-to-date: /home/jason/Desktop/STUDY/Cobra-Driver/workspace/install/lidarslam_msgs/include/lidarslam_msgs/lidarslam_msgs
[3.866s] -- Up-to-date: /home/jason/Desktop/STUDY/Cobra-Driver/workspace/install/lidarslam_msgs/include/lidarslam_msgs/lidarslam_msgs/msg
[3.867s] -- Up-to-date: /home/jason/Desktop/STUDY/Cobra-Driver/workspace/install/lidarslam_msgs/include/lidarslam_msgs/lidarslam_msgs/msg/rosidl_typesupport_fastrtps_c__visibility_control.h
[3.867s] -- Up-to-date: /home/jason/Desktop/STUDY/Cobra-Driver/workspace/install/lidarslam_msgs/include/lidarslam_msgs/lidarslam_msgs/msg/detail
[3.867s] -- Up-to-date: /home/jason/Desktop/STUDY/Cobra-Driver/workspace/install/lidarslam_msgs/include/lidarslam_msgs/lidarslam_msgs/msg/detail/map_array__rosidl_typesupport_fastrtps_c.h
[3.867s] -- Up-to-date: /home/jason/Desktop/STUDY/Cobra-Driver/workspace/install/lidarslam_msgs/include/lidarslam_msgs/lidarslam_msgs/msg/detail/sub_map__rosidl_typesupport_fastrtps_c.h
[3.870s] -- Up-to-date: /home/jason/Desktop/STUDY/Cobra-Driver/workspace/install/lidarslam_msgs/lib/liblidarslam_msgs__rosidl_typesupport_fastrtps_c.so
[3.870s] -- Up-to-date: /home/jason/Desktop/STUDY/Cobra-Driver/workspace/install/lidarslam_msgs/include/lidarslam_msgs/lidarslam_msgs
[3.871s] -- Up-to-date: /home/jason/Desktop/STUDY/Cobra-Driver/workspace/install/lidarslam_msgs/include/lidarslam_msgs/lidarslam_msgs/msg
[3.871s] -- Up-to-date: /home/jason/Desktop/STUDY/Cobra-Driver/workspace/install/lidarslam_msgs/include/lidarslam_msgs/lidarslam_msgs/msg/rosidl_typesupport_introspection_c__visibility_control.h
[3.871s] -- Up-to-date: /home/jason/Desktop/STUDY/Cobra-Driver/workspace/install/lidarslam_msgs/include/lidarslam_msgs/lidarslam_msgs/msg/detail
[3.872s] -- Up-to-date: /home/jason/Desktop/STUDY/Cobra-Driver/workspace/install/lidarslam_msgs/include/lidarslam_msgs/lidarslam_msgs/msg/detail/map_array__type_support.c
[3.872s] -- Up-to-date: /home/jason/Desktop/STUDY/Cobra-Driver/workspace/install/lidarslam_msgs/include/lidarslam_msgs/lidarslam_msgs/msg/detail/map_array__rosidl_typesupport_introspection_c.h
[3.872s] -- Up-to-date: /home/jason/Desktop/STUDY/Cobra-Driver/workspace/install/lidarslam_msgs/include/lidarslam_msgs/lidarslam_msgs/msg/detail/sub_map__type_support.c
[3.872s] -- Up-to-date: /home/jason/Desktop/STUDY/Cobra-Driver/workspace/install/lidarslam_msgs/include/lidarslam_msgs/lidarslam_msgs/msg/detail/sub_map__rosidl_typesupport_introspection_c.h
[3.874s] -- Up-to-date: /home/jason/Desktop/STUDY/Cobra-Driver/workspace/install/lidarslam_msgs/lib/liblidarslam_msgs__rosidl_typesupport_introspection_c.so
[3.875s] -- Up-to-date: /home/jason/Desktop/STUDY/Cobra-Driver/workspace/install/lidarslam_msgs/lib/liblidarslam_msgs__rosidl_typesupport_c.so
[3.876s] -- Up-to-date: /home/jason/Desktop/STUDY/Cobra-Driver/workspace/install/lidarslam_msgs/include/lidarslam_msgs/lidarslam_msgs
[3.876s] -- Up-to-date: /home/jason/Desktop/STUDY/Cobra-Driver/workspace/install/lidarslam_msgs/include/lidarslam_msgs/lidarslam_msgs/msg
[3.876s] -- Up-to-date: /home/jason/Desktop/STUDY/Cobra-Driver/workspace/install/lidarslam_msgs/include/lidarslam_msgs/lidarslam_msgs/msg/sub_map.hpp
[3.877s] -- Up-to-date: /home/jason/Desktop/STUDY/Cobra-Driver/workspace/install/lidarslam_msgs/include/lidarslam_msgs/lidarslam_msgs/msg/map_array.hpp
[3.879s] -- Up-to-date: /home/jason/Desktop/STUDY/Cobra-Driver/workspace/install/lidarslam_msgs/include/lidarslam_msgs/lidarslam_msgs/msg/detail
[3.879s] -- Up-to-date: /home/jason/Desktop/STUDY/Cobra-Driver/workspace/install/lidarslam_msgs/include/lidarslam_msgs/lidarslam_msgs/msg/detail/sub_map__traits.hpp
[3.879s] -- Up-to-date: /home/jason/Desktop/STUDY/Cobra-Driver/workspace/install/lidarslam_msgs/include/lidarslam_msgs/lidarslam_msgs/msg/detail/sub_map__builder.hpp
[3.879s] -- Up-to-date: /home/jason/Desktop/STUDY/Cobra-Driver/workspace/install/lidarslam_msgs/include/lidarslam_msgs/lidarslam_msgs/msg/detail/sub_map__struct.hpp
[3.879s] -- Up-to-date: /home/jason/Desktop/STUDY/Cobra-Driver/workspace/install/lidarslam_msgs/include/lidarslam_msgs/lidarslam_msgs/msg/detail/map_array__traits.hpp
[3.879s] -- Up-to-date: /home/jason/Desktop/STUDY/Cobra-Driver/workspace/install/lidarslam_msgs/include/lidarslam_msgs/lidarslam_msgs/msg/detail/map_array__struct.hpp
[3.880s] -- Up-to-date: /home/jason/Desktop/STUDY/Cobra-Driver/workspace/install/lidarslam_msgs/include/lidarslam_msgs/lidarslam_msgs/msg/detail/map_array__builder.hpp
[3.880s] -- Up-to-date: /home/jason/Desktop/STUDY/Cobra-Driver/workspace/install/lidarslam_msgs/include/lidarslam_msgs/lidarslam_msgs
[3.880s] -- Up-to-date: /home/jason/Desktop/STUDY/Cobra-Driver/workspace/install/lidarslam_msgs/include/lidarslam_msgs/lidarslam_msgs/msg
[3.880s] -- Up-to-date: /home/jason/Desktop/STUDY/Cobra-Driver/workspace/install/lidarslam_msgs/include/lidarslam_msgs/lidarslam_msgs/msg/rosidl_typesupport_fastrtps_cpp__visibility_control.h
[3.881s] -- Up-to-date: /home/jason/Desktop/STUDY/Cobra-Driver/workspace/install/lidarslam_msgs/include/lidarslam_msgs/lidarslam_msgs/msg/detail
[3.881s] -- Up-to-date: /home/jason/Desktop/STUDY/Cobra-Driver/workspace/install/lidarslam_msgs/include/lidarslam_msgs/lidarslam_msgs/msg/detail/sub_map__rosidl_typesupport_fastrtps_cpp.hpp
[3.881s] -- Up-to-date: /home/jason/Desktop/STUDY/Cobra-Driver/workspace/install/lidarslam_msgs/include/lidarslam_msgs/lidarslam_msgs/msg/detail/dds_fastrtps
[3.882s] -- Up-to-date: /home/jason/Desktop/STUDY/Cobra-Driver/workspace/install/lidarslam_msgs/include/lidarslam_msgs/lidarslam_msgs/msg/detail/map_array__rosidl_typesupport_fastrtps_cpp.hpp
[3.882s] -- Up-to-date: /home/jason/Desktop/STUDY/Cobra-Driver/workspace/install/lidarslam_msgs/lib/liblidarslam_msgs__rosidl_typesupport_fastrtps_cpp.so
[3.883s] -- Up-to-date: /home/jason/Desktop/STUDY/Cobra-Driver/workspace/install/lidarslam_msgs/include/lidarslam_msgs/lidarslam_msgs
[3.883s] -- Up-to-date: /home/jason/Desktop/STUDY/Cobra-Driver/workspace/install/lidarslam_msgs/include/lidarslam_msgs/lidarslam_msgs/msg
[3.884s] -- Up-to-date: /home/jason/Desktop/STUDY/Cobra-Driver/workspace/install/lidarslam_msgs/include/lidarslam_msgs/lidarslam_msgs/msg/detail
[3.884s] -- Up-to-date: /home/jason/Desktop/STUDY/Cobra-Driver/workspace/install/lidarslam_msgs/include/lidarslam_msgs/lidarslam_msgs/msg/detail/map_array__rosidl_typesupport_introspection_cpp.hpp
[3.885s] -- Up-to-date: /home/jason/Desktop/STUDY/Cobra-Driver/workspace/install/lidarslam_msgs/include/lidarslam_msgs/lidarslam_msgs/msg/detail/map_array__type_support.cpp
[3.886s] -- Up-to-date: /home/jason/Desktop/STUDY/Cobra-Driver/workspace/install/lidarslam_msgs/include/lidarslam_msgs/lidarslam_msgs/msg/detail/sub_map__type_support.cpp
[3.886s] -- Up-to-date: /home/jason/Desktop/STUDY/Cobra-Driver/workspace/install/lidarslam_msgs/include/lidarslam_msgs/lidarslam_msgs/msg/detail/sub_map__rosidl_typesupport_introspection_cpp.hpp
[3.886s] -- Up-to-date: /home/jason/Desktop/STUDY/Cobra-Driver/workspace/install/lidarslam_msgs/lib/liblidarslam_msgs__rosidl_typesupport_introspection_cpp.so
[3.886s] -- Up-to-date: /home/jason/Desktop/STUDY/Cobra-Driver/workspace/install/lidarslam_msgs/lib/liblidarslam_msgs__rosidl_typesupport_cpp.so
[3.886s] -- Up-to-date: /home/jason/Desktop/STUDY/Cobra-Driver/workspace/install/lidarslam_msgs/share/lidarslam_msgs/environment/pythonpath.sh
[3.887s] -- Up-to-date: /home/jason/Desktop/STUDY/Cobra-Driver/workspace/install/lidarslam_msgs/share/lidarslam_msgs/environment/pythonpath.dsv
[3.887s] -- Up-to-date: /home/jason/Desktop/STUDY/Cobra-Driver/workspace/install/lidarslam_msgs/lib/python3.10/site-packages/lidarslam_msgs-0.0.0-py3.10.egg-info
[3.887s] -- Installing: /home/jason/Desktop/STUDY/Cobra-Driver/workspace/install/lidarslam_msgs/lib/python3.10/site-packages/lidarslam_msgs-0.0.0-py3.10.egg-info/top_level.txt
[3.887s] -- Installing: /home/jason/Desktop/STUDY/Cobra-Driver/workspace/install/lidarslam_msgs/lib/python3.10/site-packages/lidarslam_msgs-0.0.0-py3.10.egg-info/dependency_links.txt
[3.887s] -- Installing: /home/jason/Desktop/STUDY/Cobra-Driver/workspace/install/lidarslam_msgs/lib/python3.10/site-packages/lidarslam_msgs-0.0.0-py3.10.egg-info/SOURCES.txt
[3.888s] -- Installing: /home/jason/Desktop/STUDY/Cobra-Driver/workspace/install/lidarslam_msgs/lib/python3.10/site-packages/lidarslam_msgs-0.0.0-py3.10.egg-info/PKG-INFO
[3.889s] -- Up-to-date: /home/jason/Desktop/STUDY/Cobra-Driver/workspace/install/lidarslam_msgs/lib/python3.10/site-packages/lidarslam_msgs
[3.889s] -- Up-to-date: /home/jason/Desktop/STUDY/Cobra-Driver/workspace/install/lidarslam_msgs/lib/python3.10/site-packages/lidarslam_msgs/lidarslam_msgs_s__rosidl_typesupport_c.cpython-310-x86_64-linux-gnu.so
[3.889s] -- Up-to-date: /home/jason/Desktop/STUDY/Cobra-Driver/workspace/install/lidarslam_msgs/lib/python3.10/site-packages/lidarslam_msgs/_lidarslam_msgs_s.ep.rosidl_typesupport_fastrtps_c.c
[3.889s] -- Up-to-date: /home/jason/Desktop/STUDY/Cobra-Driver/workspace/install/lidarslam_msgs/lib/python3.10/site-packages/lidarslam_msgs/_lidarslam_msgs_s.ep.rosidl_typesupport_introspection_c.c
[3.891s] -- Up-to-date: /home/jason/Desktop/STUDY/Cobra-Driver/workspace/install/lidarslam_msgs/lib/python3.10/site-packages/lidarslam_msgs/lidarslam_msgs_s__rosidl_typesupport_introspection_c.cpython-310-x86_64-linux-gnu.so
[3.891s] -- Up-to-date: /home/jason/Desktop/STUDY/Cobra-Driver/workspace/install/lidarslam_msgs/lib/python3.10/site-packages/lidarslam_msgs/__init__.py
[3.891s] -- Up-to-date: /home/jason/Desktop/STUDY/Cobra-Driver/workspace/install/lidarslam_msgs/lib/python3.10/site-packages/lidarslam_msgs/_lidarslam_msgs_s.ep.rosidl_typesupport_c.c
[3.891s] -- Up-to-date: /home/jason/Desktop/STUDY/Cobra-Driver/workspace/install/lidarslam_msgs/lib/python3.10/site-packages/lidarslam_msgs/lidarslam_msgs_s__rosidl_typesupport_fastrtps_c.cpython-310-x86_64-linux-gnu.so
[3.891s] -- Up-to-date: /home/jason/Desktop/STUDY/Cobra-Driver/workspace/install/lidarslam_msgs/lib/python3.10/site-packages/lidarslam_msgs/msg
[3.891s] -- Up-to-date: /home/jason/Desktop/STUDY/Cobra-Driver/workspace/install/lidarslam_msgs/lib/python3.10/site-packages/lidarslam_msgs/msg/_sub_map_s.c
[3.891s] -- Up-to-date: /home/jason/Desktop/STUDY/Cobra-Driver/workspace/install/lidarslam_msgs/lib/python3.10/site-packages/lidarslam_msgs/msg/_map_array.py
[3.891s] -- Up-to-date: /home/jason/Desktop/STUDY/Cobra-Driver/workspace/install/lidarslam_msgs/lib/python3.10/site-packages/lidarslam_msgs/msg/__init__.py
[3.891s] -- Up-to-date: /home/jason/Desktop/STUDY/Cobra-Driver/workspace/install/lidarslam_msgs/lib/python3.10/site-packages/lidarslam_msgs/msg/_sub_map.py
[3.891s] -- Up-to-date: /home/jason/Desktop/STUDY/Cobra-Driver/workspace/install/lidarslam_msgs/lib/python3.10/site-packages/lidarslam_msgs/msg/_map_array_s.c
[3.891s] -- Up-to-date: /home/jason/Desktop/STUDY/Cobra-Driver/workspace/install/lidarslam_msgs/lib/python3.10/site-packages/lidarslam_msgs/liblidarslam_msgs__rosidl_generator_py.so
[3.909s] Listing '/home/jason/Desktop/STUDY/Cobra-Driver/workspace/install/lidarslam_msgs/lib/python3.10/site-packages/lidarslam_msgs'...
[3.909s] Listing '/home/jason/Desktop/STUDY/Cobra-Driver/workspace/install/lidarslam_msgs/lib/python3.10/site-packages/lidarslam_msgs/msg'...
[3.917s] -- Up-to-date: /home/jason/Desktop/STUDY/Cobra-Driver/workspace/install/lidarslam_msgs/lib/python3.10/site-packages/lidarslam_msgs/lidarslam_msgs_s__rosidl_typesupport_fastrtps_c.cpython-310-x86_64-linux-gnu.so
[3.918s] -- Up-to-date: /home/jason/Desktop/STUDY/Cobra-Driver/workspace/install/lidarslam_msgs/lib/python3.10/site-packages/lidarslam_msgs/lidarslam_msgs_s__rosidl_typesupport_introspection_c.cpython-310-x86_64-linux-gnu.so
[3.918s] -- Up-to-date: /home/jason/Desktop/STUDY/Cobra-Driver/workspace/install/lidarslam_msgs/lib/python3.10/site-packages/lidarslam_msgs/lidarslam_msgs_s__rosidl_typesupport_c.cpython-310-x86_64-linux-gnu.so
[3.918s] -- Up-to-date: /home/jason/Desktop/STUDY/Cobra-Driver/workspace/install/lidarslam_msgs/lib/liblidarslam_msgs__rosidl_generator_py.so
[3.918s] -- Up-to-date: /home/jason/Desktop/STUDY/Cobra-Driver/workspace/install/lidarslam_msgs/share/lidarslam_msgs/msg/SubMap.idl
[3.918s] -- Up-to-date: /home/jason/Desktop/STUDY/Cobra-Driver/workspace/install/lidarslam_msgs/share/lidarslam_msgs/msg/MapArray.idl
[3.918s] -- Up-to-date: /home/jason/Desktop/STUDY/Cobra-Driver/workspace/install/lidarslam_msgs/share/lidarslam_msgs/msg/SubMap.msg
[3.918s] -- Up-to-date: /home/jason/Desktop/STUDY/Cobra-Driver/workspace/install/lidarslam_msgs/share/lidarslam_msgs/msg/MapArray.msg
[3.918s] -- Up-to-date: /home/jason/Desktop/STUDY/Cobra-Driver/workspace/install/lidarslam_msgs/share/ament_index/resource_index/package_run_dependencies/lidarslam_msgs
[3.918s] -- Up-to-date: /home/jason/Desktop/STUDY/Cobra-Driver/workspace/install/lidarslam_msgs/share/ament_index/resource_index/parent_prefix_path/lidarslam_msgs
[3.918s] -- Up-to-date: /home/jason/Desktop/STUDY/Cobra-Driver/workspace/install/lidarslam_msgs/share/lidarslam_msgs/environment/ament_prefix_path.sh
[3.918s] -- Up-to-date: /home/jason/Desktop/STUDY/Cobra-Driver/workspace/install/lidarslam_msgs/share/lidarslam_msgs/environment/ament_prefix_path.dsv
[3.919s] -- Up-to-date: /home/jason/Desktop/STUDY/Cobra-Driver/workspace/install/lidarslam_msgs/share/lidarslam_msgs/environment/path.sh
[3.919s] -- Up-to-date: /home/jason/Desktop/STUDY/Cobra-Driver/workspace/install/lidarslam_msgs/share/lidarslam_msgs/environment/path.dsv
[3.919s] -- Up-to-date: /home/jason/Desktop/STUDY/Cobra-Driver/workspace/install/lidarslam_msgs/share/lidarslam_msgs/local_setup.bash
[3.919s] -- Up-to-date: /home/jason/Desktop/STUDY/Cobra-Driver/workspace/install/lidarslam_msgs/share/lidarslam_msgs/local_setup.sh
[3.919s] -- Up-to-date: /home/jason/Desktop/STUDY/Cobra-Driver/workspace/install/lidarslam_msgs/share/lidarslam_msgs/local_setup.zsh
[3.920s] -- Up-to-date: /home/jason/Desktop/STUDY/Cobra-Driver/workspace/install/lidarslam_msgs/share/lidarslam_msgs/local_setup.dsv
[3.920s] -- Installing: /home/jason/Desktop/STUDY/Cobra-Driver/workspace/install/lidarslam_msgs/share/lidarslam_msgs/package.dsv
[3.920s] -- Up-to-date: /home/jason/Desktop/STUDY/Cobra-Driver/workspace/install/lidarslam_msgs/share/ament_index/resource_index/packages/lidarslam_msgs
[3.920s] -- Up-to-date: /home/jason/Desktop/STUDY/Cobra-Driver/workspace/install/lidarslam_msgs/share/lidarslam_msgs/cmake/export_lidarslam_msgs__rosidl_generator_cExport.cmake
[3.920s] -- Up-to-date: /home/jason/Desktop/STUDY/Cobra-Driver/workspace/install/lidarslam_msgs/share/lidarslam_msgs/cmake/export_lidarslam_msgs__rosidl_generator_cExport-noconfig.cmake
[3.920s] -- Up-to-date: /home/jason/Desktop/STUDY/Cobra-Driver/workspace/install/lidarslam_msgs/share/lidarslam_msgs/cmake/export_lidarslam_msgs__rosidl_typesupport_fastrtps_cExport.cmake
[3.920s] -- Up-to-date: /home/jason/Desktop/STUDY/Cobra-Driver/workspace/install/lidarslam_msgs/share/lidarslam_msgs/cmake/export_lidarslam_msgs__rosidl_typesupport_fastrtps_cExport-noconfig.cmake
[3.921s] -- Up-to-date: /home/jason/Desktop/STUDY/Cobra-Driver/workspace/install/lidarslam_msgs/share/lidarslam_msgs/cmake/lidarslam_msgs__rosidl_typesupport_introspection_cExport.cmake
[3.922s] -- Up-to-date: /home/jason/Desktop/STUDY/Cobra-Driver/workspace/install/lidarslam_msgs/share/lidarslam_msgs/cmake/lidarslam_msgs__rosidl_typesupport_introspection_cExport-noconfig.cmake
[3.922s] -- Up-to-date: /home/jason/Desktop/STUDY/Cobra-Driver/workspace/install/lidarslam_msgs/share/lidarslam_msgs/cmake/lidarslam_msgs__rosidl_typesupport_cExport.cmake
[3.922s] -- Up-to-date: /home/jason/Desktop/STUDY/Cobra-Driver/workspace/install/lidarslam_msgs/share/lidarslam_msgs/cmake/lidarslam_msgs__rosidl_typesupport_cExport-noconfig.cmake
[3.922s] -- Up-to-date: /home/jason/Desktop/STUDY/Cobra-Driver/workspace/install/lidarslam_msgs/share/lidarslam_msgs/cmake/export_lidarslam_msgs__rosidl_generator_cppExport.cmake
[3.922s] -- Up-to-date: /home/jason/Desktop/STUDY/Cobra-Driver/workspace/install/lidarslam_msgs/share/lidarslam_msgs/cmake/export_lidarslam_msgs__rosidl_typesupport_fastrtps_cppExport.cmake
[3.922s] -- Up-to-date: /home/jason/Desktop/STUDY/Cobra-Driver/workspace/install/lidarslam_msgs/share/lidarslam_msgs/cmake/export_lidarslam_msgs__rosidl_typesupport_fastrtps_cppExport-noconfig.cmake
[3.922s] -- Up-to-date: /home/jason/Desktop/STUDY/Cobra-Driver/workspace/install/lidarslam_msgs/share/lidarslam_msgs/cmake/lidarslam_msgs__rosidl_typesupport_introspection_cppExport.cmake
[3.922s] -- Up-to-date: /home/jason/Desktop/STUDY/Cobra-Driver/workspace/install/lidarslam_msgs/share/lidarslam_msgs/cmake/lidarslam_msgs__rosidl_typesupport_introspection_cppExport-noconfig.cmake
[3.923s] -- Up-to-date: /home/jason/Desktop/STUDY/Cobra-Driver/workspace/install/lidarslam_msgs/share/lidarslam_msgs/cmake/lidarslam_msgs__rosidl_typesupport_cppExport.cmake
[3.923s] -- Up-to-date: /home/jason/Desktop/STUDY/Cobra-Driver/workspace/install/lidarslam_msgs/share/lidarslam_msgs/cmake/lidarslam_msgs__rosidl_typesupport_cppExport-noconfig.cmake
[3.923s] -- Up-to-date: /home/jason/Desktop/STUDY/Cobra-Driver/workspace/install/lidarslam_msgs/share/lidarslam_msgs/cmake/export_lidarslam_msgs__rosidl_generator_pyExport.cmake
[3.923s] -- Up-to-date: /home/jason/Desktop/STUDY/Cobra-Driver/workspace/install/lidarslam_msgs/share/lidarslam_msgs/cmake/export_lidarslam_msgs__rosidl_generator_pyExport-noconfig.cmake
[3.923s] -- Up-to-date: /home/jason/Desktop/STUDY/Cobra-Driver/workspace/install/lidarslam_msgs/share/lidarslam_msgs/cmake/rosidl_cmake-extras.cmake
[3.923s] -- Up-to-date: /home/jason/Desktop/STUDY/Cobra-Driver/workspace/install/lidarslam_msgs/share/lidarslam_msgs/cmake/ament_cmake_export_dependencies-extras.cmake
[3.923s] -- Up-to-date: /home/jason/Desktop/STUDY/Cobra-Driver/workspace/install/lidarslam_msgs/share/lidarslam_msgs/cmake/ament_cmake_export_include_directories-extras.cmake
[3.923s] -- Up-to-date: /home/jason/Desktop/STUDY/Cobra-Driver/workspace/install/lidarslam_msgs/share/lidarslam_msgs/cmake/ament_cmake_export_libraries-extras.cmake
[3.923s] -- Up-to-date: /home/jason/Desktop/STUDY/Cobra-Driver/workspace/install/lidarslam_msgs/share/lidarslam_msgs/cmake/ament_cmake_export_targets-extras.cmake
[3.924s] -- Up-to-date: /home/jason/Desktop/STUDY/Cobra-Driver/workspace/install/lidarslam_msgs/share/lidarslam_msgs/cmake/rosidl_cmake_export_typesupport_targets-extras.cmake
[3.924s] -- Up-to-date: /home/jason/Desktop/STUDY/Cobra-Driver/workspace/install/lidarslam_msgs/share/lidarslam_msgs/cmake/rosidl_cmake_export_typesupport_libraries-extras.cmake
[3.924s] -- Up-to-date: /home/jason/Desktop/STUDY/Cobra-Driver/workspace/install/lidarslam_msgs/share/lidarslam_msgs/cmake/lidarslam_msgsConfig.cmake
[3.924s] -- Up-to-date: /home/jason/Desktop/STUDY/Cobra-Driver/workspace/install/lidarslam_msgs/share/lidarslam_msgs/cmake/lidarslam_msgsConfig-version.cmake
[3.924s] -- Up-to-date: /home/jason/Desktop/STUDY/Cobra-Driver/workspace/install/lidarslam_msgs/share/lidarslam_msgs/package.xml
[4.178s] Invoked command in '/home/jason/Desktop/STUDY/Cobra-Driver/workspace/build/lidarslam_msgs' returned '0': CMAKE_PREFIX_PATH=${CMAKE_PREFIX_PATH}:/home/jason/Desktop/STUDY/Cobra-Driver/workspace/src/waypoint_seeker/install/waypoint_seeker:/home/jason/Desktop/STUDY/Cobra-Driver/workspace/install/yolov5_ros2:/home/jason/Desktop/STUDY/Cobra-Driver/workspace/install/waypoint_seeker:/home/jason/Desktop/STUDY/Cobra-Driver/workspace/install/udp_to_ros:/home/jason/Desktop/STUDY/Cobra-Driver/workspace/install/tcp_cam_sender:/home/jason/Desktop/STUDY/Cobra-Driver/workspace/install/ptcloud_save:/home/jason/Desktop/STUDY/Cobra-Driver/workspace/install/common:/opt/ros/iron /home/jason/.local/bin/cmake --install /home/jason/Desktop/STUDY/Cobra-Driver/workspace/build/lidarslam_msgs
