[0.010s] Invoking command in '/home/jason/Desktop/STUDY/Cobra-Driver/workspace/build/udp_float_receiver_cpp': CMAKE_PREFIX_PATH=${CMAKE_PREFIX_PATH}:/home/jason/Desktop/STUDY/Cobra-Driver/workspace/install/udp_float_receiver:/home/jason/ros2_ws/install/python_parameters:/home/jason/ros2_ws/install/py_srvcli:/home/jason/ros2_ws/install/py_pubsub:/opt/ros/iron CONDA_PROMPT_MODIFIER=(base) /usr/bin/cmake /home/jason/Desktop/STUDY/Cobra-Driver/workspace/udp_float_receiver_cpp -DCMAKE_INSTALL_PREFIX=/home/jason/Desktop/STUDY/Cobra-Driver/workspace/install/udp_float_receiver_cpp
[0.019s] -- Found ament_cmake: 2.0.3 (/opt/ros/iron/share/ament_cmake/cmake)
[0.118s] -- Found rclcpp: 21.0.3 (/opt/ros/iron/share/rclcpp/cmake)
[0.142s] -- Found rosidl_generator_c: 4.0.1 (/opt/ros/iron/share/rosidl_generator_c/cmake)
[0.148s] -- Found rosidl_generator_cpp: 4.0.1 (/opt/ros/iron/share/rosidl_generator_cpp/cmake)
[0.158s] -- Using all available rosidl_typesupport_c: rosidl_typesupport_fastrtps_c;rosidl_typesupport_introspection_c
[0.171s] -- Using all available rosidl_typesupport_cpp: rosidl_typesupport_fastrtps_cpp;rosidl_typesupport_introspection_cpp
[0.298s] -- Found rmw_implementation_cmake: 7.1.0 (/opt/ros/iron/share/rmw_implementation_cmake/cmake)
[0.299s] -- Found rmw_fastrtps_cpp: 7.1.1 (/opt/ros/iron/share/rmw_fastrtps_cpp/cmake)
[0.404s] -- Using RMW implementation 'rmw_fastrtps_cpp' as default
[0.541s] -- Found std_msgs: 5.0.0 (/opt/ros/iron/share/std_msgs/cmake)
[0.567s] -- Found rosidl_default_generators: 1.5.0 (/opt/ros/iron/share/rosidl_default_generators/cmake)
[0.573s] -- Found rosidl_adapter: 4.0.1 (/opt/ros/iron/share/rosidl_adapter/cmake)
[0.801s] -- Found ament_cmake_ros: 0.11.2 (/opt/ros/iron/share/ament_cmake_ros/cmake)
[1.059s] -- Using all available rosidl_typesupport_c: rosidl_typesupport_fastrtps_c;rosidl_typesupport_introspection_c
[1.161s] -- Using all available rosidl_typesupport_cpp: rosidl_typesupport_fastrtps_cpp;rosidl_typesupport_introspection_cpp
[1.183s] -- Found python_cmake_module: 0.10.2 (/opt/ros/iron/share/python_cmake_module/cmake)
[1.205s] -- Using PYTHON_EXECUTABLE: /home/jason/anaconda3/bin/python3
[1.205s] -- Using PYTHON_INCLUDE_DIRS: /home/jason/anaconda3/include/python3.9
[1.205s] -- Using PYTHON_LIBRARIES: /home/jason/anaconda3/lib/libpython3.9.so
[1.307s] -- Using numpy include directory: /home/jason/anaconda3/lib/python3.9/site-packages/numpy/core/include
[1.316s] [31mCMake Error at /opt/ros/iron/share/ament_cmake_target_dependencies/cmake/ament_target_dependencies.cmake:42 (message):
[1.316s]   ament_target_dependencies() the first argument must be a valid target name
[1.316s] Call Stack (most recent call first):
[1.316s]   CMakeLists.txt:20 (ament_target_dependencies)
[1.317s] 
[1.317s] [0m
[1.317s] -- Configuring incomplete, errors occurred!
[1.317s] See also "/home/jason/Desktop/STUDY/Cobra-Driver/workspace/build/udp_float_receiver_cpp/CMakeFiles/CMakeOutput.log".
[1.323s] Invoked command in '/home/jason/Desktop/STUDY/Cobra-Driver/workspace/build/udp_float_receiver_cpp' returned '1': CMAKE_PREFIX_PATH=${CMAKE_PREFIX_PATH}:/home/jason/Desktop/STUDY/Cobra-Driver/workspace/install/udp_float_receiver:/home/jason/ros2_ws/install/python_parameters:/home/jason/ros2_ws/install/py_srvcli:/home/jason/ros2_ws/install/py_pubsub:/opt/ros/iron CONDA_PROMPT_MODIFIER=(base) /usr/bin/cmake /home/jason/Desktop/STUDY/Cobra-Driver/workspace/udp_float_receiver_cpp -DCMAKE_INSTALL_PREFIX=/home/jason/Desktop/STUDY/Cobra-Driver/workspace/install/udp_float_receiver_cpp
