[0.515s] Invoking command in '/home/jason/Desktop/STUDY/Cobra-Driver/workspace/src/udp_to_ros': CONDA_PROMPT_MODIFIER=(base) PYTHONPATH=/home/jason/Desktop/STUDY/Cobra-Driver/workspace/build/udp_to_ros/prefix_override:/home/jason/Desktop/STUDY/Cobra-Driver/workspace/install/udp_to_ros/lib/python3.10/site-packages:${PYTHONPATH} /usr/bin/python3 setup.py egg_info --egg-base ../../build/udp_to_ros build --build-base /home/jason/Desktop/STUDY/Cobra-Driver/workspace/build/udp_to_ros/build install --record /home/jason/Desktop/STUDY/Cobra-Driver/workspace/build/udp_to_ros/install.log --single-version-externally-managed
[0.707s] running egg_info
[0.707s] creating ../../build/udp_to_ros/udp_to_ros.egg-info
[0.707s] writing ../../build/udp_to_ros/udp_to_ros.egg-info/PKG-INFO
[0.707s] writing dependency_links to ../../build/udp_to_ros/udp_to_ros.egg-info/dependency_links.txt
[0.707s] writing entry points to ../../build/udp_to_ros/udp_to_ros.egg-info/entry_points.txt
[0.708s] writing requirements to ../../build/udp_to_ros/udp_to_ros.egg-info/requires.txt
[0.708s] writing top-level names to ../../build/udp_to_ros/udp_to_ros.egg-info/top_level.txt
[0.708s] writing manifest file '../../build/udp_to_ros/udp_to_ros.egg-info/SOURCES.txt'
[0.709s] reading manifest file '../../build/udp_to_ros/udp_to_ros.egg-info/SOURCES.txt'
[0.709s] writing manifest file '../../build/udp_to_ros/udp_to_ros.egg-info/SOURCES.txt'
[0.710s] running build
[0.710s] running build_py
[0.710s] creating /home/jason/Desktop/STUDY/Cobra-Driver/workspace/build/udp_to_ros/build
[0.710s] creating /home/jason/Desktop/STUDY/Cobra-Driver/workspace/build/udp_to_ros/build/lib
[0.710s] creating /home/jason/Desktop/STUDY/Cobra-Driver/workspace/build/udp_to_ros/build/lib/udp_to_ros
[0.710s] copying udp_to_ros/udp_listener_node.py -> /home/jason/Desktop/STUDY/Cobra-Driver/workspace/build/udp_to_ros/build/lib/udp_to_ros
[0.710s] copying udp_to_ros/__init__.py -> /home/jason/Desktop/STUDY/Cobra-Driver/workspace/build/udp_to_ros/build/lib/udp_to_ros
[0.710s] running install
[0.710s] /usr/lib/python3/dist-packages/setuptools/command/install.py:34: SetuptoolsDeprecationWarning: setup.py install is deprecated. Use build and pip and other standards-based tools.
[0.710s]   warnings.warn(
[0.710s] running install_lib
[0.711s] creating /home/jason/Desktop/STUDY/Cobra-Driver/workspace/install/udp_to_ros/lib/python3.10/site-packages/udp_to_ros
[0.711s] copying /home/jason/Desktop/STUDY/Cobra-Driver/workspace/build/udp_to_ros/build/lib/udp_to_ros/udp_listener_node.py -> /home/jason/Desktop/STUDY/Cobra-Driver/workspace/install/udp_to_ros/lib/python3.10/site-packages/udp_to_ros
[0.711s] copying /home/jason/Desktop/STUDY/Cobra-Driver/workspace/build/udp_to_ros/build/lib/udp_to_ros/__init__.py -> /home/jason/Desktop/STUDY/Cobra-Driver/workspace/install/udp_to_ros/lib/python3.10/site-packages/udp_to_ros
[0.711s] byte-compiling /home/jason/Desktop/STUDY/Cobra-Driver/workspace/install/udp_to_ros/lib/python3.10/site-packages/udp_to_ros/udp_listener_node.py to udp_listener_node.cpython-310.pyc
[0.712s] byte-compiling /home/jason/Desktop/STUDY/Cobra-Driver/workspace/install/udp_to_ros/lib/python3.10/site-packages/udp_to_ros/__init__.py to __init__.cpython-310.pyc
[0.712s] running install_data
[0.713s] creating /home/jason/Desktop/STUDY/Cobra-Driver/workspace/install/udp_to_ros/share/ament_index
[0.713s] creating /home/jason/Desktop/STUDY/Cobra-Driver/workspace/install/udp_to_ros/share/ament_index/resource_index
[0.713s] creating /home/jason/Desktop/STUDY/Cobra-Driver/workspace/install/udp_to_ros/share/ament_index/resource_index/packages
[0.713s] copying resource/udp_to_ros -> /home/jason/Desktop/STUDY/Cobra-Driver/workspace/install/udp_to_ros/share/ament_index/resource_index/packages
[0.713s] copying package.xml -> /home/jason/Desktop/STUDY/Cobra-Driver/workspace/install/udp_to_ros/share/udp_to_ros
[0.713s] running install_egg_info
[0.714s] Copying ../../build/udp_to_ros/udp_to_ros.egg-info to /home/jason/Desktop/STUDY/Cobra-Driver/workspace/install/udp_to_ros/lib/python3.10/site-packages/udp_to_ros-0.0.0-py3.10.egg-info
[0.715s] running install_scripts
[0.729s] Installing udp_listener script to /home/jason/Desktop/STUDY/Cobra-Driver/workspace/install/udp_to_ros/lib/udp_to_ros
[0.729s] writing list of installed files to '/home/jason/Desktop/STUDY/Cobra-Driver/workspace/build/udp_to_ros/install.log'
[0.747s] Invoked command in '/home/jason/Desktop/STUDY/Cobra-Driver/workspace/src/udp_to_ros' returned '0': CONDA_PROMPT_MODIFIER=(base) PYTHONPATH=/home/jason/Desktop/STUDY/Cobra-Driver/workspace/build/udp_to_ros/prefix_override:/home/jason/Desktop/STUDY/Cobra-Driver/workspace/install/udp_to_ros/lib/python3.10/site-packages:${PYTHONPATH} /usr/bin/python3 setup.py egg_info --egg-base ../../build/udp_to_ros build --build-base /home/jason/Desktop/STUDY/Cobra-Driver/workspace/build/udp_to_ros/build install --record /home/jason/Desktop/STUDY/Cobra-Driver/workspace/build/udp_to_ros/install.log --single-version-externally-managed
