[1.349s] Invoking command in '/home/jason/Desktop/STUDY/Cobra-Driver/workspace/build/lidarslam_msgs': CMAKE_PREFIX_PATH=${CMAKE_PREFIX_PATH}:/home/jason/Desktop/STUDY/Cobra-Driver/workspace/src/waypoint_seeker/install/waypoint_seeker:/home/jason/Desktop/STUDY/Cobra-Driver/workspace/install/yolov5_ros2:/home/jason/Desktop/STUDY/Cobra-Driver/workspace/install/waypoint_seeker:/home/jason/Desktop/STUDY/Cobra-Driver/workspace/install/udp_to_ros:/home/jason/Desktop/STUDY/Cobra-Driver/workspace/install/tcp_cam_sender:/home/jason/Desktop/STUDY/Cobra-Driver/workspace/install/ptcloud_save:/home/jason/Desktop/STUDY/Cobra-Driver/workspace/install/common:/opt/ros/iron /home/jason/.local/bin/cmake --build /home/jason/Desktop/STUDY/Cobra-Driver/workspace/build/lidarslam_msgs -- -j16 -l16
[2.829s] [  2%] Built target lidarslam_msgs__rosidl_generator_type_description
[2.829s] [  2%] Built target ament_cmake_python_copy_lidarslam_msgs
[2.829s] [  4%] Built target lidarslam_msgs__cpp
[2.829s] [ 22%] Built target lidarslam_msgs__rosidl_generator_c
[2.829s] [ 40%] Built target lidarslam_msgs__rosidl_typesupport_introspection_c
[2.830s] [ 43%] Built target lidarslam_msgs__rosidl_typesupport_c
[2.830s] [ 59%] Built target lidarslam_msgs__rosidl_typesupport_fastrtps_cpp
[2.831s] [ 68%] Built target lidarslam_msgs__rosidl_typesupport_fastrtps_c
[2.831s] [ 68%] Built target lidarslam_msgs__rosidl_typesupport_cpp
[2.831s] [ 77%] Built target lidarslam_msgs__rosidl_typesupport_introspection_cpp
[2.831s] [ 77%] Built target lidarslam_msgs
[2.832s] [ 79%] Built target lidarslam_msgs__py
[2.832s] [ 86%] Built target lidarslam_msgs__rosidl_generator_py
[2.832s] [ 90%] Built target lidarslam_msgs__rosidl_typesupport_fastrtps_c__pyext
[2.832s] [ 95%] Built target lidarslam_msgs__rosidl_typesupport_introspection_c__pyext
[2.833s] [100%] Built target lidarslam_msgs__rosidl_typesupport_c__pyext
[2.833s] running egg_info
[2.833s] writing lidarslam_msgs.egg-info/PKG-INFO
[2.833s] writing dependency_links to lidarslam_msgs.egg-info/dependency_links.txt
[2.834s] writing top-level names to lidarslam_msgs.egg-info/top_level.txt
[2.834s] reading manifest file 'lidarslam_msgs.egg-info/SOURCES.txt'
[2.834s] writing manifest file 'lidarslam_msgs.egg-info/SOURCES.txt'
[2.834s] [100%] Built target ament_cmake_python_build_lidarslam_msgs_egg
[2.845s] Invoked command in '/home/jason/Desktop/STUDY/Cobra-Driver/workspace/build/lidarslam_msgs' returned '0': CMAKE_PREFIX_PATH=${CMAKE_PREFIX_PATH}:/home/jason/Desktop/STUDY/Cobra-Driver/workspace/src/waypoint_seeker/install/waypoint_seeker:/home/jason/Desktop/STUDY/Cobra-Driver/workspace/install/yolov5_ros2:/home/jason/Desktop/STUDY/Cobra-Driver/workspace/install/waypoint_seeker:/home/jason/Desktop/STUDY/Cobra-Driver/workspace/install/udp_to_ros:/home/jason/Desktop/STUDY/Cobra-Driver/workspace/install/tcp_cam_sender:/home/jason/Desktop/STUDY/Cobra-Driver/workspace/install/ptcloud_save:/home/jason/Desktop/STUDY/Cobra-Driver/workspace/install/common:/opt/ros/iron /home/jason/.local/bin/cmake --build /home/jason/Desktop/STUDY/Cobra-Driver/workspace/build/lidarslam_msgs -- -j16 -l16
[3.194s] Invoking command in '/home/jason/Desktop/STUDY/Cobra-Driver/workspace/build/lidarslam_msgs': CMAKE_PREFIX_PATH=${CMAKE_PREFIX_PATH}:/home/jason/Desktop/STUDY/Cobra-Driver/workspace/src/waypoint_seeker/install/waypoint_seeker:/home/jason/Desktop/STUDY/Cobra-Driver/workspace/install/yolov5_ros2:/home/jason/Desktop/STUDY/Cobra-Driver/workspace/install/waypoint_seeker:/home/jason/Desktop/STUDY/Cobra-Driver/workspace/install/udp_to_ros:/home/jason/Desktop/STUDY/Cobra-Driver/workspace/install/tcp_cam_sender:/home/jason/Desktop/STUDY/Cobra-Driver/workspace/install/ptcloud_save:/home/jason/Desktop/STUDY/Cobra-Driver/workspace/install/common:/opt/ros/iron /home/jason/.local/bin/cmake --install /home/jason/Desktop/STUDY/Cobra-Driver/workspace/build/lidarslam_msgs
[3.244s] -- Install configuration: ""
[3.259s] -- Up-to-date: /home/jason/Desktop/STUDY/Cobra-Driver/workspace/install/lidarslam_msgs/share/ament_index/resource_index/rosidl_interfaces/lidarslam_msgs
[3.260s] -- Up-to-date: /home/jason/Desktop/STUDY/Cobra-Driver/workspace/install/lidarslam_msgs/share/lidarslam_msgs/msg/SubMap.json
[3.260s] -- Up-to-date: /home/jason/Desktop/STUDY/Cobra-Driver/workspace/install/lidarslam_msgs/share/lidarslam_msgs/msg/MapArray.json
[3.260s] -- Up-to-date: /home/jason/Desktop/STUDY/Cobra-Driver/workspace/install/lidarslam_msgs/include/lidarslam_msgs/lidarslam_msgs
[3.260s] -- Up-to-date: /home/jason/Desktop/STUDY/Cobra-Driver/workspace/install/lidarslam_msgs/include/lidarslam_msgs/lidarslam_msgs/msg
[3.261s] -- Up-to-date: /home/jason/Desktop/STUDY/Cobra-Driver/workspace/install/lidarslam_msgs/include/lidarslam_msgs/lidarslam_msgs/msg/rosidl_generator_c__visibility_control.h
[3.261s] -- Up-to-date: /home/jason/Desktop/STUDY/Cobra-Driver/workspace/install/lidarslam_msgs/include/lidarslam_msgs/lidarslam_msgs/msg/map_array.h
[3.261s] -- Up-to-date: /home/jason/Desktop/STUDY/Cobra-Driver/workspace/install/lidarslam_msgs/include/lidarslam_msgs/lidarslam_msgs/msg/sub_map.h
[3.261s] -- Up-to-date: /home/jason/Desktop/STUDY/Cobra-Driver/workspace/install/lidarslam_msgs/include/lidarslam_msgs/lidarslam_msgs/msg/detail
[3.261s] -- Up-to-date: /home/jason/Desktop/STUDY/Cobra-Driver/workspace/install/lidarslam_msgs/include/lidarslam_msgs/lidarslam_msgs/msg/detail/sub_map__functions.h
[3.261s] -- Up-to-date: /home/jason/Desktop/STUDY/Cobra-Driver/workspace/install/lidarslam_msgs/include/lidarslam_msgs/lidarslam_msgs/msg/detail/map_array__struct.h
[3.261s] -- Up-to-date: /home/jason/Desktop/STUDY/Cobra-Driver/workspace/install/lidarslam_msgs/include/lidarslam_msgs/lidarslam_msgs/msg/detail/map_array__type_support.c
[3.261s] -- Up-to-date: /home/jason/Desktop/STUDY/Cobra-Driver/workspace/install/lidarslam_msgs/include/lidarslam_msgs/lidarslam_msgs/msg/detail/sub_map__struct.h
[3.262s] -- Up-to-date: /home/jason/Desktop/STUDY/Cobra-Driver/workspace/install/lidarslam_msgs/include/lidarslam_msgs/lidarslam_msgs/msg/detail/sub_map__description.c
[3.262s] -- Up-to-date: /home/jason/Desktop/STUDY/Cobra-Driver/workspace/install/lidarslam_msgs/include/lidarslam_msgs/lidarslam_msgs/msg/detail/map_array__description.c
[3.262s] -- Up-to-date: /home/jason/Desktop/STUDY/Cobra-Driver/workspace/install/lidarslam_msgs/include/lidarslam_msgs/lidarslam_msgs/msg/detail/sub_map__type_support.c
[3.262s] -- Up-to-date: /home/jason/Desktop/STUDY/Cobra-Driver/workspace/install/lidarslam_msgs/include/lidarslam_msgs/lidarslam_msgs/msg/detail/sub_map__type_support.h
[3.263s] -- Up-to-date: /home/jason/Desktop/STUDY/Cobra-Driver/workspace/install/lidarslam_msgs/include/lidarslam_msgs/lidarslam_msgs/msg/detail/sub_map__functions.c
[3.263s] -- Up-to-date: /home/jason/Desktop/STUDY/Cobra-Driver/workspace/install/lidarslam_msgs/include/lidarslam_msgs/lidarslam_msgs/msg/detail/map_array__functions.h
[3.263s] -- Up-to-date: /home/jason/Desktop/STUDY/Cobra-Driver/workspace/install/lidarslam_msgs/include/lidarslam_msgs/lidarslam_msgs/msg/detail/map_array__functions.c
[3.263s] -- Up-to-date: /home/jason/Desktop/STUDY/Cobra-Driver/workspace/install/lidarslam_msgs/include/lidarslam_msgs/lidarslam_msgs/msg/detail/map_array__type_support.h
[3.264s] -- Up-to-date: /home/jason/Desktop/STUDY/Cobra-Driver/workspace/install/lidarslam_msgs/share/lidarslam_msgs/environment/library_path.sh
[3.264s] -- Up-to-date: /home/jason/Desktop/STUDY/Cobra-Driver/workspace/install/lidarslam_msgs/share/lidarslam_msgs/environment/library_path.dsv
[3.265s] -- Up-to-date: /home/jason/Desktop/STUDY/Cobra-Driver/workspace/install/lidarslam_msgs/lib/liblidarslam_msgs__rosidl_generator_c.so
[3.266s] -- Up-to-date: /home/jason/Desktop/STUDY/Cobra-Driver/workspace/install/lidarslam_msgs/include/lidarslam_msgs/lidarslam_msgs
[3.266s] -- Up-to-date: /home/jason/Desktop/STUDY/Cobra-Driver/workspace/install/lidarslam_msgs/include/lidarslam_msgs/lidarslam_msgs/msg
[3.266s] -- Up-to-date: /home/jason/Desktop/STUDY/Cobra-Driver/workspace/install/lidarslam_msgs/include/lidarslam_msgs/lidarslam_msgs/msg/rosidl_typesupport_fastrtps_c__visibility_control.h
[3.267s] -- Up-to-date: /home/jason/Desktop/STUDY/Cobra-Driver/workspace/install/lidarslam_msgs/include/lidarslam_msgs/lidarslam_msgs/msg/detail
[3.267s] -- Up-to-date: /home/jason/Desktop/STUDY/Cobra-Driver/workspace/install/lidarslam_msgs/include/lidarslam_msgs/lidarslam_msgs/msg/detail/map_array__rosidl_typesupport_fastrtps_c.h
[3.267s] -- Up-to-date: /home/jason/Desktop/STUDY/Cobra-Driver/workspace/install/lidarslam_msgs/include/lidarslam_msgs/lidarslam_msgs/msg/detail/sub_map__rosidl_typesupport_fastrtps_c.h
[3.268s] -- Up-to-date: /home/jason/Desktop/STUDY/Cobra-Driver/workspace/install/lidarslam_msgs/lib/liblidarslam_msgs__rosidl_typesupport_fastrtps_c.so
[3.269s] -- Up-to-date: /home/jason/Desktop/STUDY/Cobra-Driver/workspace/install/lidarslam_msgs/include/lidarslam_msgs/lidarslam_msgs
[3.269s] -- Up-to-date: /home/jason/Desktop/STUDY/Cobra-Driver/workspace/install/lidarslam_msgs/include/lidarslam_msgs/lidarslam_msgs/msg
[3.270s] -- Up-to-date: /home/jason/Desktop/STUDY/Cobra-Driver/workspace/install/lidarslam_msgs/include/lidarslam_msgs/lidarslam_msgs/msg/rosidl_typesupport_introspection_c__visibility_control.h
[3.270s] -- Up-to-date: /home/jason/Desktop/STUDY/Cobra-Driver/workspace/install/lidarslam_msgs/include/lidarslam_msgs/lidarslam_msgs/msg/detail
[3.271s] -- Up-to-date: /home/jason/Desktop/STUDY/Cobra-Driver/workspace/install/lidarslam_msgs/include/lidarslam_msgs/lidarslam_msgs/msg/detail/map_array__type_support.c
[3.271s] -- Up-to-date: /home/jason/Desktop/STUDY/Cobra-Driver/workspace/install/lidarslam_msgs/include/lidarslam_msgs/lidarslam_msgs/msg/detail/map_array__rosidl_typesupport_introspection_c.h
[3.271s] -- Up-to-date: /home/jason/Desktop/STUDY/Cobra-Driver/workspace/install/lidarslam_msgs/include/lidarslam_msgs/lidarslam_msgs/msg/detail/sub_map__type_support.c
[3.271s] -- Up-to-date: /home/jason/Desktop/STUDY/Cobra-Driver/workspace/install/lidarslam_msgs/include/lidarslam_msgs/lidarslam_msgs/msg/detail/sub_map__rosidl_typesupport_introspection_c.h
[3.274s] -- Up-to-date: /home/jason/Desktop/STUDY/Cobra-Driver/workspace/install/lidarslam_msgs/lib/liblidarslam_msgs__rosidl_typesupport_introspection_c.so
[3.274s] -- Up-to-date: /home/jason/Desktop/STUDY/Cobra-Driver/workspace/install/lidarslam_msgs/lib/liblidarslam_msgs__rosidl_typesupport_c.so
[3.274s] -- Up-to-date: /home/jason/Desktop/STUDY/Cobra-Driver/workspace/install/lidarslam_msgs/include/lidarslam_msgs/lidarslam_msgs
[3.274s] -- Up-to-date: /home/jason/Desktop/STUDY/Cobra-Driver/workspace/install/lidarslam_msgs/include/lidarslam_msgs/lidarslam_msgs/msg
[3.275s] -- Up-to-date: /home/jason/Desktop/STUDY/Cobra-Driver/workspace/install/lidarslam_msgs/include/lidarslam_msgs/lidarslam_msgs/msg/sub_map.hpp
[3.276s] -- Up-to-date: /home/jason/Desktop/STUDY/Cobra-Driver/workspace/install/lidarslam_msgs/include/lidarslam_msgs/lidarslam_msgs/msg/map_array.hpp
[3.276s] -- Up-to-date: /home/jason/Desktop/STUDY/Cobra-Driver/workspace/install/lidarslam_msgs/include/lidarslam_msgs/lidarslam_msgs/msg/detail
[3.276s] -- Up-to-date: /home/jason/Desktop/STUDY/Cobra-Driver/workspace/install/lidarslam_msgs/include/lidarslam_msgs/lidarslam_msgs/msg/detail/sub_map__traits.hpp
[3.277s] -- Up-to-date: /home/jason/Desktop/STUDY/Cobra-Driver/workspace/install/lidarslam_msgs/include/lidarslam_msgs/lidarslam_msgs/msg/detail/sub_map__builder.hpp
[3.277s] -- Up-to-date: /home/jason/Desktop/STUDY/Cobra-Driver/workspace/install/lidarslam_msgs/include/lidarslam_msgs/lidarslam_msgs/msg/detail/sub_map__struct.hpp
[3.278s] -- Up-to-date: /home/jason/Desktop/STUDY/Cobra-Driver/workspace/install/lidarslam_msgs/include/lidarslam_msgs/lidarslam_msgs/msg/detail/map_array__traits.hpp
[3.278s] -- Up-to-date: /home/jason/Desktop/STUDY/Cobra-Driver/workspace/install/lidarslam_msgs/include/lidarslam_msgs/lidarslam_msgs/msg/detail/map_array__struct.hpp
[3.278s] -- Up-to-date: /home/jason/Desktop/STUDY/Cobra-Driver/workspace/install/lidarslam_msgs/include/lidarslam_msgs/lidarslam_msgs/msg/detail/map_array__builder.hpp
[3.278s] -- Up-to-date: /home/jason/Desktop/STUDY/Cobra-Driver/workspace/install/lidarslam_msgs/include/lidarslam_msgs/lidarslam_msgs
[3.278s] -- Up-to-date: /home/jason/Desktop/STUDY/Cobra-Driver/workspace/install/lidarslam_msgs/include/lidarslam_msgs/lidarslam_msgs/msg
[3.279s] -- Up-to-date: /home/jason/Desktop/STUDY/Cobra-Driver/workspace/install/lidarslam_msgs/include/lidarslam_msgs/lidarslam_msgs/msg/rosidl_typesupport_fastrtps_cpp__visibility_control.h
[3.279s] -- Up-to-date: /home/jason/Desktop/STUDY/Cobra-Driver/workspace/install/lidarslam_msgs/include/lidarslam_msgs/lidarslam_msgs/msg/detail
[3.280s] -- Up-to-date: /home/jason/Desktop/STUDY/Cobra-Driver/workspace/install/lidarslam_msgs/include/lidarslam_msgs/lidarslam_msgs/msg/detail/sub_map__rosidl_typesupport_fastrtps_cpp.hpp
[3.280s] -- Up-to-date: /home/jason/Desktop/STUDY/Cobra-Driver/workspace/install/lidarslam_msgs/include/lidarslam_msgs/lidarslam_msgs/msg/detail/dds_fastrtps
[3.280s] -- Up-to-date: /home/jason/Desktop/STUDY/Cobra-Driver/workspace/install/lidarslam_msgs/include/lidarslam_msgs/lidarslam_msgs/msg/detail/map_array__rosidl_typesupport_fastrtps_cpp.hpp
[3.280s] -- Up-to-date: /home/jason/Desktop/STUDY/Cobra-Driver/workspace/install/lidarslam_msgs/lib/liblidarslam_msgs__rosidl_typesupport_fastrtps_cpp.so
[3.281s] -- Up-to-date: /home/jason/Desktop/STUDY/Cobra-Driver/workspace/install/lidarslam_msgs/include/lidarslam_msgs/lidarslam_msgs
[3.281s] -- Up-to-date: /home/jason/Desktop/STUDY/Cobra-Driver/workspace/install/lidarslam_msgs/include/lidarslam_msgs/lidarslam_msgs/msg
[3.287s] -- Up-to-date: /home/jason/Desktop/STUDY/Cobra-Driver/workspace/install/lidarslam_msgs/include/lidarslam_msgs/lidarslam_msgs/msg/detail
[3.288s] -- Up-to-date: /home/jason/Desktop/STUDY/Cobra-Driver/workspace/install/lidarslam_msgs/include/lidarslam_msgs/lidarslam_msgs/msg/detail/map_array__rosidl_typesupport_introspection_cpp.hpp
[3.288s] -- Up-to-date: /home/jason/Desktop/STUDY/Cobra-Driver/workspace/install/lidarslam_msgs/include/lidarslam_msgs/lidarslam_msgs/msg/detail/map_array__type_support.cpp
[3.288s] -- Up-to-date: /home/jason/Desktop/STUDY/Cobra-Driver/workspace/install/lidarslam_msgs/include/lidarslam_msgs/lidarslam_msgs/msg/detail/sub_map__type_support.cpp
[3.288s] -- Up-to-date: /home/jason/Desktop/STUDY/Cobra-Driver/workspace/install/lidarslam_msgs/include/lidarslam_msgs/lidarslam_msgs/msg/detail/sub_map__rosidl_typesupport_introspection_cpp.hpp
[3.289s] -- Up-to-date: /home/jason/Desktop/STUDY/Cobra-Driver/workspace/install/lidarslam_msgs/lib/liblidarslam_msgs__rosidl_typesupport_introspection_cpp.so
[3.289s] -- Up-to-date: /home/jason/Desktop/STUDY/Cobra-Driver/workspace/install/lidarslam_msgs/lib/liblidarslam_msgs__rosidl_typesupport_cpp.so
[3.289s] -- Up-to-date: /home/jason/Desktop/STUDY/Cobra-Driver/workspace/install/lidarslam_msgs/share/lidarslam_msgs/environment/pythonpath.sh
[3.289s] -- Up-to-date: /home/jason/Desktop/STUDY/Cobra-Driver/workspace/install/lidarslam_msgs/share/lidarslam_msgs/environment/pythonpath.dsv
[3.289s] -- Up-to-date: /home/jason/Desktop/STUDY/Cobra-Driver/workspace/install/lidarslam_msgs/lib/python3.10/site-packages/lidarslam_msgs-0.0.0-py3.10.egg-info
[3.291s] -- Installing: /home/jason/Desktop/STUDY/Cobra-Driver/workspace/install/lidarslam_msgs/lib/python3.10/site-packages/lidarslam_msgs-0.0.0-py3.10.egg-info/top_level.txt
[3.292s] -- Installing: /home/jason/Desktop/STUDY/Cobra-Driver/workspace/install/lidarslam_msgs/lib/python3.10/site-packages/lidarslam_msgs-0.0.0-py3.10.egg-info/dependency_links.txt
[3.295s] -- Installing: /home/jason/Desktop/STUDY/Cobra-Driver/workspace/install/lidarslam_msgs/lib/python3.10/site-packages/lidarslam_msgs-0.0.0-py3.10.egg-info/SOURCES.txt
[3.295s] -- Installing: /home/jason/Desktop/STUDY/Cobra-Driver/workspace/install/lidarslam_msgs/lib/python3.10/site-packages/lidarslam_msgs-0.0.0-py3.10.egg-info/PKG-INFO
[3.295s] -- Up-to-date: /home/jason/Desktop/STUDY/Cobra-Driver/workspace/install/lidarslam_msgs/lib/python3.10/site-packages/lidarslam_msgs
[3.295s] -- Up-to-date: /home/jason/Desktop/STUDY/Cobra-Driver/workspace/install/lidarslam_msgs/lib/python3.10/site-packages/lidarslam_msgs/lidarslam_msgs_s__rosidl_typesupport_c.cpython-310-x86_64-linux-gnu.so
[3.295s] -- Up-to-date: /home/jason/Desktop/STUDY/Cobra-Driver/workspace/install/lidarslam_msgs/lib/python3.10/site-packages/lidarslam_msgs/_lidarslam_msgs_s.ep.rosidl_typesupport_fastrtps_c.c
[3.296s] -- Up-to-date: /home/jason/Desktop/STUDY/Cobra-Driver/workspace/install/lidarslam_msgs/lib/python3.10/site-packages/lidarslam_msgs/_lidarslam_msgs_s.ep.rosidl_typesupport_introspection_c.c
[3.296s] -- Up-to-date: /home/jason/Desktop/STUDY/Cobra-Driver/workspace/install/lidarslam_msgs/lib/python3.10/site-packages/lidarslam_msgs/lidarslam_msgs_s__rosidl_typesupport_introspection_c.cpython-310-x86_64-linux-gnu.so
[3.296s] -- Up-to-date: /home/jason/Desktop/STUDY/Cobra-Driver/workspace/install/lidarslam_msgs/lib/python3.10/site-packages/lidarslam_msgs/__init__.py
[3.296s] -- Up-to-date: /home/jason/Desktop/STUDY/Cobra-Driver/workspace/install/lidarslam_msgs/lib/python3.10/site-packages/lidarslam_msgs/_lidarslam_msgs_s.ep.rosidl_typesupport_c.c
[3.297s] -- Up-to-date: /home/jason/Desktop/STUDY/Cobra-Driver/workspace/install/lidarslam_msgs/lib/python3.10/site-packages/lidarslam_msgs/lidarslam_msgs_s__rosidl_typesupport_fastrtps_c.cpython-310-x86_64-linux-gnu.so
[3.297s] -- Up-to-date: /home/jason/Desktop/STUDY/Cobra-Driver/workspace/install/lidarslam_msgs/lib/python3.10/site-packages/lidarslam_msgs/msg
[3.298s] -- Up-to-date: /home/jason/Desktop/STUDY/Cobra-Driver/workspace/install/lidarslam_msgs/lib/python3.10/site-packages/lidarslam_msgs/msg/_sub_map_s.c
[3.298s] -- Up-to-date: /home/jason/Desktop/STUDY/Cobra-Driver/workspace/install/lidarslam_msgs/lib/python3.10/site-packages/lidarslam_msgs/msg/_map_array.py
[3.298s] -- Up-to-date: /home/jason/Desktop/STUDY/Cobra-Driver/workspace/install/lidarslam_msgs/lib/python3.10/site-packages/lidarslam_msgs/msg/__init__.py
[3.298s] -- Up-to-date: /home/jason/Desktop/STUDY/Cobra-Driver/workspace/install/lidarslam_msgs/lib/python3.10/site-packages/lidarslam_msgs/msg/_sub_map.py
[3.298s] -- Up-to-date: /home/jason/Desktop/STUDY/Cobra-Driver/workspace/install/lidarslam_msgs/lib/python3.10/site-packages/lidarslam_msgs/msg/_map_array_s.c
[3.299s] -- Up-to-date: /home/jason/Desktop/STUDY/Cobra-Driver/workspace/install/lidarslam_msgs/lib/python3.10/site-packages/lidarslam_msgs/liblidarslam_msgs__rosidl_generator_py.so
[3.306s] Listing '/home/jason/Desktop/STUDY/Cobra-Driver/workspace/install/lidarslam_msgs/lib/python3.10/site-packages/lidarslam_msgs'...
[3.306s] Listing '/home/jason/Desktop/STUDY/Cobra-Driver/workspace/install/lidarslam_msgs/lib/python3.10/site-packages/lidarslam_msgs/msg'...
[3.311s] -- Up-to-date: /home/jason/Desktop/STUDY/Cobra-Driver/workspace/install/lidarslam_msgs/lib/python3.10/site-packages/lidarslam_msgs/lidarslam_msgs_s__rosidl_typesupport_fastrtps_c.cpython-310-x86_64-linux-gnu.so
[3.311s] -- Up-to-date: /home/jason/Desktop/STUDY/Cobra-Driver/workspace/install/lidarslam_msgs/lib/python3.10/site-packages/lidarslam_msgs/lidarslam_msgs_s__rosidl_typesupport_introspection_c.cpython-310-x86_64-linux-gnu.so
[3.311s] -- Up-to-date: /home/jason/Desktop/STUDY/Cobra-Driver/workspace/install/lidarslam_msgs/lib/python3.10/site-packages/lidarslam_msgs/lidarslam_msgs_s__rosidl_typesupport_c.cpython-310-x86_64-linux-gnu.so
[3.311s] -- Up-to-date: /home/jason/Desktop/STUDY/Cobra-Driver/workspace/install/lidarslam_msgs/lib/liblidarslam_msgs__rosidl_generator_py.so
[3.312s] -- Up-to-date: /home/jason/Desktop/STUDY/Cobra-Driver/workspace/install/lidarslam_msgs/share/lidarslam_msgs/msg/SubMap.idl
[3.312s] -- Up-to-date: /home/jason/Desktop/STUDY/Cobra-Driver/workspace/install/lidarslam_msgs/share/lidarslam_msgs/msg/MapArray.idl
[3.312s] -- Up-to-date: /home/jason/Desktop/STUDY/Cobra-Driver/workspace/install/lidarslam_msgs/share/lidarslam_msgs/msg/SubMap.msg
[3.313s] -- Up-to-date: /home/jason/Desktop/STUDY/Cobra-Driver/workspace/install/lidarslam_msgs/share/lidarslam_msgs/msg/MapArray.msg
[3.313s] -- Up-to-date: /home/jason/Desktop/STUDY/Cobra-Driver/workspace/install/lidarslam_msgs/share/ament_index/resource_index/package_run_dependencies/lidarslam_msgs
[3.313s] -- Up-to-date: /home/jason/Desktop/STUDY/Cobra-Driver/workspace/install/lidarslam_msgs/share/ament_index/resource_index/parent_prefix_path/lidarslam_msgs
[3.314s] -- Up-to-date: /home/jason/Desktop/STUDY/Cobra-Driver/workspace/install/lidarslam_msgs/share/lidarslam_msgs/environment/ament_prefix_path.sh
[3.314s] -- Up-to-date: /home/jason/Desktop/STUDY/Cobra-Driver/workspace/install/lidarslam_msgs/share/lidarslam_msgs/environment/ament_prefix_path.dsv
[3.314s] -- Up-to-date: /home/jason/Desktop/STUDY/Cobra-Driver/workspace/install/lidarslam_msgs/share/lidarslam_msgs/environment/path.sh
[3.314s] -- Up-to-date: /home/jason/Desktop/STUDY/Cobra-Driver/workspace/install/lidarslam_msgs/share/lidarslam_msgs/environment/path.dsv
[3.315s] -- Up-to-date: /home/jason/Desktop/STUDY/Cobra-Driver/workspace/install/lidarslam_msgs/share/lidarslam_msgs/local_setup.bash
[3.315s] -- Up-to-date: /home/jason/Desktop/STUDY/Cobra-Driver/workspace/install/lidarslam_msgs/share/lidarslam_msgs/local_setup.sh
[3.315s] -- Up-to-date: /home/jason/Desktop/STUDY/Cobra-Driver/workspace/install/lidarslam_msgs/share/lidarslam_msgs/local_setup.zsh
[3.315s] -- Up-to-date: /home/jason/Desktop/STUDY/Cobra-Driver/workspace/install/lidarslam_msgs/share/lidarslam_msgs/local_setup.dsv
[3.315s] -- Installing: /home/jason/Desktop/STUDY/Cobra-Driver/workspace/install/lidarslam_msgs/share/lidarslam_msgs/package.dsv
[3.315s] -- Up-to-date: /home/jason/Desktop/STUDY/Cobra-Driver/workspace/install/lidarslam_msgs/share/ament_index/resource_index/packages/lidarslam_msgs
[3.315s] -- Up-to-date: /home/jason/Desktop/STUDY/Cobra-Driver/workspace/install/lidarslam_msgs/share/lidarslam_msgs/cmake/export_lidarslam_msgs__rosidl_generator_cExport.cmake
[3.316s] -- Up-to-date: /home/jason/Desktop/STUDY/Cobra-Driver/workspace/install/lidarslam_msgs/share/lidarslam_msgs/cmake/export_lidarslam_msgs__rosidl_generator_cExport-noconfig.cmake
[3.316s] -- Up-to-date: /home/jason/Desktop/STUDY/Cobra-Driver/workspace/install/lidarslam_msgs/share/lidarslam_msgs/cmake/export_lidarslam_msgs__rosidl_typesupport_fastrtps_cExport.cmake
[3.316s] -- Up-to-date: /home/jason/Desktop/STUDY/Cobra-Driver/workspace/install/lidarslam_msgs/share/lidarslam_msgs/cmake/export_lidarslam_msgs__rosidl_typesupport_fastrtps_cExport-noconfig.cmake
[3.316s] -- Up-to-date: /home/jason/Desktop/STUDY/Cobra-Driver/workspace/install/lidarslam_msgs/share/lidarslam_msgs/cmake/lidarslam_msgs__rosidl_typesupport_introspection_cExport.cmake
[3.316s] -- Up-to-date: /home/jason/Desktop/STUDY/Cobra-Driver/workspace/install/lidarslam_msgs/share/lidarslam_msgs/cmake/lidarslam_msgs__rosidl_typesupport_introspection_cExport-noconfig.cmake
[3.316s] -- Up-to-date: /home/jason/Desktop/STUDY/Cobra-Driver/workspace/install/lidarslam_msgs/share/lidarslam_msgs/cmake/lidarslam_msgs__rosidl_typesupport_cExport.cmake
[3.316s] -- Up-to-date: /home/jason/Desktop/STUDY/Cobra-Driver/workspace/install/lidarslam_msgs/share/lidarslam_msgs/cmake/lidarslam_msgs__rosidl_typesupport_cExport-noconfig.cmake
[3.316s] -- Up-to-date: /home/jason/Desktop/STUDY/Cobra-Driver/workspace/install/lidarslam_msgs/share/lidarslam_msgs/cmake/export_lidarslam_msgs__rosidl_generator_cppExport.cmake
[3.317s] -- Up-to-date: /home/jason/Desktop/STUDY/Cobra-Driver/workspace/install/lidarslam_msgs/share/lidarslam_msgs/cmake/export_lidarslam_msgs__rosidl_typesupport_fastrtps_cppExport.cmake
[3.317s] -- Up-to-date: /home/jason/Desktop/STUDY/Cobra-Driver/workspace/install/lidarslam_msgs/share/lidarslam_msgs/cmake/export_lidarslam_msgs__rosidl_typesupport_fastrtps_cppExport-noconfig.cmake
[3.317s] -- Up-to-date: /home/jason/Desktop/STUDY/Cobra-Driver/workspace/install/lidarslam_msgs/share/lidarslam_msgs/cmake/lidarslam_msgs__rosidl_typesupport_introspection_cppExport.cmake
[3.317s] -- Up-to-date: /home/jason/Desktop/STUDY/Cobra-Driver/workspace/install/lidarslam_msgs/share/lidarslam_msgs/cmake/lidarslam_msgs__rosidl_typesupport_introspection_cppExport-noconfig.cmake
[3.317s] -- Up-to-date: /home/jason/Desktop/STUDY/Cobra-Driver/workspace/install/lidarslam_msgs/share/lidarslam_msgs/cmake/lidarslam_msgs__rosidl_typesupport_cppExport.cmake
[3.317s] -- Up-to-date: /home/jason/Desktop/STUDY/Cobra-Driver/workspace/install/lidarslam_msgs/share/lidarslam_msgs/cmake/lidarslam_msgs__rosidl_typesupport_cppExport-noconfig.cmake
[3.317s] -- Up-to-date: /home/jason/Desktop/STUDY/Cobra-Driver/workspace/install/lidarslam_msgs/share/lidarslam_msgs/cmake/export_lidarslam_msgs__rosidl_generator_pyExport.cmake
[3.317s] -- Up-to-date: /home/jason/Desktop/STUDY/Cobra-Driver/workspace/install/lidarslam_msgs/share/lidarslam_msgs/cmake/export_lidarslam_msgs__rosidl_generator_pyExport-noconfig.cmake
[3.317s] -- Up-to-date: /home/jason/Desktop/STUDY/Cobra-Driver/workspace/install/lidarslam_msgs/share/lidarslam_msgs/cmake/rosidl_cmake-extras.cmake
[3.318s] -- Up-to-date: /home/jason/Desktop/STUDY/Cobra-Driver/workspace/install/lidarslam_msgs/share/lidarslam_msgs/cmake/ament_cmake_export_dependencies-extras.cmake
[3.318s] -- Up-to-date: /home/jason/Desktop/STUDY/Cobra-Driver/workspace/install/lidarslam_msgs/share/lidarslam_msgs/cmake/ament_cmake_export_include_directories-extras.cmake
[3.318s] -- Up-to-date: /home/jason/Desktop/STUDY/Cobra-Driver/workspace/install/lidarslam_msgs/share/lidarslam_msgs/cmake/ament_cmake_export_libraries-extras.cmake
[3.318s] -- Up-to-date: /home/jason/Desktop/STUDY/Cobra-Driver/workspace/install/lidarslam_msgs/share/lidarslam_msgs/cmake/ament_cmake_export_targets-extras.cmake
[3.318s] -- Up-to-date: /home/jason/Desktop/STUDY/Cobra-Driver/workspace/install/lidarslam_msgs/share/lidarslam_msgs/cmake/rosidl_cmake_export_typesupport_targets-extras.cmake
[3.318s] -- Up-to-date: /home/jason/Desktop/STUDY/Cobra-Driver/workspace/install/lidarslam_msgs/share/lidarslam_msgs/cmake/rosidl_cmake_export_typesupport_libraries-extras.cmake
[3.318s] -- Up-to-date: /home/jason/Desktop/STUDY/Cobra-Driver/workspace/install/lidarslam_msgs/share/lidarslam_msgs/cmake/lidarslam_msgsConfig.cmake
[3.318s] -- Up-to-date: /home/jason/Desktop/STUDY/Cobra-Driver/workspace/install/lidarslam_msgs/share/lidarslam_msgs/cmake/lidarslam_msgsConfig-version.cmake
[3.318s] -- Up-to-date: /home/jason/Desktop/STUDY/Cobra-Driver/workspace/install/lidarslam_msgs/share/lidarslam_msgs/package.xml
[3.761s] Invoked command in '/home/jason/Desktop/STUDY/Cobra-Driver/workspace/build/lidarslam_msgs' returned '0': CMAKE_PREFIX_PATH=${CMAKE_PREFIX_PATH}:/home/jason/Desktop/STUDY/Cobra-Driver/workspace/src/waypoint_seeker/install/waypoint_seeker:/home/jason/Desktop/STUDY/Cobra-Driver/workspace/install/yolov5_ros2:/home/jason/Desktop/STUDY/Cobra-Driver/workspace/install/waypoint_seeker:/home/jason/Desktop/STUDY/Cobra-Driver/workspace/install/udp_to_ros:/home/jason/Desktop/STUDY/Cobra-Driver/workspace/install/tcp_cam_sender:/home/jason/Desktop/STUDY/Cobra-Driver/workspace/install/ptcloud_save:/home/jason/Desktop/STUDY/Cobra-Driver/workspace/install/common:/opt/ros/iron /home/jason/.local/bin/cmake --install /home/jason/Desktop/STUDY/Cobra-Driver/workspace/build/lidarslam_msgs
