[0.245s] DEBUG:colcon:Command line arguments: ['/usr/bin/colcon', 'build']
[0.245s] DEBUG:colcon:Parsed command line arguments: Namespace(log_base=None, log_level=None, verb_name='build', build_base='build', install_base='install', merge_install=False, symlink_install=False, test_result_base=None, continue_on_error=False, executor='parallel', parallel_workers=16, event_handlers=None, ignore_user_meta=False, metas=['./colcon.meta'], base_paths=['.'], packages_ignore=None, packages_ignore_regex=None, paths=None, packages_up_to=None, packages_up_to_regex=None, packages_above=None, packages_above_and_dependencies=None, packages_above_depth=None, packages_select_by_dep=None, packages_skip_by_dep=None, packages_skip_up_to=None, packages_select_build_failed=False, packages_skip_build_finished=False, packages_select_test_failures=False, packages_skip_test_passed=False, packages_select=None, packages_skip=None, packages_select_regex=None, packages_skip_regex=None, packages_start=None, packages_end=None, allow_overriding=[], cmake_args=None, cmake_target=None, cmake_target_skip_unavailable=False, cmake_clean_cache=False, cmake_clean_first=False, cmake_force_configure=False, ament_cmake_args=None, catkin_cmake_args=None, catkin_skip_building_tests=False, verb_parser=<colcon_defaults.argument_parser.defaults.DefaultArgumentsDecorator object at 0x7f9d7e515660>, verb_extension=<colcon_core.verb.build.BuildVerb object at 0x7f9d7f1da380>, main=<bound method BuildVerb.main of <colcon_core.verb.build.BuildVerb object at 0x7f9d7f1da380>>)
[0.262s] Level 1:colcon.colcon_core.package_discovery:discover_packages(colcon_meta) check parameters
[0.263s] Level 1:colcon.colcon_core.package_discovery:discover_packages(recursive) check parameters
[0.263s] Level 1:colcon.colcon_core.package_discovery:discover_packages(ignore) check parameters
[0.263s] Level 1:colcon.colcon_core.package_discovery:discover_packages(path) check parameters
[0.263s] Level 1:colcon.colcon_core.package_discovery:discover_packages(colcon_meta) discover
[0.263s] Level 1:colcon.colcon_core.package_discovery:discover_packages(recursive) discover
[0.263s] INFO:colcon.colcon_core.package_discovery:Crawling recursively for packages in '/home/jason/Desktop/STUDY/Cobra-Driver/workspace'
[0.263s] Level 1:colcon.colcon_core.package_identification:_identify(.) by extensions ['ignore', 'ignore_ament_install']
[0.263s] Level 1:colcon.colcon_core.package_identification:_identify(.) by extension 'ignore'
[0.263s] Level 1:colcon.colcon_core.package_identification:_identify(.) by extension 'ignore_ament_install'
[0.263s] Level 1:colcon.colcon_core.package_identification:_identify(.) by extensions ['colcon_pkg']
[0.263s] Level 1:colcon.colcon_core.package_identification:_identify(.) by extension 'colcon_pkg'
[0.263s] Level 1:colcon.colcon_core.package_identification:_identify(.) by extensions ['colcon_meta']
[0.263s] Level 1:colcon.colcon_core.package_identification:_identify(.) by extension 'colcon_meta'
[0.263s] Level 1:colcon.colcon_core.package_identification:_identify(.) by extensions ['ros']
[0.263s] Level 1:colcon.colcon_core.package_identification:_identify(.) by extension 'ros'
[0.271s] Level 1:colcon.colcon_core.package_identification:_identify(.) by extensions ['cmake', 'python']
[0.271s] Level 1:colcon.colcon_core.package_identification:_identify(.) by extension 'cmake'
[0.271s] Level 1:colcon.colcon_core.package_identification:_identify(.) by extension 'python'
[0.271s] Level 1:colcon.colcon_core.package_identification:_identify(.) by extensions ['python_setup_py']
[0.271s] Level 1:colcon.colcon_core.package_identification:_identify(.) by extension 'python_setup_py'
[0.271s] Level 1:colcon.colcon_core.package_identification:_identify(build) by extensions ['ignore', 'ignore_ament_install']
[0.271s] Level 1:colcon.colcon_core.package_identification:_identify(build) by extension 'ignore'
[0.271s] Level 1:colcon.colcon_core.package_identification:_identify(build) ignored
[0.271s] Level 1:colcon.colcon_core.package_identification:_identify(install) by extensions ['ignore', 'ignore_ament_install']
[0.271s] Level 1:colcon.colcon_core.package_identification:_identify(install) by extension 'ignore'
[0.271s] Level 1:colcon.colcon_core.package_identification:_identify(install) ignored
[0.271s] Level 1:colcon.colcon_core.package_identification:_identify(log) by extensions ['ignore', 'ignore_ament_install']
[0.271s] Level 1:colcon.colcon_core.package_identification:_identify(log) by extension 'ignore'
[0.271s] Level 1:colcon.colcon_core.package_identification:_identify(log) ignored
[0.271s] Level 1:colcon.colcon_core.package_identification:_identify(src) by extensions ['ignore', 'ignore_ament_install']
[0.271s] Level 1:colcon.colcon_core.package_identification:_identify(src) by extension 'ignore'
[0.271s] Level 1:colcon.colcon_core.package_identification:_identify(src) by extension 'ignore_ament_install'
[0.271s] Level 1:colcon.colcon_core.package_identification:_identify(src) by extensions ['colcon_pkg']
[0.271s] Level 1:colcon.colcon_core.package_identification:_identify(src) by extension 'colcon_pkg'
[0.271s] Level 1:colcon.colcon_core.package_identification:_identify(src) by extensions ['colcon_meta']
[0.271s] Level 1:colcon.colcon_core.package_identification:_identify(src) by extension 'colcon_meta'
[0.271s] Level 1:colcon.colcon_core.package_identification:_identify(src) by extensions ['ros']
[0.272s] Level 1:colcon.colcon_core.package_identification:_identify(src) by extension 'ros'
[0.272s] Level 1:colcon.colcon_core.package_identification:_identify(src) by extensions ['cmake', 'python']
[0.272s] Level 1:colcon.colcon_core.package_identification:_identify(src) by extension 'cmake'
[0.272s] Level 1:colcon.colcon_core.package_identification:_identify(src) by extension 'python'
[0.272s] Level 1:colcon.colcon_core.package_identification:_identify(src) by extensions ['python_setup_py']
[0.272s] Level 1:colcon.colcon_core.package_identification:_identify(src) by extension 'python_setup_py'
[0.272s] Level 1:colcon.colcon_core.package_identification:_identify(src/udp_float_receiver) by extensions ['ignore', 'ignore_ament_install']
[0.272s] Level 1:colcon.colcon_core.package_identification:_identify(src/udp_float_receiver) by extension 'ignore'
[0.272s] Level 1:colcon.colcon_core.package_identification:_identify(src/udp_float_receiver) by extension 'ignore_ament_install'
[0.272s] Level 1:colcon.colcon_core.package_identification:_identify(src/udp_float_receiver) by extensions ['colcon_pkg']
[0.272s] Level 1:colcon.colcon_core.package_identification:_identify(src/udp_float_receiver) by extension 'colcon_pkg'
[0.272s] Level 1:colcon.colcon_core.package_identification:_identify(src/udp_float_receiver) by extensions ['colcon_meta']
[0.272s] Level 1:colcon.colcon_core.package_identification:_identify(src/udp_float_receiver) by extension 'colcon_meta'
[0.272s] Level 1:colcon.colcon_core.package_identification:_identify(src/udp_float_receiver) by extensions ['ros']
[0.272s] Level 1:colcon.colcon_core.package_identification:_identify(src/udp_float_receiver) by extension 'ros'
[0.273s] DEBUG:colcon.colcon_core.package_identification:Found ROS schema reference in package manifest in 'src/udp_float_receiver'
[0.273s] WARNING:colcon.colcon_core.package_identification:Failed to parse ROS package manifest in 'src/udp_float_receiver': Error(s) in package 'src/udp_float_receiver/package.xml':
Error(s):
- The generic dependency on 'std_msgs' is redundant with: build_depend, build_export_depend, exec_depend
[0.273s] Level 1:colcon.colcon_core.package_identification:_identify(src/udp_float_receiver) by extensions ['cmake', 'python']
[0.273s] Level 1:colcon.colcon_core.package_identification:_identify(src/udp_float_receiver) by extension 'cmake'
[0.273s] Level 1:colcon.colcon_core.package_identification:_identify(src/udp_float_receiver) by extension 'python'
[0.274s] DEBUG:colcon.colcon_core.package_identification:Python package in 'src/udp_float_receiver' passes arguments to the setup() function which requires a different identification extension than 'python'
[0.274s] Level 1:colcon.colcon_core.package_identification:_identify(src/udp_float_receiver) by extensions ['python_setup_py']
[0.274s] Level 1:colcon.colcon_core.package_identification:_identify(src/udp_float_receiver) by extension 'python_setup_py'
[0.461s] DEBUG:colcon.colcon_core.package_identification:Package 'src/udp_float_receiver' with type 'python' and name 'udp_float_receiver'
[0.461s] Level 1:colcon.colcon_core.package_discovery:discover_packages(recursive) using defaults
[0.461s] Level 1:colcon.colcon_core.package_discovery:discover_packages(ignore) discover
[0.461s] Level 1:colcon.colcon_core.package_discovery:discover_packages(ignore) using defaults
[0.461s] Level 1:colcon.colcon_core.package_discovery:discover_packages(path) discover
[0.461s] Level 1:colcon.colcon_core.package_discovery:discover_packages(path) using defaults
[0.477s] Level 1:colcon.colcon_core.package_discovery:discover_packages(prefix_path) check parameters
[0.477s] Level 1:colcon.colcon_core.package_discovery:discover_packages(prefix_path) discover
[0.479s] DEBUG:colcon.colcon_installed_package_information.package_discovery:Found 8 installed packages in /home/jason/ros2_ws/install
[0.480s] DEBUG:colcon.colcon_installed_package_information.package_discovery:Found 295 installed packages in /opt/ros/iron
[0.481s] Level 1:colcon.colcon_core.package_discovery:discover_packages(prefix_path) using defaults
[0.519s] Level 5:colcon.colcon_core.verb:set package 'udp_float_receiver' build argument 'cmake_args' from command line to 'None'
[0.519s] Level 5:colcon.colcon_core.verb:set package 'udp_float_receiver' build argument 'cmake_target' from command line to 'None'
[0.519s] Level 5:colcon.colcon_core.verb:set package 'udp_float_receiver' build argument 'cmake_target_skip_unavailable' from command line to 'False'
[0.519s] Level 5:colcon.colcon_core.verb:set package 'udp_float_receiver' build argument 'cmake_clean_cache' from command line to 'False'
[0.519s] Level 5:colcon.colcon_core.verb:set package 'udp_float_receiver' build argument 'cmake_clean_first' from command line to 'False'
[0.519s] Level 5:colcon.colcon_core.verb:set package 'udp_float_receiver' build argument 'cmake_force_configure' from command line to 'False'
[0.519s] Level 5:colcon.colcon_core.verb:set package 'udp_float_receiver' build argument 'ament_cmake_args' from command line to 'None'
[0.519s] Level 5:colcon.colcon_core.verb:set package 'udp_float_receiver' build argument 'catkin_cmake_args' from command line to 'None'
[0.519s] Level 5:colcon.colcon_core.verb:set package 'udp_float_receiver' build argument 'catkin_skip_building_tests' from command line to 'False'
[0.519s] DEBUG:colcon.colcon_core.verb:Building package 'udp_float_receiver' with the following arguments: {'ament_cmake_args': None, 'build_base': '/home/jason/Desktop/STUDY/Cobra-Driver/workspace/build/udp_float_receiver', 'catkin_cmake_args': None, 'catkin_skip_building_tests': False, 'cmake_args': None, 'cmake_clean_cache': False, 'cmake_clean_first': False, 'cmake_force_configure': False, 'cmake_target': None, 'cmake_target_skip_unavailable': False, 'install_base': '/home/jason/Desktop/STUDY/Cobra-Driver/workspace/install/udp_float_receiver', 'merge_install': False, 'path': '/home/jason/Desktop/STUDY/Cobra-Driver/workspace/src/udp_float_receiver', 'symlink_install': False, 'test_result_base': None}
[0.520s] INFO:colcon.colcon_core.executor:Executing jobs using 'parallel' executor
[0.523s] DEBUG:colcon.colcon_parallel_executor.executor.parallel:run_until_complete
[0.523s] INFO:colcon.colcon_core.task.python.build:Building Python package in '/home/jason/Desktop/STUDY/Cobra-Driver/workspace/src/udp_float_receiver'
[0.526s] INFO:colcon.colcon_core.plugin_system:Skipping extension 'colcon_core.shell.bat': Not used on non-Windows systems
[0.526s] INFO:colcon.colcon_core.shell:Skip shell extension 'powershell' for command environment: Not usable outside of PowerShell
[0.526s] DEBUG:colcon.colcon_core.shell:Skip shell extension 'dsv' for command environment
[0.948s] DEBUG:colcon.colcon_core.event_handler.log_command:Invoking command in '/home/jason/Desktop/STUDY/Cobra-Driver/workspace/src/udp_float_receiver': CONDA_PROMPT_MODIFIER=(base) PYTHONPATH=/home/jason/Desktop/STUDY/Cobra-Driver/workspace/build/udp_float_receiver/prefix_override:/home/jason/Desktop/STUDY/Cobra-Driver/workspace/install/udp_float_receiver/lib/python3.10/site-packages:${PYTHONPATH} /usr/bin/python3 setup.py egg_info --egg-base ../../build/udp_float_receiver build --build-base /home/jason/Desktop/STUDY/Cobra-Driver/workspace/build/udp_float_receiver/build install --record /home/jason/Desktop/STUDY/Cobra-Driver/workspace/build/udp_float_receiver/install.log --single-version-externally-managed
[1.156s] DEBUG:colcon.colcon_core.event_handler.log_command:Invoked command in '/home/jason/Desktop/STUDY/Cobra-Driver/workspace/src/udp_float_receiver' returned '0': CONDA_PROMPT_MODIFIER=(base) PYTHONPATH=/home/jason/Desktop/STUDY/Cobra-Driver/workspace/build/udp_float_receiver/prefix_override:/home/jason/Desktop/STUDY/Cobra-Driver/workspace/install/udp_float_receiver/lib/python3.10/site-packages:${PYTHONPATH} /usr/bin/python3 setup.py egg_info --egg-base ../../build/udp_float_receiver build --build-base /home/jason/Desktop/STUDY/Cobra-Driver/workspace/build/udp_float_receiver/build install --record /home/jason/Desktop/STUDY/Cobra-Driver/workspace/build/udp_float_receiver/install.log --single-version-externally-managed
[1.159s] Level 1:colcon.colcon_core.environment:checking '/home/jason/Desktop/STUDY/Cobra-Driver/workspace/install/udp_float_receiver' for CMake module files
[1.159s] Level 1:colcon.colcon_core.environment:checking '/home/jason/Desktop/STUDY/Cobra-Driver/workspace/install/udp_float_receiver' for CMake config files
[1.160s] Level 1:colcon.colcon_core.environment:checking '/home/jason/Desktop/STUDY/Cobra-Driver/workspace/install/udp_float_receiver/lib'
[1.160s] Level 1:colcon.colcon_core.environment:checking '/home/jason/Desktop/STUDY/Cobra-Driver/workspace/install/udp_float_receiver/bin'
[1.160s] Level 1:colcon.colcon_core.environment:checking '/home/jason/Desktop/STUDY/Cobra-Driver/workspace/install/udp_float_receiver/lib/pkgconfig/udp_float_receiver.pc'
[1.160s] Level 1:colcon.colcon_core.environment:checking '/home/jason/Desktop/STUDY/Cobra-Driver/workspace/install/udp_float_receiver/lib/python3.10/site-packages'
[1.160s] Level 1:colcon.colcon_core.shell:create_environment_hook('udp_float_receiver', 'pythonpath')
[1.161s] INFO:colcon.colcon_core.shell:Creating environment hook '/home/jason/Desktop/STUDY/Cobra-Driver/workspace/install/udp_float_receiver/share/udp_float_receiver/hook/pythonpath.ps1'
[1.162s] INFO:colcon.colcon_core.shell:Creating environment descriptor '/home/jason/Desktop/STUDY/Cobra-Driver/workspace/install/udp_float_receiver/share/udp_float_receiver/hook/pythonpath.dsv'
[1.162s] INFO:colcon.colcon_core.shell:Creating environment hook '/home/jason/Desktop/STUDY/Cobra-Driver/workspace/install/udp_float_receiver/share/udp_float_receiver/hook/pythonpath.sh'
[1.162s] Level 1:colcon.colcon_core.environment:checking '/home/jason/Desktop/STUDY/Cobra-Driver/workspace/install/udp_float_receiver/bin'
[1.162s] Level 1:colcon.colcon_core.environment:create_environment_scripts_only(udp_float_receiver)
[1.163s] INFO:colcon.colcon_core.shell:Creating package script '/home/jason/Desktop/STUDY/Cobra-Driver/workspace/install/udp_float_receiver/share/udp_float_receiver/package.ps1'
[1.164s] INFO:colcon.colcon_core.shell:Creating package descriptor '/home/jason/Desktop/STUDY/Cobra-Driver/workspace/install/udp_float_receiver/share/udp_float_receiver/package.dsv'
[1.164s] INFO:colcon.colcon_core.shell:Creating package script '/home/jason/Desktop/STUDY/Cobra-Driver/workspace/install/udp_float_receiver/share/udp_float_receiver/package.sh'
[1.164s] INFO:colcon.colcon_core.shell:Creating package script '/home/jason/Desktop/STUDY/Cobra-Driver/workspace/install/udp_float_receiver/share/udp_float_receiver/package.bash'
[1.165s] INFO:colcon.colcon_core.shell:Creating package script '/home/jason/Desktop/STUDY/Cobra-Driver/workspace/install/udp_float_receiver/share/udp_float_receiver/package.zsh'
[1.165s] Level 1:colcon.colcon_core.environment:create_file_with_runtime_dependencies(/home/jason/Desktop/STUDY/Cobra-Driver/workspace/install/udp_float_receiver/share/colcon-core/packages/udp_float_receiver)
[1.165s] DEBUG:colcon.colcon_parallel_executor.executor.parallel:closing loop
[1.166s] DEBUG:colcon.colcon_parallel_executor.executor.parallel:loop closed
[1.166s] DEBUG:colcon.colcon_parallel_executor.executor.parallel:run_until_complete finished with '0'
[1.166s] DEBUG:colcon.colcon_core.event_reactor:joining thread
[1.169s] INFO:colcon.colcon_core.plugin_system:Skipping extension 'colcon_notification.desktop_notification.terminal_notifier': Not used on non-Darwin systems
[1.169s] INFO:colcon.colcon_core.plugin_system:Skipping extension 'colcon_notification.desktop_notification.win32': Not used on non-Windows systems
[1.169s] INFO:colcon.colcon_notification.desktop_notification:Sending desktop notification using 'notify2'
[1.178s] DEBUG:colcon.colcon_core.event_reactor:joined thread
[1.179s] INFO:colcon.colcon_core.shell:Creating prefix script '/home/jason/Desktop/STUDY/Cobra-Driver/workspace/install/local_setup.ps1'
[1.180s] INFO:colcon.colcon_core.shell:Creating prefix util module '/home/jason/Desktop/STUDY/Cobra-Driver/workspace/install/_local_setup_util_ps1.py'
[1.180s] INFO:colcon.colcon_core.shell:Creating prefix chain script '/home/jason/Desktop/STUDY/Cobra-Driver/workspace/install/setup.ps1'
[1.181s] INFO:colcon.colcon_core.shell:Creating prefix script '/home/jason/Desktop/STUDY/Cobra-Driver/workspace/install/local_setup.sh'
[1.182s] INFO:colcon.colcon_core.shell:Creating prefix util module '/home/jason/Desktop/STUDY/Cobra-Driver/workspace/install/_local_setup_util_sh.py'
[1.182s] INFO:colcon.colcon_core.shell:Creating prefix chain script '/home/jason/Desktop/STUDY/Cobra-Driver/workspace/install/setup.sh'
[1.183s] INFO:colcon.colcon_core.shell:Creating prefix script '/home/jason/Desktop/STUDY/Cobra-Driver/workspace/install/local_setup.bash'
[1.183s] INFO:colcon.colcon_core.shell:Creating prefix chain script '/home/jason/Desktop/STUDY/Cobra-Driver/workspace/install/setup.bash'
[1.184s] INFO:colcon.colcon_core.shell:Creating prefix script '/home/jason/Desktop/STUDY/Cobra-Driver/workspace/install/local_setup.zsh'
[1.184s] INFO:colcon.colcon_core.shell:Creating prefix chain script '/home/jason/Desktop/STUDY/Cobra-Driver/workspace/install/setup.zsh'
