[0.198s] Invoking command in '/home/sbel/Desktop/Cobra-Driver/workspace/build/rosapi_msgs': CMAKE_PREFIX_PATH=${CMAKE_PREFIX_PATH}:/home/sbel/Desktop/Cobra-Driver/workspace/install/yolov5_ros2:/home/sbel/Desktop/Cobra-Driver/workspace/install/udp_to_ros:/home/sbel/Desktop/Cobra-Driver/workspace/install/common:/opt/ros/foxy /usr/bin/cmake --build /home/sbel/Desktop/Cobra-Driver/workspace/build/rosapi_msgs -- -j8 -l8
[1.810s] [  0%] Built target rosapi_msgs__cpp
[1.810s] [ 12%] Built target rosapi_msgs__rosidl_generator_c
[1.810s] [ 24%] Built target rosapi_msgs__rosidl_typesupport_cpp
[1.810s] [ 37%] Built target rosapi_msgs__rosidl_typesupport_introspection_cpp
[1.810s] [ 49%] Built target rosapi_msgs__rosidl_typesupport_c
[1.811s] [ 61%] Built target rosapi_msgs__rosidl_typesupport_fastrtps_cpp
[1.811s] [ 73%] Built target rosapi_msgs__rosidl_typesupport_introspection_c
[1.811s] [ 85%] Built target rosapi_msgs__rosidl_typesupport_fastrtps_c
[1.811s] [ 85%] Built target rosapi_msgs
[1.811s] [ 85%] Built target rosapi_msgs__py
[1.812s] [ 97%] Built target rosapi_msgs__python
[1.813s] [100%] Built target rosapi_msgs__rosidl_typesupport_fastrtps_c__pyext
[1.813s] [100%] Built target rosapi_msgs__rosidl_typesupport_c__pyext
[1.817s] [100%] Built target rosapi_msgs__rosidl_typesupport_introspection_c__pyext
[1.832s] Invoked command in '/home/sbel/Desktop/Cobra-Driver/workspace/build/rosapi_msgs' returned '0': CMAKE_PREFIX_PATH=${CMAKE_PREFIX_PATH}:/home/sbel/Desktop/Cobra-Driver/workspace/install/yolov5_ros2:/home/sbel/Desktop/Cobra-Driver/workspace/install/udp_to_ros:/home/sbel/Desktop/Cobra-Driver/workspace/install/common:/opt/ros/foxy /usr/bin/cmake --build /home/sbel/Desktop/Cobra-Driver/workspace/build/rosapi_msgs -- -j8 -l8
[2.800s] Invoking command in '/home/sbel/Desktop/Cobra-Driver/workspace/build/rosapi_msgs': CMAKE_PREFIX_PATH=${CMAKE_PREFIX_PATH}:/home/sbel/Desktop/Cobra-Driver/workspace/install/yolov5_ros2:/home/sbel/Desktop/Cobra-Driver/workspace/install/udp_to_ros:/home/sbel/Desktop/Cobra-Driver/workspace/install/common:/opt/ros/foxy /usr/bin/cmake --install /home/sbel/Desktop/Cobra-Driver/workspace/build/rosapi_msgs
[2.841s] -- Install configuration: ""
[2.841s] -- Up-to-date: /home/sbel/Desktop/Cobra-Driver/workspace/install/rosapi_msgs/share/ament_index/resource_index/rosidl_interfaces/rosapi_msgs
[2.841s] -- Up-to-date: /home/sbel/Desktop/Cobra-Driver/workspace/install/rosapi_msgs/include/rosapi_msgs
[2.842s] -- Up-to-date: /home/sbel/Desktop/Cobra-Driver/workspace/install/rosapi_msgs/include/rosapi_msgs/srv
[2.843s] -- Up-to-date: /home/sbel/Desktop/Cobra-Driver/workspace/install/rosapi_msgs/include/rosapi_msgs/srv/detail
[2.843s] -- Up-to-date: /home/sbel/Desktop/Cobra-Driver/workspace/install/rosapi_msgs/include/rosapi_msgs/srv/detail/service_type__struct.h
[2.844s] -- Up-to-date: /home/sbel/Desktop/Cobra-Driver/workspace/install/rosapi_msgs/include/rosapi_msgs/srv/detail/message_details__functions.h
[2.844s] -- Up-to-date: /home/sbel/Desktop/Cobra-Driver/workspace/install/rosapi_msgs/include/rosapi_msgs/srv/detail/topics__type_support.h
[2.845s] -- Up-to-date: /home/sbel/Desktop/Cobra-Driver/workspace/install/rosapi_msgs/include/rosapi_msgs/srv/detail/topics__functions.h
[2.846s] -- Up-to-date: /home/sbel/Desktop/Cobra-Driver/workspace/install/rosapi_msgs/include/rosapi_msgs/srv/detail/message_details__type_support.h
[2.846s] -- Up-to-date: /home/sbel/Desktop/Cobra-Driver/workspace/install/rosapi_msgs/include/rosapi_msgs/srv/detail/service_response_details__functions.c
[2.846s] -- Up-to-date: /home/sbel/Desktop/Cobra-Driver/workspace/install/rosapi_msgs/include/rosapi_msgs/srv/detail/services_for_type__functions.h
[2.847s] -- Up-to-date: /home/sbel/Desktop/Cobra-Driver/workspace/install/rosapi_msgs/include/rosapi_msgs/srv/detail/service_providers__functions.c
[2.847s] -- Up-to-date: /home/sbel/Desktop/Cobra-Driver/workspace/install/rosapi_msgs/include/rosapi_msgs/srv/detail/topic_type__functions.h
[2.847s] -- Up-to-date: /home/sbel/Desktop/Cobra-Driver/workspace/install/rosapi_msgs/include/rosapi_msgs/srv/detail/service_providers__functions.h
[2.848s] -- Up-to-date: /home/sbel/Desktop/Cobra-Driver/workspace/install/rosapi_msgs/include/rosapi_msgs/srv/detail/publishers__type_support.h
[2.849s] -- Up-to-date: /home/sbel/Desktop/Cobra-Driver/workspace/install/rosapi_msgs/include/rosapi_msgs/srv/detail/topic_type__functions.c
[2.849s] -- Up-to-date: /home/sbel/Desktop/Cobra-Driver/workspace/install/rosapi_msgs/include/rosapi_msgs/srv/detail/message_details__struct.h
[2.849s] -- Up-to-date: /home/sbel/Desktop/Cobra-Driver/workspace/install/rosapi_msgs/include/rosapi_msgs/srv/detail/has_param__struct.h
[2.849s] -- Up-to-date: /home/sbel/Desktop/Cobra-Driver/workspace/install/rosapi_msgs/include/rosapi_msgs/srv/detail/topics_for_type__functions.c
[2.850s] -- Up-to-date: /home/sbel/Desktop/Cobra-Driver/workspace/install/rosapi_msgs/include/rosapi_msgs/srv/detail/get_time__functions.h
[2.850s] -- Up-to-date: /home/sbel/Desktop/Cobra-Driver/workspace/install/rosapi_msgs/include/rosapi_msgs/srv/detail/service_request_details__functions.h
[2.850s] -- Up-to-date: /home/sbel/Desktop/Cobra-Driver/workspace/install/rosapi_msgs/include/rosapi_msgs/srv/detail/services__functions.h
[2.850s] -- Up-to-date: /home/sbel/Desktop/Cobra-Driver/workspace/install/rosapi_msgs/include/rosapi_msgs/srv/detail/service_request_details__struct.h
[2.850s] -- Up-to-date: /home/sbel/Desktop/Cobra-Driver/workspace/install/rosapi_msgs/include/rosapi_msgs/srv/detail/service_node__struct.h
[2.851s] -- Up-to-date: /home/sbel/Desktop/Cobra-Driver/workspace/install/rosapi_msgs/include/rosapi_msgs/srv/detail/publishers__functions.c
[2.852s] -- Up-to-date: /home/sbel/Desktop/Cobra-Driver/workspace/install/rosapi_msgs/include/rosapi_msgs/srv/detail/topics_and_raw_types__struct.h
[2.852s] -- Up-to-date: /home/sbel/Desktop/Cobra-Driver/workspace/install/rosapi_msgs/include/rosapi_msgs/srv/detail/get_param__type_support.h
[2.852s] -- Up-to-date: /home/sbel/Desktop/Cobra-Driver/workspace/install/rosapi_msgs/include/rosapi_msgs/srv/detail/get_ros_version__struct.h
[2.852s] -- Up-to-date: /home/sbel/Desktop/Cobra-Driver/workspace/install/rosapi_msgs/include/rosapi_msgs/srv/detail/topics_for_type__type_support.h
[2.853s] -- Up-to-date: /home/sbel/Desktop/Cobra-Driver/workspace/install/rosapi_msgs/include/rosapi_msgs/srv/detail/get_param__functions.h
[2.853s] -- Up-to-date: /home/sbel/Desktop/Cobra-Driver/workspace/install/rosapi_msgs/include/rosapi_msgs/srv/detail/subscribers__type_support.h
[2.853s] -- Up-to-date: /home/sbel/Desktop/Cobra-Driver/workspace/install/rosapi_msgs/include/rosapi_msgs/srv/detail/node_details__functions.h
[2.853s] -- Up-to-date: /home/sbel/Desktop/Cobra-Driver/workspace/install/rosapi_msgs/include/rosapi_msgs/srv/detail/delete_param__struct.h
[2.854s] -- Up-to-date: /home/sbel/Desktop/Cobra-Driver/workspace/install/rosapi_msgs/include/rosapi_msgs/srv/detail/service_providers__struct.h
[2.854s] -- Up-to-date: /home/sbel/Desktop/Cobra-Driver/workspace/install/rosapi_msgs/include/rosapi_msgs/srv/detail/topics_for_type__functions.h
[2.855s] -- Up-to-date: /home/sbel/Desktop/Cobra-Driver/workspace/install/rosapi_msgs/include/rosapi_msgs/srv/detail/topic_type__type_support.h
[2.855s] -- Up-to-date: /home/sbel/Desktop/Cobra-Driver/workspace/install/rosapi_msgs/include/rosapi_msgs/srv/detail/get_param__functions.c
[2.855s] -- Up-to-date: /home/sbel/Desktop/Cobra-Driver/workspace/install/rosapi_msgs/include/rosapi_msgs/srv/detail/delete_param__type_support.h
[2.856s] -- Up-to-date: /home/sbel/Desktop/Cobra-Driver/workspace/install/rosapi_msgs/include/rosapi_msgs/srv/detail/get_ros_version__type_support.h
[2.856s] -- Up-to-date: /home/sbel/Desktop/Cobra-Driver/workspace/install/rosapi_msgs/include/rosapi_msgs/srv/detail/service_response_details__functions.h
[2.857s] -- Up-to-date: /home/sbel/Desktop/Cobra-Driver/workspace/install/rosapi_msgs/include/rosapi_msgs/srv/detail/node_details__functions.c
[2.869s] -- Up-to-date: /home/sbel/Desktop/Cobra-Driver/workspace/install/rosapi_msgs/include/rosapi_msgs/srv/detail/delete_param__functions.c
[2.875s] -- Up-to-date: /home/sbel/Desktop/Cobra-Driver/workspace/install/rosapi_msgs/include/rosapi_msgs/srv/detail/service_type__functions.h
[2.876s] -- Up-to-date: /home/sbel/Desktop/Cobra-Driver/workspace/install/rosapi_msgs/include/rosapi_msgs/srv/detail/subscribers__functions.c
[2.876s] -- Up-to-date: /home/sbel/Desktop/Cobra-Driver/workspace/install/rosapi_msgs/include/rosapi_msgs/srv/detail/publishers__struct.h
[2.876s] -- Up-to-date: /home/sbel/Desktop/Cobra-Driver/workspace/install/rosapi_msgs/include/rosapi_msgs/srv/detail/get_action_servers__functions.c
[2.877s] -- Up-to-date: /home/sbel/Desktop/Cobra-Driver/workspace/install/rosapi_msgs/include/rosapi_msgs/srv/detail/publishers__functions.h
[2.880s] -- Up-to-date: /home/sbel/Desktop/Cobra-Driver/workspace/install/rosapi_msgs/include/rosapi_msgs/srv/detail/set_param__functions.h
[2.880s] -- Up-to-date: /home/sbel/Desktop/Cobra-Driver/workspace/install/rosapi_msgs/include/rosapi_msgs/srv/detail/services__type_support.h
[2.880s] -- Up-to-date: /home/sbel/Desktop/Cobra-Driver/workspace/install/rosapi_msgs/include/rosapi_msgs/srv/detail/topics_and_raw_types__functions.h
[2.881s] -- Up-to-date: /home/sbel/Desktop/Cobra-Driver/workspace/install/rosapi_msgs/include/rosapi_msgs/srv/detail/service_node__functions.c
[2.881s] -- Up-to-date: /home/sbel/Desktop/Cobra-Driver/workspace/install/rosapi_msgs/include/rosapi_msgs/srv/detail/service_response_details__type_support.h
[2.881s] -- Up-to-date: /home/sbel/Desktop/Cobra-Driver/workspace/install/rosapi_msgs/include/rosapi_msgs/srv/detail/subscribers__functions.h
[2.881s] -- Up-to-date: /home/sbel/Desktop/Cobra-Driver/workspace/install/rosapi_msgs/include/rosapi_msgs/srv/detail/topic_type__struct.h
[2.881s] -- Up-to-date: /home/sbel/Desktop/Cobra-Driver/workspace/install/rosapi_msgs/include/rosapi_msgs/srv/detail/set_param__struct.h
[2.881s] -- Up-to-date: /home/sbel/Desktop/Cobra-Driver/workspace/install/rosapi_msgs/include/rosapi_msgs/srv/detail/service_node__type_support.h
[2.882s] -- Up-to-date: /home/sbel/Desktop/Cobra-Driver/workspace/install/rosapi_msgs/include/rosapi_msgs/srv/detail/services__functions.c
[2.882s] -- Up-to-date: /home/sbel/Desktop/Cobra-Driver/workspace/install/rosapi_msgs/include/rosapi_msgs/srv/detail/service_node__functions.h
[2.882s] -- Up-to-date: /home/sbel/Desktop/Cobra-Driver/workspace/install/rosapi_msgs/include/rosapi_msgs/srv/detail/topics__functions.c
[2.882s] -- Up-to-date: /home/sbel/Desktop/Cobra-Driver/workspace/install/rosapi_msgs/include/rosapi_msgs/srv/detail/delete_param__functions.h
[2.882s] -- Up-to-date: /home/sbel/Desktop/Cobra-Driver/workspace/install/rosapi_msgs/include/rosapi_msgs/srv/detail/node_details__type_support.h
[2.883s] -- Up-to-date: /home/sbel/Desktop/Cobra-Driver/workspace/install/rosapi_msgs/include/rosapi_msgs/srv/detail/service_request_details__functions.c
[2.883s] -- Up-to-date: /home/sbel/Desktop/Cobra-Driver/workspace/install/rosapi_msgs/include/rosapi_msgs/srv/detail/service_providers__type_support.h
[2.884s] -- Up-to-date: /home/sbel/Desktop/Cobra-Driver/workspace/install/rosapi_msgs/include/rosapi_msgs/srv/detail/nodes__struct.h
[2.884s] -- Up-to-date: /home/sbel/Desktop/Cobra-Driver/workspace/install/rosapi_msgs/include/rosapi_msgs/srv/detail/subscribers__struct.h
[2.885s] -- Up-to-date: /home/sbel/Desktop/Cobra-Driver/workspace/install/rosapi_msgs/include/rosapi_msgs/srv/detail/node_details__struct.h
[2.885s] -- Up-to-date: /home/sbel/Desktop/Cobra-Driver/workspace/install/rosapi_msgs/include/rosapi_msgs/srv/detail/get_param_names__functions.c
[2.889s] -- Up-to-date: /home/sbel/Desktop/Cobra-Driver/workspace/install/rosapi_msgs/include/rosapi_msgs/srv/detail/service_type__type_support.h
[2.889s] -- Up-to-date: /home/sbel/Desktop/Cobra-Driver/workspace/install/rosapi_msgs/include/rosapi_msgs/srv/detail/message_details__functions.c
[2.890s] -- Up-to-date: /home/sbel/Desktop/Cobra-Driver/workspace/install/rosapi_msgs/include/rosapi_msgs/srv/detail/service_response_details__struct.h
[2.890s] -- Up-to-date: /home/sbel/Desktop/Cobra-Driver/workspace/install/rosapi_msgs/include/rosapi_msgs/srv/detail/topics__struct.h
[2.890s] -- Up-to-date: /home/sbel/Desktop/Cobra-Driver/workspace/install/rosapi_msgs/include/rosapi_msgs/srv/detail/get_param__struct.h
[2.891s] -- Up-to-date: /home/sbel/Desktop/Cobra-Driver/workspace/install/rosapi_msgs/include/rosapi_msgs/srv/detail/has_param__functions.h
[2.891s] -- Up-to-date: /home/sbel/Desktop/Cobra-Driver/workspace/install/rosapi_msgs/include/rosapi_msgs/srv/detail/set_param__type_support.h
[2.891s] -- Up-to-date: /home/sbel/Desktop/Cobra-Driver/workspace/install/rosapi_msgs/include/rosapi_msgs/srv/detail/nodes__functions.h
[2.892s] -- Up-to-date: /home/sbel/Desktop/Cobra-Driver/workspace/install/rosapi_msgs/include/rosapi_msgs/srv/detail/has_param__functions.c
[2.892s] -- Up-to-date: /home/sbel/Desktop/Cobra-Driver/workspace/install/rosapi_msgs/include/rosapi_msgs/srv/detail/service_type__functions.c
[2.893s] -- Up-to-date: /home/sbel/Desktop/Cobra-Driver/workspace/install/rosapi_msgs/include/rosapi_msgs/srv/detail/get_time__functions.c
[2.897s] -- Up-to-date: /home/sbel/Desktop/Cobra-Driver/workspace/install/rosapi_msgs/include/rosapi_msgs/srv/detail/get_action_servers__struct.h
[2.898s] -- Up-to-date: /home/sbel/Desktop/Cobra-Driver/workspace/install/rosapi_msgs/include/rosapi_msgs/srv/detail/services_for_type__type_support.h
[2.898s] -- Up-to-date: /home/sbel/Desktop/Cobra-Driver/workspace/install/rosapi_msgs/include/rosapi_msgs/srv/detail/get_time__type_support.h
[2.898s] -- Up-to-date: /home/sbel/Desktop/Cobra-Driver/workspace/install/rosapi_msgs/include/rosapi_msgs/srv/detail/get_ros_version__functions.c
[2.898s] -- Up-to-date: /home/sbel/Desktop/Cobra-Driver/workspace/install/rosapi_msgs/include/rosapi_msgs/srv/detail/services_for_type__functions.c
[2.899s] -- Up-to-date: /home/sbel/Desktop/Cobra-Driver/workspace/install/rosapi_msgs/include/rosapi_msgs/srv/detail/get_action_servers__functions.h
[2.899s] -- Up-to-date: /home/sbel/Desktop/Cobra-Driver/workspace/install/rosapi_msgs/include/rosapi_msgs/srv/detail/get_param_names__type_support.h
[2.900s] -- Up-to-date: /home/sbel/Desktop/Cobra-Driver/workspace/install/rosapi_msgs/include/rosapi_msgs/srv/detail/get_time__struct.h
[2.900s] -- Up-to-date: /home/sbel/Desktop/Cobra-Driver/workspace/install/rosapi_msgs/include/rosapi_msgs/srv/detail/nodes__type_support.h
[2.900s] -- Up-to-date: /home/sbel/Desktop/Cobra-Driver/workspace/install/rosapi_msgs/include/rosapi_msgs/srv/detail/service_request_details__type_support.h
[2.904s] -- Up-to-date: /home/sbel/Desktop/Cobra-Driver/workspace/install/rosapi_msgs/include/rosapi_msgs/srv/detail/topics_and_raw_types__type_support.h
[2.905s] -- Up-to-date: /home/sbel/Desktop/Cobra-Driver/workspace/install/rosapi_msgs/include/rosapi_msgs/srv/detail/nodes__functions.c
[2.906s] -- Up-to-date: /home/sbel/Desktop/Cobra-Driver/workspace/install/rosapi_msgs/include/rosapi_msgs/srv/detail/has_param__type_support.h
[2.906s] -- Up-to-date: /home/sbel/Desktop/Cobra-Driver/workspace/install/rosapi_msgs/include/rosapi_msgs/srv/detail/topics_and_raw_types__functions.c
[2.906s] -- Up-to-date: /home/sbel/Desktop/Cobra-Driver/workspace/install/rosapi_msgs/include/rosapi_msgs/srv/detail/topics_for_type__struct.h
[2.907s] -- Up-to-date: /home/sbel/Desktop/Cobra-Driver/workspace/install/rosapi_msgs/include/rosapi_msgs/srv/detail/services_for_type__struct.h
[2.908s] -- Up-to-date: /home/sbel/Desktop/Cobra-Driver/workspace/install/rosapi_msgs/include/rosapi_msgs/srv/detail/services__struct.h
[2.908s] -- Up-to-date: /home/sbel/Desktop/Cobra-Driver/workspace/install/rosapi_msgs/include/rosapi_msgs/srv/detail/set_param__functions.c
[2.909s] -- Up-to-date: /home/sbel/Desktop/Cobra-Driver/workspace/install/rosapi_msgs/include/rosapi_msgs/srv/detail/get_param_names__struct.h
[2.909s] -- Up-to-date: /home/sbel/Desktop/Cobra-Driver/workspace/install/rosapi_msgs/include/rosapi_msgs/srv/detail/get_param_names__functions.h
[2.910s] -- Up-to-date: /home/sbel/Desktop/Cobra-Driver/workspace/install/rosapi_msgs/include/rosapi_msgs/srv/detail/get_action_servers__type_support.h
[2.910s] -- Up-to-date: /home/sbel/Desktop/Cobra-Driver/workspace/install/rosapi_msgs/include/rosapi_msgs/srv/detail/get_ros_version__functions.h
[2.910s] -- Up-to-date: /home/sbel/Desktop/Cobra-Driver/workspace/install/rosapi_msgs/include/rosapi_msgs/srv/get_time.h
[2.911s] -- Up-to-date: /home/sbel/Desktop/Cobra-Driver/workspace/install/rosapi_msgs/include/rosapi_msgs/srv/delete_param.h
[2.911s] -- Up-to-date: /home/sbel/Desktop/Cobra-Driver/workspace/install/rosapi_msgs/include/rosapi_msgs/srv/get_param.h
[2.911s] -- Up-to-date: /home/sbel/Desktop/Cobra-Driver/workspace/install/rosapi_msgs/include/rosapi_msgs/srv/get_param_names.h
[2.911s] -- Up-to-date: /home/sbel/Desktop/Cobra-Driver/workspace/install/rosapi_msgs/include/rosapi_msgs/srv/subscribers.h
[2.912s] -- Up-to-date: /home/sbel/Desktop/Cobra-Driver/workspace/install/rosapi_msgs/include/rosapi_msgs/srv/services_for_type.h
[2.913s] -- Up-to-date: /home/sbel/Desktop/Cobra-Driver/workspace/install/rosapi_msgs/include/rosapi_msgs/srv/service_type.h
[2.920s] -- Up-to-date: /home/sbel/Desktop/Cobra-Driver/workspace/install/rosapi_msgs/include/rosapi_msgs/srv/service_response_details.h
[2.920s] -- Up-to-date: /home/sbel/Desktop/Cobra-Driver/workspace/install/rosapi_msgs/include/rosapi_msgs/srv/topics.h
[2.921s] -- Up-to-date: /home/sbel/Desktop/Cobra-Driver/workspace/install/rosapi_msgs/include/rosapi_msgs/srv/get_action_servers.h
[2.921s] -- Up-to-date: /home/sbel/Desktop/Cobra-Driver/workspace/install/rosapi_msgs/include/rosapi_msgs/srv/service_node.h
[2.921s] -- Up-to-date: /home/sbel/Desktop/Cobra-Driver/workspace/install/rosapi_msgs/include/rosapi_msgs/srv/has_param.h
[2.921s] -- Up-to-date: /home/sbel/Desktop/Cobra-Driver/workspace/install/rosapi_msgs/include/rosapi_msgs/srv/publishers.h
[2.921s] -- Up-to-date: /home/sbel/Desktop/Cobra-Driver/workspace/install/rosapi_msgs/include/rosapi_msgs/srv/set_param.h
[2.921s] -- Up-to-date: /home/sbel/Desktop/Cobra-Driver/workspace/install/rosapi_msgs/include/rosapi_msgs/srv/service_request_details.h
[2.922s] -- Up-to-date: /home/sbel/Desktop/Cobra-Driver/workspace/install/rosapi_msgs/include/rosapi_msgs/srv/topic_type.h
[2.922s] -- Up-to-date: /home/sbel/Desktop/Cobra-Driver/workspace/install/rosapi_msgs/include/rosapi_msgs/srv/node_details.h
[2.922s] -- Up-to-date: /home/sbel/Desktop/Cobra-Driver/workspace/install/rosapi_msgs/include/rosapi_msgs/srv/message_details.h
[2.922s] -- Up-to-date: /home/sbel/Desktop/Cobra-Driver/workspace/install/rosapi_msgs/include/rosapi_msgs/srv/get_ros_version.h
[2.922s] -- Up-to-date: /home/sbel/Desktop/Cobra-Driver/workspace/install/rosapi_msgs/include/rosapi_msgs/srv/nodes.h
[2.923s] -- Up-to-date: /home/sbel/Desktop/Cobra-Driver/workspace/install/rosapi_msgs/include/rosapi_msgs/srv/topics_for_type.h
[2.923s] -- Up-to-date: /home/sbel/Desktop/Cobra-Driver/workspace/install/rosapi_msgs/include/rosapi_msgs/srv/services.h
[2.923s] -- Up-to-date: /home/sbel/Desktop/Cobra-Driver/workspace/install/rosapi_msgs/include/rosapi_msgs/srv/topics_and_raw_types.h
[2.923s] -- Up-to-date: /home/sbel/Desktop/Cobra-Driver/workspace/install/rosapi_msgs/include/rosapi_msgs/srv/service_providers.h
[2.923s] -- Up-to-date: /home/sbel/Desktop/Cobra-Driver/workspace/install/rosapi_msgs/include/rosapi_msgs/msg
[2.923s] -- Up-to-date: /home/sbel/Desktop/Cobra-Driver/workspace/install/rosapi_msgs/include/rosapi_msgs/msg/detail
[2.924s] -- Up-to-date: /home/sbel/Desktop/Cobra-Driver/workspace/install/rosapi_msgs/include/rosapi_msgs/msg/detail/type_def__functions.h
[2.924s] -- Up-to-date: /home/sbel/Desktop/Cobra-Driver/workspace/install/rosapi_msgs/include/rosapi_msgs/msg/detail/type_def__struct.h
[2.924s] -- Up-to-date: /home/sbel/Desktop/Cobra-Driver/workspace/install/rosapi_msgs/include/rosapi_msgs/msg/detail/type_def__type_support.h
[2.924s] -- Up-to-date: /home/sbel/Desktop/Cobra-Driver/workspace/install/rosapi_msgs/include/rosapi_msgs/msg/detail/type_def__functions.c
[2.924s] -- Up-to-date: /home/sbel/Desktop/Cobra-Driver/workspace/install/rosapi_msgs/include/rosapi_msgs/msg/type_def.h
[2.925s] -- Up-to-date: /home/sbel/Desktop/Cobra-Driver/workspace/install/rosapi_msgs/include/rosapi_msgs/msg/rosidl_generator_c__visibility_control.h
[2.925s] -- Up-to-date: /home/sbel/Desktop/Cobra-Driver/workspace/install/rosapi_msgs/share/rosapi_msgs/environment/library_path.sh
[2.925s] -- Up-to-date: /home/sbel/Desktop/Cobra-Driver/workspace/install/rosapi_msgs/share/rosapi_msgs/environment/library_path.dsv
[2.925s] -- Up-to-date: /home/sbel/Desktop/Cobra-Driver/workspace/install/rosapi_msgs/lib/librosapi_msgs__rosidl_generator_c.so
[2.925s] -- Up-to-date: /home/sbel/Desktop/Cobra-Driver/workspace/install/rosapi_msgs/include/rosapi_msgs
[2.926s] -- Up-to-date: /home/sbel/Desktop/Cobra-Driver/workspace/install/rosapi_msgs/include/rosapi_msgs/srv
[2.926s] -- Up-to-date: /home/sbel/Desktop/Cobra-Driver/workspace/install/rosapi_msgs/include/rosapi_msgs/srv/detail
[2.926s] -- Up-to-date: /home/sbel/Desktop/Cobra-Driver/workspace/install/rosapi_msgs/include/rosapi_msgs/srv/detail/nodes__rosidl_typesupport_fastrtps_c.h
[2.926s] -- Up-to-date: /home/sbel/Desktop/Cobra-Driver/workspace/install/rosapi_msgs/include/rosapi_msgs/srv/detail/set_param__rosidl_typesupport_fastrtps_c.h
[2.926s] -- Up-to-date: /home/sbel/Desktop/Cobra-Driver/workspace/install/rosapi_msgs/include/rosapi_msgs/srv/detail/topics__rosidl_typesupport_fastrtps_c.h
[2.926s] -- Up-to-date: /home/sbel/Desktop/Cobra-Driver/workspace/install/rosapi_msgs/include/rosapi_msgs/srv/detail/delete_param__rosidl_typesupport_fastrtps_c.h
[2.926s] -- Up-to-date: /home/sbel/Desktop/Cobra-Driver/workspace/install/rosapi_msgs/include/rosapi_msgs/srv/detail/topics_for_type__rosidl_typesupport_fastrtps_c.h
[2.926s] -- Up-to-date: /home/sbel/Desktop/Cobra-Driver/workspace/install/rosapi_msgs/include/rosapi_msgs/srv/detail/services__rosidl_typesupport_fastrtps_c.h
[2.926s] -- Up-to-date: /home/sbel/Desktop/Cobra-Driver/workspace/install/rosapi_msgs/include/rosapi_msgs/srv/detail/service_providers__rosidl_typesupport_fastrtps_c.h
[2.927s] -- Up-to-date: /home/sbel/Desktop/Cobra-Driver/workspace/install/rosapi_msgs/include/rosapi_msgs/srv/detail/get_param__rosidl_typesupport_fastrtps_c.h
[2.927s] -- Up-to-date: /home/sbel/Desktop/Cobra-Driver/workspace/install/rosapi_msgs/include/rosapi_msgs/srv/detail/get_ros_version__rosidl_typesupport_fastrtps_c.h
[2.927s] -- Up-to-date: /home/sbel/Desktop/Cobra-Driver/workspace/install/rosapi_msgs/include/rosapi_msgs/srv/detail/message_details__rosidl_typesupport_fastrtps_c.h
[2.927s] -- Up-to-date: /home/sbel/Desktop/Cobra-Driver/workspace/install/rosapi_msgs/include/rosapi_msgs/srv/detail/topic_type__rosidl_typesupport_fastrtps_c.h
[2.927s] -- Up-to-date: /home/sbel/Desktop/Cobra-Driver/workspace/install/rosapi_msgs/include/rosapi_msgs/srv/detail/publishers__rosidl_typesupport_fastrtps_c.h
[2.927s] -- Up-to-date: /home/sbel/Desktop/Cobra-Driver/workspace/install/rosapi_msgs/include/rosapi_msgs/srv/detail/get_param_names__rosidl_typesupport_fastrtps_c.h
[2.927s] -- Up-to-date: /home/sbel/Desktop/Cobra-Driver/workspace/install/rosapi_msgs/include/rosapi_msgs/srv/detail/has_param__rosidl_typesupport_fastrtps_c.h
[2.929s] -- Up-to-date: /home/sbel/Desktop/Cobra-Driver/workspace/install/rosapi_msgs/include/rosapi_msgs/srv/detail/service_response_details__rosidl_typesupport_fastrtps_c.h
[2.929s] -- Up-to-date: /home/sbel/Desktop/Cobra-Driver/workspace/install/rosapi_msgs/include/rosapi_msgs/srv/detail/node_details__rosidl_typesupport_fastrtps_c.h
[2.929s] -- Up-to-date: /home/sbel/Desktop/Cobra-Driver/workspace/install/rosapi_msgs/include/rosapi_msgs/srv/detail/get_action_servers__rosidl_typesupport_fastrtps_c.h
[2.929s] -- Up-to-date: /home/sbel/Desktop/Cobra-Driver/workspace/install/rosapi_msgs/include/rosapi_msgs/srv/detail/service_type__rosidl_typesupport_fastrtps_c.h
[2.929s] -- Up-to-date: /home/sbel/Desktop/Cobra-Driver/workspace/install/rosapi_msgs/include/rosapi_msgs/srv/detail/subscribers__rosidl_typesupport_fastrtps_c.h
[2.929s] -- Up-to-date: /home/sbel/Desktop/Cobra-Driver/workspace/install/rosapi_msgs/include/rosapi_msgs/srv/detail/topics_and_raw_types__rosidl_typesupport_fastrtps_c.h
[2.930s] -- Up-to-date: /home/sbel/Desktop/Cobra-Driver/workspace/install/rosapi_msgs/include/rosapi_msgs/srv/detail/services_for_type__rosidl_typesupport_fastrtps_c.h
[2.930s] -- Up-to-date: /home/sbel/Desktop/Cobra-Driver/workspace/install/rosapi_msgs/include/rosapi_msgs/srv/detail/service_node__rosidl_typesupport_fastrtps_c.h
[2.930s] -- Up-to-date: /home/sbel/Desktop/Cobra-Driver/workspace/install/rosapi_msgs/include/rosapi_msgs/srv/detail/service_request_details__rosidl_typesupport_fastrtps_c.h
[2.930s] -- Up-to-date: /home/sbel/Desktop/Cobra-Driver/workspace/install/rosapi_msgs/include/rosapi_msgs/srv/detail/get_time__rosidl_typesupport_fastrtps_c.h
[2.930s] -- Up-to-date: /home/sbel/Desktop/Cobra-Driver/workspace/install/rosapi_msgs/include/rosapi_msgs/msg
[2.930s] -- Up-to-date: /home/sbel/Desktop/Cobra-Driver/workspace/install/rosapi_msgs/include/rosapi_msgs/msg/detail
[2.930s] -- Up-to-date: /home/sbel/Desktop/Cobra-Driver/workspace/install/rosapi_msgs/include/rosapi_msgs/msg/detail/type_def__rosidl_typesupport_fastrtps_c.h
[2.930s] -- Up-to-date: /home/sbel/Desktop/Cobra-Driver/workspace/install/rosapi_msgs/include/rosapi_msgs/msg/rosidl_typesupport_fastrtps_c__visibility_control.h
[2.931s] -- Up-to-date: /home/sbel/Desktop/Cobra-Driver/workspace/install/rosapi_msgs/lib/librosapi_msgs__rosidl_typesupport_fastrtps_c.so
[2.931s] -- Up-to-date: /home/sbel/Desktop/Cobra-Driver/workspace/install/rosapi_msgs/include/rosapi_msgs
[2.931s] -- Up-to-date: /home/sbel/Desktop/Cobra-Driver/workspace/install/rosapi_msgs/include/rosapi_msgs/srv
[2.931s] -- Up-to-date: /home/sbel/Desktop/Cobra-Driver/workspace/install/rosapi_msgs/include/rosapi_msgs/srv/detail
[2.931s] -- Up-to-date: /home/sbel/Desktop/Cobra-Driver/workspace/install/rosapi_msgs/include/rosapi_msgs/srv/detail/nodes__rosidl_typesupport_fastrtps_cpp.hpp
[2.931s] -- Up-to-date: /home/sbel/Desktop/Cobra-Driver/workspace/install/rosapi_msgs/include/rosapi_msgs/srv/detail/has_param__rosidl_typesupport_fastrtps_cpp.hpp
[2.931s] -- Up-to-date: /home/sbel/Desktop/Cobra-Driver/workspace/install/rosapi_msgs/include/rosapi_msgs/srv/detail/service_request_details__rosidl_typesupport_fastrtps_cpp.hpp
[2.931s] -- Up-to-date: /home/sbel/Desktop/Cobra-Driver/workspace/install/rosapi_msgs/include/rosapi_msgs/srv/detail/delete_param__rosidl_typesupport_fastrtps_cpp.hpp
[2.931s] -- Up-to-date: /home/sbel/Desktop/Cobra-Driver/workspace/install/rosapi_msgs/include/rosapi_msgs/srv/detail/message_details__rosidl_typesupport_fastrtps_cpp.hpp
[2.932s] -- Up-to-date: /home/sbel/Desktop/Cobra-Driver/workspace/install/rosapi_msgs/include/rosapi_msgs/srv/detail/services_for_type__rosidl_typesupport_fastrtps_cpp.hpp
[2.932s] -- Up-to-date: /home/sbel/Desktop/Cobra-Driver/workspace/install/rosapi_msgs/include/rosapi_msgs/srv/detail/set_param__rosidl_typesupport_fastrtps_cpp.hpp
[2.932s] -- Up-to-date: /home/sbel/Desktop/Cobra-Driver/workspace/install/rosapi_msgs/include/rosapi_msgs/srv/detail/dds_fastrtps
[2.932s] -- Up-to-date: /home/sbel/Desktop/Cobra-Driver/workspace/install/rosapi_msgs/include/rosapi_msgs/srv/detail/get_param__rosidl_typesupport_fastrtps_cpp.hpp
[2.932s] -- Up-to-date: /home/sbel/Desktop/Cobra-Driver/workspace/install/rosapi_msgs/include/rosapi_msgs/srv/detail/topics_and_raw_types__rosidl_typesupport_fastrtps_cpp.hpp
[2.932s] -- Up-to-date: /home/sbel/Desktop/Cobra-Driver/workspace/install/rosapi_msgs/include/rosapi_msgs/srv/detail/topics__rosidl_typesupport_fastrtps_cpp.hpp
[2.932s] -- Up-to-date: /home/sbel/Desktop/Cobra-Driver/workspace/install/rosapi_msgs/include/rosapi_msgs/srv/detail/topics_for_type__rosidl_typesupport_fastrtps_cpp.hpp
[2.932s] -- Up-to-date: /home/sbel/Desktop/Cobra-Driver/workspace/install/rosapi_msgs/include/rosapi_msgs/srv/detail/publishers__rosidl_typesupport_fastrtps_cpp.hpp
[2.933s] -- Up-to-date: /home/sbel/Desktop/Cobra-Driver/workspace/install/rosapi_msgs/include/rosapi_msgs/srv/detail/get_time__rosidl_typesupport_fastrtps_cpp.hpp
[2.933s] -- Up-to-date: /home/sbel/Desktop/Cobra-Driver/workspace/install/rosapi_msgs/include/rosapi_msgs/srv/detail/node_details__rosidl_typesupport_fastrtps_cpp.hpp
[2.933s] -- Up-to-date: /home/sbel/Desktop/Cobra-Driver/workspace/install/rosapi_msgs/include/rosapi_msgs/srv/detail/services__rosidl_typesupport_fastrtps_cpp.hpp
[2.933s] -- Up-to-date: /home/sbel/Desktop/Cobra-Driver/workspace/install/rosapi_msgs/include/rosapi_msgs/srv/detail/get_ros_version__rosidl_typesupport_fastrtps_cpp.hpp
[2.933s] -- Up-to-date: /home/sbel/Desktop/Cobra-Driver/workspace/install/rosapi_msgs/include/rosapi_msgs/srv/detail/topic_type__rosidl_typesupport_fastrtps_cpp.hpp
[2.933s] -- Up-to-date: /home/sbel/Desktop/Cobra-Driver/workspace/install/rosapi_msgs/include/rosapi_msgs/srv/detail/service_response_details__rosidl_typesupport_fastrtps_cpp.hpp
[2.933s] -- Up-to-date: /home/sbel/Desktop/Cobra-Driver/workspace/install/rosapi_msgs/include/rosapi_msgs/srv/detail/service_node__rosidl_typesupport_fastrtps_cpp.hpp
[2.933s] -- Up-to-date: /home/sbel/Desktop/Cobra-Driver/workspace/install/rosapi_msgs/include/rosapi_msgs/srv/detail/subscribers__rosidl_typesupport_fastrtps_cpp.hpp
[2.934s] -- Up-to-date: /home/sbel/Desktop/Cobra-Driver/workspace/install/rosapi_msgs/include/rosapi_msgs/srv/detail/service_providers__rosidl_typesupport_fastrtps_cpp.hpp
[2.934s] -- Up-to-date: /home/sbel/Desktop/Cobra-Driver/workspace/install/rosapi_msgs/include/rosapi_msgs/srv/detail/get_param_names__rosidl_typesupport_fastrtps_cpp.hpp
[2.934s] -- Up-to-date: /home/sbel/Desktop/Cobra-Driver/workspace/install/rosapi_msgs/include/rosapi_msgs/srv/detail/service_type__rosidl_typesupport_fastrtps_cpp.hpp
[2.934s] -- Up-to-date: /home/sbel/Desktop/Cobra-Driver/workspace/install/rosapi_msgs/include/rosapi_msgs/srv/detail/get_action_servers__rosidl_typesupport_fastrtps_cpp.hpp
[2.934s] -- Up-to-date: /home/sbel/Desktop/Cobra-Driver/workspace/install/rosapi_msgs/include/rosapi_msgs/msg
[2.934s] -- Up-to-date: /home/sbel/Desktop/Cobra-Driver/workspace/install/rosapi_msgs/include/rosapi_msgs/msg/detail
[2.934s] -- Up-to-date: /home/sbel/Desktop/Cobra-Driver/workspace/install/rosapi_msgs/include/rosapi_msgs/msg/detail/dds_fastrtps
[2.934s] -- Up-to-date: /home/sbel/Desktop/Cobra-Driver/workspace/install/rosapi_msgs/include/rosapi_msgs/msg/detail/type_def__rosidl_typesupport_fastrtps_cpp.hpp
[2.935s] -- Up-to-date: /home/sbel/Desktop/Cobra-Driver/workspace/install/rosapi_msgs/include/rosapi_msgs/msg/rosidl_typesupport_fastrtps_cpp__visibility_control.h
[2.935s] -- Up-to-date: /home/sbel/Desktop/Cobra-Driver/workspace/install/rosapi_msgs/lib/librosapi_msgs__rosidl_typesupport_fastrtps_cpp.so
[2.935s] -- Up-to-date: /home/sbel/Desktop/Cobra-Driver/workspace/install/rosapi_msgs/include/rosapi_msgs
[2.935s] -- Up-to-date: /home/sbel/Desktop/Cobra-Driver/workspace/install/rosapi_msgs/include/rosapi_msgs/srv
[2.935s] -- Up-to-date: /home/sbel/Desktop/Cobra-Driver/workspace/install/rosapi_msgs/include/rosapi_msgs/srv/detail
[2.935s] -- Up-to-date: /home/sbel/Desktop/Cobra-Driver/workspace/install/rosapi_msgs/include/rosapi_msgs/srv/detail/topics_and_raw_types__rosidl_typesupport_introspection_c.h
[2.935s] -- Up-to-date: /home/sbel/Desktop/Cobra-Driver/workspace/install/rosapi_msgs/include/rosapi_msgs/srv/detail/message_details__type_support.c
[2.935s] -- Up-to-date: /home/sbel/Desktop/Cobra-Driver/workspace/install/rosapi_msgs/include/rosapi_msgs/srv/detail/get_ros_version__type_support.c
[2.935s] -- Up-to-date: /home/sbel/Desktop/Cobra-Driver/workspace/install/rosapi_msgs/include/rosapi_msgs/srv/detail/service_type__rosidl_typesupport_introspection_c.h
[2.936s] -- Up-to-date: /home/sbel/Desktop/Cobra-Driver/workspace/install/rosapi_msgs/include/rosapi_msgs/srv/detail/nodes__type_support.c
[2.936s] -- Up-to-date: /home/sbel/Desktop/Cobra-Driver/workspace/install/rosapi_msgs/include/rosapi_msgs/srv/detail/node_details__type_support.c
[2.936s] -- Up-to-date: /home/sbel/Desktop/Cobra-Driver/workspace/install/rosapi_msgs/include/rosapi_msgs/srv/detail/service_providers__rosidl_typesupport_introspection_c.h
[2.936s] -- Up-to-date: /home/sbel/Desktop/Cobra-Driver/workspace/install/rosapi_msgs/include/rosapi_msgs/srv/detail/service_response_details__rosidl_typesupport_introspection_c.h
[2.936s] -- Up-to-date: /home/sbel/Desktop/Cobra-Driver/workspace/install/rosapi_msgs/include/rosapi_msgs/srv/detail/service_node__type_support.c
[2.936s] -- Up-to-date: /home/sbel/Desktop/Cobra-Driver/workspace/install/rosapi_msgs/include/rosapi_msgs/srv/detail/topic_type__rosidl_typesupport_introspection_c.h
[2.936s] -- Up-to-date: /home/sbel/Desktop/Cobra-Driver/workspace/install/rosapi_msgs/include/rosapi_msgs/srv/detail/has_param__type_support.c
[2.936s] -- Up-to-date: /home/sbel/Desktop/Cobra-Driver/workspace/install/rosapi_msgs/include/rosapi_msgs/srv/detail/nodes__rosidl_typesupport_introspection_c.h
[2.937s] -- Up-to-date: /home/sbel/Desktop/Cobra-Driver/workspace/install/rosapi_msgs/include/rosapi_msgs/srv/detail/set_param__type_support.c
[2.937s] -- Up-to-date: /home/sbel/Desktop/Cobra-Driver/workspace/install/rosapi_msgs/include/rosapi_msgs/srv/detail/get_time__type_support.c
[2.937s] -- Up-to-date: /home/sbel/Desktop/Cobra-Driver/workspace/install/rosapi_msgs/include/rosapi_msgs/srv/detail/delete_param__rosidl_typesupport_introspection_c.h
[2.937s] -- Up-to-date: /home/sbel/Desktop/Cobra-Driver/workspace/install/rosapi_msgs/include/rosapi_msgs/srv/detail/services_for_type__type_support.c
[2.937s] -- Up-to-date: /home/sbel/Desktop/Cobra-Driver/workspace/install/rosapi_msgs/include/rosapi_msgs/srv/detail/service_providers__type_support.c
[2.937s] -- Up-to-date: /home/sbel/Desktop/Cobra-Driver/workspace/install/rosapi_msgs/include/rosapi_msgs/srv/detail/service_request_details__type_support.c
[2.937s] -- Up-to-date: /home/sbel/Desktop/Cobra-Driver/workspace/install/rosapi_msgs/include/rosapi_msgs/srv/detail/topics_and_raw_types__type_support.c
[2.938s] -- Up-to-date: /home/sbel/Desktop/Cobra-Driver/workspace/install/rosapi_msgs/include/rosapi_msgs/srv/detail/topic_type__type_support.c
[2.938s] -- Up-to-date: /home/sbel/Desktop/Cobra-Driver/workspace/install/rosapi_msgs/include/rosapi_msgs/srv/detail/service_response_details__type_support.c
[2.938s] -- Up-to-date: /home/sbel/Desktop/Cobra-Driver/workspace/install/rosapi_msgs/include/rosapi_msgs/srv/detail/publishers__type_support.c
[2.938s] -- Up-to-date: /home/sbel/Desktop/Cobra-Driver/workspace/install/rosapi_msgs/include/rosapi_msgs/srv/detail/get_param_names__rosidl_typesupport_introspection_c.h
[2.938s] -- Up-to-date: /home/sbel/Desktop/Cobra-Driver/workspace/install/rosapi_msgs/include/rosapi_msgs/srv/detail/service_type__type_support.c
[2.938s] -- Up-to-date: /home/sbel/Desktop/Cobra-Driver/workspace/install/rosapi_msgs/include/rosapi_msgs/srv/detail/subscribers__type_support.c
[2.938s] -- Up-to-date: /home/sbel/Desktop/Cobra-Driver/workspace/install/rosapi_msgs/include/rosapi_msgs/srv/detail/service_request_details__rosidl_typesupport_introspection_c.h
[2.938s] -- Up-to-date: /home/sbel/Desktop/Cobra-Driver/workspace/install/rosapi_msgs/include/rosapi_msgs/srv/detail/has_param__rosidl_typesupport_introspection_c.h
[2.939s] -- Up-to-date: /home/sbel/Desktop/Cobra-Driver/workspace/install/rosapi_msgs/include/rosapi_msgs/srv/detail/service_node__rosidl_typesupport_introspection_c.h
[2.939s] -- Up-to-date: /home/sbel/Desktop/Cobra-Driver/workspace/install/rosapi_msgs/include/rosapi_msgs/srv/detail/topics_for_type__rosidl_typesupport_introspection_c.h
[2.939s] -- Up-to-date: /home/sbel/Desktop/Cobra-Driver/workspace/install/rosapi_msgs/include/rosapi_msgs/srv/detail/get_action_servers__rosidl_typesupport_introspection_c.h
[2.939s] -- Up-to-date: /home/sbel/Desktop/Cobra-Driver/workspace/install/rosapi_msgs/include/rosapi_msgs/srv/detail/topics__type_support.c
[2.939s] -- Up-to-date: /home/sbel/Desktop/Cobra-Driver/workspace/install/rosapi_msgs/include/rosapi_msgs/srv/detail/set_param__rosidl_typesupport_introspection_c.h
[2.939s] -- Up-to-date: /home/sbel/Desktop/Cobra-Driver/workspace/install/rosapi_msgs/include/rosapi_msgs/srv/detail/get_ros_version__rosidl_typesupport_introspection_c.h
[2.939s] -- Up-to-date: /home/sbel/Desktop/Cobra-Driver/workspace/install/rosapi_msgs/include/rosapi_msgs/srv/detail/delete_param__type_support.c
[2.939s] -- Up-to-date: /home/sbel/Desktop/Cobra-Driver/workspace/install/rosapi_msgs/include/rosapi_msgs/srv/detail/publishers__rosidl_typesupport_introspection_c.h
[2.940s] -- Up-to-date: /home/sbel/Desktop/Cobra-Driver/workspace/install/rosapi_msgs/include/rosapi_msgs/srv/detail/get_param_names__type_support.c
[2.940s] -- Up-to-date: /home/sbel/Desktop/Cobra-Driver/workspace/install/rosapi_msgs/include/rosapi_msgs/srv/detail/services__rosidl_typesupport_introspection_c.h
[2.940s] -- Up-to-date: /home/sbel/Desktop/Cobra-Driver/workspace/install/rosapi_msgs/include/rosapi_msgs/srv/detail/topics_for_type__type_support.c
[2.940s] -- Up-to-date: /home/sbel/Desktop/Cobra-Driver/workspace/install/rosapi_msgs/include/rosapi_msgs/srv/detail/get_param__type_support.c
[2.940s] -- Up-to-date: /home/sbel/Desktop/Cobra-Driver/workspace/install/rosapi_msgs/include/rosapi_msgs/srv/detail/get_time__rosidl_typesupport_introspection_c.h
[2.940s] -- Up-to-date: /home/sbel/Desktop/Cobra-Driver/workspace/install/rosapi_msgs/include/rosapi_msgs/srv/detail/subscribers__rosidl_typesupport_introspection_c.h
[2.940s] -- Up-to-date: /home/sbel/Desktop/Cobra-Driver/workspace/install/rosapi_msgs/include/rosapi_msgs/srv/detail/node_details__rosidl_typesupport_introspection_c.h
[2.940s] -- Up-to-date: /home/sbel/Desktop/Cobra-Driver/workspace/install/rosapi_msgs/include/rosapi_msgs/srv/detail/services__type_support.c
[2.940s] -- Up-to-date: /home/sbel/Desktop/Cobra-Driver/workspace/install/rosapi_msgs/include/rosapi_msgs/srv/detail/message_details__rosidl_typesupport_introspection_c.h
[2.941s] -- Up-to-date: /home/sbel/Desktop/Cobra-Driver/workspace/install/rosapi_msgs/include/rosapi_msgs/srv/detail/services_for_type__rosidl_typesupport_introspection_c.h
[2.941s] -- Up-to-date: /home/sbel/Desktop/Cobra-Driver/workspace/install/rosapi_msgs/include/rosapi_msgs/srv/detail/topics__rosidl_typesupport_introspection_c.h
[2.941s] -- Up-to-date: /home/sbel/Desktop/Cobra-Driver/workspace/install/rosapi_msgs/include/rosapi_msgs/srv/detail/get_param__rosidl_typesupport_introspection_c.h
[2.941s] -- Up-to-date: /home/sbel/Desktop/Cobra-Driver/workspace/install/rosapi_msgs/include/rosapi_msgs/srv/detail/get_action_servers__type_support.c
[2.941s] -- Up-to-date: /home/sbel/Desktop/Cobra-Driver/workspace/install/rosapi_msgs/include/rosapi_msgs/msg
[2.941s] -- Up-to-date: /home/sbel/Desktop/Cobra-Driver/workspace/install/rosapi_msgs/include/rosapi_msgs/msg/rosidl_typesupport_introspection_c__visibility_control.h
[2.941s] -- Up-to-date: /home/sbel/Desktop/Cobra-Driver/workspace/install/rosapi_msgs/include/rosapi_msgs/msg/detail
[2.943s] -- Up-to-date: /home/sbel/Desktop/Cobra-Driver/workspace/install/rosapi_msgs/include/rosapi_msgs/msg/detail/type_def__rosidl_typesupport_introspection_c.h
[2.944s] -- Up-to-date: /home/sbel/Desktop/Cobra-Driver/workspace/install/rosapi_msgs/include/rosapi_msgs/msg/detail/type_def__type_support.c
[2.944s] -- Up-to-date: /home/sbel/Desktop/Cobra-Driver/workspace/install/rosapi_msgs/lib/librosapi_msgs__rosidl_typesupport_introspection_c.so
[2.944s] -- Up-to-date: /home/sbel/Desktop/Cobra-Driver/workspace/install/rosapi_msgs/lib/librosapi_msgs__rosidl_typesupport_c.so
[2.944s] -- Up-to-date: /home/sbel/Desktop/Cobra-Driver/workspace/install/rosapi_msgs/include/rosapi_msgs
[2.944s] -- Up-to-date: /home/sbel/Desktop/Cobra-Driver/workspace/install/rosapi_msgs/include/rosapi_msgs/srv
[2.945s] -- Up-to-date: /home/sbel/Desktop/Cobra-Driver/workspace/install/rosapi_msgs/include/rosapi_msgs/srv/services.hpp
[2.945s] -- Up-to-date: /home/sbel/Desktop/Cobra-Driver/workspace/install/rosapi_msgs/include/rosapi_msgs/srv/service_node.hpp
[2.945s] -- Up-to-date: /home/sbel/Desktop/Cobra-Driver/workspace/install/rosapi_msgs/include/rosapi_msgs/srv/get_ros_version.hpp
[2.945s] -- Up-to-date: /home/sbel/Desktop/Cobra-Driver/workspace/install/rosapi_msgs/include/rosapi_msgs/srv/detail
[2.946s] -- Up-to-date: /home/sbel/Desktop/Cobra-Driver/workspace/install/rosapi_msgs/include/rosapi_msgs/srv/detail/topics__type_support.hpp
[2.946s] -- Up-to-date: /home/sbel/Desktop/Cobra-Driver/workspace/install/rosapi_msgs/include/rosapi_msgs/srv/detail/services__type_support.hpp
[2.946s] -- Up-to-date: /home/sbel/Desktop/Cobra-Driver/workspace/install/rosapi_msgs/include/rosapi_msgs/srv/detail/services__traits.hpp
[2.947s] -- Up-to-date: /home/sbel/Desktop/Cobra-Driver/workspace/install/rosapi_msgs/include/rosapi_msgs/srv/detail/nodes__type_support.hpp
[2.947s] -- Up-to-date: /home/sbel/Desktop/Cobra-Driver/workspace/install/rosapi_msgs/include/rosapi_msgs/srv/detail/get_param_names__type_support.hpp
[2.947s] -- Up-to-date: /home/sbel/Desktop/Cobra-Driver/workspace/install/rosapi_msgs/include/rosapi_msgs/srv/detail/service_providers__traits.hpp
[2.947s] -- Up-to-date: /home/sbel/Desktop/Cobra-Driver/workspace/install/rosapi_msgs/include/rosapi_msgs/srv/detail/nodes__traits.hpp
[2.947s] -- Up-to-date: /home/sbel/Desktop/Cobra-Driver/workspace/install/rosapi_msgs/include/rosapi_msgs/srv/detail/set_param__traits.hpp
[2.947s] -- Up-to-date: /home/sbel/Desktop/Cobra-Driver/workspace/install/rosapi_msgs/include/rosapi_msgs/srv/detail/get_ros_version__type_support.hpp
[2.947s] -- Up-to-date: /home/sbel/Desktop/Cobra-Driver/workspace/install/rosapi_msgs/include/rosapi_msgs/srv/detail/service_type__struct.hpp
[2.947s] -- Up-to-date: /home/sbel/Desktop/Cobra-Driver/workspace/install/rosapi_msgs/include/rosapi_msgs/srv/detail/services_for_type__type_support.hpp
[2.947s] -- Up-to-date: /home/sbel/Desktop/Cobra-Driver/workspace/install/rosapi_msgs/include/rosapi_msgs/srv/detail/service_request_details__builder.hpp
[2.948s] -- Up-to-date: /home/sbel/Desktop/Cobra-Driver/workspace/install/rosapi_msgs/include/rosapi_msgs/srv/detail/services__builder.hpp
[2.948s] -- Up-to-date: /home/sbel/Desktop/Cobra-Driver/workspace/install/rosapi_msgs/include/rosapi_msgs/srv/detail/services_for_type__traits.hpp
[2.948s] -- Up-to-date: /home/sbel/Desktop/Cobra-Driver/workspace/install/rosapi_msgs/include/rosapi_msgs/srv/detail/service_node__type_support.hpp
[2.948s] -- Up-to-date: /home/sbel/Desktop/Cobra-Driver/workspace/install/rosapi_msgs/include/rosapi_msgs/srv/detail/get_action_servers__struct.hpp
[2.948s] -- Up-to-date: /home/sbel/Desktop/Cobra-Driver/workspace/install/rosapi_msgs/include/rosapi_msgs/srv/detail/delete_param__struct.hpp
[2.948s] -- Up-to-date: /home/sbel/Desktop/Cobra-Driver/workspace/install/rosapi_msgs/include/rosapi_msgs/srv/detail/set_param__builder.hpp
[2.948s] -- Up-to-date: /home/sbel/Desktop/Cobra-Driver/workspace/install/rosapi_msgs/include/rosapi_msgs/srv/detail/service_node__builder.hpp
[2.948s] -- Up-to-date: /home/sbel/Desktop/Cobra-Driver/workspace/install/rosapi_msgs/include/rosapi_msgs/srv/detail/service_request_details__type_support.hpp
[2.949s] -- Up-to-date: /home/sbel/Desktop/Cobra-Driver/workspace/install/rosapi_msgs/include/rosapi_msgs/srv/detail/has_param__struct.hpp
[2.949s] -- Up-to-date: /home/sbel/Desktop/Cobra-Driver/workspace/install/rosapi_msgs/include/rosapi_msgs/srv/detail/get_ros_version__builder.hpp
[2.949s] -- Up-to-date: /home/sbel/Desktop/Cobra-Driver/workspace/install/rosapi_msgs/include/rosapi_msgs/srv/detail/get_param__builder.hpp
[2.949s] -- Up-to-date: /home/sbel/Desktop/Cobra-Driver/workspace/install/rosapi_msgs/include/rosapi_msgs/srv/detail/service_type__traits.hpp
[2.949s] -- Up-to-date: /home/sbel/Desktop/Cobra-Driver/workspace/install/rosapi_msgs/include/rosapi_msgs/srv/detail/has_param__type_support.hpp
[2.949s] -- Up-to-date: /home/sbel/Desktop/Cobra-Driver/workspace/install/rosapi_msgs/include/rosapi_msgs/srv/detail/topics__struct.hpp
[2.949s] -- Up-to-date: /home/sbel/Desktop/Cobra-Driver/workspace/install/rosapi_msgs/include/rosapi_msgs/srv/detail/topic_type__type_support.hpp
[2.949s] -- Up-to-date: /home/sbel/Desktop/Cobra-Driver/workspace/install/rosapi_msgs/include/rosapi_msgs/srv/detail/has_param__traits.hpp
[2.950s] -- Up-to-date: /home/sbel/Desktop/Cobra-Driver/workspace/install/rosapi_msgs/include/rosapi_msgs/srv/detail/subscribers__traits.hpp
[2.950s] -- Up-to-date: /home/sbel/Desktop/Cobra-Driver/workspace/install/rosapi_msgs/include/rosapi_msgs/srv/detail/get_action_servers__traits.hpp
[2.950s] -- Up-to-date: /home/sbel/Desktop/Cobra-Driver/workspace/install/rosapi_msgs/include/rosapi_msgs/srv/detail/topics_and_raw_types__traits.hpp
[2.950s] -- Up-to-date: /home/sbel/Desktop/Cobra-Driver/workspace/install/rosapi_msgs/include/rosapi_msgs/srv/detail/delete_param__type_support.hpp
[2.950s] -- Up-to-date: /home/sbel/Desktop/Cobra-Driver/workspace/install/rosapi_msgs/include/rosapi_msgs/srv/detail/service_node__traits.hpp
[2.950s] -- Up-to-date: /home/sbel/Desktop/Cobra-Driver/workspace/install/rosapi_msgs/include/rosapi_msgs/srv/detail/service_providers__type_support.hpp
[2.950s] -- Up-to-date: /home/sbel/Desktop/Cobra-Driver/workspace/install/rosapi_msgs/include/rosapi_msgs/srv/detail/publishers__type_support.hpp
[2.950s] -- Up-to-date: /home/sbel/Desktop/Cobra-Driver/workspace/install/rosapi_msgs/include/rosapi_msgs/srv/detail/get_param__struct.hpp
[2.950s] -- Up-to-date: /home/sbel/Desktop/Cobra-Driver/workspace/install/rosapi_msgs/include/rosapi_msgs/srv/detail/set_param__type_support.hpp
[2.951s] -- Up-to-date: /home/sbel/Desktop/Cobra-Driver/workspace/install/rosapi_msgs/include/rosapi_msgs/srv/detail/services__struct.hpp
[2.951s] -- Up-to-date: /home/sbel/Desktop/Cobra-Driver/workspace/install/rosapi_msgs/include/rosapi_msgs/srv/detail/get_param__traits.hpp
[2.951s] -- Up-to-date: /home/sbel/Desktop/Cobra-Driver/workspace/install/rosapi_msgs/include/rosapi_msgs/srv/detail/topics__traits.hpp
[2.951s] -- Up-to-date: /home/sbel/Desktop/Cobra-Driver/workspace/install/rosapi_msgs/include/rosapi_msgs/srv/detail/get_time__traits.hpp
[2.951s] -- Up-to-date: /home/sbel/Desktop/Cobra-Driver/workspace/install/rosapi_msgs/include/rosapi_msgs/srv/detail/delete_param__traits.hpp
[2.951s] -- Up-to-date: /home/sbel/Desktop/Cobra-Driver/workspace/install/rosapi_msgs/include/rosapi_msgs/srv/detail/topics_for_type__traits.hpp
[2.951s] -- Up-to-date: /home/sbel/Desktop/Cobra-Driver/workspace/install/rosapi_msgs/include/rosapi_msgs/srv/detail/service_providers__struct.hpp
[2.951s] -- Up-to-date: /home/sbel/Desktop/Cobra-Driver/workspace/install/rosapi_msgs/include/rosapi_msgs/srv/detail/publishers__builder.hpp
[2.951s] -- Up-to-date: /home/sbel/Desktop/Cobra-Driver/workspace/install/rosapi_msgs/include/rosapi_msgs/srv/detail/nodes__struct.hpp
[2.952s] -- Up-to-date: /home/sbel/Desktop/Cobra-Driver/workspace/install/rosapi_msgs/include/rosapi_msgs/srv/detail/service_response_details__type_support.hpp
[2.952s] -- Up-to-date: /home/sbel/Desktop/Cobra-Driver/workspace/install/rosapi_msgs/include/rosapi_msgs/srv/detail/subscribers__struct.hpp
[2.952s] -- Up-to-date: /home/sbel/Desktop/Cobra-Driver/workspace/install/rosapi_msgs/include/rosapi_msgs/srv/detail/get_param_names__struct.hpp
[2.952s] -- Up-to-date: /home/sbel/Desktop/Cobra-Driver/workspace/install/rosapi_msgs/include/rosapi_msgs/srv/detail/topics_and_raw_types__builder.hpp
[2.952s] -- Up-to-date: /home/sbel/Desktop/Cobra-Driver/workspace/install/rosapi_msgs/include/rosapi_msgs/srv/detail/get_action_servers__type_support.hpp
[2.952s] -- Up-to-date: /home/sbel/Desktop/Cobra-Driver/workspace/install/rosapi_msgs/include/rosapi_msgs/srv/detail/get_action_servers__builder.hpp
[2.952s] -- Up-to-date: /home/sbel/Desktop/Cobra-Driver/workspace/install/rosapi_msgs/include/rosapi_msgs/srv/detail/get_time__type_support.hpp
[2.952s] -- Up-to-date: /home/sbel/Desktop/Cobra-Driver/workspace/install/rosapi_msgs/include/rosapi_msgs/srv/detail/service_type__builder.hpp
[2.953s] -- Up-to-date: /home/sbel/Desktop/Cobra-Driver/workspace/install/rosapi_msgs/include/rosapi_msgs/srv/detail/service_request_details__struct.hpp
[2.953s] -- Up-to-date: /home/sbel/Desktop/Cobra-Driver/workspace/install/rosapi_msgs/include/rosapi_msgs/srv/detail/publishers__struct.hpp
[2.953s] -- Up-to-date: /home/sbel/Desktop/Cobra-Driver/workspace/install/rosapi_msgs/include/rosapi_msgs/srv/detail/topics_and_raw_types__type_support.hpp
[2.953s] -- Up-to-date: /home/sbel/Desktop/Cobra-Driver/workspace/install/rosapi_msgs/include/rosapi_msgs/srv/detail/service_request_details__traits.hpp
[2.953s] -- Up-to-date: /home/sbel/Desktop/Cobra-Driver/workspace/install/rosapi_msgs/include/rosapi_msgs/srv/detail/message_details__builder.hpp
[2.953s] -- Up-to-date: /home/sbel/Desktop/Cobra-Driver/workspace/install/rosapi_msgs/include/rosapi_msgs/srv/detail/topic_type__builder.hpp
[2.953s] -- Up-to-date: /home/sbel/Desktop/Cobra-Driver/workspace/install/rosapi_msgs/include/rosapi_msgs/srv/detail/service_node__struct.hpp
[2.953s] -- Up-to-date: /home/sbel/Desktop/Cobra-Driver/workspace/install/rosapi_msgs/include/rosapi_msgs/srv/detail/service_response_details__struct.hpp
[2.953s] -- Up-to-date: /home/sbel/Desktop/Cobra-Driver/workspace/install/rosapi_msgs/include/rosapi_msgs/srv/detail/subscribers__builder.hpp
[2.954s] -- Up-to-date: /home/sbel/Desktop/Cobra-Driver/workspace/install/rosapi_msgs/include/rosapi_msgs/srv/detail/service_providers__builder.hpp
[2.954s] -- Up-to-date: /home/sbel/Desktop/Cobra-Driver/workspace/install/rosapi_msgs/include/rosapi_msgs/srv/detail/service_type__type_support.hpp
[2.954s] -- Up-to-date: /home/sbel/Desktop/Cobra-Driver/workspace/install/rosapi_msgs/include/rosapi_msgs/srv/detail/nodes__builder.hpp
[2.954s] -- Up-to-date: /home/sbel/Desktop/Cobra-Driver/workspace/install/rosapi_msgs/include/rosapi_msgs/srv/detail/message_details__traits.hpp
[2.954s] -- Up-to-date: /home/sbel/Desktop/Cobra-Driver/workspace/install/rosapi_msgs/include/rosapi_msgs/srv/detail/node_details__traits.hpp
[2.954s] -- Up-to-date: /home/sbel/Desktop/Cobra-Driver/workspace/install/rosapi_msgs/include/rosapi_msgs/srv/detail/get_param_names__builder.hpp
[2.954s] -- Up-to-date: /home/sbel/Desktop/Cobra-Driver/workspace/install/rosapi_msgs/include/rosapi_msgs/srv/detail/services_for_type__struct.hpp
[2.954s] -- Up-to-date: /home/sbel/Desktop/Cobra-Driver/workspace/install/rosapi_msgs/include/rosapi_msgs/srv/detail/topics_and_raw_types__struct.hpp
[2.955s] -- Up-to-date: /home/sbel/Desktop/Cobra-Driver/workspace/install/rosapi_msgs/include/rosapi_msgs/srv/detail/has_param__builder.hpp
[2.955s] -- Up-to-date: /home/sbel/Desktop/Cobra-Driver/workspace/install/rosapi_msgs/include/rosapi_msgs/srv/detail/node_details__struct.hpp
[2.955s] -- Up-to-date: /home/sbel/Desktop/Cobra-Driver/workspace/install/rosapi_msgs/include/rosapi_msgs/srv/detail/topics__builder.hpp
[2.955s] -- Up-to-date: /home/sbel/Desktop/Cobra-Driver/workspace/install/rosapi_msgs/include/rosapi_msgs/srv/detail/node_details__type_support.hpp
[2.955s] -- Up-to-date: /home/sbel/Desktop/Cobra-Driver/workspace/install/rosapi_msgs/include/rosapi_msgs/srv/detail/delete_param__builder.hpp
[2.955s] -- Up-to-date: /home/sbel/Desktop/Cobra-Driver/workspace/install/rosapi_msgs/include/rosapi_msgs/srv/detail/service_response_details__traits.hpp
[2.955s] -- Up-to-date: /home/sbel/Desktop/Cobra-Driver/workspace/install/rosapi_msgs/include/rosapi_msgs/srv/detail/get_time__struct.hpp
[2.955s] -- Up-to-date: /home/sbel/Desktop/Cobra-Driver/workspace/install/rosapi_msgs/include/rosapi_msgs/srv/detail/topic_type__traits.hpp
[2.955s] -- Up-to-date: /home/sbel/Desktop/Cobra-Driver/workspace/install/rosapi_msgs/include/rosapi_msgs/srv/detail/publishers__traits.hpp
[2.956s] -- Up-to-date: /home/sbel/Desktop/Cobra-Driver/workspace/install/rosapi_msgs/include/rosapi_msgs/srv/detail/get_ros_version__traits.hpp
[2.956s] -- Up-to-date: /home/sbel/Desktop/Cobra-Driver/workspace/install/rosapi_msgs/include/rosapi_msgs/srv/detail/topics_for_type__builder.hpp
[2.956s] -- Up-to-date: /home/sbel/Desktop/Cobra-Driver/workspace/install/rosapi_msgs/include/rosapi_msgs/srv/detail/topic_type__struct.hpp
[2.956s] -- Up-to-date: /home/sbel/Desktop/Cobra-Driver/workspace/install/rosapi_msgs/include/rosapi_msgs/srv/detail/topics_for_type__struct.hpp
[2.956s] -- Up-to-date: /home/sbel/Desktop/Cobra-Driver/workspace/install/rosapi_msgs/include/rosapi_msgs/srv/detail/subscribers__type_support.hpp
[2.956s] -- Up-to-date: /home/sbel/Desktop/Cobra-Driver/workspace/install/rosapi_msgs/include/rosapi_msgs/srv/detail/set_param__struct.hpp
[2.956s] -- Up-to-date: /home/sbel/Desktop/Cobra-Driver/workspace/install/rosapi_msgs/include/rosapi_msgs/srv/detail/get_param_names__traits.hpp
[2.956s] -- Up-to-date: /home/sbel/Desktop/Cobra-Driver/workspace/install/rosapi_msgs/include/rosapi_msgs/srv/detail/get_param__type_support.hpp
[2.956s] -- Up-to-date: /home/sbel/Desktop/Cobra-Driver/workspace/install/rosapi_msgs/include/rosapi_msgs/srv/detail/node_details__builder.hpp
[2.957s] -- Up-to-date: /home/sbel/Desktop/Cobra-Driver/workspace/install/rosapi_msgs/include/rosapi_msgs/srv/detail/service_response_details__builder.hpp
[2.957s] -- Up-to-date: /home/sbel/Desktop/Cobra-Driver/workspace/install/rosapi_msgs/include/rosapi_msgs/srv/detail/message_details__type_support.hpp
[2.957s] -- Up-to-date: /home/sbel/Desktop/Cobra-Driver/workspace/install/rosapi_msgs/include/rosapi_msgs/srv/detail/message_details__struct.hpp
[2.957s] -- Up-to-date: /home/sbel/Desktop/Cobra-Driver/workspace/install/rosapi_msgs/include/rosapi_msgs/srv/detail/services_for_type__builder.hpp
[2.957s] -- Up-to-date: /home/sbel/Desktop/Cobra-Driver/workspace/install/rosapi_msgs/include/rosapi_msgs/srv/detail/get_time__builder.hpp
[2.957s] -- Up-to-date: /home/sbel/Desktop/Cobra-Driver/workspace/install/rosapi_msgs/include/rosapi_msgs/srv/detail/topics_for_type__type_support.hpp
[2.957s] -- Up-to-date: /home/sbel/Desktop/Cobra-Driver/workspace/install/rosapi_msgs/include/rosapi_msgs/srv/detail/get_ros_version__struct.hpp
[2.957s] -- Up-to-date: /home/sbel/Desktop/Cobra-Driver/workspace/install/rosapi_msgs/include/rosapi_msgs/srv/has_param.hpp
[2.958s] -- Up-to-date: /home/sbel/Desktop/Cobra-Driver/workspace/install/rosapi_msgs/include/rosapi_msgs/srv/get_param_names.hpp
[2.958s] -- Up-to-date: /home/sbel/Desktop/Cobra-Driver/workspace/install/rosapi_msgs/include/rosapi_msgs/srv/delete_param.hpp
[2.958s] -- Up-to-date: /home/sbel/Desktop/Cobra-Driver/workspace/install/rosapi_msgs/include/rosapi_msgs/srv/topics_for_type.hpp
[2.958s] -- Up-to-date: /home/sbel/Desktop/Cobra-Driver/workspace/install/rosapi_msgs/include/rosapi_msgs/srv/get_action_servers.hpp
[2.958s] -- Up-to-date: /home/sbel/Desktop/Cobra-Driver/workspace/install/rosapi_msgs/include/rosapi_msgs/srv/get_time.hpp
[2.958s] -- Up-to-date: /home/sbel/Desktop/Cobra-Driver/workspace/install/rosapi_msgs/include/rosapi_msgs/srv/subscribers.hpp
[2.958s] -- Up-to-date: /home/sbel/Desktop/Cobra-Driver/workspace/install/rosapi_msgs/include/rosapi_msgs/srv/topics.hpp
[2.958s] -- Up-to-date: /home/sbel/Desktop/Cobra-Driver/workspace/install/rosapi_msgs/include/rosapi_msgs/srv/publishers.hpp
[2.958s] -- Up-to-date: /home/sbel/Desktop/Cobra-Driver/workspace/install/rosapi_msgs/include/rosapi_msgs/srv/set_param.hpp
[2.959s] -- Up-to-date: /home/sbel/Desktop/Cobra-Driver/workspace/install/rosapi_msgs/include/rosapi_msgs/srv/service_request_details.hpp
[2.959s] -- Up-to-date: /home/sbel/Desktop/Cobra-Driver/workspace/install/rosapi_msgs/include/rosapi_msgs/srv/service_type.hpp
[2.959s] -- Up-to-date: /home/sbel/Desktop/Cobra-Driver/workspace/install/rosapi_msgs/include/rosapi_msgs/srv/services_for_type.hpp
[2.959s] -- Up-to-date: /home/sbel/Desktop/Cobra-Driver/workspace/install/rosapi_msgs/include/rosapi_msgs/srv/service_response_details.hpp
[2.959s] -- Up-to-date: /home/sbel/Desktop/Cobra-Driver/workspace/install/rosapi_msgs/include/rosapi_msgs/srv/message_details.hpp
[2.959s] -- Up-to-date: /home/sbel/Desktop/Cobra-Driver/workspace/install/rosapi_msgs/include/rosapi_msgs/srv/node_details.hpp
[2.959s] -- Up-to-date: /home/sbel/Desktop/Cobra-Driver/workspace/install/rosapi_msgs/include/rosapi_msgs/srv/topic_type.hpp
[2.959s] -- Up-to-date: /home/sbel/Desktop/Cobra-Driver/workspace/install/rosapi_msgs/include/rosapi_msgs/srv/topics_and_raw_types.hpp
[2.960s] -- Up-to-date: /home/sbel/Desktop/Cobra-Driver/workspace/install/rosapi_msgs/include/rosapi_msgs/srv/get_param.hpp
[2.960s] -- Up-to-date: /home/sbel/Desktop/Cobra-Driver/workspace/install/rosapi_msgs/include/rosapi_msgs/srv/service_providers.hpp
[2.960s] -- Up-to-date: /home/sbel/Desktop/Cobra-Driver/workspace/install/rosapi_msgs/include/rosapi_msgs/srv/nodes.hpp
[2.960s] -- Up-to-date: /home/sbel/Desktop/Cobra-Driver/workspace/install/rosapi_msgs/include/rosapi_msgs/msg
[2.960s] -- Up-to-date: /home/sbel/Desktop/Cobra-Driver/workspace/install/rosapi_msgs/include/rosapi_msgs/msg/detail
[2.960s] -- Up-to-date: /home/sbel/Desktop/Cobra-Driver/workspace/install/rosapi_msgs/include/rosapi_msgs/msg/detail/type_def__struct.hpp
[2.960s] -- Up-to-date: /home/sbel/Desktop/Cobra-Driver/workspace/install/rosapi_msgs/include/rosapi_msgs/msg/detail/type_def__type_support.hpp
[2.961s] -- Up-to-date: /home/sbel/Desktop/Cobra-Driver/workspace/install/rosapi_msgs/include/rosapi_msgs/msg/detail/type_def__traits.hpp
[2.961s] -- Up-to-date: /home/sbel/Desktop/Cobra-Driver/workspace/install/rosapi_msgs/include/rosapi_msgs/msg/detail/type_def__builder.hpp
[2.961s] -- Up-to-date: /home/sbel/Desktop/Cobra-Driver/workspace/install/rosapi_msgs/include/rosapi_msgs/msg/type_def.hpp
[2.961s] -- Up-to-date: /home/sbel/Desktop/Cobra-Driver/workspace/install/rosapi_msgs/include/rosapi_msgs/msg/rosidl_generator_cpp__visibility_control.hpp
[2.962s] -- Up-to-date: /home/sbel/Desktop/Cobra-Driver/workspace/install/rosapi_msgs/include/rosapi_msgs
[2.962s] -- Up-to-date: /home/sbel/Desktop/Cobra-Driver/workspace/install/rosapi_msgs/include/rosapi_msgs/srv
[2.962s] -- Up-to-date: /home/sbel/Desktop/Cobra-Driver/workspace/install/rosapi_msgs/include/rosapi_msgs/srv/detail
[2.962s] -- Up-to-date: /home/sbel/Desktop/Cobra-Driver/workspace/install/rosapi_msgs/include/rosapi_msgs/srv/detail/services__rosidl_typesupport_introspection_cpp.hpp
[2.963s] -- Up-to-date: /home/sbel/Desktop/Cobra-Driver/workspace/install/rosapi_msgs/include/rosapi_msgs/srv/detail/get_param__rosidl_typesupport_introspection_cpp.hpp
[2.963s] -- Up-to-date: /home/sbel/Desktop/Cobra-Driver/workspace/install/rosapi_msgs/include/rosapi_msgs/srv/detail/has_param__rosidl_typesupport_introspection_cpp.hpp
[2.963s] -- Up-to-date: /home/sbel/Desktop/Cobra-Driver/workspace/install/rosapi_msgs/include/rosapi_msgs/srv/detail/publishers__rosidl_typesupport_introspection_cpp.hpp
[2.963s] -- Up-to-date: /home/sbel/Desktop/Cobra-Driver/workspace/install/rosapi_msgs/include/rosapi_msgs/srv/detail/topics_and_raw_types__type_support.cpp
[2.963s] -- Up-to-date: /home/sbel/Desktop/Cobra-Driver/workspace/install/rosapi_msgs/include/rosapi_msgs/srv/detail/get_ros_version__type_support.cpp
[2.964s] -- Up-to-date: /home/sbel/Desktop/Cobra-Driver/workspace/install/rosapi_msgs/include/rosapi_msgs/srv/detail/topics__type_support.cpp
[2.964s] -- Up-to-date: /home/sbel/Desktop/Cobra-Driver/workspace/install/rosapi_msgs/include/rosapi_msgs/srv/detail/delete_param__rosidl_typesupport_introspection_cpp.hpp
[2.964s] -- Up-to-date: /home/sbel/Desktop/Cobra-Driver/workspace/install/rosapi_msgs/include/rosapi_msgs/srv/detail/services_for_type__type_support.cpp
[2.965s] -- Up-to-date: /home/sbel/Desktop/Cobra-Driver/workspace/install/rosapi_msgs/include/rosapi_msgs/srv/detail/services_for_type__rosidl_typesupport_introspection_cpp.hpp
[2.965s] -- Up-to-date: /home/sbel/Desktop/Cobra-Driver/workspace/install/rosapi_msgs/include/rosapi_msgs/srv/detail/set_param__type_support.cpp
[2.965s] -- Up-to-date: /home/sbel/Desktop/Cobra-Driver/workspace/install/rosapi_msgs/include/rosapi_msgs/srv/detail/topics_and_raw_types__rosidl_typesupport_introspection_cpp.hpp
[2.965s] -- Up-to-date: /home/sbel/Desktop/Cobra-Driver/workspace/install/rosapi_msgs/include/rosapi_msgs/srv/detail/has_param__type_support.cpp
[2.965s] -- Up-to-date: /home/sbel/Desktop/Cobra-Driver/workspace/install/rosapi_msgs/include/rosapi_msgs/srv/detail/service_node__type_support.cpp
[2.965s] -- Up-to-date: /home/sbel/Desktop/Cobra-Driver/workspace/install/rosapi_msgs/include/rosapi_msgs/srv/detail/message_details__rosidl_typesupport_introspection_cpp.hpp
[2.966s] -- Up-to-date: /home/sbel/Desktop/Cobra-Driver/workspace/install/rosapi_msgs/include/rosapi_msgs/srv/detail/subscribers__type_support.cpp
[2.966s] -- Up-to-date: /home/sbel/Desktop/Cobra-Driver/workspace/install/rosapi_msgs/include/rosapi_msgs/srv/detail/service_response_details__type_support.cpp
[2.966s] -- Up-to-date: /home/sbel/Desktop/Cobra-Driver/workspace/install/rosapi_msgs/include/rosapi_msgs/srv/detail/service_type__rosidl_typesupport_introspection_cpp.hpp
[2.966s] -- Up-to-date: /home/sbel/Desktop/Cobra-Driver/workspace/install/rosapi_msgs/include/rosapi_msgs/srv/detail/service_response_details__rosidl_typesupport_introspection_cpp.hpp
[2.966s] -- Up-to-date: /home/sbel/Desktop/Cobra-Driver/workspace/install/rosapi_msgs/include/rosapi_msgs/srv/detail/set_param__rosidl_typesupport_introspection_cpp.hpp
[2.966s] -- Up-to-date: /home/sbel/Desktop/Cobra-Driver/workspace/install/rosapi_msgs/include/rosapi_msgs/srv/detail/get_action_servers__type_support.cpp
[2.966s] -- Up-to-date: /home/sbel/Desktop/Cobra-Driver/workspace/install/rosapi_msgs/include/rosapi_msgs/srv/detail/topics_for_type__type_support.cpp
[2.967s] -- Up-to-date: /home/sbel/Desktop/Cobra-Driver/workspace/install/rosapi_msgs/include/rosapi_msgs/srv/detail/nodes__type_support.cpp
[2.967s] -- Up-to-date: /home/sbel/Desktop/Cobra-Driver/workspace/install/rosapi_msgs/include/rosapi_msgs/srv/detail/get_ros_version__rosidl_typesupport_introspection_cpp.hpp
[2.967s] -- Up-to-date: /home/sbel/Desktop/Cobra-Driver/workspace/install/rosapi_msgs/include/rosapi_msgs/srv/detail/get_action_servers__rosidl_typesupport_introspection_cpp.hpp
[2.967s] -- Up-to-date: /home/sbel/Desktop/Cobra-Driver/workspace/install/rosapi_msgs/include/rosapi_msgs/srv/detail/service_node__rosidl_typesupport_introspection_cpp.hpp
[2.967s] -- Up-to-date: /home/sbel/Desktop/Cobra-Driver/workspace/install/rosapi_msgs/include/rosapi_msgs/srv/detail/service_providers__rosidl_typesupport_introspection_cpp.hpp
[2.967s] -- Up-to-date: /home/sbel/Desktop/Cobra-Driver/workspace/install/rosapi_msgs/include/rosapi_msgs/srv/detail/publishers__type_support.cpp
[2.967s] -- Up-to-date: /home/sbel/Desktop/Cobra-Driver/workspace/install/rosapi_msgs/include/rosapi_msgs/srv/detail/service_request_details__type_support.cpp
[2.968s] -- Up-to-date: /home/sbel/Desktop/Cobra-Driver/workspace/install/rosapi_msgs/include/rosapi_msgs/srv/detail/get_time__rosidl_typesupport_introspection_cpp.hpp
[2.968s] -- Up-to-date: /home/sbel/Desktop/Cobra-Driver/workspace/install/rosapi_msgs/include/rosapi_msgs/srv/detail/service_providers__type_support.cpp
[2.968s] -- Up-to-date: /home/sbel/Desktop/Cobra-Driver/workspace/install/rosapi_msgs/include/rosapi_msgs/srv/detail/get_time__type_support.cpp
[2.968s] -- Up-to-date: /home/sbel/Desktop/Cobra-Driver/workspace/install/rosapi_msgs/include/rosapi_msgs/srv/detail/topic_type__rosidl_typesupport_introspection_cpp.hpp
[2.968s] -- Up-to-date: /home/sbel/Desktop/Cobra-Driver/workspace/install/rosapi_msgs/include/rosapi_msgs/srv/detail/services__type_support.cpp
[2.968s] -- Up-to-date: /home/sbel/Desktop/Cobra-Driver/workspace/install/rosapi_msgs/include/rosapi_msgs/srv/detail/service_request_details__rosidl_typesupport_introspection_cpp.hpp
[2.969s] -- Up-to-date: /home/sbel/Desktop/Cobra-Driver/workspace/install/rosapi_msgs/include/rosapi_msgs/srv/detail/get_param_names__rosidl_typesupport_introspection_cpp.hpp
[2.969s] -- Up-to-date: /home/sbel/Desktop/Cobra-Driver/workspace/install/rosapi_msgs/include/rosapi_msgs/srv/detail/topics_for_type__rosidl_typesupport_introspection_cpp.hpp
[2.969s] -- Up-to-date: /home/sbel/Desktop/Cobra-Driver/workspace/install/rosapi_msgs/include/rosapi_msgs/srv/detail/service_type__type_support.cpp
[2.969s] -- Up-to-date: /home/sbel/Desktop/Cobra-Driver/workspace/install/rosapi_msgs/include/rosapi_msgs/srv/detail/subscribers__rosidl_typesupport_introspection_cpp.hpp
[2.969s] -- Up-to-date: /home/sbel/Desktop/Cobra-Driver/workspace/install/rosapi_msgs/include/rosapi_msgs/srv/detail/topics__rosidl_typesupport_introspection_cpp.hpp
[2.969s] -- Up-to-date: /home/sbel/Desktop/Cobra-Driver/workspace/install/rosapi_msgs/include/rosapi_msgs/srv/detail/get_param__type_support.cpp
[2.970s] -- Up-to-date: /home/sbel/Desktop/Cobra-Driver/workspace/install/rosapi_msgs/include/rosapi_msgs/srv/detail/topic_type__type_support.cpp
[2.970s] -- Up-to-date: /home/sbel/Desktop/Cobra-Driver/workspace/install/rosapi_msgs/include/rosapi_msgs/srv/detail/delete_param__type_support.cpp
[2.970s] -- Up-to-date: /home/sbel/Desktop/Cobra-Driver/workspace/install/rosapi_msgs/include/rosapi_msgs/srv/detail/message_details__type_support.cpp
[2.970s] -- Up-to-date: /home/sbel/Desktop/Cobra-Driver/workspace/install/rosapi_msgs/include/rosapi_msgs/srv/detail/nodes__rosidl_typesupport_introspection_cpp.hpp
[2.970s] -- Up-to-date: /home/sbel/Desktop/Cobra-Driver/workspace/install/rosapi_msgs/include/rosapi_msgs/srv/detail/get_param_names__type_support.cpp
[2.971s] -- Up-to-date: /home/sbel/Desktop/Cobra-Driver/workspace/install/rosapi_msgs/include/rosapi_msgs/srv/detail/node_details__type_support.cpp
[2.971s] -- Up-to-date: /home/sbel/Desktop/Cobra-Driver/workspace/install/rosapi_msgs/include/rosapi_msgs/srv/detail/node_details__rosidl_typesupport_introspection_cpp.hpp
[2.971s] -- Up-to-date: /home/sbel/Desktop/Cobra-Driver/workspace/install/rosapi_msgs/include/rosapi_msgs/msg
[2.971s] -- Up-to-date: /home/sbel/Desktop/Cobra-Driver/workspace/install/rosapi_msgs/include/rosapi_msgs/msg/detail
[2.971s] -- Up-to-date: /home/sbel/Desktop/Cobra-Driver/workspace/install/rosapi_msgs/include/rosapi_msgs/msg/detail/type_def__rosidl_typesupport_introspection_cpp.hpp
[2.971s] -- Up-to-date: /home/sbel/Desktop/Cobra-Driver/workspace/install/rosapi_msgs/include/rosapi_msgs/msg/detail/type_def__type_support.cpp
[2.971s] -- Up-to-date: /home/sbel/Desktop/Cobra-Driver/workspace/install/rosapi_msgs/lib/librosapi_msgs__rosidl_typesupport_introspection_cpp.so
[2.971s] -- Up-to-date: /home/sbel/Desktop/Cobra-Driver/workspace/install/rosapi_msgs/lib/librosapi_msgs__rosidl_typesupport_cpp.so
[2.972s] -- Up-to-date: /home/sbel/Desktop/Cobra-Driver/workspace/install/rosapi_msgs/share/rosapi_msgs/environment/pythonpath.sh
[2.972s] -- Up-to-date: /home/sbel/Desktop/Cobra-Driver/workspace/install/rosapi_msgs/share/rosapi_msgs/environment/pythonpath.dsv
[2.972s] -- Up-to-date: /home/sbel/Desktop/Cobra-Driver/workspace/install/rosapi_msgs/lib/python3.8/site-packages/rosapi_msgs/__init__.py
[2.972s] -- Up-to-date: /home/sbel/Desktop/Cobra-Driver/workspace/install/rosapi_msgs/lib/python3.8/site-packages/rosapi_msgs/msg
[2.972s] -- Up-to-date: /home/sbel/Desktop/Cobra-Driver/workspace/install/rosapi_msgs/lib/python3.8/site-packages/rosapi_msgs/msg/_type_def.py
[2.972s] -- Up-to-date: /home/sbel/Desktop/Cobra-Driver/workspace/install/rosapi_msgs/lib/python3.8/site-packages/rosapi_msgs/msg/__init__.py
[2.972s] -- Up-to-date: /home/sbel/Desktop/Cobra-Driver/workspace/install/rosapi_msgs/lib/python3.8/site-packages/rosapi_msgs/msg/_type_def_s.c
[2.972s] -- Up-to-date: /home/sbel/Desktop/Cobra-Driver/workspace/install/rosapi_msgs/lib/python3.8/site-packages/rosapi_msgs/srv
[2.973s] -- Up-to-date: /home/sbel/Desktop/Cobra-Driver/workspace/install/rosapi_msgs/lib/python3.8/site-packages/rosapi_msgs/srv/_service_type.py
[2.973s] -- Up-to-date: /home/sbel/Desktop/Cobra-Driver/workspace/install/rosapi_msgs/lib/python3.8/site-packages/rosapi_msgs/srv/_has_param.py
[2.973s] -- Up-to-date: /home/sbel/Desktop/Cobra-Driver/workspace/install/rosapi_msgs/lib/python3.8/site-packages/rosapi_msgs/srv/_nodes.py
[2.973s] -- Up-to-date: /home/sbel/Desktop/Cobra-Driver/workspace/install/rosapi_msgs/lib/python3.8/site-packages/rosapi_msgs/srv/_delete_param.py
[2.973s] -- Up-to-date: /home/sbel/Desktop/Cobra-Driver/workspace/install/rosapi_msgs/lib/python3.8/site-packages/rosapi_msgs/srv/_get_param_names_s.c
[2.973s] -- Up-to-date: /home/sbel/Desktop/Cobra-Driver/workspace/install/rosapi_msgs/lib/python3.8/site-packages/rosapi_msgs/srv/_services.py
[2.973s] -- Up-to-date: /home/sbel/Desktop/Cobra-Driver/workspace/install/rosapi_msgs/lib/python3.8/site-packages/rosapi_msgs/srv/_topics_s.c
[2.974s] -- Up-to-date: /home/sbel/Desktop/Cobra-Driver/workspace/install/rosapi_msgs/lib/python3.8/site-packages/rosapi_msgs/srv/_subscribers.py
[2.974s] -- Up-to-date: /home/sbel/Desktop/Cobra-Driver/workspace/install/rosapi_msgs/lib/python3.8/site-packages/rosapi_msgs/srv/_get_ros_version.py
[2.974s] -- Up-to-date: /home/sbel/Desktop/Cobra-Driver/workspace/install/rosapi_msgs/lib/python3.8/site-packages/rosapi_msgs/srv/_message_details.py
[2.974s] -- Up-to-date: /home/sbel/Desktop/Cobra-Driver/workspace/install/rosapi_msgs/lib/python3.8/site-packages/rosapi_msgs/srv/_topic_type_s.c
[2.975s] -- Up-to-date: /home/sbel/Desktop/Cobra-Driver/workspace/install/rosapi_msgs/lib/python3.8/site-packages/rosapi_msgs/srv/_service_node_s.c
[2.975s] -- Up-to-date: /home/sbel/Desktop/Cobra-Driver/workspace/install/rosapi_msgs/lib/python3.8/site-packages/rosapi_msgs/srv/_publishers_s.c
[2.975s] -- Up-to-date: /home/sbel/Desktop/Cobra-Driver/workspace/install/rosapi_msgs/lib/python3.8/site-packages/rosapi_msgs/srv/_node_details.py
[2.975s] -- Up-to-date: /home/sbel/Desktop/Cobra-Driver/workspace/install/rosapi_msgs/lib/python3.8/site-packages/rosapi_msgs/srv/_topics.py
[2.976s] -- Up-to-date: /home/sbel/Desktop/Cobra-Driver/workspace/install/rosapi_msgs/lib/python3.8/site-packages/rosapi_msgs/srv/_get_time_s.c
[2.976s] -- Up-to-date: /home/sbel/Desktop/Cobra-Driver/workspace/install/rosapi_msgs/lib/python3.8/site-packages/rosapi_msgs/srv/_topics_and_raw_types_s.c
[2.976s] -- Up-to-date: /home/sbel/Desktop/Cobra-Driver/workspace/install/rosapi_msgs/lib/python3.8/site-packages/rosapi_msgs/srv/_service_response_details_s.c
[2.976s] -- Up-to-date: /home/sbel/Desktop/Cobra-Driver/workspace/install/rosapi_msgs/lib/python3.8/site-packages/rosapi_msgs/srv/_subscribers_s.c
[2.976s] -- Up-to-date: /home/sbel/Desktop/Cobra-Driver/workspace/install/rosapi_msgs/lib/python3.8/site-packages/rosapi_msgs/srv/_service_request_details.py
[2.976s] -- Up-to-date: /home/sbel/Desktop/Cobra-Driver/workspace/install/rosapi_msgs/lib/python3.8/site-packages/rosapi_msgs/srv/_services_for_type_s.c
[2.977s] -- Up-to-date: /home/sbel/Desktop/Cobra-Driver/workspace/install/rosapi_msgs/lib/python3.8/site-packages/rosapi_msgs/srv/__init__.py
[2.977s] -- Up-to-date: /home/sbel/Desktop/Cobra-Driver/workspace/install/rosapi_msgs/lib/python3.8/site-packages/rosapi_msgs/srv/_has_param_s.c
[2.977s] -- Up-to-date: /home/sbel/Desktop/Cobra-Driver/workspace/install/rosapi_msgs/lib/python3.8/site-packages/rosapi_msgs/srv/_get_action_servers.py
[2.977s] -- Up-to-date: /home/sbel/Desktop/Cobra-Driver/workspace/install/rosapi_msgs/lib/python3.8/site-packages/rosapi_msgs/srv/_topic_type.py
[2.977s] -- Up-to-date: /home/sbel/Desktop/Cobra-Driver/workspace/install/rosapi_msgs/lib/python3.8/site-packages/rosapi_msgs/srv/_service_node.py
[2.978s] -- Up-to-date: /home/sbel/Desktop/Cobra-Driver/workspace/install/rosapi_msgs/lib/python3.8/site-packages/rosapi_msgs/srv/_topics_for_type_s.c
[2.978s] -- Up-to-date: /home/sbel/Desktop/Cobra-Driver/workspace/install/rosapi_msgs/lib/python3.8/site-packages/rosapi_msgs/srv/_set_param.py
[2.978s] -- Up-to-date: /home/sbel/Desktop/Cobra-Driver/workspace/install/rosapi_msgs/lib/python3.8/site-packages/rosapi_msgs/srv/_get_param_names.py
[2.978s] -- Up-to-date: /home/sbel/Desktop/Cobra-Driver/workspace/install/rosapi_msgs/lib/python3.8/site-packages/rosapi_msgs/srv/_topics_and_raw_types.py
[2.978s] -- Up-to-date: /home/sbel/Desktop/Cobra-Driver/workspace/install/rosapi_msgs/lib/python3.8/site-packages/rosapi_msgs/srv/_service_request_details_s.c
[2.979s] -- Up-to-date: /home/sbel/Desktop/Cobra-Driver/workspace/install/rosapi_msgs/lib/python3.8/site-packages/rosapi_msgs/srv/_nodes_s.c
[2.979s] -- Up-to-date: /home/sbel/Desktop/Cobra-Driver/workspace/install/rosapi_msgs/lib/python3.8/site-packages/rosapi_msgs/srv/_get_param_s.c
[2.979s] -- Up-to-date: /home/sbel/Desktop/Cobra-Driver/workspace/install/rosapi_msgs/lib/python3.8/site-packages/rosapi_msgs/srv/_topics_for_type.py
[2.979s] -- Up-to-date: /home/sbel/Desktop/Cobra-Driver/workspace/install/rosapi_msgs/lib/python3.8/site-packages/rosapi_msgs/srv/_service_providers.py
[2.980s] -- Up-to-date: /home/sbel/Desktop/Cobra-Driver/workspace/install/rosapi_msgs/lib/python3.8/site-packages/rosapi_msgs/srv/_get_action_servers_s.c
[2.980s] -- Up-to-date: /home/sbel/Desktop/Cobra-Driver/workspace/install/rosapi_msgs/lib/python3.8/site-packages/rosapi_msgs/srv/_services_for_type.py
[2.980s] -- Up-to-date: /home/sbel/Desktop/Cobra-Driver/workspace/install/rosapi_msgs/lib/python3.8/site-packages/rosapi_msgs/srv/_get_time.py
[2.980s] -- Up-to-date: /home/sbel/Desktop/Cobra-Driver/workspace/install/rosapi_msgs/lib/python3.8/site-packages/rosapi_msgs/srv/_delete_param_s.c
[2.980s] -- Up-to-date: /home/sbel/Desktop/Cobra-Driver/workspace/install/rosapi_msgs/lib/python3.8/site-packages/rosapi_msgs/srv/_node_details_s.c
[2.981s] -- Up-to-date: /home/sbel/Desktop/Cobra-Driver/workspace/install/rosapi_msgs/lib/python3.8/site-packages/rosapi_msgs/srv/_get_param.py
[2.981s] -- Up-to-date: /home/sbel/Desktop/Cobra-Driver/workspace/install/rosapi_msgs/lib/python3.8/site-packages/rosapi_msgs/srv/_get_ros_version_s.c
[2.982s] -- Up-to-date: /home/sbel/Desktop/Cobra-Driver/workspace/install/rosapi_msgs/lib/python3.8/site-packages/rosapi_msgs/srv/_publishers.py
[2.982s] -- Up-to-date: /home/sbel/Desktop/Cobra-Driver/workspace/install/rosapi_msgs/lib/python3.8/site-packages/rosapi_msgs/srv/_message_details_s.c
[2.982s] -- Up-to-date: /home/sbel/Desktop/Cobra-Driver/workspace/install/rosapi_msgs/lib/python3.8/site-packages/rosapi_msgs/srv/_service_type_s.c
[2.982s] -- Up-to-date: /home/sbel/Desktop/Cobra-Driver/workspace/install/rosapi_msgs/lib/python3.8/site-packages/rosapi_msgs/srv/_set_param_s.c
[2.983s] -- Up-to-date: /home/sbel/Desktop/Cobra-Driver/workspace/install/rosapi_msgs/lib/python3.8/site-packages/rosapi_msgs/srv/_services_s.c
[2.984s] -- Up-to-date: /home/sbel/Desktop/Cobra-Driver/workspace/install/rosapi_msgs/lib/python3.8/site-packages/rosapi_msgs/srv/_service_response_details.py
[2.984s] -- Up-to-date: /home/sbel/Desktop/Cobra-Driver/workspace/install/rosapi_msgs/lib/python3.8/site-packages/rosapi_msgs/srv/_service_providers_s.c
[2.984s] -- Up-to-date: /home/sbel/Desktop/Cobra-Driver/workspace/install/rosapi_msgs/lib/python3.8/site-packages/rosapi_msgs/rosapi_msgs_s__rosidl_typesupport_fastrtps_c.cpython-38-aarch64-linux-gnu.so
[2.985s] -- Up-to-date: /home/sbel/Desktop/Cobra-Driver/workspace/install/rosapi_msgs/lib/python3.8/site-packages/rosapi_msgs/rosapi_msgs_s__rosidl_typesupport_introspection_c.cpython-38-aarch64-linux-gnu.so
[2.985s] -- Up-to-date: /home/sbel/Desktop/Cobra-Driver/workspace/install/rosapi_msgs/lib/python3.8/site-packages/rosapi_msgs/rosapi_msgs_s__rosidl_typesupport_c.cpython-38-aarch64-linux-gnu.so
[2.985s] -- Up-to-date: /home/sbel/Desktop/Cobra-Driver/workspace/install/rosapi_msgs/lib/librosapi_msgs__python.so
[2.986s] -- Up-to-date: /home/sbel/Desktop/Cobra-Driver/workspace/install/rosapi_msgs/share/rosapi_msgs/msg/TypeDef.idl
[2.987s] -- Up-to-date: /home/sbel/Desktop/Cobra-Driver/workspace/install/rosapi_msgs/share/rosapi_msgs/srv/DeleteParam.idl
[2.987s] -- Up-to-date: /home/sbel/Desktop/Cobra-Driver/workspace/install/rosapi_msgs/share/rosapi_msgs/srv/GetActionServers.idl
[2.988s] -- Up-to-date: /home/sbel/Desktop/Cobra-Driver/workspace/install/rosapi_msgs/share/rosapi_msgs/srv/GetParam.idl
[2.988s] -- Up-to-date: /home/sbel/Desktop/Cobra-Driver/workspace/install/rosapi_msgs/share/rosapi_msgs/srv/GetParamNames.idl
[2.988s] -- Up-to-date: /home/sbel/Desktop/Cobra-Driver/workspace/install/rosapi_msgs/share/rosapi_msgs/srv/GetROSVersion.idl
[2.988s] -- Up-to-date: /home/sbel/Desktop/Cobra-Driver/workspace/install/rosapi_msgs/share/rosapi_msgs/srv/GetTime.idl
[2.988s] -- Up-to-date: /home/sbel/Desktop/Cobra-Driver/workspace/install/rosapi_msgs/share/rosapi_msgs/srv/HasParam.idl
[2.989s] -- Up-to-date: /home/sbel/Desktop/Cobra-Driver/workspace/install/rosapi_msgs/share/rosapi_msgs/srv/MessageDetails.idl
[2.989s] -- Up-to-date: /home/sbel/Desktop/Cobra-Driver/workspace/install/rosapi_msgs/share/rosapi_msgs/srv/Nodes.idl
[2.990s] -- Up-to-date: /home/sbel/Desktop/Cobra-Driver/workspace/install/rosapi_msgs/share/rosapi_msgs/srv/NodeDetails.idl
[2.990s] -- Up-to-date: /home/sbel/Desktop/Cobra-Driver/workspace/install/rosapi_msgs/share/rosapi_msgs/srv/Publishers.idl
[2.990s] -- Up-to-date: /home/sbel/Desktop/Cobra-Driver/workspace/install/rosapi_msgs/share/rosapi_msgs/srv/ServiceNode.idl
[2.990s] -- Up-to-date: /home/sbel/Desktop/Cobra-Driver/workspace/install/rosapi_msgs/share/rosapi_msgs/srv/ServiceProviders.idl
[2.991s] -- Up-to-date: /home/sbel/Desktop/Cobra-Driver/workspace/install/rosapi_msgs/share/rosapi_msgs/srv/ServiceRequestDetails.idl
[2.992s] -- Up-to-date: /home/sbel/Desktop/Cobra-Driver/workspace/install/rosapi_msgs/share/rosapi_msgs/srv/ServiceResponseDetails.idl
[2.992s] -- Up-to-date: /home/sbel/Desktop/Cobra-Driver/workspace/install/rosapi_msgs/share/rosapi_msgs/srv/Services.idl
[2.993s] -- Up-to-date: /home/sbel/Desktop/Cobra-Driver/workspace/install/rosapi_msgs/share/rosapi_msgs/srv/ServicesForType.idl
[2.993s] -- Up-to-date: /home/sbel/Desktop/Cobra-Driver/workspace/install/rosapi_msgs/share/rosapi_msgs/srv/ServiceType.idl
[2.993s] -- Up-to-date: /home/sbel/Desktop/Cobra-Driver/workspace/install/rosapi_msgs/share/rosapi_msgs/srv/SetParam.idl
[2.993s] -- Up-to-date: /home/sbel/Desktop/Cobra-Driver/workspace/install/rosapi_msgs/share/rosapi_msgs/srv/Subscribers.idl
[2.993s] -- Up-to-date: /home/sbel/Desktop/Cobra-Driver/workspace/install/rosapi_msgs/share/rosapi_msgs/srv/Topics.idl
[2.994s] -- Up-to-date: /home/sbel/Desktop/Cobra-Driver/workspace/install/rosapi_msgs/share/rosapi_msgs/srv/TopicsAndRawTypes.idl
[2.994s] -- Up-to-date: /home/sbel/Desktop/Cobra-Driver/workspace/install/rosapi_msgs/share/rosapi_msgs/srv/TopicsForType.idl
[2.994s] -- Up-to-date: /home/sbel/Desktop/Cobra-Driver/workspace/install/rosapi_msgs/share/rosapi_msgs/srv/TopicType.idl
[2.994s] -- Up-to-date: /home/sbel/Desktop/Cobra-Driver/workspace/install/rosapi_msgs/share/rosapi_msgs/msg/TypeDef.msg
[2.994s] -- Up-to-date: /home/sbel/Desktop/Cobra-Driver/workspace/install/rosapi_msgs/share/rosapi_msgs/srv/DeleteParam.srv
[2.995s] -- Up-to-date: /home/sbel/Desktop/Cobra-Driver/workspace/install/rosapi_msgs/share/rosapi_msgs/srv/DeleteParam_Request.msg
[2.995s] -- Up-to-date: /home/sbel/Desktop/Cobra-Driver/workspace/install/rosapi_msgs/share/rosapi_msgs/srv/DeleteParam_Response.msg
[2.995s] -- Up-to-date: /home/sbel/Desktop/Cobra-Driver/workspace/install/rosapi_msgs/share/rosapi_msgs/srv/GetActionServers.srv
[2.995s] -- Up-to-date: /home/sbel/Desktop/Cobra-Driver/workspace/install/rosapi_msgs/share/rosapi_msgs/srv/GetActionServers_Request.msg
[2.995s] -- Up-to-date: /home/sbel/Desktop/Cobra-Driver/workspace/install/rosapi_msgs/share/rosapi_msgs/srv/GetActionServers_Response.msg
[2.995s] -- Up-to-date: /home/sbel/Desktop/Cobra-Driver/workspace/install/rosapi_msgs/share/rosapi_msgs/srv/GetParam.srv
[2.996s] -- Up-to-date: /home/sbel/Desktop/Cobra-Driver/workspace/install/rosapi_msgs/share/rosapi_msgs/srv/GetParam_Request.msg
[2.996s] -- Up-to-date: /home/sbel/Desktop/Cobra-Driver/workspace/install/rosapi_msgs/share/rosapi_msgs/srv/GetParam_Response.msg
[2.996s] -- Up-to-date: /home/sbel/Desktop/Cobra-Driver/workspace/install/rosapi_msgs/share/rosapi_msgs/srv/GetParamNames.srv
[2.996s] -- Up-to-date: /home/sbel/Desktop/Cobra-Driver/workspace/install/rosapi_msgs/share/rosapi_msgs/srv/GetParamNames_Request.msg
[2.996s] -- Up-to-date: /home/sbel/Desktop/Cobra-Driver/workspace/install/rosapi_msgs/share/rosapi_msgs/srv/GetParamNames_Response.msg
[2.996s] -- Up-to-date: /home/sbel/Desktop/Cobra-Driver/workspace/install/rosapi_msgs/share/rosapi_msgs/srv/GetROSVersion.srv
[2.997s] -- Up-to-date: /home/sbel/Desktop/Cobra-Driver/workspace/install/rosapi_msgs/share/rosapi_msgs/srv/GetROSVersion_Request.msg
[2.997s] -- Up-to-date: /home/sbel/Desktop/Cobra-Driver/workspace/install/rosapi_msgs/share/rosapi_msgs/srv/GetROSVersion_Response.msg
[2.997s] -- Up-to-date: /home/sbel/Desktop/Cobra-Driver/workspace/install/rosapi_msgs/share/rosapi_msgs/srv/GetTime.srv
[2.997s] -- Up-to-date: /home/sbel/Desktop/Cobra-Driver/workspace/install/rosapi_msgs/share/rosapi_msgs/srv/GetTime_Request.msg
[2.997s] -- Up-to-date: /home/sbel/Desktop/Cobra-Driver/workspace/install/rosapi_msgs/share/rosapi_msgs/srv/GetTime_Response.msg
[2.998s] -- Up-to-date: /home/sbel/Desktop/Cobra-Driver/workspace/install/rosapi_msgs/share/rosapi_msgs/srv/HasParam.srv
[2.998s] -- Up-to-date: /home/sbel/Desktop/Cobra-Driver/workspace/install/rosapi_msgs/share/rosapi_msgs/srv/HasParam_Request.msg
[2.998s] -- Up-to-date: /home/sbel/Desktop/Cobra-Driver/workspace/install/rosapi_msgs/share/rosapi_msgs/srv/HasParam_Response.msg
[2.998s] -- Up-to-date: /home/sbel/Desktop/Cobra-Driver/workspace/install/rosapi_msgs/share/rosapi_msgs/srv/MessageDetails.srv
[2.998s] -- Up-to-date: /home/sbel/Desktop/Cobra-Driver/workspace/install/rosapi_msgs/share/rosapi_msgs/srv/MessageDetails_Request.msg
[2.999s] -- Up-to-date: /home/sbel/Desktop/Cobra-Driver/workspace/install/rosapi_msgs/share/rosapi_msgs/srv/MessageDetails_Response.msg
[2.999s] -- Up-to-date: /home/sbel/Desktop/Cobra-Driver/workspace/install/rosapi_msgs/share/rosapi_msgs/srv/Nodes.srv
[2.999s] -- Up-to-date: /home/sbel/Desktop/Cobra-Driver/workspace/install/rosapi_msgs/share/rosapi_msgs/srv/Nodes_Request.msg
[2.999s] -- Up-to-date: /home/sbel/Desktop/Cobra-Driver/workspace/install/rosapi_msgs/share/rosapi_msgs/srv/Nodes_Response.msg
[2.999s] -- Up-to-date: /home/sbel/Desktop/Cobra-Driver/workspace/install/rosapi_msgs/share/rosapi_msgs/srv/NodeDetails.srv
[2.999s] -- Up-to-date: /home/sbel/Desktop/Cobra-Driver/workspace/install/rosapi_msgs/share/rosapi_msgs/srv/NodeDetails_Request.msg
[2.999s] -- Up-to-date: /home/sbel/Desktop/Cobra-Driver/workspace/install/rosapi_msgs/share/rosapi_msgs/srv/NodeDetails_Response.msg
[3.000s] -- Up-to-date: /home/sbel/Desktop/Cobra-Driver/workspace/install/rosapi_msgs/share/rosapi_msgs/srv/Publishers.srv
[3.000s] -- Up-to-date: /home/sbel/Desktop/Cobra-Driver/workspace/install/rosapi_msgs/share/rosapi_msgs/srv/Publishers_Request.msg
[3.000s] -- Up-to-date: /home/sbel/Desktop/Cobra-Driver/workspace/install/rosapi_msgs/share/rosapi_msgs/srv/Publishers_Response.msg
[3.000s] -- Up-to-date: /home/sbel/Desktop/Cobra-Driver/workspace/install/rosapi_msgs/share/rosapi_msgs/srv/ServiceNode.srv
[3.000s] -- Up-to-date: /home/sbel/Desktop/Cobra-Driver/workspace/install/rosapi_msgs/share/rosapi_msgs/srv/ServiceNode_Request.msg
[3.000s] -- Up-to-date: /home/sbel/Desktop/Cobra-Driver/workspace/install/rosapi_msgs/share/rosapi_msgs/srv/ServiceNode_Response.msg
[3.001s] -- Up-to-date: /home/sbel/Desktop/Cobra-Driver/workspace/install/rosapi_msgs/share/rosapi_msgs/srv/ServiceProviders.srv
[3.001s] -- Up-to-date: /home/sbel/Desktop/Cobra-Driver/workspace/install/rosapi_msgs/share/rosapi_msgs/srv/ServiceProviders_Request.msg
[3.001s] -- Up-to-date: /home/sbel/Desktop/Cobra-Driver/workspace/install/rosapi_msgs/share/rosapi_msgs/srv/ServiceProviders_Response.msg
[3.001s] -- Up-to-date: /home/sbel/Desktop/Cobra-Driver/workspace/install/rosapi_msgs/share/rosapi_msgs/srv/ServiceRequestDetails.srv
[3.001s] -- Up-to-date: /home/sbel/Desktop/Cobra-Driver/workspace/install/rosapi_msgs/share/rosapi_msgs/srv/ServiceRequestDetails_Request.msg
[3.002s] -- Up-to-date: /home/sbel/Desktop/Cobra-Driver/workspace/install/rosapi_msgs/share/rosapi_msgs/srv/ServiceRequestDetails_Response.msg
[3.002s] -- Up-to-date: /home/sbel/Desktop/Cobra-Driver/workspace/install/rosapi_msgs/share/rosapi_msgs/srv/ServiceResponseDetails.srv
[3.002s] -- Up-to-date: /home/sbel/Desktop/Cobra-Driver/workspace/install/rosapi_msgs/share/rosapi_msgs/srv/ServiceResponseDetails_Request.msg
[3.002s] -- Up-to-date: /home/sbel/Desktop/Cobra-Driver/workspace/install/rosapi_msgs/share/rosapi_msgs/srv/ServiceResponseDetails_Response.msg
[3.002s] -- Up-to-date: /home/sbel/Desktop/Cobra-Driver/workspace/install/rosapi_msgs/share/rosapi_msgs/srv/Services.srv
[3.002s] -- Up-to-date: /home/sbel/Desktop/Cobra-Driver/workspace/install/rosapi_msgs/share/rosapi_msgs/srv/Services_Request.msg
[3.003s] -- Up-to-date: /home/sbel/Desktop/Cobra-Driver/workspace/install/rosapi_msgs/share/rosapi_msgs/srv/Services_Response.msg
[3.003s] -- Up-to-date: /home/sbel/Desktop/Cobra-Driver/workspace/install/rosapi_msgs/share/rosapi_msgs/srv/ServicesForType.srv
[3.003s] -- Up-to-date: /home/sbel/Desktop/Cobra-Driver/workspace/install/rosapi_msgs/share/rosapi_msgs/srv/ServicesForType_Request.msg
[3.003s] -- Up-to-date: /home/sbel/Desktop/Cobra-Driver/workspace/install/rosapi_msgs/share/rosapi_msgs/srv/ServicesForType_Response.msg
[3.003s] -- Up-to-date: /home/sbel/Desktop/Cobra-Driver/workspace/install/rosapi_msgs/share/rosapi_msgs/srv/ServiceType.srv
[3.003s] -- Up-to-date: /home/sbel/Desktop/Cobra-Driver/workspace/install/rosapi_msgs/share/rosapi_msgs/srv/ServiceType_Request.msg
[3.003s] -- Up-to-date: /home/sbel/Desktop/Cobra-Driver/workspace/install/rosapi_msgs/share/rosapi_msgs/srv/ServiceType_Response.msg
[3.003s] -- Up-to-date: /home/sbel/Desktop/Cobra-Driver/workspace/install/rosapi_msgs/share/rosapi_msgs/srv/SetParam.srv
[3.003s] -- Up-to-date: /home/sbel/Desktop/Cobra-Driver/workspace/install/rosapi_msgs/share/rosapi_msgs/srv/SetParam_Request.msg
[3.004s] -- Up-to-date: /home/sbel/Desktop/Cobra-Driver/workspace/install/rosapi_msgs/share/rosapi_msgs/srv/SetParam_Response.msg
[3.004s] -- Up-to-date: /home/sbel/Desktop/Cobra-Driver/workspace/install/rosapi_msgs/share/rosapi_msgs/srv/Subscribers.srv
[3.004s] -- Up-to-date: /home/sbel/Desktop/Cobra-Driver/workspace/install/rosapi_msgs/share/rosapi_msgs/srv/Subscribers_Request.msg
[3.005s] -- Up-to-date: /home/sbel/Desktop/Cobra-Driver/workspace/install/rosapi_msgs/share/rosapi_msgs/srv/Subscribers_Response.msg
[3.012s] -- Up-to-date: /home/sbel/Desktop/Cobra-Driver/workspace/install/rosapi_msgs/share/rosapi_msgs/srv/Topics.srv
[3.013s] -- Up-to-date: /home/sbel/Desktop/Cobra-Driver/workspace/install/rosapi_msgs/share/rosapi_msgs/srv/Topics_Request.msg
[3.014s] -- Up-to-date: /home/sbel/Desktop/Cobra-Driver/workspace/install/rosapi_msgs/share/rosapi_msgs/srv/Topics_Response.msg
[3.014s] -- Up-to-date: /home/sbel/Desktop/Cobra-Driver/workspace/install/rosapi_msgs/share/rosapi_msgs/srv/TopicsAndRawTypes.srv
[3.014s] -- Up-to-date: /home/sbel/Desktop/Cobra-Driver/workspace/install/rosapi_msgs/share/rosapi_msgs/srv/TopicsAndRawTypes_Request.msg
[3.014s] -- Up-to-date: /home/sbel/Desktop/Cobra-Driver/workspace/install/rosapi_msgs/share/rosapi_msgs/srv/TopicsAndRawTypes_Response.msg
[3.015s] -- Up-to-date: /home/sbel/Desktop/Cobra-Driver/workspace/install/rosapi_msgs/share/rosapi_msgs/srv/TopicsForType.srv
[3.015s] -- Up-to-date: /home/sbel/Desktop/Cobra-Driver/workspace/install/rosapi_msgs/share/rosapi_msgs/srv/TopicsForType_Request.msg
[3.015s] -- Up-to-date: /home/sbel/Desktop/Cobra-Driver/workspace/install/rosapi_msgs/share/rosapi_msgs/srv/TopicsForType_Response.msg
[3.015s] -- Up-to-date: /home/sbel/Desktop/Cobra-Driver/workspace/install/rosapi_msgs/share/rosapi_msgs/srv/TopicType.srv
[3.015s] -- Up-to-date: /home/sbel/Desktop/Cobra-Driver/workspace/install/rosapi_msgs/share/rosapi_msgs/srv/TopicType_Request.msg
[3.016s] -- Up-to-date: /home/sbel/Desktop/Cobra-Driver/workspace/install/rosapi_msgs/share/rosapi_msgs/srv/TopicType_Response.msg
[3.016s] -- Up-to-date: /home/sbel/Desktop/Cobra-Driver/workspace/install/rosapi_msgs/share/ament_index/resource_index/package_run_dependencies/rosapi_msgs
[3.016s] -- Up-to-date: /home/sbel/Desktop/Cobra-Driver/workspace/install/rosapi_msgs/share/ament_index/resource_index/parent_prefix_path/rosapi_msgs
[3.016s] -- Up-to-date: /home/sbel/Desktop/Cobra-Driver/workspace/install/rosapi_msgs/share/rosapi_msgs/environment/ament_prefix_path.sh
[3.017s] -- Up-to-date: /home/sbel/Desktop/Cobra-Driver/workspace/install/rosapi_msgs/share/rosapi_msgs/environment/ament_prefix_path.dsv
[3.017s] -- Up-to-date: /home/sbel/Desktop/Cobra-Driver/workspace/install/rosapi_msgs/share/rosapi_msgs/environment/path.sh
[3.017s] -- Up-to-date: /home/sbel/Desktop/Cobra-Driver/workspace/install/rosapi_msgs/share/rosapi_msgs/environment/path.dsv
[3.017s] -- Up-to-date: /home/sbel/Desktop/Cobra-Driver/workspace/install/rosapi_msgs/share/rosapi_msgs/local_setup.bash
[3.017s] -- Up-to-date: /home/sbel/Desktop/Cobra-Driver/workspace/install/rosapi_msgs/share/rosapi_msgs/local_setup.sh
[3.017s] -- Up-to-date: /home/sbel/Desktop/Cobra-Driver/workspace/install/rosapi_msgs/share/rosapi_msgs/local_setup.zsh
[3.018s] -- Up-to-date: /home/sbel/Desktop/Cobra-Driver/workspace/install/rosapi_msgs/share/rosapi_msgs/local_setup.dsv
[3.018s] -- Installing: /home/sbel/Desktop/Cobra-Driver/workspace/install/rosapi_msgs/share/rosapi_msgs/package.dsv
[3.018s] -- Up-to-date: /home/sbel/Desktop/Cobra-Driver/workspace/install/rosapi_msgs/share/ament_index/resource_index/packages/rosapi_msgs
[3.018s] -- Up-to-date: /home/sbel/Desktop/Cobra-Driver/workspace/install/rosapi_msgs/share/rosapi_msgs/cmake/rosapi_msgs__rosidl_generator_cExport.cmake
[3.018s] -- Up-to-date: /home/sbel/Desktop/Cobra-Driver/workspace/install/rosapi_msgs/share/rosapi_msgs/cmake/rosapi_msgs__rosidl_generator_cExport-noconfig.cmake
[3.018s] -- Up-to-date: /home/sbel/Desktop/Cobra-Driver/workspace/install/rosapi_msgs/share/rosapi_msgs/cmake/rosapi_msgs__rosidl_typesupport_introspection_cExport.cmake
[3.019s] -- Up-to-date: /home/sbel/Desktop/Cobra-Driver/workspace/install/rosapi_msgs/share/rosapi_msgs/cmake/rosapi_msgs__rosidl_typesupport_introspection_cExport-noconfig.cmake
[3.019s] -- Up-to-date: /home/sbel/Desktop/Cobra-Driver/workspace/install/rosapi_msgs/share/rosapi_msgs/cmake/rosapi_msgs__rosidl_typesupport_cExport.cmake
[3.019s] -- Up-to-date: /home/sbel/Desktop/Cobra-Driver/workspace/install/rosapi_msgs/share/rosapi_msgs/cmake/rosapi_msgs__rosidl_typesupport_cExport-noconfig.cmake
[3.019s] -- Up-to-date: /home/sbel/Desktop/Cobra-Driver/workspace/install/rosapi_msgs/share/rosapi_msgs/cmake/rosapi_msgs__rosidl_generator_cppExport.cmake
[3.019s] -- Up-to-date: /home/sbel/Desktop/Cobra-Driver/workspace/install/rosapi_msgs/share/rosapi_msgs/cmake/rosapi_msgs__rosidl_typesupport_introspection_cppExport.cmake
[3.020s] -- Up-to-date: /home/sbel/Desktop/Cobra-Driver/workspace/install/rosapi_msgs/share/rosapi_msgs/cmake/rosapi_msgs__rosidl_typesupport_introspection_cppExport-noconfig.cmake
[3.020s] -- Up-to-date: /home/sbel/Desktop/Cobra-Driver/workspace/install/rosapi_msgs/share/rosapi_msgs/cmake/rosapi_msgs__rosidl_typesupport_cppExport.cmake
[3.020s] -- Up-to-date: /home/sbel/Desktop/Cobra-Driver/workspace/install/rosapi_msgs/share/rosapi_msgs/cmake/rosapi_msgs__rosidl_typesupport_cppExport-noconfig.cmake
[3.020s] -- Up-to-date: /home/sbel/Desktop/Cobra-Driver/workspace/install/rosapi_msgs/share/rosapi_msgs/cmake/rosidl_cmake-extras.cmake
[3.020s] -- Up-to-date: /home/sbel/Desktop/Cobra-Driver/workspace/install/rosapi_msgs/share/rosapi_msgs/cmake/ament_cmake_export_dependencies-extras.cmake
[3.020s] -- Up-to-date: /home/sbel/Desktop/Cobra-Driver/workspace/install/rosapi_msgs/share/rosapi_msgs/cmake/ament_cmake_export_libraries-extras.cmake
[3.021s] -- Up-to-date: /home/sbel/Desktop/Cobra-Driver/workspace/install/rosapi_msgs/share/rosapi_msgs/cmake/ament_cmake_export_targets-extras.cmake
[3.021s] -- Up-to-date: /home/sbel/Desktop/Cobra-Driver/workspace/install/rosapi_msgs/share/rosapi_msgs/cmake/ament_cmake_export_include_directories-extras.cmake
[3.021s] -- Up-to-date: /home/sbel/Desktop/Cobra-Driver/workspace/install/rosapi_msgs/share/rosapi_msgs/cmake/rosidl_cmake_export_typesupport_libraries-extras.cmake
[3.021s] -- Up-to-date: /home/sbel/Desktop/Cobra-Driver/workspace/install/rosapi_msgs/share/rosapi_msgs/cmake/rosidl_cmake_export_typesupport_targets-extras.cmake
[3.021s] -- Up-to-date: /home/sbel/Desktop/Cobra-Driver/workspace/install/rosapi_msgs/share/rosapi_msgs/cmake/rosapi_msgsConfig.cmake
[3.021s] -- Up-to-date: /home/sbel/Desktop/Cobra-Driver/workspace/install/rosapi_msgs/share/rosapi_msgs/cmake/rosapi_msgsConfig-version.cmake
[3.022s] -- Up-to-date: /home/sbel/Desktop/Cobra-Driver/workspace/install/rosapi_msgs/share/rosapi_msgs/package.xml
[3.022s] Invoked command in '/home/sbel/Desktop/Cobra-Driver/workspace/build/rosapi_msgs' returned '0': CMAKE_PREFIX_PATH=${CMAKE_PREFIX_PATH}:/home/sbel/Desktop/Cobra-Driver/workspace/install/yolov5_ros2:/home/sbel/Desktop/Cobra-Driver/workspace/install/udp_to_ros:/home/sbel/Desktop/Cobra-Driver/workspace/install/common:/opt/ros/foxy /usr/bin/cmake --install /home/sbel/Desktop/Cobra-Driver/workspace/build/rosapi_msgs
