running egg_info
writing ../../build/udp_float_receiver/udp_float_receiver.egg-info/PKG-INFO
writing dependency_links to ../../build/udp_float_receiver/udp_float_receiver.egg-info/dependency_links.txt
writing entry points to ../../build/udp_float_receiver/udp_float_receiver.egg-info/entry_points.txt
writing requirements to ../../build/udp_float_receiver/udp_float_receiver.egg-info/requires.txt
writing top-level names to ../../build/udp_float_receiver/udp_float_receiver.egg-info/top_level.txt
reading manifest file '../../build/udp_float_receiver/udp_float_receiver.egg-info/SOURCES.txt'
writing manifest file '../../build/udp_float_receiver/udp_float_receiver.egg-info/SOURCES.txt'
running build
running build_py
running install
/usr/lib/python3/dist-packages/setuptools/command/install.py:34: SetuptoolsDeprecationWarning: setup.py install is deprecated. Use build and pip and other standards-based tools.
  warnings.warn(
running install_lib
running install_data
copying package.xml -> /home/jason/Desktop/STUDY/Cobra-Driver/workspace/install/udp_float_receiver/share/udp_float_receiver
running install_egg_info
removing '/home/jason/Desktop/STUDY/Cobra-Driver/workspace/install/udp_float_receiver/lib/python3.10/site-packages/udp_float_receiver-0.0.0-py3.10.egg-info' (and everything under it)
Copying ../../build/udp_float_receiver/udp_float_receiver.egg-info to /home/jason/Desktop/STUDY/Cobra-Driver/workspace/install/udp_float_receiver/lib/python3.10/site-packages/udp_float_receiver-0.0.0-py3.10.egg-info
running install_scripts
Installing receiver script to /home/jason/Desktop/STUDY/Cobra-Driver/workspace/install/udp_float_receiver/lib/udp_float_receiver
writing list of installed files to '/home/jason/Desktop/STUDY/Cobra-Driver/workspace/build/udp_float_receiver/install.log'
