[0.550s] DEBUG:colcon:Command line arguments: ['/usr/bin/colcon', 'build']
[0.551s] DEBUG:colcon:Parsed command line arguments: Namespace(allow_overriding=[], ament_cmake_args=None, base_paths=['.'], build_base='build', catkin_cmake_args=None, catkin_skip_building_tests=False, cmake_args=None, cmake_clean_cache=False, cmake_clean_first=False, cmake_force_configure=False, cmake_target=None, cmake_target_skip_unavailable=False, continue_on_error=False, event_handlers=None, executor='parallel', ignore_user_meta=False, install_base='install', log_base=None, log_level=None, main=<bound method BuildVerb.main of <colcon_core.verb.build.BuildVerb object at 0xffff88a81b20>>, merge_install=False, metas=['./colcon.meta'], packages_above=None, packages_above_and_dependencies=None, packages_above_depth=None, packages_end=None, packages_ignore=None, packages_ignore_regex=None, packages_select=None, packages_select_build_failed=False, packages_select_by_dep=None, packages_select_regex=None, packages_select_test_failures=False, packages_skip=None, packages_skip_build_finished=False, packages_skip_by_dep=None, packages_skip_regex=None, packages_skip_test_passed=False, packages_skip_up_to=None, packages_start=None, packages_up_to=None, packages_up_to_regex=None, parallel_workers=8, paths=None, symlink_install=False, test_result_base=None, verb_extension=<colcon_core.verb.build.BuildVerb object at 0xffff88a81b20>, verb_name='build', verb_parser=<colcon_defaults.argument_parser.defaults.DefaultArgumentsDecorator object at 0xffff88980ee0>)
[0.633s] Level 1:colcon.colcon_core.package_discovery:discover_packages(colcon_meta) check parameters
[0.633s] Level 1:colcon.colcon_core.package_discovery:discover_packages(recursive) check parameters
[0.633s] Level 1:colcon.colcon_core.package_discovery:discover_packages(ignore) check parameters
[0.633s] Level 1:colcon.colcon_core.package_discovery:discover_packages(path) check parameters
[0.633s] Level 1:colcon.colcon_core.package_discovery:discover_packages(colcon_meta) discover
[0.634s] Level 1:colcon.colcon_core.package_discovery:discover_packages(recursive) discover
[0.634s] INFO:colcon.colcon_core.package_discovery:Crawling recursively for packages in '/home/sbel/Desktop/Cobra-Driver/workspace'
[0.634s] Level 1:colcon.colcon_core.package_identification:_identify(.) by extensions ['ignore', 'ignore_ament_install']
[0.634s] Level 1:colcon.colcon_core.package_identification:_identify(.) by extension 'ignore'
[0.634s] Level 1:colcon.colcon_core.package_identification:_identify(.) by extension 'ignore_ament_install'
[0.635s] Level 1:colcon.colcon_core.package_identification:_identify(.) by extensions ['colcon_pkg']
[0.635s] Level 1:colcon.colcon_core.package_identification:_identify(.) by extension 'colcon_pkg'
[0.635s] Level 1:colcon.colcon_core.package_identification:_identify(.) by extensions ['colcon_meta']
[0.635s] Level 1:colcon.colcon_core.package_identification:_identify(.) by extension 'colcon_meta'
[0.635s] Level 1:colcon.colcon_core.package_identification:_identify(.) by extensions ['ros']
[0.635s] Level 1:colcon.colcon_core.package_identification:_identify(.) by extension 'ros'
[0.664s] Level 1:colcon.colcon_core.package_identification:_identify(.) by extensions ['cmake', 'python']
[0.664s] Level 1:colcon.colcon_core.package_identification:_identify(.) by extension 'cmake'
[0.664s] Level 1:colcon.colcon_core.package_identification:_identify(.) by extension 'python'
[0.664s] Level 1:colcon.colcon_core.package_identification:_identify(.) by extensions ['python_setup_py']
[0.664s] Level 1:colcon.colcon_core.package_identification:_identify(.) by extension 'python_setup_py'
[0.665s] Level 1:colcon.colcon_core.package_identification:_identify(build) by extensions ['ignore', 'ignore_ament_install']
[0.665s] Level 1:colcon.colcon_core.package_identification:_identify(build) by extension 'ignore'
[0.665s] Level 1:colcon.colcon_core.package_identification:_identify(build) ignored
[0.665s] Level 1:colcon.colcon_core.package_identification:_identify(install) by extensions ['ignore', 'ignore_ament_install']
[0.665s] Level 1:colcon.colcon_core.package_identification:_identify(install) by extension 'ignore'
[0.665s] Level 1:colcon.colcon_core.package_identification:_identify(install) ignored
[0.666s] Level 1:colcon.colcon_core.package_identification:_identify(log) by extensions ['ignore', 'ignore_ament_install']
[0.666s] Level 1:colcon.colcon_core.package_identification:_identify(log) by extension 'ignore'
[0.666s] Level 1:colcon.colcon_core.package_identification:_identify(log) ignored
[0.666s] Level 1:colcon.colcon_core.package_identification:_identify(src) by extensions ['ignore', 'ignore_ament_install']
[0.666s] Level 1:colcon.colcon_core.package_identification:_identify(src) by extension 'ignore'
[0.666s] Level 1:colcon.colcon_core.package_identification:_identify(src) by extension 'ignore_ament_install'
[0.667s] Level 1:colcon.colcon_core.package_identification:_identify(src) by extensions ['colcon_pkg']
[0.667s] Level 1:colcon.colcon_core.package_identification:_identify(src) by extension 'colcon_pkg'
[0.667s] Level 1:colcon.colcon_core.package_identification:_identify(src) by extensions ['colcon_meta']
[0.667s] Level 1:colcon.colcon_core.package_identification:_identify(src) by extension 'colcon_meta'
[0.667s] Level 1:colcon.colcon_core.package_identification:_identify(src) by extensions ['ros']
[0.667s] Level 1:colcon.colcon_core.package_identification:_identify(src) by extension 'ros'
[0.667s] Level 1:colcon.colcon_core.package_identification:_identify(src) by extensions ['cmake', 'python']
[0.667s] Level 1:colcon.colcon_core.package_identification:_identify(src) by extension 'cmake'
[0.667s] Level 1:colcon.colcon_core.package_identification:_identify(src) by extension 'python'
[0.667s] Level 1:colcon.colcon_core.package_identification:_identify(src) by extensions ['python_setup_py']
[0.667s] Level 1:colcon.colcon_core.package_identification:_identify(src) by extension 'python_setup_py'
[0.668s] Level 1:colcon.colcon_core.package_identification:_identify(src/common) by extensions ['ignore', 'ignore_ament_install']
[0.668s] Level 1:colcon.colcon_core.package_identification:_identify(src/common) by extension 'ignore'
[0.668s] Level 1:colcon.colcon_core.package_identification:_identify(src/common) by extension 'ignore_ament_install'
[0.668s] Level 1:colcon.colcon_core.package_identification:_identify(src/common) by extensions ['colcon_pkg']
[0.668s] Level 1:colcon.colcon_core.package_identification:_identify(src/common) by extension 'colcon_pkg'
[0.668s] Level 1:colcon.colcon_core.package_identification:_identify(src/common) by extensions ['colcon_meta']
[0.668s] Level 1:colcon.colcon_core.package_identification:_identify(src/common) by extension 'colcon_meta'
[0.668s] Level 1:colcon.colcon_core.package_identification:_identify(src/common) by extensions ['ros']
[0.668s] Level 1:colcon.colcon_core.package_identification:_identify(src/common) by extension 'ros'
[0.673s] DEBUG:colcon.colcon_core.package_identification:Package 'src/common' with type 'ros.ament_python' and name 'common'
[0.673s] Level 1:colcon.colcon_core.package_identification:_identify(src/rosbridge_suite) by extensions ['ignore', 'ignore_ament_install']
[0.674s] Level 1:colcon.colcon_core.package_identification:_identify(src/rosbridge_suite) by extension 'ignore'
[0.674s] Level 1:colcon.colcon_core.package_identification:_identify(src/rosbridge_suite) by extension 'ignore_ament_install'
[0.674s] Level 1:colcon.colcon_core.package_identification:_identify(src/rosbridge_suite) by extensions ['colcon_pkg']
[0.674s] Level 1:colcon.colcon_core.package_identification:_identify(src/rosbridge_suite) by extension 'colcon_pkg'
[0.674s] Level 1:colcon.colcon_core.package_identification:_identify(src/rosbridge_suite) by extensions ['colcon_meta']
[0.674s] Level 1:colcon.colcon_core.package_identification:_identify(src/rosbridge_suite) by extension 'colcon_meta'
[0.674s] Level 1:colcon.colcon_core.package_identification:_identify(src/rosbridge_suite) by extensions ['ros']
[0.674s] Level 1:colcon.colcon_core.package_identification:_identify(src/rosbridge_suite) by extension 'ros'
[0.675s] Level 1:colcon.colcon_core.package_identification:_identify(src/rosbridge_suite) by extensions ['cmake', 'python']
[0.675s] Level 1:colcon.colcon_core.package_identification:_identify(src/rosbridge_suite) by extension 'cmake'
[0.675s] Level 1:colcon.colcon_core.package_identification:_identify(src/rosbridge_suite) by extension 'python'
[0.675s] Level 1:colcon.colcon_core.package_identification:_identify(src/rosbridge_suite) by extensions ['python_setup_py']
[0.675s] Level 1:colcon.colcon_core.package_identification:_identify(src/rosbridge_suite) by extension 'python_setup_py'
[0.675s] Level 1:colcon.colcon_core.package_identification:_identify(src/tcp_cam_sender) by extensions ['ignore', 'ignore_ament_install']
[0.675s] Level 1:colcon.colcon_core.package_identification:_identify(src/tcp_cam_sender) by extension 'ignore'
[0.675s] Level 1:colcon.colcon_core.package_identification:_identify(src/tcp_cam_sender) by extension 'ignore_ament_install'
[0.675s] Level 1:colcon.colcon_core.package_identification:_identify(src/tcp_cam_sender) by extensions ['colcon_pkg']
[0.676s] Level 1:colcon.colcon_core.package_identification:_identify(src/tcp_cam_sender) by extension 'colcon_pkg'
[0.676s] Level 1:colcon.colcon_core.package_identification:_identify(src/tcp_cam_sender) by extensions ['colcon_meta']
[0.676s] Level 1:colcon.colcon_core.package_identification:_identify(src/tcp_cam_sender) by extension 'colcon_meta'
[0.676s] Level 1:colcon.colcon_core.package_identification:_identify(src/tcp_cam_sender) by extensions ['ros']
[0.676s] Level 1:colcon.colcon_core.package_identification:_identify(src/tcp_cam_sender) by extension 'ros'
[0.677s] DEBUG:colcon.colcon_core.package_identification:Package 'src/tcp_cam_sender' with type 'ros.ament_python' and name 'tcp_cam_sender'
[0.677s] Level 1:colcon.colcon_core.package_identification:_identify(src/udp_to_ros) by extensions ['ignore', 'ignore_ament_install']
[0.677s] Level 1:colcon.colcon_core.package_identification:_identify(src/udp_to_ros) by extension 'ignore'
[0.678s] Level 1:colcon.colcon_core.package_identification:_identify(src/udp_to_ros) by extension 'ignore_ament_install'
[0.678s] Level 1:colcon.colcon_core.package_identification:_identify(src/udp_to_ros) by extensions ['colcon_pkg']
[0.678s] Level 1:colcon.colcon_core.package_identification:_identify(src/udp_to_ros) by extension 'colcon_pkg'
[0.678s] Level 1:colcon.colcon_core.package_identification:_identify(src/udp_to_ros) by extensions ['colcon_meta']
[0.678s] Level 1:colcon.colcon_core.package_identification:_identify(src/udp_to_ros) by extension 'colcon_meta'
[0.678s] Level 1:colcon.colcon_core.package_identification:_identify(src/udp_to_ros) by extensions ['ros']
[0.678s] Level 1:colcon.colcon_core.package_identification:_identify(src/udp_to_ros) by extension 'ros'
[0.679s] DEBUG:colcon.colcon_core.package_identification:Package 'src/udp_to_ros' with type 'ros.ament_python' and name 'udp_to_ros'
[0.679s] Level 1:colcon.colcon_core.package_identification:_identify(src/usb_cam) by extensions ['ignore', 'ignore_ament_install']
[0.679s] Level 1:colcon.colcon_core.package_identification:_identify(src/usb_cam) by extension 'ignore'
[0.680s] Level 1:colcon.colcon_core.package_identification:_identify(src/usb_cam) by extension 'ignore_ament_install'
[0.680s] Level 1:colcon.colcon_core.package_identification:_identify(src/usb_cam) by extensions ['colcon_pkg']
[0.680s] Level 1:colcon.colcon_core.package_identification:_identify(src/usb_cam) by extension 'colcon_pkg'
[0.680s] Level 1:colcon.colcon_core.package_identification:_identify(src/usb_cam) by extensions ['colcon_meta']
[0.680s] Level 1:colcon.colcon_core.package_identification:_identify(src/usb_cam) by extension 'colcon_meta'
[0.680s] Level 1:colcon.colcon_core.package_identification:_identify(src/usb_cam) by extensions ['ros']
[0.680s] Level 1:colcon.colcon_core.package_identification:_identify(src/usb_cam) by extension 'ros'
[0.683s] DEBUG:colcon.colcon_core.package_identification:Package 'src/usb_cam' with type 'ros.ament_cmake' and name 'usb_cam'
[0.683s] Level 1:colcon.colcon_core.package_identification:_identify(src/yolov5_ros2) by extensions ['ignore', 'ignore_ament_install']
[0.683s] Level 1:colcon.colcon_core.package_identification:_identify(src/yolov5_ros2) by extension 'ignore'
[0.683s] Level 1:colcon.colcon_core.package_identification:_identify(src/yolov5_ros2) by extension 'ignore_ament_install'
[0.683s] Level 1:colcon.colcon_core.package_identification:_identify(src/yolov5_ros2) by extensions ['colcon_pkg']
[0.683s] Level 1:colcon.colcon_core.package_identification:_identify(src/yolov5_ros2) by extension 'colcon_pkg'
[0.683s] Level 1:colcon.colcon_core.package_identification:_identify(src/yolov5_ros2) by extensions ['colcon_meta']
[0.683s] Level 1:colcon.colcon_core.package_identification:_identify(src/yolov5_ros2) by extension 'colcon_meta'
[0.684s] Level 1:colcon.colcon_core.package_identification:_identify(src/yolov5_ros2) by extensions ['ros']
[0.684s] Level 1:colcon.colcon_core.package_identification:_identify(src/yolov5_ros2) by extension 'ros'
[0.685s] DEBUG:colcon.colcon_core.package_identification:Package 'src/yolov5_ros2' with type 'ros.ament_python' and name 'yolov5_ros2'
[0.685s] Level 1:colcon.colcon_core.package_discovery:discover_packages(recursive) using defaults
[0.685s] Level 1:colcon.colcon_core.package_discovery:discover_packages(ignore) discover
[0.685s] Level 1:colcon.colcon_core.package_discovery:discover_packages(ignore) using defaults
[0.685s] Level 1:colcon.colcon_core.package_discovery:discover_packages(path) discover
[0.685s] Level 1:colcon.colcon_core.package_discovery:discover_packages(path) using defaults
[0.734s] Level 1:colcon.colcon_core.package_discovery:discover_packages(prefix_path) check parameters
[0.734s] Level 1:colcon.colcon_core.package_discovery:discover_packages(prefix_path) discover
[0.740s] DEBUG:colcon.colcon_installed_package_information.package_discovery:Found 266 installed packages in /opt/ros/foxy
[0.743s] Level 1:colcon.colcon_core.package_discovery:discover_packages(prefix_path) using defaults
[0.827s] Level 5:colcon.colcon_core.verb:set package 'common' build argument 'cmake_args' from command line to 'None'
[0.827s] Level 5:colcon.colcon_core.verb:set package 'common' build argument 'cmake_target' from command line to 'None'
[0.827s] Level 5:colcon.colcon_core.verb:set package 'common' build argument 'cmake_target_skip_unavailable' from command line to 'False'
[0.827s] Level 5:colcon.colcon_core.verb:set package 'common' build argument 'cmake_clean_cache' from command line to 'False'
[0.827s] Level 5:colcon.colcon_core.verb:set package 'common' build argument 'cmake_clean_first' from command line to 'False'
[0.827s] Level 5:colcon.colcon_core.verb:set package 'common' build argument 'cmake_force_configure' from command line to 'False'
[0.827s] Level 5:colcon.colcon_core.verb:set package 'common' build argument 'ament_cmake_args' from command line to 'None'
[0.827s] Level 5:colcon.colcon_core.verb:set package 'common' build argument 'catkin_cmake_args' from command line to 'None'
[0.827s] Level 5:colcon.colcon_core.verb:set package 'common' build argument 'catkin_skip_building_tests' from command line to 'False'
[0.827s] DEBUG:colcon.colcon_core.verb:Building package 'common' with the following arguments: {'ament_cmake_args': None, 'build_base': '/home/sbel/Desktop/Cobra-Driver/workspace/build/common', 'catkin_cmake_args': None, 'catkin_skip_building_tests': False, 'cmake_args': None, 'cmake_clean_cache': False, 'cmake_clean_first': False, 'cmake_force_configure': False, 'cmake_target': None, 'cmake_target_skip_unavailable': False, 'install_base': '/home/sbel/Desktop/Cobra-Driver/workspace/install/common', 'merge_install': False, 'path': '/home/sbel/Desktop/Cobra-Driver/workspace/src/common', 'symlink_install': False, 'test_result_base': None}
[0.829s] Level 5:colcon.colcon_core.verb:set package 'tcp_cam_sender' build argument 'cmake_args' from command line to 'None'
[0.829s] Level 5:colcon.colcon_core.verb:set package 'tcp_cam_sender' build argument 'cmake_target' from command line to 'None'
[0.829s] Level 5:colcon.colcon_core.verb:set package 'tcp_cam_sender' build argument 'cmake_target_skip_unavailable' from command line to 'False'
[0.830s] Level 5:colcon.colcon_core.verb:set package 'tcp_cam_sender' build argument 'cmake_clean_cache' from command line to 'False'
[0.830s] Level 5:colcon.colcon_core.verb:set package 'tcp_cam_sender' build argument 'cmake_clean_first' from command line to 'False'
[0.830s] Level 5:colcon.colcon_core.verb:set package 'tcp_cam_sender' build argument 'cmake_force_configure' from command line to 'False'
[0.830s] Level 5:colcon.colcon_core.verb:set package 'tcp_cam_sender' build argument 'ament_cmake_args' from command line to 'None'
[0.830s] Level 5:colcon.colcon_core.verb:set package 'tcp_cam_sender' build argument 'catkin_cmake_args' from command line to 'None'
[0.830s] Level 5:colcon.colcon_core.verb:set package 'tcp_cam_sender' build argument 'catkin_skip_building_tests' from command line to 'False'
[0.830s] DEBUG:colcon.colcon_core.verb:Building package 'tcp_cam_sender' with the following arguments: {'ament_cmake_args': None, 'build_base': '/home/sbel/Desktop/Cobra-Driver/workspace/build/tcp_cam_sender', 'catkin_cmake_args': None, 'catkin_skip_building_tests': False, 'cmake_args': None, 'cmake_clean_cache': False, 'cmake_clean_first': False, 'cmake_force_configure': False, 'cmake_target': None, 'cmake_target_skip_unavailable': False, 'install_base': '/home/sbel/Desktop/Cobra-Driver/workspace/install/tcp_cam_sender', 'merge_install': False, 'path': '/home/sbel/Desktop/Cobra-Driver/workspace/src/tcp_cam_sender', 'symlink_install': False, 'test_result_base': None}
[0.832s] Level 5:colcon.colcon_core.verb:set package 'udp_to_ros' build argument 'cmake_args' from command line to 'None'
[0.832s] Level 5:colcon.colcon_core.verb:set package 'udp_to_ros' build argument 'cmake_target' from command line to 'None'
[0.832s] Level 5:colcon.colcon_core.verb:set package 'udp_to_ros' build argument 'cmake_target_skip_unavailable' from command line to 'False'
[0.832s] Level 5:colcon.colcon_core.verb:set package 'udp_to_ros' build argument 'cmake_clean_cache' from command line to 'False'
[0.832s] Level 5:colcon.colcon_core.verb:set package 'udp_to_ros' build argument 'cmake_clean_first' from command line to 'False'
[0.832s] Level 5:colcon.colcon_core.verb:set package 'udp_to_ros' build argument 'cmake_force_configure' from command line to 'False'
[0.832s] Level 5:colcon.colcon_core.verb:set package 'udp_to_ros' build argument 'ament_cmake_args' from command line to 'None'
[0.832s] Level 5:colcon.colcon_core.verb:set package 'udp_to_ros' build argument 'catkin_cmake_args' from command line to 'None'
[0.832s] Level 5:colcon.colcon_core.verb:set package 'udp_to_ros' build argument 'catkin_skip_building_tests' from command line to 'False'
[0.832s] DEBUG:colcon.colcon_core.verb:Building package 'udp_to_ros' with the following arguments: {'ament_cmake_args': None, 'build_base': '/home/sbel/Desktop/Cobra-Driver/workspace/build/udp_to_ros', 'catkin_cmake_args': None, 'catkin_skip_building_tests': False, 'cmake_args': None, 'cmake_clean_cache': False, 'cmake_clean_first': False, 'cmake_force_configure': False, 'cmake_target': None, 'cmake_target_skip_unavailable': False, 'install_base': '/home/sbel/Desktop/Cobra-Driver/workspace/install/udp_to_ros', 'merge_install': False, 'path': '/home/sbel/Desktop/Cobra-Driver/workspace/src/udp_to_ros', 'symlink_install': False, 'test_result_base': None}
[0.834s] Level 5:colcon.colcon_core.verb:set package 'usb_cam' build argument 'cmake_args' from command line to 'None'
[0.834s] Level 5:colcon.colcon_core.verb:set package 'usb_cam' build argument 'cmake_target' from command line to 'None'
[0.834s] Level 5:colcon.colcon_core.verb:set package 'usb_cam' build argument 'cmake_target_skip_unavailable' from command line to 'False'
[0.834s] Level 5:colcon.colcon_core.verb:set package 'usb_cam' build argument 'cmake_clean_cache' from command line to 'False'
[0.834s] Level 5:colcon.colcon_core.verb:set package 'usb_cam' build argument 'cmake_clean_first' from command line to 'False'
[0.834s] Level 5:colcon.colcon_core.verb:set package 'usb_cam' build argument 'cmake_force_configure' from command line to 'False'
[0.834s] Level 5:colcon.colcon_core.verb:set package 'usb_cam' build argument 'ament_cmake_args' from command line to 'None'
[0.834s] Level 5:colcon.colcon_core.verb:set package 'usb_cam' build argument 'catkin_cmake_args' from command line to 'None'
[0.834s] Level 5:colcon.colcon_core.verb:set package 'usb_cam' build argument 'catkin_skip_building_tests' from command line to 'False'
[0.834s] DEBUG:colcon.colcon_core.verb:Building package 'usb_cam' with the following arguments: {'ament_cmake_args': None, 'build_base': '/home/sbel/Desktop/Cobra-Driver/workspace/build/usb_cam', 'catkin_cmake_args': None, 'catkin_skip_building_tests': False, 'cmake_args': None, 'cmake_clean_cache': False, 'cmake_clean_first': False, 'cmake_force_configure': False, 'cmake_target': None, 'cmake_target_skip_unavailable': False, 'install_base': '/home/sbel/Desktop/Cobra-Driver/workspace/install/usb_cam', 'merge_install': False, 'path': '/home/sbel/Desktop/Cobra-Driver/workspace/src/usb_cam', 'symlink_install': False, 'test_result_base': None}
[0.836s] Level 5:colcon.colcon_core.verb:set package 'yolov5_ros2' build argument 'cmake_args' from command line to 'None'
[0.836s] Level 5:colcon.colcon_core.verb:set package 'yolov5_ros2' build argument 'cmake_target' from command line to 'None'
[0.836s] Level 5:colcon.colcon_core.verb:set package 'yolov5_ros2' build argument 'cmake_target_skip_unavailable' from command line to 'False'
[0.836s] Level 5:colcon.colcon_core.verb:set package 'yolov5_ros2' build argument 'cmake_clean_cache' from command line to 'False'
[0.836s] Level 5:colcon.colcon_core.verb:set package 'yolov5_ros2' build argument 'cmake_clean_first' from command line to 'False'
[0.836s] Level 5:colcon.colcon_core.verb:set package 'yolov5_ros2' build argument 'cmake_force_configure' from command line to 'False'
[0.836s] Level 5:colcon.colcon_core.verb:set package 'yolov5_ros2' build argument 'ament_cmake_args' from command line to 'None'
[0.836s] Level 5:colcon.colcon_core.verb:set package 'yolov5_ros2' build argument 'catkin_cmake_args' from command line to 'None'
[0.836s] Level 5:colcon.colcon_core.verb:set package 'yolov5_ros2' build argument 'catkin_skip_building_tests' from command line to 'False'
[0.837s] DEBUG:colcon.colcon_core.verb:Building package 'yolov5_ros2' with the following arguments: {'ament_cmake_args': None, 'build_base': '/home/sbel/Desktop/Cobra-Driver/workspace/build/yolov5_ros2', 'catkin_cmake_args': None, 'catkin_skip_building_tests': False, 'cmake_args': None, 'cmake_clean_cache': False, 'cmake_clean_first': False, 'cmake_force_configure': False, 'cmake_target': None, 'cmake_target_skip_unavailable': False, 'install_base': '/home/sbel/Desktop/Cobra-Driver/workspace/install/yolov5_ros2', 'merge_install': False, 'path': '/home/sbel/Desktop/Cobra-Driver/workspace/src/yolov5_ros2', 'symlink_install': False, 'test_result_base': None}
[0.838s] INFO:colcon.colcon_core.executor:Executing jobs using 'parallel' executor
[0.894s] DEBUG:colcon.colcon_parallel_executor.executor.parallel:run_until_complete
[0.895s] INFO:colcon.colcon_ros.task.ament_python.build:Building ROS package in '/home/sbel/Desktop/Cobra-Driver/workspace/src/common' with build type 'ament_python'
[0.895s] Level 1:colcon.colcon_core.shell:create_environment_hook('common', 'ament_prefix_path')
[0.903s] INFO:colcon.colcon_core.plugin_system:Skipping extension 'colcon_core.shell.bat': Not used on non-Windows systems
[0.904s] INFO:colcon.colcon_core.shell:Creating environment hook '/home/sbel/Desktop/Cobra-Driver/workspace/install/common/share/common/hook/ament_prefix_path.ps1'
[0.905s] INFO:colcon.colcon_core.shell:Creating environment descriptor '/home/sbel/Desktop/Cobra-Driver/workspace/install/common/share/common/hook/ament_prefix_path.dsv'
[0.909s] INFO:colcon.colcon_core.shell:Creating environment hook '/home/sbel/Desktop/Cobra-Driver/workspace/install/common/share/common/hook/ament_prefix_path.sh'
[0.915s] INFO:colcon.colcon_core.shell:Skip shell extension 'powershell' for command environment: Not usable outside of PowerShell
[0.915s] DEBUG:colcon.colcon_core.shell:Skip shell extension 'dsv' for command environment
[0.928s] INFO:colcon.colcon_ros.task.ament_python.build:Building ROS package in '/home/sbel/Desktop/Cobra-Driver/workspace/src/tcp_cam_sender' with build type 'ament_python'
[0.929s] Level 1:colcon.colcon_core.shell:create_environment_hook('tcp_cam_sender', 'ament_prefix_path')
[0.933s] INFO:colcon.colcon_core.shell:Creating environment hook '/home/sbel/Desktop/Cobra-Driver/workspace/install/tcp_cam_sender/share/tcp_cam_sender/hook/ament_prefix_path.ps1'
[0.934s] INFO:colcon.colcon_core.shell:Creating environment descriptor '/home/sbel/Desktop/Cobra-Driver/workspace/install/tcp_cam_sender/share/tcp_cam_sender/hook/ament_prefix_path.dsv'
[0.937s] INFO:colcon.colcon_core.shell:Creating environment hook '/home/sbel/Desktop/Cobra-Driver/workspace/install/tcp_cam_sender/share/tcp_cam_sender/hook/ament_prefix_path.sh'
[0.943s] INFO:colcon.colcon_core.shell:Skip shell extension 'powershell' for command environment: Not usable outside of PowerShell
[0.943s] DEBUG:colcon.colcon_core.shell:Skip shell extension 'dsv' for command environment
[0.955s] INFO:colcon.colcon_ros.task.ament_python.build:Building ROS package in '/home/sbel/Desktop/Cobra-Driver/workspace/src/udp_to_ros' with build type 'ament_python'
[0.956s] Level 1:colcon.colcon_core.shell:create_environment_hook('udp_to_ros', 'ament_prefix_path')
[0.959s] INFO:colcon.colcon_core.shell:Creating environment hook '/home/sbel/Desktop/Cobra-Driver/workspace/install/udp_to_ros/share/udp_to_ros/hook/ament_prefix_path.ps1'
[0.961s] INFO:colcon.colcon_core.shell:Creating environment descriptor '/home/sbel/Desktop/Cobra-Driver/workspace/install/udp_to_ros/share/udp_to_ros/hook/ament_prefix_path.dsv'
[0.962s] INFO:colcon.colcon_core.shell:Creating environment hook '/home/sbel/Desktop/Cobra-Driver/workspace/install/udp_to_ros/share/udp_to_ros/hook/ament_prefix_path.sh'
[0.968s] INFO:colcon.colcon_core.shell:Skip shell extension 'powershell' for command environment: Not usable outside of PowerShell
[0.968s] DEBUG:colcon.colcon_core.shell:Skip shell extension 'dsv' for command environment
[0.979s] INFO:colcon.colcon_ros.task.ament_cmake.build:Building ROS package in '/home/sbel/Desktop/Cobra-Driver/workspace/src/usb_cam' with build type 'ament_cmake'
[0.980s] INFO:colcon.colcon_cmake.task.cmake.build:Building CMake package in '/home/sbel/Desktop/Cobra-Driver/workspace/src/usb_cam'
[0.983s] INFO:colcon.colcon_core.shell:Skip shell extension 'powershell' for command environment: Not usable outside of PowerShell
[0.983s] DEBUG:colcon.colcon_core.shell:Skip shell extension 'dsv' for command environment
[0.999s] INFO:colcon.colcon_ros.task.ament_python.build:Building ROS package in '/home/sbel/Desktop/Cobra-Driver/workspace/src/yolov5_ros2' with build type 'ament_python'
[0.999s] Level 1:colcon.colcon_core.shell:create_environment_hook('yolov5_ros2', 'ament_prefix_path')
[1.003s] INFO:colcon.colcon_core.shell:Creating environment hook '/home/sbel/Desktop/Cobra-Driver/workspace/install/yolov5_ros2/share/yolov5_ros2/hook/ament_prefix_path.ps1'
[1.004s] INFO:colcon.colcon_core.shell:Creating environment descriptor '/home/sbel/Desktop/Cobra-Driver/workspace/install/yolov5_ros2/share/yolov5_ros2/hook/ament_prefix_path.dsv'
[1.005s] INFO:colcon.colcon_core.shell:Creating environment hook '/home/sbel/Desktop/Cobra-Driver/workspace/install/yolov5_ros2/share/yolov5_ros2/hook/ament_prefix_path.sh'
[1.008s] INFO:colcon.colcon_core.shell:Skip shell extension 'powershell' for command environment: Not usable outside of PowerShell
[1.008s] DEBUG:colcon.colcon_core.shell:Skip shell extension 'dsv' for command environment
[1.432s] INFO:colcon.colcon_core.task.python.build:Building Python package in '/home/sbel/Desktop/Cobra-Driver/workspace/src/common'
[1.437s] INFO:colcon.colcon_core.shell:Skip shell extension 'powershell' for command environment: Not usable outside of PowerShell
[1.437s] DEBUG:colcon.colcon_core.shell:Skip shell extension 'dsv' for command environment
[1.865s] INFO:colcon.colcon_core.task.python.build:Building Python package in '/home/sbel/Desktop/Cobra-Driver/workspace/src/tcp_cam_sender'
[1.871s] INFO:colcon.colcon_core.shell:Skip shell extension 'powershell' for command environment: Not usable outside of PowerShell
[1.871s] DEBUG:colcon.colcon_core.shell:Skip shell extension 'dsv' for command environment
[2.317s] INFO:colcon.colcon_core.task.python.build:Building Python package in '/home/sbel/Desktop/Cobra-Driver/workspace/src/udp_to_ros'
[2.323s] INFO:colcon.colcon_core.shell:Skip shell extension 'powershell' for command environment: Not usable outside of PowerShell
[2.324s] DEBUG:colcon.colcon_core.shell:Skip shell extension 'dsv' for command environment
[2.362s] DEBUG:colcon.colcon_core.event_handler.log_command:Invoking command in '/home/sbel/Desktop/Cobra-Driver/workspace/build/usb_cam': CMAKE_PREFIX_PATH=/opt/ros/foxy /usr/bin/cmake --build /home/sbel/Desktop/Cobra-Driver/workspace/build/usb_cam -- -j8 -l8
[2.788s] INFO:colcon.colcon_core.task.python.build:Building Python package in '/home/sbel/Desktop/Cobra-Driver/workspace/src/yolov5_ros2'
[2.794s] INFO:colcon.colcon_core.shell:Skip shell extension 'powershell' for command environment: Not usable outside of PowerShell
[2.794s] DEBUG:colcon.colcon_core.shell:Skip shell extension 'dsv' for command environment
[2.830s] DEBUG:colcon.colcon_core.event_handler.log_command:Invoked command in '/home/sbel/Desktop/Cobra-Driver/workspace/build/usb_cam' returned '0': CMAKE_PREFIX_PATH=/opt/ros/foxy /usr/bin/cmake --build /home/sbel/Desktop/Cobra-Driver/workspace/build/usb_cam -- -j8 -l8
[2.940s] DEBUG:colcon.colcon_core.event_handler.log_command:Invoking command in '/home/sbel/Desktop/Cobra-Driver/workspace/build/usb_cam': CMAKE_PREFIX_PATH=/opt/ros/foxy /usr/bin/cmake --install /home/sbel/Desktop/Cobra-Driver/workspace/build/usb_cam
[2.983s] Level 1:colcon.colcon_core.environment:create_environment_scripts_only(usb_cam)
[2.987s] DEBUG:colcon.colcon_core.event_handler.log_command:Invoked command in '/home/sbel/Desktop/Cobra-Driver/workspace/build/usb_cam' returned '0': CMAKE_PREFIX_PATH=/opt/ros/foxy /usr/bin/cmake --install /home/sbel/Desktop/Cobra-Driver/workspace/build/usb_cam
[2.998s] Level 1:colcon.colcon_core.environment:checking '/home/sbel/Desktop/Cobra-Driver/workspace/install/usb_cam' for CMake module files
[2.999s] Level 1:colcon.colcon_core.environment:checking '/home/sbel/Desktop/Cobra-Driver/workspace/install/usb_cam' for CMake config files
[3.000s] Level 1:colcon.colcon_core.shell:create_environment_hook('usb_cam', 'cmake_prefix_path')
[3.003s] INFO:colcon.colcon_core.shell:Creating environment hook '/home/sbel/Desktop/Cobra-Driver/workspace/install/usb_cam/share/usb_cam/hook/cmake_prefix_path.ps1'
[3.005s] INFO:colcon.colcon_core.shell:Creating environment descriptor '/home/sbel/Desktop/Cobra-Driver/workspace/install/usb_cam/share/usb_cam/hook/cmake_prefix_path.dsv'
[3.008s] INFO:colcon.colcon_core.shell:Creating environment hook '/home/sbel/Desktop/Cobra-Driver/workspace/install/usb_cam/share/usb_cam/hook/cmake_prefix_path.sh'
[3.012s] Level 1:colcon.colcon_core.environment:checking '/home/sbel/Desktop/Cobra-Driver/workspace/install/usb_cam/lib'
[3.012s] Level 1:colcon.colcon_core.shell:create_environment_hook('usb_cam', 'ld_library_path_lib')
[3.016s] INFO:colcon.colcon_core.shell:Creating environment hook '/home/sbel/Desktop/Cobra-Driver/workspace/install/usb_cam/share/usb_cam/hook/ld_library_path_lib.ps1'
[3.018s] INFO:colcon.colcon_core.shell:Creating environment descriptor '/home/sbel/Desktop/Cobra-Driver/workspace/install/usb_cam/share/usb_cam/hook/ld_library_path_lib.dsv'
[3.019s] INFO:colcon.colcon_core.shell:Creating environment hook '/home/sbel/Desktop/Cobra-Driver/workspace/install/usb_cam/share/usb_cam/hook/ld_library_path_lib.sh'
[3.020s] Level 1:colcon.colcon_core.environment:checking '/home/sbel/Desktop/Cobra-Driver/workspace/install/usb_cam/bin'
[3.020s] Level 1:colcon.colcon_core.environment:checking '/home/sbel/Desktop/Cobra-Driver/workspace/install/usb_cam/lib/pkgconfig/usb_cam.pc'
[3.021s] Level 1:colcon.colcon_core.environment:checking '/home/sbel/Desktop/Cobra-Driver/workspace/install/usb_cam/lib/python3.8/site-packages'
[3.021s] Level 1:colcon.colcon_core.environment:checking '/home/sbel/Desktop/Cobra-Driver/workspace/install/usb_cam/bin'
[3.025s] INFO:colcon.colcon_core.shell:Creating package script '/home/sbel/Desktop/Cobra-Driver/workspace/install/usb_cam/share/usb_cam/package.ps1'
[3.027s] INFO:colcon.colcon_core.shell:Creating package descriptor '/home/sbel/Desktop/Cobra-Driver/workspace/install/usb_cam/share/usb_cam/package.dsv'
[3.029s] INFO:colcon.colcon_core.shell:Creating package script '/home/sbel/Desktop/Cobra-Driver/workspace/install/usb_cam/share/usb_cam/package.sh'
[3.030s] INFO:colcon.colcon_core.shell:Creating package script '/home/sbel/Desktop/Cobra-Driver/workspace/install/usb_cam/share/usb_cam/package.bash'
[3.032s] INFO:colcon.colcon_core.shell:Creating package script '/home/sbel/Desktop/Cobra-Driver/workspace/install/usb_cam/share/usb_cam/package.zsh'
[3.033s] Level 1:colcon.colcon_core.environment:create_file_with_runtime_dependencies(/home/sbel/Desktop/Cobra-Driver/workspace/install/usb_cam/share/colcon-core/packages/usb_cam)
[3.105s] Level 1:colcon.colcon_core.environment:create_environment_scripts_only(usb_cam)
[3.109s] Level 1:colcon.colcon_core.environment:checking '/home/sbel/Desktop/Cobra-Driver/workspace/install/usb_cam' for CMake module files
[3.110s] Level 1:colcon.colcon_core.environment:checking '/home/sbel/Desktop/Cobra-Driver/workspace/install/usb_cam' for CMake config files
[3.111s] Level 1:colcon.colcon_core.shell:create_environment_hook('usb_cam', 'cmake_prefix_path')
[3.114s] INFO:colcon.colcon_core.shell:Creating environment hook '/home/sbel/Desktop/Cobra-Driver/workspace/install/usb_cam/share/usb_cam/hook/cmake_prefix_path.ps1'
[3.116s] INFO:colcon.colcon_core.shell:Creating environment descriptor '/home/sbel/Desktop/Cobra-Driver/workspace/install/usb_cam/share/usb_cam/hook/cmake_prefix_path.dsv'
[3.116s] INFO:colcon.colcon_core.shell:Creating environment hook '/home/sbel/Desktop/Cobra-Driver/workspace/install/usb_cam/share/usb_cam/hook/cmake_prefix_path.sh'
[3.120s] Level 1:colcon.colcon_core.environment:checking '/home/sbel/Desktop/Cobra-Driver/workspace/install/usb_cam/lib'
[3.120s] Level 1:colcon.colcon_core.shell:create_environment_hook('usb_cam', 'ld_library_path_lib')
[3.123s] INFO:colcon.colcon_core.shell:Creating environment hook '/home/sbel/Desktop/Cobra-Driver/workspace/install/usb_cam/share/usb_cam/hook/ld_library_path_lib.ps1'
[3.124s] INFO:colcon.colcon_core.shell:Creating environment descriptor '/home/sbel/Desktop/Cobra-Driver/workspace/install/usb_cam/share/usb_cam/hook/ld_library_path_lib.dsv'
[3.125s] INFO:colcon.colcon_core.shell:Creating environment hook '/home/sbel/Desktop/Cobra-Driver/workspace/install/usb_cam/share/usb_cam/hook/ld_library_path_lib.sh'
[3.126s] Level 1:colcon.colcon_core.environment:checking '/home/sbel/Desktop/Cobra-Driver/workspace/install/usb_cam/bin'
[3.126s] Level 1:colcon.colcon_core.environment:checking '/home/sbel/Desktop/Cobra-Driver/workspace/install/usb_cam/lib/pkgconfig/usb_cam.pc'
[3.126s] Level 1:colcon.colcon_core.environment:checking '/home/sbel/Desktop/Cobra-Driver/workspace/install/usb_cam/lib/python3.8/site-packages'
[3.127s] Level 1:colcon.colcon_core.environment:checking '/home/sbel/Desktop/Cobra-Driver/workspace/install/usb_cam/bin'
[3.130s] INFO:colcon.colcon_core.shell:Creating package script '/home/sbel/Desktop/Cobra-Driver/workspace/install/usb_cam/share/usb_cam/package.ps1'
[3.131s] INFO:colcon.colcon_core.shell:Creating package descriptor '/home/sbel/Desktop/Cobra-Driver/workspace/install/usb_cam/share/usb_cam/package.dsv'
[3.132s] INFO:colcon.colcon_core.shell:Creating package script '/home/sbel/Desktop/Cobra-Driver/workspace/install/usb_cam/share/usb_cam/package.sh'
[3.133s] INFO:colcon.colcon_core.shell:Creating package script '/home/sbel/Desktop/Cobra-Driver/workspace/install/usb_cam/share/usb_cam/package.bash'
[3.134s] INFO:colcon.colcon_core.shell:Creating package script '/home/sbel/Desktop/Cobra-Driver/workspace/install/usb_cam/share/usb_cam/package.zsh'
[3.135s] Level 1:colcon.colcon_core.environment:create_file_with_runtime_dependencies(/home/sbel/Desktop/Cobra-Driver/workspace/install/usb_cam/share/colcon-core/packages/usb_cam)
[4.275s] DEBUG:colcon.colcon_core.event_handler.log_command:Invoking command in '/home/sbel/Desktop/Cobra-Driver/workspace/src/common': PYTHONPATH=/home/sbel/Desktop/Cobra-Driver/workspace/build/common/prefix_override:/home/sbel/Desktop/Cobra-Driver/workspace/install/common/lib/python3.8/site-packages:${PYTHONPATH} /usr/bin/python3 setup.py egg_info --egg-base ../../build/common build --build-base /home/sbel/Desktop/Cobra-Driver/workspace/build/common/build install --record /home/sbel/Desktop/Cobra-Driver/workspace/build/common/install.log --single-version-externally-managed
[4.289s] DEBUG:colcon.colcon_core.event_handler.log_command:Invoking command in '/home/sbel/Desktop/Cobra-Driver/workspace/src/tcp_cam_sender': PYTHONPATH=/home/sbel/Desktop/Cobra-Driver/workspace/build/tcp_cam_sender/prefix_override:/home/sbel/Desktop/Cobra-Driver/workspace/install/tcp_cam_sender/lib/python3.8/site-packages:${PYTHONPATH} /usr/bin/python3 setup.py egg_info --egg-base ../../build/tcp_cam_sender build --build-base /home/sbel/Desktop/Cobra-Driver/workspace/build/tcp_cam_sender/build install --record /home/sbel/Desktop/Cobra-Driver/workspace/build/tcp_cam_sender/install.log --single-version-externally-managed
[4.300s] DEBUG:colcon.colcon_core.event_handler.log_command:Invoking command in '/home/sbel/Desktop/Cobra-Driver/workspace/src/udp_to_ros': PYTHONPATH=/home/sbel/Desktop/Cobra-Driver/workspace/build/udp_to_ros/prefix_override:/home/sbel/Desktop/Cobra-Driver/workspace/install/udp_to_ros/lib/python3.8/site-packages:${PYTHONPATH} /usr/bin/python3 setup.py egg_info --egg-base ../../build/udp_to_ros build --build-base /home/sbel/Desktop/Cobra-Driver/workspace/build/udp_to_ros/build install --record /home/sbel/Desktop/Cobra-Driver/workspace/build/udp_to_ros/install.log --single-version-externally-managed
[4.314s] DEBUG:colcon.colcon_core.event_handler.log_command:Invoking command in '/home/sbel/Desktop/Cobra-Driver/workspace/src/yolov5_ros2': PYTHONPATH=/home/sbel/Desktop/Cobra-Driver/workspace/build/yolov5_ros2/prefix_override:/home/sbel/Desktop/Cobra-Driver/workspace/install/yolov5_ros2/lib/python3.8/site-packages:${PYTHONPATH} /usr/bin/python3 setup.py egg_info --egg-base ../../build/yolov5_ros2 build --build-base /home/sbel/Desktop/Cobra-Driver/workspace/build/yolov5_ros2/build install --record /home/sbel/Desktop/Cobra-Driver/workspace/build/yolov5_ros2/install.log --single-version-externally-managed
[5.429s] Level 1:colcon.colcon_core.environment:checking '/home/sbel/Desktop/Cobra-Driver/workspace/install/tcp_cam_sender' for CMake module files
[5.430s] DEBUG:colcon.colcon_core.event_handler.log_command:Invoked command in '/home/sbel/Desktop/Cobra-Driver/workspace/src/tcp_cam_sender' returned '0': PYTHONPATH=/home/sbel/Desktop/Cobra-Driver/workspace/build/tcp_cam_sender/prefix_override:/home/sbel/Desktop/Cobra-Driver/workspace/install/tcp_cam_sender/lib/python3.8/site-packages:${PYTHONPATH} /usr/bin/python3 setup.py egg_info --egg-base ../../build/tcp_cam_sender build --build-base /home/sbel/Desktop/Cobra-Driver/workspace/build/tcp_cam_sender/build install --record /home/sbel/Desktop/Cobra-Driver/workspace/build/tcp_cam_sender/install.log --single-version-externally-managed
[5.431s] Level 1:colcon.colcon_core.environment:checking '/home/sbel/Desktop/Cobra-Driver/workspace/install/tcp_cam_sender' for CMake config files
[5.433s] Level 1:colcon.colcon_core.environment:checking '/home/sbel/Desktop/Cobra-Driver/workspace/install/tcp_cam_sender/lib'
[5.434s] Level 1:colcon.colcon_core.environment:checking '/home/sbel/Desktop/Cobra-Driver/workspace/install/tcp_cam_sender/bin'
[5.434s] Level 1:colcon.colcon_core.environment:checking '/home/sbel/Desktop/Cobra-Driver/workspace/install/tcp_cam_sender/lib/pkgconfig/tcp_cam_sender.pc'
[5.435s] Level 1:colcon.colcon_core.environment:checking '/home/sbel/Desktop/Cobra-Driver/workspace/install/tcp_cam_sender/lib/python3.8/site-packages'
[5.435s] Level 1:colcon.colcon_core.shell:create_environment_hook('tcp_cam_sender', 'pythonpath')
[5.441s] INFO:colcon.colcon_core.shell:Creating environment hook '/home/sbel/Desktop/Cobra-Driver/workspace/install/tcp_cam_sender/share/tcp_cam_sender/hook/pythonpath.ps1'
[5.443s] INFO:colcon.colcon_core.shell:Creating environment descriptor '/home/sbel/Desktop/Cobra-Driver/workspace/install/tcp_cam_sender/share/tcp_cam_sender/hook/pythonpath.dsv'
[5.446s] INFO:colcon.colcon_core.shell:Creating environment hook '/home/sbel/Desktop/Cobra-Driver/workspace/install/tcp_cam_sender/share/tcp_cam_sender/hook/pythonpath.sh'
[5.447s] Level 1:colcon.colcon_core.environment:checking '/home/sbel/Desktop/Cobra-Driver/workspace/install/tcp_cam_sender/bin'
[5.448s] Level 1:colcon.colcon_core.environment:create_environment_scripts_only(tcp_cam_sender)
[5.452s] INFO:colcon.colcon_core.shell:Creating package script '/home/sbel/Desktop/Cobra-Driver/workspace/install/tcp_cam_sender/share/tcp_cam_sender/package.ps1'
[5.453s] INFO:colcon.colcon_core.shell:Creating package descriptor '/home/sbel/Desktop/Cobra-Driver/workspace/install/tcp_cam_sender/share/tcp_cam_sender/package.dsv'
[5.455s] INFO:colcon.colcon_core.shell:Creating package script '/home/sbel/Desktop/Cobra-Driver/workspace/install/tcp_cam_sender/share/tcp_cam_sender/package.sh'
[5.455s] INFO:colcon.colcon_core.shell:Creating package script '/home/sbel/Desktop/Cobra-Driver/workspace/install/tcp_cam_sender/share/tcp_cam_sender/package.bash'
[5.456s] INFO:colcon.colcon_core.shell:Creating package script '/home/sbel/Desktop/Cobra-Driver/workspace/install/tcp_cam_sender/share/tcp_cam_sender/package.zsh'
[5.457s] Level 1:colcon.colcon_core.environment:create_file_with_runtime_dependencies(/home/sbel/Desktop/Cobra-Driver/workspace/install/tcp_cam_sender/share/colcon-core/packages/tcp_cam_sender)
[5.466s] Level 1:colcon.colcon_core.environment:checking '/home/sbel/Desktop/Cobra-Driver/workspace/install/udp_to_ros' for CMake module files
[5.468s] DEBUG:colcon.colcon_core.event_handler.log_command:Invoked command in '/home/sbel/Desktop/Cobra-Driver/workspace/src/udp_to_ros' returned '0': PYTHONPATH=/home/sbel/Desktop/Cobra-Driver/workspace/build/udp_to_ros/prefix_override:/home/sbel/Desktop/Cobra-Driver/workspace/install/udp_to_ros/lib/python3.8/site-packages:${PYTHONPATH} /usr/bin/python3 setup.py egg_info --egg-base ../../build/udp_to_ros build --build-base /home/sbel/Desktop/Cobra-Driver/workspace/build/udp_to_ros/build install --record /home/sbel/Desktop/Cobra-Driver/workspace/build/udp_to_ros/install.log --single-version-externally-managed
[5.469s] Level 1:colcon.colcon_core.environment:checking '/home/sbel/Desktop/Cobra-Driver/workspace/install/udp_to_ros' for CMake config files
[5.471s] Level 1:colcon.colcon_core.environment:checking '/home/sbel/Desktop/Cobra-Driver/workspace/install/udp_to_ros/lib'
[5.471s] Level 1:colcon.colcon_core.environment:checking '/home/sbel/Desktop/Cobra-Driver/workspace/install/udp_to_ros/bin'
[5.471s] Level 1:colcon.colcon_core.environment:checking '/home/sbel/Desktop/Cobra-Driver/workspace/install/udp_to_ros/lib/pkgconfig/udp_to_ros.pc'
[5.471s] Level 1:colcon.colcon_core.environment:checking '/home/sbel/Desktop/Cobra-Driver/workspace/install/udp_to_ros/lib/python3.8/site-packages'
[5.472s] Level 1:colcon.colcon_core.shell:create_environment_hook('udp_to_ros', 'pythonpath')
[5.475s] INFO:colcon.colcon_core.shell:Creating environment hook '/home/sbel/Desktop/Cobra-Driver/workspace/install/udp_to_ros/share/udp_to_ros/hook/pythonpath.ps1'
[5.476s] INFO:colcon.colcon_core.shell:Creating environment descriptor '/home/sbel/Desktop/Cobra-Driver/workspace/install/udp_to_ros/share/udp_to_ros/hook/pythonpath.dsv'
[5.477s] INFO:colcon.colcon_core.shell:Creating environment hook '/home/sbel/Desktop/Cobra-Driver/workspace/install/udp_to_ros/share/udp_to_ros/hook/pythonpath.sh'
[5.478s] Level 1:colcon.colcon_core.environment:checking '/home/sbel/Desktop/Cobra-Driver/workspace/install/udp_to_ros/bin'
[5.478s] Level 1:colcon.colcon_core.environment:create_environment_scripts_only(udp_to_ros)
[5.481s] INFO:colcon.colcon_core.shell:Creating package script '/home/sbel/Desktop/Cobra-Driver/workspace/install/udp_to_ros/share/udp_to_ros/package.ps1'
[5.482s] INFO:colcon.colcon_core.shell:Creating package descriptor '/home/sbel/Desktop/Cobra-Driver/workspace/install/udp_to_ros/share/udp_to_ros/package.dsv'
[5.482s] INFO:colcon.colcon_core.shell:Creating package script '/home/sbel/Desktop/Cobra-Driver/workspace/install/udp_to_ros/share/udp_to_ros/package.sh'
[5.483s] INFO:colcon.colcon_core.shell:Creating package script '/home/sbel/Desktop/Cobra-Driver/workspace/install/udp_to_ros/share/udp_to_ros/package.bash'
[5.484s] INFO:colcon.colcon_core.shell:Creating package script '/home/sbel/Desktop/Cobra-Driver/workspace/install/udp_to_ros/share/udp_to_ros/package.zsh'
[5.484s] Level 1:colcon.colcon_core.environment:create_file_with_runtime_dependencies(/home/sbel/Desktop/Cobra-Driver/workspace/install/udp_to_ros/share/colcon-core/packages/udp_to_ros)
[5.489s] Level 1:colcon.colcon_core.environment:checking '/home/sbel/Desktop/Cobra-Driver/workspace/install/common' for CMake module files
[5.491s] Level 1:colcon.colcon_core.environment:checking '/home/sbel/Desktop/Cobra-Driver/workspace/install/common' for CMake config files
[5.492s] DEBUG:colcon.colcon_core.event_handler.log_command:Invoked command in '/home/sbel/Desktop/Cobra-Driver/workspace/src/common' returned '0': PYTHONPATH=/home/sbel/Desktop/Cobra-Driver/workspace/build/common/prefix_override:/home/sbel/Desktop/Cobra-Driver/workspace/install/common/lib/python3.8/site-packages:${PYTHONPATH} /usr/bin/python3 setup.py egg_info --egg-base ../../build/common build --build-base /home/sbel/Desktop/Cobra-Driver/workspace/build/common/build install --record /home/sbel/Desktop/Cobra-Driver/workspace/build/common/install.log --single-version-externally-managed
[5.493s] Level 1:colcon.colcon_core.environment:checking '/home/sbel/Desktop/Cobra-Driver/workspace/install/common/lib'
[5.493s] Level 1:colcon.colcon_core.environment:checking '/home/sbel/Desktop/Cobra-Driver/workspace/install/common/bin'
[5.494s] Level 1:colcon.colcon_core.environment:checking '/home/sbel/Desktop/Cobra-Driver/workspace/install/common/lib/pkgconfig/common.pc'
[5.494s] Level 1:colcon.colcon_core.environment:checking '/home/sbel/Desktop/Cobra-Driver/workspace/install/common/lib/python3.8/site-packages'
[5.494s] Level 1:colcon.colcon_core.shell:create_environment_hook('common', 'pythonpath')
[5.497s] INFO:colcon.colcon_core.shell:Creating environment hook '/home/sbel/Desktop/Cobra-Driver/workspace/install/common/share/common/hook/pythonpath.ps1'
[5.498s] INFO:colcon.colcon_core.shell:Creating environment descriptor '/home/sbel/Desktop/Cobra-Driver/workspace/install/common/share/common/hook/pythonpath.dsv'
[5.498s] INFO:colcon.colcon_core.shell:Creating environment hook '/home/sbel/Desktop/Cobra-Driver/workspace/install/common/share/common/hook/pythonpath.sh'
[5.499s] Level 1:colcon.colcon_core.environment:checking '/home/sbel/Desktop/Cobra-Driver/workspace/install/common/bin'
[5.499s] Level 1:colcon.colcon_core.environment:create_environment_scripts_only(common)
[5.502s] INFO:colcon.colcon_core.shell:Creating package script '/home/sbel/Desktop/Cobra-Driver/workspace/install/common/share/common/package.ps1'
[5.503s] INFO:colcon.colcon_core.shell:Creating package descriptor '/home/sbel/Desktop/Cobra-Driver/workspace/install/common/share/common/package.dsv'
[5.504s] INFO:colcon.colcon_core.shell:Creating package script '/home/sbel/Desktop/Cobra-Driver/workspace/install/common/share/common/package.sh'
[5.505s] INFO:colcon.colcon_core.shell:Creating package script '/home/sbel/Desktop/Cobra-Driver/workspace/install/common/share/common/package.bash'
[5.505s] INFO:colcon.colcon_core.shell:Creating package script '/home/sbel/Desktop/Cobra-Driver/workspace/install/common/share/common/package.zsh'
[5.506s] Level 1:colcon.colcon_core.environment:create_file_with_runtime_dependencies(/home/sbel/Desktop/Cobra-Driver/workspace/install/common/share/colcon-core/packages/common)
[5.510s] Level 1:colcon.colcon_core.environment:checking '/home/sbel/Desktop/Cobra-Driver/workspace/install/yolov5_ros2' for CMake module files
[5.512s] Level 1:colcon.colcon_core.environment:checking '/home/sbel/Desktop/Cobra-Driver/workspace/install/yolov5_ros2' for CMake config files
[5.513s] DEBUG:colcon.colcon_core.event_handler.log_command:Invoked command in '/home/sbel/Desktop/Cobra-Driver/workspace/src/yolov5_ros2' returned '0': PYTHONPATH=/home/sbel/Desktop/Cobra-Driver/workspace/build/yolov5_ros2/prefix_override:/home/sbel/Desktop/Cobra-Driver/workspace/install/yolov5_ros2/lib/python3.8/site-packages:${PYTHONPATH} /usr/bin/python3 setup.py egg_info --egg-base ../../build/yolov5_ros2 build --build-base /home/sbel/Desktop/Cobra-Driver/workspace/build/yolov5_ros2/build install --record /home/sbel/Desktop/Cobra-Driver/workspace/build/yolov5_ros2/install.log --single-version-externally-managed
[5.515s] Level 1:colcon.colcon_core.environment:checking '/home/sbel/Desktop/Cobra-Driver/workspace/install/yolov5_ros2/lib'
[5.515s] Level 1:colcon.colcon_core.environment:checking '/home/sbel/Desktop/Cobra-Driver/workspace/install/yolov5_ros2/bin'
[5.515s] Level 1:colcon.colcon_core.environment:checking '/home/sbel/Desktop/Cobra-Driver/workspace/install/yolov5_ros2/lib/pkgconfig/yolov5_ros2.pc'
[5.515s] Level 1:colcon.colcon_core.environment:checking '/home/sbel/Desktop/Cobra-Driver/workspace/install/yolov5_ros2/lib/python3.8/site-packages'
[5.515s] Level 1:colcon.colcon_core.shell:create_environment_hook('yolov5_ros2', 'pythonpath')
[5.518s] INFO:colcon.colcon_core.shell:Creating environment hook '/home/sbel/Desktop/Cobra-Driver/workspace/install/yolov5_ros2/share/yolov5_ros2/hook/pythonpath.ps1'
[5.519s] INFO:colcon.colcon_core.shell:Creating environment descriptor '/home/sbel/Desktop/Cobra-Driver/workspace/install/yolov5_ros2/share/yolov5_ros2/hook/pythonpath.dsv'
[5.519s] INFO:colcon.colcon_core.shell:Creating environment hook '/home/sbel/Desktop/Cobra-Driver/workspace/install/yolov5_ros2/share/yolov5_ros2/hook/pythonpath.sh'
[5.520s] Level 1:colcon.colcon_core.environment:checking '/home/sbel/Desktop/Cobra-Driver/workspace/install/yolov5_ros2/bin'
[5.520s] Level 1:colcon.colcon_core.environment:create_environment_scripts_only(yolov5_ros2)
[5.523s] INFO:colcon.colcon_core.shell:Creating package script '/home/sbel/Desktop/Cobra-Driver/workspace/install/yolov5_ros2/share/yolov5_ros2/package.ps1'
[5.524s] INFO:colcon.colcon_core.shell:Creating package descriptor '/home/sbel/Desktop/Cobra-Driver/workspace/install/yolov5_ros2/share/yolov5_ros2/package.dsv'
[5.525s] INFO:colcon.colcon_core.shell:Creating package script '/home/sbel/Desktop/Cobra-Driver/workspace/install/yolov5_ros2/share/yolov5_ros2/package.sh'
[5.526s] INFO:colcon.colcon_core.shell:Creating package script '/home/sbel/Desktop/Cobra-Driver/workspace/install/yolov5_ros2/share/yolov5_ros2/package.bash'
[5.526s] INFO:colcon.colcon_core.shell:Creating package script '/home/sbel/Desktop/Cobra-Driver/workspace/install/yolov5_ros2/share/yolov5_ros2/package.zsh'
[5.527s] Level 1:colcon.colcon_core.environment:create_file_with_runtime_dependencies(/home/sbel/Desktop/Cobra-Driver/workspace/install/yolov5_ros2/share/colcon-core/packages/yolov5_ros2)
[5.528s] DEBUG:colcon.colcon_parallel_executor.executor.parallel:closing loop
[5.529s] DEBUG:colcon.colcon_parallel_executor.executor.parallel:loop closed
[5.529s] DEBUG:colcon.colcon_parallel_executor.executor.parallel:run_until_complete finished with '0'
[5.529s] DEBUG:colcon.colcon_core.event_reactor:joining thread
[5.542s] INFO:colcon.colcon_core.plugin_system:Skipping extension 'colcon_notification.desktop_notification.terminal_notifier': Not used on non-Darwin systems
[5.542s] INFO:colcon.colcon_core.plugin_system:Skipping extension 'colcon_notification.desktop_notification.win32': Not used on non-Windows systems
[5.551s] INFO:colcon.colcon_notification.desktop_notification:Sending desktop notification using 'notify2'
[5.579s] DEBUG:colcon.colcon_notification.desktop_notification.notify2:Failed to initialize notify2: org.freedesktop.DBus.Error.Spawn.ChildExited: Process org.freedesktop.Notifications exited with status 1
[5.580s] DEBUG:colcon.colcon_core.event_reactor:joined thread
[5.584s] INFO:colcon.colcon_core.shell:Creating prefix script '/home/sbel/Desktop/Cobra-Driver/workspace/install/local_setup.ps1'
[5.586s] INFO:colcon.colcon_core.shell:Creating prefix util module '/home/sbel/Desktop/Cobra-Driver/workspace/install/_local_setup_util_ps1.py'
[5.588s] INFO:colcon.colcon_core.shell:Creating prefix chain script '/home/sbel/Desktop/Cobra-Driver/workspace/install/setup.ps1'
[5.590s] INFO:colcon.colcon_core.shell:Creating prefix script '/home/sbel/Desktop/Cobra-Driver/workspace/install/local_setup.sh'
[5.591s] INFO:colcon.colcon_core.shell:Creating prefix util module '/home/sbel/Desktop/Cobra-Driver/workspace/install/_local_setup_util_sh.py'
[5.592s] INFO:colcon.colcon_core.shell:Creating prefix chain script '/home/sbel/Desktop/Cobra-Driver/workspace/install/setup.sh'
[5.595s] INFO:colcon.colcon_core.shell:Creating prefix script '/home/sbel/Desktop/Cobra-Driver/workspace/install/local_setup.bash'
[5.596s] INFO:colcon.colcon_core.shell:Creating prefix chain script '/home/sbel/Desktop/Cobra-Driver/workspace/install/setup.bash'
[5.599s] INFO:colcon.colcon_core.shell:Creating prefix script '/home/sbel/Desktop/Cobra-Driver/workspace/install/local_setup.zsh'
[5.600s] INFO:colcon.colcon_core.shell:Creating prefix chain script '/home/sbel/Desktop/Cobra-Driver/workspace/install/setup.zsh'
