-- Install configuration: ""
-- Up-to-date: /home/sbel/Desktop/Cobra-Driver/workspace/install/rosbridge_library/share/rosbridge_library/environment/pythonpath.sh
-- Up-to-date: /home/sbel/Desktop/Cobra-Driver/workspace/install/rosbridge_library/share/rosbridge_library/environment/pythonpath.dsv
-- Up-to-date: /home/sbel/Desktop/Cobra-Driver/workspace/install/rosbridge_library/lib/python3.8/site-packages/rosbridge_library
-- Up-to-date: /home/sbel/Desktop/Cobra-Driver/workspace/install/rosbridge_library/lib/python3.8/site-packages/rosbridge_library/__init__.py
-- Up-to-date: /home/sbel/Desktop/Cobra-Driver/workspace/install/rosbridge_library/lib/python3.8/site-packages/rosbridge_library/rosbridge_protocol.py
-- Up-to-date: /home/sbel/Desktop/Cobra-Driver/workspace/install/rosbridge_library/lib/python3.8/site-packages/rosbridge_library/internal
-- Up-to-date: /home/sbel/Desktop/Cobra-Driver/workspace/install/rosbridge_library/lib/python3.8/site-packages/rosbridge_library/internal/subscription_modifiers.py
-- Up-to-date: /home/sbel/Desktop/Cobra-Driver/workspace/install/rosbridge_library/lib/python3.8/site-packages/rosbridge_library/internal/exceptions.py
-- Up-to-date: /home/sbel/Desktop/Cobra-Driver/workspace/install/rosbridge_library/lib/python3.8/site-packages/rosbridge_library/internal/services.py
-- Up-to-date: /home/sbel/Desktop/Cobra-Driver/workspace/install/rosbridge_library/lib/python3.8/site-packages/rosbridge_library/internal/__init__.py
-- Up-to-date: /home/sbel/Desktop/Cobra-Driver/workspace/install/rosbridge_library/lib/python3.8/site-packages/rosbridge_library/internal/outgoing_message.py
-- Up-to-date: /home/sbel/Desktop/Cobra-Driver/workspace/install/rosbridge_library/lib/python3.8/site-packages/rosbridge_library/internal/topics.py
-- Up-to-date: /home/sbel/Desktop/Cobra-Driver/workspace/install/rosbridge_library/lib/python3.8/site-packages/rosbridge_library/internal/message_conversion.py
-- Up-to-date: /home/sbel/Desktop/Cobra-Driver/workspace/install/rosbridge_library/lib/python3.8/site-packages/rosbridge_library/internal/pngcompression.py
-- Up-to-date: /home/sbel/Desktop/Cobra-Driver/workspace/install/rosbridge_library/lib/python3.8/site-packages/rosbridge_library/internal/ros_loader.py
-- Up-to-date: /home/sbel/Desktop/Cobra-Driver/workspace/install/rosbridge_library/lib/python3.8/site-packages/rosbridge_library/internal/cbor_conversion.py
-- Up-to-date: /home/sbel/Desktop/Cobra-Driver/workspace/install/rosbridge_library/lib/python3.8/site-packages/rosbridge_library/internal/publishers.py
-- Up-to-date: /home/sbel/Desktop/Cobra-Driver/workspace/install/rosbridge_library/lib/python3.8/site-packages/rosbridge_library/internal/subscribers.py
-- Up-to-date: /home/sbel/Desktop/Cobra-Driver/workspace/install/rosbridge_library/lib/python3.8/site-packages/rosbridge_library/capability.py
-- Up-to-date: /home/sbel/Desktop/Cobra-Driver/workspace/install/rosbridge_library/lib/python3.8/site-packages/rosbridge_library/capabilities
-- Up-to-date: /home/sbel/Desktop/Cobra-Driver/workspace/install/rosbridge_library/lib/python3.8/site-packages/rosbridge_library/capabilities/publish.py
-- Up-to-date: /home/sbel/Desktop/Cobra-Driver/workspace/install/rosbridge_library/lib/python3.8/site-packages/rosbridge_library/capabilities/unadvertise_service.py
-- Up-to-date: /home/sbel/Desktop/Cobra-Driver/workspace/install/rosbridge_library/lib/python3.8/site-packages/rosbridge_library/capabilities/__init__.py
-- Up-to-date: /home/sbel/Desktop/Cobra-Driver/workspace/install/rosbridge_library/lib/python3.8/site-packages/rosbridge_library/capabilities/subscribe.py
-- Up-to-date: /home/sbel/Desktop/Cobra-Driver/workspace/install/rosbridge_library/lib/python3.8/site-packages/rosbridge_library/capabilities/fragmentation.py
-- Up-to-date: /home/sbel/Desktop/Cobra-Driver/workspace/install/rosbridge_library/lib/python3.8/site-packages/rosbridge_library/capabilities/call_service.py
-- Up-to-date: /home/sbel/Desktop/Cobra-Driver/workspace/install/rosbridge_library/lib/python3.8/site-packages/rosbridge_library/capabilities/service_response.py
-- Up-to-date: /home/sbel/Desktop/Cobra-Driver/workspace/install/rosbridge_library/lib/python3.8/site-packages/rosbridge_library/capabilities/advertise_service.py
-- Up-to-date: /home/sbel/Desktop/Cobra-Driver/workspace/install/rosbridge_library/lib/python3.8/site-packages/rosbridge_library/capabilities/defragmentation.py
-- Up-to-date: /home/sbel/Desktop/Cobra-Driver/workspace/install/rosbridge_library/lib/python3.8/site-packages/rosbridge_library/capabilities/advertise.py
-- Up-to-date: /home/sbel/Desktop/Cobra-Driver/workspace/install/rosbridge_library/lib/python3.8/site-packages/rosbridge_library/util
-- Up-to-date: /home/sbel/Desktop/Cobra-Driver/workspace/install/rosbridge_library/lib/python3.8/site-packages/rosbridge_library/util/cbor.py
-- Up-to-date: /home/sbel/Desktop/Cobra-Driver/workspace/install/rosbridge_library/lib/python3.8/site-packages/rosbridge_library/util/__init__.py
-- Up-to-date: /home/sbel/Desktop/Cobra-Driver/workspace/install/rosbridge_library/lib/python3.8/site-packages/rosbridge_library/protocol.py
Listing '/home/sbel/Desktop/Cobra-Driver/workspace/install/rosbridge_library/lib/python3.8/site-packages/rosbridge_library'...
Listing '/home/sbel/Desktop/Cobra-Driver/workspace/install/rosbridge_library/lib/python3.8/site-packages/rosbridge_library/capabilities'...
Listing '/home/sbel/Desktop/Cobra-Driver/workspace/install/rosbridge_library/lib/python3.8/site-packages/rosbridge_library/internal'...
Listing '/home/sbel/Desktop/Cobra-Driver/workspace/install/rosbridge_library/lib/python3.8/site-packages/rosbridge_library/util'...
-- Up-to-date: /home/sbel/Desktop/Cobra-Driver/workspace/install/rosbridge_library/share/ament_index/resource_index/package_run_dependencies/rosbridge_library
-- Up-to-date: /home/sbel/Desktop/Cobra-Driver/workspace/install/rosbridge_library/share/ament_index/resource_index/parent_prefix_path/rosbridge_library
-- Up-to-date: /home/sbel/Desktop/Cobra-Driver/workspace/install/rosbridge_library/share/rosbridge_library/environment/ament_prefix_path.sh
-- Up-to-date: /home/sbel/Desktop/Cobra-Driver/workspace/install/rosbridge_library/share/rosbridge_library/environment/ament_prefix_path.dsv
-- Up-to-date: /home/sbel/Desktop/Cobra-Driver/workspace/install/rosbridge_library/share/rosbridge_library/environment/path.sh
-- Up-to-date: /home/sbel/Desktop/Cobra-Driver/workspace/install/rosbridge_library/share/rosbridge_library/environment/path.dsv
-- Up-to-date: /home/sbel/Desktop/Cobra-Driver/workspace/install/rosbridge_library/share/rosbridge_library/local_setup.bash
-- Up-to-date: /home/sbel/Desktop/Cobra-Driver/workspace/install/rosbridge_library/share/rosbridge_library/local_setup.sh
-- Up-to-date: /home/sbel/Desktop/Cobra-Driver/workspace/install/rosbridge_library/share/rosbridge_library/local_setup.zsh
-- Up-to-date: /home/sbel/Desktop/Cobra-Driver/workspace/install/rosbridge_library/share/rosbridge_library/local_setup.dsv
-- Installing: /home/sbel/Desktop/Cobra-Driver/workspace/install/rosbridge_library/share/rosbridge_library/package.dsv
-- Up-to-date: /home/sbel/Desktop/Cobra-Driver/workspace/install/rosbridge_library/share/ament_index/resource_index/packages/rosbridge_library
-- Up-to-date: /home/sbel/Desktop/Cobra-Driver/workspace/install/rosbridge_library/share/rosbridge_library/cmake/rosbridge_libraryConfig.cmake
-- Up-to-date: /home/sbel/Desktop/Cobra-Driver/workspace/install/rosbridge_library/share/rosbridge_library/cmake/rosbridge_libraryConfig-version.cmake
-- Up-to-date: /home/sbel/Desktop/Cobra-Driver/workspace/install/rosbridge_library/share/rosbridge_library/package.xml
