[1.140s] Invoking command in '/home/jason/Desktop/STUDY/Cobra-Driver/workspace/src/udp_to_ros': PYTHONPATH=/home/jason/Desktop/STUDY/Cobra-Driver/workspace/build/udp_to_ros/prefix_override:/home/jason/Desktop/STUDY/Cobra-Driver/workspace/install/udp_to_ros/lib/python3.10/site-packages:${PYTHONPATH} /usr/bin/python3 setup.py egg_info --egg-base ../../build/udp_to_ros build --build-base /home/jason/Desktop/STUDY/Cobra-Driver/workspace/build/udp_to_ros/build install --record /home/jason/Desktop/STUDY/Cobra-Driver/workspace/build/udp_to_ros/install.log --single-version-externally-managed
[1.365s] running egg_info
[1.365s] creating ../../build/udp_to_ros/udp_to_ros.egg-info
[1.380s] writing ../../build/udp_to_ros/udp_to_ros.egg-info/PKG-INFO
[1.380s] writing dependency_links to ../../build/udp_to_ros/udp_to_ros.egg-info/dependency_links.txt
[1.380s] writing entry points to ../../build/udp_to_ros/udp_to_ros.egg-info/entry_points.txt
[1.380s] writing requirements to ../../build/udp_to_ros/udp_to_ros.egg-info/requires.txt
[1.380s] writing top-level names to ../../build/udp_to_ros/udp_to_ros.egg-info/top_level.txt
[1.380s] writing manifest file '../../build/udp_to_ros/udp_to_ros.egg-info/SOURCES.txt'
[1.409s] reading manifest file '../../build/udp_to_ros/udp_to_ros.egg-info/SOURCES.txt'
[1.410s] writing manifest file '../../build/udp_to_ros/udp_to_ros.egg-info/SOURCES.txt'
[1.410s] running build
[1.410s] running build_py
[1.410s] creating /home/jason/Desktop/STUDY/Cobra-Driver/workspace/build/udp_to_ros/build
[1.410s] creating /home/jason/Desktop/STUDY/Cobra-Driver/workspace/build/udp_to_ros/build/lib
[1.410s] creating /home/jason/Desktop/STUDY/Cobra-Driver/workspace/build/udp_to_ros/build/lib/udp_to_ros
[1.410s] copying udp_to_ros/udp_listener_node.py -> /home/jason/Desktop/STUDY/Cobra-Driver/workspace/build/udp_to_ros/build/lib/udp_to_ros
[1.410s] copying udp_to_ros/__init__.py -> /home/jason/Desktop/STUDY/Cobra-Driver/workspace/build/udp_to_ros/build/lib/udp_to_ros
[1.411s] /home/jason/.local/lib/python3.10/site-packages/setuptools/_distutils/cmd.py:66: SetuptoolsDeprecationWarning: setup.py install is deprecated.
[1.411s] !!
[1.411s] 
[1.411s]         ********************************************************************************
[1.411s]         Please avoid running ``setup.py`` directly.
[1.411s]         Instead, use pypa/build, pypa/installer or other
[1.411s]         standards-based tools.
[1.411s] 
[1.411s]         See https://blog.ganssle.io/articles/2021/10/setup-py-deprecated.html for details.
[1.411s]         ********************************************************************************
[1.411s] 
[1.411s] !!
[1.411s]   self.initialize_options()
[1.411s] running install
[1.415s] running install_lib
[1.429s] creating /home/jason/Desktop/STUDY/Cobra-Driver/workspace/install/udp_to_ros/lib/python3.10/site-packages/udp_to_ros
[1.430s] copying /home/jason/Desktop/STUDY/Cobra-Driver/workspace/build/udp_to_ros/build/lib/udp_to_ros/udp_listener_node.py -> /home/jason/Desktop/STUDY/Cobra-Driver/workspace/install/udp_to_ros/lib/python3.10/site-packages/udp_to_ros
[1.430s] copying /home/jason/Desktop/STUDY/Cobra-Driver/workspace/build/udp_to_ros/build/lib/udp_to_ros/__init__.py -> /home/jason/Desktop/STUDY/Cobra-Driver/workspace/install/udp_to_ros/lib/python3.10/site-packages/udp_to_ros
[1.430s] byte-compiling /home/jason/Desktop/STUDY/Cobra-Driver/workspace/install/udp_to_ros/lib/python3.10/site-packages/udp_to_ros/udp_listener_node.py to udp_listener_node.cpython-310.pyc
[1.431s] byte-compiling /home/jason/Desktop/STUDY/Cobra-Driver/workspace/install/udp_to_ros/lib/python3.10/site-packages/udp_to_ros/__init__.py to __init__.cpython-310.pyc
[1.431s] running install_data
[1.445s] creating /home/jason/Desktop/STUDY/Cobra-Driver/workspace/install/udp_to_ros/share/ament_index
[1.445s] creating /home/jason/Desktop/STUDY/Cobra-Driver/workspace/install/udp_to_ros/share/ament_index/resource_index
[1.445s] creating /home/jason/Desktop/STUDY/Cobra-Driver/workspace/install/udp_to_ros/share/ament_index/resource_index/packages
[1.445s] copying resource/udp_to_ros -> /home/jason/Desktop/STUDY/Cobra-Driver/workspace/install/udp_to_ros/share/ament_index/resource_index/packages
[1.445s] copying package.xml -> /home/jason/Desktop/STUDY/Cobra-Driver/workspace/install/udp_to_ros/share/udp_to_ros
[1.445s] running install_egg_info
[1.461s] Copying ../../build/udp_to_ros/udp_to_ros.egg-info to /home/jason/Desktop/STUDY/Cobra-Driver/workspace/install/udp_to_ros/lib/python3.10/site-packages/udp_to_ros-0.0.0-py3.10.egg-info
[1.461s] running install_scripts
[1.606s] Installing udp_listener script to /home/jason/Desktop/STUDY/Cobra-Driver/workspace/install/udp_to_ros/lib/udp_to_ros
[1.606s] writing list of installed files to '/home/jason/Desktop/STUDY/Cobra-Driver/workspace/build/udp_to_ros/install.log'
[1.631s] Invoked command in '/home/jason/Desktop/STUDY/Cobra-Driver/workspace/src/udp_to_ros' returned '0': PYTHONPATH=/home/jason/Desktop/STUDY/Cobra-Driver/workspace/build/udp_to_ros/prefix_override:/home/jason/Desktop/STUDY/Cobra-Driver/workspace/install/udp_to_ros/lib/python3.10/site-packages:${PYTHONPATH} /usr/bin/python3 setup.py egg_info --egg-base ../../build/udp_to_ros build --build-base /home/jason/Desktop/STUDY/Cobra-Driver/workspace/build/udp_to_ros/build install --record /home/jason/Desktop/STUDY/Cobra-Driver/workspace/build/udp_to_ros/install.log --single-version-externally-managed
