[ 50%] Built target graph_based_slam_component
[100%] Built target graph_based_slam_node
-- Install configuration: ""
-- Up-to-date: /home/jason/Desktop/STUDY/Cobra-Driver/workspace/install/graph_based_slam/share/graph_based_slam/environment/library_path.sh
-- Up-to-date: /home/jason/Desktop/STUDY/Cobra-Driver/workspace/install/graph_based_slam/share/graph_based_slam/environment/library_path.dsv
-- Up-to-date: /home/jason/Desktop/STUDY/Cobra-Driver/workspace/install/graph_based_slam/include
-- Up-to-date: /home/jason/Desktop/STUDY/Cobra-Driver/workspace/install/graph_based_slam/include/graph_based_slam
-- Up-to-date: /home/jason/Desktop/STUDY/Cobra-Driver/workspace/install/graph_based_slam/include/graph_based_slam/graph_based_slam_component.h
-- Up-to-date: /home/jason/Desktop/STUDY/Cobra-Driver/workspace/install/graph_based_slam/share/graph_based_slam/launch
-- Up-to-date: /home/jason/Desktop/STUDY/Cobra-Driver/workspace/install/graph_based_slam/share/graph_based_slam/launch/graphbasedslam.launch.py
-- Up-to-date: /home/jason/Desktop/STUDY/Cobra-Driver/workspace/install/graph_based_slam/share/graph_based_slam/param
-- Up-to-date: /home/jason/Desktop/STUDY/Cobra-Driver/workspace/install/graph_based_slam/share/graph_based_slam/param/graphbasedslam.yaml
-- Up-to-date: /home/jason/Desktop/STUDY/Cobra-Driver/workspace/install/graph_based_slam/lib/libgraph_based_slam_component.so
-- Up-to-date: /home/jason/Desktop/STUDY/Cobra-Driver/workspace/install/graph_based_slam/lib/graph_based_slam/graph_based_slam_node
-- Up-to-date: /home/jason/Desktop/STUDY/Cobra-Driver/workspace/install/graph_based_slam/share/ament_index/resource_index/package_run_dependencies/graph_based_slam
-- Up-to-date: /home/jason/Desktop/STUDY/Cobra-Driver/workspace/install/graph_based_slam/share/ament_index/resource_index/parent_prefix_path/graph_based_slam
-- Up-to-date: /home/jason/Desktop/STUDY/Cobra-Driver/workspace/install/graph_based_slam/share/graph_based_slam/environment/ament_prefix_path.sh
-- Up-to-date: /home/jason/Desktop/STUDY/Cobra-Driver/workspace/install/graph_based_slam/share/graph_based_slam/environment/ament_prefix_path.dsv
-- Up-to-date: /home/jason/Desktop/STUDY/Cobra-Driver/workspace/install/graph_based_slam/share/graph_based_slam/environment/path.sh
-- Up-to-date: /home/jason/Desktop/STUDY/Cobra-Driver/workspace/install/graph_based_slam/share/graph_based_slam/environment/path.dsv
-- Up-to-date: /home/jason/Desktop/STUDY/Cobra-Driver/workspace/install/graph_based_slam/share/graph_based_slam/local_setup.bash
-- Up-to-date: /home/jason/Desktop/STUDY/Cobra-Driver/workspace/install/graph_based_slam/share/graph_based_slam/local_setup.sh
-- Up-to-date: /home/jason/Desktop/STUDY/Cobra-Driver/workspace/install/graph_based_slam/share/graph_based_slam/local_setup.zsh
-- Up-to-date: /home/jason/Desktop/STUDY/Cobra-Driver/workspace/install/graph_based_slam/share/graph_based_slam/local_setup.dsv
-- Installing: /home/jason/Desktop/STUDY/Cobra-Driver/workspace/install/graph_based_slam/share/graph_based_slam/package.dsv
-- Up-to-date: /home/jason/Desktop/STUDY/Cobra-Driver/workspace/install/graph_based_slam/share/ament_index/resource_index/packages/graph_based_slam
-- Up-to-date: /home/jason/Desktop/STUDY/Cobra-Driver/workspace/install/graph_based_slam/share/ament_index/resource_index/rclcpp_components/graph_based_slam
-- Up-to-date: /home/jason/Desktop/STUDY/Cobra-Driver/workspace/install/graph_based_slam/share/graph_based_slam/cmake/ament_cmake_export_libraries-extras.cmake
-- Up-to-date: /home/jason/Desktop/STUDY/Cobra-Driver/workspace/install/graph_based_slam/share/graph_based_slam/cmake/ament_cmake_export_include_directories-extras.cmake
-- Up-to-date: /home/jason/Desktop/STUDY/Cobra-Driver/workspace/install/graph_based_slam/share/graph_based_slam/cmake/graph_based_slamConfig.cmake
-- Up-to-date: /home/jason/Desktop/STUDY/Cobra-Driver/workspace/install/graph_based_slam/share/graph_based_slam/cmake/graph_based_slamConfig-version.cmake
-- Up-to-date: /home/jason/Desktop/STUDY/Cobra-Driver/workspace/install/graph_based_slam/share/graph_based_slam/package.xml
