[  5%] Built target rosbridge_msgs__cpp
[ 12%] Built target rosbridge_msgs__rosidl_generator_c
[ 23%] Built target rosbridge_msgs__rosidl_typesupport_cpp
[ 43%] Built target rosbridge_msgs__rosidl_typesupport_fastrtps_cpp
[ 43%] Built target rosbridge_msgs__rosidl_typesupport_introspection_cpp
[ 53%] Built target rosbridge_msgs__rosidl_typesupport_introspection_c
[ 64%] Built target rosbridge_msgs__rosidl_typesupport_c
[ 74%] Built target rosbridge_msgs__rosidl_typesupport_fastrtps_c
[ 74%] Built target rosbridge_msgs
[ 76%] Built target rosbridge_msgs__py
[ 84%] Built target rosbridge_msgs__python
[100%] Built target rosbridge_msgs__rosidl_typesupport_fastrtps_c__pyext
[100%] Built target rosbridge_msgs__rosidl_typesupport_c__pyext
[100%] Built target rosbridge_msgs__rosidl_typesupport_introspection_c__pyext
-- Install configuration: ""
-- Up-to-date: /home/sbel/Desktop/Cobra-Driver/workspace/install/rosbridge_msgs/share/ament_index/resource_index/rosidl_interfaces/rosbridge_msgs
-- Up-to-date: /home/sbel/Desktop/Cobra-Driver/workspace/install/rosbridge_msgs/include/rosbridge_msgs
-- Up-to-date: /home/sbel/Desktop/Cobra-Driver/workspace/install/rosbridge_msgs/include/rosbridge_msgs/msg
-- Up-to-date: /home/sbel/Desktop/Cobra-Driver/workspace/install/rosbridge_msgs/include/rosbridge_msgs/msg/connected_clients.h
-- Up-to-date: /home/sbel/Desktop/Cobra-Driver/workspace/install/rosbridge_msgs/include/rosbridge_msgs/msg/detail
-- Up-to-date: /home/sbel/Desktop/Cobra-Driver/workspace/install/rosbridge_msgs/include/rosbridge_msgs/msg/detail/connected_client__type_support.h
-- Up-to-date: /home/sbel/Desktop/Cobra-Driver/workspace/install/rosbridge_msgs/include/rosbridge_msgs/msg/detail/connected_clients__struct.h
-- Up-to-date: /home/sbel/Desktop/Cobra-Driver/workspace/install/rosbridge_msgs/include/rosbridge_msgs/msg/detail/connected_clients__functions.h
-- Up-to-date: /home/sbel/Desktop/Cobra-Driver/workspace/install/rosbridge_msgs/include/rosbridge_msgs/msg/detail/connected_client__struct.h
-- Up-to-date: /home/sbel/Desktop/Cobra-Driver/workspace/install/rosbridge_msgs/include/rosbridge_msgs/msg/detail/connected_clients__functions.c
-- Up-to-date: /home/sbel/Desktop/Cobra-Driver/workspace/install/rosbridge_msgs/include/rosbridge_msgs/msg/detail/connected_client__functions.c
-- Up-to-date: /home/sbel/Desktop/Cobra-Driver/workspace/install/rosbridge_msgs/include/rosbridge_msgs/msg/detail/connected_clients__type_support.h
-- Up-to-date: /home/sbel/Desktop/Cobra-Driver/workspace/install/rosbridge_msgs/include/rosbridge_msgs/msg/detail/connected_client__functions.h
-- Up-to-date: /home/sbel/Desktop/Cobra-Driver/workspace/install/rosbridge_msgs/include/rosbridge_msgs/msg/rosidl_generator_c__visibility_control.h
-- Up-to-date: /home/sbel/Desktop/Cobra-Driver/workspace/install/rosbridge_msgs/include/rosbridge_msgs/msg/connected_client.h
-- Up-to-date: /home/sbel/Desktop/Cobra-Driver/workspace/install/rosbridge_msgs/share/rosbridge_msgs/environment/library_path.sh
-- Up-to-date: /home/sbel/Desktop/Cobra-Driver/workspace/install/rosbridge_msgs/share/rosbridge_msgs/environment/library_path.dsv
-- Up-to-date: /home/sbel/Desktop/Cobra-Driver/workspace/install/rosbridge_msgs/lib/librosbridge_msgs__rosidl_generator_c.so
-- Up-to-date: /home/sbel/Desktop/Cobra-Driver/workspace/install/rosbridge_msgs/include/rosbridge_msgs
-- Up-to-date: /home/sbel/Desktop/Cobra-Driver/workspace/install/rosbridge_msgs/include/rosbridge_msgs/msg
-- Up-to-date: /home/sbel/Desktop/Cobra-Driver/workspace/install/rosbridge_msgs/include/rosbridge_msgs/msg/detail
-- Up-to-date: /home/sbel/Desktop/Cobra-Driver/workspace/install/rosbridge_msgs/include/rosbridge_msgs/msg/detail/connected_client__rosidl_typesupport_fastrtps_c.h
-- Up-to-date: /home/sbel/Desktop/Cobra-Driver/workspace/install/rosbridge_msgs/include/rosbridge_msgs/msg/detail/connected_clients__rosidl_typesupport_fastrtps_c.h
-- Up-to-date: /home/sbel/Desktop/Cobra-Driver/workspace/install/rosbridge_msgs/include/rosbridge_msgs/msg/rosidl_typesupport_fastrtps_c__visibility_control.h
-- Up-to-date: /home/sbel/Desktop/Cobra-Driver/workspace/install/rosbridge_msgs/lib/librosbridge_msgs__rosidl_typesupport_fastrtps_c.so
-- Up-to-date: /home/sbel/Desktop/Cobra-Driver/workspace/install/rosbridge_msgs/include/rosbridge_msgs
-- Up-to-date: /home/sbel/Desktop/Cobra-Driver/workspace/install/rosbridge_msgs/include/rosbridge_msgs/msg
-- Up-to-date: /home/sbel/Desktop/Cobra-Driver/workspace/install/rosbridge_msgs/include/rosbridge_msgs/msg/detail
-- Up-to-date: /home/sbel/Desktop/Cobra-Driver/workspace/install/rosbridge_msgs/include/rosbridge_msgs/msg/detail/connected_clients__rosidl_typesupport_fastrtps_cpp.hpp
-- Up-to-date: /home/sbel/Desktop/Cobra-Driver/workspace/install/rosbridge_msgs/include/rosbridge_msgs/msg/detail/connected_client__rosidl_typesupport_fastrtps_cpp.hpp
-- Up-to-date: /home/sbel/Desktop/Cobra-Driver/workspace/install/rosbridge_msgs/include/rosbridge_msgs/msg/detail/dds_fastrtps
-- Up-to-date: /home/sbel/Desktop/Cobra-Driver/workspace/install/rosbridge_msgs/include/rosbridge_msgs/msg/rosidl_typesupport_fastrtps_cpp__visibility_control.h
-- Up-to-date: /home/sbel/Desktop/Cobra-Driver/workspace/install/rosbridge_msgs/lib/librosbridge_msgs__rosidl_typesupport_fastrtps_cpp.so
-- Up-to-date: /home/sbel/Desktop/Cobra-Driver/workspace/install/rosbridge_msgs/include/rosbridge_msgs
-- Up-to-date: /home/sbel/Desktop/Cobra-Driver/workspace/install/rosbridge_msgs/include/rosbridge_msgs/msg
-- Up-to-date: /home/sbel/Desktop/Cobra-Driver/workspace/install/rosbridge_msgs/include/rosbridge_msgs/msg/rosidl_typesupport_introspection_c__visibility_control.h
-- Up-to-date: /home/sbel/Desktop/Cobra-Driver/workspace/install/rosbridge_msgs/include/rosbridge_msgs/msg/detail
-- Up-to-date: /home/sbel/Desktop/Cobra-Driver/workspace/install/rosbridge_msgs/include/rosbridge_msgs/msg/detail/connected_client__type_support.c
-- Up-to-date: /home/sbel/Desktop/Cobra-Driver/workspace/install/rosbridge_msgs/include/rosbridge_msgs/msg/detail/connected_clients__type_support.c
-- Up-to-date: /home/sbel/Desktop/Cobra-Driver/workspace/install/rosbridge_msgs/include/rosbridge_msgs/msg/detail/connected_clients__rosidl_typesupport_introspection_c.h
-- Up-to-date: /home/sbel/Desktop/Cobra-Driver/workspace/install/rosbridge_msgs/include/rosbridge_msgs/msg/detail/connected_client__rosidl_typesupport_introspection_c.h
-- Up-to-date: /home/sbel/Desktop/Cobra-Driver/workspace/install/rosbridge_msgs/lib/librosbridge_msgs__rosidl_typesupport_introspection_c.so
-- Up-to-date: /home/sbel/Desktop/Cobra-Driver/workspace/install/rosbridge_msgs/lib/librosbridge_msgs__rosidl_typesupport_c.so
-- Up-to-date: /home/sbel/Desktop/Cobra-Driver/workspace/install/rosbridge_msgs/include/rosbridge_msgs
-- Up-to-date: /home/sbel/Desktop/Cobra-Driver/workspace/install/rosbridge_msgs/include/rosbridge_msgs/msg
-- Up-to-date: /home/sbel/Desktop/Cobra-Driver/workspace/install/rosbridge_msgs/include/rosbridge_msgs/msg/connected_client.hpp
-- Up-to-date: /home/sbel/Desktop/Cobra-Driver/workspace/install/rosbridge_msgs/include/rosbridge_msgs/msg/detail
-- Up-to-date: /home/sbel/Desktop/Cobra-Driver/workspace/install/rosbridge_msgs/include/rosbridge_msgs/msg/detail/connected_client__builder.hpp
-- Up-to-date: /home/sbel/Desktop/Cobra-Driver/workspace/install/rosbridge_msgs/include/rosbridge_msgs/msg/detail/connected_client__traits.hpp
-- Up-to-date: /home/sbel/Desktop/Cobra-Driver/workspace/install/rosbridge_msgs/include/rosbridge_msgs/msg/detail/connected_client__type_support.hpp
-- Up-to-date: /home/sbel/Desktop/Cobra-Driver/workspace/install/rosbridge_msgs/include/rosbridge_msgs/msg/detail/connected_client__struct.hpp
-- Up-to-date: /home/sbel/Desktop/Cobra-Driver/workspace/install/rosbridge_msgs/include/rosbridge_msgs/msg/detail/connected_clients__builder.hpp
-- Up-to-date: /home/sbel/Desktop/Cobra-Driver/workspace/install/rosbridge_msgs/include/rosbridge_msgs/msg/detail/connected_clients__traits.hpp
-- Up-to-date: /home/sbel/Desktop/Cobra-Driver/workspace/install/rosbridge_msgs/include/rosbridge_msgs/msg/detail/connected_clients__type_support.hpp
-- Up-to-date: /home/sbel/Desktop/Cobra-Driver/workspace/install/rosbridge_msgs/include/rosbridge_msgs/msg/detail/connected_clients__struct.hpp
-- Up-to-date: /home/sbel/Desktop/Cobra-Driver/workspace/install/rosbridge_msgs/include/rosbridge_msgs/msg/connected_clients.hpp
-- Up-to-date: /home/sbel/Desktop/Cobra-Driver/workspace/install/rosbridge_msgs/include/rosbridge_msgs/msg/rosidl_generator_cpp__visibility_control.hpp
-- Up-to-date: /home/sbel/Desktop/Cobra-Driver/workspace/install/rosbridge_msgs/include/rosbridge_msgs
-- Up-to-date: /home/sbel/Desktop/Cobra-Driver/workspace/install/rosbridge_msgs/include/rosbridge_msgs/msg
-- Up-to-date: /home/sbel/Desktop/Cobra-Driver/workspace/install/rosbridge_msgs/include/rosbridge_msgs/msg/detail
-- Up-to-date: /home/sbel/Desktop/Cobra-Driver/workspace/install/rosbridge_msgs/include/rosbridge_msgs/msg/detail/connected_client__rosidl_typesupport_introspection_cpp.hpp
-- Up-to-date: /home/sbel/Desktop/Cobra-Driver/workspace/install/rosbridge_msgs/include/rosbridge_msgs/msg/detail/connected_clients__rosidl_typesupport_introspection_cpp.hpp
-- Up-to-date: /home/sbel/Desktop/Cobra-Driver/workspace/install/rosbridge_msgs/include/rosbridge_msgs/msg/detail/connected_clients__type_support.cpp
-- Up-to-date: /home/sbel/Desktop/Cobra-Driver/workspace/install/rosbridge_msgs/include/rosbridge_msgs/msg/detail/connected_client__type_support.cpp
-- Up-to-date: /home/sbel/Desktop/Cobra-Driver/workspace/install/rosbridge_msgs/lib/librosbridge_msgs__rosidl_typesupport_introspection_cpp.so
-- Up-to-date: /home/sbel/Desktop/Cobra-Driver/workspace/install/rosbridge_msgs/lib/librosbridge_msgs__rosidl_typesupport_cpp.so
-- Up-to-date: /home/sbel/Desktop/Cobra-Driver/workspace/install/rosbridge_msgs/share/rosbridge_msgs/environment/pythonpath.sh
-- Up-to-date: /home/sbel/Desktop/Cobra-Driver/workspace/install/rosbridge_msgs/share/rosbridge_msgs/environment/pythonpath.dsv
-- Up-to-date: /home/sbel/Desktop/Cobra-Driver/workspace/install/rosbridge_msgs/lib/python3.8/site-packages/rosbridge_msgs/__init__.py
-- Up-to-date: /home/sbel/Desktop/Cobra-Driver/workspace/install/rosbridge_msgs/lib/python3.8/site-packages/rosbridge_msgs/msg
-- Up-to-date: /home/sbel/Desktop/Cobra-Driver/workspace/install/rosbridge_msgs/lib/python3.8/site-packages/rosbridge_msgs/msg/_connected_client_s.c
-- Up-to-date: /home/sbel/Desktop/Cobra-Driver/workspace/install/rosbridge_msgs/lib/python3.8/site-packages/rosbridge_msgs/msg/_connected_clients.py
-- Up-to-date: /home/sbel/Desktop/Cobra-Driver/workspace/install/rosbridge_msgs/lib/python3.8/site-packages/rosbridge_msgs/msg/__init__.py
-- Up-to-date: /home/sbel/Desktop/Cobra-Driver/workspace/install/rosbridge_msgs/lib/python3.8/site-packages/rosbridge_msgs/msg/_connected_clients_s.c
-- Up-to-date: /home/sbel/Desktop/Cobra-Driver/workspace/install/rosbridge_msgs/lib/python3.8/site-packages/rosbridge_msgs/msg/_connected_client.py
-- Up-to-date: /home/sbel/Desktop/Cobra-Driver/workspace/install/rosbridge_msgs/lib/python3.8/site-packages/rosbridge_msgs/rosbridge_msgs_s__rosidl_typesupport_fastrtps_c.cpython-38-aarch64-linux-gnu.so
-- Up-to-date: /home/sbel/Desktop/Cobra-Driver/workspace/install/rosbridge_msgs/lib/python3.8/site-packages/rosbridge_msgs/rosbridge_msgs_s__rosidl_typesupport_introspection_c.cpython-38-aarch64-linux-gnu.so
-- Up-to-date: /home/sbel/Desktop/Cobra-Driver/workspace/install/rosbridge_msgs/lib/python3.8/site-packages/rosbridge_msgs/rosbridge_msgs_s__rosidl_typesupport_c.cpython-38-aarch64-linux-gnu.so
-- Up-to-date: /home/sbel/Desktop/Cobra-Driver/workspace/install/rosbridge_msgs/lib/librosbridge_msgs__python.so
-- Up-to-date: /home/sbel/Desktop/Cobra-Driver/workspace/install/rosbridge_msgs/share/rosbridge_msgs/msg/ConnectedClient.idl
-- Up-to-date: /home/sbel/Desktop/Cobra-Driver/workspace/install/rosbridge_msgs/share/rosbridge_msgs/msg/ConnectedClients.idl
-- Up-to-date: /home/sbel/Desktop/Cobra-Driver/workspace/install/rosbridge_msgs/share/rosbridge_msgs/msg/ConnectedClient.msg
-- Up-to-date: /home/sbel/Desktop/Cobra-Driver/workspace/install/rosbridge_msgs/share/rosbridge_msgs/msg/ConnectedClients.msg
-- Up-to-date: /home/sbel/Desktop/Cobra-Driver/workspace/install/rosbridge_msgs/share/ament_index/resource_index/package_run_dependencies/rosbridge_msgs
-- Up-to-date: /home/sbel/Desktop/Cobra-Driver/workspace/install/rosbridge_msgs/share/ament_index/resource_index/parent_prefix_path/rosbridge_msgs
-- Up-to-date: /home/sbel/Desktop/Cobra-Driver/workspace/install/rosbridge_msgs/share/rosbridge_msgs/environment/ament_prefix_path.sh
-- Up-to-date: /home/sbel/Desktop/Cobra-Driver/workspace/install/rosbridge_msgs/share/rosbridge_msgs/environment/ament_prefix_path.dsv
-- Up-to-date: /home/sbel/Desktop/Cobra-Driver/workspace/install/rosbridge_msgs/share/rosbridge_msgs/environment/path.sh
-- Up-to-date: /home/sbel/Desktop/Cobra-Driver/workspace/install/rosbridge_msgs/share/rosbridge_msgs/environment/path.dsv
-- Up-to-date: /home/sbel/Desktop/Cobra-Driver/workspace/install/rosbridge_msgs/share/rosbridge_msgs/local_setup.bash
-- Up-to-date: /home/sbel/Desktop/Cobra-Driver/workspace/install/rosbridge_msgs/share/rosbridge_msgs/local_setup.sh
-- Up-to-date: /home/sbel/Desktop/Cobra-Driver/workspace/install/rosbridge_msgs/share/rosbridge_msgs/local_setup.zsh
-- Up-to-date: /home/sbel/Desktop/Cobra-Driver/workspace/install/rosbridge_msgs/share/rosbridge_msgs/local_setup.dsv
-- Installing: /home/sbel/Desktop/Cobra-Driver/workspace/install/rosbridge_msgs/share/rosbridge_msgs/package.dsv
-- Up-to-date: /home/sbel/Desktop/Cobra-Driver/workspace/install/rosbridge_msgs/share/ament_index/resource_index/packages/rosbridge_msgs
-- Up-to-date: /home/sbel/Desktop/Cobra-Driver/workspace/install/rosbridge_msgs/share/rosbridge_msgs/cmake/rosbridge_msgs__rosidl_generator_cExport.cmake
-- Up-to-date: /home/sbel/Desktop/Cobra-Driver/workspace/install/rosbridge_msgs/share/rosbridge_msgs/cmake/rosbridge_msgs__rosidl_generator_cExport-noconfig.cmake
-- Up-to-date: /home/sbel/Desktop/Cobra-Driver/workspace/install/rosbridge_msgs/share/rosbridge_msgs/cmake/rosbridge_msgs__rosidl_typesupport_introspection_cExport.cmake
-- Up-to-date: /home/sbel/Desktop/Cobra-Driver/workspace/install/rosbridge_msgs/share/rosbridge_msgs/cmake/rosbridge_msgs__rosidl_typesupport_introspection_cExport-noconfig.cmake
-- Up-to-date: /home/sbel/Desktop/Cobra-Driver/workspace/install/rosbridge_msgs/share/rosbridge_msgs/cmake/rosbridge_msgs__rosidl_typesupport_cExport.cmake
-- Up-to-date: /home/sbel/Desktop/Cobra-Driver/workspace/install/rosbridge_msgs/share/rosbridge_msgs/cmake/rosbridge_msgs__rosidl_typesupport_cExport-noconfig.cmake
-- Up-to-date: /home/sbel/Desktop/Cobra-Driver/workspace/install/rosbridge_msgs/share/rosbridge_msgs/cmake/rosbridge_msgs__rosidl_generator_cppExport.cmake
-- Up-to-date: /home/sbel/Desktop/Cobra-Driver/workspace/install/rosbridge_msgs/share/rosbridge_msgs/cmake/rosbridge_msgs__rosidl_typesupport_introspection_cppExport.cmake
-- Up-to-date: /home/sbel/Desktop/Cobra-Driver/workspace/install/rosbridge_msgs/share/rosbridge_msgs/cmake/rosbridge_msgs__rosidl_typesupport_introspection_cppExport-noconfig.cmake
-- Up-to-date: /home/sbel/Desktop/Cobra-Driver/workspace/install/rosbridge_msgs/share/rosbridge_msgs/cmake/rosbridge_msgs__rosidl_typesupport_cppExport.cmake
-- Up-to-date: /home/sbel/Desktop/Cobra-Driver/workspace/install/rosbridge_msgs/share/rosbridge_msgs/cmake/rosbridge_msgs__rosidl_typesupport_cppExport-noconfig.cmake
-- Up-to-date: /home/sbel/Desktop/Cobra-Driver/workspace/install/rosbridge_msgs/share/rosbridge_msgs/cmake/rosidl_cmake-extras.cmake
-- Up-to-date: /home/sbel/Desktop/Cobra-Driver/workspace/install/rosbridge_msgs/share/rosbridge_msgs/cmake/ament_cmake_export_dependencies-extras.cmake
-- Up-to-date: /home/sbel/Desktop/Cobra-Driver/workspace/install/rosbridge_msgs/share/rosbridge_msgs/cmake/ament_cmake_export_libraries-extras.cmake
-- Up-to-date: /home/sbel/Desktop/Cobra-Driver/workspace/install/rosbridge_msgs/share/rosbridge_msgs/cmake/ament_cmake_export_targets-extras.cmake
-- Up-to-date: /home/sbel/Desktop/Cobra-Driver/workspace/install/rosbridge_msgs/share/rosbridge_msgs/cmake/ament_cmake_export_include_directories-extras.cmake
-- Up-to-date: /home/sbel/Desktop/Cobra-Driver/workspace/install/rosbridge_msgs/share/rosbridge_msgs/cmake/rosidl_cmake_export_typesupport_libraries-extras.cmake
-- Up-to-date: /home/sbel/Desktop/Cobra-Driver/workspace/install/rosbridge_msgs/share/rosbridge_msgs/cmake/rosidl_cmake_export_typesupport_targets-extras.cmake
-- Up-to-date: /home/sbel/Desktop/Cobra-Driver/workspace/install/rosbridge_msgs/share/rosbridge_msgs/cmake/rosbridge_msgsConfig.cmake
-- Up-to-date: /home/sbel/Desktop/Cobra-Driver/workspace/install/rosbridge_msgs/share/rosbridge_msgs/cmake/rosbridge_msgsConfig-version.cmake
-- Up-to-date: /home/sbel/Desktop/Cobra-Driver/workspace/install/rosbridge_msgs/share/rosbridge_msgs/package.xml
