[0.036s] Invoking command in '/home/jason/Desktop/STUDY/Cobra-Driver/workspace/build/rosbridge_msgs': CMAKE_PREFIX_PATH=${CMAKE_PREFIX_PATH}:/home/jason/Desktop/STUDY/Cobra-Driver/workspace/install/yolov5_ros2:/home/jason/Desktop/STUDY/Cobra-Driver/workspace/install/udp_to_ros:/home/jason/Desktop/STUDY/Cobra-Driver/workspace/install/tcp_cam_sender:/home/jason/Desktop/STUDY/Cobra-Driver/workspace/install/common:/opt/ros/iron /home/jason/.local/bin/cmake /home/jason/Desktop/STUDY/Cobra-Driver/workspace/src/rosbridge_suite/rosbridge_msgs -DCMAKE_INSTALL_PREFIX=/home/jason/Desktop/STUDY/Cobra-Driver/workspace/install/rosbridge_msgs
[0.503s] -- The C compiler identification is GNU 11.4.0
[0.504s] -- The CXX compiler identification is GNU 11.4.0
[0.504s] -- Detecting C compiler ABI info
[0.504s] -- Detecting C compiler ABI info - done
[0.504s] -- Check for working C compiler: /usr/bin/cc - skipped
[0.505s] -- Detecting C compile features
[0.505s] -- Detecting C compile features - done
[0.505s] -- Detecting CXX compiler ABI info
[0.505s] -- Detecting CXX compiler ABI info - done
[0.505s] -- Check for working CXX compiler: /usr/bin/c++ - skipped
[0.505s] -- Detecting CXX compile features
[0.505s] -- Detecting CXX compile features - done
[0.506s] -- Found ament_cmake_ros: 0.11.2 (/opt/ros/iron/share/ament_cmake_ros/cmake)
[0.604s] -- Found Python3: /usr/bin/python3.10 (found version "3.10.12") found components: Interpreter 
[0.669s] -- Found builtin_interfaces: 1.6.0 (/opt/ros/iron/share/builtin_interfaces/cmake)
[0.704s] -- Found rosidl_generator_c: 4.0.1 (/opt/ros/iron/share/rosidl_generator_c/cmake)
[0.717s] -- Found rosidl_generator_cpp: 4.0.1 (/opt/ros/iron/share/rosidl_generator_cpp/cmake)
[0.734s] -- Using all available rosidl_typesupport_c: rosidl_typesupport_fastrtps_c;rosidl_typesupport_introspection_c
[0.756s] -- Using all available rosidl_typesupport_cpp: rosidl_typesupport_fastrtps_cpp;rosidl_typesupport_introspection_cpp
[0.775s] -- Found rosidl_default_generators: 1.5.0 (/opt/ros/iron/share/rosidl_default_generators/cmake)
[0.788s] -- Found rosidl_adapter: 4.0.1 (/opt/ros/iron/share/rosidl_adapter/cmake)
[1.786s] -- Using all available rosidl_typesupport_c: rosidl_typesupport_fastrtps_c;rosidl_typesupport_introspection_c
[1.992s] -- Using all available rosidl_typesupport_cpp: rosidl_typesupport_fastrtps_cpp;rosidl_typesupport_introspection_cpp
[1.994s] [33mCMake Warning (dev) at /opt/ros/iron/share/rosidl_generator_py/cmake/rosidl_generator_py_generate_interfaces.cmake:20 (find_package):
[1.994s]   Policy CMP0148 is not set: The FindPythonInterp and FindPythonLibs modules
[1.994s]   are removed.  Run "cmake --help-policy CMP0148" for policy details.  Use
[1.994s]   the cmake_policy command to set the policy and suppress this warning.
[1.994s] 
[1.994s] Call Stack (most recent call first):
[1.994s]   /opt/ros/iron/share/ament_cmake_core/cmake/core/ament_execute_extensions.cmake:48 (include)
[1.994s]   /opt/ros/iron/share/rosidl_cmake/cmake/rosidl_generate_interfaces.cmake:316 (ament_execute_extensions)
[1.994s]   CMakeLists.txt:12 (rosidl_generate_interfaces)
[1.994s] This warning is for project developers.  Use -Wno-dev to suppress it.
[1.994s] [0m
[2.010s] -- Found PythonInterp: /usr/bin/python3 (found suitable version "3.10.12", minimum required is "3.6") 
[2.012s] -- Found python_cmake_module: 0.10.2 (/opt/ros/iron/share/python_cmake_module/cmake)
[2.012s] [33mCMake Warning (dev) at /opt/ros/iron/share/python_cmake_module/cmake/Modules/FindPythonExtra.cmake:52 (find_package):
[2.012s]   Policy CMP0148 is not set: The FindPythonInterp and FindPythonLibs modules
[2.012s]   are removed.  Run "cmake --help-policy CMP0148" for policy details.  Use
[2.013s]   the cmake_policy command to set the policy and suppress this warning.
[2.013s] 
[2.013s] Call Stack (most recent call first):
[2.013s]   /opt/ros/iron/share/rosidl_generator_py/cmake/rosidl_generator_py_generate_interfaces.cmake:23 (find_package)
[2.013s]   /opt/ros/iron/share/ament_cmake_core/cmake/core/ament_execute_extensions.cmake:48 (include)
[2.013s]   /opt/ros/iron/share/rosidl_cmake/cmake/rosidl_generate_interfaces.cmake:316 (ament_execute_extensions)
[2.013s]   CMakeLists.txt:12 (rosidl_generate_interfaces)
[2.013s] This warning is for project developers.  Use -Wno-dev to suppress it.
[2.013s] [0m
[2.029s] [33mCMake Warning (dev) at /opt/ros/iron/share/python_cmake_module/cmake/Modules/FindPythonExtra.cmake:140 (find_package):
[2.029s]   Policy CMP0148 is not set: The FindPythonInterp and FindPythonLibs modules
[2.029s]   are removed.  Run "cmake --help-policy CMP0148" for policy details.  Use
[2.029s]   the cmake_policy command to set the policy and suppress this warning.
[2.029s] 
[2.029s] Call Stack (most recent call first):
[2.029s]   /opt/ros/iron/share/rosidl_generator_py/cmake/rosidl_generator_py_generate_interfaces.cmake:23 (find_package)
[2.029s]   /opt/ros/iron/share/ament_cmake_core/cmake/core/ament_execute_extensions.cmake:48 (include)
[2.029s]   /opt/ros/iron/share/rosidl_cmake/cmake/rosidl_generate_interfaces.cmake:316 (ament_execute_extensions)
[2.029s]   CMakeLists.txt:12 (rosidl_generate_interfaces)
[2.029s] This warning is for project developers.  Use -Wno-dev to suppress it.
[2.029s] [0m
[2.038s] -- Found PythonLibs: /usr/lib/x86_64-linux-gnu/libpython3.10.so (found suitable version "3.10.12", minimum required is "3.5") 
[2.038s] -- Using PYTHON_EXECUTABLE: /usr/bin/python3
[2.038s] -- Using PYTHON_INCLUDE_DIRS: /usr/include/python3.10
[2.039s] -- Using PYTHON_LIBRARIES: /usr/lib/x86_64-linux-gnu/libpython3.10.so
[2.055s] -- Found PythonExtra: .so  
[2.094s] -- Configuring done (2.0s)
[2.122s] -- Generating done (0.0s)
[2.124s] -- Build files have been written to: /home/jason/Desktop/STUDY/Cobra-Driver/workspace/build/rosbridge_msgs
[2.133s] Invoked command in '/home/jason/Desktop/STUDY/Cobra-Driver/workspace/build/rosbridge_msgs' returned '0': CMAKE_PREFIX_PATH=${CMAKE_PREFIX_PATH}:/home/jason/Desktop/STUDY/Cobra-Driver/workspace/install/yolov5_ros2:/home/jason/Desktop/STUDY/Cobra-Driver/workspace/install/udp_to_ros:/home/jason/Desktop/STUDY/Cobra-Driver/workspace/install/tcp_cam_sender:/home/jason/Desktop/STUDY/Cobra-Driver/workspace/install/common:/opt/ros/iron /home/jason/.local/bin/cmake /home/jason/Desktop/STUDY/Cobra-Driver/workspace/src/rosbridge_suite/rosbridge_msgs -DCMAKE_INSTALL_PREFIX=/home/jason/Desktop/STUDY/Cobra-Driver/workspace/install/rosbridge_msgs
[2.135s] Invoking command in '/home/jason/Desktop/STUDY/Cobra-Driver/workspace/build/rosbridge_msgs': CMAKE_PREFIX_PATH=${CMAKE_PREFIX_PATH}:/home/jason/Desktop/STUDY/Cobra-Driver/workspace/install/yolov5_ros2:/home/jason/Desktop/STUDY/Cobra-Driver/workspace/install/udp_to_ros:/home/jason/Desktop/STUDY/Cobra-Driver/workspace/install/tcp_cam_sender:/home/jason/Desktop/STUDY/Cobra-Driver/workspace/install/common:/opt/ros/iron /home/jason/.local/bin/cmake --build /home/jason/Desktop/STUDY/Cobra-Driver/workspace/build/rosbridge_msgs -- -j16 -l16
[2.167s] [  2%] [34m[1mGenerating type hashes for ROS interfaces[0m
[2.168s] [  2%] Built target ament_cmake_python_copy_rosbridge_msgs
[2.311s] [  2%] Built target rosbridge_msgs__rosidl_generator_type_description
[2.315s] [  4%] [34m[1mGenerating C code for ROS interfaces[0m
[2.317s] [  6%] [34m[1mGenerating C++ code for ROS interfaces[0m
[2.332s] running egg_info
[2.333s] creating rosbridge_msgs.egg-info
[2.348s] writing rosbridge_msgs.egg-info/PKG-INFO
[2.349s] writing dependency_links to rosbridge_msgs.egg-info/dependency_links.txt
[2.349s] writing top-level names to rosbridge_msgs.egg-info/top_level.txt
[2.349s] writing manifest file 'rosbridge_msgs.egg-info/SOURCES.txt'
[2.397s] reading manifest file 'rosbridge_msgs.egg-info/SOURCES.txt'
[2.397s] writing manifest file 'rosbridge_msgs.egg-info/SOURCES.txt'
[2.411s] [  6%] Built target ament_cmake_python_build_rosbridge_msgs_egg
[2.516s] [  6%] Built target rosbridge_msgs__cpp
[2.559s] [  9%] [32mBuilding C object CMakeFiles/rosbridge_msgs__rosidl_generator_c.dir/rosidl_generator_c/rosbridge_msgs/msg/detail/connected_client__description.c.o[0m
[2.559s] [ 11%] [32mBuilding C object CMakeFiles/rosbridge_msgs__rosidl_generator_c.dir/rosidl_generator_c/rosbridge_msgs/msg/detail/connected_client__type_support.c.o[0m
[2.560s] [ 15%] [32mBuilding C object CMakeFiles/rosbridge_msgs__rosidl_generator_c.dir/rosidl_generator_c/rosbridge_msgs/msg/detail/connected_client__functions.c.o[0m
[2.560s] [ 15%] [32mBuilding C object CMakeFiles/rosbridge_msgs__rosidl_generator_c.dir/rosidl_generator_c/rosbridge_msgs/msg/detail/connected_clients__description.c.o[0m
[2.560s] [ 18%] [32mBuilding C object CMakeFiles/rosbridge_msgs__rosidl_generator_c.dir/rosidl_generator_c/rosbridge_msgs/msg/detail/connected_clients__functions.c.o[0m
[2.560s] [ 20%] [32mBuilding C object CMakeFiles/rosbridge_msgs__rosidl_generator_c.dir/rosidl_generator_c/rosbridge_msgs/msg/detail/connected_clients__type_support.c.o[0m
[2.600s] [ 22%] [32m[1mLinking C shared library librosbridge_msgs__rosidl_generator_c.so[0m
[2.617s] [ 22%] Built target rosbridge_msgs__rosidl_generator_c
[2.620s] [ 25%] [34m[1mGenerating C type support for eProsima Fast-RTPS[0m
[2.620s] [ 27%] [34m[1mGenerating C++ type support dispatch for ROS interfaces[0m
[2.621s] [ 29%] [34m[1mGenerating C++ introspection for ROS interfaces[0m
[2.621s] [ 34%] [34m[1mGenerating C type support dispatch for ROS interfaces[0m
[2.621s] [ 34%] [34m[1mGenerating C++ type support for eProsima Fast-RTPS[0m
[2.621s] [ 36%] [34m[1mGenerating C introspection for ROS interfaces[0m
[2.795s] [ 38%] [32mBuilding CXX object CMakeFiles/rosbridge_msgs__rosidl_typesupport_c.dir/rosidl_typesupport_c/rosbridge_msgs/msg/connected_client__type_support.cpp.o[0m
[2.796s] [ 40%] [32mBuilding CXX object CMakeFiles/rosbridge_msgs__rosidl_typesupport_c.dir/rosidl_typesupport_c/rosbridge_msgs/msg/connected_clients__type_support.cpp.o[0m
[2.821s] [ 43%] [32mBuilding CXX object CMakeFiles/rosbridge_msgs__rosidl_typesupport_fastrtps_c.dir/rosidl_typesupport_fastrtps_c/rosbridge_msgs/msg/detail/connected_client__type_support_c.cpp.o[0m
[2.821s] [ 45%] [32mBuilding CXX object CMakeFiles/rosbridge_msgs__rosidl_typesupport_fastrtps_c.dir/rosidl_typesupport_fastrtps_c/rosbridge_msgs/msg/detail/connected_clients__type_support_c.cpp.o[0m
[2.825s] [ 47%] [32mBuilding CXX object CMakeFiles/rosbridge_msgs__rosidl_typesupport_fastrtps_cpp.dir/rosidl_typesupport_fastrtps_cpp/rosbridge_msgs/msg/detail/dds_fastrtps/connected_clients__type_support.cpp.o[0m
[2.826s] [ 50%] [32mBuilding CXX object CMakeFiles/rosbridge_msgs__rosidl_typesupport_fastrtps_cpp.dir/rosidl_typesupport_fastrtps_cpp/rosbridge_msgs/msg/detail/dds_fastrtps/connected_client__type_support.cpp.o[0m
[2.827s] [ 52%] [32m[1mLinking CXX shared library librosbridge_msgs__rosidl_typesupport_c.so[0m
[2.830s] [ 54%] [32mBuilding CXX object CMakeFiles/rosbridge_msgs__rosidl_typesupport_cpp.dir/rosidl_typesupport_cpp/rosbridge_msgs/msg/connected_client__type_support.cpp.o[0m
[2.830s] [ 56%] [32mBuilding CXX object CMakeFiles/rosbridge_msgs__rosidl_typesupport_cpp.dir/rosidl_typesupport_cpp/rosbridge_msgs/msg/connected_clients__type_support.cpp.o[0m
[2.849s] [ 59%] [32mBuilding CXX object CMakeFiles/rosbridge_msgs__rosidl_typesupport_introspection_cpp.dir/rosidl_typesupport_introspection_cpp/rosbridge_msgs/msg/detail/connected_client__type_support.cpp.o[0m
[2.849s] [ 61%] [32mBuilding CXX object CMakeFiles/rosbridge_msgs__rosidl_typesupport_introspection_cpp.dir/rosidl_typesupport_introspection_cpp/rosbridge_msgs/msg/detail/connected_clients__type_support.cpp.o[0m
[2.856s] [ 61%] Built target rosbridge_msgs__rosidl_typesupport_c
[2.932s] [ 63%] [32mBuilding C object CMakeFiles/rosbridge_msgs__rosidl_typesupport_introspection_c.dir/rosidl_typesupport_introspection_c/rosbridge_msgs/msg/detail/connected_client__type_support.c.o[0m
[2.933s] [ 65%] [32mBuilding C object CMakeFiles/rosbridge_msgs__rosidl_typesupport_introspection_c.dir/rosidl_typesupport_introspection_c/rosbridge_msgs/msg/detail/connected_clients__type_support.c.o[0m
[2.968s] [ 68%] [32m[1mLinking C shared library librosbridge_msgs__rosidl_typesupport_introspection_c.so[0m
[2.988s] [ 68%] Built target rosbridge_msgs__rosidl_typesupport_introspection_c
[3.155s] [ 70%] [32m[1mLinking CXX shared library librosbridge_msgs__rosidl_typesupport_fastrtps_c.so[0m
[3.222s] [ 72%] [32m[1mLinking CXX shared library librosbridge_msgs__rosidl_typesupport_cpp.so[0m
[3.240s] [ 75%] [32m[1mLinking CXX shared library librosbridge_msgs__rosidl_typesupport_introspection_cpp.so[0m
[3.245s] [ 75%] Built target rosbridge_msgs__rosidl_typesupport_cpp
[3.249s] [ 75%] Built target rosbridge_msgs__rosidl_typesupport_fastrtps_c
[3.285s] [ 75%] Built target rosbridge_msgs__rosidl_typesupport_introspection_cpp
[3.365s] [ 77%] [32m[1mLinking CXX shared library librosbridge_msgs__rosidl_typesupport_fastrtps_cpp.so[0m
[3.405s] [ 77%] Built target rosbridge_msgs__rosidl_typesupport_fastrtps_cpp
[3.410s] [ 77%] Built target rosbridge_msgs
[3.416s] [ 79%] [34m[1mGenerating Python code for ROS interfaces[0m
[3.674s] [ 79%] Built target rosbridge_msgs__py
[3.679s] [ 81%] [32mBuilding C object CMakeFiles/rosbridge_msgs__rosidl_generator_py.dir/rosidl_generator_py/rosbridge_msgs/msg/_connected_client_s.c.o[0m
[3.679s] [ 84%] [32mBuilding C object CMakeFiles/rosbridge_msgs__rosidl_generator_py.dir/rosidl_generator_py/rosbridge_msgs/msg/_connected_clients_s.c.o[0m
[3.748s] [ 86%] [32m[1mLinking C shared library rosidl_generator_py/rosbridge_msgs/librosbridge_msgs__rosidl_generator_py.so[0m
[3.767s] [ 86%] Built target rosbridge_msgs__rosidl_generator_py
[3.773s] [ 90%] [32mBuilding C object CMakeFiles/rosbridge_msgs__rosidl_typesupport_fastrtps_c__pyext.dir/rosidl_generator_py/rosbridge_msgs/_rosbridge_msgs_s.ep.rosidl_typesupport_fastrtps_c.c.o[0m
[3.773s] [ 90%] [32mBuilding C object CMakeFiles/rosbridge_msgs__rosidl_typesupport_introspection_c__pyext.dir/rosidl_generator_py/rosbridge_msgs/_rosbridge_msgs_s.ep.rosidl_typesupport_introspection_c.c.o[0m
[3.776s] [ 93%] [32mBuilding C object CMakeFiles/rosbridge_msgs__rosidl_typesupport_c__pyext.dir/rosidl_generator_py/rosbridge_msgs/_rosbridge_msgs_s.ep.rosidl_typesupport_c.c.o[0m
[3.840s] [ 95%] [32m[1mLinking C shared library rosidl_generator_py/rosbridge_msgs/rosbridge_msgs_s__rosidl_typesupport_fastrtps_c.cpython-310-x86_64-linux-gnu.so[0m
[3.843s] [ 97%] [32m[1mLinking C shared library rosidl_generator_py/rosbridge_msgs/rosbridge_msgs_s__rosidl_typesupport_c.cpython-310-x86_64-linux-gnu.so[0m
[3.857s] [ 97%] Built target rosbridge_msgs__rosidl_typesupport_fastrtps_c__pyext
[3.859s] [ 97%] Built target rosbridge_msgs__rosidl_typesupport_c__pyext
[3.876s] [100%] [32m[1mLinking C shared library rosidl_generator_py/rosbridge_msgs/rosbridge_msgs_s__rosidl_typesupport_introspection_c.cpython-310-x86_64-linux-gnu.so[0m
[3.893s] [100%] Built target rosbridge_msgs__rosidl_typesupport_introspection_c__pyext
[3.899s] Invoked command in '/home/jason/Desktop/STUDY/Cobra-Driver/workspace/build/rosbridge_msgs' returned '0': CMAKE_PREFIX_PATH=${CMAKE_PREFIX_PATH}:/home/jason/Desktop/STUDY/Cobra-Driver/workspace/install/yolov5_ros2:/home/jason/Desktop/STUDY/Cobra-Driver/workspace/install/udp_to_ros:/home/jason/Desktop/STUDY/Cobra-Driver/workspace/install/tcp_cam_sender:/home/jason/Desktop/STUDY/Cobra-Driver/workspace/install/common:/opt/ros/iron /home/jason/.local/bin/cmake --build /home/jason/Desktop/STUDY/Cobra-Driver/workspace/build/rosbridge_msgs -- -j16 -l16
[3.993s] Invoking command in '/home/jason/Desktop/STUDY/Cobra-Driver/workspace/build/rosbridge_msgs': CMAKE_PREFIX_PATH=${CMAKE_PREFIX_PATH}:/home/jason/Desktop/STUDY/Cobra-Driver/workspace/install/yolov5_ros2:/home/jason/Desktop/STUDY/Cobra-Driver/workspace/install/udp_to_ros:/home/jason/Desktop/STUDY/Cobra-Driver/workspace/install/tcp_cam_sender:/home/jason/Desktop/STUDY/Cobra-Driver/workspace/install/common:/opt/ros/iron /home/jason/.local/bin/cmake --install /home/jason/Desktop/STUDY/Cobra-Driver/workspace/build/rosbridge_msgs
[4.013s] -- Install configuration: ""
[4.013s] -- Installing: /home/jason/Desktop/STUDY/Cobra-Driver/workspace/install/rosbridge_msgs/share/ament_index/resource_index/rosidl_interfaces/rosbridge_msgs
[4.013s] -- Installing: /home/jason/Desktop/STUDY/Cobra-Driver/workspace/install/rosbridge_msgs/share/rosbridge_msgs/msg/ConnectedClient.json
[4.013s] -- Installing: /home/jason/Desktop/STUDY/Cobra-Driver/workspace/install/rosbridge_msgs/share/rosbridge_msgs/msg/ConnectedClients.json
[4.013s] -- Installing: /home/jason/Desktop/STUDY/Cobra-Driver/workspace/install/rosbridge_msgs/include/rosbridge_msgs/rosbridge_msgs
[4.014s] -- Installing: /home/jason/Desktop/STUDY/Cobra-Driver/workspace/install/rosbridge_msgs/include/rosbridge_msgs/rosbridge_msgs/msg
[4.014s] -- Installing: /home/jason/Desktop/STUDY/Cobra-Driver/workspace/install/rosbridge_msgs/include/rosbridge_msgs/rosbridge_msgs/msg/connected_client.h
[4.014s] -- Installing: /home/jason/Desktop/STUDY/Cobra-Driver/workspace/install/rosbridge_msgs/include/rosbridge_msgs/rosbridge_msgs/msg/connected_clients.h
[4.014s] -- Installing: /home/jason/Desktop/STUDY/Cobra-Driver/workspace/install/rosbridge_msgs/include/rosbridge_msgs/rosbridge_msgs/msg/rosidl_generator_c__visibility_control.h
[4.014s] -- Installing: /home/jason/Desktop/STUDY/Cobra-Driver/workspace/install/rosbridge_msgs/include/rosbridge_msgs/rosbridge_msgs/msg/detail
[4.014s] -- Installing: /home/jason/Desktop/STUDY/Cobra-Driver/workspace/install/rosbridge_msgs/include/rosbridge_msgs/rosbridge_msgs/msg/detail/connected_clients__functions.c
[4.014s] -- Installing: /home/jason/Desktop/STUDY/Cobra-Driver/workspace/install/rosbridge_msgs/include/rosbridge_msgs/rosbridge_msgs/msg/detail/connected_client__description.c
[4.014s] -- Installing: /home/jason/Desktop/STUDY/Cobra-Driver/workspace/install/rosbridge_msgs/include/rosbridge_msgs/rosbridge_msgs/msg/detail/connected_clients__struct.h
[4.015s] -- Installing: /home/jason/Desktop/STUDY/Cobra-Driver/workspace/install/rosbridge_msgs/include/rosbridge_msgs/rosbridge_msgs/msg/detail/connected_clients__type_support.h
[4.015s] -- Installing: /home/jason/Desktop/STUDY/Cobra-Driver/workspace/install/rosbridge_msgs/include/rosbridge_msgs/rosbridge_msgs/msg/detail/connected_clients__functions.h
[4.015s] -- Installing: /home/jason/Desktop/STUDY/Cobra-Driver/workspace/install/rosbridge_msgs/include/rosbridge_msgs/rosbridge_msgs/msg/detail/connected_client__functions.c
[4.015s] -- Installing: /home/jason/Desktop/STUDY/Cobra-Driver/workspace/install/rosbridge_msgs/include/rosbridge_msgs/rosbridge_msgs/msg/detail/connected_clients__type_support.c
[4.015s] -- Installing: /home/jason/Desktop/STUDY/Cobra-Driver/workspace/install/rosbridge_msgs/include/rosbridge_msgs/rosbridge_msgs/msg/detail/connected_client__struct.h
[4.015s] -- Installing: /home/jason/Desktop/STUDY/Cobra-Driver/workspace/install/rosbridge_msgs/include/rosbridge_msgs/rosbridge_msgs/msg/detail/connected_client__type_support.h
[4.015s] -- Installing: /home/jason/Desktop/STUDY/Cobra-Driver/workspace/install/rosbridge_msgs/include/rosbridge_msgs/rosbridge_msgs/msg/detail/connected_client__type_support.c
[4.015s] -- Installing: /home/jason/Desktop/STUDY/Cobra-Driver/workspace/install/rosbridge_msgs/include/rosbridge_msgs/rosbridge_msgs/msg/detail/connected_client__functions.h
[4.015s] -- Installing: /home/jason/Desktop/STUDY/Cobra-Driver/workspace/install/rosbridge_msgs/include/rosbridge_msgs/rosbridge_msgs/msg/detail/connected_clients__description.c
[4.016s] -- Installing: /home/jason/Desktop/STUDY/Cobra-Driver/workspace/install/rosbridge_msgs/share/rosbridge_msgs/environment/library_path.sh
[4.016s] -- Installing: /home/jason/Desktop/STUDY/Cobra-Driver/workspace/install/rosbridge_msgs/share/rosbridge_msgs/environment/library_path.dsv
[4.016s] -- Installing: /home/jason/Desktop/STUDY/Cobra-Driver/workspace/install/rosbridge_msgs/lib/librosbridge_msgs__rosidl_generator_c.so
[4.016s] -- Set runtime path of "/home/jason/Desktop/STUDY/Cobra-Driver/workspace/install/rosbridge_msgs/lib/librosbridge_msgs__rosidl_generator_c.so" to ""
[4.016s] -- Up-to-date: /home/jason/Desktop/STUDY/Cobra-Driver/workspace/install/rosbridge_msgs/include/rosbridge_msgs/rosbridge_msgs
[4.016s] -- Up-to-date: /home/jason/Desktop/STUDY/Cobra-Driver/workspace/install/rosbridge_msgs/include/rosbridge_msgs/rosbridge_msgs/msg
[4.016s] -- Installing: /home/jason/Desktop/STUDY/Cobra-Driver/workspace/install/rosbridge_msgs/include/rosbridge_msgs/rosbridge_msgs/msg/rosidl_typesupport_fastrtps_c__visibility_control.h
[4.016s] -- Up-to-date: /home/jason/Desktop/STUDY/Cobra-Driver/workspace/install/rosbridge_msgs/include/rosbridge_msgs/rosbridge_msgs/msg/detail
[4.017s] -- Installing: /home/jason/Desktop/STUDY/Cobra-Driver/workspace/install/rosbridge_msgs/include/rosbridge_msgs/rosbridge_msgs/msg/detail/connected_client__rosidl_typesupport_fastrtps_c.h
[4.017s] -- Installing: /home/jason/Desktop/STUDY/Cobra-Driver/workspace/install/rosbridge_msgs/include/rosbridge_msgs/rosbridge_msgs/msg/detail/connected_clients__rosidl_typesupport_fastrtps_c.h
[4.017s] -- Installing: /home/jason/Desktop/STUDY/Cobra-Driver/workspace/install/rosbridge_msgs/lib/librosbridge_msgs__rosidl_typesupport_fastrtps_c.so
[4.017s] -- Set runtime path of "/home/jason/Desktop/STUDY/Cobra-Driver/workspace/install/rosbridge_msgs/lib/librosbridge_msgs__rosidl_typesupport_fastrtps_c.so" to ""
[4.017s] -- Up-to-date: /home/jason/Desktop/STUDY/Cobra-Driver/workspace/install/rosbridge_msgs/include/rosbridge_msgs/rosbridge_msgs
[4.017s] -- Up-to-date: /home/jason/Desktop/STUDY/Cobra-Driver/workspace/install/rosbridge_msgs/include/rosbridge_msgs/rosbridge_msgs/msg
[4.017s] -- Installing: /home/jason/Desktop/STUDY/Cobra-Driver/workspace/install/rosbridge_msgs/include/rosbridge_msgs/rosbridge_msgs/msg/connected_client.hpp
[4.017s] -- Installing: /home/jason/Desktop/STUDY/Cobra-Driver/workspace/install/rosbridge_msgs/include/rosbridge_msgs/rosbridge_msgs/msg/connected_clients.hpp
[4.017s] -- Up-to-date: /home/jason/Desktop/STUDY/Cobra-Driver/workspace/install/rosbridge_msgs/include/rosbridge_msgs/rosbridge_msgs/msg/detail
[4.017s] -- Installing: /home/jason/Desktop/STUDY/Cobra-Driver/workspace/install/rosbridge_msgs/include/rosbridge_msgs/rosbridge_msgs/msg/detail/connected_client__struct.hpp
[4.018s] -- Installing: /home/jason/Desktop/STUDY/Cobra-Driver/workspace/install/rosbridge_msgs/include/rosbridge_msgs/rosbridge_msgs/msg/detail/connected_client__traits.hpp
[4.018s] -- Installing: /home/jason/Desktop/STUDY/Cobra-Driver/workspace/install/rosbridge_msgs/include/rosbridge_msgs/rosbridge_msgs/msg/detail/connected_client__builder.hpp
[4.018s] -- Installing: /home/jason/Desktop/STUDY/Cobra-Driver/workspace/install/rosbridge_msgs/include/rosbridge_msgs/rosbridge_msgs/msg/detail/connected_clients__traits.hpp
[4.018s] -- Installing: /home/jason/Desktop/STUDY/Cobra-Driver/workspace/install/rosbridge_msgs/include/rosbridge_msgs/rosbridge_msgs/msg/detail/connected_clients__builder.hpp
[4.018s] -- Installing: /home/jason/Desktop/STUDY/Cobra-Driver/workspace/install/rosbridge_msgs/include/rosbridge_msgs/rosbridge_msgs/msg/detail/connected_clients__struct.hpp
[4.018s] -- Up-to-date: /home/jason/Desktop/STUDY/Cobra-Driver/workspace/install/rosbridge_msgs/include/rosbridge_msgs/rosbridge_msgs
[4.018s] -- Up-to-date: /home/jason/Desktop/STUDY/Cobra-Driver/workspace/install/rosbridge_msgs/include/rosbridge_msgs/rosbridge_msgs/msg
[4.018s] -- Installing: /home/jason/Desktop/STUDY/Cobra-Driver/workspace/install/rosbridge_msgs/include/rosbridge_msgs/rosbridge_msgs/msg/rosidl_typesupport_fastrtps_cpp__visibility_control.h
[4.018s] -- Up-to-date: /home/jason/Desktop/STUDY/Cobra-Driver/workspace/install/rosbridge_msgs/include/rosbridge_msgs/rosbridge_msgs/msg/detail
[4.018s] -- Installing: /home/jason/Desktop/STUDY/Cobra-Driver/workspace/install/rosbridge_msgs/include/rosbridge_msgs/rosbridge_msgs/msg/detail/connected_clients__rosidl_typesupport_fastrtps_cpp.hpp
[4.019s] -- Installing: /home/jason/Desktop/STUDY/Cobra-Driver/workspace/install/rosbridge_msgs/include/rosbridge_msgs/rosbridge_msgs/msg/detail/connected_client__rosidl_typesupport_fastrtps_cpp.hpp
[4.019s] -- Installing: /home/jason/Desktop/STUDY/Cobra-Driver/workspace/install/rosbridge_msgs/include/rosbridge_msgs/rosbridge_msgs/msg/detail/dds_fastrtps
[4.019s] -- Installing: /home/jason/Desktop/STUDY/Cobra-Driver/workspace/install/rosbridge_msgs/lib/librosbridge_msgs__rosidl_typesupport_fastrtps_cpp.so
[4.019s] -- Set runtime path of "/home/jason/Desktop/STUDY/Cobra-Driver/workspace/install/rosbridge_msgs/lib/librosbridge_msgs__rosidl_typesupport_fastrtps_cpp.so" to ""
[4.019s] -- Up-to-date: /home/jason/Desktop/STUDY/Cobra-Driver/workspace/install/rosbridge_msgs/include/rosbridge_msgs/rosbridge_msgs
[4.019s] -- Up-to-date: /home/jason/Desktop/STUDY/Cobra-Driver/workspace/install/rosbridge_msgs/include/rosbridge_msgs/rosbridge_msgs/msg
[4.019s] -- Installing: /home/jason/Desktop/STUDY/Cobra-Driver/workspace/install/rosbridge_msgs/include/rosbridge_msgs/rosbridge_msgs/msg/rosidl_typesupport_introspection_c__visibility_control.h
[4.019s] -- Up-to-date: /home/jason/Desktop/STUDY/Cobra-Driver/workspace/install/rosbridge_msgs/include/rosbridge_msgs/rosbridge_msgs/msg/detail
[4.019s] -- Installing: /home/jason/Desktop/STUDY/Cobra-Driver/workspace/install/rosbridge_msgs/include/rosbridge_msgs/rosbridge_msgs/msg/detail/connected_clients__rosidl_typesupport_introspection_c.h
[4.020s] -- Up-to-date: /home/jason/Desktop/STUDY/Cobra-Driver/workspace/install/rosbridge_msgs/include/rosbridge_msgs/rosbridge_msgs/msg/detail/connected_clients__type_support.c
[4.020s] -- Installing: /home/jason/Desktop/STUDY/Cobra-Driver/workspace/install/rosbridge_msgs/include/rosbridge_msgs/rosbridge_msgs/msg/detail/connected_client__rosidl_typesupport_introspection_c.h
[4.020s] -- Up-to-date: /home/jason/Desktop/STUDY/Cobra-Driver/workspace/install/rosbridge_msgs/include/rosbridge_msgs/rosbridge_msgs/msg/detail/connected_client__type_support.c
[4.020s] -- Installing: /home/jason/Desktop/STUDY/Cobra-Driver/workspace/install/rosbridge_msgs/lib/librosbridge_msgs__rosidl_typesupport_introspection_c.so
[4.020s] -- Set runtime path of "/home/jason/Desktop/STUDY/Cobra-Driver/workspace/install/rosbridge_msgs/lib/librosbridge_msgs__rosidl_typesupport_introspection_c.so" to ""
[4.020s] -- Installing: /home/jason/Desktop/STUDY/Cobra-Driver/workspace/install/rosbridge_msgs/lib/librosbridge_msgs__rosidl_typesupport_c.so
[4.020s] -- Set runtime path of "/home/jason/Desktop/STUDY/Cobra-Driver/workspace/install/rosbridge_msgs/lib/librosbridge_msgs__rosidl_typesupport_c.so" to ""
[4.020s] -- Up-to-date: /home/jason/Desktop/STUDY/Cobra-Driver/workspace/install/rosbridge_msgs/include/rosbridge_msgs/rosbridge_msgs
[4.020s] -- Up-to-date: /home/jason/Desktop/STUDY/Cobra-Driver/workspace/install/rosbridge_msgs/include/rosbridge_msgs/rosbridge_msgs/msg
[4.020s] -- Up-to-date: /home/jason/Desktop/STUDY/Cobra-Driver/workspace/install/rosbridge_msgs/include/rosbridge_msgs/rosbridge_msgs/msg/detail
[4.021s] -- Installing: /home/jason/Desktop/STUDY/Cobra-Driver/workspace/install/rosbridge_msgs/include/rosbridge_msgs/rosbridge_msgs/msg/detail/connected_clients__rosidl_typesupport_introspection_cpp.hpp
[4.021s] -- Installing: /home/jason/Desktop/STUDY/Cobra-Driver/workspace/install/rosbridge_msgs/include/rosbridge_msgs/rosbridge_msgs/msg/detail/connected_clients__type_support.cpp
[4.021s] -- Installing: /home/jason/Desktop/STUDY/Cobra-Driver/workspace/install/rosbridge_msgs/include/rosbridge_msgs/rosbridge_msgs/msg/detail/connected_client__type_support.cpp
[4.021s] -- Installing: /home/jason/Desktop/STUDY/Cobra-Driver/workspace/install/rosbridge_msgs/include/rosbridge_msgs/rosbridge_msgs/msg/detail/connected_client__rosidl_typesupport_introspection_cpp.hpp
[4.021s] -- Installing: /home/jason/Desktop/STUDY/Cobra-Driver/workspace/install/rosbridge_msgs/lib/librosbridge_msgs__rosidl_typesupport_introspection_cpp.so
[4.021s] -- Set runtime path of "/home/jason/Desktop/STUDY/Cobra-Driver/workspace/install/rosbridge_msgs/lib/librosbridge_msgs__rosidl_typesupport_introspection_cpp.so" to ""
[4.021s] -- Installing: /home/jason/Desktop/STUDY/Cobra-Driver/workspace/install/rosbridge_msgs/lib/librosbridge_msgs__rosidl_typesupport_cpp.so
[4.021s] -- Set runtime path of "/home/jason/Desktop/STUDY/Cobra-Driver/workspace/install/rosbridge_msgs/lib/librosbridge_msgs__rosidl_typesupport_cpp.so" to ""
[4.021s] -- Installing: /home/jason/Desktop/STUDY/Cobra-Driver/workspace/install/rosbridge_msgs/share/rosbridge_msgs/environment/pythonpath.sh
[4.021s] -- Installing: /home/jason/Desktop/STUDY/Cobra-Driver/workspace/install/rosbridge_msgs/share/rosbridge_msgs/environment/pythonpath.dsv
[4.021s] -- Installing: /home/jason/Desktop/STUDY/Cobra-Driver/workspace/install/rosbridge_msgs/lib/python3.10/site-packages/rosbridge_msgs-1.3.1-py3.10.egg-info
[4.022s] -- Installing: /home/jason/Desktop/STUDY/Cobra-Driver/workspace/install/rosbridge_msgs/lib/python3.10/site-packages/rosbridge_msgs-1.3.1-py3.10.egg-info/top_level.txt
[4.022s] -- Installing: /home/jason/Desktop/STUDY/Cobra-Driver/workspace/install/rosbridge_msgs/lib/python3.10/site-packages/rosbridge_msgs-1.3.1-py3.10.egg-info/dependency_links.txt
[4.022s] -- Installing: /home/jason/Desktop/STUDY/Cobra-Driver/workspace/install/rosbridge_msgs/lib/python3.10/site-packages/rosbridge_msgs-1.3.1-py3.10.egg-info/SOURCES.txt
[4.022s] -- Installing: /home/jason/Desktop/STUDY/Cobra-Driver/workspace/install/rosbridge_msgs/lib/python3.10/site-packages/rosbridge_msgs-1.3.1-py3.10.egg-info/PKG-INFO
[4.022s] -- Installing: /home/jason/Desktop/STUDY/Cobra-Driver/workspace/install/rosbridge_msgs/lib/python3.10/site-packages/rosbridge_msgs
[4.022s] -- Installing: /home/jason/Desktop/STUDY/Cobra-Driver/workspace/install/rosbridge_msgs/lib/python3.10/site-packages/rosbridge_msgs/rosbridge_msgs_s__rosidl_typesupport_c.cpython-310-x86_64-linux-gnu.so
[4.022s] -- Installing: /home/jason/Desktop/STUDY/Cobra-Driver/workspace/install/rosbridge_msgs/lib/python3.10/site-packages/rosbridge_msgs/__init__.py
[4.022s] -- Installing: /home/jason/Desktop/STUDY/Cobra-Driver/workspace/install/rosbridge_msgs/lib/python3.10/site-packages/rosbridge_msgs/_rosbridge_msgs_s.ep.rosidl_typesupport_fastrtps_c.c
[4.022s] -- Installing: /home/jason/Desktop/STUDY/Cobra-Driver/workspace/install/rosbridge_msgs/lib/python3.10/site-packages/rosbridge_msgs/_rosbridge_msgs_s.ep.rosidl_typesupport_introspection_c.c
[4.022s] -- Installing: /home/jason/Desktop/STUDY/Cobra-Driver/workspace/install/rosbridge_msgs/lib/python3.10/site-packages/rosbridge_msgs/rosbridge_msgs_s__rosidl_typesupport_fastrtps_c.cpython-310-x86_64-linux-gnu.so
[4.022s] -- Installing: /home/jason/Desktop/STUDY/Cobra-Driver/workspace/install/rosbridge_msgs/lib/python3.10/site-packages/rosbridge_msgs/_rosbridge_msgs_s.ep.rosidl_typesupport_c.c
[4.023s] -- Installing: /home/jason/Desktop/STUDY/Cobra-Driver/workspace/install/rosbridge_msgs/lib/python3.10/site-packages/rosbridge_msgs/librosbridge_msgs__rosidl_generator_py.so
[4.023s] -- Installing: /home/jason/Desktop/STUDY/Cobra-Driver/workspace/install/rosbridge_msgs/lib/python3.10/site-packages/rosbridge_msgs/msg
[4.023s] -- Installing: /home/jason/Desktop/STUDY/Cobra-Driver/workspace/install/rosbridge_msgs/lib/python3.10/site-packages/rosbridge_msgs/msg/_connected_client_s.c
[4.023s] -- Installing: /home/jason/Desktop/STUDY/Cobra-Driver/workspace/install/rosbridge_msgs/lib/python3.10/site-packages/rosbridge_msgs/msg/_connected_clients.py
[4.023s] -- Installing: /home/jason/Desktop/STUDY/Cobra-Driver/workspace/install/rosbridge_msgs/lib/python3.10/site-packages/rosbridge_msgs/msg/_connected_client.py
[4.023s] -- Installing: /home/jason/Desktop/STUDY/Cobra-Driver/workspace/install/rosbridge_msgs/lib/python3.10/site-packages/rosbridge_msgs/msg/_connected_clients_s.c
[4.023s] -- Installing: /home/jason/Desktop/STUDY/Cobra-Driver/workspace/install/rosbridge_msgs/lib/python3.10/site-packages/rosbridge_msgs/msg/__init__.py
[4.023s] -- Installing: /home/jason/Desktop/STUDY/Cobra-Driver/workspace/install/rosbridge_msgs/lib/python3.10/site-packages/rosbridge_msgs/rosbridge_msgs_s__rosidl_typesupport_introspection_c.cpython-310-x86_64-linux-gnu.so
[4.046s] Listing '/home/jason/Desktop/STUDY/Cobra-Driver/workspace/install/rosbridge_msgs/lib/python3.10/site-packages/rosbridge_msgs'...
[4.046s] Compiling '/home/jason/Desktop/STUDY/Cobra-Driver/workspace/install/rosbridge_msgs/lib/python3.10/site-packages/rosbridge_msgs/__init__.py'...
[4.046s] Listing '/home/jason/Desktop/STUDY/Cobra-Driver/workspace/install/rosbridge_msgs/lib/python3.10/site-packages/rosbridge_msgs/msg'...
[4.046s] Compiling '/home/jason/Desktop/STUDY/Cobra-Driver/workspace/install/rosbridge_msgs/lib/python3.10/site-packages/rosbridge_msgs/msg/__init__.py'...
[4.046s] Compiling '/home/jason/Desktop/STUDY/Cobra-Driver/workspace/install/rosbridge_msgs/lib/python3.10/site-packages/rosbridge_msgs/msg/_connected_client.py'...
[4.046s] Compiling '/home/jason/Desktop/STUDY/Cobra-Driver/workspace/install/rosbridge_msgs/lib/python3.10/site-packages/rosbridge_msgs/msg/_connected_clients.py'...
[4.049s] -- Installing: /home/jason/Desktop/STUDY/Cobra-Driver/workspace/install/rosbridge_msgs/lib/python3.10/site-packages/rosbridge_msgs/rosbridge_msgs_s__rosidl_typesupport_fastrtps_c.cpython-310-x86_64-linux-gnu.so
[4.049s] -- Set runtime path of "/home/jason/Desktop/STUDY/Cobra-Driver/workspace/install/rosbridge_msgs/lib/python3.10/site-packages/rosbridge_msgs/rosbridge_msgs_s__rosidl_typesupport_fastrtps_c.cpython-310-x86_64-linux-gnu.so" to ""
[4.049s] -- Installing: /home/jason/Desktop/STUDY/Cobra-Driver/workspace/install/rosbridge_msgs/lib/python3.10/site-packages/rosbridge_msgs/rosbridge_msgs_s__rosidl_typesupport_introspection_c.cpython-310-x86_64-linux-gnu.so
[4.050s] -- Set runtime path of "/home/jason/Desktop/STUDY/Cobra-Driver/workspace/install/rosbridge_msgs/lib/python3.10/site-packages/rosbridge_msgs/rosbridge_msgs_s__rosidl_typesupport_introspection_c.cpython-310-x86_64-linux-gnu.so" to ""
[4.050s] -- Installing: /home/jason/Desktop/STUDY/Cobra-Driver/workspace/install/rosbridge_msgs/lib/python3.10/site-packages/rosbridge_msgs/rosbridge_msgs_s__rosidl_typesupport_c.cpython-310-x86_64-linux-gnu.so
[4.050s] -- Set runtime path of "/home/jason/Desktop/STUDY/Cobra-Driver/workspace/install/rosbridge_msgs/lib/python3.10/site-packages/rosbridge_msgs/rosbridge_msgs_s__rosidl_typesupport_c.cpython-310-x86_64-linux-gnu.so" to ""
[4.050s] -- Installing: /home/jason/Desktop/STUDY/Cobra-Driver/workspace/install/rosbridge_msgs/lib/librosbridge_msgs__rosidl_generator_py.so
[4.050s] -- Set runtime path of "/home/jason/Desktop/STUDY/Cobra-Driver/workspace/install/rosbridge_msgs/lib/librosbridge_msgs__rosidl_generator_py.so" to ""
[4.051s] -- Installing: /home/jason/Desktop/STUDY/Cobra-Driver/workspace/install/rosbridge_msgs/share/rosbridge_msgs/msg/ConnectedClient.idl
[4.051s] -- Installing: /home/jason/Desktop/STUDY/Cobra-Driver/workspace/install/rosbridge_msgs/share/rosbridge_msgs/msg/ConnectedClients.idl
[4.051s] -- Installing: /home/jason/Desktop/STUDY/Cobra-Driver/workspace/install/rosbridge_msgs/share/rosbridge_msgs/msg/ConnectedClient.msg
[4.051s] -- Installing: /home/jason/Desktop/STUDY/Cobra-Driver/workspace/install/rosbridge_msgs/share/rosbridge_msgs/msg/ConnectedClients.msg
[4.051s] -- Installing: /home/jason/Desktop/STUDY/Cobra-Driver/workspace/install/rosbridge_msgs/share/ament_index/resource_index/package_run_dependencies/rosbridge_msgs
[4.051s] -- Installing: /home/jason/Desktop/STUDY/Cobra-Driver/workspace/install/rosbridge_msgs/share/ament_index/resource_index/parent_prefix_path/rosbridge_msgs
[4.051s] -- Installing: /home/jason/Desktop/STUDY/Cobra-Driver/workspace/install/rosbridge_msgs/share/rosbridge_msgs/environment/ament_prefix_path.sh
[4.052s] -- Installing: /home/jason/Desktop/STUDY/Cobra-Driver/workspace/install/rosbridge_msgs/share/rosbridge_msgs/environment/ament_prefix_path.dsv
[4.052s] -- Installing: /home/jason/Desktop/STUDY/Cobra-Driver/workspace/install/rosbridge_msgs/share/rosbridge_msgs/environment/path.sh
[4.052s] -- Installing: /home/jason/Desktop/STUDY/Cobra-Driver/workspace/install/rosbridge_msgs/share/rosbridge_msgs/environment/path.dsv
[4.052s] -- Installing: /home/jason/Desktop/STUDY/Cobra-Driver/workspace/install/rosbridge_msgs/share/rosbridge_msgs/local_setup.bash
[4.052s] -- Installing: /home/jason/Desktop/STUDY/Cobra-Driver/workspace/install/rosbridge_msgs/share/rosbridge_msgs/local_setup.sh
[4.052s] -- Installing: /home/jason/Desktop/STUDY/Cobra-Driver/workspace/install/rosbridge_msgs/share/rosbridge_msgs/local_setup.zsh
[4.052s] -- Installing: /home/jason/Desktop/STUDY/Cobra-Driver/workspace/install/rosbridge_msgs/share/rosbridge_msgs/local_setup.dsv
[4.052s] -- Installing: /home/jason/Desktop/STUDY/Cobra-Driver/workspace/install/rosbridge_msgs/share/rosbridge_msgs/package.dsv
[4.053s] -- Installing: /home/jason/Desktop/STUDY/Cobra-Driver/workspace/install/rosbridge_msgs/share/ament_index/resource_index/packages/rosbridge_msgs
[4.053s] -- Installing: /home/jason/Desktop/STUDY/Cobra-Driver/workspace/install/rosbridge_msgs/share/rosbridge_msgs/cmake/export_rosbridge_msgs__rosidl_generator_cExport.cmake
[4.053s] -- Installing: /home/jason/Desktop/STUDY/Cobra-Driver/workspace/install/rosbridge_msgs/share/rosbridge_msgs/cmake/export_rosbridge_msgs__rosidl_generator_cExport-noconfig.cmake
[4.053s] -- Installing: /home/jason/Desktop/STUDY/Cobra-Driver/workspace/install/rosbridge_msgs/share/rosbridge_msgs/cmake/export_rosbridge_msgs__rosidl_typesupport_fastrtps_cExport.cmake
[4.053s] -- Installing: /home/jason/Desktop/STUDY/Cobra-Driver/workspace/install/rosbridge_msgs/share/rosbridge_msgs/cmake/export_rosbridge_msgs__rosidl_typesupport_fastrtps_cExport-noconfig.cmake
[4.053s] -- Installing: /home/jason/Desktop/STUDY/Cobra-Driver/workspace/install/rosbridge_msgs/share/rosbridge_msgs/cmake/export_rosbridge_msgs__rosidl_generator_cppExport.cmake
[4.054s] -- Installing: /home/jason/Desktop/STUDY/Cobra-Driver/workspace/install/rosbridge_msgs/share/rosbridge_msgs/cmake/export_rosbridge_msgs__rosidl_typesupport_fastrtps_cppExport.cmake
[4.054s] -- Installing: /home/jason/Desktop/STUDY/Cobra-Driver/workspace/install/rosbridge_msgs/share/rosbridge_msgs/cmake/export_rosbridge_msgs__rosidl_typesupport_fastrtps_cppExport-noconfig.cmake
[4.054s] -- Installing: /home/jason/Desktop/STUDY/Cobra-Driver/workspace/install/rosbridge_msgs/share/rosbridge_msgs/cmake/rosbridge_msgs__rosidl_typesupport_introspection_cExport.cmake
[4.054s] -- Installing: /home/jason/Desktop/STUDY/Cobra-Driver/workspace/install/rosbridge_msgs/share/rosbridge_msgs/cmake/rosbridge_msgs__rosidl_typesupport_introspection_cExport-noconfig.cmake
[4.054s] -- Installing: /home/jason/Desktop/STUDY/Cobra-Driver/workspace/install/rosbridge_msgs/share/rosbridge_msgs/cmake/rosbridge_msgs__rosidl_typesupport_cExport.cmake
[4.054s] -- Installing: /home/jason/Desktop/STUDY/Cobra-Driver/workspace/install/rosbridge_msgs/share/rosbridge_msgs/cmake/rosbridge_msgs__rosidl_typesupport_cExport-noconfig.cmake
[4.054s] -- Installing: /home/jason/Desktop/STUDY/Cobra-Driver/workspace/install/rosbridge_msgs/share/rosbridge_msgs/cmake/rosbridge_msgs__rosidl_typesupport_introspection_cppExport.cmake
[4.055s] -- Installing: /home/jason/Desktop/STUDY/Cobra-Driver/workspace/install/rosbridge_msgs/share/rosbridge_msgs/cmake/rosbridge_msgs__rosidl_typesupport_introspection_cppExport-noconfig.cmake
[4.055s] -- Installing: /home/jason/Desktop/STUDY/Cobra-Driver/workspace/install/rosbridge_msgs/share/rosbridge_msgs/cmake/rosbridge_msgs__rosidl_typesupport_cppExport.cmake
[4.055s] -- Installing: /home/jason/Desktop/STUDY/Cobra-Driver/workspace/install/rosbridge_msgs/share/rosbridge_msgs/cmake/rosbridge_msgs__rosidl_typesupport_cppExport-noconfig.cmake
[4.055s] -- Installing: /home/jason/Desktop/STUDY/Cobra-Driver/workspace/install/rosbridge_msgs/share/rosbridge_msgs/cmake/export_rosbridge_msgs__rosidl_generator_pyExport.cmake
[4.055s] -- Installing: /home/jason/Desktop/STUDY/Cobra-Driver/workspace/install/rosbridge_msgs/share/rosbridge_msgs/cmake/export_rosbridge_msgs__rosidl_generator_pyExport-noconfig.cmake
[4.055s] -- Installing: /home/jason/Desktop/STUDY/Cobra-Driver/workspace/install/rosbridge_msgs/share/rosbridge_msgs/cmake/rosidl_cmake-extras.cmake
[4.055s] -- Installing: /home/jason/Desktop/STUDY/Cobra-Driver/workspace/install/rosbridge_msgs/share/rosbridge_msgs/cmake/ament_cmake_export_dependencies-extras.cmake
[4.056s] -- Installing: /home/jason/Desktop/STUDY/Cobra-Driver/workspace/install/rosbridge_msgs/share/rosbridge_msgs/cmake/ament_cmake_export_include_directories-extras.cmake
[4.056s] -- Installing: /home/jason/Desktop/STUDY/Cobra-Driver/workspace/install/rosbridge_msgs/share/rosbridge_msgs/cmake/ament_cmake_export_libraries-extras.cmake
[4.056s] -- Installing: /home/jason/Desktop/STUDY/Cobra-Driver/workspace/install/rosbridge_msgs/share/rosbridge_msgs/cmake/ament_cmake_export_targets-extras.cmake
[4.056s] -- Installing: /home/jason/Desktop/STUDY/Cobra-Driver/workspace/install/rosbridge_msgs/share/rosbridge_msgs/cmake/rosidl_cmake_export_typesupport_targets-extras.cmake
[4.056s] -- Installing: /home/jason/Desktop/STUDY/Cobra-Driver/workspace/install/rosbridge_msgs/share/rosbridge_msgs/cmake/rosidl_cmake_export_typesupport_libraries-extras.cmake
[4.056s] -- Installing: /home/jason/Desktop/STUDY/Cobra-Driver/workspace/install/rosbridge_msgs/share/rosbridge_msgs/cmake/rosbridge_msgsConfig.cmake
[4.056s] -- Installing: /home/jason/Desktop/STUDY/Cobra-Driver/workspace/install/rosbridge_msgs/share/rosbridge_msgs/cmake/rosbridge_msgsConfig-version.cmake
[4.056s] -- Installing: /home/jason/Desktop/STUDY/Cobra-Driver/workspace/install/rosbridge_msgs/share/rosbridge_msgs/package.xml
[4.063s] Invoked command in '/home/jason/Desktop/STUDY/Cobra-Driver/workspace/build/rosbridge_msgs' returned '0': CMAKE_PREFIX_PATH=${CMAKE_PREFIX_PATH}:/home/jason/Desktop/STUDY/Cobra-Driver/workspace/install/yolov5_ros2:/home/jason/Desktop/STUDY/Cobra-Driver/workspace/install/udp_to_ros:/home/jason/Desktop/STUDY/Cobra-Driver/workspace/install/tcp_cam_sender:/home/jason/Desktop/STUDY/Cobra-Driver/workspace/install/common:/opt/ros/iron /home/jason/.local/bin/cmake --install /home/jason/Desktop/STUDY/Cobra-Driver/workspace/build/rosbridge_msgs
