[2.982s] Invoking command in '/home/jason/Desktop/STUDY/Cobra-Driver/workspace/src/yolov5_ros2': PYTHONPATH=/home/jason/Desktop/STUDY/Cobra-Driver/workspace/build/yolov5_ros2/prefix_override:/home/jason/Desktop/STUDY/Cobra-Driver/workspace/install/yolov5_ros2/lib/python3.10/site-packages:${PYTHONPATH} /usr/bin/python3 setup.py egg_info --egg-base ../../build/yolov5_ros2 build --build-base /home/jason/Desktop/STUDY/Cobra-Driver/workspace/build/yolov5_ros2/build install --record /home/jason/Desktop/STUDY/Cobra-Driver/workspace/build/yolov5_ros2/install.log --single-version-externally-managed
[3.327s] running egg_info
[3.346s] writing ../../build/yolov5_ros2/yolov5_ros2.egg-info/PKG-INFO
[3.346s] writing dependency_links to ../../build/yolov5_ros2/yolov5_ros2.egg-info/dependency_links.txt
[3.347s] writing entry points to ../../build/yolov5_ros2/yolov5_ros2.egg-info/entry_points.txt
[3.347s] writing requirements to ../../build/yolov5_ros2/yolov5_ros2.egg-info/requires.txt
[3.347s] writing top-level names to ../../build/yolov5_ros2/yolov5_ros2.egg-info/top_level.txt
[3.403s] reading manifest file '../../build/yolov5_ros2/yolov5_ros2.egg-info/SOURCES.txt'
[3.404s] writing manifest file '../../build/yolov5_ros2/yolov5_ros2.egg-info/SOURCES.txt'
[3.404s] running build
[3.404s] running build_py
[3.405s] running install
[3.406s] /home/jason/.local/lib/python3.10/site-packages/setuptools/_distutils/cmd.py:66: SetuptoolsDeprecationWarning: setup.py install is deprecated.
[3.406s] !!
[3.406s] 
[3.406s]         ********************************************************************************
[3.406s]         Please avoid running ``setup.py`` directly.
[3.406s]         Instead, use pypa/build, pypa/installer or other
[3.406s]         standards-based tools.
[3.406s] 
[3.406s]         See https://blog.ganssle.io/articles/2021/10/setup-py-deprecated.html for details.
[3.406s]         ********************************************************************************
[3.407s] 
[3.407s] !!
[3.407s]   self.initialize_options()
[3.408s] running install_lib
[3.417s] running install_data
[3.437s] running install_egg_info
[3.460s] removing '/home/jason/Desktop/STUDY/Cobra-Driver/workspace/install/yolov5_ros2/lib/python3.10/site-packages/yolov5_ros2-0.0.0-py3.10.egg-info' (and everything under it)
[3.461s] Copying ../../build/yolov5_ros2/yolov5_ros2.egg-info to /home/jason/Desktop/STUDY/Cobra-Driver/workspace/install/yolov5_ros2/lib/python3.10/site-packages/yolov5_ros2-0.0.0-py3.10.egg-info
[3.462s] running install_scripts
[3.658s] Installing yolo_cone_detector script to /home/jason/Desktop/STUDY/Cobra-Driver/workspace/install/yolov5_ros2/lib/yolov5_ros2
[3.658s] Installing yolo_detector script to /home/jason/Desktop/STUDY/Cobra-Driver/workspace/install/yolov5_ros2/lib/yolov5_ros2
[3.658s] writing list of installed files to '/home/jason/Desktop/STUDY/Cobra-Driver/workspace/build/yolov5_ros2/install.log'
[4.053s] Invoked command in '/home/jason/Desktop/STUDY/Cobra-Driver/workspace/src/yolov5_ros2' returned '0': PYTHONPATH=/home/jason/Desktop/STUDY/Cobra-Driver/workspace/build/yolov5_ros2/prefix_override:/home/jason/Desktop/STUDY/Cobra-Driver/workspace/install/yolov5_ros2/lib/python3.10/site-packages:${PYTHONPATH} /usr/bin/python3 setup.py egg_info --egg-base ../../build/yolov5_ros2 build --build-base /home/jason/Desktop/STUDY/Cobra-Driver/workspace/build/yolov5_ros2/build install --record /home/jason/Desktop/STUDY/Cobra-Driver/workspace/build/yolov5_ros2/install.log --single-version-externally-managed
