[0.522s] Invoking command in '/home/jason/Desktop/STUDY/Cobra-Driver/workspace/src/udp_to_ros': CONDA_PROMPT_MODIFIER=(base) PYTHONPATH=/home/jason/Desktop/STUDY/Cobra-Driver/workspace/src/build/udp_to_ros/prefix_override:/home/jason/Desktop/STUDY/Cobra-Driver/workspace/src/install/udp_to_ros/lib/python3.10/site-packages:${PYTHONPATH} /usr/bin/python3 setup.py egg_info --egg-base ../build/udp_to_ros build --build-base /home/jason/Desktop/STUDY/Cobra-Driver/workspace/src/build/udp_to_ros/build install --record /home/jason/Desktop/STUDY/Cobra-Driver/workspace/src/build/udp_to_ros/install.log --single-version-externally-managed
[0.719s] running egg_info
[0.719s] creating ../build/udp_to_ros/udp_to_ros.egg-info
[0.719s] writing ../build/udp_to_ros/udp_to_ros.egg-info/PKG-INFO
[0.719s] writing dependency_links to ../build/udp_to_ros/udp_to_ros.egg-info/dependency_links.txt
[0.719s] writing entry points to ../build/udp_to_ros/udp_to_ros.egg-info/entry_points.txt
[0.719s] writing requirements to ../build/udp_to_ros/udp_to_ros.egg-info/requires.txt
[0.719s] writing top-level names to ../build/udp_to_ros/udp_to_ros.egg-info/top_level.txt
[0.719s] writing manifest file '../build/udp_to_ros/udp_to_ros.egg-info/SOURCES.txt'
[0.721s] reading manifest file '../build/udp_to_ros/udp_to_ros.egg-info/SOURCES.txt'
[0.721s] writing manifest file '../build/udp_to_ros/udp_to_ros.egg-info/SOURCES.txt'
[0.721s] running build
[0.721s] running build_py
[0.721s] creating /home/jason/Desktop/STUDY/Cobra-Driver/workspace/src/build/udp_to_ros/build
[0.721s] creating /home/jason/Desktop/STUDY/Cobra-Driver/workspace/src/build/udp_to_ros/build/lib
[0.721s] creating /home/jason/Desktop/STUDY/Cobra-Driver/workspace/src/build/udp_to_ros/build/lib/udp_to_ros
[0.721s] copying udp_to_ros/udp_listener_node.py -> /home/jason/Desktop/STUDY/Cobra-Driver/workspace/src/build/udp_to_ros/build/lib/udp_to_ros
[0.721s] copying udp_to_ros/__init__.py -> /home/jason/Desktop/STUDY/Cobra-Driver/workspace/src/build/udp_to_ros/build/lib/udp_to_ros
[0.722s] running install
[0.722s] /usr/lib/python3/dist-packages/setuptools/command/install.py:34: SetuptoolsDeprecationWarning: setup.py install is deprecated. Use build and pip and other standards-based tools.
[0.722s]   warnings.warn(
[0.722s] running install_lib
[0.722s] creating /home/jason/Desktop/STUDY/Cobra-Driver/workspace/src/install/udp_to_ros/lib/python3.10/site-packages/udp_to_ros
[0.722s] copying /home/jason/Desktop/STUDY/Cobra-Driver/workspace/src/build/udp_to_ros/build/lib/udp_to_ros/udp_listener_node.py -> /home/jason/Desktop/STUDY/Cobra-Driver/workspace/src/install/udp_to_ros/lib/python3.10/site-packages/udp_to_ros
[0.722s] copying /home/jason/Desktop/STUDY/Cobra-Driver/workspace/src/build/udp_to_ros/build/lib/udp_to_ros/__init__.py -> /home/jason/Desktop/STUDY/Cobra-Driver/workspace/src/install/udp_to_ros/lib/python3.10/site-packages/udp_to_ros
[0.723s] byte-compiling /home/jason/Desktop/STUDY/Cobra-Driver/workspace/src/install/udp_to_ros/lib/python3.10/site-packages/udp_to_ros/udp_listener_node.py to udp_listener_node.cpython-310.pyc
[0.723s] byte-compiling /home/jason/Desktop/STUDY/Cobra-Driver/workspace/src/install/udp_to_ros/lib/python3.10/site-packages/udp_to_ros/__init__.py to __init__.cpython-310.pyc
[0.723s] running install_data
[0.724s] creating /home/jason/Desktop/STUDY/Cobra-Driver/workspace/src/install/udp_to_ros/share/ament_index
[0.724s] creating /home/jason/Desktop/STUDY/Cobra-Driver/workspace/src/install/udp_to_ros/share/ament_index/resource_index
[0.724s] creating /home/jason/Desktop/STUDY/Cobra-Driver/workspace/src/install/udp_to_ros/share/ament_index/resource_index/packages
[0.724s] copying resource/udp_to_ros -> /home/jason/Desktop/STUDY/Cobra-Driver/workspace/src/install/udp_to_ros/share/ament_index/resource_index/packages
[0.724s] copying package.xml -> /home/jason/Desktop/STUDY/Cobra-Driver/workspace/src/install/udp_to_ros/share/udp_to_ros
[0.724s] running install_egg_info
[0.725s] Copying ../build/udp_to_ros/udp_to_ros.egg-info to /home/jason/Desktop/STUDY/Cobra-Driver/workspace/src/install/udp_to_ros/lib/python3.10/site-packages/udp_to_ros-0.0.0-py3.10.egg-info
[0.725s] running install_scripts
[0.740s] Installing udp_listener script to /home/jason/Desktop/STUDY/Cobra-Driver/workspace/src/install/udp_to_ros/lib/udp_to_ros
[0.741s] writing list of installed files to '/home/jason/Desktop/STUDY/Cobra-Driver/workspace/src/build/udp_to_ros/install.log'
[0.758s] Invoked command in '/home/jason/Desktop/STUDY/Cobra-Driver/workspace/src/udp_to_ros' returned '0': CONDA_PROMPT_MODIFIER=(base) PYTHONPATH=/home/jason/Desktop/STUDY/Cobra-Driver/workspace/src/build/udp_to_ros/prefix_override:/home/jason/Desktop/STUDY/Cobra-Driver/workspace/src/install/udp_to_ros/lib/python3.10/site-packages:${PYTHONPATH} /usr/bin/python3 setup.py egg_info --egg-base ../build/udp_to_ros build --build-base /home/jason/Desktop/STUDY/Cobra-Driver/workspace/src/build/udp_to_ros/build install --record /home/jason/Desktop/STUDY/Cobra-Driver/workspace/src/build/udp_to_ros/install.log --single-version-externally-managed
