[0.016s] Invoking command in '/home/jason/Desktop/STUDY/Cobra-Driver/workspace/build/rosbridge_msgs': CMAKE_PREFIX_PATH=${CMAKE_PREFIX_PATH}:/home/jason/Desktop/STUDY/Cobra-Driver/workspace/install/udp_to_ros:/home/jason/Desktop/STUDY/Cobra-Driver/workspace/install/udp_float_receiver:/opt/ros/iron CONDA_PROMPT_MODIFIER=(base) /usr/bin/cmake /home/jason/Desktop/STUDY/Cobra-Driver/workspace/src/rosbridge_suite/rosbridge_msgs -DCMAKE_INSTALL_PREFIX=/home/jason/Desktop/STUDY/Cobra-Driver/workspace/install/rosbridge_msgs
[0.052s] -- The C compiler identification is GNU 11.4.0
[0.092s] -- The CXX compiler identification is GNU 11.4.0
[0.098s] -- Detecting C compiler ABI info
[0.145s] -- Detecting C compiler ABI info - done
[0.151s] -- Check for working C compiler: /usr/bin/cc - skipped
[0.151s] -- Detecting C compile features
[0.152s] -- Detecting C compile features - done
[0.154s] -- Detecting CXX compiler ABI info
[0.210s] -- Detecting CXX compiler ABI info - done
[0.217s] -- Check for working CXX compiler: /usr/bin/c++ - skipped
[0.217s] -- Detecting CXX compile features
[0.217s] -- Detecting CXX compile features - done
[0.219s] -- Found ament_cmake_ros: 0.11.2 (/opt/ros/iron/share/ament_cmake_ros/cmake)
[0.350s] -- Found Python3: /usr/bin/python3.10 (found version "3.10.12") found components: Interpreter 
[0.413s] -- Found builtin_interfaces: 1.6.0 (/opt/ros/iron/share/builtin_interfaces/cmake)
[0.440s] -- Found rosidl_generator_c: 4.0.1 (/opt/ros/iron/share/rosidl_generator_c/cmake)
[0.449s] -- Found rosidl_generator_cpp: 4.0.1 (/opt/ros/iron/share/rosidl_generator_cpp/cmake)
[0.462s] -- Using all available rosidl_typesupport_c: rosidl_typesupport_fastrtps_c;rosidl_typesupport_introspection_c
[0.478s] -- Using all available rosidl_typesupport_cpp: rosidl_typesupport_fastrtps_cpp;rosidl_typesupport_introspection_cpp
[0.492s] -- Found rosidl_default_generators: 1.5.0 (/opt/ros/iron/share/rosidl_default_generators/cmake)
[0.502s] -- Found rosidl_adapter: 4.0.1 (/opt/ros/iron/share/rosidl_adapter/cmake)
[0.955s] -- Using all available rosidl_typesupport_c: rosidl_typesupport_fastrtps_c;rosidl_typesupport_introspection_c
[1.044s] -- Using all available rosidl_typesupport_cpp: rosidl_typesupport_fastrtps_cpp;rosidl_typesupport_introspection_cpp
[1.061s] -- Found PythonInterp: /usr/bin/python3 (found suitable version "3.10.12", minimum required is "3.6") 
[1.062s] -- Found python_cmake_module: 0.10.2 (/opt/ros/iron/share/python_cmake_module/cmake)
[1.088s] -- Found PythonLibs: /usr/lib/x86_64-linux-gnu/libpython3.10.so (found suitable version "3.10.12", minimum required is "3.5") 
[1.088s] -- Using PYTHON_EXECUTABLE: /usr/bin/python3
[1.088s] -- Using PYTHON_INCLUDE_DIRS: /usr/include/python3.10
[1.088s] -- Using PYTHON_LIBRARIES: /usr/lib/x86_64-linux-gnu/libpython3.10.so
[1.103s] -- Found PythonExtra: .so  
[1.138s] -- Configuring done
[1.161s] -- Generating done
[1.163s] -- Build files have been written to: /home/jason/Desktop/STUDY/Cobra-Driver/workspace/build/rosbridge_msgs
[1.167s] Invoked command in '/home/jason/Desktop/STUDY/Cobra-Driver/workspace/build/rosbridge_msgs' returned '0': CMAKE_PREFIX_PATH=${CMAKE_PREFIX_PATH}:/home/jason/Desktop/STUDY/Cobra-Driver/workspace/install/udp_to_ros:/home/jason/Desktop/STUDY/Cobra-Driver/workspace/install/udp_float_receiver:/opt/ros/iron CONDA_PROMPT_MODIFIER=(base) /usr/bin/cmake /home/jason/Desktop/STUDY/Cobra-Driver/workspace/src/rosbridge_suite/rosbridge_msgs -DCMAKE_INSTALL_PREFIX=/home/jason/Desktop/STUDY/Cobra-Driver/workspace/install/rosbridge_msgs
[1.169s] Invoking command in '/home/jason/Desktop/STUDY/Cobra-Driver/workspace/build/rosbridge_msgs': CMAKE_PREFIX_PATH=${CMAKE_PREFIX_PATH}:/home/jason/Desktop/STUDY/Cobra-Driver/workspace/install/udp_to_ros:/home/jason/Desktop/STUDY/Cobra-Driver/workspace/install/udp_float_receiver:/opt/ros/iron CONDA_PROMPT_MODIFIER=(base) /usr/bin/cmake --build /home/jason/Desktop/STUDY/Cobra-Driver/workspace/build/rosbridge_msgs -- -j16 -l16
[1.204s] [  2%] [34m[1mGenerating type hashes for ROS interfaces[0m
[1.210s] [  2%] Built target ament_cmake_python_copy_rosbridge_msgs
[1.361s] [  2%] Built target rosbridge_msgs__rosidl_generator_type_description
[1.368s] [  4%] [34m[1mGenerating C code for ROS interfaces[0m
[1.376s] [  6%] [34m[1mGenerating C++ code for ROS interfaces[0m
[1.407s] running egg_info
[1.407s] creating rosbridge_msgs.egg-info
[1.407s] writing rosbridge_msgs.egg-info/PKG-INFO
[1.407s] writing dependency_links to rosbridge_msgs.egg-info/dependency_links.txt
[1.407s] writing top-level names to rosbridge_msgs.egg-info/top_level.txt
[1.408s] writing manifest file 'rosbridge_msgs.egg-info/SOURCES.txt'
[1.409s] reading manifest file 'rosbridge_msgs.egg-info/SOURCES.txt'
[1.409s] writing manifest file 'rosbridge_msgs.egg-info/SOURCES.txt'
[1.430s] [  6%] Built target ament_cmake_python_build_rosbridge_msgs_egg
[1.589s] [  6%] Built target rosbridge_msgs__cpp
[1.634s] [ 18%] [32mBuilding C object CMakeFiles/rosbridge_msgs__rosidl_generator_c.dir/rosidl_generator_c/rosbridge_msgs/msg/detail/connected_client__functions.c.o[0m
[1.634s] [ 18%] [32mBuilding C object CMakeFiles/rosbridge_msgs__rosidl_generator_c.dir/rosidl_generator_c/rosbridge_msgs/msg/detail/connected_client__description.c.o[0m
[1.635s] [ 18%] [32mBuilding C object CMakeFiles/rosbridge_msgs__rosidl_generator_c.dir/rosidl_generator_c/rosbridge_msgs/msg/detail/connected_clients__description.c.o[0m
[1.635s] [ 18%] [32mBuilding C object CMakeFiles/rosbridge_msgs__rosidl_generator_c.dir/rosidl_generator_c/rosbridge_msgs/msg/detail/connected_client__type_support.c.o[0m
[1.635s] [ 18%] [32mBuilding C object CMakeFiles/rosbridge_msgs__rosidl_generator_c.dir/rosidl_generator_c/rosbridge_msgs/msg/detail/connected_clients__functions.c.o[0m
[1.636s] [ 20%] [32mBuilding C object CMakeFiles/rosbridge_msgs__rosidl_generator_c.dir/rosidl_generator_c/rosbridge_msgs/msg/detail/connected_clients__type_support.c.o[0m
[1.669s] [ 22%] [32m[1mLinking C shared library librosbridge_msgs__rosidl_generator_c.so[0m
[1.695s] [ 22%] Built target rosbridge_msgs__rosidl_generator_c
[1.703s] [ 29%] [34m[1mGenerating C introspection for ROS interfaces[0m
[1.703s] [ 29%] [34m[1mGenerating C++ type support dispatch for ROS interfaces[0m
[1.703s] [ 29%] [34m[1mGenerating C type support for eProsima Fast-RTPS[0m
[1.703s] [ 34%] [34m[1mGenerating C++ type support for eProsima Fast-RTPS[0m
[1.703s] [ 34%] [34m[1mGenerating C type support dispatch for ROS interfaces[0m
[1.704s] [ 36%] [34m[1mGenerating C++ introspection for ROS interfaces[0m
[1.910s] [ 38%] [32mBuilding CXX object CMakeFiles/rosbridge_msgs__rosidl_typesupport_c.dir/rosidl_typesupport_c/rosbridge_msgs/msg/connected_client__type_support.cpp.o[0m
[1.911s] [ 40%] [32mBuilding CXX object CMakeFiles/rosbridge_msgs__rosidl_typesupport_c.dir/rosidl_typesupport_c/rosbridge_msgs/msg/connected_clients__type_support.cpp.o[0m
[1.932s] [ 43%] [32mBuilding C object CMakeFiles/rosbridge_msgs__rosidl_typesupport_introspection_c.dir/rosidl_typesupport_introspection_c/rosbridge_msgs/msg/detail/connected_clients__type_support.c.o[0m
[1.932s] [ 45%] [32mBuilding C object CMakeFiles/rosbridge_msgs__rosidl_typesupport_introspection_c.dir/rosidl_typesupport_introspection_c/rosbridge_msgs/msg/detail/connected_client__type_support.c.o[0m
[1.939s] [ 47%] [32mBuilding CXX object CMakeFiles/rosbridge_msgs__rosidl_typesupport_fastrtps_c.dir/rosidl_typesupport_fastrtps_c/rosbridge_msgs/msg/detail/connected_client__type_support_c.cpp.o[0m
[1.939s] [ 50%] [32mBuilding CXX object CMakeFiles/rosbridge_msgs__rosidl_typesupport_fastrtps_c.dir/rosidl_typesupport_fastrtps_c/rosbridge_msgs/msg/detail/connected_clients__type_support_c.cpp.o[0m
[1.941s] [ 52%] [32mBuilding CXX object CMakeFiles/rosbridge_msgs__rosidl_typesupport_fastrtps_cpp.dir/rosidl_typesupport_fastrtps_cpp/rosbridge_msgs/msg/detail/dds_fastrtps/connected_clients__type_support.cpp.o[0m
[1.941s] [ 54%] [32mBuilding CXX object CMakeFiles/rosbridge_msgs__rosidl_typesupport_fastrtps_cpp.dir/rosidl_typesupport_fastrtps_cpp/rosbridge_msgs/msg/detail/dds_fastrtps/connected_client__type_support.cpp.o[0m
[1.947s] [ 56%] [32mBuilding CXX object CMakeFiles/rosbridge_msgs__rosidl_typesupport_introspection_cpp.dir/rosidl_typesupport_introspection_cpp/rosbridge_msgs/msg/detail/connected_client__type_support.cpp.o[0m
[1.948s] [ 59%] [32mBuilding CXX object CMakeFiles/rosbridge_msgs__rosidl_typesupport_introspection_cpp.dir/rosidl_typesupport_introspection_cpp/rosbridge_msgs/msg/detail/connected_clients__type_support.cpp.o[0m
[1.955s] [ 61%] [32m[1mLinking CXX shared library librosbridge_msgs__rosidl_typesupport_c.so[0m
[1.977s] [ 63%] [32m[1mLinking C shared library librosbridge_msgs__rosidl_typesupport_introspection_c.so[0m
[1.995s] [ 63%] Built target rosbridge_msgs__rosidl_typesupport_c
[1.999s] [ 65%] [32mBuilding CXX object CMakeFiles/rosbridge_msgs__rosidl_typesupport_cpp.dir/rosidl_typesupport_cpp/rosbridge_msgs/msg/connected_client__type_support.cpp.o[0m
[2.002s] [ 68%] [32mBuilding CXX object CMakeFiles/rosbridge_msgs__rosidl_typesupport_cpp.dir/rosidl_typesupport_cpp/rosbridge_msgs/msg/connected_clients__type_support.cpp.o[0m
[2.007s] [ 68%] Built target rosbridge_msgs__rosidl_typesupport_introspection_c
[2.245s] [ 70%] [32m[1mLinking CXX shared library librosbridge_msgs__rosidl_typesupport_fastrtps_c.so[0m
[2.305s] [ 72%] [32m[1mLinking CXX shared library librosbridge_msgs__rosidl_typesupport_introspection_cpp.so[0m
[2.305s] [ 72%] Built target rosbridge_msgs__rosidl_typesupport_fastrtps_c
[2.365s] [ 72%] Built target rosbridge_msgs__rosidl_typesupport_introspection_cpp
[2.392s] [ 75%] [32m[1mLinking CXX shared library librosbridge_msgs__rosidl_typesupport_cpp.so[0m
[2.424s] [ 75%] Built target rosbridge_msgs__rosidl_typesupport_cpp
[2.481s] [ 77%] [32m[1mLinking CXX shared library librosbridge_msgs__rosidl_typesupport_fastrtps_cpp.so[0m
[2.531s] [ 77%] Built target rosbridge_msgs__rosidl_typesupport_fastrtps_cpp
[2.545s] [ 77%] Built target rosbridge_msgs
[2.559s] [ 79%] [34m[1mGenerating Python code for ROS interfaces[0m
[2.836s] [ 79%] Built target rosbridge_msgs__py
[2.851s] [ 84%] [32mBuilding C object CMakeFiles/rosbridge_msgs__rosidl_generator_py.dir/rosidl_generator_py/rosbridge_msgs/msg/_connected_client_s.c.o[0m
[2.851s] [ 84%] [32mBuilding C object CMakeFiles/rosbridge_msgs__rosidl_generator_py.dir/rosidl_generator_py/rosbridge_msgs/msg/_connected_clients_s.c.o[0m
[2.944s] [ 86%] [32m[1mLinking C shared library rosidl_generator_py/rosbridge_msgs/librosbridge_msgs__rosidl_generator_py.so[0m
[2.972s] [ 86%] Built target rosbridge_msgs__rosidl_generator_py
[2.987s] [ 90%] [32mBuilding C object CMakeFiles/rosbridge_msgs__rosidl_typesupport_introspection_c__pyext.dir/rosidl_generator_py/rosbridge_msgs/_rosbridge_msgs_s.ep.rosidl_typesupport_introspection_c.c.o[0m
[2.987s] [ 90%] [32mBuilding C object CMakeFiles/rosbridge_msgs__rosidl_typesupport_fastrtps_c__pyext.dir/rosidl_generator_py/rosbridge_msgs/_rosbridge_msgs_s.ep.rosidl_typesupport_fastrtps_c.c.o[0m
[2.987s] [ 93%] [32mBuilding C object CMakeFiles/rosbridge_msgs__rosidl_typesupport_c__pyext.dir/rosidl_generator_py/rosbridge_msgs/_rosbridge_msgs_s.ep.rosidl_typesupport_c.c.o[0m
[3.061s] [ 95%] [32m[1mLinking C shared library rosidl_generator_py/rosbridge_msgs/rosbridge_msgs_s__rosidl_typesupport_introspection_c.cpython-310-x86_64-linux-gnu.so[0m
[3.061s] [ 97%] [32m[1mLinking C shared library rosidl_generator_py/rosbridge_msgs/rosbridge_msgs_s__rosidl_typesupport_fastrtps_c.cpython-310-x86_64-linux-gnu.so[0m
[3.062s] [100%] [32m[1mLinking C shared library rosidl_generator_py/rosbridge_msgs/rosbridge_msgs_s__rosidl_typesupport_c.cpython-310-x86_64-linux-gnu.so[0m
[3.089s] [100%] Built target rosbridge_msgs__rosidl_typesupport_fastrtps_c__pyext
[3.089s] [100%] Built target rosbridge_msgs__rosidl_typesupport_introspection_c__pyext
[3.089s] [100%] Built target rosbridge_msgs__rosidl_typesupport_c__pyext
[3.098s] Invoked command in '/home/jason/Desktop/STUDY/Cobra-Driver/workspace/build/rosbridge_msgs' returned '0': CMAKE_PREFIX_PATH=${CMAKE_PREFIX_PATH}:/home/jason/Desktop/STUDY/Cobra-Driver/workspace/install/udp_to_ros:/home/jason/Desktop/STUDY/Cobra-Driver/workspace/install/udp_float_receiver:/opt/ros/iron CONDA_PROMPT_MODIFIER=(base) /usr/bin/cmake --build /home/jason/Desktop/STUDY/Cobra-Driver/workspace/build/rosbridge_msgs -- -j16 -l16
[3.158s] Invoking command in '/home/jason/Desktop/STUDY/Cobra-Driver/workspace/build/rosbridge_msgs': CMAKE_PREFIX_PATH=${CMAKE_PREFIX_PATH}:/home/jason/Desktop/STUDY/Cobra-Driver/workspace/install/udp_to_ros:/home/jason/Desktop/STUDY/Cobra-Driver/workspace/install/udp_float_receiver:/opt/ros/iron CONDA_PROMPT_MODIFIER=(base) /usr/bin/cmake --install /home/jason/Desktop/STUDY/Cobra-Driver/workspace/build/rosbridge_msgs
[3.165s] -- Install configuration: ""
[3.165s] -- Installing: /home/jason/Desktop/STUDY/Cobra-Driver/workspace/install/rosbridge_msgs/share/ament_index/resource_index/rosidl_interfaces/rosbridge_msgs
[3.165s] -- Installing: /home/jason/Desktop/STUDY/Cobra-Driver/workspace/install/rosbridge_msgs/share/rosbridge_msgs/msg/ConnectedClient.json
[3.165s] -- Installing: /home/jason/Desktop/STUDY/Cobra-Driver/workspace/install/rosbridge_msgs/share/rosbridge_msgs/msg/ConnectedClients.json
[3.166s] -- Installing: /home/jason/Desktop/STUDY/Cobra-Driver/workspace/install/rosbridge_msgs/include/rosbridge_msgs/rosbridge_msgs
[3.166s] -- Installing: /home/jason/Desktop/STUDY/Cobra-Driver/workspace/install/rosbridge_msgs/include/rosbridge_msgs/rosbridge_msgs/msg
[3.166s] -- Installing: /home/jason/Desktop/STUDY/Cobra-Driver/workspace/install/rosbridge_msgs/include/rosbridge_msgs/rosbridge_msgs/msg/connected_client.h
[3.166s] -- Installing: /home/jason/Desktop/STUDY/Cobra-Driver/workspace/install/rosbridge_msgs/include/rosbridge_msgs/rosbridge_msgs/msg/connected_clients.h
[3.166s] -- Installing: /home/jason/Desktop/STUDY/Cobra-Driver/workspace/install/rosbridge_msgs/include/rosbridge_msgs/rosbridge_msgs/msg/rosidl_generator_c__visibility_control.h
[3.166s] -- Installing: /home/jason/Desktop/STUDY/Cobra-Driver/workspace/install/rosbridge_msgs/include/rosbridge_msgs/rosbridge_msgs/msg/detail
[3.166s] -- Installing: /home/jason/Desktop/STUDY/Cobra-Driver/workspace/install/rosbridge_msgs/include/rosbridge_msgs/rosbridge_msgs/msg/detail/connected_clients__functions.c
[3.166s] -- Installing: /home/jason/Desktop/STUDY/Cobra-Driver/workspace/install/rosbridge_msgs/include/rosbridge_msgs/rosbridge_msgs/msg/detail/connected_client__description.c
[3.166s] -- Installing: /home/jason/Desktop/STUDY/Cobra-Driver/workspace/install/rosbridge_msgs/include/rosbridge_msgs/rosbridge_msgs/msg/detail/connected_clients__struct.h
[3.166s] -- Installing: /home/jason/Desktop/STUDY/Cobra-Driver/workspace/install/rosbridge_msgs/include/rosbridge_msgs/rosbridge_msgs/msg/detail/connected_clients__type_support.h
[3.166s] -- Installing: /home/jason/Desktop/STUDY/Cobra-Driver/workspace/install/rosbridge_msgs/include/rosbridge_msgs/rosbridge_msgs/msg/detail/connected_clients__functions.h
[3.166s] -- Installing: /home/jason/Desktop/STUDY/Cobra-Driver/workspace/install/rosbridge_msgs/include/rosbridge_msgs/rosbridge_msgs/msg/detail/connected_client__functions.c
[3.166s] -- Installing: /home/jason/Desktop/STUDY/Cobra-Driver/workspace/install/rosbridge_msgs/include/rosbridge_msgs/rosbridge_msgs/msg/detail/connected_clients__type_support.c
[3.167s] -- Installing: /home/jason/Desktop/STUDY/Cobra-Driver/workspace/install/rosbridge_msgs/include/rosbridge_msgs/rosbridge_msgs/msg/detail/connected_client__struct.h
[3.167s] -- Installing: /home/jason/Desktop/STUDY/Cobra-Driver/workspace/install/rosbridge_msgs/include/rosbridge_msgs/rosbridge_msgs/msg/detail/connected_client__type_support.h
[3.167s] -- Installing: /home/jason/Desktop/STUDY/Cobra-Driver/workspace/install/rosbridge_msgs/include/rosbridge_msgs/rosbridge_msgs/msg/detail/connected_client__type_support.c
[3.167s] -- Installing: /home/jason/Desktop/STUDY/Cobra-Driver/workspace/install/rosbridge_msgs/include/rosbridge_msgs/rosbridge_msgs/msg/detail/connected_client__functions.h
[3.167s] -- Installing: /home/jason/Desktop/STUDY/Cobra-Driver/workspace/install/rosbridge_msgs/include/rosbridge_msgs/rosbridge_msgs/msg/detail/connected_clients__description.c
[3.167s] -- Installing: /home/jason/Desktop/STUDY/Cobra-Driver/workspace/install/rosbridge_msgs/share/rosbridge_msgs/environment/library_path.sh
[3.167s] -- Installing: /home/jason/Desktop/STUDY/Cobra-Driver/workspace/install/rosbridge_msgs/share/rosbridge_msgs/environment/library_path.dsv
[3.167s] -- Installing: /home/jason/Desktop/STUDY/Cobra-Driver/workspace/install/rosbridge_msgs/lib/librosbridge_msgs__rosidl_generator_c.so
[3.167s] -- Set runtime path of "/home/jason/Desktop/STUDY/Cobra-Driver/workspace/install/rosbridge_msgs/lib/librosbridge_msgs__rosidl_generator_c.so" to ""
[3.168s] -- Up-to-date: /home/jason/Desktop/STUDY/Cobra-Driver/workspace/install/rosbridge_msgs/include/rosbridge_msgs/rosbridge_msgs
[3.168s] -- Up-to-date: /home/jason/Desktop/STUDY/Cobra-Driver/workspace/install/rosbridge_msgs/include/rosbridge_msgs/rosbridge_msgs/msg
[3.168s] -- Installing: /home/jason/Desktop/STUDY/Cobra-Driver/workspace/install/rosbridge_msgs/include/rosbridge_msgs/rosbridge_msgs/msg/rosidl_typesupport_fastrtps_c__visibility_control.h
[3.168s] -- Up-to-date: /home/jason/Desktop/STUDY/Cobra-Driver/workspace/install/rosbridge_msgs/include/rosbridge_msgs/rosbridge_msgs/msg/detail
[3.168s] -- Installing: /home/jason/Desktop/STUDY/Cobra-Driver/workspace/install/rosbridge_msgs/include/rosbridge_msgs/rosbridge_msgs/msg/detail/connected_client__rosidl_typesupport_fastrtps_c.h
[3.168s] -- Installing: /home/jason/Desktop/STUDY/Cobra-Driver/workspace/install/rosbridge_msgs/include/rosbridge_msgs/rosbridge_msgs/msg/detail/connected_clients__rosidl_typesupport_fastrtps_c.h
[3.168s] -- Installing: /home/jason/Desktop/STUDY/Cobra-Driver/workspace/install/rosbridge_msgs/lib/librosbridge_msgs__rosidl_typesupport_fastrtps_c.so
[3.168s] -- Set runtime path of "/home/jason/Desktop/STUDY/Cobra-Driver/workspace/install/rosbridge_msgs/lib/librosbridge_msgs__rosidl_typesupport_fastrtps_c.so" to ""
[3.168s] -- Up-to-date: /home/jason/Desktop/STUDY/Cobra-Driver/workspace/install/rosbridge_msgs/include/rosbridge_msgs/rosbridge_msgs
[3.168s] -- Up-to-date: /home/jason/Desktop/STUDY/Cobra-Driver/workspace/install/rosbridge_msgs/include/rosbridge_msgs/rosbridge_msgs/msg
[3.168s] -- Installing: /home/jason/Desktop/STUDY/Cobra-Driver/workspace/install/rosbridge_msgs/include/rosbridge_msgs/rosbridge_msgs/msg/connected_client.hpp
[3.168s] -- Installing: /home/jason/Desktop/STUDY/Cobra-Driver/workspace/install/rosbridge_msgs/include/rosbridge_msgs/rosbridge_msgs/msg/connected_clients.hpp
[3.168s] -- Up-to-date: /home/jason/Desktop/STUDY/Cobra-Driver/workspace/install/rosbridge_msgs/include/rosbridge_msgs/rosbridge_msgs/msg/detail
[3.169s] -- Installing: /home/jason/Desktop/STUDY/Cobra-Driver/workspace/install/rosbridge_msgs/include/rosbridge_msgs/rosbridge_msgs/msg/detail/connected_client__struct.hpp
[3.169s] -- Installing: /home/jason/Desktop/STUDY/Cobra-Driver/workspace/install/rosbridge_msgs/include/rosbridge_msgs/rosbridge_msgs/msg/detail/connected_client__traits.hpp
[3.169s] -- Installing: /home/jason/Desktop/STUDY/Cobra-Driver/workspace/install/rosbridge_msgs/include/rosbridge_msgs/rosbridge_msgs/msg/detail/connected_client__builder.hpp
[3.169s] -- Installing: /home/jason/Desktop/STUDY/Cobra-Driver/workspace/install/rosbridge_msgs/include/rosbridge_msgs/rosbridge_msgs/msg/detail/connected_clients__traits.hpp
[3.169s] -- Installing: /home/jason/Desktop/STUDY/Cobra-Driver/workspace/install/rosbridge_msgs/include/rosbridge_msgs/rosbridge_msgs/msg/detail/connected_clients__builder.hpp
[3.169s] -- Installing: /home/jason/Desktop/STUDY/Cobra-Driver/workspace/install/rosbridge_msgs/include/rosbridge_msgs/rosbridge_msgs/msg/detail/connected_clients__struct.hpp
[3.169s] -- Up-to-date: /home/jason/Desktop/STUDY/Cobra-Driver/workspace/install/rosbridge_msgs/include/rosbridge_msgs/rosbridge_msgs
[3.169s] -- Up-to-date: /home/jason/Desktop/STUDY/Cobra-Driver/workspace/install/rosbridge_msgs/include/rosbridge_msgs/rosbridge_msgs/msg
[3.169s] -- Installing: /home/jason/Desktop/STUDY/Cobra-Driver/workspace/install/rosbridge_msgs/include/rosbridge_msgs/rosbridge_msgs/msg/rosidl_typesupport_fastrtps_cpp__visibility_control.h
[3.169s] -- Up-to-date: /home/jason/Desktop/STUDY/Cobra-Driver/workspace/install/rosbridge_msgs/include/rosbridge_msgs/rosbridge_msgs/msg/detail
[3.169s] -- Installing: /home/jason/Desktop/STUDY/Cobra-Driver/workspace/install/rosbridge_msgs/include/rosbridge_msgs/rosbridge_msgs/msg/detail/connected_clients__rosidl_typesupport_fastrtps_cpp.hpp
[3.169s] -- Installing: /home/jason/Desktop/STUDY/Cobra-Driver/workspace/install/rosbridge_msgs/include/rosbridge_msgs/rosbridge_msgs/msg/detail/connected_client__rosidl_typesupport_fastrtps_cpp.hpp
[3.169s] -- Installing: /home/jason/Desktop/STUDY/Cobra-Driver/workspace/install/rosbridge_msgs/include/rosbridge_msgs/rosbridge_msgs/msg/detail/dds_fastrtps
[3.169s] -- Installing: /home/jason/Desktop/STUDY/Cobra-Driver/workspace/install/rosbridge_msgs/lib/librosbridge_msgs__rosidl_typesupport_fastrtps_cpp.so
[3.169s] -- Set runtime path of "/home/jason/Desktop/STUDY/Cobra-Driver/workspace/install/rosbridge_msgs/lib/librosbridge_msgs__rosidl_typesupport_fastrtps_cpp.so" to ""
[3.170s] -- Up-to-date: /home/jason/Desktop/STUDY/Cobra-Driver/workspace/install/rosbridge_msgs/include/rosbridge_msgs/rosbridge_msgs
[3.170s] -- Up-to-date: /home/jason/Desktop/STUDY/Cobra-Driver/workspace/install/rosbridge_msgs/include/rosbridge_msgs/rosbridge_msgs/msg
[3.170s] -- Installing: /home/jason/Desktop/STUDY/Cobra-Driver/workspace/install/rosbridge_msgs/include/rosbridge_msgs/rosbridge_msgs/msg/rosidl_typesupport_introspection_c__visibility_control.h
[3.170s] -- Up-to-date: /home/jason/Desktop/STUDY/Cobra-Driver/workspace/install/rosbridge_msgs/include/rosbridge_msgs/rosbridge_msgs/msg/detail
[3.170s] -- Installing: /home/jason/Desktop/STUDY/Cobra-Driver/workspace/install/rosbridge_msgs/include/rosbridge_msgs/rosbridge_msgs/msg/detail/connected_clients__rosidl_typesupport_introspection_c.h
[3.170s] -- Up-to-date: /home/jason/Desktop/STUDY/Cobra-Driver/workspace/install/rosbridge_msgs/include/rosbridge_msgs/rosbridge_msgs/msg/detail/connected_clients__type_support.c
[3.170s] -- Installing: /home/jason/Desktop/STUDY/Cobra-Driver/workspace/install/rosbridge_msgs/include/rosbridge_msgs/rosbridge_msgs/msg/detail/connected_client__rosidl_typesupport_introspection_c.h
[3.170s] -- Up-to-date: /home/jason/Desktop/STUDY/Cobra-Driver/workspace/install/rosbridge_msgs/include/rosbridge_msgs/rosbridge_msgs/msg/detail/connected_client__type_support.c
[3.170s] -- Installing: /home/jason/Desktop/STUDY/Cobra-Driver/workspace/install/rosbridge_msgs/lib/librosbridge_msgs__rosidl_typesupport_introspection_c.so
[3.170s] -- Set runtime path of "/home/jason/Desktop/STUDY/Cobra-Driver/workspace/install/rosbridge_msgs/lib/librosbridge_msgs__rosidl_typesupport_introspection_c.so" to ""
[3.170s] -- Installing: /home/jason/Desktop/STUDY/Cobra-Driver/workspace/install/rosbridge_msgs/lib/librosbridge_msgs__rosidl_typesupport_c.so
[3.170s] -- Set runtime path of "/home/jason/Desktop/STUDY/Cobra-Driver/workspace/install/rosbridge_msgs/lib/librosbridge_msgs__rosidl_typesupport_c.so" to ""
[3.170s] -- Up-to-date: /home/jason/Desktop/STUDY/Cobra-Driver/workspace/install/rosbridge_msgs/include/rosbridge_msgs/rosbridge_msgs
[3.170s] -- Up-to-date: /home/jason/Desktop/STUDY/Cobra-Driver/workspace/install/rosbridge_msgs/include/rosbridge_msgs/rosbridge_msgs/msg
[3.171s] -- Up-to-date: /home/jason/Desktop/STUDY/Cobra-Driver/workspace/install/rosbridge_msgs/include/rosbridge_msgs/rosbridge_msgs/msg/detail
[3.171s] -- Installing: /home/jason/Desktop/STUDY/Cobra-Driver/workspace/install/rosbridge_msgs/include/rosbridge_msgs/rosbridge_msgs/msg/detail/connected_clients__rosidl_typesupport_introspection_cpp.hpp
[3.171s] -- Installing: /home/jason/Desktop/STUDY/Cobra-Driver/workspace/install/rosbridge_msgs/include/rosbridge_msgs/rosbridge_msgs/msg/detail/connected_clients__type_support.cpp
[3.171s] -- Installing: /home/jason/Desktop/STUDY/Cobra-Driver/workspace/install/rosbridge_msgs/include/rosbridge_msgs/rosbridge_msgs/msg/detail/connected_client__type_support.cpp
[3.171s] -- Installing: /home/jason/Desktop/STUDY/Cobra-Driver/workspace/install/rosbridge_msgs/include/rosbridge_msgs/rosbridge_msgs/msg/detail/connected_client__rosidl_typesupport_introspection_cpp.hpp
[3.171s] -- Installing: /home/jason/Desktop/STUDY/Cobra-Driver/workspace/install/rosbridge_msgs/lib/librosbridge_msgs__rosidl_typesupport_introspection_cpp.so
[3.171s] -- Set runtime path of "/home/jason/Desktop/STUDY/Cobra-Driver/workspace/install/rosbridge_msgs/lib/librosbridge_msgs__rosidl_typesupport_introspection_cpp.so" to ""
[3.171s] -- Installing: /home/jason/Desktop/STUDY/Cobra-Driver/workspace/install/rosbridge_msgs/lib/librosbridge_msgs__rosidl_typesupport_cpp.so
[3.171s] -- Set runtime path of "/home/jason/Desktop/STUDY/Cobra-Driver/workspace/install/rosbridge_msgs/lib/librosbridge_msgs__rosidl_typesupport_cpp.so" to ""
[3.171s] -- Installing: /home/jason/Desktop/STUDY/Cobra-Driver/workspace/install/rosbridge_msgs/share/rosbridge_msgs/environment/pythonpath.sh
[3.171s] -- Installing: /home/jason/Desktop/STUDY/Cobra-Driver/workspace/install/rosbridge_msgs/share/rosbridge_msgs/environment/pythonpath.dsv
[3.171s] -- Installing: /home/jason/Desktop/STUDY/Cobra-Driver/workspace/install/rosbridge_msgs/lib/python3.10/site-packages/rosbridge_msgs-1.3.1-py3.10.egg-info
[3.172s] -- Installing: /home/jason/Desktop/STUDY/Cobra-Driver/workspace/install/rosbridge_msgs/lib/python3.10/site-packages/rosbridge_msgs-1.3.1-py3.10.egg-info/top_level.txt
[3.172s] -- Installing: /home/jason/Desktop/STUDY/Cobra-Driver/workspace/install/rosbridge_msgs/lib/python3.10/site-packages/rosbridge_msgs-1.3.1-py3.10.egg-info/dependency_links.txt
[3.172s] -- Installing: /home/jason/Desktop/STUDY/Cobra-Driver/workspace/install/rosbridge_msgs/lib/python3.10/site-packages/rosbridge_msgs-1.3.1-py3.10.egg-info/SOURCES.txt
[3.172s] -- Installing: /home/jason/Desktop/STUDY/Cobra-Driver/workspace/install/rosbridge_msgs/lib/python3.10/site-packages/rosbridge_msgs-1.3.1-py3.10.egg-info/PKG-INFO
[3.172s] -- Installing: /home/jason/Desktop/STUDY/Cobra-Driver/workspace/install/rosbridge_msgs/lib/python3.10/site-packages/rosbridge_msgs
[3.172s] -- Installing: /home/jason/Desktop/STUDY/Cobra-Driver/workspace/install/rosbridge_msgs/lib/python3.10/site-packages/rosbridge_msgs/rosbridge_msgs_s__rosidl_typesupport_c.cpython-310-x86_64-linux-gnu.so
[3.172s] -- Installing: /home/jason/Desktop/STUDY/Cobra-Driver/workspace/install/rosbridge_msgs/lib/python3.10/site-packages/rosbridge_msgs/__init__.py
[3.172s] -- Installing: /home/jason/Desktop/STUDY/Cobra-Driver/workspace/install/rosbridge_msgs/lib/python3.10/site-packages/rosbridge_msgs/_rosbridge_msgs_s.ep.rosidl_typesupport_fastrtps_c.c
[3.172s] -- Installing: /home/jason/Desktop/STUDY/Cobra-Driver/workspace/install/rosbridge_msgs/lib/python3.10/site-packages/rosbridge_msgs/_rosbridge_msgs_s.ep.rosidl_typesupport_introspection_c.c
[3.172s] -- Installing: /home/jason/Desktop/STUDY/Cobra-Driver/workspace/install/rosbridge_msgs/lib/python3.10/site-packages/rosbridge_msgs/rosbridge_msgs_s__rosidl_typesupport_fastrtps_c.cpython-310-x86_64-linux-gnu.so
[3.172s] -- Installing: /home/jason/Desktop/STUDY/Cobra-Driver/workspace/install/rosbridge_msgs/lib/python3.10/site-packages/rosbridge_msgs/_rosbridge_msgs_s.ep.rosidl_typesupport_c.c
[3.172s] -- Installing: /home/jason/Desktop/STUDY/Cobra-Driver/workspace/install/rosbridge_msgs/lib/python3.10/site-packages/rosbridge_msgs/librosbridge_msgs__rosidl_generator_py.so
[3.172s] -- Installing: /home/jason/Desktop/STUDY/Cobra-Driver/workspace/install/rosbridge_msgs/lib/python3.10/site-packages/rosbridge_msgs/msg
[3.173s] -- Installing: /home/jason/Desktop/STUDY/Cobra-Driver/workspace/install/rosbridge_msgs/lib/python3.10/site-packages/rosbridge_msgs/msg/_connected_client_s.c
[3.173s] -- Installing: /home/jason/Desktop/STUDY/Cobra-Driver/workspace/install/rosbridge_msgs/lib/python3.10/site-packages/rosbridge_msgs/msg/_connected_clients.py
[3.173s] -- Installing: /home/jason/Desktop/STUDY/Cobra-Driver/workspace/install/rosbridge_msgs/lib/python3.10/site-packages/rosbridge_msgs/msg/_connected_client.py
[3.173s] -- Installing: /home/jason/Desktop/STUDY/Cobra-Driver/workspace/install/rosbridge_msgs/lib/python3.10/site-packages/rosbridge_msgs/msg/_connected_clients_s.c
[3.173s] -- Installing: /home/jason/Desktop/STUDY/Cobra-Driver/workspace/install/rosbridge_msgs/lib/python3.10/site-packages/rosbridge_msgs/msg/__init__.py
[3.173s] -- Installing: /home/jason/Desktop/STUDY/Cobra-Driver/workspace/install/rosbridge_msgs/lib/python3.10/site-packages/rosbridge_msgs/rosbridge_msgs_s__rosidl_typesupport_introspection_c.cpython-310-x86_64-linux-gnu.so
[3.198s] Listing '/home/jason/Desktop/STUDY/Cobra-Driver/workspace/install/rosbridge_msgs/lib/python3.10/site-packages/rosbridge_msgs'...
[3.198s] Compiling '/home/jason/Desktop/STUDY/Cobra-Driver/workspace/install/rosbridge_msgs/lib/python3.10/site-packages/rosbridge_msgs/__init__.py'...
[3.198s] Listing '/home/jason/Desktop/STUDY/Cobra-Driver/workspace/install/rosbridge_msgs/lib/python3.10/site-packages/rosbridge_msgs/msg'...
[3.198s] Compiling '/home/jason/Desktop/STUDY/Cobra-Driver/workspace/install/rosbridge_msgs/lib/python3.10/site-packages/rosbridge_msgs/msg/__init__.py'...
[3.198s] Compiling '/home/jason/Desktop/STUDY/Cobra-Driver/workspace/install/rosbridge_msgs/lib/python3.10/site-packages/rosbridge_msgs/msg/_connected_client.py'...
[3.198s] Compiling '/home/jason/Desktop/STUDY/Cobra-Driver/workspace/install/rosbridge_msgs/lib/python3.10/site-packages/rosbridge_msgs/msg/_connected_clients.py'...
[3.201s] -- Installing: /home/jason/Desktop/STUDY/Cobra-Driver/workspace/install/rosbridge_msgs/lib/python3.10/site-packages/rosbridge_msgs/rosbridge_msgs_s__rosidl_typesupport_fastrtps_c.cpython-310-x86_64-linux-gnu.so
[3.202s] -- Set runtime path of "/home/jason/Desktop/STUDY/Cobra-Driver/workspace/install/rosbridge_msgs/lib/python3.10/site-packages/rosbridge_msgs/rosbridge_msgs_s__rosidl_typesupport_fastrtps_c.cpython-310-x86_64-linux-gnu.so" to ""
[3.202s] -- Installing: /home/jason/Desktop/STUDY/Cobra-Driver/workspace/install/rosbridge_msgs/lib/python3.10/site-packages/rosbridge_msgs/rosbridge_msgs_s__rosidl_typesupport_introspection_c.cpython-310-x86_64-linux-gnu.so
[3.202s] -- Set runtime path of "/home/jason/Desktop/STUDY/Cobra-Driver/workspace/install/rosbridge_msgs/lib/python3.10/site-packages/rosbridge_msgs/rosbridge_msgs_s__rosidl_typesupport_introspection_c.cpython-310-x86_64-linux-gnu.so" to ""
[3.202s] -- Installing: /home/jason/Desktop/STUDY/Cobra-Driver/workspace/install/rosbridge_msgs/lib/python3.10/site-packages/rosbridge_msgs/rosbridge_msgs_s__rosidl_typesupport_c.cpython-310-x86_64-linux-gnu.so
[3.202s] -- Set runtime path of "/home/jason/Desktop/STUDY/Cobra-Driver/workspace/install/rosbridge_msgs/lib/python3.10/site-packages/rosbridge_msgs/rosbridge_msgs_s__rosidl_typesupport_c.cpython-310-x86_64-linux-gnu.so" to ""
[3.202s] -- Installing: /home/jason/Desktop/STUDY/Cobra-Driver/workspace/install/rosbridge_msgs/lib/librosbridge_msgs__rosidl_generator_py.so
[3.203s] -- Set runtime path of "/home/jason/Desktop/STUDY/Cobra-Driver/workspace/install/rosbridge_msgs/lib/librosbridge_msgs__rosidl_generator_py.so" to ""
[3.203s] -- Installing: /home/jason/Desktop/STUDY/Cobra-Driver/workspace/install/rosbridge_msgs/share/rosbridge_msgs/msg/ConnectedClient.idl
[3.203s] -- Installing: /home/jason/Desktop/STUDY/Cobra-Driver/workspace/install/rosbridge_msgs/share/rosbridge_msgs/msg/ConnectedClients.idl
[3.203s] -- Installing: /home/jason/Desktop/STUDY/Cobra-Driver/workspace/install/rosbridge_msgs/share/rosbridge_msgs/msg/ConnectedClient.msg
[3.203s] -- Installing: /home/jason/Desktop/STUDY/Cobra-Driver/workspace/install/rosbridge_msgs/share/rosbridge_msgs/msg/ConnectedClients.msg
[3.203s] -- Installing: /home/jason/Desktop/STUDY/Cobra-Driver/workspace/install/rosbridge_msgs/share/ament_index/resource_index/package_run_dependencies/rosbridge_msgs
[3.203s] -- Installing: /home/jason/Desktop/STUDY/Cobra-Driver/workspace/install/rosbridge_msgs/share/ament_index/resource_index/parent_prefix_path/rosbridge_msgs
[3.203s] -- Installing: /home/jason/Desktop/STUDY/Cobra-Driver/workspace/install/rosbridge_msgs/share/rosbridge_msgs/environment/ament_prefix_path.sh
[3.203s] -- Installing: /home/jason/Desktop/STUDY/Cobra-Driver/workspace/install/rosbridge_msgs/share/rosbridge_msgs/environment/ament_prefix_path.dsv
[3.203s] -- Installing: /home/jason/Desktop/STUDY/Cobra-Driver/workspace/install/rosbridge_msgs/share/rosbridge_msgs/environment/path.sh
[3.203s] -- Installing: /home/jason/Desktop/STUDY/Cobra-Driver/workspace/install/rosbridge_msgs/share/rosbridge_msgs/environment/path.dsv
[3.204s] -- Installing: /home/jason/Desktop/STUDY/Cobra-Driver/workspace/install/rosbridge_msgs/share/rosbridge_msgs/local_setup.bash
[3.204s] -- Installing: /home/jason/Desktop/STUDY/Cobra-Driver/workspace/install/rosbridge_msgs/share/rosbridge_msgs/local_setup.sh
[3.204s] -- Installing: /home/jason/Desktop/STUDY/Cobra-Driver/workspace/install/rosbridge_msgs/share/rosbridge_msgs/local_setup.zsh
[3.204s] -- Installing: /home/jason/Desktop/STUDY/Cobra-Driver/workspace/install/rosbridge_msgs/share/rosbridge_msgs/local_setup.dsv
[3.204s] -- Installing: /home/jason/Desktop/STUDY/Cobra-Driver/workspace/install/rosbridge_msgs/share/rosbridge_msgs/package.dsv
[3.204s] -- Installing: /home/jason/Desktop/STUDY/Cobra-Driver/workspace/install/rosbridge_msgs/share/ament_index/resource_index/packages/rosbridge_msgs
[3.204s] -- Installing: /home/jason/Desktop/STUDY/Cobra-Driver/workspace/install/rosbridge_msgs/share/rosbridge_msgs/cmake/export_rosbridge_msgs__rosidl_generator_cExport.cmake
[3.204s] -- Installing: /home/jason/Desktop/STUDY/Cobra-Driver/workspace/install/rosbridge_msgs/share/rosbridge_msgs/cmake/export_rosbridge_msgs__rosidl_generator_cExport-noconfig.cmake
[3.204s] -- Installing: /home/jason/Desktop/STUDY/Cobra-Driver/workspace/install/rosbridge_msgs/share/rosbridge_msgs/cmake/export_rosbridge_msgs__rosidl_typesupport_fastrtps_cExport.cmake
[3.204s] -- Installing: /home/jason/Desktop/STUDY/Cobra-Driver/workspace/install/rosbridge_msgs/share/rosbridge_msgs/cmake/export_rosbridge_msgs__rosidl_typesupport_fastrtps_cExport-noconfig.cmake
[3.205s] -- Installing: /home/jason/Desktop/STUDY/Cobra-Driver/workspace/install/rosbridge_msgs/share/rosbridge_msgs/cmake/export_rosbridge_msgs__rosidl_generator_cppExport.cmake
[3.205s] -- Installing: /home/jason/Desktop/STUDY/Cobra-Driver/workspace/install/rosbridge_msgs/share/rosbridge_msgs/cmake/export_rosbridge_msgs__rosidl_typesupport_fastrtps_cppExport.cmake
[3.205s] -- Installing: /home/jason/Desktop/STUDY/Cobra-Driver/workspace/install/rosbridge_msgs/share/rosbridge_msgs/cmake/export_rosbridge_msgs__rosidl_typesupport_fastrtps_cppExport-noconfig.cmake
[3.205s] -- Installing: /home/jason/Desktop/STUDY/Cobra-Driver/workspace/install/rosbridge_msgs/share/rosbridge_msgs/cmake/rosbridge_msgs__rosidl_typesupport_introspection_cExport.cmake
[3.205s] -- Installing: /home/jason/Desktop/STUDY/Cobra-Driver/workspace/install/rosbridge_msgs/share/rosbridge_msgs/cmake/rosbridge_msgs__rosidl_typesupport_introspection_cExport-noconfig.cmake
[3.205s] -- Installing: /home/jason/Desktop/STUDY/Cobra-Driver/workspace/install/rosbridge_msgs/share/rosbridge_msgs/cmake/rosbridge_msgs__rosidl_typesupport_cExport.cmake
[3.205s] -- Installing: /home/jason/Desktop/STUDY/Cobra-Driver/workspace/install/rosbridge_msgs/share/rosbridge_msgs/cmake/rosbridge_msgs__rosidl_typesupport_cExport-noconfig.cmake
[3.205s] -- Installing: /home/jason/Desktop/STUDY/Cobra-Driver/workspace/install/rosbridge_msgs/share/rosbridge_msgs/cmake/rosbridge_msgs__rosidl_typesupport_introspection_cppExport.cmake
[3.205s] -- Installing: /home/jason/Desktop/STUDY/Cobra-Driver/workspace/install/rosbridge_msgs/share/rosbridge_msgs/cmake/rosbridge_msgs__rosidl_typesupport_introspection_cppExport-noconfig.cmake
[3.205s] -- Installing: /home/jason/Desktop/STUDY/Cobra-Driver/workspace/install/rosbridge_msgs/share/rosbridge_msgs/cmake/rosbridge_msgs__rosidl_typesupport_cppExport.cmake
[3.206s] -- Installing: /home/jason/Desktop/STUDY/Cobra-Driver/workspace/install/rosbridge_msgs/share/rosbridge_msgs/cmake/rosbridge_msgs__rosidl_typesupport_cppExport-noconfig.cmake
[3.206s] -- Installing: /home/jason/Desktop/STUDY/Cobra-Driver/workspace/install/rosbridge_msgs/share/rosbridge_msgs/cmake/export_rosbridge_msgs__rosidl_generator_pyExport.cmake
[3.206s] -- Installing: /home/jason/Desktop/STUDY/Cobra-Driver/workspace/install/rosbridge_msgs/share/rosbridge_msgs/cmake/export_rosbridge_msgs__rosidl_generator_pyExport-noconfig.cmake
[3.206s] -- Installing: /home/jason/Desktop/STUDY/Cobra-Driver/workspace/install/rosbridge_msgs/share/rosbridge_msgs/cmake/rosidl_cmake-extras.cmake
[3.206s] -- Installing: /home/jason/Desktop/STUDY/Cobra-Driver/workspace/install/rosbridge_msgs/share/rosbridge_msgs/cmake/ament_cmake_export_dependencies-extras.cmake
[3.206s] -- Installing: /home/jason/Desktop/STUDY/Cobra-Driver/workspace/install/rosbridge_msgs/share/rosbridge_msgs/cmake/ament_cmake_export_include_directories-extras.cmake
[3.206s] -- Installing: /home/jason/Desktop/STUDY/Cobra-Driver/workspace/install/rosbridge_msgs/share/rosbridge_msgs/cmake/ament_cmake_export_libraries-extras.cmake
[3.206s] -- Installing: /home/jason/Desktop/STUDY/Cobra-Driver/workspace/install/rosbridge_msgs/share/rosbridge_msgs/cmake/ament_cmake_export_targets-extras.cmake
[3.206s] -- Installing: /home/jason/Desktop/STUDY/Cobra-Driver/workspace/install/rosbridge_msgs/share/rosbridge_msgs/cmake/rosidl_cmake_export_typesupport_targets-extras.cmake
[3.206s] -- Installing: /home/jason/Desktop/STUDY/Cobra-Driver/workspace/install/rosbridge_msgs/share/rosbridge_msgs/cmake/rosidl_cmake_export_typesupport_libraries-extras.cmake
[3.207s] -- Installing: /home/jason/Desktop/STUDY/Cobra-Driver/workspace/install/rosbridge_msgs/share/rosbridge_msgs/cmake/rosbridge_msgsConfig.cmake
[3.207s] -- Installing: /home/jason/Desktop/STUDY/Cobra-Driver/workspace/install/rosbridge_msgs/share/rosbridge_msgs/cmake/rosbridge_msgsConfig-version.cmake
[3.207s] -- Installing: /home/jason/Desktop/STUDY/Cobra-Driver/workspace/install/rosbridge_msgs/share/rosbridge_msgs/package.xml
[3.210s] Invoked command in '/home/jason/Desktop/STUDY/Cobra-Driver/workspace/build/rosbridge_msgs' returned '0': CMAKE_PREFIX_PATH=${CMAKE_PREFIX_PATH}:/home/jason/Desktop/STUDY/Cobra-Driver/workspace/install/udp_to_ros:/home/jason/Desktop/STUDY/Cobra-Driver/workspace/install/udp_float_receiver:/opt/ros/iron CONDA_PROMPT_MODIFIER=(base) /usr/bin/cmake --install /home/jason/Desktop/STUDY/Cobra-Driver/workspace/build/rosbridge_msgs
