[1.047s] DEBUG:colcon:Command line arguments: ['/usr/bin/colcon', 'build']
[1.047s] DEBUG:colcon:Parsed command line arguments: Namespace(allow_overriding=[], ament_cmake_args=None, base_paths=['.'], build_base='build', catkin_cmake_args=None, catkin_skip_building_tests=False, cmake_args=None, cmake_clean_cache=False, cmake_clean_first=False, cmake_force_configure=False, cmake_target=None, cmake_target_skip_unavailable=False, continue_on_error=False, event_handlers=None, executor='parallel', ignore_user_meta=False, install_base='install', log_base=None, log_level=None, main=<bound method BuildVerb.main of <colcon_core.verb.build.BuildVerb object at 0xffffad18dc40>>, merge_install=False, metas=['./colcon.meta'], packages_above=None, packages_above_and_dependencies=None, packages_above_depth=None, packages_end=None, packages_ignore=None, packages_ignore_regex=None, packages_select=None, packages_select_build_failed=False, packages_select_by_dep=None, packages_select_regex=None, packages_select_test_failures=False, packages_skip=None, packages_skip_build_finished=False, packages_skip_by_dep=None, packages_skip_regex=None, packages_skip_test_passed=False, packages_skip_up_to=None, packages_start=None, packages_up_to=None, packages_up_to_regex=None, parallel_workers=8, paths=None, symlink_install=False, test_result_base=None, verb_extension=<colcon_core.verb.build.BuildVerb object at 0xffffad18dc40>, verb_name='build', verb_parser=<colcon_defaults.argument_parser.defaults.DefaultArgumentsDecorator object at 0xffffad0990a0>)
[1.189s] Level 1:colcon.colcon_core.package_discovery:discover_packages(colcon_meta) check parameters
[1.189s] Level 1:colcon.colcon_core.package_discovery:discover_packages(recursive) check parameters
[1.189s] Level 1:colcon.colcon_core.package_discovery:discover_packages(ignore) check parameters
[1.189s] Level 1:colcon.colcon_core.package_discovery:discover_packages(path) check parameters
[1.189s] Level 1:colcon.colcon_core.package_discovery:discover_packages(colcon_meta) discover
[1.190s] Level 1:colcon.colcon_core.package_discovery:discover_packages(recursive) discover
[1.190s] INFO:colcon.colcon_core.package_discovery:Crawling recursively for packages in '/home/sbel/Desktop/Cobra-Driver/workspace'
[1.190s] Level 1:colcon.colcon_core.package_identification:_identify(.) by extensions ['ignore', 'ignore_ament_install']
[1.190s] Level 1:colcon.colcon_core.package_identification:_identify(.) by extension 'ignore'
[1.190s] Level 1:colcon.colcon_core.package_identification:_identify(.) by extension 'ignore_ament_install'
[1.190s] Level 1:colcon.colcon_core.package_identification:_identify(.) by extensions ['colcon_pkg']
[1.191s] Level 1:colcon.colcon_core.package_identification:_identify(.) by extension 'colcon_pkg'
[1.191s] Level 1:colcon.colcon_core.package_identification:_identify(.) by extensions ['colcon_meta']
[1.191s] Level 1:colcon.colcon_core.package_identification:_identify(.) by extension 'colcon_meta'
[1.191s] Level 1:colcon.colcon_core.package_identification:_identify(.) by extensions ['ros']
[1.191s] Level 1:colcon.colcon_core.package_identification:_identify(.) by extension 'ros'
[1.227s] Level 1:colcon.colcon_core.package_identification:_identify(.) by extensions ['cmake', 'python']
[1.227s] Level 1:colcon.colcon_core.package_identification:_identify(.) by extension 'cmake'
[1.227s] Level 1:colcon.colcon_core.package_identification:_identify(.) by extension 'python'
[1.227s] Level 1:colcon.colcon_core.package_identification:_identify(.) by extensions ['python_setup_py']
[1.227s] Level 1:colcon.colcon_core.package_identification:_identify(.) by extension 'python_setup_py'
[1.228s] Level 1:colcon.colcon_core.package_identification:_identify(build) by extensions ['ignore', 'ignore_ament_install']
[1.228s] Level 1:colcon.colcon_core.package_identification:_identify(build) by extension 'ignore'
[1.228s] Level 1:colcon.colcon_core.package_identification:_identify(build) ignored
[1.228s] Level 1:colcon.colcon_core.package_identification:_identify(install) by extensions ['ignore', 'ignore_ament_install']
[1.228s] Level 1:colcon.colcon_core.package_identification:_identify(install) by extension 'ignore'
[1.228s] Level 1:colcon.colcon_core.package_identification:_identify(install) ignored
[1.229s] Level 1:colcon.colcon_core.package_identification:_identify(log) by extensions ['ignore', 'ignore_ament_install']
[1.229s] Level 1:colcon.colcon_core.package_identification:_identify(log) by extension 'ignore'
[1.229s] Level 1:colcon.colcon_core.package_identification:_identify(log) ignored
[1.229s] Level 1:colcon.colcon_core.package_identification:_identify(src) by extensions ['ignore', 'ignore_ament_install']
[1.229s] Level 1:colcon.colcon_core.package_identification:_identify(src) by extension 'ignore'
[1.229s] Level 1:colcon.colcon_core.package_identification:_identify(src) by extension 'ignore_ament_install'
[1.229s] Level 1:colcon.colcon_core.package_identification:_identify(src) by extensions ['colcon_pkg']
[1.230s] Level 1:colcon.colcon_core.package_identification:_identify(src) by extension 'colcon_pkg'
[1.230s] Level 1:colcon.colcon_core.package_identification:_identify(src) by extensions ['colcon_meta']
[1.230s] Level 1:colcon.colcon_core.package_identification:_identify(src) by extension 'colcon_meta'
[1.230s] Level 1:colcon.colcon_core.package_identification:_identify(src) by extensions ['ros']
[1.230s] Level 1:colcon.colcon_core.package_identification:_identify(src) by extension 'ros'
[1.230s] Level 1:colcon.colcon_core.package_identification:_identify(src) by extensions ['cmake', 'python']
[1.230s] Level 1:colcon.colcon_core.package_identification:_identify(src) by extension 'cmake'
[1.230s] Level 1:colcon.colcon_core.package_identification:_identify(src) by extension 'python'
[1.230s] Level 1:colcon.colcon_core.package_identification:_identify(src) by extensions ['python_setup_py']
[1.230s] Level 1:colcon.colcon_core.package_identification:_identify(src) by extension 'python_setup_py'
[1.230s] Level 1:colcon.colcon_core.package_identification:_identify(src/common) by extensions ['ignore', 'ignore_ament_install']
[1.231s] Level 1:colcon.colcon_core.package_identification:_identify(src/common) by extension 'ignore'
[1.231s] Level 1:colcon.colcon_core.package_identification:_identify(src/common) by extension 'ignore_ament_install'
[1.231s] Level 1:colcon.colcon_core.package_identification:_identify(src/common) by extensions ['colcon_pkg']
[1.231s] Level 1:colcon.colcon_core.package_identification:_identify(src/common) by extension 'colcon_pkg'
[1.231s] Level 1:colcon.colcon_core.package_identification:_identify(src/common) by extensions ['colcon_meta']
[1.231s] Level 1:colcon.colcon_core.package_identification:_identify(src/common) by extension 'colcon_meta'
[1.231s] Level 1:colcon.colcon_core.package_identification:_identify(src/common) by extensions ['ros']
[1.231s] Level 1:colcon.colcon_core.package_identification:_identify(src/common) by extension 'ros'
[1.247s] DEBUG:colcon.colcon_core.package_identification:Package 'src/common' with type 'ros.ament_python' and name 'common'
[1.248s] Level 1:colcon.colcon_core.package_identification:_identify(src/tcp_cam_sender) by extensions ['ignore', 'ignore_ament_install']
[1.248s] Level 1:colcon.colcon_core.package_identification:_identify(src/tcp_cam_sender) by extension 'ignore'
[1.248s] Level 1:colcon.colcon_core.package_identification:_identify(src/tcp_cam_sender) by extension 'ignore_ament_install'
[1.248s] Level 1:colcon.colcon_core.package_identification:_identify(src/tcp_cam_sender) by extensions ['colcon_pkg']
[1.248s] Level 1:colcon.colcon_core.package_identification:_identify(src/tcp_cam_sender) by extension 'colcon_pkg'
[1.248s] Level 1:colcon.colcon_core.package_identification:_identify(src/tcp_cam_sender) by extensions ['colcon_meta']
[1.248s] Level 1:colcon.colcon_core.package_identification:_identify(src/tcp_cam_sender) by extension 'colcon_meta'
[1.248s] Level 1:colcon.colcon_core.package_identification:_identify(src/tcp_cam_sender) by extensions ['ros']
[1.248s] Level 1:colcon.colcon_core.package_identification:_identify(src/tcp_cam_sender) by extension 'ros'
[1.250s] DEBUG:colcon.colcon_core.package_identification:Package 'src/tcp_cam_sender' with type 'ros.ament_python' and name 'tcp_cam_sender'
[1.250s] Level 1:colcon.colcon_core.package_identification:_identify(src/udp_to_ros) by extensions ['ignore', 'ignore_ament_install']
[1.251s] Level 1:colcon.colcon_core.package_identification:_identify(src/udp_to_ros) by extension 'ignore'
[1.251s] Level 1:colcon.colcon_core.package_identification:_identify(src/udp_to_ros) by extension 'ignore_ament_install'
[1.251s] Level 1:colcon.colcon_core.package_identification:_identify(src/udp_to_ros) by extensions ['colcon_pkg']
[1.251s] Level 1:colcon.colcon_core.package_identification:_identify(src/udp_to_ros) by extension 'colcon_pkg'
[1.251s] Level 1:colcon.colcon_core.package_identification:_identify(src/udp_to_ros) by extensions ['colcon_meta']
[1.251s] Level 1:colcon.colcon_core.package_identification:_identify(src/udp_to_ros) by extension 'colcon_meta'
[1.251s] Level 1:colcon.colcon_core.package_identification:_identify(src/udp_to_ros) by extensions ['ros']
[1.251s] Level 1:colcon.colcon_core.package_identification:_identify(src/udp_to_ros) by extension 'ros'
[1.252s] DEBUG:colcon.colcon_core.package_identification:Package 'src/udp_to_ros' with type 'ros.ament_python' and name 'udp_to_ros'
[1.253s] Level 1:colcon.colcon_core.package_identification:_identify(src/usb_cam) by extensions ['ignore', 'ignore_ament_install']
[1.253s] Level 1:colcon.colcon_core.package_identification:_identify(src/usb_cam) by extension 'ignore'
[1.253s] Level 1:colcon.colcon_core.package_identification:_identify(src/usb_cam) by extension 'ignore_ament_install'
[1.253s] Level 1:colcon.colcon_core.package_identification:_identify(src/usb_cam) by extensions ['colcon_pkg']
[1.253s] Level 1:colcon.colcon_core.package_identification:_identify(src/usb_cam) by extension 'colcon_pkg'
[1.253s] Level 1:colcon.colcon_core.package_identification:_identify(src/usb_cam) by extensions ['colcon_meta']
[1.253s] Level 1:colcon.colcon_core.package_identification:_identify(src/usb_cam) by extension 'colcon_meta'
[1.253s] Level 1:colcon.colcon_core.package_identification:_identify(src/usb_cam) by extensions ['ros']
[1.254s] Level 1:colcon.colcon_core.package_identification:_identify(src/usb_cam) by extension 'ros'
[1.256s] DEBUG:colcon.colcon_core.package_identification:Package 'src/usb_cam' with type 'ros.ament_cmake' and name 'usb_cam'
[1.256s] Level 1:colcon.colcon_core.package_identification:_identify(src/yolov5_ros2) by extensions ['ignore', 'ignore_ament_install']
[1.257s] Level 1:colcon.colcon_core.package_identification:_identify(src/yolov5_ros2) by extension 'ignore'
[1.257s] Level 1:colcon.colcon_core.package_identification:_identify(src/yolov5_ros2) by extension 'ignore_ament_install'
[1.257s] Level 1:colcon.colcon_core.package_identification:_identify(src/yolov5_ros2) by extensions ['colcon_pkg']
[1.257s] Level 1:colcon.colcon_core.package_identification:_identify(src/yolov5_ros2) by extension 'colcon_pkg'
[1.257s] Level 1:colcon.colcon_core.package_identification:_identify(src/yolov5_ros2) by extensions ['colcon_meta']
[1.257s] Level 1:colcon.colcon_core.package_identification:_identify(src/yolov5_ros2) by extension 'colcon_meta'
[1.257s] Level 1:colcon.colcon_core.package_identification:_identify(src/yolov5_ros2) by extensions ['ros']
[1.257s] Level 1:colcon.colcon_core.package_identification:_identify(src/yolov5_ros2) by extension 'ros'
[1.259s] DEBUG:colcon.colcon_core.package_identification:Package 'src/yolov5_ros2' with type 'ros.ament_python' and name 'yolov5_ros2'
[1.259s] Level 1:colcon.colcon_core.package_discovery:discover_packages(recursive) using defaults
[1.259s] Level 1:colcon.colcon_core.package_discovery:discover_packages(ignore) discover
[1.259s] Level 1:colcon.colcon_core.package_discovery:discover_packages(ignore) using defaults
[1.259s] Level 1:colcon.colcon_core.package_discovery:discover_packages(path) discover
[1.259s] Level 1:colcon.colcon_core.package_discovery:discover_packages(path) using defaults
[1.327s] Level 1:colcon.colcon_core.package_discovery:discover_packages(prefix_path) check parameters
[1.327s] Level 1:colcon.colcon_core.package_discovery:discover_packages(prefix_path) discover
[1.336s] DEBUG:colcon.colcon_installed_package_information.package_discovery:Found 266 installed packages in /opt/ros/foxy
[1.339s] Level 1:colcon.colcon_core.package_discovery:discover_packages(prefix_path) using defaults
[1.459s] Level 5:colcon.colcon_core.verb:set package 'common' build argument 'cmake_args' from command line to 'None'
[1.459s] Level 5:colcon.colcon_core.verb:set package 'common' build argument 'cmake_target' from command line to 'None'
[1.459s] Level 5:colcon.colcon_core.verb:set package 'common' build argument 'cmake_target_skip_unavailable' from command line to 'False'
[1.459s] Level 5:colcon.colcon_core.verb:set package 'common' build argument 'cmake_clean_cache' from command line to 'False'
[1.459s] Level 5:colcon.colcon_core.verb:set package 'common' build argument 'cmake_clean_first' from command line to 'False'
[1.459s] Level 5:colcon.colcon_core.verb:set package 'common' build argument 'cmake_force_configure' from command line to 'False'
[1.459s] Level 5:colcon.colcon_core.verb:set package 'common' build argument 'ament_cmake_args' from command line to 'None'
[1.459s] Level 5:colcon.colcon_core.verb:set package 'common' build argument 'catkin_cmake_args' from command line to 'None'
[1.460s] Level 5:colcon.colcon_core.verb:set package 'common' build argument 'catkin_skip_building_tests' from command line to 'False'
[1.460s] DEBUG:colcon.colcon_core.verb:Building package 'common' with the following arguments: {'ament_cmake_args': None, 'build_base': '/home/sbel/Desktop/Cobra-Driver/workspace/build/common', 'catkin_cmake_args': None, 'catkin_skip_building_tests': False, 'cmake_args': None, 'cmake_clean_cache': False, 'cmake_clean_first': False, 'cmake_force_configure': False, 'cmake_target': None, 'cmake_target_skip_unavailable': False, 'install_base': '/home/sbel/Desktop/Cobra-Driver/workspace/install/common', 'merge_install': False, 'path': '/home/sbel/Desktop/Cobra-Driver/workspace/src/common', 'symlink_install': False, 'test_result_base': None}
[1.461s] Level 5:colcon.colcon_core.verb:set package 'tcp_cam_sender' build argument 'cmake_args' from command line to 'None'
[1.462s] Level 5:colcon.colcon_core.verb:set package 'tcp_cam_sender' build argument 'cmake_target' from command line to 'None'
[1.462s] Level 5:colcon.colcon_core.verb:set package 'tcp_cam_sender' build argument 'cmake_target_skip_unavailable' from command line to 'False'
[1.462s] Level 5:colcon.colcon_core.verb:set package 'tcp_cam_sender' build argument 'cmake_clean_cache' from command line to 'False'
[1.462s] Level 5:colcon.colcon_core.verb:set package 'tcp_cam_sender' build argument 'cmake_clean_first' from command line to 'False'
[1.462s] Level 5:colcon.colcon_core.verb:set package 'tcp_cam_sender' build argument 'cmake_force_configure' from command line to 'False'
[1.462s] Level 5:colcon.colcon_core.verb:set package 'tcp_cam_sender' build argument 'ament_cmake_args' from command line to 'None'
[1.462s] Level 5:colcon.colcon_core.verb:set package 'tcp_cam_sender' build argument 'catkin_cmake_args' from command line to 'None'
[1.462s] Level 5:colcon.colcon_core.verb:set package 'tcp_cam_sender' build argument 'catkin_skip_building_tests' from command line to 'False'
[1.462s] DEBUG:colcon.colcon_core.verb:Building package 'tcp_cam_sender' with the following arguments: {'ament_cmake_args': None, 'build_base': '/home/sbel/Desktop/Cobra-Driver/workspace/build/tcp_cam_sender', 'catkin_cmake_args': None, 'catkin_skip_building_tests': False, 'cmake_args': None, 'cmake_clean_cache': False, 'cmake_clean_first': False, 'cmake_force_configure': False, 'cmake_target': None, 'cmake_target_skip_unavailable': False, 'install_base': '/home/sbel/Desktop/Cobra-Driver/workspace/install/tcp_cam_sender', 'merge_install': False, 'path': '/home/sbel/Desktop/Cobra-Driver/workspace/src/tcp_cam_sender', 'symlink_install': False, 'test_result_base': None}
[1.464s] Level 5:colcon.colcon_core.verb:set package 'udp_to_ros' build argument 'cmake_args' from command line to 'None'
[1.464s] Level 5:colcon.colcon_core.verb:set package 'udp_to_ros' build argument 'cmake_target' from command line to 'None'
[1.464s] Level 5:colcon.colcon_core.verb:set package 'udp_to_ros' build argument 'cmake_target_skip_unavailable' from command line to 'False'
[1.464s] Level 5:colcon.colcon_core.verb:set package 'udp_to_ros' build argument 'cmake_clean_cache' from command line to 'False'
[1.464s] Level 5:colcon.colcon_core.verb:set package 'udp_to_ros' build argument 'cmake_clean_first' from command line to 'False'
[1.464s] Level 5:colcon.colcon_core.verb:set package 'udp_to_ros' build argument 'cmake_force_configure' from command line to 'False'
[1.464s] Level 5:colcon.colcon_core.verb:set package 'udp_to_ros' build argument 'ament_cmake_args' from command line to 'None'
[1.464s] Level 5:colcon.colcon_core.verb:set package 'udp_to_ros' build argument 'catkin_cmake_args' from command line to 'None'
[1.464s] Level 5:colcon.colcon_core.verb:set package 'udp_to_ros' build argument 'catkin_skip_building_tests' from command line to 'False'
[1.464s] DEBUG:colcon.colcon_core.verb:Building package 'udp_to_ros' with the following arguments: {'ament_cmake_args': None, 'build_base': '/home/sbel/Desktop/Cobra-Driver/workspace/build/udp_to_ros', 'catkin_cmake_args': None, 'catkin_skip_building_tests': False, 'cmake_args': None, 'cmake_clean_cache': False, 'cmake_clean_first': False, 'cmake_force_configure': False, 'cmake_target': None, 'cmake_target_skip_unavailable': False, 'install_base': '/home/sbel/Desktop/Cobra-Driver/workspace/install/udp_to_ros', 'merge_install': False, 'path': '/home/sbel/Desktop/Cobra-Driver/workspace/src/udp_to_ros', 'symlink_install': False, 'test_result_base': None}
[1.466s] Level 5:colcon.colcon_core.verb:set package 'usb_cam' build argument 'cmake_args' from command line to 'None'
[1.466s] Level 5:colcon.colcon_core.verb:set package 'usb_cam' build argument 'cmake_target' from command line to 'None'
[1.466s] Level 5:colcon.colcon_core.verb:set package 'usb_cam' build argument 'cmake_target_skip_unavailable' from command line to 'False'
[1.466s] Level 5:colcon.colcon_core.verb:set package 'usb_cam' build argument 'cmake_clean_cache' from command line to 'False'
[1.466s] Level 5:colcon.colcon_core.verb:set package 'usb_cam' build argument 'cmake_clean_first' from command line to 'False'
[1.466s] Level 5:colcon.colcon_core.verb:set package 'usb_cam' build argument 'cmake_force_configure' from command line to 'False'
[1.466s] Level 5:colcon.colcon_core.verb:set package 'usb_cam' build argument 'ament_cmake_args' from command line to 'None'
[1.466s] Level 5:colcon.colcon_core.verb:set package 'usb_cam' build argument 'catkin_cmake_args' from command line to 'None'
[1.466s] Level 5:colcon.colcon_core.verb:set package 'usb_cam' build argument 'catkin_skip_building_tests' from command line to 'False'
[1.467s] DEBUG:colcon.colcon_core.verb:Building package 'usb_cam' with the following arguments: {'ament_cmake_args': None, 'build_base': '/home/sbel/Desktop/Cobra-Driver/workspace/build/usb_cam', 'catkin_cmake_args': None, 'catkin_skip_building_tests': False, 'cmake_args': None, 'cmake_clean_cache': False, 'cmake_clean_first': False, 'cmake_force_configure': False, 'cmake_target': None, 'cmake_target_skip_unavailable': False, 'install_base': '/home/sbel/Desktop/Cobra-Driver/workspace/install/usb_cam', 'merge_install': False, 'path': '/home/sbel/Desktop/Cobra-Driver/workspace/src/usb_cam', 'symlink_install': False, 'test_result_base': None}
[1.468s] Level 5:colcon.colcon_core.verb:set package 'yolov5_ros2' build argument 'cmake_args' from command line to 'None'
[1.468s] Level 5:colcon.colcon_core.verb:set package 'yolov5_ros2' build argument 'cmake_target' from command line to 'None'
[1.468s] Level 5:colcon.colcon_core.verb:set package 'yolov5_ros2' build argument 'cmake_target_skip_unavailable' from command line to 'False'
[1.468s] Level 5:colcon.colcon_core.verb:set package 'yolov5_ros2' build argument 'cmake_clean_cache' from command line to 'False'
[1.468s] Level 5:colcon.colcon_core.verb:set package 'yolov5_ros2' build argument 'cmake_clean_first' from command line to 'False'
[1.469s] Level 5:colcon.colcon_core.verb:set package 'yolov5_ros2' build argument 'cmake_force_configure' from command line to 'False'
[1.469s] Level 5:colcon.colcon_core.verb:set package 'yolov5_ros2' build argument 'ament_cmake_args' from command line to 'None'
[1.469s] Level 5:colcon.colcon_core.verb:set package 'yolov5_ros2' build argument 'catkin_cmake_args' from command line to 'None'
[1.469s] Level 5:colcon.colcon_core.verb:set package 'yolov5_ros2' build argument 'catkin_skip_building_tests' from command line to 'False'
[1.469s] DEBUG:colcon.colcon_core.verb:Building package 'yolov5_ros2' with the following arguments: {'ament_cmake_args': None, 'build_base': '/home/sbel/Desktop/Cobra-Driver/workspace/build/yolov5_ros2', 'catkin_cmake_args': None, 'catkin_skip_building_tests': False, 'cmake_args': None, 'cmake_clean_cache': False, 'cmake_clean_first': False, 'cmake_force_configure': False, 'cmake_target': None, 'cmake_target_skip_unavailable': False, 'install_base': '/home/sbel/Desktop/Cobra-Driver/workspace/install/yolov5_ros2', 'merge_install': False, 'path': '/home/sbel/Desktop/Cobra-Driver/workspace/src/yolov5_ros2', 'symlink_install': False, 'test_result_base': None}
[1.470s] INFO:colcon.colcon_core.executor:Executing jobs using 'parallel' executor
[1.522s] DEBUG:colcon.colcon_parallel_executor.executor.parallel:run_until_complete
[1.523s] INFO:colcon.colcon_ros.task.ament_python.build:Building ROS package in '/home/sbel/Desktop/Cobra-Driver/workspace/src/common' with build type 'ament_python'
[1.523s] Level 1:colcon.colcon_core.shell:create_environment_hook('common', 'ament_prefix_path')
[1.544s] INFO:colcon.colcon_core.plugin_system:Skipping extension 'colcon_core.shell.bat': Not used on non-Windows systems
[1.545s] INFO:colcon.colcon_core.shell:Creating environment hook '/home/sbel/Desktop/Cobra-Driver/workspace/install/common/share/common/hook/ament_prefix_path.ps1'
[1.547s] INFO:colcon.colcon_core.shell:Creating environment descriptor '/home/sbel/Desktop/Cobra-Driver/workspace/install/common/share/common/hook/ament_prefix_path.dsv'
[1.548s] INFO:colcon.colcon_core.shell:Creating environment hook '/home/sbel/Desktop/Cobra-Driver/workspace/install/common/share/common/hook/ament_prefix_path.sh'
[1.552s] INFO:colcon.colcon_core.shell:Skip shell extension 'powershell' for command environment: Not usable outside of PowerShell
[1.552s] DEBUG:colcon.colcon_core.shell:Skip shell extension 'dsv' for command environment
[1.564s] INFO:colcon.colcon_ros.task.ament_python.build:Building ROS package in '/home/sbel/Desktop/Cobra-Driver/workspace/src/tcp_cam_sender' with build type 'ament_python'
[1.566s] Level 1:colcon.colcon_core.shell:create_environment_hook('tcp_cam_sender', 'ament_prefix_path')
[1.569s] INFO:colcon.colcon_core.shell:Creating environment hook '/home/sbel/Desktop/Cobra-Driver/workspace/install/tcp_cam_sender/share/tcp_cam_sender/hook/ament_prefix_path.ps1'
[1.571s] INFO:colcon.colcon_core.shell:Creating environment descriptor '/home/sbel/Desktop/Cobra-Driver/workspace/install/tcp_cam_sender/share/tcp_cam_sender/hook/ament_prefix_path.dsv'
[1.572s] INFO:colcon.colcon_core.shell:Creating environment hook '/home/sbel/Desktop/Cobra-Driver/workspace/install/tcp_cam_sender/share/tcp_cam_sender/hook/ament_prefix_path.sh'
[1.575s] INFO:colcon.colcon_core.shell:Skip shell extension 'powershell' for command environment: Not usable outside of PowerShell
[1.575s] DEBUG:colcon.colcon_core.shell:Skip shell extension 'dsv' for command environment
[1.586s] INFO:colcon.colcon_ros.task.ament_python.build:Building ROS package in '/home/sbel/Desktop/Cobra-Driver/workspace/src/udp_to_ros' with build type 'ament_python'
[1.587s] Level 1:colcon.colcon_core.shell:create_environment_hook('udp_to_ros', 'ament_prefix_path')
[1.590s] INFO:colcon.colcon_core.shell:Creating environment hook '/home/sbel/Desktop/Cobra-Driver/workspace/install/udp_to_ros/share/udp_to_ros/hook/ament_prefix_path.ps1'
[1.592s] INFO:colcon.colcon_core.shell:Creating environment descriptor '/home/sbel/Desktop/Cobra-Driver/workspace/install/udp_to_ros/share/udp_to_ros/hook/ament_prefix_path.dsv'
[1.592s] INFO:colcon.colcon_core.shell:Creating environment hook '/home/sbel/Desktop/Cobra-Driver/workspace/install/udp_to_ros/share/udp_to_ros/hook/ament_prefix_path.sh'
[1.595s] INFO:colcon.colcon_core.shell:Skip shell extension 'powershell' for command environment: Not usable outside of PowerShell
[1.596s] DEBUG:colcon.colcon_core.shell:Skip shell extension 'dsv' for command environment
[1.606s] INFO:colcon.colcon_ros.task.ament_cmake.build:Building ROS package in '/home/sbel/Desktop/Cobra-Driver/workspace/src/usb_cam' with build type 'ament_cmake'
[1.607s] INFO:colcon.colcon_cmake.task.cmake.build:Building CMake package in '/home/sbel/Desktop/Cobra-Driver/workspace/src/usb_cam'
[1.610s] INFO:colcon.colcon_core.shell:Skip shell extension 'powershell' for command environment: Not usable outside of PowerShell
[1.610s] DEBUG:colcon.colcon_core.shell:Skip shell extension 'dsv' for command environment
[1.620s] INFO:colcon.colcon_ros.task.ament_python.build:Building ROS package in '/home/sbel/Desktop/Cobra-Driver/workspace/src/yolov5_ros2' with build type 'ament_python'
[1.621s] Level 1:colcon.colcon_core.shell:create_environment_hook('yolov5_ros2', 'ament_prefix_path')
[1.624s] INFO:colcon.colcon_core.shell:Creating environment hook '/home/sbel/Desktop/Cobra-Driver/workspace/install/yolov5_ros2/share/yolov5_ros2/hook/ament_prefix_path.ps1'
[1.626s] INFO:colcon.colcon_core.shell:Creating environment descriptor '/home/sbel/Desktop/Cobra-Driver/workspace/install/yolov5_ros2/share/yolov5_ros2/hook/ament_prefix_path.dsv'
[1.626s] INFO:colcon.colcon_core.shell:Creating environment hook '/home/sbel/Desktop/Cobra-Driver/workspace/install/yolov5_ros2/share/yolov5_ros2/hook/ament_prefix_path.sh'
[1.629s] INFO:colcon.colcon_core.shell:Skip shell extension 'powershell' for command environment: Not usable outside of PowerShell
[1.629s] DEBUG:colcon.colcon_core.shell:Skip shell extension 'dsv' for command environment
[2.074s] INFO:colcon.colcon_core.task.python.build:Building Python package in '/home/sbel/Desktop/Cobra-Driver/workspace/src/common'
[2.078s] INFO:colcon.colcon_core.shell:Skip shell extension 'powershell' for command environment: Not usable outside of PowerShell
[2.078s] DEBUG:colcon.colcon_core.shell:Skip shell extension 'dsv' for command environment
[2.503s] INFO:colcon.colcon_core.task.python.build:Building Python package in '/home/sbel/Desktop/Cobra-Driver/workspace/src/tcp_cam_sender'
[2.509s] INFO:colcon.colcon_core.shell:Skip shell extension 'powershell' for command environment: Not usable outside of PowerShell
[2.509s] DEBUG:colcon.colcon_core.shell:Skip shell extension 'dsv' for command environment
[2.943s] INFO:colcon.colcon_core.task.python.build:Building Python package in '/home/sbel/Desktop/Cobra-Driver/workspace/src/udp_to_ros'
[2.949s] INFO:colcon.colcon_core.shell:Skip shell extension 'powershell' for command environment: Not usable outside of PowerShell
[2.949s] DEBUG:colcon.colcon_core.shell:Skip shell extension 'dsv' for command environment
[2.977s] DEBUG:colcon.colcon_core.event_handler.log_command:Invoking command in '/home/sbel/Desktop/Cobra-Driver/workspace/build/usb_cam': CMAKE_PREFIX_PATH=/opt/ros/foxy /usr/bin/cmake /home/sbel/Desktop/Cobra-Driver/workspace/src/usb_cam -DCMAKE_INSTALL_PREFIX=/home/sbel/Desktop/Cobra-Driver/workspace/install/usb_cam
[3.440s] INFO:colcon.colcon_core.task.python.build:Building Python package in '/home/sbel/Desktop/Cobra-Driver/workspace/src/yolov5_ros2'
[3.448s] INFO:colcon.colcon_core.shell:Skip shell extension 'powershell' for command environment: Not usable outside of PowerShell
[3.449s] DEBUG:colcon.colcon_core.shell:Skip shell extension 'dsv' for command environment
[5.170s] DEBUG:colcon.colcon_core.event_handler.log_command:Invoking command in '/home/sbel/Desktop/Cobra-Driver/workspace/src/tcp_cam_sender': PYTHONPATH=/home/sbel/Desktop/Cobra-Driver/workspace/build/tcp_cam_sender/prefix_override:/home/sbel/Desktop/Cobra-Driver/workspace/install/tcp_cam_sender/lib/python3.8/site-packages:${PYTHONPATH} /usr/bin/python3 setup.py egg_info --egg-base ../../build/tcp_cam_sender build --build-base /home/sbel/Desktop/Cobra-Driver/workspace/build/tcp_cam_sender/build install --record /home/sbel/Desktop/Cobra-Driver/workspace/build/tcp_cam_sender/install.log --single-version-externally-managed
[5.202s] DEBUG:colcon.colcon_core.event_handler.log_command:Invoking command in '/home/sbel/Desktop/Cobra-Driver/workspace/src/udp_to_ros': PYTHONPATH=/home/sbel/Desktop/Cobra-Driver/workspace/build/udp_to_ros/prefix_override:/home/sbel/Desktop/Cobra-Driver/workspace/install/udp_to_ros/lib/python3.8/site-packages:${PYTHONPATH} /usr/bin/python3 setup.py egg_info --egg-base ../../build/udp_to_ros build --build-base /home/sbel/Desktop/Cobra-Driver/workspace/build/udp_to_ros/build install --record /home/sbel/Desktop/Cobra-Driver/workspace/build/udp_to_ros/install.log --single-version-externally-managed
[5.212s] DEBUG:colcon.colcon_core.event_handler.log_command:Invoking command in '/home/sbel/Desktop/Cobra-Driver/workspace/src/yolov5_ros2': PYTHONPATH=/home/sbel/Desktop/Cobra-Driver/workspace/build/yolov5_ros2/prefix_override:/home/sbel/Desktop/Cobra-Driver/workspace/install/yolov5_ros2/lib/python3.8/site-packages:${PYTHONPATH} /usr/bin/python3 setup.py egg_info --egg-base ../../build/yolov5_ros2 build --build-base /home/sbel/Desktop/Cobra-Driver/workspace/build/yolov5_ros2/build install --record /home/sbel/Desktop/Cobra-Driver/workspace/build/yolov5_ros2/install.log --single-version-externally-managed
[5.222s] DEBUG:colcon.colcon_core.event_handler.log_command:Invoking command in '/home/sbel/Desktop/Cobra-Driver/workspace/src/common': PYTHONPATH=/home/sbel/Desktop/Cobra-Driver/workspace/build/common/prefix_override:/home/sbel/Desktop/Cobra-Driver/workspace/install/common/lib/python3.8/site-packages:${PYTHONPATH} /usr/bin/python3 setup.py egg_info --egg-base ../../build/common build --build-base /home/sbel/Desktop/Cobra-Driver/workspace/build/common/build install --record /home/sbel/Desktop/Cobra-Driver/workspace/build/common/install.log --single-version-externally-managed
[6.379s] DEBUG:colcon.colcon_core.event_handler.log_command:Invoked command in '/home/sbel/Desktop/Cobra-Driver/workspace/src/udp_to_ros' returned '0': PYTHONPATH=/home/sbel/Desktop/Cobra-Driver/workspace/build/udp_to_ros/prefix_override:/home/sbel/Desktop/Cobra-Driver/workspace/install/udp_to_ros/lib/python3.8/site-packages:${PYTHONPATH} /usr/bin/python3 setup.py egg_info --egg-base ../../build/udp_to_ros build --build-base /home/sbel/Desktop/Cobra-Driver/workspace/build/udp_to_ros/build install --record /home/sbel/Desktop/Cobra-Driver/workspace/build/udp_to_ros/install.log --single-version-externally-managed
[6.404s] Level 1:colcon.colcon_core.environment:checking '/home/sbel/Desktop/Cobra-Driver/workspace/install/udp_to_ros' for CMake module files
[6.406s] Level 1:colcon.colcon_core.environment:checking '/home/sbel/Desktop/Cobra-Driver/workspace/install/udp_to_ros' for CMake config files
[6.408s] Level 1:colcon.colcon_core.environment:checking '/home/sbel/Desktop/Cobra-Driver/workspace/install/udp_to_ros/lib'
[6.408s] Level 1:colcon.colcon_core.environment:checking '/home/sbel/Desktop/Cobra-Driver/workspace/install/udp_to_ros/bin'
[6.409s] Level 1:colcon.colcon_core.environment:checking '/home/sbel/Desktop/Cobra-Driver/workspace/install/udp_to_ros/lib/pkgconfig/udp_to_ros.pc'
[6.409s] Level 1:colcon.colcon_core.environment:checking '/home/sbel/Desktop/Cobra-Driver/workspace/install/udp_to_ros/lib/python3.8/site-packages'
[6.409s] Level 1:colcon.colcon_core.shell:create_environment_hook('udp_to_ros', 'pythonpath')
[6.413s] INFO:colcon.colcon_core.shell:Creating environment hook '/home/sbel/Desktop/Cobra-Driver/workspace/install/udp_to_ros/share/udp_to_ros/hook/pythonpath.ps1'
[6.415s] INFO:colcon.colcon_core.shell:Creating environment descriptor '/home/sbel/Desktop/Cobra-Driver/workspace/install/udp_to_ros/share/udp_to_ros/hook/pythonpath.dsv'
[6.415s] INFO:colcon.colcon_core.shell:Creating environment hook '/home/sbel/Desktop/Cobra-Driver/workspace/install/udp_to_ros/share/udp_to_ros/hook/pythonpath.sh'
[6.416s] Level 1:colcon.colcon_core.environment:checking '/home/sbel/Desktop/Cobra-Driver/workspace/install/udp_to_ros/bin'
[6.417s] Level 1:colcon.colcon_core.environment:create_environment_scripts_only(udp_to_ros)
[6.420s] INFO:colcon.colcon_core.shell:Creating package script '/home/sbel/Desktop/Cobra-Driver/workspace/install/udp_to_ros/share/udp_to_ros/package.ps1'
[6.426s] INFO:colcon.colcon_core.shell:Creating package descriptor '/home/sbel/Desktop/Cobra-Driver/workspace/install/udp_to_ros/share/udp_to_ros/package.dsv'
[6.427s] INFO:colcon.colcon_core.shell:Creating package script '/home/sbel/Desktop/Cobra-Driver/workspace/install/udp_to_ros/share/udp_to_ros/package.sh'
[6.429s] INFO:colcon.colcon_core.shell:Creating package script '/home/sbel/Desktop/Cobra-Driver/workspace/install/udp_to_ros/share/udp_to_ros/package.bash'
[6.431s] INFO:colcon.colcon_core.shell:Creating package script '/home/sbel/Desktop/Cobra-Driver/workspace/install/udp_to_ros/share/udp_to_ros/package.zsh'
[6.432s] Level 1:colcon.colcon_core.environment:create_file_with_runtime_dependencies(/home/sbel/Desktop/Cobra-Driver/workspace/install/udp_to_ros/share/colcon-core/packages/udp_to_ros)
[6.440s] Level 1:colcon.colcon_core.environment:checking '/home/sbel/Desktop/Cobra-Driver/workspace/install/tcp_cam_sender' for CMake module files
[6.441s] DEBUG:colcon.colcon_core.event_handler.log_command:Invoked command in '/home/sbel/Desktop/Cobra-Driver/workspace/src/tcp_cam_sender' returned '0': PYTHONPATH=/home/sbel/Desktop/Cobra-Driver/workspace/build/tcp_cam_sender/prefix_override:/home/sbel/Desktop/Cobra-Driver/workspace/install/tcp_cam_sender/lib/python3.8/site-packages:${PYTHONPATH} /usr/bin/python3 setup.py egg_info --egg-base ../../build/tcp_cam_sender build --build-base /home/sbel/Desktop/Cobra-Driver/workspace/build/tcp_cam_sender/build install --record /home/sbel/Desktop/Cobra-Driver/workspace/build/tcp_cam_sender/install.log --single-version-externally-managed
[6.442s] Level 1:colcon.colcon_core.environment:checking '/home/sbel/Desktop/Cobra-Driver/workspace/install/tcp_cam_sender' for CMake config files
[6.443s] Level 1:colcon.colcon_core.environment:checking '/home/sbel/Desktop/Cobra-Driver/workspace/install/tcp_cam_sender/lib'
[6.443s] Level 1:colcon.colcon_core.environment:checking '/home/sbel/Desktop/Cobra-Driver/workspace/install/tcp_cam_sender/bin'
[6.443s] Level 1:colcon.colcon_core.environment:checking '/home/sbel/Desktop/Cobra-Driver/workspace/install/tcp_cam_sender/lib/pkgconfig/tcp_cam_sender.pc'
[6.444s] Level 1:colcon.colcon_core.environment:checking '/home/sbel/Desktop/Cobra-Driver/workspace/install/tcp_cam_sender/lib/python3.8/site-packages'
[6.444s] Level 1:colcon.colcon_core.shell:create_environment_hook('tcp_cam_sender', 'pythonpath')
[6.447s] INFO:colcon.colcon_core.shell:Creating environment hook '/home/sbel/Desktop/Cobra-Driver/workspace/install/tcp_cam_sender/share/tcp_cam_sender/hook/pythonpath.ps1'
[6.448s] INFO:colcon.colcon_core.shell:Creating environment descriptor '/home/sbel/Desktop/Cobra-Driver/workspace/install/tcp_cam_sender/share/tcp_cam_sender/hook/pythonpath.dsv'
[6.448s] INFO:colcon.colcon_core.shell:Creating environment hook '/home/sbel/Desktop/Cobra-Driver/workspace/install/tcp_cam_sender/share/tcp_cam_sender/hook/pythonpath.sh'
[6.449s] Level 1:colcon.colcon_core.environment:checking '/home/sbel/Desktop/Cobra-Driver/workspace/install/tcp_cam_sender/bin'
[6.449s] Level 1:colcon.colcon_core.environment:create_environment_scripts_only(tcp_cam_sender)
[6.452s] INFO:colcon.colcon_core.shell:Creating package script '/home/sbel/Desktop/Cobra-Driver/workspace/install/tcp_cam_sender/share/tcp_cam_sender/package.ps1'
[6.453s] INFO:colcon.colcon_core.shell:Creating package descriptor '/home/sbel/Desktop/Cobra-Driver/workspace/install/tcp_cam_sender/share/tcp_cam_sender/package.dsv'
[6.454s] INFO:colcon.colcon_core.shell:Creating package script '/home/sbel/Desktop/Cobra-Driver/workspace/install/tcp_cam_sender/share/tcp_cam_sender/package.sh'
[6.454s] INFO:colcon.colcon_core.shell:Creating package script '/home/sbel/Desktop/Cobra-Driver/workspace/install/tcp_cam_sender/share/tcp_cam_sender/package.bash'
[6.455s] INFO:colcon.colcon_core.shell:Creating package script '/home/sbel/Desktop/Cobra-Driver/workspace/install/tcp_cam_sender/share/tcp_cam_sender/package.zsh'
[6.455s] Level 1:colcon.colcon_core.environment:create_file_with_runtime_dependencies(/home/sbel/Desktop/Cobra-Driver/workspace/install/tcp_cam_sender/share/colcon-core/packages/tcp_cam_sender)
[6.460s] Level 1:colcon.colcon_core.environment:checking '/home/sbel/Desktop/Cobra-Driver/workspace/install/common' for CMake module files
[6.462s] Level 1:colcon.colcon_core.environment:checking '/home/sbel/Desktop/Cobra-Driver/workspace/install/common' for CMake config files
[6.462s] DEBUG:colcon.colcon_core.event_handler.log_command:Invoked command in '/home/sbel/Desktop/Cobra-Driver/workspace/src/common' returned '0': PYTHONPATH=/home/sbel/Desktop/Cobra-Driver/workspace/build/common/prefix_override:/home/sbel/Desktop/Cobra-Driver/workspace/install/common/lib/python3.8/site-packages:${PYTHONPATH} /usr/bin/python3 setup.py egg_info --egg-base ../../build/common build --build-base /home/sbel/Desktop/Cobra-Driver/workspace/build/common/build install --record /home/sbel/Desktop/Cobra-Driver/workspace/build/common/install.log --single-version-externally-managed
[6.463s] Level 1:colcon.colcon_core.environment:checking '/home/sbel/Desktop/Cobra-Driver/workspace/install/common/lib'
[6.463s] Level 1:colcon.colcon_core.environment:checking '/home/sbel/Desktop/Cobra-Driver/workspace/install/common/bin'
[6.464s] Level 1:colcon.colcon_core.environment:checking '/home/sbel/Desktop/Cobra-Driver/workspace/install/common/lib/pkgconfig/common.pc'
[6.464s] Level 1:colcon.colcon_core.environment:checking '/home/sbel/Desktop/Cobra-Driver/workspace/install/common/lib/python3.8/site-packages'
[6.464s] Level 1:colcon.colcon_core.shell:create_environment_hook('common', 'pythonpath')
[6.467s] INFO:colcon.colcon_core.shell:Creating environment hook '/home/sbel/Desktop/Cobra-Driver/workspace/install/common/share/common/hook/pythonpath.ps1'
[6.468s] INFO:colcon.colcon_core.shell:Creating environment descriptor '/home/sbel/Desktop/Cobra-Driver/workspace/install/common/share/common/hook/pythonpath.dsv'
[6.468s] INFO:colcon.colcon_core.shell:Creating environment hook '/home/sbel/Desktop/Cobra-Driver/workspace/install/common/share/common/hook/pythonpath.sh'
[6.469s] Level 1:colcon.colcon_core.environment:checking '/home/sbel/Desktop/Cobra-Driver/workspace/install/common/bin'
[6.469s] Level 1:colcon.colcon_core.environment:create_environment_scripts_only(common)
[6.472s] INFO:colcon.colcon_core.shell:Creating package script '/home/sbel/Desktop/Cobra-Driver/workspace/install/common/share/common/package.ps1'
[6.473s] INFO:colcon.colcon_core.shell:Creating package descriptor '/home/sbel/Desktop/Cobra-Driver/workspace/install/common/share/common/package.dsv'
[6.474s] INFO:colcon.colcon_core.shell:Creating package script '/home/sbel/Desktop/Cobra-Driver/workspace/install/common/share/common/package.sh'
[6.474s] INFO:colcon.colcon_core.shell:Creating package script '/home/sbel/Desktop/Cobra-Driver/workspace/install/common/share/common/package.bash'
[6.475s] INFO:colcon.colcon_core.shell:Creating package script '/home/sbel/Desktop/Cobra-Driver/workspace/install/common/share/common/package.zsh'
[6.475s] Level 1:colcon.colcon_core.environment:create_file_with_runtime_dependencies(/home/sbel/Desktop/Cobra-Driver/workspace/install/common/share/colcon-core/packages/common)
[6.480s] Level 1:colcon.colcon_core.environment:checking '/home/sbel/Desktop/Cobra-Driver/workspace/install/yolov5_ros2' for CMake module files
[6.482s] DEBUG:colcon.colcon_core.event_handler.log_command:Invoked command in '/home/sbel/Desktop/Cobra-Driver/workspace/src/yolov5_ros2' returned '0': PYTHONPATH=/home/sbel/Desktop/Cobra-Driver/workspace/build/yolov5_ros2/prefix_override:/home/sbel/Desktop/Cobra-Driver/workspace/install/yolov5_ros2/lib/python3.8/site-packages:${PYTHONPATH} /usr/bin/python3 setup.py egg_info --egg-base ../../build/yolov5_ros2 build --build-base /home/sbel/Desktop/Cobra-Driver/workspace/build/yolov5_ros2/build install --record /home/sbel/Desktop/Cobra-Driver/workspace/build/yolov5_ros2/install.log --single-version-externally-managed
[6.482s] Level 1:colcon.colcon_core.environment:checking '/home/sbel/Desktop/Cobra-Driver/workspace/install/yolov5_ros2' for CMake config files
[6.484s] Level 1:colcon.colcon_core.environment:checking '/home/sbel/Desktop/Cobra-Driver/workspace/install/yolov5_ros2/lib'
[6.484s] Level 1:colcon.colcon_core.environment:checking '/home/sbel/Desktop/Cobra-Driver/workspace/install/yolov5_ros2/bin'
[6.484s] Level 1:colcon.colcon_core.environment:checking '/home/sbel/Desktop/Cobra-Driver/workspace/install/yolov5_ros2/lib/pkgconfig/yolov5_ros2.pc'
[6.484s] Level 1:colcon.colcon_core.environment:checking '/home/sbel/Desktop/Cobra-Driver/workspace/install/yolov5_ros2/lib/python3.8/site-packages'
[6.484s] Level 1:colcon.colcon_core.shell:create_environment_hook('yolov5_ros2', 'pythonpath')
[6.487s] INFO:colcon.colcon_core.shell:Creating environment hook '/home/sbel/Desktop/Cobra-Driver/workspace/install/yolov5_ros2/share/yolov5_ros2/hook/pythonpath.ps1'
[6.488s] INFO:colcon.colcon_core.shell:Creating environment descriptor '/home/sbel/Desktop/Cobra-Driver/workspace/install/yolov5_ros2/share/yolov5_ros2/hook/pythonpath.dsv'
[6.488s] INFO:colcon.colcon_core.shell:Creating environment hook '/home/sbel/Desktop/Cobra-Driver/workspace/install/yolov5_ros2/share/yolov5_ros2/hook/pythonpath.sh'
[6.489s] Level 1:colcon.colcon_core.environment:checking '/home/sbel/Desktop/Cobra-Driver/workspace/install/yolov5_ros2/bin'
[6.489s] Level 1:colcon.colcon_core.environment:create_environment_scripts_only(yolov5_ros2)
[6.492s] INFO:colcon.colcon_core.shell:Creating package script '/home/sbel/Desktop/Cobra-Driver/workspace/install/yolov5_ros2/share/yolov5_ros2/package.ps1'
[6.493s] INFO:colcon.colcon_core.shell:Creating package descriptor '/home/sbel/Desktop/Cobra-Driver/workspace/install/yolov5_ros2/share/yolov5_ros2/package.dsv'
[6.494s] INFO:colcon.colcon_core.shell:Creating package script '/home/sbel/Desktop/Cobra-Driver/workspace/install/yolov5_ros2/share/yolov5_ros2/package.sh'
[6.495s] INFO:colcon.colcon_core.shell:Creating package script '/home/sbel/Desktop/Cobra-Driver/workspace/install/yolov5_ros2/share/yolov5_ros2/package.bash'
[6.495s] INFO:colcon.colcon_core.shell:Creating package script '/home/sbel/Desktop/Cobra-Driver/workspace/install/yolov5_ros2/share/yolov5_ros2/package.zsh'
[6.496s] Level 1:colcon.colcon_core.environment:create_file_with_runtime_dependencies(/home/sbel/Desktop/Cobra-Driver/workspace/install/yolov5_ros2/share/colcon-core/packages/yolov5_ros2)
[8.124s] DEBUG:colcon.colcon_core.event_handler.log_command:Invoked command in '/home/sbel/Desktop/Cobra-Driver/workspace/build/usb_cam' returned '0': CMAKE_PREFIX_PATH=/opt/ros/foxy /usr/bin/cmake /home/sbel/Desktop/Cobra-Driver/workspace/src/usb_cam -DCMAKE_INSTALL_PREFIX=/home/sbel/Desktop/Cobra-Driver/workspace/install/usb_cam
[8.139s] DEBUG:colcon.colcon_core.event_handler.log_command:Invoking command in '/home/sbel/Desktop/Cobra-Driver/workspace/build/usb_cam': CMAKE_PREFIX_PATH=/opt/ros/foxy /usr/bin/cmake --build /home/sbel/Desktop/Cobra-Driver/workspace/build/usb_cam -- -j8 -l8
[21.862s] DEBUG:colcon.colcon_core.event_handler.log_command:Invoked command in '/home/sbel/Desktop/Cobra-Driver/workspace/build/usb_cam' returned '0': CMAKE_PREFIX_PATH=/opt/ros/foxy /usr/bin/cmake --build /home/sbel/Desktop/Cobra-Driver/workspace/build/usb_cam -- -j8 -l8
[21.968s] DEBUG:colcon.colcon_core.event_handler.log_command:Invoking command in '/home/sbel/Desktop/Cobra-Driver/workspace/build/usb_cam': CMAKE_PREFIX_PATH=/opt/ros/foxy /usr/bin/cmake --install /home/sbel/Desktop/Cobra-Driver/workspace/build/usb_cam
[22.026s] Level 1:colcon.colcon_core.environment:create_environment_scripts_only(usb_cam)
[22.034s] Level 1:colcon.colcon_core.environment:checking '/home/sbel/Desktop/Cobra-Driver/workspace/install/usb_cam' for CMake module files
[22.035s] DEBUG:colcon.colcon_core.event_handler.log_command:Invoked command in '/home/sbel/Desktop/Cobra-Driver/workspace/build/usb_cam' returned '0': CMAKE_PREFIX_PATH=/opt/ros/foxy /usr/bin/cmake --install /home/sbel/Desktop/Cobra-Driver/workspace/build/usb_cam
[22.037s] Level 1:colcon.colcon_core.environment:checking '/home/sbel/Desktop/Cobra-Driver/workspace/install/usb_cam' for CMake config files
[22.038s] Level 1:colcon.colcon_core.shell:create_environment_hook('usb_cam', 'cmake_prefix_path')
[22.044s] INFO:colcon.colcon_core.shell:Creating environment hook '/home/sbel/Desktop/Cobra-Driver/workspace/install/usb_cam/share/usb_cam/hook/cmake_prefix_path.ps1'
[22.047s] INFO:colcon.colcon_core.shell:Creating environment descriptor '/home/sbel/Desktop/Cobra-Driver/workspace/install/usb_cam/share/usb_cam/hook/cmake_prefix_path.dsv'
[22.048s] INFO:colcon.colcon_core.shell:Creating environment hook '/home/sbel/Desktop/Cobra-Driver/workspace/install/usb_cam/share/usb_cam/hook/cmake_prefix_path.sh'
[22.050s] Level 1:colcon.colcon_core.environment:checking '/home/sbel/Desktop/Cobra-Driver/workspace/install/usb_cam/lib'
[22.051s] Level 1:colcon.colcon_core.shell:create_environment_hook('usb_cam', 'ld_library_path_lib')
[22.054s] INFO:colcon.colcon_core.shell:Creating environment hook '/home/sbel/Desktop/Cobra-Driver/workspace/install/usb_cam/share/usb_cam/hook/ld_library_path_lib.ps1'
[22.055s] INFO:colcon.colcon_core.shell:Creating environment descriptor '/home/sbel/Desktop/Cobra-Driver/workspace/install/usb_cam/share/usb_cam/hook/ld_library_path_lib.dsv'
[22.056s] INFO:colcon.colcon_core.shell:Creating environment hook '/home/sbel/Desktop/Cobra-Driver/workspace/install/usb_cam/share/usb_cam/hook/ld_library_path_lib.sh'
[22.057s] Level 1:colcon.colcon_core.environment:checking '/home/sbel/Desktop/Cobra-Driver/workspace/install/usb_cam/bin'
[22.057s] Level 1:colcon.colcon_core.environment:checking '/home/sbel/Desktop/Cobra-Driver/workspace/install/usb_cam/lib/pkgconfig/usb_cam.pc'
[22.058s] Level 1:colcon.colcon_core.environment:checking '/home/sbel/Desktop/Cobra-Driver/workspace/install/usb_cam/lib/python3.8/site-packages'
[22.058s] Level 1:colcon.colcon_core.environment:checking '/home/sbel/Desktop/Cobra-Driver/workspace/install/usb_cam/bin'
[22.062s] INFO:colcon.colcon_core.shell:Creating package script '/home/sbel/Desktop/Cobra-Driver/workspace/install/usb_cam/share/usb_cam/package.ps1'
[22.063s] INFO:colcon.colcon_core.shell:Creating package descriptor '/home/sbel/Desktop/Cobra-Driver/workspace/install/usb_cam/share/usb_cam/package.dsv'
[22.064s] INFO:colcon.colcon_core.shell:Creating package script '/home/sbel/Desktop/Cobra-Driver/workspace/install/usb_cam/share/usb_cam/package.sh'
[22.065s] INFO:colcon.colcon_core.shell:Creating package script '/home/sbel/Desktop/Cobra-Driver/workspace/install/usb_cam/share/usb_cam/package.bash'
[22.068s] INFO:colcon.colcon_core.shell:Creating package script '/home/sbel/Desktop/Cobra-Driver/workspace/install/usb_cam/share/usb_cam/package.zsh'
[22.070s] Level 1:colcon.colcon_core.environment:create_file_with_runtime_dependencies(/home/sbel/Desktop/Cobra-Driver/workspace/install/usb_cam/share/colcon-core/packages/usb_cam)
[22.131s] Level 1:colcon.colcon_core.environment:create_environment_scripts_only(usb_cam)
[22.137s] Level 1:colcon.colcon_core.environment:checking '/home/sbel/Desktop/Cobra-Driver/workspace/install/usb_cam' for CMake module files
[22.139s] Level 1:colcon.colcon_core.environment:checking '/home/sbel/Desktop/Cobra-Driver/workspace/install/usb_cam' for CMake config files
[22.140s] Level 1:colcon.colcon_core.shell:create_environment_hook('usb_cam', 'cmake_prefix_path')
[22.144s] INFO:colcon.colcon_core.shell:Creating environment hook '/home/sbel/Desktop/Cobra-Driver/workspace/install/usb_cam/share/usb_cam/hook/cmake_prefix_path.ps1'
[22.147s] INFO:colcon.colcon_core.shell:Creating environment descriptor '/home/sbel/Desktop/Cobra-Driver/workspace/install/usb_cam/share/usb_cam/hook/cmake_prefix_path.dsv'
[22.148s] INFO:colcon.colcon_core.shell:Creating environment hook '/home/sbel/Desktop/Cobra-Driver/workspace/install/usb_cam/share/usb_cam/hook/cmake_prefix_path.sh'
[22.150s] Level 1:colcon.colcon_core.environment:checking '/home/sbel/Desktop/Cobra-Driver/workspace/install/usb_cam/lib'
[22.150s] Level 1:colcon.colcon_core.shell:create_environment_hook('usb_cam', 'ld_library_path_lib')
[22.154s] INFO:colcon.colcon_core.shell:Creating environment hook '/home/sbel/Desktop/Cobra-Driver/workspace/install/usb_cam/share/usb_cam/hook/ld_library_path_lib.ps1'
[22.157s] INFO:colcon.colcon_core.shell:Creating environment descriptor '/home/sbel/Desktop/Cobra-Driver/workspace/install/usb_cam/share/usb_cam/hook/ld_library_path_lib.dsv'
[22.160s] INFO:colcon.colcon_core.shell:Creating environment hook '/home/sbel/Desktop/Cobra-Driver/workspace/install/usb_cam/share/usb_cam/hook/ld_library_path_lib.sh'
[22.161s] Level 1:colcon.colcon_core.environment:checking '/home/sbel/Desktop/Cobra-Driver/workspace/install/usb_cam/bin'
[22.161s] Level 1:colcon.colcon_core.environment:checking '/home/sbel/Desktop/Cobra-Driver/workspace/install/usb_cam/lib/pkgconfig/usb_cam.pc'
[22.161s] Level 1:colcon.colcon_core.environment:checking '/home/sbel/Desktop/Cobra-Driver/workspace/install/usb_cam/lib/python3.8/site-packages'
[22.162s] Level 1:colcon.colcon_core.environment:checking '/home/sbel/Desktop/Cobra-Driver/workspace/install/usb_cam/bin'
[22.164s] INFO:colcon.colcon_core.shell:Creating package script '/home/sbel/Desktop/Cobra-Driver/workspace/install/usb_cam/share/usb_cam/package.ps1'
[22.167s] INFO:colcon.colcon_core.shell:Creating package descriptor '/home/sbel/Desktop/Cobra-Driver/workspace/install/usb_cam/share/usb_cam/package.dsv'
[22.168s] INFO:colcon.colcon_core.shell:Creating package script '/home/sbel/Desktop/Cobra-Driver/workspace/install/usb_cam/share/usb_cam/package.sh'
[22.168s] INFO:colcon.colcon_core.shell:Creating package script '/home/sbel/Desktop/Cobra-Driver/workspace/install/usb_cam/share/usb_cam/package.bash'
[22.169s] INFO:colcon.colcon_core.shell:Creating package script '/home/sbel/Desktop/Cobra-Driver/workspace/install/usb_cam/share/usb_cam/package.zsh'
[22.170s] Level 1:colcon.colcon_core.environment:create_file_with_runtime_dependencies(/home/sbel/Desktop/Cobra-Driver/workspace/install/usb_cam/share/colcon-core/packages/usb_cam)
[22.171s] DEBUG:colcon.colcon_parallel_executor.executor.parallel:closing loop
[22.172s] DEBUG:colcon.colcon_parallel_executor.executor.parallel:loop closed
[22.172s] DEBUG:colcon.colcon_parallel_executor.executor.parallel:run_until_complete finished with '0'
[22.172s] DEBUG:colcon.colcon_core.event_reactor:joining thread
[22.188s] INFO:colcon.colcon_core.plugin_system:Skipping extension 'colcon_notification.desktop_notification.terminal_notifier': Not used on non-Darwin systems
[22.188s] INFO:colcon.colcon_core.plugin_system:Skipping extension 'colcon_notification.desktop_notification.win32': Not used on non-Windows systems
[22.188s] INFO:colcon.colcon_notification.desktop_notification:Sending desktop notification using 'notify2'
[22.229s] DEBUG:colcon.colcon_notification.desktop_notification.notify2:Failed to initialize notify2: org.freedesktop.DBus.Error.Spawn.ChildExited: Process org.freedesktop.Notifications exited with status 1
[22.230s] DEBUG:colcon.colcon_core.event_reactor:joined thread
[22.236s] INFO:colcon.colcon_core.shell:Creating prefix script '/home/sbel/Desktop/Cobra-Driver/workspace/install/local_setup.ps1'
[22.251s] INFO:colcon.colcon_core.shell:Creating prefix util module '/home/sbel/Desktop/Cobra-Driver/workspace/install/_local_setup_util_ps1.py'
[22.254s] INFO:colcon.colcon_core.shell:Creating prefix chain script '/home/sbel/Desktop/Cobra-Driver/workspace/install/setup.ps1'
[22.257s] INFO:colcon.colcon_core.shell:Creating prefix script '/home/sbel/Desktop/Cobra-Driver/workspace/install/local_setup.sh'
[22.259s] INFO:colcon.colcon_core.shell:Creating prefix util module '/home/sbel/Desktop/Cobra-Driver/workspace/install/_local_setup_util_sh.py'
[22.260s] INFO:colcon.colcon_core.shell:Creating prefix chain script '/home/sbel/Desktop/Cobra-Driver/workspace/install/setup.sh'
[22.262s] INFO:colcon.colcon_core.shell:Creating prefix script '/home/sbel/Desktop/Cobra-Driver/workspace/install/local_setup.bash'
[22.264s] INFO:colcon.colcon_core.shell:Creating prefix chain script '/home/sbel/Desktop/Cobra-Driver/workspace/install/setup.bash'
[22.266s] INFO:colcon.colcon_core.shell:Creating prefix script '/home/sbel/Desktop/Cobra-Driver/workspace/install/local_setup.zsh'
[22.268s] INFO:colcon.colcon_core.shell:Creating prefix chain script '/home/sbel/Desktop/Cobra-Driver/workspace/install/setup.zsh'
