-- The C compiler identification is GNU 11.4.0
-- The CXX compiler identification is GNU 11.4.0
-- Detecting C compiler ABI info
-- Detecting C compiler ABI info - done
-- Check for working C compiler: /usr/bin/cc - skipped
-- Detecting C compile features
-- Detecting C compile features - done
-- Detecting CXX compiler ABI info
-- Detecting CXX compiler ABI info - done
-- Check for working CXX compiler: /usr/bin/c++ - skipped
-- Detecting CXX compile features
-- Detecting CXX compile features - done
-- Found ament_cmake_auto: 2.0.3 (/opt/ros/iron/share/ament_cmake_auto/cmake)
-- Found Python3: /usr/bin/python3.10 (found version "3.10.12") found components: Interpreter 
-- Found rosidl_generator_c: 4.0.1 (/opt/ros/iron/share/rosidl_generator_c/cmake)
-- Found rosidl_generator_cpp: 4.0.1 (/opt/ros/iron/share/rosidl_generator_cpp/cmake)
-- Using all available rosidl_typesupport_c: rosidl_typesupport_fastrtps_c;rosidl_typesupport_introspection_c
-- Using all available rosidl_typesupport_cpp: rosidl_typesupport_fastrtps_cpp;rosidl_typesupport_introspection_cpp
-- Found rmw_implementation_cmake: 7.1.0 (/opt/ros/iron/share/rmw_implementation_cmake/cmake)
-- Found rmw_fastrtps_cpp: 7.1.1 (/opt/ros/iron/share/rmw_fastrtps_cpp/cmake)
-- Found OpenSSL: /usr/lib/x86_64-linux-gnu/libcrypto.so (found version "3.0.2")  
-- Found FastRTPS: /opt/ros/iron/include  
-- Using RMW implementation 'rmw_fastrtps_cpp' as default
-- Found rosidl_adapter: 4.0.1 (/opt/ros/iron/share/rosidl_adapter/cmake)
-- Found PkgConfig: /usr/bin/pkg-config (found version "0.29.2") 
-- Checking for module 'libavcodec'
--   Found libavcodec, version 58.134.100
-- Checking for module 'libswscale'
--   Found libswscale, version 5.9.100
-- Configuring done (2.1s)
-- Generating done (0.0s)
-- Build files have been written to: /home/jason/Desktop/STUDY/Cobra-Driver/workspace/build/usb_cam
[ 16%] [32mBuilding CXX object CMakeFiles/usb_cam_node_exe.dir/rclcpp_components/node_main_usb_cam_node_exe.cpp.o[0m
[ 33%] [32mBuilding CXX object CMakeFiles/usb_cam.dir/src/usb_cam.cpp.o[0m
[ 50%] [32m[1mLinking CXX executable usb_cam_node_exe[0m
[ 66%] [32m[1mLinking CXX shared library libusb_cam.so[0m
[ 66%] Built target usb_cam_node_exe
[ 66%] Built target usb_cam
[ 83%] [32mBuilding CXX object CMakeFiles/usb_cam_node.dir/src/usb_cam_node.cpp.o[0m
[100%] [32m[1mLinking CXX shared library libusb_cam_node.so[0m
[100%] Built target usb_cam_node
-- Install configuration: ""
-- Installing: /home/jason/Desktop/STUDY/Cobra-Driver/workspace/install/usb_cam/lib/usb_cam/usb_cam_node_exe
-- Set runtime path of "/home/jason/Desktop/STUDY/Cobra-Driver/workspace/install/usb_cam/lib/usb_cam/usb_cam_node_exe" to ""
-- Installing: /home/jason/Desktop/STUDY/Cobra-Driver/workspace/install/usb_cam/lib/usb_cam/show_image.py
-- Installing: /home/jason/Desktop/STUDY/Cobra-Driver/workspace/install/usb_cam/include
-- Installing: /home/jason/Desktop/STUDY/Cobra-Driver/workspace/install/usb_cam/include/usb_cam
-- Installing: /home/jason/Desktop/STUDY/Cobra-Driver/workspace/install/usb_cam/include/usb_cam/usb_cam_utils.hpp
-- Installing: /home/jason/Desktop/STUDY/Cobra-Driver/workspace/install/usb_cam/include/usb_cam/usb_cam_node.hpp
-- Installing: /home/jason/Desktop/STUDY/Cobra-Driver/workspace/install/usb_cam/include/usb_cam/usb_cam.hpp
-- Installing: /home/jason/Desktop/STUDY/Cobra-Driver/workspace/install/usb_cam/share/usb_cam/environment/library_path.sh
-- Installing: /home/jason/Desktop/STUDY/Cobra-Driver/workspace/install/usb_cam/share/usb_cam/environment/library_path.dsv
-- Installing: /home/jason/Desktop/STUDY/Cobra-Driver/workspace/install/usb_cam/lib/libusb_cam.so
-- Set runtime path of "/home/jason/Desktop/STUDY/Cobra-Driver/workspace/install/usb_cam/lib/libusb_cam.so" to ""
-- Installing: /home/jason/Desktop/STUDY/Cobra-Driver/workspace/install/usb_cam/lib/libusb_cam_node.so
-- Set runtime path of "/home/jason/Desktop/STUDY/Cobra-Driver/workspace/install/usb_cam/lib/libusb_cam_node.so" to ""
-- Installing: /home/jason/Desktop/STUDY/Cobra-Driver/workspace/install/usb_cam/share/usb_cam/launch
-- Installing: /home/jason/Desktop/STUDY/Cobra-Driver/workspace/install/usb_cam/share/usb_cam/launch/demo_launch.py
-- Installing: /home/jason/Desktop/STUDY/Cobra-Driver/workspace/install/usb_cam/share/usb_cam/config
-- Installing: /home/jason/Desktop/STUDY/Cobra-Driver/workspace/install/usb_cam/share/usb_cam/config/camera_info.yaml
-- Installing: /home/jason/Desktop/STUDY/Cobra-Driver/workspace/install/usb_cam/share/usb_cam/config/params.yaml
-- Installing: /home/jason/Desktop/STUDY/Cobra-Driver/workspace/install/usb_cam/share/ament_index/resource_index/package_run_dependencies/usb_cam
-- Installing: /home/jason/Desktop/STUDY/Cobra-Driver/workspace/install/usb_cam/share/ament_index/resource_index/parent_prefix_path/usb_cam
-- Installing: /home/jason/Desktop/STUDY/Cobra-Driver/workspace/install/usb_cam/share/usb_cam/environment/ament_prefix_path.sh
-- Installing: /home/jason/Desktop/STUDY/Cobra-Driver/workspace/install/usb_cam/share/usb_cam/environment/ament_prefix_path.dsv
-- Installing: /home/jason/Desktop/STUDY/Cobra-Driver/workspace/install/usb_cam/share/usb_cam/environment/path.sh
-- Installing: /home/jason/Desktop/STUDY/Cobra-Driver/workspace/install/usb_cam/share/usb_cam/environment/path.dsv
-- Installing: /home/jason/Desktop/STUDY/Cobra-Driver/workspace/install/usb_cam/share/usb_cam/local_setup.bash
-- Installing: /home/jason/Desktop/STUDY/Cobra-Driver/workspace/install/usb_cam/share/usb_cam/local_setup.sh
-- Installing: /home/jason/Desktop/STUDY/Cobra-Driver/workspace/install/usb_cam/share/usb_cam/local_setup.zsh
-- Installing: /home/jason/Desktop/STUDY/Cobra-Driver/workspace/install/usb_cam/share/usb_cam/local_setup.dsv
-- Installing: /home/jason/Desktop/STUDY/Cobra-Driver/workspace/install/usb_cam/share/usb_cam/package.dsv
-- Installing: /home/jason/Desktop/STUDY/Cobra-Driver/workspace/install/usb_cam/share/ament_index/resource_index/packages/usb_cam
-- Installing: /home/jason/Desktop/STUDY/Cobra-Driver/workspace/install/usb_cam/share/ament_index/resource_index/rclcpp_components/usb_cam
-- Installing: /home/jason/Desktop/STUDY/Cobra-Driver/workspace/install/usb_cam/share/usb_cam/cmake/ament_cmake_export_dependencies-extras.cmake
-- Installing: /home/jason/Desktop/STUDY/Cobra-Driver/workspace/install/usb_cam/share/usb_cam/cmake/ament_cmake_export_include_directories-extras.cmake
-- Installing: /home/jason/Desktop/STUDY/Cobra-Driver/workspace/install/usb_cam/share/usb_cam/cmake/ament_cmake_export_libraries-extras.cmake
-- Installing: /home/jason/Desktop/STUDY/Cobra-Driver/workspace/install/usb_cam/share/usb_cam/cmake/usb_camConfig.cmake
-- Installing: /home/jason/Desktop/STUDY/Cobra-Driver/workspace/install/usb_cam/share/usb_cam/cmake/usb_camConfig-version.cmake
-- Installing: /home/jason/Desktop/STUDY/Cobra-Driver/workspace/install/usb_cam/share/usb_cam/package.xml
