[3.580s] Invoking command in '/home/sbel/Desktop/Cobra-Driver/workspace/src/common': PYTHONPATH=/home/sbel/Desktop/Cobra-Driver/workspace/build/common/prefix_override:/home/sbel/Desktop/Cobra-Driver/workspace/install/common/lib/python3.8/site-packages:${PYTHONPATH} /usr/bin/python3 setup.py egg_info --egg-base ../../build/common build --build-base /home/sbel/Desktop/Cobra-Driver/workspace/build/common/build install --record /home/sbel/Desktop/Cobra-Driver/workspace/build/common/install.log --single-version-externally-managed
[4.085s] running egg_info
[4.117s] writing ../../build/common/common.egg-info/PKG-INFO
[4.119s] writing dependency_links to ../../build/common/common.egg-info/dependency_links.txt
[4.122s] writing requirements to ../../build/common/common.egg-info/requires.txt
[4.123s] writing top-level names to ../../build/common/common.egg-info/top_level.txt
[4.398s] reading manifest file '../../build/common/common.egg-info/SOURCES.txt'
[4.399s] writing manifest file '../../build/common/common.egg-info/SOURCES.txt'
[4.400s] running build
[4.400s] running build_py
[4.403s] running install
[4.405s] /home/sbel/.local/lib/python3.8/site-packages/setuptools/_distutils/cmd.py:66: SetuptoolsDeprecationWarning: setup.py install is deprecated.
[4.405s] !!
[4.405s] 
[4.405s]         ********************************************************************************
[4.405s]         Please avoid running ``setup.py`` directly.
[4.405s]         Instead, use pypa/build, pypa/installer or other
[4.406s]         standards-based tools.
[4.406s] 
[4.406s]         See https://blog.ganssle.io/articles/2021/10/setup-py-deprecated.html for details.
[4.406s]         ********************************************************************************
[4.406s] 
[4.406s] !!
[4.406s]   self.initialize_options()
[4.416s] running install_lib
[4.451s] running install_data
[4.484s] running install_egg_info
[4.519s] removing '/home/sbel/Desktop/Cobra-Driver/workspace/install/common/lib/python3.8/site-packages/common-0.0.0-py3.8.egg-info' (and everything under it)
[4.520s] Copying ../../build/common/common.egg-info to /home/sbel/Desktop/Cobra-Driver/workspace/install/common/lib/python3.8/site-packages/common-0.0.0-py3.8.egg-info
[4.522s] running install_scripts
[4.628s] writing list of installed files to '/home/sbel/Desktop/Cobra-Driver/workspace/build/common/install.log'
[4.785s] Invoked command in '/home/sbel/Desktop/Cobra-Driver/workspace/src/common' returned '0': PYTHONPATH=/home/sbel/Desktop/Cobra-Driver/workspace/build/common/prefix_override:/home/sbel/Desktop/Cobra-Driver/workspace/install/common/lib/python3.8/site-packages:${PYTHONPATH} /usr/bin/python3 setup.py egg_info --egg-base ../../build/common build --build-base /home/sbel/Desktop/Cobra-Driver/workspace/build/common/build install --record /home/sbel/Desktop/Cobra-Driver/workspace/build/common/install.log --single-version-externally-managed
