[0.265s] Invoking command in '/home/jason/Desktop/STUDY/Cobra-Driver/workspace/build/usb_cam': CMAKE_PREFIX_PATH=${CMAKE_PREFIX_PATH}:/home/jason/Desktop/STUDY/Cobra-Driver/workspace/install/udp_to_ros:/home/jason/Desktop/STUDY/Cobra-Driver/workspace/install/udp_float_receiver:/opt/ros/iron CONDA_PROMPT_MODIFIER=(base) /usr/bin/cmake /home/jason/Desktop/STUDY/Cobra-Driver/workspace/src/usb_cam -DCMAKE_INSTALL_PREFIX=/home/jason/Desktop/STUDY/Cobra-Driver/workspace/install/usb_cam
[0.301s] -- The C compiler identification is GNU 11.4.0
[0.340s] -- The CXX compiler identification is GNU 11.4.0
[0.345s] -- Detecting C compiler ABI info
[0.395s] -- Detecting C compiler ABI info - done
[0.405s] -- Check for working C compiler: /usr/bin/cc - skipped
[0.405s] -- Detecting C compile features
[0.406s] -- Detecting C compile features - done
[0.409s] -- Detecting CXX compiler ABI info
[0.468s] -- Detecting CXX compiler ABI info - done
[0.474s] -- Check for working CXX compiler: /usr/bin/c++ - skipped
[0.474s] -- Detecting CXX compile features
[0.475s] -- Detecting CXX compile features - done
[0.477s] -- Found ament_cmake_auto: 2.0.3 (/opt/ros/iron/share/ament_cmake_auto/cmake)
[0.612s] -- Found Python3: /usr/bin/python3.10 (found version "3.10.12") found components: Interpreter 
[0.775s] -- Found rosidl_generator_c: 4.0.1 (/opt/ros/iron/share/rosidl_generator_c/cmake)
[0.786s] -- Found rosidl_generator_cpp: 4.0.1 (/opt/ros/iron/share/rosidl_generator_cpp/cmake)
[0.801s] -- Using all available rosidl_typesupport_c: rosidl_typesupport_fastrtps_c;rosidl_typesupport_introspection_c
[0.818s] -- Using all available rosidl_typesupport_cpp: rosidl_typesupport_fastrtps_cpp;rosidl_typesupport_introspection_cpp
[1.101s] -- Found rmw_implementation_cmake: 7.1.0 (/opt/ros/iron/share/rmw_implementation_cmake/cmake)
[1.103s] -- Found rmw_fastrtps_cpp: 7.1.1 (/opt/ros/iron/share/rmw_fastrtps_cpp/cmake)
[1.187s] -- Found OpenSSL: /usr/lib/x86_64-linux-gnu/libcrypto.so (found version "3.0.2")  
[1.215s] -- Found FastRTPS: /opt/ros/iron/include  
[1.256s] -- Using RMW implementation 'rmw_fastrtps_cpp' as default
[1.749s] -- Found rosidl_adapter: 4.0.1 (/opt/ros/iron/share/rosidl_adapter/cmake)
[1.757s] -- Found OpenCV: /usr (found version "4.5.4") 
[1.760s] -- Found PkgConfig: /usr/bin/pkg-config (found version "0.29.2") 
[1.761s] -- Checking for module 'libavcodec'
[1.769s] --   Found libavcodec, version 58.134.100
[1.789s] -- Checking for module 'libavutil'
[1.797s] --   Found libavutil, version 56.70.100
[1.818s] -- Checking for module 'libswscale'
[1.828s] --   Found libswscale, version 5.9.100
[1.858s] -- Found ament_lint_auto: 0.14.2 (/opt/ros/iron/share/ament_lint_auto/cmake)
[1.876s] -- Found gtest sources under '/opt/ros/iron/src/gtest_vendor': C++ tests using 'Google Test' will be built
[1.878s] -- Looking for pthread.h
[1.926s] -- Looking for pthread.h - found
[1.926s] -- Performing Test CMAKE_HAVE_LIBC_PTHREAD
[1.974s] -- Performing Test CMAKE_HAVE_LIBC_PTHREAD - Success
[1.975s] -- Found Threads: TRUE  
[1.980s] -- Added test 'copyright' to check source files copyright and LICENSE
[1.983s] -- Added test 'cppcheck' to perform static code analysis on C / C++ code
[1.983s] -- Configured cppcheck include dirs: /home/jason/Desktop/STUDY/Cobra-Driver/workspace/src/usb_cam/include
[1.983s] -- Configured cppcheck exclude dirs and/or files: 
[1.986s] -- Added test 'cpplint' to check C / C++ code against the Google style
[1.986s] -- Configured cpplint exclude dirs and/or files: 
[1.987s] -- Added test 'flake8' to check Python code syntax and style conventions
[1.987s] -- Configured 'flake8' exclude dirs and/or files: 
[1.988s] -- Added test 'lint_cmake' to check CMake code style
[1.989s] -- Added test 'pep257' to check Python code against some of the docstring style conventions in PEP 257
[1.991s] -- Added test 'uncrustify' to check C / C++ code style
[1.991s] -- Configured uncrustify additional arguments: 
[1.992s] -- Added test 'xmllint' to check XML markup files
[1.994s] -- Configuring done
[2.017s] -- Generating done
[2.019s] -- Build files have been written to: /home/jason/Desktop/STUDY/Cobra-Driver/workspace/build/usb_cam
[2.027s] Invoked command in '/home/jason/Desktop/STUDY/Cobra-Driver/workspace/build/usb_cam' returned '0': CMAKE_PREFIX_PATH=${CMAKE_PREFIX_PATH}:/home/jason/Desktop/STUDY/Cobra-Driver/workspace/install/udp_to_ros:/home/jason/Desktop/STUDY/Cobra-Driver/workspace/install/udp_float_receiver:/opt/ros/iron CONDA_PROMPT_MODIFIER=(base) /usr/bin/cmake /home/jason/Desktop/STUDY/Cobra-Driver/workspace/src/usb_cam -DCMAKE_INSTALL_PREFIX=/home/jason/Desktop/STUDY/Cobra-Driver/workspace/install/usb_cam
[2.028s] Invoking command in '/home/jason/Desktop/STUDY/Cobra-Driver/workspace/build/usb_cam': CMAKE_PREFIX_PATH=${CMAKE_PREFIX_PATH}:/home/jason/Desktop/STUDY/Cobra-Driver/workspace/install/udp_to_ros:/home/jason/Desktop/STUDY/Cobra-Driver/workspace/install/udp_float_receiver:/opt/ros/iron CONDA_PROMPT_MODIFIER=(base) /usr/bin/cmake --build /home/jason/Desktop/STUDY/Cobra-Driver/workspace/build/usb_cam -- -j16 -l16
[2.063s] [  7%] [32mBuilding CXX object CMakeFiles/usb_cam.dir/src/usb_cam.cpp.o[0m
[2.064s] [ 14%] [32mBuilding CXX object gtest/CMakeFiles/gtest.dir/src/gtest-all.cc.o[0m
[2.065s] [ 21%] [32mBuilding CXX object gtest/CMakeFiles/gtest_main.dir/src/gtest_main.cc.o[0m
[2.066s] [ 28%] [32mBuilding CXX object CMakeFiles/usb_cam_node_exe.dir/rclcpp_components/node_main_usb_cam_node_exe.cpp.o[0m
[2.480s] [ 35%] [32m[1mLinking CXX static library libgtest_main.a[0m
[2.522s] [ 35%] Built target gtest_main
[2.915s] [ 42%] [32m[1mLinking CXX shared library libusb_cam.so[0m
[3.050s] [ 42%] Built target usb_cam
[3.066s] [ 50%] [32mBuilding CXX object CMakeFiles/usb_cam_node.dir/src/usb_cam_node.cpp.o[0m
[3.983s] [ 57%] [32m[1mLinking CXX static library libgtest.a[0m
[4.042s] [ 57%] Built target gtest
[4.056s] [ 71%] [32mBuilding CXX object CMakeFiles/test_usb_cam_utils.dir/test/test_usb_cam_utils.cpp.o[0m
[4.056s] [ 71%] [32mBuilding CXX object CMakeFiles/test_pixel_formats.dir/test/test_pixel_formats.cpp.o[0m
[4.531s] [ 78%] [32m[1mLinking CXX executable test_pixel_formats[0m
[4.566s] [ 85%] [32m[1mLinking CXX executable test_usb_cam_utils[0m
[4.647s] [ 85%] Built target test_pixel_formats
[4.682s] [ 85%] Built target test_usb_cam_utils
[4.698s] [ 92%] [32m[1mLinking CXX executable usb_cam_node_exe[0m
[4.786s] [ 92%] Built target usb_cam_node_exe
[6.902s] [100%] [32m[1mLinking CXX shared library libusb_cam_node.so[0m
[7.103s] [100%] Built target usb_cam_node
[7.111s] Invoked command in '/home/jason/Desktop/STUDY/Cobra-Driver/workspace/build/usb_cam' returned '0': CMAKE_PREFIX_PATH=${CMAKE_PREFIX_PATH}:/home/jason/Desktop/STUDY/Cobra-Driver/workspace/install/udp_to_ros:/home/jason/Desktop/STUDY/Cobra-Driver/workspace/install/udp_float_receiver:/opt/ros/iron CONDA_PROMPT_MODIFIER=(base) /usr/bin/cmake --build /home/jason/Desktop/STUDY/Cobra-Driver/workspace/build/usb_cam -- -j16 -l16
[7.136s] Invoking command in '/home/jason/Desktop/STUDY/Cobra-Driver/workspace/build/usb_cam': CMAKE_PREFIX_PATH=${CMAKE_PREFIX_PATH}:/home/jason/Desktop/STUDY/Cobra-Driver/workspace/install/udp_to_ros:/home/jason/Desktop/STUDY/Cobra-Driver/workspace/install/udp_float_receiver:/opt/ros/iron CONDA_PROMPT_MODIFIER=(base) /usr/bin/cmake --install /home/jason/Desktop/STUDY/Cobra-Driver/workspace/build/usb_cam
[7.141s] -- Install configuration: ""
[7.141s] -- Installing: /home/jason/Desktop/STUDY/Cobra-Driver/workspace/install/usb_cam/share/usb_cam/environment/library_path.sh
[7.142s] -- Installing: /home/jason/Desktop/STUDY/Cobra-Driver/workspace/install/usb_cam/share/usb_cam/environment/library_path.dsv
[7.142s] -- Installing: /home/jason/Desktop/STUDY/Cobra-Driver/workspace/install/usb_cam/lib/usb_cam/usb_cam_node_exe
[7.142s] -- Set runtime path of "/home/jason/Desktop/STUDY/Cobra-Driver/workspace/install/usb_cam/lib/usb_cam/usb_cam_node_exe" to ""
[7.142s] -- Installing: /home/jason/Desktop/STUDY/Cobra-Driver/workspace/install/usb_cam/lib/usb_cam/show_image.py
[7.142s] -- Installing: /home/jason/Desktop/STUDY/Cobra-Driver/workspace/install/usb_cam/lib/libusb_cam.so
[7.143s] -- Installing: /home/jason/Desktop/STUDY/Cobra-Driver/workspace/install/usb_cam/lib/libusb_cam_node.so
[7.144s] -- Set runtime path of "/home/jason/Desktop/STUDY/Cobra-Driver/workspace/install/usb_cam/lib/libusb_cam_node.so" to ""
[7.144s] -- Installing: /home/jason/Desktop/STUDY/Cobra-Driver/workspace/install/usb_cam/include
[7.144s] -- Installing: /home/jason/Desktop/STUDY/Cobra-Driver/workspace/install/usb_cam/include/usb_cam
[7.144s] -- Installing: /home/jason/Desktop/STUDY/Cobra-Driver/workspace/install/usb_cam/include/usb_cam/conversions.hpp
[7.144s] -- Installing: /home/jason/Desktop/STUDY/Cobra-Driver/workspace/install/usb_cam/include/usb_cam/usb_cam_node.hpp
[7.144s] -- Installing: /home/jason/Desktop/STUDY/Cobra-Driver/workspace/install/usb_cam/include/usb_cam/usb_cam.hpp
[7.144s] -- Installing: /home/jason/Desktop/STUDY/Cobra-Driver/workspace/install/usb_cam/include/usb_cam/constants.hpp
[7.144s] -- Installing: /home/jason/Desktop/STUDY/Cobra-Driver/workspace/install/usb_cam/include/usb_cam/utils.hpp
[7.145s] -- Installing: /home/jason/Desktop/STUDY/Cobra-Driver/workspace/install/usb_cam/include/usb_cam/formats
[7.145s] -- Installing: /home/jason/Desktop/STUDY/Cobra-Driver/workspace/install/usb_cam/include/usb_cam/formats/pixel_format_base.hpp
[7.145s] -- Installing: /home/jason/Desktop/STUDY/Cobra-Driver/workspace/install/usb_cam/include/usb_cam/formats/m420.hpp
[7.145s] -- Installing: /home/jason/Desktop/STUDY/Cobra-Driver/workspace/install/usb_cam/include/usb_cam/formats/yuyv.hpp
[7.145s] -- Installing: /home/jason/Desktop/STUDY/Cobra-Driver/workspace/install/usb_cam/include/usb_cam/formats/rgb.hpp
[7.145s] -- Installing: /home/jason/Desktop/STUDY/Cobra-Driver/workspace/install/usb_cam/include/usb_cam/formats/mjpeg.hpp
[7.145s] -- Installing: /home/jason/Desktop/STUDY/Cobra-Driver/workspace/install/usb_cam/include/usb_cam/formats/uyvy.hpp
[7.145s] -- Installing: /home/jason/Desktop/STUDY/Cobra-Driver/workspace/install/usb_cam/include/usb_cam/formats/mono.hpp
[7.145s] -- Installing: /home/jason/Desktop/STUDY/Cobra-Driver/workspace/install/usb_cam/include/usb_cam/formats/utils.hpp
[7.145s] -- Up-to-date: /home/jason/Desktop/STUDY/Cobra-Driver/workspace/install/usb_cam/lib/libusb_cam_node.so
[7.145s] -- Installing: /home/jason/Desktop/STUDY/Cobra-Driver/workspace/install/usb_cam/share/usb_cam/launch
[7.145s] -- Installing: /home/jason/Desktop/STUDY/Cobra-Driver/workspace/install/usb_cam/share/usb_cam/launch/camera.launch.py
[7.145s] -- Installing: /home/jason/Desktop/STUDY/Cobra-Driver/workspace/install/usb_cam/share/usb_cam/launch/camera_config.py
[7.145s] -- Installing: /home/jason/Desktop/STUDY/Cobra-Driver/workspace/install/usb_cam/share/usb_cam/launch/__init__.py
[7.145s] -- Installing: /home/jason/Desktop/STUDY/Cobra-Driver/workspace/install/usb_cam/share/usb_cam/config
[7.146s] -- Installing: /home/jason/Desktop/STUDY/Cobra-Driver/workspace/install/usb_cam/share/usb_cam/config/params_2.yaml
[7.146s] -- Installing: /home/jason/Desktop/STUDY/Cobra-Driver/workspace/install/usb_cam/share/usb_cam/config/camera_info.yaml
[7.146s] -- Installing: /home/jason/Desktop/STUDY/Cobra-Driver/workspace/install/usb_cam/share/usb_cam/config/params_1.yaml
[7.146s] -- Installing: /home/jason/Desktop/STUDY/Cobra-Driver/workspace/install/usb_cam/share/ament_index/resource_index/package_run_dependencies/usb_cam
[7.146s] -- Installing: /home/jason/Desktop/STUDY/Cobra-Driver/workspace/install/usb_cam/share/ament_index/resource_index/parent_prefix_path/usb_cam
[7.146s] -- Installing: /home/jason/Desktop/STUDY/Cobra-Driver/workspace/install/usb_cam/share/usb_cam/environment/ament_prefix_path.sh
[7.146s] -- Installing: /home/jason/Desktop/STUDY/Cobra-Driver/workspace/install/usb_cam/share/usb_cam/environment/ament_prefix_path.dsv
[7.146s] -- Installing: /home/jason/Desktop/STUDY/Cobra-Driver/workspace/install/usb_cam/share/usb_cam/environment/path.sh
[7.146s] -- Installing: /home/jason/Desktop/STUDY/Cobra-Driver/workspace/install/usb_cam/share/usb_cam/environment/path.dsv
[7.146s] -- Installing: /home/jason/Desktop/STUDY/Cobra-Driver/workspace/install/usb_cam/share/usb_cam/local_setup.bash
[7.146s] -- Installing: /home/jason/Desktop/STUDY/Cobra-Driver/workspace/install/usb_cam/share/usb_cam/local_setup.sh
[7.146s] -- Installing: /home/jason/Desktop/STUDY/Cobra-Driver/workspace/install/usb_cam/share/usb_cam/local_setup.zsh
[7.146s] -- Installing: /home/jason/Desktop/STUDY/Cobra-Driver/workspace/install/usb_cam/share/usb_cam/local_setup.dsv
[7.147s] -- Installing: /home/jason/Desktop/STUDY/Cobra-Driver/workspace/install/usb_cam/share/usb_cam/package.dsv
[7.147s] -- Installing: /home/jason/Desktop/STUDY/Cobra-Driver/workspace/install/usb_cam/share/ament_index/resource_index/packages/usb_cam
[7.147s] -- Installing: /home/jason/Desktop/STUDY/Cobra-Driver/workspace/install/usb_cam/share/ament_index/resource_index/rclcpp_components/usb_cam
[7.147s] -- Installing: /home/jason/Desktop/STUDY/Cobra-Driver/workspace/install/usb_cam/share/usb_cam/cmake/ament_cmake_export_libraries-extras.cmake
[7.147s] -- Installing: /home/jason/Desktop/STUDY/Cobra-Driver/workspace/install/usb_cam/share/usb_cam/cmake/ament_cmake_export_dependencies-extras.cmake
[7.147s] -- Installing: /home/jason/Desktop/STUDY/Cobra-Driver/workspace/install/usb_cam/share/usb_cam/cmake/ament_cmake_export_include_directories-extras.cmake
[7.147s] -- Installing: /home/jason/Desktop/STUDY/Cobra-Driver/workspace/install/usb_cam/share/usb_cam/cmake/usb_camConfig.cmake
[7.147s] -- Installing: /home/jason/Desktop/STUDY/Cobra-Driver/workspace/install/usb_cam/share/usb_cam/cmake/usb_camConfig-version.cmake
[7.147s] -- Installing: /home/jason/Desktop/STUDY/Cobra-Driver/workspace/install/usb_cam/share/usb_cam/package.xml
[7.150s] Invoked command in '/home/jason/Desktop/STUDY/Cobra-Driver/workspace/build/usb_cam' returned '0': CMAKE_PREFIX_PATH=${CMAKE_PREFIX_PATH}:/home/jason/Desktop/STUDY/Cobra-Driver/workspace/install/udp_to_ros:/home/jason/Desktop/STUDY/Cobra-Driver/workspace/install/udp_float_receiver:/opt/ros/iron CONDA_PROMPT_MODIFIER=(base) /usr/bin/cmake --install /home/jason/Desktop/STUDY/Cobra-Driver/workspace/build/usb_cam
