[3.583s] Invoking command in '/home/sbel/Desktop/Cobra-Driver/workspace/src/yolov5_ros2': PYTHONPATH=/home/sbel/Desktop/Cobra-Driver/workspace/build/yolov5_ros2/prefix_override:/home/sbel/Desktop/Cobra-Driver/workspace/install/yolov5_ros2/lib/python3.8/site-packages:${PYTHONPATH} /usr/bin/python3 setup.py egg_info --egg-base ../../build/yolov5_ros2 build --build-base /home/sbel/Desktop/Cobra-Driver/workspace/build/yolov5_ros2/build install --record /home/sbel/Desktop/Cobra-Driver/workspace/build/yolov5_ros2/install.log --single-version-externally-managed
[4.071s] running egg_info
[4.105s] writing ../../build/yolov5_ros2/yolov5_ros2.egg-info/PKG-INFO
[4.106s] writing dependency_links to ../../build/yolov5_ros2/yolov5_ros2.egg-info/dependency_links.txt
[4.108s] writing entry points to ../../build/yolov5_ros2/yolov5_ros2.egg-info/entry_points.txt
[4.109s] writing requirements to ../../build/yolov5_ros2/yolov5_ros2.egg-info/requires.txt
[4.109s] writing top-level names to ../../build/yolov5_ros2/yolov5_ros2.egg-info/top_level.txt
[4.379s] reading manifest file '../../build/yolov5_ros2/yolov5_ros2.egg-info/SOURCES.txt'
[4.381s] writing manifest file '../../build/yolov5_ros2/yolov5_ros2.egg-info/SOURCES.txt'
[4.382s] running build
[4.382s] running build_py
[4.384s] copying yolov5_ros2/yolo_cone_detector.py -> /home/sbel/Desktop/Cobra-Driver/workspace/build/yolov5_ros2/build/lib/yolov5_ros2
[4.384s] running install
[4.386s] /home/sbel/.local/lib/python3.8/site-packages/setuptools/_distutils/cmd.py:66: SetuptoolsDeprecationWarning: setup.py install is deprecated.
[4.386s] !!
[4.386s] 
[4.386s]         ********************************************************************************
[4.386s]         Please avoid running ``setup.py`` directly.
[4.386s]         Instead, use pypa/build, pypa/installer or other
[4.387s]         standards-based tools.
[4.387s] 
[4.387s]         See https://blog.ganssle.io/articles/2021/10/setup-py-deprecated.html for details.
[4.387s]         ********************************************************************************
[4.387s] 
[4.387s] !!
[4.387s]   self.initialize_options()
[4.396s] running install_lib
[4.431s] copying /home/sbel/Desktop/Cobra-Driver/workspace/build/yolov5_ros2/build/lib/yolov5_ros2/yolo_cone_detector.py -> /home/sbel/Desktop/Cobra-Driver/workspace/install/yolov5_ros2/lib/python3.8/site-packages/yolov5_ros2
[4.432s] byte-compiling /home/sbel/Desktop/Cobra-Driver/workspace/install/yolov5_ros2/lib/python3.8/site-packages/yolov5_ros2/yolo_cone_detector.py to yolo_cone_detector.cpython-38.pyc
[4.434s] running install_data
[4.469s] running install_egg_info
[4.506s] removing '/home/sbel/Desktop/Cobra-Driver/workspace/install/yolov5_ros2/lib/python3.8/site-packages/yolov5_ros2-0.0.0-py3.8.egg-info' (and everything under it)
[4.507s] Copying ../../build/yolov5_ros2/yolov5_ros2.egg-info to /home/sbel/Desktop/Cobra-Driver/workspace/install/yolov5_ros2/lib/python3.8/site-packages/yolov5_ros2-0.0.0-py3.8.egg-info
[4.510s] running install_scripts
[4.627s] Installing yolo_cone_detector script to /home/sbel/Desktop/Cobra-Driver/workspace/install/yolov5_ros2/lib/yolov5_ros2
[4.627s] Installing yolo_detector script to /home/sbel/Desktop/Cobra-Driver/workspace/install/yolov5_ros2/lib/yolov5_ros2
[4.630s] writing list of installed files to '/home/sbel/Desktop/Cobra-Driver/workspace/build/yolov5_ros2/install.log'
[4.764s] Invoked command in '/home/sbel/Desktop/Cobra-Driver/workspace/src/yolov5_ros2' returned '0': PYTHONPATH=/home/sbel/Desktop/Cobra-Driver/workspace/build/yolov5_ros2/prefix_override:/home/sbel/Desktop/Cobra-Driver/workspace/install/yolov5_ros2/lib/python3.8/site-packages:${PYTHONPATH} /usr/bin/python3 setup.py egg_info --egg-base ../../build/yolov5_ros2 build --build-base /home/sbel/Desktop/Cobra-Driver/workspace/build/yolov5_ros2/build install --record /home/sbel/Desktop/Cobra-Driver/workspace/build/yolov5_ros2/install.log --single-version-externally-managed
