[3.554s] Invoking command in '/home/sbel/Desktop/Cobra-Driver/workspace/src/common': PYTHONPATH=/home/sbel/Desktop/Cobra-Driver/workspace/build/common/prefix_override:/home/sbel/Desktop/Cobra-Driver/workspace/install/common/lib/python3.8/site-packages:${PYTHONPATH} /usr/bin/python3 setup.py egg_info --egg-base ../../build/common build --build-base /home/sbel/Desktop/Cobra-Driver/workspace/build/common/build install --record /home/sbel/Desktop/Cobra-Driver/workspace/build/common/install.log --single-version-externally-managed
[4.069s] running egg_info
[4.105s] writing ../../build/common/common.egg-info/PKG-INFO
[4.106s] writing dependency_links to ../../build/common/common.egg-info/dependency_links.txt
[4.108s] writing requirements to ../../build/common/common.egg-info/requires.txt
[4.109s] writing top-level names to ../../build/common/common.egg-info/top_level.txt
[4.385s] reading manifest file '../../build/common/common.egg-info/SOURCES.txt'
[4.387s] writing manifest file '../../build/common/common.egg-info/SOURCES.txt'
[4.388s] running build
[4.388s] running build_py
[4.391s] running install
[4.393s] /home/sbel/.local/lib/python3.8/site-packages/setuptools/_distutils/cmd.py:66: SetuptoolsDeprecationWarning: setup.py install is deprecated.
[4.394s] !!
[4.395s] 
[4.396s]         ********************************************************************************
[4.397s]         Please avoid running ``setup.py`` directly.
[4.398s]         Instead, use pypa/build, pypa/installer or other
[4.399s]         standards-based tools.
[4.400s] 
[4.400s]         See https://blog.ganssle.io/articles/2021/10/setup-py-deprecated.html for details.
[4.401s]         ********************************************************************************
[4.402s] 
[4.403s] !!
[4.404s]   self.initialize_options()
[4.422s] running install_lib
[4.441s] running install_data
[4.474s] running install_egg_info
[4.509s] removing '/home/sbel/Desktop/Cobra-Driver/workspace/install/common/lib/python3.8/site-packages/common-0.0.0-py3.8.egg-info' (and everything under it)
[4.510s] Copying ../../build/common/common.egg-info to /home/sbel/Desktop/Cobra-Driver/workspace/install/common/lib/python3.8/site-packages/common-0.0.0-py3.8.egg-info
[4.512s] running install_scripts
[4.621s] writing list of installed files to '/home/sbel/Desktop/Cobra-Driver/workspace/build/common/install.log'
[4.835s] Invoked command in '/home/sbel/Desktop/Cobra-Driver/workspace/src/common' returned '0': PYTHONPATH=/home/sbel/Desktop/Cobra-Driver/workspace/build/common/prefix_override:/home/sbel/Desktop/Cobra-Driver/workspace/install/common/lib/python3.8/site-packages:${PYTHONPATH} /usr/bin/python3 setup.py egg_info --egg-base ../../build/common build --build-base /home/sbel/Desktop/Cobra-Driver/workspace/build/common/build install --record /home/sbel/Desktop/Cobra-Driver/workspace/build/common/install.log --single-version-externally-managed
