[0.041s] Invoking command in '/home/sbel/Desktop/Cobra-Driver/workspace/build/rosbridge_library': CMAKE_PREFIX_PATH=/home/sbel/Desktop/Cobra-Driver/workspace/install/rosbridge_test_msgs:/home/sbel/Desktop/Cobra-Driver/workspace/install/usb_cam:/home/sbel/Desktop/Cobra-Driver/workspace/install/rosbridge_suite:/home/sbel/Desktop/Cobra-Driver/workspace/install/rosbridge_server:/home/sbel/Desktop/Cobra-Driver/workspace/install/rosbridge_msgs:/home/sbel/Desktop/Cobra-Driver/workspace/install/rosapi:/home/sbel/Desktop/Cobra-Driver/workspace/install/rosbridge_library:/home/sbel/Desktop/Cobra-Driver/workspace/install/rosapi_msgs:/home/sbel/Desktop/Cobra-Driver/workspace/install/yolov5_ros2:/home/sbel/Desktop/Cobra-Driver/workspace/install/udp_to_ros:/home/sbel/Desktop/Cobra-Driver/workspace/install/common:/opt/ros/foxy LD_LIBRARY_PATH=/home/sbel/Desktop/Cobra-Driver/workspace/install/rosbridge_test_msgs/lib:/home/sbel/Desktop/Cobra-Driver/workspace/install/usb_cam/lib:/home/sbel/Desktop/Cobra-Driver/workspace/install/rosbridge_msgs/lib:/home/sbel/Desktop/Cobra-Driver/workspace/install/rosapi_msgs/lib:/opt/ros/foxy/opt/yaml_cpp_vendor/lib:/opt/ros/foxy/opt/rviz_ogre_vendor/lib:/opt/ros/foxy/lib/aarch64-linux-gnu:/opt/ros/foxy/lib:/usr/local/cuda-11.4/lib64 PYTHONPATH=/home/sbel/Desktop/Cobra-Driver/workspace/install/rosbridge_test_msgs/lib/python3.8/site-packages:/home/sbel/Desktop/Cobra-Driver/workspace/install/yolov5_ros2/lib/python3.8/site-packages:/home/sbel/Desktop/Cobra-Driver/workspace/install/udp_to_ros/lib/python3.8/site-packages:/home/sbel/Desktop/Cobra-Driver/workspace/install/rosbridge_server/lib/python3.8/site-packages:/home/sbel/Desktop/Cobra-Driver/workspace/install/rosbridge_msgs/lib/python3.8/site-packages:/home/sbel/Desktop/Cobra-Driver/workspace/install/rosapi/lib/python3.8/site-packages:/home/sbel/Desktop/Cobra-Driver/workspace/install/rosbridge_library/lib/python3.8/site-packages:/home/sbel/Desktop/Cobra-Driver/workspace/install/rosapi_msgs/lib/python3.8/site-packages:/home/sbel/Desktop/Cobra-Driver/workspace/install/common/lib/python3.8/site-packages:/opt/ros/foxy/lib/python3.8/site-packages /usr/bin/cmake --build /home/sbel/Desktop/Cobra-Driver/workspace/build/rosbridge_library -- -j8 -l8
[0.156s] Invoked command in '/home/sbel/Desktop/Cobra-Driver/workspace/build/rosbridge_library' returned '0': CMAKE_PREFIX_PATH=/home/sbel/Desktop/Cobra-Driver/workspace/install/rosbridge_test_msgs:/home/sbel/Desktop/Cobra-Driver/workspace/install/usb_cam:/home/sbel/Desktop/Cobra-Driver/workspace/install/rosbridge_suite:/home/sbel/Desktop/Cobra-Driver/workspace/install/rosbridge_server:/home/sbel/Desktop/Cobra-Driver/workspace/install/rosbridge_msgs:/home/sbel/Desktop/Cobra-Driver/workspace/install/rosapi:/home/sbel/Desktop/Cobra-Driver/workspace/install/rosbridge_library:/home/sbel/Desktop/Cobra-Driver/workspace/install/rosapi_msgs:/home/sbel/Desktop/Cobra-Driver/workspace/install/yolov5_ros2:/home/sbel/Desktop/Cobra-Driver/workspace/install/udp_to_ros:/home/sbel/Desktop/Cobra-Driver/workspace/install/common:/opt/ros/foxy LD_LIBRARY_PATH=/home/sbel/Desktop/Cobra-Driver/workspace/install/rosbridge_test_msgs/lib:/home/sbel/Desktop/Cobra-Driver/workspace/install/usb_cam/lib:/home/sbel/Desktop/Cobra-Driver/workspace/install/rosbridge_msgs/lib:/home/sbel/Desktop/Cobra-Driver/workspace/install/rosapi_msgs/lib:/opt/ros/foxy/opt/yaml_cpp_vendor/lib:/opt/ros/foxy/opt/rviz_ogre_vendor/lib:/opt/ros/foxy/lib/aarch64-linux-gnu:/opt/ros/foxy/lib:/usr/local/cuda-11.4/lib64 PYTHONPATH=/home/sbel/Desktop/Cobra-Driver/workspace/install/rosbridge_test_msgs/lib/python3.8/site-packages:/home/sbel/Desktop/Cobra-Driver/workspace/install/yolov5_ros2/lib/python3.8/site-packages:/home/sbel/Desktop/Cobra-Driver/workspace/install/udp_to_ros/lib/python3.8/site-packages:/home/sbel/Desktop/Cobra-Driver/workspace/install/rosbridge_server/lib/python3.8/site-packages:/home/sbel/Desktop/Cobra-Driver/workspace/install/rosbridge_msgs/lib/python3.8/site-packages:/home/sbel/Desktop/Cobra-Driver/workspace/install/rosapi/lib/python3.8/site-packages:/home/sbel/Desktop/Cobra-Driver/workspace/install/rosbridge_library/lib/python3.8/site-packages:/home/sbel/Desktop/Cobra-Driver/workspace/install/rosapi_msgs/lib/python3.8/site-packages:/home/sbel/Desktop/Cobra-Driver/workspace/install/common/lib/python3.8/site-packages:/opt/ros/foxy/lib/python3.8/site-packages /usr/bin/cmake --build /home/sbel/Desktop/Cobra-Driver/workspace/build/rosbridge_library -- -j8 -l8
[0.269s] Invoking command in '/home/sbel/Desktop/Cobra-Driver/workspace/build/rosbridge_library': CMAKE_PREFIX_PATH=/home/sbel/Desktop/Cobra-Driver/workspace/install/rosbridge_test_msgs:/home/sbel/Desktop/Cobra-Driver/workspace/install/usb_cam:/home/sbel/Desktop/Cobra-Driver/workspace/install/rosbridge_suite:/home/sbel/Desktop/Cobra-Driver/workspace/install/rosbridge_server:/home/sbel/Desktop/Cobra-Driver/workspace/install/rosbridge_msgs:/home/sbel/Desktop/Cobra-Driver/workspace/install/rosapi:/home/sbel/Desktop/Cobra-Driver/workspace/install/rosbridge_library:/home/sbel/Desktop/Cobra-Driver/workspace/install/rosapi_msgs:/home/sbel/Desktop/Cobra-Driver/workspace/install/yolov5_ros2:/home/sbel/Desktop/Cobra-Driver/workspace/install/udp_to_ros:/home/sbel/Desktop/Cobra-Driver/workspace/install/common:/opt/ros/foxy LD_LIBRARY_PATH=/home/sbel/Desktop/Cobra-Driver/workspace/install/rosbridge_test_msgs/lib:/home/sbel/Desktop/Cobra-Driver/workspace/install/usb_cam/lib:/home/sbel/Desktop/Cobra-Driver/workspace/install/rosbridge_msgs/lib:/home/sbel/Desktop/Cobra-Driver/workspace/install/rosapi_msgs/lib:/opt/ros/foxy/opt/yaml_cpp_vendor/lib:/opt/ros/foxy/opt/rviz_ogre_vendor/lib:/opt/ros/foxy/lib/aarch64-linux-gnu:/opt/ros/foxy/lib:/usr/local/cuda-11.4/lib64 PYTHONPATH=/home/sbel/Desktop/Cobra-Driver/workspace/install/rosbridge_test_msgs/lib/python3.8/site-packages:/home/sbel/Desktop/Cobra-Driver/workspace/install/yolov5_ros2/lib/python3.8/site-packages:/home/sbel/Desktop/Cobra-Driver/workspace/install/udp_to_ros/lib/python3.8/site-packages:/home/sbel/Desktop/Cobra-Driver/workspace/install/rosbridge_server/lib/python3.8/site-packages:/home/sbel/Desktop/Cobra-Driver/workspace/install/rosbridge_msgs/lib/python3.8/site-packages:/home/sbel/Desktop/Cobra-Driver/workspace/install/rosapi/lib/python3.8/site-packages:/home/sbel/Desktop/Cobra-Driver/workspace/install/rosbridge_library/lib/python3.8/site-packages:/home/sbel/Desktop/Cobra-Driver/workspace/install/rosapi_msgs/lib/python3.8/site-packages:/home/sbel/Desktop/Cobra-Driver/workspace/install/common/lib/python3.8/site-packages:/opt/ros/foxy/lib/python3.8/site-packages /usr/bin/cmake --install /home/sbel/Desktop/Cobra-Driver/workspace/build/rosbridge_library
[0.295s] -- Install configuration: ""
[0.295s] -- Up-to-date: /home/sbel/Desktop/Cobra-Driver/workspace/install/rosbridge_library/share/rosbridge_library/environment/pythonpath.sh
[0.295s] -- Up-to-date: /home/sbel/Desktop/Cobra-Driver/workspace/install/rosbridge_library/share/rosbridge_library/environment/pythonpath.dsv
[0.296s] -- Up-to-date: /home/sbel/Desktop/Cobra-Driver/workspace/install/rosbridge_library/lib/python3.8/site-packages/rosbridge_library
[0.296s] -- Up-to-date: /home/sbel/Desktop/Cobra-Driver/workspace/install/rosbridge_library/lib/python3.8/site-packages/rosbridge_library/__init__.py
[0.296s] -- Up-to-date: /home/sbel/Desktop/Cobra-Driver/workspace/install/rosbridge_library/lib/python3.8/site-packages/rosbridge_library/rosbridge_protocol.py
[0.296s] -- Up-to-date: /home/sbel/Desktop/Cobra-Driver/workspace/install/rosbridge_library/lib/python3.8/site-packages/rosbridge_library/internal
[0.296s] -- Up-to-date: /home/sbel/Desktop/Cobra-Driver/workspace/install/rosbridge_library/lib/python3.8/site-packages/rosbridge_library/internal/subscription_modifiers.py
[0.297s] -- Up-to-date: /home/sbel/Desktop/Cobra-Driver/workspace/install/rosbridge_library/lib/python3.8/site-packages/rosbridge_library/internal/exceptions.py
[0.297s] -- Up-to-date: /home/sbel/Desktop/Cobra-Driver/workspace/install/rosbridge_library/lib/python3.8/site-packages/rosbridge_library/internal/services.py
[0.297s] -- Up-to-date: /home/sbel/Desktop/Cobra-Driver/workspace/install/rosbridge_library/lib/python3.8/site-packages/rosbridge_library/internal/__init__.py
[0.297s] -- Up-to-date: /home/sbel/Desktop/Cobra-Driver/workspace/install/rosbridge_library/lib/python3.8/site-packages/rosbridge_library/internal/outgoing_message.py
[0.297s] -- Up-to-date: /home/sbel/Desktop/Cobra-Driver/workspace/install/rosbridge_library/lib/python3.8/site-packages/rosbridge_library/internal/topics.py
[0.297s] -- Up-to-date: /home/sbel/Desktop/Cobra-Driver/workspace/install/rosbridge_library/lib/python3.8/site-packages/rosbridge_library/internal/message_conversion.py
[0.297s] -- Up-to-date: /home/sbel/Desktop/Cobra-Driver/workspace/install/rosbridge_library/lib/python3.8/site-packages/rosbridge_library/internal/pngcompression.py
[0.298s] -- Up-to-date: /home/sbel/Desktop/Cobra-Driver/workspace/install/rosbridge_library/lib/python3.8/site-packages/rosbridge_library/internal/ros_loader.py
[0.298s] -- Up-to-date: /home/sbel/Desktop/Cobra-Driver/workspace/install/rosbridge_library/lib/python3.8/site-packages/rosbridge_library/internal/cbor_conversion.py
[0.298s] -- Up-to-date: /home/sbel/Desktop/Cobra-Driver/workspace/install/rosbridge_library/lib/python3.8/site-packages/rosbridge_library/internal/publishers.py
[0.298s] -- Up-to-date: /home/sbel/Desktop/Cobra-Driver/workspace/install/rosbridge_library/lib/python3.8/site-packages/rosbridge_library/internal/subscribers.py
[0.298s] -- Up-to-date: /home/sbel/Desktop/Cobra-Driver/workspace/install/rosbridge_library/lib/python3.8/site-packages/rosbridge_library/capability.py
[0.298s] -- Up-to-date: /home/sbel/Desktop/Cobra-Driver/workspace/install/rosbridge_library/lib/python3.8/site-packages/rosbridge_library/capabilities
[0.298s] -- Up-to-date: /home/sbel/Desktop/Cobra-Driver/workspace/install/rosbridge_library/lib/python3.8/site-packages/rosbridge_library/capabilities/publish.py
[0.298s] -- Up-to-date: /home/sbel/Desktop/Cobra-Driver/workspace/install/rosbridge_library/lib/python3.8/site-packages/rosbridge_library/capabilities/unadvertise_service.py
[0.299s] -- Up-to-date: /home/sbel/Desktop/Cobra-Driver/workspace/install/rosbridge_library/lib/python3.8/site-packages/rosbridge_library/capabilities/__init__.py
[0.299s] -- Up-to-date: /home/sbel/Desktop/Cobra-Driver/workspace/install/rosbridge_library/lib/python3.8/site-packages/rosbridge_library/capabilities/subscribe.py
[0.299s] -- Up-to-date: /home/sbel/Desktop/Cobra-Driver/workspace/install/rosbridge_library/lib/python3.8/site-packages/rosbridge_library/capabilities/fragmentation.py
[0.299s] -- Up-to-date: /home/sbel/Desktop/Cobra-Driver/workspace/install/rosbridge_library/lib/python3.8/site-packages/rosbridge_library/capabilities/call_service.py
[0.299s] -- Up-to-date: /home/sbel/Desktop/Cobra-Driver/workspace/install/rosbridge_library/lib/python3.8/site-packages/rosbridge_library/capabilities/service_response.py
[0.299s] -- Up-to-date: /home/sbel/Desktop/Cobra-Driver/workspace/install/rosbridge_library/lib/python3.8/site-packages/rosbridge_library/capabilities/advertise_service.py
[0.299s] -- Up-to-date: /home/sbel/Desktop/Cobra-Driver/workspace/install/rosbridge_library/lib/python3.8/site-packages/rosbridge_library/capabilities/defragmentation.py
[0.299s] -- Up-to-date: /home/sbel/Desktop/Cobra-Driver/workspace/install/rosbridge_library/lib/python3.8/site-packages/rosbridge_library/capabilities/advertise.py
[0.299s] -- Up-to-date: /home/sbel/Desktop/Cobra-Driver/workspace/install/rosbridge_library/lib/python3.8/site-packages/rosbridge_library/util
[0.300s] -- Up-to-date: /home/sbel/Desktop/Cobra-Driver/workspace/install/rosbridge_library/lib/python3.8/site-packages/rosbridge_library/util/cbor.py
[0.300s] -- Up-to-date: /home/sbel/Desktop/Cobra-Driver/workspace/install/rosbridge_library/lib/python3.8/site-packages/rosbridge_library/util/__init__.py
[0.300s] -- Up-to-date: /home/sbel/Desktop/Cobra-Driver/workspace/install/rosbridge_library/lib/python3.8/site-packages/rosbridge_library/protocol.py
[0.370s] Listing '/home/sbel/Desktop/Cobra-Driver/workspace/install/rosbridge_library/lib/python3.8/site-packages/rosbridge_library'...
[0.371s] Listing '/home/sbel/Desktop/Cobra-Driver/workspace/install/rosbridge_library/lib/python3.8/site-packages/rosbridge_library/capabilities'...
[0.371s] Listing '/home/sbel/Desktop/Cobra-Driver/workspace/install/rosbridge_library/lib/python3.8/site-packages/rosbridge_library/internal'...
[0.371s] Listing '/home/sbel/Desktop/Cobra-Driver/workspace/install/rosbridge_library/lib/python3.8/site-packages/rosbridge_library/util'...
[0.386s] -- Up-to-date: /home/sbel/Desktop/Cobra-Driver/workspace/install/rosbridge_library/share/ament_index/resource_index/package_run_dependencies/rosbridge_library
[0.386s] -- Up-to-date: /home/sbel/Desktop/Cobra-Driver/workspace/install/rosbridge_library/share/ament_index/resource_index/parent_prefix_path/rosbridge_library
[0.386s] -- Up-to-date: /home/sbel/Desktop/Cobra-Driver/workspace/install/rosbridge_library/share/rosbridge_library/environment/ament_prefix_path.sh
[0.386s] -- Up-to-date: /home/sbel/Desktop/Cobra-Driver/workspace/install/rosbridge_library/share/rosbridge_library/environment/ament_prefix_path.dsv
[0.386s] -- Up-to-date: /home/sbel/Desktop/Cobra-Driver/workspace/install/rosbridge_library/share/rosbridge_library/environment/path.sh
[0.387s] -- Up-to-date: /home/sbel/Desktop/Cobra-Driver/workspace/install/rosbridge_library/share/rosbridge_library/environment/path.dsv
[0.387s] -- Up-to-date: /home/sbel/Desktop/Cobra-Driver/workspace/install/rosbridge_library/share/rosbridge_library/local_setup.bash
[0.387s] -- Up-to-date: /home/sbel/Desktop/Cobra-Driver/workspace/install/rosbridge_library/share/rosbridge_library/local_setup.sh
[0.387s] -- Up-to-date: /home/sbel/Desktop/Cobra-Driver/workspace/install/rosbridge_library/share/rosbridge_library/local_setup.zsh
[0.387s] -- Up-to-date: /home/sbel/Desktop/Cobra-Driver/workspace/install/rosbridge_library/share/rosbridge_library/local_setup.dsv
[0.387s] -- Installing: /home/sbel/Desktop/Cobra-Driver/workspace/install/rosbridge_library/share/rosbridge_library/package.dsv
[0.387s] -- Up-to-date: /home/sbel/Desktop/Cobra-Driver/workspace/install/rosbridge_library/share/ament_index/resource_index/packages/rosbridge_library
[0.388s] -- Up-to-date: /home/sbel/Desktop/Cobra-Driver/workspace/install/rosbridge_library/share/rosbridge_library/cmake/rosbridge_libraryConfig.cmake
[0.388s] -- Up-to-date: /home/sbel/Desktop/Cobra-Driver/workspace/install/rosbridge_library/share/rosbridge_library/cmake/rosbridge_libraryConfig-version.cmake
[0.388s] -- Up-to-date: /home/sbel/Desktop/Cobra-Driver/workspace/install/rosbridge_library/share/rosbridge_library/package.xml
[0.402s] Invoked command in '/home/sbel/Desktop/Cobra-Driver/workspace/build/rosbridge_library' returned '0': CMAKE_PREFIX_PATH=/home/sbel/Desktop/Cobra-Driver/workspace/install/rosbridge_test_msgs:/home/sbel/Desktop/Cobra-Driver/workspace/install/usb_cam:/home/sbel/Desktop/Cobra-Driver/workspace/install/rosbridge_suite:/home/sbel/Desktop/Cobra-Driver/workspace/install/rosbridge_server:/home/sbel/Desktop/Cobra-Driver/workspace/install/rosbridge_msgs:/home/sbel/Desktop/Cobra-Driver/workspace/install/rosapi:/home/sbel/Desktop/Cobra-Driver/workspace/install/rosbridge_library:/home/sbel/Desktop/Cobra-Driver/workspace/install/rosapi_msgs:/home/sbel/Desktop/Cobra-Driver/workspace/install/yolov5_ros2:/home/sbel/Desktop/Cobra-Driver/workspace/install/udp_to_ros:/home/sbel/Desktop/Cobra-Driver/workspace/install/common:/opt/ros/foxy LD_LIBRARY_PATH=/home/sbel/Desktop/Cobra-Driver/workspace/install/rosbridge_test_msgs/lib:/home/sbel/Desktop/Cobra-Driver/workspace/install/usb_cam/lib:/home/sbel/Desktop/Cobra-Driver/workspace/install/rosbridge_msgs/lib:/home/sbel/Desktop/Cobra-Driver/workspace/install/rosapi_msgs/lib:/opt/ros/foxy/opt/yaml_cpp_vendor/lib:/opt/ros/foxy/opt/rviz_ogre_vendor/lib:/opt/ros/foxy/lib/aarch64-linux-gnu:/opt/ros/foxy/lib:/usr/local/cuda-11.4/lib64 PYTHONPATH=/home/sbel/Desktop/Cobra-Driver/workspace/install/rosbridge_test_msgs/lib/python3.8/site-packages:/home/sbel/Desktop/Cobra-Driver/workspace/install/yolov5_ros2/lib/python3.8/site-packages:/home/sbel/Desktop/Cobra-Driver/workspace/install/udp_to_ros/lib/python3.8/site-packages:/home/sbel/Desktop/Cobra-Driver/workspace/install/rosbridge_server/lib/python3.8/site-packages:/home/sbel/Desktop/Cobra-Driver/workspace/install/rosbridge_msgs/lib/python3.8/site-packages:/home/sbel/Desktop/Cobra-Driver/workspace/install/rosapi/lib/python3.8/site-packages:/home/sbel/Desktop/Cobra-Driver/workspace/install/rosbridge_library/lib/python3.8/site-packages:/home/sbel/Desktop/Cobra-Driver/workspace/install/rosapi_msgs/lib/python3.8/site-packages:/home/sbel/Desktop/Cobra-Driver/workspace/install/common/lib/python3.8/site-packages:/opt/ros/foxy/lib/python3.8/site-packages /usr/bin/cmake --install /home/sbel/Desktop/Cobra-Driver/workspace/build/rosbridge_library
