-- Found ament_cmake_core: 2.0.3 (/opt/ros/iron/share/ament_cmake_core/cmake)
-- Found Python3: /usr/bin/python3.10 (found version "3.10.12") found components: Interpreter 
-- Configuring done
-- Generating done
-- Build files have been written to: /home/jason/Desktop/STUDY/Cobra-Driver/workspace/build/rosbridge_suite
-- Install configuration: ""
-- Installing: /home/jason/Desktop/STUDY/Cobra-Driver/workspace/install/rosbridge_suite/share/ament_index/resource_index/package_run_dependencies/rosbridge_suite
-- Installing: /home/jason/Desktop/STUDY/Cobra-Driver/workspace/install/rosbridge_suite/share/ament_index/resource_index/parent_prefix_path/rosbridge_suite
-- Installing: /home/jason/Desktop/STUDY/Cobra-Driver/workspace/install/rosbridge_suite/share/rosbridge_suite/environment/ament_prefix_path.sh
-- Installing: /home/jason/Desktop/STUDY/Cobra-Driver/workspace/install/rosbridge_suite/share/rosbridge_suite/environment/ament_prefix_path.dsv
-- Installing: /home/jason/Desktop/STUDY/Cobra-Driver/workspace/install/rosbridge_suite/share/rosbridge_suite/environment/path.sh
-- Installing: /home/jason/Desktop/STUDY/Cobra-Driver/workspace/install/rosbridge_suite/share/rosbridge_suite/environment/path.dsv
-- Installing: /home/jason/Desktop/STUDY/Cobra-Driver/workspace/install/rosbridge_suite/share/rosbridge_suite/local_setup.bash
-- Installing: /home/jason/Desktop/STUDY/Cobra-Driver/workspace/install/rosbridge_suite/share/rosbridge_suite/local_setup.sh
-- Installing: /home/jason/Desktop/STUDY/Cobra-Driver/workspace/install/rosbridge_suite/share/rosbridge_suite/local_setup.zsh
-- Installing: /home/jason/Desktop/STUDY/Cobra-Driver/workspace/install/rosbridge_suite/share/rosbridge_suite/local_setup.dsv
-- Installing: /home/jason/Desktop/STUDY/Cobra-Driver/workspace/install/rosbridge_suite/share/rosbridge_suite/package.dsv
-- Installing: /home/jason/Desktop/STUDY/Cobra-Driver/workspace/install/rosbridge_suite/share/ament_index/resource_index/packages/rosbridge_suite
-- Installing: /home/jason/Desktop/STUDY/Cobra-Driver/workspace/install/rosbridge_suite/share/rosbridge_suite/cmake/rosbridge_suiteConfig.cmake
-- Installing: /home/jason/Desktop/STUDY/Cobra-Driver/workspace/install/rosbridge_suite/share/rosbridge_suite/cmake/rosbridge_suiteConfig-version.cmake
-- Installing: /home/jason/Desktop/STUDY/Cobra-Driver/workspace/install/rosbridge_suite/share/rosbridge_suite/package.xml
