[3.536s] Invoking command in '/home/jason/Desktop/STUDY/Cobra-Driver/workspace/src/common': PYTHONPATH=/home/jason/Desktop/STUDY/Cobra-Driver/workspace/build/common/prefix_override:/home/jason/Desktop/STUDY/Cobra-Driver/workspace/install/common/lib/python3.10/site-packages:${PYTHONPATH} /usr/bin/python3 setup.py egg_info --egg-base ../../build/common build --build-base /home/jason/Desktop/STUDY/Cobra-Driver/workspace/build/common/build install --record /home/jason/Desktop/STUDY/Cobra-Driver/workspace/build/common/install.log --single-version-externally-managed
[3.956s] /home/jason/.local/lib/python3.10/site-packages/setuptools/_distutils/cmd.py:66: SetuptoolsDeprecationWarning: setup.py install is deprecated.
[3.956s] !!
[3.957s] 
[3.957s]         ********************************************************************************
[3.957s]         Please avoid running ``setup.py`` directly.
[3.957s]         Instead, use pypa/build, pypa/installer or other
[3.957s]         standards-based tools.
[3.957s] 
[3.958s]         See https://blog.ganssle.io/articles/2021/10/setup-py-deprecated.html for details.
[3.958s]         ********************************************************************************
[3.958s] 
[3.958s] !!
[3.958s]   self.initialize_options()
[3.979s] running egg_info
[3.979s] writing ../../build/common/common.egg-info/PKG-INFO
[3.979s] writing dependency_links to ../../build/common/common.egg-info/dependency_links.txt
[3.979s] writing requirements to ../../build/common/common.egg-info/requires.txt
[3.980s] writing top-level names to ../../build/common/common.egg-info/top_level.txt
[3.980s] reading manifest file '../../build/common/common.egg-info/SOURCES.txt'
[3.980s] writing manifest file '../../build/common/common.egg-info/SOURCES.txt'
[3.980s] running build
[3.980s] running build_py
[3.980s] running install
[3.980s] running install_lib
[3.981s] running install_data
[3.981s] running install_egg_info
[4.075s] removing '/home/jason/Desktop/STUDY/Cobra-Driver/workspace/install/common/lib/python3.10/site-packages/common-0.0.0-py3.10.egg-info' (and everything under it)
[4.077s] Copying ../../build/common/common.egg-info to /home/jason/Desktop/STUDY/Cobra-Driver/workspace/install/common/lib/python3.10/site-packages/common-0.0.0-py3.10.egg-info
[4.080s] running install_scripts
[4.156s] writing list of installed files to '/home/jason/Desktop/STUDY/Cobra-Driver/workspace/build/common/install.log'
[4.801s] Invoked command in '/home/jason/Desktop/STUDY/Cobra-Driver/workspace/src/common' returned '0': PYTHONPATH=/home/jason/Desktop/STUDY/Cobra-Driver/workspace/build/common/prefix_override:/home/jason/Desktop/STUDY/Cobra-Driver/workspace/install/common/lib/python3.10/site-packages:${PYTHONPATH} /usr/bin/python3 setup.py egg_info --egg-base ../../build/common build --build-base /home/jason/Desktop/STUDY/Cobra-Driver/workspace/build/common/build install --record /home/jason/Desktop/STUDY/Cobra-Driver/workspace/build/common/install.log --single-version-externally-managed
