running egg_info
creating ../../build/common/common.egg-info
writing ../../build/common/common.egg-info/PKG-INFO
writing dependency_links to ../../build/common/common.egg-info/dependency_links.txt
writing requirements to ../../build/common/common.egg-info/requires.txt
writing top-level names to ../../build/common/common.egg-info/top_level.txt
writing manifest file '../../build/common/common.egg-info/SOURCES.txt'
reading manifest file '../../build/common/common.egg-info/SOURCES.txt'
writing manifest file '../../build/common/common.egg-info/SOURCES.txt'
running build
running build_py
creating /home/sbel/Desktop/Cobra-Driver/workspace/build/common/build
creating /home/sbel/Desktop/Cobra-Driver/workspace/build/common/build/lib
creating /home/sbel/Desktop/Cobra-Driver/workspace/build/common/build/lib/common
copying common/__init__.py -> /home/sbel/Desktop/Cobra-Driver/workspace/build/common/build/lib/common
running install
/home/sbel/.local/lib/python3.8/site-packages/setuptools/_distutils/cmd.py:66: SetuptoolsDeprecationWarning: setup.py install is deprecated.
!!

        ********************************************************************************
        Please avoid running ``setup.py`` directly.
        Instead, use pypa/build, pypa/installer or other
        standards-based tools.

        See https://blog.ganssle.io/articles/2021/10/setup-py-deprecated.html for details.
        ********************************************************************************

!!
  self.initialize_options()
running install_lib
creating /home/sbel/Desktop/Cobra-Driver/workspace/install/common/lib/python3.8/site-packages/common
copying /home/sbel/Desktop/Cobra-Driver/workspace/build/common/build/lib/common/__init__.py -> /home/sbel/Desktop/Cobra-Driver/workspace/install/common/lib/python3.8/site-packages/common
byte-compiling /home/sbel/Desktop/Cobra-Driver/workspace/install/common/lib/python3.8/site-packages/common/__init__.py to __init__.cpython-38.pyc
running install_data
creating /home/sbel/Desktop/Cobra-Driver/workspace/install/common/share/ament_index
creating /home/sbel/Desktop/Cobra-Driver/workspace/install/common/share/ament_index/resource_index
creating /home/sbel/Desktop/Cobra-Driver/workspace/install/common/share/ament_index/resource_index/packages
copying resource/common -> /home/sbel/Desktop/Cobra-Driver/workspace/install/common/share/ament_index/resource_index/packages
copying package.xml -> /home/sbel/Desktop/Cobra-Driver/workspace/install/common/share/common
copying remoteop.launch.py -> /home/sbel/Desktop/Cobra-Driver/workspace/install/common/share/common
running install_egg_info
Copying ../../build/common/common.egg-info to /home/sbel/Desktop/Cobra-Driver/workspace/install/common/lib/python3.8/site-packages/common-0.0.0-py3.8.egg-info
running install_scripts
writing list of installed files to '/home/sbel/Desktop/Cobra-Driver/workspace/build/common/install.log'
