[3.335s] Invoking command in '/home/sbel/Desktop/Cobra-Driver/workspace/src/common': PYTHONPATH=/home/sbel/Desktop/Cobra-Driver/workspace/build/common/prefix_override:/home/sbel/Desktop/Cobra-Driver/workspace/install/common/lib/python3.8/site-packages:${PYTHONPATH} /usr/bin/python3 setup.py egg_info --egg-base ../../build/common build --build-base /home/sbel/Desktop/Cobra-Driver/workspace/build/common/build install --record /home/sbel/Desktop/Cobra-Driver/workspace/build/common/install.log --single-version-externally-managed
[3.914s] running egg_info
[3.915s] creating ../../build/common/common.egg-info
[3.951s] writing ../../build/common/common.egg-info/PKG-INFO
[3.952s] writing dependency_links to ../../build/common/common.egg-info/dependency_links.txt
[3.953s] writing requirements to ../../build/common/common.egg-info/requires.txt
[3.953s] writing top-level names to ../../build/common/common.egg-info/top_level.txt
[4.167s] writing manifest file '../../build/common/common.egg-info/SOURCES.txt'
[4.242s] reading manifest file '../../build/common/common.egg-info/SOURCES.txt'
[4.250s] writing manifest file '../../build/common/common.egg-info/SOURCES.txt'
[4.253s] running build
[4.254s] running build_py
[4.255s] creating /home/sbel/Desktop/Cobra-Driver/workspace/build/common/build
[4.256s] creating /home/sbel/Desktop/Cobra-Driver/workspace/build/common/build/lib
[4.256s] creating /home/sbel/Desktop/Cobra-Driver/workspace/build/common/build/lib/common
[4.257s] copying common/__init__.py -> /home/sbel/Desktop/Cobra-Driver/workspace/build/common/build/lib/common
[4.258s] running install
[4.260s] /home/sbel/.local/lib/python3.8/site-packages/setuptools/_distutils/cmd.py:66: SetuptoolsDeprecationWarning: setup.py install is deprecated.
[4.260s] !!
[4.260s] 
[4.260s]         ********************************************************************************
[4.260s]         Please avoid running ``setup.py`` directly.
[4.261s]         Instead, use pypa/build, pypa/installer or other
[4.261s]         standards-based tools.
[4.261s] 
[4.261s]         See https://blog.ganssle.io/articles/2021/10/setup-py-deprecated.html for details.
[4.261s]         ********************************************************************************
[4.261s] 
[4.261s] !!
[4.261s]   self.initialize_options()
[4.275s] running install_lib
[4.312s] creating /home/sbel/Desktop/Cobra-Driver/workspace/install/common/lib/python3.8/site-packages/common
[4.313s] copying /home/sbel/Desktop/Cobra-Driver/workspace/build/common/build/lib/common/__init__.py -> /home/sbel/Desktop/Cobra-Driver/workspace/install/common/lib/python3.8/site-packages/common
[4.314s] byte-compiling /home/sbel/Desktop/Cobra-Driver/workspace/install/common/lib/python3.8/site-packages/common/__init__.py to __init__.cpython-38.pyc
[4.315s] running install_data
[4.350s] creating /home/sbel/Desktop/Cobra-Driver/workspace/install/common/share/ament_index
[4.351s] creating /home/sbel/Desktop/Cobra-Driver/workspace/install/common/share/ament_index/resource_index
[4.351s] creating /home/sbel/Desktop/Cobra-Driver/workspace/install/common/share/ament_index/resource_index/packages
[4.351s] copying resource/common -> /home/sbel/Desktop/Cobra-Driver/workspace/install/common/share/ament_index/resource_index/packages
[4.351s] copying package.xml -> /home/sbel/Desktop/Cobra-Driver/workspace/install/common/share/common
[4.352s] copying remoteop.launch.py -> /home/sbel/Desktop/Cobra-Driver/workspace/install/common/share/common
[4.352s] running install_egg_info
[4.391s] Copying ../../build/common/common.egg-info to /home/sbel/Desktop/Cobra-Driver/workspace/install/common/lib/python3.8/site-packages/common-0.0.0-py3.8.egg-info
[4.393s] running install_scripts
[4.510s] writing list of installed files to '/home/sbel/Desktop/Cobra-Driver/workspace/build/common/install.log'
[4.760s] Invoked command in '/home/sbel/Desktop/Cobra-Driver/workspace/src/common' returned '0': PYTHONPATH=/home/sbel/Desktop/Cobra-Driver/workspace/build/common/prefix_override:/home/sbel/Desktop/Cobra-Driver/workspace/install/common/lib/python3.8/site-packages:${PYTHONPATH} /usr/bin/python3 setup.py egg_info --egg-base ../../build/common build --build-base /home/sbel/Desktop/Cobra-Driver/workspace/build/common/build install --record /home/sbel/Desktop/Cobra-Driver/workspace/build/common/install.log --single-version-externally-managed
