[0.008s] Invoking command in '/home/jason/Desktop/STUDY/Cobra-Driver/workspace/src/build/rosapi': AMENT_PREFIX_PATH=/home/jason/Desktop/STUDY/Cobra-Driver/workspace/src/install/rosbridge_library:/home/jason/Desktop/STUDY/Cobra-Driver/workspace/src/install/rosapi_msgs:${AMENT_PREFIX_PATH} CMAKE_PREFIX_PATH=/home/jason/Desktop/STUDY/Cobra-Driver/workspace/src/install/rosbridge_library:/home/jason/Desktop/STUDY/Cobra-Driver/workspace/src/install/rosapi_msgs:/home/jason/Desktop/STUDY/Cobra-Driver/workspace/install/rosbridge_test_msgs:/home/jason/Desktop/STUDY/Cobra-Driver/workspace/install/rosbridge_suite:/home/jason/Desktop/STUDY/Cobra-Driver/workspace/install/rosbridge_server:/home/jason/Desktop/STUDY/Cobra-Driver/workspace/install/rosbridge_msgs:/home/jason/Desktop/STUDY/Cobra-Driver/workspace/install/rosapi:/home/jason/Desktop/STUDY/Cobra-Driver/workspace/install/rosbridge_library:/home/jason/Desktop/STUDY/Cobra-Driver/workspace/install/rosapi_msgs:/home/jason/Desktop/STUDY/Cobra-Driver/workspace/install/usb_cam:/home/jason/Desktop/STUDY/Cobra-Driver/workspace/install/udp_to_ros:/home/jason/Desktop/STUDY/Cobra-Driver/workspace/install/udp_float_receiver:/opt/ros/iron CONDA_PROMPT_MODIFIER=(base) LD_LIBRARY_PATH=/home/jason/Desktop/STUDY/Cobra-Driver/workspace/src/install/rosapi_msgs/lib:${LD_LIBRARY_PATH} PYTHONPATH=/home/jason/Desktop/STUDY/Cobra-Driver/workspace/src/install/rosbridge_library/lib/python3.10/site-packages:/home/jason/Desktop/STUDY/Cobra-Driver/workspace/src/install/rosapi_msgs/lib/python3.10/site-packages:${PYTHONPATH} /usr/bin/cmake /home/jason/Desktop/STUDY/Cobra-Driver/workspace/src/rosbridge_suite/rosapi -DCMAKE_INSTALL_PREFIX=/home/jason/Desktop/STUDY/Cobra-Driver/workspace/src/install/rosapi
[0.045s] -- The C compiler identification is GNU 11.4.0
[0.083s] -- The CXX compiler identification is GNU 11.4.0
[0.088s] -- Detecting C compiler ABI info
[0.134s] -- Detecting C compiler ABI info - done
[0.140s] -- Check for working C compiler: /usr/bin/cc - skipped
[0.140s] -- Detecting C compile features
[0.140s] -- Detecting C compile features - done
[0.142s] -- Detecting CXX compiler ABI info
[0.196s] -- Detecting CXX compiler ABI info - done
[0.202s] -- Check for working CXX compiler: /usr/bin/c++ - skipped
[0.203s] -- Detecting CXX compile features
[0.203s] -- Detecting CXX compile features - done
[0.205s] -- Found ament_cmake_ros: 0.11.2 (/opt/ros/iron/share/ament_cmake_ros/cmake)
[0.344s] -- Found Python3: /usr/bin/python3.10 (found version "3.10.12") found components: Interpreter 
[0.733s] -- Configuring done
[0.736s] -- Generating done
[0.737s] -- Build files have been written to: /home/jason/Desktop/STUDY/Cobra-Driver/workspace/src/build/rosapi
[0.740s] Invoked command in '/home/jason/Desktop/STUDY/Cobra-Driver/workspace/src/build/rosapi' returned '0': AMENT_PREFIX_PATH=/home/jason/Desktop/STUDY/Cobra-Driver/workspace/src/install/rosbridge_library:/home/jason/Desktop/STUDY/Cobra-Driver/workspace/src/install/rosapi_msgs:${AMENT_PREFIX_PATH} CMAKE_PREFIX_PATH=/home/jason/Desktop/STUDY/Cobra-Driver/workspace/src/install/rosbridge_library:/home/jason/Desktop/STUDY/Cobra-Driver/workspace/src/install/rosapi_msgs:/home/jason/Desktop/STUDY/Cobra-Driver/workspace/install/rosbridge_test_msgs:/home/jason/Desktop/STUDY/Cobra-Driver/workspace/install/rosbridge_suite:/home/jason/Desktop/STUDY/Cobra-Driver/workspace/install/rosbridge_server:/home/jason/Desktop/STUDY/Cobra-Driver/workspace/install/rosbridge_msgs:/home/jason/Desktop/STUDY/Cobra-Driver/workspace/install/rosapi:/home/jason/Desktop/STUDY/Cobra-Driver/workspace/install/rosbridge_library:/home/jason/Desktop/STUDY/Cobra-Driver/workspace/install/rosapi_msgs:/home/jason/Desktop/STUDY/Cobra-Driver/workspace/install/usb_cam:/home/jason/Desktop/STUDY/Cobra-Driver/workspace/install/udp_to_ros:/home/jason/Desktop/STUDY/Cobra-Driver/workspace/install/udp_float_receiver:/opt/ros/iron CONDA_PROMPT_MODIFIER=(base) LD_LIBRARY_PATH=/home/jason/Desktop/STUDY/Cobra-Driver/workspace/src/install/rosapi_msgs/lib:${LD_LIBRARY_PATH} PYTHONPATH=/home/jason/Desktop/STUDY/Cobra-Driver/workspace/src/install/rosbridge_library/lib/python3.10/site-packages:/home/jason/Desktop/STUDY/Cobra-Driver/workspace/src/install/rosapi_msgs/lib/python3.10/site-packages:${PYTHONPATH} /usr/bin/cmake /home/jason/Desktop/STUDY/Cobra-Driver/workspace/src/rosbridge_suite/rosapi -DCMAKE_INSTALL_PREFIX=/home/jason/Desktop/STUDY/Cobra-Driver/workspace/src/install/rosapi
[0.741s] Invoking command in '/home/jason/Desktop/STUDY/Cobra-Driver/workspace/src/build/rosapi': AMENT_PREFIX_PATH=/home/jason/Desktop/STUDY/Cobra-Driver/workspace/src/install/rosbridge_library:/home/jason/Desktop/STUDY/Cobra-Driver/workspace/src/install/rosapi_msgs:${AMENT_PREFIX_PATH} CMAKE_PREFIX_PATH=/home/jason/Desktop/STUDY/Cobra-Driver/workspace/src/install/rosbridge_library:/home/jason/Desktop/STUDY/Cobra-Driver/workspace/src/install/rosapi_msgs:/home/jason/Desktop/STUDY/Cobra-Driver/workspace/install/rosbridge_test_msgs:/home/jason/Desktop/STUDY/Cobra-Driver/workspace/install/rosbridge_suite:/home/jason/Desktop/STUDY/Cobra-Driver/workspace/install/rosbridge_server:/home/jason/Desktop/STUDY/Cobra-Driver/workspace/install/rosbridge_msgs:/home/jason/Desktop/STUDY/Cobra-Driver/workspace/install/rosapi:/home/jason/Desktop/STUDY/Cobra-Driver/workspace/install/rosbridge_library:/home/jason/Desktop/STUDY/Cobra-Driver/workspace/install/rosapi_msgs:/home/jason/Desktop/STUDY/Cobra-Driver/workspace/install/usb_cam:/home/jason/Desktop/STUDY/Cobra-Driver/workspace/install/udp_to_ros:/home/jason/Desktop/STUDY/Cobra-Driver/workspace/install/udp_float_receiver:/opt/ros/iron CONDA_PROMPT_MODIFIER=(base) LD_LIBRARY_PATH=/home/jason/Desktop/STUDY/Cobra-Driver/workspace/src/install/rosapi_msgs/lib:${LD_LIBRARY_PATH} PYTHONPATH=/home/jason/Desktop/STUDY/Cobra-Driver/workspace/src/install/rosbridge_library/lib/python3.10/site-packages:/home/jason/Desktop/STUDY/Cobra-Driver/workspace/src/install/rosapi_msgs/lib/python3.10/site-packages:${PYTHONPATH} /usr/bin/cmake --build /home/jason/Desktop/STUDY/Cobra-Driver/workspace/src/build/rosapi -- -j16 -l16
[0.777s] Built target ament_cmake_python_copy_rosapi
[0.974s] running egg_info
[0.974s] creating rosapi.egg-info
[0.974s] writing rosapi.egg-info/PKG-INFO
[0.975s] writing dependency_links to rosapi.egg-info/dependency_links.txt
[0.975s] writing top-level names to rosapi.egg-info/top_level.txt
[0.975s] writing manifest file 'rosapi.egg-info/SOURCES.txt'
[0.976s] reading manifest file 'rosapi.egg-info/SOURCES.txt'
[0.976s] writing manifest file 'rosapi.egg-info/SOURCES.txt'
[0.993s] Built target ament_cmake_python_build_rosapi_egg
[0.999s] Invoked command in '/home/jason/Desktop/STUDY/Cobra-Driver/workspace/src/build/rosapi' returned '0': AMENT_PREFIX_PATH=/home/jason/Desktop/STUDY/Cobra-Driver/workspace/src/install/rosbridge_library:/home/jason/Desktop/STUDY/Cobra-Driver/workspace/src/install/rosapi_msgs:${AMENT_PREFIX_PATH} CMAKE_PREFIX_PATH=/home/jason/Desktop/STUDY/Cobra-Driver/workspace/src/install/rosbridge_library:/home/jason/Desktop/STUDY/Cobra-Driver/workspace/src/install/rosapi_msgs:/home/jason/Desktop/STUDY/Cobra-Driver/workspace/install/rosbridge_test_msgs:/home/jason/Desktop/STUDY/Cobra-Driver/workspace/install/rosbridge_suite:/home/jason/Desktop/STUDY/Cobra-Driver/workspace/install/rosbridge_server:/home/jason/Desktop/STUDY/Cobra-Driver/workspace/install/rosbridge_msgs:/home/jason/Desktop/STUDY/Cobra-Driver/workspace/install/rosapi:/home/jason/Desktop/STUDY/Cobra-Driver/workspace/install/rosbridge_library:/home/jason/Desktop/STUDY/Cobra-Driver/workspace/install/rosapi_msgs:/home/jason/Desktop/STUDY/Cobra-Driver/workspace/install/usb_cam:/home/jason/Desktop/STUDY/Cobra-Driver/workspace/install/udp_to_ros:/home/jason/Desktop/STUDY/Cobra-Driver/workspace/install/udp_float_receiver:/opt/ros/iron CONDA_PROMPT_MODIFIER=(base) LD_LIBRARY_PATH=/home/jason/Desktop/STUDY/Cobra-Driver/workspace/src/install/rosapi_msgs/lib:${LD_LIBRARY_PATH} PYTHONPATH=/home/jason/Desktop/STUDY/Cobra-Driver/workspace/src/install/rosbridge_library/lib/python3.10/site-packages:/home/jason/Desktop/STUDY/Cobra-Driver/workspace/src/install/rosapi_msgs/lib/python3.10/site-packages:${PYTHONPATH} /usr/bin/cmake --build /home/jason/Desktop/STUDY/Cobra-Driver/workspace/src/build/rosapi -- -j16 -l16
[1.014s] Invoking command in '/home/jason/Desktop/STUDY/Cobra-Driver/workspace/src/build/rosapi': AMENT_PREFIX_PATH=/home/jason/Desktop/STUDY/Cobra-Driver/workspace/src/install/rosbridge_library:/home/jason/Desktop/STUDY/Cobra-Driver/workspace/src/install/rosapi_msgs:${AMENT_PREFIX_PATH} CMAKE_PREFIX_PATH=/home/jason/Desktop/STUDY/Cobra-Driver/workspace/src/install/rosbridge_library:/home/jason/Desktop/STUDY/Cobra-Driver/workspace/src/install/rosapi_msgs:/home/jason/Desktop/STUDY/Cobra-Driver/workspace/install/rosbridge_test_msgs:/home/jason/Desktop/STUDY/Cobra-Driver/workspace/install/rosbridge_suite:/home/jason/Desktop/STUDY/Cobra-Driver/workspace/install/rosbridge_server:/home/jason/Desktop/STUDY/Cobra-Driver/workspace/install/rosbridge_msgs:/home/jason/Desktop/STUDY/Cobra-Driver/workspace/install/rosapi:/home/jason/Desktop/STUDY/Cobra-Driver/workspace/install/rosbridge_library:/home/jason/Desktop/STUDY/Cobra-Driver/workspace/install/rosapi_msgs:/home/jason/Desktop/STUDY/Cobra-Driver/workspace/install/usb_cam:/home/jason/Desktop/STUDY/Cobra-Driver/workspace/install/udp_to_ros:/home/jason/Desktop/STUDY/Cobra-Driver/workspace/install/udp_float_receiver:/opt/ros/iron CONDA_PROMPT_MODIFIER=(base) LD_LIBRARY_PATH=/home/jason/Desktop/STUDY/Cobra-Driver/workspace/src/install/rosapi_msgs/lib:${LD_LIBRARY_PATH} PYTHONPATH=/home/jason/Desktop/STUDY/Cobra-Driver/workspace/src/install/rosbridge_library/lib/python3.10/site-packages:/home/jason/Desktop/STUDY/Cobra-Driver/workspace/src/install/rosapi_msgs/lib/python3.10/site-packages:${PYTHONPATH} /usr/bin/cmake --install /home/jason/Desktop/STUDY/Cobra-Driver/workspace/src/build/rosapi
[1.019s] -- Install configuration: ""
[1.019s] -- Installing: /home/jason/Desktop/STUDY/Cobra-Driver/workspace/src/install/rosapi/share/rosapi/environment/pythonpath.sh
[1.019s] -- Installing: /home/jason/Desktop/STUDY/Cobra-Driver/workspace/src/install/rosapi/share/rosapi/environment/pythonpath.dsv
[1.019s] -- Installing: /home/jason/Desktop/STUDY/Cobra-Driver/workspace/src/install/rosapi/lib/python3.10/site-packages/rosapi-1.3.1-py3.10.egg-info
[1.019s] -- Installing: /home/jason/Desktop/STUDY/Cobra-Driver/workspace/src/install/rosapi/lib/python3.10/site-packages/rosapi-1.3.1-py3.10.egg-info/top_level.txt
[1.019s] -- Installing: /home/jason/Desktop/STUDY/Cobra-Driver/workspace/src/install/rosapi/lib/python3.10/site-packages/rosapi-1.3.1-py3.10.egg-info/dependency_links.txt
[1.019s] -- Installing: /home/jason/Desktop/STUDY/Cobra-Driver/workspace/src/install/rosapi/lib/python3.10/site-packages/rosapi-1.3.1-py3.10.egg-info/SOURCES.txt
[1.019s] -- Installing: /home/jason/Desktop/STUDY/Cobra-Driver/workspace/src/install/rosapi/lib/python3.10/site-packages/rosapi-1.3.1-py3.10.egg-info/PKG-INFO
[1.019s] -- Installing: /home/jason/Desktop/STUDY/Cobra-Driver/workspace/src/install/rosapi/lib/python3.10/site-packages/rosapi
[1.019s] -- Installing: /home/jason/Desktop/STUDY/Cobra-Driver/workspace/src/install/rosapi/lib/python3.10/site-packages/rosapi/stringify_field_types.py
[1.020s] -- Installing: /home/jason/Desktop/STUDY/Cobra-Driver/workspace/src/install/rosapi/lib/python3.10/site-packages/rosapi/params.py
[1.020s] -- Installing: /home/jason/Desktop/STUDY/Cobra-Driver/workspace/src/install/rosapi/lib/python3.10/site-packages/rosapi/__init__.py
[1.020s] -- Installing: /home/jason/Desktop/STUDY/Cobra-Driver/workspace/src/install/rosapi/lib/python3.10/site-packages/rosapi/glob_helper.py
[1.020s] -- Installing: /home/jason/Desktop/STUDY/Cobra-Driver/workspace/src/install/rosapi/lib/python3.10/site-packages/rosapi/proxy.py
[1.020s] -- Installing: /home/jason/Desktop/STUDY/Cobra-Driver/workspace/src/install/rosapi/lib/python3.10/site-packages/rosapi/objectutils.py
[1.047s] Listing '/home/jason/Desktop/STUDY/Cobra-Driver/workspace/src/install/rosapi/lib/python3.10/site-packages/rosapi'...
[1.047s] Compiling '/home/jason/Desktop/STUDY/Cobra-Driver/workspace/src/install/rosapi/lib/python3.10/site-packages/rosapi/__init__.py'...
[1.047s] Compiling '/home/jason/Desktop/STUDY/Cobra-Driver/workspace/src/install/rosapi/lib/python3.10/site-packages/rosapi/glob_helper.py'...
[1.047s] Compiling '/home/jason/Desktop/STUDY/Cobra-Driver/workspace/src/install/rosapi/lib/python3.10/site-packages/rosapi/objectutils.py'...
[1.047s] Compiling '/home/jason/Desktop/STUDY/Cobra-Driver/workspace/src/install/rosapi/lib/python3.10/site-packages/rosapi/params.py'...
[1.047s] Compiling '/home/jason/Desktop/STUDY/Cobra-Driver/workspace/src/install/rosapi/lib/python3.10/site-packages/rosapi/proxy.py'...
[1.047s] Compiling '/home/jason/Desktop/STUDY/Cobra-Driver/workspace/src/install/rosapi/lib/python3.10/site-packages/rosapi/stringify_field_types.py'...
[1.050s] -- Installing: /home/jason/Desktop/STUDY/Cobra-Driver/workspace/src/install/rosapi/share/ament_index/resource_index/package_run_dependencies/rosapi
[1.050s] -- Installing: /home/jason/Desktop/STUDY/Cobra-Driver/workspace/src/install/rosapi/share/ament_index/resource_index/parent_prefix_path/rosapi
[1.050s] -- Installing: /home/jason/Desktop/STUDY/Cobra-Driver/workspace/src/install/rosapi/share/rosapi/environment/ament_prefix_path.sh
[1.050s] -- Installing: /home/jason/Desktop/STUDY/Cobra-Driver/workspace/src/install/rosapi/share/rosapi/environment/ament_prefix_path.dsv
[1.050s] -- Installing: /home/jason/Desktop/STUDY/Cobra-Driver/workspace/src/install/rosapi/share/rosapi/environment/path.sh
[1.051s] -- Installing: /home/jason/Desktop/STUDY/Cobra-Driver/workspace/src/install/rosapi/share/rosapi/environment/path.dsv
[1.051s] -- Installing: /home/jason/Desktop/STUDY/Cobra-Driver/workspace/src/install/rosapi/share/rosapi/local_setup.bash
[1.051s] -- Installing: /home/jason/Desktop/STUDY/Cobra-Driver/workspace/src/install/rosapi/share/rosapi/local_setup.sh
[1.051s] -- Installing: /home/jason/Desktop/STUDY/Cobra-Driver/workspace/src/install/rosapi/share/rosapi/local_setup.zsh
[1.051s] -- Installing: /home/jason/Desktop/STUDY/Cobra-Driver/workspace/src/install/rosapi/share/rosapi/local_setup.dsv
[1.051s] -- Installing: /home/jason/Desktop/STUDY/Cobra-Driver/workspace/src/install/rosapi/share/rosapi/package.dsv
[1.051s] -- Installing: /home/jason/Desktop/STUDY/Cobra-Driver/workspace/src/install/rosapi/share/ament_index/resource_index/packages/rosapi
[1.051s] -- Installing: /home/jason/Desktop/STUDY/Cobra-Driver/workspace/src/install/rosapi/share/rosapi/cmake/rosapiConfig.cmake
[1.051s] -- Installing: /home/jason/Desktop/STUDY/Cobra-Driver/workspace/src/install/rosapi/share/rosapi/cmake/rosapiConfig-version.cmake
[1.051s] -- Installing: /home/jason/Desktop/STUDY/Cobra-Driver/workspace/src/install/rosapi/share/rosapi/package.xml
[1.051s] -- Installing: /home/jason/Desktop/STUDY/Cobra-Driver/workspace/src/install/rosapi/lib/rosapi/rosapi_node
[1.052s] -- Installing: /home/jason/Desktop/STUDY/Cobra-Driver/workspace/src/install/rosapi/share/rosapi/mapping_rules.yaml
[1.053s] Invoked command in '/home/jason/Desktop/STUDY/Cobra-Driver/workspace/src/build/rosapi' returned '0': AMENT_PREFIX_PATH=/home/jason/Desktop/STUDY/Cobra-Driver/workspace/src/install/rosbridge_library:/home/jason/Desktop/STUDY/Cobra-Driver/workspace/src/install/rosapi_msgs:${AMENT_PREFIX_PATH} CMAKE_PREFIX_PATH=/home/jason/Desktop/STUDY/Cobra-Driver/workspace/src/install/rosbridge_library:/home/jason/Desktop/STUDY/Cobra-Driver/workspace/src/install/rosapi_msgs:/home/jason/Desktop/STUDY/Cobra-Driver/workspace/install/rosbridge_test_msgs:/home/jason/Desktop/STUDY/Cobra-Driver/workspace/install/rosbridge_suite:/home/jason/Desktop/STUDY/Cobra-Driver/workspace/install/rosbridge_server:/home/jason/Desktop/STUDY/Cobra-Driver/workspace/install/rosbridge_msgs:/home/jason/Desktop/STUDY/Cobra-Driver/workspace/install/rosapi:/home/jason/Desktop/STUDY/Cobra-Driver/workspace/install/rosbridge_library:/home/jason/Desktop/STUDY/Cobra-Driver/workspace/install/rosapi_msgs:/home/jason/Desktop/STUDY/Cobra-Driver/workspace/install/usb_cam:/home/jason/Desktop/STUDY/Cobra-Driver/workspace/install/udp_to_ros:/home/jason/Desktop/STUDY/Cobra-Driver/workspace/install/udp_float_receiver:/opt/ros/iron CONDA_PROMPT_MODIFIER=(base) LD_LIBRARY_PATH=/home/jason/Desktop/STUDY/Cobra-Driver/workspace/src/install/rosapi_msgs/lib:${LD_LIBRARY_PATH} PYTHONPATH=/home/jason/Desktop/STUDY/Cobra-Driver/workspace/src/install/rosbridge_library/lib/python3.10/site-packages:/home/jason/Desktop/STUDY/Cobra-Driver/workspace/src/install/rosapi_msgs/lib/python3.10/site-packages:${PYTHONPATH} /usr/bin/cmake --install /home/jason/Desktop/STUDY/Cobra-Driver/workspace/src/build/rosapi
