[3.467s] Invoking command in '/home/sbel/Desktop/Cobra-Driver/workspace/src/common': PYTHONPATH=/home/sbel/Desktop/Cobra-Driver/workspace/build/common/prefix_override:/home/sbel/Desktop/Cobra-Driver/workspace/install/common/lib/python3.8/site-packages:${PYTHONPATH} /usr/bin/python3 setup.py egg_info --egg-base ../../build/common build --build-base /home/sbel/Desktop/Cobra-Driver/workspace/build/common/build install --record /home/sbel/Desktop/Cobra-Driver/workspace/build/common/install.log --single-version-externally-managed
[4.025s] running egg_info
[4.061s] writing ../../build/common/common.egg-info/PKG-INFO
[4.063s] writing dependency_links to ../../build/common/common.egg-info/dependency_links.txt
[4.069s] writing requirements to ../../build/common/common.egg-info/requires.txt
[4.069s] writing top-level names to ../../build/common/common.egg-info/top_level.txt
[4.358s] reading manifest file '../../build/common/common.egg-info/SOURCES.txt'
[4.360s] writing manifest file '../../build/common/common.egg-info/SOURCES.txt'
[4.362s] running build
[4.362s] running build_py
[4.367s] running install
[4.370s] /home/sbel/.local/lib/python3.8/site-packages/setuptools/_distutils/cmd.py:66: SetuptoolsDeprecationWarning: setup.py install is deprecated.
[4.377s] !!
[4.379s] 
[4.380s]         ********************************************************************************
[4.380s]         Please avoid running ``setup.py`` directly.
[4.381s]         Instead, use pypa/build, pypa/installer or other
[4.381s]         standards-based tools.
[4.386s] 
[4.387s]         See https://blog.ganssle.io/articles/2021/10/setup-py-deprecated.html for details.
[4.390s]         ********************************************************************************
[4.391s] 
[4.391s] !!
[4.391s]   self.initialize_options()
[4.394s] running install_lib
[4.420s] running install_data
[4.449s] running install_egg_info
[4.485s] removing '/home/sbel/Desktop/Cobra-Driver/workspace/install/common/lib/python3.8/site-packages/common-0.0.0-py3.8.egg-info' (and everything under it)
[4.498s] Copying ../../build/common/common.egg-info to /home/sbel/Desktop/Cobra-Driver/workspace/install/common/lib/python3.8/site-packages/common-0.0.0-py3.8.egg-info
[4.498s] running install_scripts
[4.602s] writing list of installed files to '/home/sbel/Desktop/Cobra-Driver/workspace/build/common/install.log'
[4.775s] Invoked command in '/home/sbel/Desktop/Cobra-Driver/workspace/src/common' returned '0': PYTHONPATH=/home/sbel/Desktop/Cobra-Driver/workspace/build/common/prefix_override:/home/sbel/Desktop/Cobra-Driver/workspace/install/common/lib/python3.8/site-packages:${PYTHONPATH} /usr/bin/python3 setup.py egg_info --egg-base ../../build/common build --build-base /home/sbel/Desktop/Cobra-Driver/workspace/build/common/build install --record /home/sbel/Desktop/Cobra-Driver/workspace/build/common/install.log --single-version-externally-managed
