[3.819s] Invoking command in '/home/jason/Desktop/STUDY/Cobra-Driver/workspace/src/ptcloud_save': PYTHONPATH=/home/jason/Desktop/STUDY/Cobra-Driver/workspace/build/ptcloud_save/prefix_override:/home/jason/Desktop/STUDY/Cobra-Driver/workspace/install/ptcloud_save/lib/python3.10/site-packages:${PYTHONPATH} /usr/bin/python3 setup.py egg_info --egg-base ../../build/ptcloud_save build --build-base /home/jason/Desktop/STUDY/Cobra-Driver/workspace/build/ptcloud_save/build install --record /home/jason/Desktop/STUDY/Cobra-Driver/workspace/build/ptcloud_save/install.log --single-version-externally-managed
[4.140s] running egg_info
[4.168s] writing ../../build/ptcloud_save/ptcloud_save.egg-info/PKG-INFO
[4.169s] writing dependency_links to ../../build/ptcloud_save/ptcloud_save.egg-info/dependency_links.txt
[4.169s] writing entry points to ../../build/ptcloud_save/ptcloud_save.egg-info/entry_points.txt
[4.169s] writing requirements to ../../build/ptcloud_save/ptcloud_save.egg-info/requires.txt
[4.169s] writing top-level names to ../../build/ptcloud_save/ptcloud_save.egg-info/top_level.txt
[4.228s] reading manifest file '../../build/ptcloud_save/ptcloud_save.egg-info/SOURCES.txt'
[4.229s] writing manifest file '../../build/ptcloud_save/ptcloud_save.egg-info/SOURCES.txt'
[4.229s] running build
[4.230s] running build_py
[4.230s] running install
[4.230s] /home/jason/.local/lib/python3.10/site-packages/setuptools/_distutils/cmd.py:66: SetuptoolsDeprecationWarning: setup.py install is deprecated.
[4.230s] !!
[4.231s] 
[4.231s]         ********************************************************************************
[4.231s]         Please avoid running ``setup.py`` directly.
[4.231s]         Instead, use pypa/build, pypa/installer or other
[4.232s]         standards-based tools.
[4.232s] 
[4.232s]         See https://blog.ganssle.io/articles/2021/10/setup-py-deprecated.html for details.
[4.232s]         ********************************************************************************
[4.232s] 
[4.232s] !!
[4.232s]   self.initialize_options()
[4.237s] running install_lib
[4.268s] running install_data
[4.296s] running install_egg_info
[4.327s] removing '/home/jason/Desktop/STUDY/Cobra-Driver/workspace/install/ptcloud_save/lib/python3.10/site-packages/ptcloud_save-0.0.0-py3.10.egg-info' (and everything under it)
[4.327s] Copying ../../build/ptcloud_save/ptcloud_save.egg-info to /home/jason/Desktop/STUDY/Cobra-Driver/workspace/install/ptcloud_save/lib/python3.10/site-packages/ptcloud_save-0.0.0-py3.10.egg-info
[4.329s] running install_scripts
[4.570s] Installing ptcloud_to_csv script to /home/jason/Desktop/STUDY/Cobra-Driver/workspace/install/ptcloud_save/lib/ptcloud_save
[4.571s] writing list of installed files to '/home/jason/Desktop/STUDY/Cobra-Driver/workspace/build/ptcloud_save/install.log'
[5.190s] Invoked command in '/home/jason/Desktop/STUDY/Cobra-Driver/workspace/src/ptcloud_save' returned '0': PYTHONPATH=/home/jason/Desktop/STUDY/Cobra-Driver/workspace/build/ptcloud_save/prefix_override:/home/jason/Desktop/STUDY/Cobra-Driver/workspace/install/ptcloud_save/lib/python3.10/site-packages:${PYTHONPATH} /usr/bin/python3 setup.py egg_info --egg-base ../../build/ptcloud_save build --build-base /home/jason/Desktop/STUDY/Cobra-Driver/workspace/build/ptcloud_save/build install --record /home/jason/Desktop/STUDY/Cobra-Driver/workspace/build/ptcloud_save/install.log --single-version-externally-managed
