[3.464s] Invoking command in '/home/sbel/Desktop/Cobra-Driver/workspace/src/common': PYTHONPATH=/home/sbel/Desktop/Cobra-Driver/workspace/build/common/prefix_override:/home/sbel/Desktop/Cobra-Driver/workspace/install/common/lib/python3.8/site-packages:${PYTHONPATH} /usr/bin/python3 setup.py egg_info --egg-base ../../build/common build --build-base /home/sbel/Desktop/Cobra-Driver/workspace/build/common/build install --record /home/sbel/Desktop/Cobra-Driver/workspace/build/common/install.log --single-version-externally-managed
[3.951s] running egg_info
[3.983s] writing ../../build/common/common.egg-info/PKG-INFO
[3.985s] writing dependency_links to ../../build/common/common.egg-info/dependency_links.txt
[3.988s] writing requirements to ../../build/common/common.egg-info/requires.txt
[3.989s] writing top-level names to ../../build/common/common.egg-info/top_level.txt
[4.256s] reading manifest file '../../build/common/common.egg-info/SOURCES.txt'
[4.257s] writing manifest file '../../build/common/common.egg-info/SOURCES.txt'
[4.258s] running build
[4.258s] running build_py
[4.260s] running install
[4.261s] /home/sbel/.local/lib/python3.8/site-packages/setuptools/_distutils/cmd.py:66: SetuptoolsDeprecationWarning: setup.py install is deprecated.
[4.261s] !!
[4.261s] 
[4.261s]         ********************************************************************************
[4.261s]         Please avoid running ``setup.py`` directly.
[4.261s]         Instead, use pypa/build, pypa/installer or other
[4.261s]         standards-based tools.
[4.262s] 
[4.262s]         See https://blog.ganssle.io/articles/2021/10/setup-py-deprecated.html for details.
[4.262s]         ********************************************************************************
[4.262s] 
[4.262s] !!
[4.262s]   self.initialize_options()
[4.272s] running install_lib
[4.305s] running install_data
[4.337s] running install_egg_info
[4.373s] removing '/home/sbel/Desktop/Cobra-Driver/workspace/install/common/lib/python3.8/site-packages/common-0.0.0-py3.8.egg-info' (and everything under it)
[4.373s] Copying ../../build/common/common.egg-info to /home/sbel/Desktop/Cobra-Driver/workspace/install/common/lib/python3.8/site-packages/common-0.0.0-py3.8.egg-info
[4.375s] running install_scripts
[4.480s] writing list of installed files to '/home/sbel/Desktop/Cobra-Driver/workspace/build/common/install.log'
[4.642s] Invoked command in '/home/sbel/Desktop/Cobra-Driver/workspace/src/common' returned '0': PYTHONPATH=/home/sbel/Desktop/Cobra-Driver/workspace/build/common/prefix_override:/home/sbel/Desktop/Cobra-Driver/workspace/install/common/lib/python3.8/site-packages:${PYTHONPATH} /usr/bin/python3 setup.py egg_info --egg-base ../../build/common build --build-base /home/sbel/Desktop/Cobra-Driver/workspace/build/common/build install --record /home/sbel/Desktop/Cobra-Driver/workspace/build/common/install.log --single-version-externally-managed
