[3.573s] Invoking command in '/home/jason/Desktop/STUDY/Cobra-Driver/workspace/src/ptcloud_save': PYTHONPATH=/home/jason/Desktop/STUDY/Cobra-Driver/workspace/build/ptcloud_save/prefix_override:/home/jason/Desktop/STUDY/Cobra-Driver/workspace/install/ptcloud_save/lib/python3.10/site-packages:${PYTHONPATH} /usr/bin/python3 setup.py egg_info --egg-base ../../build/ptcloud_save build --build-base /home/jason/Desktop/STUDY/Cobra-Driver/workspace/build/ptcloud_save/build install --record /home/jason/Desktop/STUDY/Cobra-Driver/workspace/build/ptcloud_save/install.log --single-version-externally-managed
[3.814s] running egg_info
[3.831s] writing ../../build/ptcloud_save/ptcloud_save.egg-info/PKG-INFO
[3.831s] writing dependency_links to ../../build/ptcloud_save/ptcloud_save.egg-info/dependency_links.txt
[3.832s] writing entry points to ../../build/ptcloud_save/ptcloud_save.egg-info/entry_points.txt
[3.832s] writing requirements to ../../build/ptcloud_save/ptcloud_save.egg-info/requires.txt
[3.832s] writing top-level names to ../../build/ptcloud_save/ptcloud_save.egg-info/top_level.txt
[3.871s] reading manifest file '../../build/ptcloud_save/ptcloud_save.egg-info/SOURCES.txt'
[3.872s] writing manifest file '../../build/ptcloud_save/ptcloud_save.egg-info/SOURCES.txt'
[3.872s] running build
[3.872s] running build_py
[3.872s] running install
[3.872s] /home/jason/.local/lib/python3.10/site-packages/setuptools/_distutils/cmd.py:66: SetuptoolsDeprecationWarning: setup.py install is deprecated.
[3.872s] !!
[3.873s] 
[3.873s]         ********************************************************************************
[3.873s]         Please avoid running ``setup.py`` directly.
[3.873s]         Instead, use pypa/build, pypa/installer or other
[3.873s]         standards-based tools.
[3.873s] 
[3.873s]         See https://blog.ganssle.io/articles/2021/10/setup-py-deprecated.html for details.
[3.873s]         ********************************************************************************
[3.874s] 
[3.874s] !!
[3.874s]   self.initialize_options()
[3.878s] running install_lib
[3.898s] running install_data
[3.928s] running install_egg_info
[3.954s] removing '/home/jason/Desktop/STUDY/Cobra-Driver/workspace/install/ptcloud_save/lib/python3.10/site-packages/ptcloud_save-0.0.0-py3.10.egg-info' (and everything under it)
[3.955s] Copying ../../build/ptcloud_save/ptcloud_save.egg-info to /home/jason/Desktop/STUDY/Cobra-Driver/workspace/install/ptcloud_save/lib/python3.10/site-packages/ptcloud_save-0.0.0-py3.10.egg-info
[3.956s] running install_scripts
[4.155s] Installing ptcloud_to_csv script to /home/jason/Desktop/STUDY/Cobra-Driver/workspace/install/ptcloud_save/lib/ptcloud_save
[4.156s] writing list of installed files to '/home/jason/Desktop/STUDY/Cobra-Driver/workspace/build/ptcloud_save/install.log'
[4.510s] Invoked command in '/home/jason/Desktop/STUDY/Cobra-Driver/workspace/src/ptcloud_save' returned '0': PYTHONPATH=/home/jason/Desktop/STUDY/Cobra-Driver/workspace/build/ptcloud_save/prefix_override:/home/jason/Desktop/STUDY/Cobra-Driver/workspace/install/ptcloud_save/lib/python3.10/site-packages:${PYTHONPATH} /usr/bin/python3 setup.py egg_info --egg-base ../../build/ptcloud_save build --build-base /home/jason/Desktop/STUDY/Cobra-Driver/workspace/build/ptcloud_save/build install --record /home/jason/Desktop/STUDY/Cobra-Driver/workspace/build/ptcloud_save/install.log --single-version-externally-managed
