running egg_info
creating ../../build/yolov5_ros2/yolov5_ros2.egg-info
writing ../../build/yolov5_ros2/yolov5_ros2.egg-info/PKG-INFO
writing dependency_links to ../../build/yolov5_ros2/yolov5_ros2.egg-info/dependency_links.txt
writing entry points to ../../build/yolov5_ros2/yolov5_ros2.egg-info/entry_points.txt
writing requirements to ../../build/yolov5_ros2/yolov5_ros2.egg-info/requires.txt
writing top-level names to ../../build/yolov5_ros2/yolov5_ros2.egg-info/top_level.txt
writing manifest file '../../build/yolov5_ros2/yolov5_ros2.egg-info/SOURCES.txt'
reading manifest file '../../build/yolov5_ros2/yolov5_ros2.egg-info/SOURCES.txt'
writing manifest file '../../build/yolov5_ros2/yolov5_ros2.egg-info/SOURCES.txt'
running build
running build_py
creating /home/sbel/Desktop/Cobra-Driver/workspace/build/yolov5_ros2/build
creating /home/sbel/Desktop/Cobra-Driver/workspace/build/yolov5_ros2/build/lib
creating /home/sbel/Desktop/Cobra-Driver/workspace/build/yolov5_ros2/build/lib/yolov5_ros2
copying yolov5_ros2/__init__.py -> /home/sbel/Desktop/Cobra-Driver/workspace/build/yolov5_ros2/build/lib/yolov5_ros2
copying yolov5_ros2/yolo_detector.py -> /home/sbel/Desktop/Cobra-Driver/workspace/build/yolov5_ros2/build/lib/yolov5_ros2
running install
/home/sbel/.local/lib/python3.8/site-packages/setuptools/_distutils/cmd.py:66: SetuptoolsDeprecationWarning: setup.py install is deprecated.
!!

        ********************************************************************************
        Please avoid running ``setup.py`` directly.
        Instead, use pypa/build, pypa/installer or other
        standards-based tools.

        See https://blog.ganssle.io/articles/2021/10/setup-py-deprecated.html for details.
        ********************************************************************************

!!
  self.initialize_options()
running install_lib
creating /home/sbel/Desktop/Cobra-Driver/workspace/install/yolov5_ros2/lib/python3.8/site-packages/yolov5_ros2
copying /home/sbel/Desktop/Cobra-Driver/workspace/build/yolov5_ros2/build/lib/yolov5_ros2/__init__.py -> /home/sbel/Desktop/Cobra-Driver/workspace/install/yolov5_ros2/lib/python3.8/site-packages/yolov5_ros2
copying /home/sbel/Desktop/Cobra-Driver/workspace/build/yolov5_ros2/build/lib/yolov5_ros2/yolo_detector.py -> /home/sbel/Desktop/Cobra-Driver/workspace/install/yolov5_ros2/lib/python3.8/site-packages/yolov5_ros2
byte-compiling /home/sbel/Desktop/Cobra-Driver/workspace/install/yolov5_ros2/lib/python3.8/site-packages/yolov5_ros2/__init__.py to __init__.cpython-38.pyc
byte-compiling /home/sbel/Desktop/Cobra-Driver/workspace/install/yolov5_ros2/lib/python3.8/site-packages/yolov5_ros2/yolo_detector.py to yolo_detector.cpython-38.pyc
running install_data
creating /home/sbel/Desktop/Cobra-Driver/workspace/install/yolov5_ros2/share/ament_index
creating /home/sbel/Desktop/Cobra-Driver/workspace/install/yolov5_ros2/share/ament_index/resource_index
creating /home/sbel/Desktop/Cobra-Driver/workspace/install/yolov5_ros2/share/ament_index/resource_index/packages
copying resource/yolov5_ros2 -> /home/sbel/Desktop/Cobra-Driver/workspace/install/yolov5_ros2/share/ament_index/resource_index/packages
copying package.xml -> /home/sbel/Desktop/Cobra-Driver/workspace/install/yolov5_ros2/share/yolov5_ros2
running install_egg_info
Copying ../../build/yolov5_ros2/yolov5_ros2.egg-info to /home/sbel/Desktop/Cobra-Driver/workspace/install/yolov5_ros2/lib/python3.8/site-packages/yolov5_ros2-0.0.0-py3.8.egg-info
running install_scripts
Installing yolo_detector script to /home/sbel/Desktop/Cobra-Driver/workspace/install/yolov5_ros2/lib/yolov5_ros2
writing list of installed files to '/home/sbel/Desktop/Cobra-Driver/workspace/build/yolov5_ros2/install.log'
