[3.588s] Invoking command in '/home/sbel/Desktop/Cobra-Driver/workspace/src/yolov5_ros2': PYTHONPATH=/home/sbel/Desktop/Cobra-Driver/workspace/build/yolov5_ros2/prefix_override:/home/sbel/Desktop/Cobra-Driver/workspace/install/yolov5_ros2/lib/python3.8/site-packages:${PYTHONPATH} /usr/bin/python3 setup.py egg_info --egg-base ../../build/yolov5_ros2 build --build-base /home/sbel/Desktop/Cobra-Driver/workspace/build/yolov5_ros2/build install --record /home/sbel/Desktop/Cobra-Driver/workspace/build/yolov5_ros2/install.log --single-version-externally-managed
[4.072s] running egg_info
[4.074s] creating ../../build/yolov5_ros2/yolov5_ros2.egg-info
[4.107s] writing ../../build/yolov5_ros2/yolov5_ros2.egg-info/PKG-INFO
[4.108s] writing dependency_links to ../../build/yolov5_ros2/yolov5_ros2.egg-info/dependency_links.txt
[4.109s] writing entry points to ../../build/yolov5_ros2/yolov5_ros2.egg-info/entry_points.txt
[4.109s] writing requirements to ../../build/yolov5_ros2/yolov5_ros2.egg-info/requires.txt
[4.109s] writing top-level names to ../../build/yolov5_ros2/yolov5_ros2.egg-info/top_level.txt
[4.314s] writing manifest file '../../build/yolov5_ros2/yolov5_ros2.egg-info/SOURCES.txt'
[4.382s] reading manifest file '../../build/yolov5_ros2/yolov5_ros2.egg-info/SOURCES.txt'
[4.384s] writing manifest file '../../build/yolov5_ros2/yolov5_ros2.egg-info/SOURCES.txt'
[4.384s] running build
[4.385s] running build_py
[4.389s] creating /home/sbel/Desktop/Cobra-Driver/workspace/build/yolov5_ros2/build
[4.391s] creating /home/sbel/Desktop/Cobra-Driver/workspace/build/yolov5_ros2/build/lib
[4.391s] creating /home/sbel/Desktop/Cobra-Driver/workspace/build/yolov5_ros2/build/lib/yolov5_ros2
[4.391s] copying yolov5_ros2/__init__.py -> /home/sbel/Desktop/Cobra-Driver/workspace/build/yolov5_ros2/build/lib/yolov5_ros2
[4.391s] copying yolov5_ros2/yolo_detector.py -> /home/sbel/Desktop/Cobra-Driver/workspace/build/yolov5_ros2/build/lib/yolov5_ros2
[4.393s] running install
[4.394s] /home/sbel/.local/lib/python3.8/site-packages/setuptools/_distutils/cmd.py:66: SetuptoolsDeprecationWarning: setup.py install is deprecated.
[4.394s] !!
[4.394s] 
[4.394s]         ********************************************************************************
[4.394s]         Please avoid running ``setup.py`` directly.
[4.395s]         Instead, use pypa/build, pypa/installer or other
[4.395s]         standards-based tools.
[4.395s] 
[4.395s]         See https://blog.ganssle.io/articles/2021/10/setup-py-deprecated.html for details.
[4.395s]         ********************************************************************************
[4.395s] 
[4.395s] !!
[4.395s]   self.initialize_options()
[4.406s] running install_lib
[4.442s] creating /home/sbel/Desktop/Cobra-Driver/workspace/install/yolov5_ros2/lib/python3.8/site-packages/yolov5_ros2
[4.442s] copying /home/sbel/Desktop/Cobra-Driver/workspace/build/yolov5_ros2/build/lib/yolov5_ros2/__init__.py -> /home/sbel/Desktop/Cobra-Driver/workspace/install/yolov5_ros2/lib/python3.8/site-packages/yolov5_ros2
[4.442s] copying /home/sbel/Desktop/Cobra-Driver/workspace/build/yolov5_ros2/build/lib/yolov5_ros2/yolo_detector.py -> /home/sbel/Desktop/Cobra-Driver/workspace/install/yolov5_ros2/lib/python3.8/site-packages/yolov5_ros2
[4.444s] byte-compiling /home/sbel/Desktop/Cobra-Driver/workspace/install/yolov5_ros2/lib/python3.8/site-packages/yolov5_ros2/__init__.py to __init__.cpython-38.pyc
[4.445s] byte-compiling /home/sbel/Desktop/Cobra-Driver/workspace/install/yolov5_ros2/lib/python3.8/site-packages/yolov5_ros2/yolo_detector.py to yolo_detector.cpython-38.pyc
[4.447s] running install_data
[4.479s] creating /home/sbel/Desktop/Cobra-Driver/workspace/install/yolov5_ros2/share/ament_index
[4.480s] creating /home/sbel/Desktop/Cobra-Driver/workspace/install/yolov5_ros2/share/ament_index/resource_index
[4.480s] creating /home/sbel/Desktop/Cobra-Driver/workspace/install/yolov5_ros2/share/ament_index/resource_index/packages
[4.481s] copying resource/yolov5_ros2 -> /home/sbel/Desktop/Cobra-Driver/workspace/install/yolov5_ros2/share/ament_index/resource_index/packages
[4.481s] copying package.xml -> /home/sbel/Desktop/Cobra-Driver/workspace/install/yolov5_ros2/share/yolov5_ros2
[4.481s] running install_egg_info
[4.518s] Copying ../../build/yolov5_ros2/yolov5_ros2.egg-info to /home/sbel/Desktop/Cobra-Driver/workspace/install/yolov5_ros2/lib/python3.8/site-packages/yolov5_ros2-0.0.0-py3.8.egg-info
[4.520s] running install_scripts
[4.633s] Installing yolo_detector script to /home/sbel/Desktop/Cobra-Driver/workspace/install/yolov5_ros2/lib/yolov5_ros2
[4.635s] writing list of installed files to '/home/sbel/Desktop/Cobra-Driver/workspace/build/yolov5_ros2/install.log'
[4.858s] Invoked command in '/home/sbel/Desktop/Cobra-Driver/workspace/src/yolov5_ros2' returned '0': PYTHONPATH=/home/sbel/Desktop/Cobra-Driver/workspace/build/yolov5_ros2/prefix_override:/home/sbel/Desktop/Cobra-Driver/workspace/install/yolov5_ros2/lib/python3.8/site-packages:${PYTHONPATH} /usr/bin/python3 setup.py egg_info --egg-base ../../build/yolov5_ros2 build --build-base /home/sbel/Desktop/Cobra-Driver/workspace/build/yolov5_ros2/build install --record /home/sbel/Desktop/Cobra-Driver/workspace/build/yolov5_ros2/install.log --single-version-externally-managed
