[100%] Built target lidarslam
-- Install configuration: ""
-- Up-to-date: /home/jason/Desktop/STUDY/Cobra-Driver/workspace/install/lidarslam/share/lidarslam/launch
-- Installing: /home/jason/Desktop/STUDY/Cobra-Driver/workspace/install/lidarslam/share/lidarslam/launch/lidarslam_sbelrecreational.launch.py
-- Up-to-date: /home/jason/Desktop/STUDY/Cobra-Driver/workspace/install/lidarslam/share/lidarslam/launch/lidarslam.launch.py
-- Up-to-date: /home/jason/Desktop/STUDY/Cobra-Driver/workspace/install/lidarslam/share/lidarslam/launch/lidarslam_tukuba.launch.py
-- Up-to-date: /home/jason/Desktop/STUDY/Cobra-Driver/workspace/install/lidarslam/share/lidarslam/param
-- Up-to-date: /home/jason/Desktop/STUDY/Cobra-Driver/workspace/install/lidarslam/share/lidarslam/param/lidarslam_sbelrecreational.yaml
-- Up-to-date: /home/jason/Desktop/STUDY/Cobra-Driver/workspace/install/lidarslam/share/lidarslam/param/lidarslam.yaml
-- Up-to-date: /home/jason/Desktop/STUDY/Cobra-Driver/workspace/install/lidarslam/share/lidarslam/param/lidarslam_tukuba.yaml
-- Up-to-date: /home/jason/Desktop/STUDY/Cobra-Driver/workspace/install/lidarslam/share/lidarslam/rviz
-- Up-to-date: /home/jason/Desktop/STUDY/Cobra-Driver/workspace/install/lidarslam/share/lidarslam/rviz/mapping_tukuba.rviz
-- Up-to-date: /home/jason/Desktop/STUDY/Cobra-Driver/workspace/install/lidarslam/share/lidarslam/rviz/mapping.rviz
-- Up-to-date: /home/jason/Desktop/STUDY/Cobra-Driver/workspace/install/lidarslam/lib/lidarslam/lidarslam
-- Up-to-date: /home/jason/Desktop/STUDY/Cobra-Driver/workspace/install/lidarslam/share/ament_index/resource_index/package_run_dependencies/lidarslam
-- Up-to-date: /home/jason/Desktop/STUDY/Cobra-Driver/workspace/install/lidarslam/share/ament_index/resource_index/parent_prefix_path/lidarslam
-- Up-to-date: /home/jason/Desktop/STUDY/Cobra-Driver/workspace/install/lidarslam/share/lidarslam/environment/ament_prefix_path.sh
-- Up-to-date: /home/jason/Desktop/STUDY/Cobra-Driver/workspace/install/lidarslam/share/lidarslam/environment/ament_prefix_path.dsv
-- Up-to-date: /home/jason/Desktop/STUDY/Cobra-Driver/workspace/install/lidarslam/share/lidarslam/environment/path.sh
-- Up-to-date: /home/jason/Desktop/STUDY/Cobra-Driver/workspace/install/lidarslam/share/lidarslam/environment/path.dsv
-- Up-to-date: /home/jason/Desktop/STUDY/Cobra-Driver/workspace/install/lidarslam/share/lidarslam/local_setup.bash
-- Up-to-date: /home/jason/Desktop/STUDY/Cobra-Driver/workspace/install/lidarslam/share/lidarslam/local_setup.sh
-- Up-to-date: /home/jason/Desktop/STUDY/Cobra-Driver/workspace/install/lidarslam/share/lidarslam/local_setup.zsh
-- Up-to-date: /home/jason/Desktop/STUDY/Cobra-Driver/workspace/install/lidarslam/share/lidarslam/local_setup.dsv
-- Installing: /home/jason/Desktop/STUDY/Cobra-Driver/workspace/install/lidarslam/share/lidarslam/package.dsv
-- Up-to-date: /home/jason/Desktop/STUDY/Cobra-Driver/workspace/install/lidarslam/share/ament_index/resource_index/packages/lidarslam
-- Up-to-date: /home/jason/Desktop/STUDY/Cobra-Driver/workspace/install/lidarslam/share/lidarslam/cmake/lidarslamConfig.cmake
-- Up-to-date: /home/jason/Desktop/STUDY/Cobra-Driver/workspace/install/lidarslam/share/lidarslam/cmake/lidarslamConfig-version.cmake
-- Up-to-date: /home/jason/Desktop/STUDY/Cobra-Driver/workspace/install/lidarslam/share/lidarslam/package.xml
