[1.091s] Invoking command in '/home/sbel/Desktop/Cobra-Driver/workspace/build/usb_cam': CMAKE_PREFIX_PATH=${CMAKE_PREFIX_PATH}:/home/sbel/Desktop/Cobra-Driver/workspace/install/yolov5_ros2:/home/sbel/Desktop/Cobra-Driver/workspace/install/udp_to_ros:/home/sbel/Desktop/Cobra-Driver/workspace/install/common:/opt/ros/foxy /usr/bin/cmake /home/sbel/Desktop/Cobra-Driver/workspace/src/usb_cam -DCMAKE_INSTALL_PREFIX=/home/sbel/Desktop/Cobra-Driver/workspace/install/usb_cam
[1.677s] -- The C compiler identification is GNU 9.4.0
[1.677s] -- The CXX compiler identification is GNU 9.4.0
[1.677s] -- Check for working C compiler: /usr/bin/cc
[1.678s] -- Check for working C compiler: /usr/bin/cc -- works
[1.678s] -- Detecting C compiler ABI info
[1.723s] -- Detecting C compiler ABI info - done
[1.736s] -- Detecting C compile features
[1.736s] -- Detecting C compile features - done
[1.744s] -- Check for working CXX compiler: /usr/bin/c++
[1.996s] -- Check for working CXX compiler: /usr/bin/c++ -- works
[1.999s] -- Detecting CXX compiler ABI info
[2.219s] -- Detecting CXX compiler ABI info - done
[2.238s] -- Detecting CXX compile features
[2.239s] -- Detecting CXX compile features - done
[2.245s] -- Found ament_cmake_auto: 0.9.12 (/opt/ros/foxy/share/ament_cmake_auto/cmake)
[2.314s] -- Found PythonInterp: /usr/bin/python3 (found suitable version "3.8.10", minimum required is "3") 
[2.314s] -- Using PYTHON_EXECUTABLE: /usr/bin/python3
[3.058s] -- Using all available rosidl_typesupport_c: rosidl_typesupport_fastrtps_c;rosidl_typesupport_introspection_c
[3.073s] -- Found rosidl_adapter: 1.3.1 (/opt/ros/foxy/share/rosidl_adapter/cmake)
[3.330s] -- Found OpenSSL: /usr/lib/aarch64-linux-gnu/libcrypto.so (found version "1.1.1f")  
[3.398s] -- Found FastRTPS: /opt/ros/foxy/include  
[3.568s] -- Using all available rosidl_typesupport_cpp: rosidl_typesupport_fastrtps_cpp;rosidl_typesupport_introspection_cpp
[4.069s] -- Found rmw_implementation_cmake: 1.0.4 (/opt/ros/foxy/share/rmw_implementation_cmake/cmake)
[4.075s] -- Using RMW implementation 'rmw_fastrtps_cpp' as default
[4.080s] -- Looking for pthread.h
[4.312s] -- Looking for pthread.h - found
[4.312s] -- Performing Test CMAKE_HAVE_LIBC_PTHREAD
[4.549s] -- Performing Test CMAKE_HAVE_LIBC_PTHREAD - Failed
[4.549s] -- Looking for pthread_create in pthreads
[4.747s] -- Looking for pthread_create in pthreads - not found
[4.747s] -- Looking for pthread_create in pthread
[4.938s] -- Looking for pthread_create in pthread - found
[4.940s] -- Found Threads: TRUE  
[5.576s] -- Setting yaml-cpp_DIR to: '/opt/ros/foxy/share/yaml_cpp_vendor/cmake/../../../opt/yaml_cpp_vendor/lib/cmake/yaml-cpp'
[5.859s] -- Found OpenCV: /usr (found version "4.5.4") 
[5.870s] -- Found PkgConfig: /usr/bin/pkg-config (found version "0.29.1") 
[5.875s] -- Checking for module 'libavcodec'
[6.010s] --   Found libavcodec, version 58.54.100
[6.468s] -- Checking for module 'libavutil'
[6.578s] --   Found libavutil, version 56.31.100
[7.030s] -- Checking for module 'libswscale'
[7.151s] --   Found libswscale, version 5.5.100
[7.646s] -- Found ament_lint_auto: 0.9.8 (/opt/ros/foxy/share/ament_lint_auto/cmake)
[7.716s] -- Found gtest sources under '/opt/ros/foxy/src/gtest_vendor': C++ tests using 'Google Test' will be built
[7.731s] -- Check if compiler accepts -pthread
[7.942s] -- Check if compiler accepts -pthread - yes
[7.970s] -- Added test 'copyright' to check source files copyright and LICENSE
[7.976s] -- Added test 'cppcheck' to perform static code analysis on C / C++ code
[7.977s] -- Configured cppcheck include dirs: /home/sbel/Desktop/Cobra-Driver/workspace/src/usb_cam/include
[7.977s] -- Configured cppcheck exclude dirs and/or files: 
[7.984s] -- Added test 'cpplint' to check C / C++ code against the Google style
[7.984s] -- Configured cpplint exclude dirs and/or files: 
[7.985s] -- Added test 'flake8' to check Python code syntax and style conventions
[7.989s] -- Added test 'lint_cmake' to check CMake code style
[7.990s] -- Added test 'pep257' to check Python code against some of the style conventions in PEP 257
[7.995s] -- Added test 'uncrustify' to check C / C++ code style
[7.995s] -- Configured uncrustify additional arguments: 
[7.997s] -- Added test 'xmllint' to check XML markup files
[8.012s] -- Configuring done
[8.104s] -- Generating done
[8.110s] -- Build files have been written to: /home/sbel/Desktop/Cobra-Driver/workspace/build/usb_cam
[8.181s] Invoked command in '/home/sbel/Desktop/Cobra-Driver/workspace/build/usb_cam' returned '0': CMAKE_PREFIX_PATH=${CMAKE_PREFIX_PATH}:/home/sbel/Desktop/Cobra-Driver/workspace/install/yolov5_ros2:/home/sbel/Desktop/Cobra-Driver/workspace/install/udp_to_ros:/home/sbel/Desktop/Cobra-Driver/workspace/install/common:/opt/ros/foxy /usr/bin/cmake /home/sbel/Desktop/Cobra-Driver/workspace/src/usb_cam -DCMAKE_INSTALL_PREFIX=/home/sbel/Desktop/Cobra-Driver/workspace/install/usb_cam
[8.183s] Invoking command in '/home/sbel/Desktop/Cobra-Driver/workspace/build/usb_cam': CMAKE_PREFIX_PATH=${CMAKE_PREFIX_PATH}:/home/sbel/Desktop/Cobra-Driver/workspace/install/yolov5_ros2:/home/sbel/Desktop/Cobra-Driver/workspace/install/udp_to_ros:/home/sbel/Desktop/Cobra-Driver/workspace/install/common:/opt/ros/foxy /usr/bin/cmake --build /home/sbel/Desktop/Cobra-Driver/workspace/build/usb_cam -- -j8 -l8
[8.301s] [35m[1mScanning dependencies of target usb_cam_node_exe[0m
[8.302s] [35m[1mScanning dependencies of target usb_cam[0m
[8.305s] [35m[1mScanning dependencies of target gtest[0m
[8.339s] [35m[1mScanning dependencies of target gtest_main[0m
[8.397s] [  7%] [32mBuilding CXX object gtest/CMakeFiles/gtest.dir/src/gtest-all.cc.o[0m
[8.399s] [ 14%] [32mBuilding CXX object gtest/CMakeFiles/gtest_main.dir/src/gtest_main.cc.o[0m
[8.449s] [ 21%] [32mBuilding CXX object CMakeFiles/usb_cam.dir/src/usb_cam.cpp.o[0m
[8.645s] [ 28%] [32mBuilding CXX object CMakeFiles/usb_cam_node_exe.dir/rclcpp_components/node_main_usb_cam_node_exe.cpp.o[0m
[12.380s] [ 35%] [32m[1mLinking CXX static library libgtest_main.a[0m
[12.778s] [ 35%] Built target gtest_main
[19.406s] [ 42%] [32m[1mLinking CXX shared library libusb_cam.so[0m
[20.211s] [ 42%] Built target usb_cam
[20.377s] [35m[1mScanning dependencies of target usb_cam_node[0m
[20.701s] [ 50%] [32mBuilding CXX object CMakeFiles/usb_cam_node.dir/src/usb_cam_node.cpp.o[0m
[23.244s] [ 57%] [32m[1mLinking CXX executable usb_cam_node_exe[0m
[24.915s] [ 57%] Built target usb_cam_node_exe
[27.062s] [ 64%] [32m[1mLinking CXX static library libgtest.a[0m
[27.497s] [ 64%] Built target gtest
[27.605s] [35m[1mScanning dependencies of target test_pixel_formats[0m
[27.656s] [35m[1mScanning dependencies of target test_usb_cam_utils[0m
[27.757s] [ 71%] [32mBuilding CXX object CMakeFiles/test_pixel_formats.dir/test/test_pixel_formats.cpp.o[0m
[27.901s] [ 78%] [32mBuilding CXX object CMakeFiles/test_usb_cam_utils.dir/test/test_usb_cam_utils.cpp.o[0m
[33.082s] [ 85%] [32m[1mLinking CXX executable test_pixel_formats[0m
[33.906s] [ 92%] [32m[1mLinking CXX executable test_usb_cam_utils[0m
[34.440s] [ 92%] Built target test_pixel_formats
[34.702s] [ 92%] Built target test_usb_cam_utils
[39.232s] [100%] [32m[1mLinking CXX shared library libusb_cam_node.so[0m
[39.898s] [100%] Built target usb_cam_node
[39.936s] Invoked command in '/home/sbel/Desktop/Cobra-Driver/workspace/build/usb_cam' returned '0': CMAKE_PREFIX_PATH=${CMAKE_PREFIX_PATH}:/home/sbel/Desktop/Cobra-Driver/workspace/install/yolov5_ros2:/home/sbel/Desktop/Cobra-Driver/workspace/install/udp_to_ros:/home/sbel/Desktop/Cobra-Driver/workspace/install/common:/opt/ros/foxy /usr/bin/cmake --build /home/sbel/Desktop/Cobra-Driver/workspace/build/usb_cam -- -j8 -l8
[40.029s] Invoking command in '/home/sbel/Desktop/Cobra-Driver/workspace/build/usb_cam': CMAKE_PREFIX_PATH=${CMAKE_PREFIX_PATH}:/home/sbel/Desktop/Cobra-Driver/workspace/install/yolov5_ros2:/home/sbel/Desktop/Cobra-Driver/workspace/install/udp_to_ros:/home/sbel/Desktop/Cobra-Driver/workspace/install/common:/opt/ros/foxy /usr/bin/cmake --install /home/sbel/Desktop/Cobra-Driver/workspace/build/usb_cam
[40.058s] -- Install configuration: ""
[40.058s] -- Installing: /home/sbel/Desktop/Cobra-Driver/workspace/install/usb_cam/share/usb_cam/environment/library_path.sh
[40.058s] -- Installing: /home/sbel/Desktop/Cobra-Driver/workspace/install/usb_cam/share/usb_cam/environment/library_path.dsv
[40.059s] -- Installing: /home/sbel/Desktop/Cobra-Driver/workspace/install/usb_cam/lib/usb_cam/usb_cam_node_exe
[40.060s] -- Set runtime path of "/home/sbel/Desktop/Cobra-Driver/workspace/install/usb_cam/lib/usb_cam/usb_cam_node_exe" to ""
[40.060s] -- Installing: /home/sbel/Desktop/Cobra-Driver/workspace/install/usb_cam/lib/usb_cam/show_image.py
[40.068s] -- Installing: /home/sbel/Desktop/Cobra-Driver/workspace/install/usb_cam/lib/libusb_cam.so
[40.070s] -- Installing: /home/sbel/Desktop/Cobra-Driver/workspace/install/usb_cam/lib/libusb_cam_node.so
[40.074s] -- Set runtime path of "/home/sbel/Desktop/Cobra-Driver/workspace/install/usb_cam/lib/libusb_cam_node.so" to ""
[40.074s] -- Installing: /home/sbel/Desktop/Cobra-Driver/workspace/install/usb_cam/include
[40.075s] -- Installing: /home/sbel/Desktop/Cobra-Driver/workspace/install/usb_cam/include/usb_cam
[40.075s] -- Installing: /home/sbel/Desktop/Cobra-Driver/workspace/install/usb_cam/include/usb_cam/conversions.hpp
[40.075s] -- Installing: /home/sbel/Desktop/Cobra-Driver/workspace/install/usb_cam/include/usb_cam/constants.hpp
[40.075s] -- Installing: /home/sbel/Desktop/Cobra-Driver/workspace/install/usb_cam/include/usb_cam/usb_cam.hpp
[40.075s] -- Installing: /home/sbel/Desktop/Cobra-Driver/workspace/install/usb_cam/include/usb_cam/usb_cam_node.hpp
[40.076s] -- Installing: /home/sbel/Desktop/Cobra-Driver/workspace/install/usb_cam/include/usb_cam/formats
[40.076s] -- Installing: /home/sbel/Desktop/Cobra-Driver/workspace/install/usb_cam/include/usb_cam/formats/rgb.hpp
[40.076s] -- Installing: /home/sbel/Desktop/Cobra-Driver/workspace/install/usb_cam/include/usb_cam/formats/yuyv.hpp
[40.076s] -- Installing: /home/sbel/Desktop/Cobra-Driver/workspace/install/usb_cam/include/usb_cam/formats/m420.hpp
[40.076s] -- Installing: /home/sbel/Desktop/Cobra-Driver/workspace/install/usb_cam/include/usb_cam/formats/mjpeg.hpp
[40.077s] -- Installing: /home/sbel/Desktop/Cobra-Driver/workspace/install/usb_cam/include/usb_cam/formats/uyvy.hpp
[40.077s] -- Installing: /home/sbel/Desktop/Cobra-Driver/workspace/install/usb_cam/include/usb_cam/formats/pixel_format_base.hpp
[40.077s] -- Installing: /home/sbel/Desktop/Cobra-Driver/workspace/install/usb_cam/include/usb_cam/formats/mono.hpp
[40.077s] -- Installing: /home/sbel/Desktop/Cobra-Driver/workspace/install/usb_cam/include/usb_cam/formats/utils.hpp
[40.077s] -- Installing: /home/sbel/Desktop/Cobra-Driver/workspace/install/usb_cam/include/usb_cam/utils.hpp
[40.078s] -- Up-to-date: /home/sbel/Desktop/Cobra-Driver/workspace/install/usb_cam/lib/libusb_cam_node.so
[40.078s] -- Installing: /home/sbel/Desktop/Cobra-Driver/workspace/install/usb_cam/share/usb_cam/launch
[40.079s] -- Installing: /home/sbel/Desktop/Cobra-Driver/workspace/install/usb_cam/share/usb_cam/launch/camera_config.py
[40.079s] -- Installing: /home/sbel/Desktop/Cobra-Driver/workspace/install/usb_cam/share/usb_cam/launch/__init__.py
[40.080s] -- Installing: /home/sbel/Desktop/Cobra-Driver/workspace/install/usb_cam/share/usb_cam/launch/camera.launch.py
[40.081s] -- Installing: /home/sbel/Desktop/Cobra-Driver/workspace/install/usb_cam/share/usb_cam/config
[40.081s] -- Installing: /home/sbel/Desktop/Cobra-Driver/workspace/install/usb_cam/share/usb_cam/config/camera_info.yaml
[40.081s] -- Installing: /home/sbel/Desktop/Cobra-Driver/workspace/install/usb_cam/share/usb_cam/config/params_1.yaml
[40.082s] -- Installing: /home/sbel/Desktop/Cobra-Driver/workspace/install/usb_cam/share/usb_cam/config/params_2.yaml
[40.083s] -- Installing: /home/sbel/Desktop/Cobra-Driver/workspace/install/usb_cam/share/ament_index/resource_index/package_run_dependencies/usb_cam
[40.083s] -- Installing: /home/sbel/Desktop/Cobra-Driver/workspace/install/usb_cam/share/ament_index/resource_index/parent_prefix_path/usb_cam
[40.083s] -- Installing: /home/sbel/Desktop/Cobra-Driver/workspace/install/usb_cam/share/usb_cam/environment/ament_prefix_path.sh
[40.083s] -- Installing: /home/sbel/Desktop/Cobra-Driver/workspace/install/usb_cam/share/usb_cam/environment/ament_prefix_path.dsv
[40.084s] -- Installing: /home/sbel/Desktop/Cobra-Driver/workspace/install/usb_cam/share/usb_cam/environment/path.sh
[40.084s] -- Installing: /home/sbel/Desktop/Cobra-Driver/workspace/install/usb_cam/share/usb_cam/environment/path.dsv
[40.084s] -- Installing: /home/sbel/Desktop/Cobra-Driver/workspace/install/usb_cam/share/usb_cam/local_setup.bash
[40.085s] -- Installing: /home/sbel/Desktop/Cobra-Driver/workspace/install/usb_cam/share/usb_cam/local_setup.sh
[40.085s] -- Installing: /home/sbel/Desktop/Cobra-Driver/workspace/install/usb_cam/share/usb_cam/local_setup.zsh
[40.085s] -- Installing: /home/sbel/Desktop/Cobra-Driver/workspace/install/usb_cam/share/usb_cam/local_setup.dsv
[40.085s] -- Installing: /home/sbel/Desktop/Cobra-Driver/workspace/install/usb_cam/share/usb_cam/package.dsv
[40.086s] -- Installing: /home/sbel/Desktop/Cobra-Driver/workspace/install/usb_cam/share/ament_index/resource_index/packages/usb_cam
[40.086s] -- Installing: /home/sbel/Desktop/Cobra-Driver/workspace/install/usb_cam/share/ament_index/resource_index/rclcpp_components/usb_cam
[40.087s] -- Installing: /home/sbel/Desktop/Cobra-Driver/workspace/install/usb_cam/share/usb_cam/cmake/ament_cmake_export_libraries-extras.cmake
[40.087s] -- Installing: /home/sbel/Desktop/Cobra-Driver/workspace/install/usb_cam/share/usb_cam/cmake/ament_cmake_export_dependencies-extras.cmake
[40.087s] -- Installing: /home/sbel/Desktop/Cobra-Driver/workspace/install/usb_cam/share/usb_cam/cmake/ament_cmake_export_include_directories-extras.cmake
[40.087s] -- Installing: /home/sbel/Desktop/Cobra-Driver/workspace/install/usb_cam/share/usb_cam/cmake/usb_camConfig.cmake
[40.088s] -- Installing: /home/sbel/Desktop/Cobra-Driver/workspace/install/usb_cam/share/usb_cam/cmake/usb_camConfig-version.cmake
[40.088s] -- Installing: /home/sbel/Desktop/Cobra-Driver/workspace/install/usb_cam/share/usb_cam/package.xml
[40.101s] Invoked command in '/home/sbel/Desktop/Cobra-Driver/workspace/build/usb_cam' returned '0': CMAKE_PREFIX_PATH=${CMAKE_PREFIX_PATH}:/home/sbel/Desktop/Cobra-Driver/workspace/install/yolov5_ros2:/home/sbel/Desktop/Cobra-Driver/workspace/install/udp_to_ros:/home/sbel/Desktop/Cobra-Driver/workspace/install/common:/opt/ros/foxy /usr/bin/cmake --install /home/sbel/Desktop/Cobra-Driver/workspace/build/usb_cam
