running egg_info
creating ../../build/udp_to_ros/udp_to_ros.egg-info
writing ../../build/udp_to_ros/udp_to_ros.egg-info/PKG-INFO
writing dependency_links to ../../build/udp_to_ros/udp_to_ros.egg-info/dependency_links.txt
writing entry points to ../../build/udp_to_ros/udp_to_ros.egg-info/entry_points.txt
writing requirements to ../../build/udp_to_ros/udp_to_ros.egg-info/requires.txt
writing top-level names to ../../build/udp_to_ros/udp_to_ros.egg-info/top_level.txt
writing manifest file '../../build/udp_to_ros/udp_to_ros.egg-info/SOURCES.txt'
reading manifest file '../../build/udp_to_ros/udp_to_ros.egg-info/SOURCES.txt'
writing manifest file '../../build/udp_to_ros/udp_to_ros.egg-info/SOURCES.txt'
running build
running build_py
creating /home/sbel/Desktop/Cobra-Driver/workspace/build/udp_to_ros/build
creating /home/sbel/Desktop/Cobra-Driver/workspace/build/udp_to_ros/build/lib
creating /home/sbel/Desktop/Cobra-Driver/workspace/build/udp_to_ros/build/lib/udp_to_ros
copying udp_to_ros/__init__.py -> /home/sbel/Desktop/Cobra-Driver/workspace/build/udp_to_ros/build/lib/udp_to_ros
copying udp_to_ros/udp_listener_node.py -> /home/sbel/Desktop/Cobra-Driver/workspace/build/udp_to_ros/build/lib/udp_to_ros
running install
running install_lib
creating /home/sbel/Desktop/Cobra-Driver/workspace/install/udp_to_ros/lib/python3.8/site-packages/udp_to_ros
copying /home/sbel/Desktop/Cobra-Driver/workspace/build/udp_to_ros/build/lib/udp_to_ros/__init__.py -> /home/sbel/Desktop/Cobra-Driver/workspace/install/udp_to_ros/lib/python3.8/site-packages/udp_to_ros
copying /home/sbel/Desktop/Cobra-Driver/workspace/build/udp_to_ros/build/lib/udp_to_ros/udp_listener_node.py -> /home/sbel/Desktop/Cobra-Driver/workspace/install/udp_to_ros/lib/python3.8/site-packages/udp_to_ros
byte-compiling /home/sbel/Desktop/Cobra-Driver/workspace/install/udp_to_ros/lib/python3.8/site-packages/udp_to_ros/__init__.py to __init__.cpython-38.pyc
byte-compiling /home/sbel/Desktop/Cobra-Driver/workspace/install/udp_to_ros/lib/python3.8/site-packages/udp_to_ros/udp_listener_node.py to udp_listener_node.cpython-38.pyc
running install_data
creating /home/sbel/Desktop/Cobra-Driver/workspace/install/udp_to_ros/share/ament_index
creating /home/sbel/Desktop/Cobra-Driver/workspace/install/udp_to_ros/share/ament_index/resource_index
creating /home/sbel/Desktop/Cobra-Driver/workspace/install/udp_to_ros/share/ament_index/resource_index/packages
copying resource/udp_to_ros -> /home/sbel/Desktop/Cobra-Driver/workspace/install/udp_to_ros/share/ament_index/resource_index/packages
copying package.xml -> /home/sbel/Desktop/Cobra-Driver/workspace/install/udp_to_ros/share/udp_to_ros
running install_egg_info
Copying ../../build/udp_to_ros/udp_to_ros.egg-info to /home/sbel/Desktop/Cobra-Driver/workspace/install/udp_to_ros/lib/python3.8/site-packages/udp_to_ros-0.0.0-py3.8.egg-info
running install_scripts
Installing udp_listener script to /home/sbel/Desktop/Cobra-Driver/workspace/install/udp_to_ros/lib/udp_to_ros
writing list of installed files to '/home/sbel/Desktop/Cobra-Driver/workspace/build/udp_to_ros/install.log'
