[3.614s] Invoking command in '/home/sbel/Desktop/Cobra-Driver/workspace/src/udp_to_ros': PYTHONPATH=/home/sbel/Desktop/Cobra-Driver/workspace/build/udp_to_ros/prefix_override:/home/sbel/Desktop/Cobra-Driver/workspace/install/udp_to_ros/lib/python3.8/site-packages:${PYTHONPATH} /usr/bin/python3 setup.py egg_info --egg-base ../../build/udp_to_ros build --build-base /home/sbel/Desktop/Cobra-Driver/workspace/build/udp_to_ros/build install --record /home/sbel/Desktop/Cobra-Driver/workspace/build/udp_to_ros/install.log --single-version-externally-managed
[4.096s] running egg_info
[4.097s] creating ../../build/udp_to_ros/udp_to_ros.egg-info
[4.128s] writing ../../build/udp_to_ros/udp_to_ros.egg-info/PKG-INFO
[4.130s] writing dependency_links to ../../build/udp_to_ros/udp_to_ros.egg-info/dependency_links.txt
[4.130s] writing entry points to ../../build/udp_to_ros/udp_to_ros.egg-info/entry_points.txt
[4.131s] writing requirements to ../../build/udp_to_ros/udp_to_ros.egg-info/requires.txt
[4.131s] writing top-level names to ../../build/udp_to_ros/udp_to_ros.egg-info/top_level.txt
[4.330s] writing manifest file '../../build/udp_to_ros/udp_to_ros.egg-info/SOURCES.txt'
[4.397s] reading manifest file '../../build/udp_to_ros/udp_to_ros.egg-info/SOURCES.txt'
[4.399s] writing manifest file '../../build/udp_to_ros/udp_to_ros.egg-info/SOURCES.txt'
[4.399s] running build
[4.400s] running build_py
[4.401s] creating /home/sbel/Desktop/Cobra-Driver/workspace/build/udp_to_ros/build
[4.402s] creating /home/sbel/Desktop/Cobra-Driver/workspace/build/udp_to_ros/build/lib
[4.402s] creating /home/sbel/Desktop/Cobra-Driver/workspace/build/udp_to_ros/build/lib/udp_to_ros
[4.402s] copying udp_to_ros/__init__.py -> /home/sbel/Desktop/Cobra-Driver/workspace/build/udp_to_ros/build/lib/udp_to_ros
[4.402s] copying udp_to_ros/udp_listener_node.py -> /home/sbel/Desktop/Cobra-Driver/workspace/build/udp_to_ros/build/lib/udp_to_ros
[4.402s] running install
[4.403s] /home/sbel/.local/lib/python3.8/site-packages/setuptools/_distutils/cmd.py:66: SetuptoolsDeprecationWarning: setup.py install is deprecated.
[4.403s] !!
[4.403s] 
[4.403s]         ********************************************************************************
[4.403s]         Please avoid running ``setup.py`` directly.
[4.403s]         Instead, use pypa/build, pypa/installer or other
[4.403s]         standards-based tools.
[4.404s] 
[4.404s]         See https://blog.ganssle.io/articles/2021/10/setup-py-deprecated.html for details.
[4.404s]         ********************************************************************************
[4.404s] 
[4.404s] !!
[4.404s]   self.initialize_options()
[4.413s] running install_lib
[4.464s] creating /home/sbel/Desktop/Cobra-Driver/workspace/install/udp_to_ros/lib/python3.8/site-packages/udp_to_ros
[4.464s] copying /home/sbel/Desktop/Cobra-Driver/workspace/build/udp_to_ros/build/lib/udp_to_ros/__init__.py -> /home/sbel/Desktop/Cobra-Driver/workspace/install/udp_to_ros/lib/python3.8/site-packages/udp_to_ros
[4.467s] copying /home/sbel/Desktop/Cobra-Driver/workspace/build/udp_to_ros/build/lib/udp_to_ros/udp_listener_node.py -> /home/sbel/Desktop/Cobra-Driver/workspace/install/udp_to_ros/lib/python3.8/site-packages/udp_to_ros
[4.467s] byte-compiling /home/sbel/Desktop/Cobra-Driver/workspace/install/udp_to_ros/lib/python3.8/site-packages/udp_to_ros/__init__.py to __init__.cpython-38.pyc
[4.468s] byte-compiling /home/sbel/Desktop/Cobra-Driver/workspace/install/udp_to_ros/lib/python3.8/site-packages/udp_to_ros/udp_listener_node.py to udp_listener_node.cpython-38.pyc
[4.468s] running install_data
[4.483s] creating /home/sbel/Desktop/Cobra-Driver/workspace/install/udp_to_ros/share/ament_index
[4.483s] creating /home/sbel/Desktop/Cobra-Driver/workspace/install/udp_to_ros/share/ament_index/resource_index
[4.484s] creating /home/sbel/Desktop/Cobra-Driver/workspace/install/udp_to_ros/share/ament_index/resource_index/packages
[4.484s] copying resource/udp_to_ros -> /home/sbel/Desktop/Cobra-Driver/workspace/install/udp_to_ros/share/ament_index/resource_index/packages
[4.484s] copying package.xml -> /home/sbel/Desktop/Cobra-Driver/workspace/install/udp_to_ros/share/udp_to_ros
[4.485s] running install_egg_info
[4.519s] Copying ../../build/udp_to_ros/udp_to_ros.egg-info to /home/sbel/Desktop/Cobra-Driver/workspace/install/udp_to_ros/lib/python3.8/site-packages/udp_to_ros-0.0.0-py3.8.egg-info
[4.521s] running install_scripts
[4.627s] Installing udp_listener script to /home/sbel/Desktop/Cobra-Driver/workspace/install/udp_to_ros/lib/udp_to_ros
[4.628s] writing list of installed files to '/home/sbel/Desktop/Cobra-Driver/workspace/build/udp_to_ros/install.log'
[4.791s] Invoked command in '/home/sbel/Desktop/Cobra-Driver/workspace/src/udp_to_ros' returned '0': PYTHONPATH=/home/sbel/Desktop/Cobra-Driver/workspace/build/udp_to_ros/prefix_override:/home/sbel/Desktop/Cobra-Driver/workspace/install/udp_to_ros/lib/python3.8/site-packages:${PYTHONPATH} /usr/bin/python3 setup.py egg_info --egg-base ../../build/udp_to_ros build --build-base /home/sbel/Desktop/Cobra-Driver/workspace/build/udp_to_ros/build install --record /home/sbel/Desktop/Cobra-Driver/workspace/build/udp_to_ros/install.log --single-version-externally-managed
