-- The C compiler identification is GNU 11.4.0
-- The CXX compiler identification is GNU 11.4.0
-- Detecting C compiler ABI info
-- Detecting C compiler ABI info - done
-- Check for working C compiler: /usr/bin/cc - skipped
-- Detecting C compile features
-- Detecting C compile features - done
-- Detecting CXX compiler ABI info
-- Detecting CXX compiler ABI info - done
-- Check for working CXX compiler: /usr/bin/c++ - skipped
-- Detecting CXX compile features
-- Detecting CXX compile features - done
-- Found ament_cmake: 2.0.3 (/opt/ros/iron/share/ament_cmake/cmake)
-- Found Python3: /usr/bin/python3.10 (found version "3.10.12") found components: Interpreter 
-- Found ament_lint_auto: 0.14.2 (/opt/ros/iron/share/ament_lint_auto/cmake)
-- Found rclcpp: 21.0.3 (/opt/ros/iron/share/rclcpp/cmake)
-- Found rosidl_generator_c: 4.0.1 (/opt/ros/iron/share/rosidl_generator_c/cmake)
-- Found rosidl_generator_cpp: 4.0.1 (/opt/ros/iron/share/rosidl_generator_cpp/cmake)
-- Using all available rosidl_typesupport_c: rosidl_typesupport_fastrtps_c;rosidl_typesupport_introspection_c
-- Using all available rosidl_typesupport_cpp: rosidl_typesupport_fastrtps_cpp;rosidl_typesupport_introspection_cpp
-- Found rmw_implementation_cmake: 7.1.0 (/opt/ros/iron/share/rmw_implementation_cmake/cmake)
-- Found rmw_fastrtps_cpp: 7.1.1 (/opt/ros/iron/share/rmw_fastrtps_cpp/cmake)
-- Found OpenSSL: /usr/lib/x86_64-linux-gnu/libcrypto.so (found version "3.0.2")  
-- Found FastRTPS: /opt/ros/iron/include  
-- Using RMW implementation 'rmw_fastrtps_cpp' as default
-- Found tf2_ros: 0.31.5 (/opt/ros/iron/share/tf2_ros/cmake)
-- Added test 'copyright' to check source files copyright and LICENSE
-- Added test 'cppcheck' to perform static code analysis on C / C++ code
-- Configured cppcheck include dirs: 
-- Configured cppcheck exclude dirs and/or files: 
-- Added test 'cpplint' to check C / C++ code against the Google style
-- Configured cpplint exclude dirs and/or files: 
-- Added test 'lint_cmake' to check CMake code style
-- Added test 'uncrustify' to check C / C++ code style
-- Configured uncrustify additional arguments: 
-- Added test 'xmllint' to check XML markup files
-- Configuring done (3.0s)
-- Generating done (0.0s)
-- Build files have been written to: /home/jason/Desktop/STUDY/Cobra-Driver/workspace/build/tf_data
[ 50%] [32mBuilding CXX object CMakeFiles/lidar_tf_publisher.dir/src/lidar_tf_publisher.cpp.o[0m
[100%] [32m[1mLinking CXX executable lidar_tf_publisher[0m
[100%] Built target lidar_tf_publisher
-- Install configuration: ""
-- Installing: /home/jason/Desktop/STUDY/Cobra-Driver/workspace/install/tf_data/lib/tf_data/lidar_tf_publisher
-- Set runtime path of "/home/jason/Desktop/STUDY/Cobra-Driver/workspace/install/tf_data/lib/tf_data/lidar_tf_publisher" to ""
-- Installing: /home/jason/Desktop/STUDY/Cobra-Driver/workspace/install/tf_data/share/ament_index/resource_index/package_run_dependencies/tf_data
-- Installing: /home/jason/Desktop/STUDY/Cobra-Driver/workspace/install/tf_data/share/ament_index/resource_index/parent_prefix_path/tf_data
-- Installing: /home/jason/Desktop/STUDY/Cobra-Driver/workspace/install/tf_data/share/tf_data/environment/ament_prefix_path.sh
-- Installing: /home/jason/Desktop/STUDY/Cobra-Driver/workspace/install/tf_data/share/tf_data/environment/ament_prefix_path.dsv
-- Installing: /home/jason/Desktop/STUDY/Cobra-Driver/workspace/install/tf_data/share/tf_data/environment/path.sh
-- Installing: /home/jason/Desktop/STUDY/Cobra-Driver/workspace/install/tf_data/share/tf_data/environment/path.dsv
-- Installing: /home/jason/Desktop/STUDY/Cobra-Driver/workspace/install/tf_data/share/tf_data/local_setup.bash
-- Installing: /home/jason/Desktop/STUDY/Cobra-Driver/workspace/install/tf_data/share/tf_data/local_setup.sh
-- Installing: /home/jason/Desktop/STUDY/Cobra-Driver/workspace/install/tf_data/share/tf_data/local_setup.zsh
-- Installing: /home/jason/Desktop/STUDY/Cobra-Driver/workspace/install/tf_data/share/tf_data/local_setup.dsv
-- Installing: /home/jason/Desktop/STUDY/Cobra-Driver/workspace/install/tf_data/share/tf_data/package.dsv
-- Installing: /home/jason/Desktop/STUDY/Cobra-Driver/workspace/install/tf_data/share/ament_index/resource_index/packages/tf_data
-- Installing: /home/jason/Desktop/STUDY/Cobra-Driver/workspace/install/tf_data/share/tf_data/cmake/tf_dataConfig.cmake
-- Installing: /home/jason/Desktop/STUDY/Cobra-Driver/workspace/install/tf_data/share/tf_data/cmake/tf_dataConfig-version.cmake
-- Installing: /home/jason/Desktop/STUDY/Cobra-Driver/workspace/install/tf_data/share/tf_data/package.xml
