[1.244s] Invoking command in '/home/jason/Desktop/STUDY/Cobra-Driver/workspace/build/tf_data': CMAKE_PREFIX_PATH=${CMAKE_PREFIX_PATH}:/home/jason/Desktop/STUDY/Cobra-Driver/workspace/src/waypoint_seeker/install/waypoint_seeker:/home/jason/Desktop/STUDY/Cobra-Driver/workspace/install/yolov5_ros2:/home/jason/Desktop/STUDY/Cobra-Driver/workspace/install/waypoint_seeker:/home/jason/Desktop/STUDY/Cobra-Driver/workspace/install/udp_to_ros:/home/jason/Desktop/STUDY/Cobra-Driver/workspace/install/tcp_cam_sender:/home/jason/Desktop/STUDY/Cobra-Driver/workspace/install/ptcloud_save:/home/jason/Desktop/STUDY/Cobra-Driver/workspace/install/common:/opt/ros/iron /home/jason/.local/bin/cmake /home/jason/Desktop/STUDY/Cobra-Driver/workspace/src/tf_data -DCMAKE_INSTALL_PREFIX=/home/jason/Desktop/STUDY/Cobra-Driver/workspace/install/tf_data
[1.841s] -- The C compiler identification is GNU 11.4.0
[1.841s] -- The CXX compiler identification is GNU 11.4.0
[1.841s] -- Detecting C compiler ABI info
[1.841s] -- Detecting C compiler ABI info - done
[1.842s] -- Check for working C compiler: /usr/bin/cc - skipped
[1.842s] -- Detecting C compile features
[1.842s] -- Detecting C compile features - done
[1.842s] -- Detecting CXX compiler ABI info
[1.842s] -- Detecting CXX compiler ABI info - done
[1.842s] -- Check for working CXX compiler: /usr/bin/c++ - skipped
[1.842s] -- Detecting CXX compile features
[1.842s] -- Detecting CXX compile features - done
[1.842s] -- Found ament_cmake: 2.0.3 (/opt/ros/iron/share/ament_cmake/cmake)
[2.074s] -- Found Python3: /usr/bin/python3.10 (found version "3.10.12") found components: Interpreter 
[2.181s] -- Found ament_lint_auto: 0.14.2 (/opt/ros/iron/share/ament_lint_auto/cmake)
[2.301s] -- Found rclcpp: 21.0.3 (/opt/ros/iron/share/rclcpp/cmake)
[2.391s] -- Found rosidl_generator_c: 4.0.1 (/opt/ros/iron/share/rosidl_generator_c/cmake)
[2.416s] -- Found rosidl_generator_cpp: 4.0.1 (/opt/ros/iron/share/rosidl_generator_cpp/cmake)
[2.449s] -- Using all available rosidl_typesupport_c: rosidl_typesupport_fastrtps_c;rosidl_typesupport_introspection_c
[2.490s] -- Using all available rosidl_typesupport_cpp: rosidl_typesupport_fastrtps_cpp;rosidl_typesupport_introspection_cpp
[2.805s] -- Found rmw_implementation_cmake: 7.1.0 (/opt/ros/iron/share/rmw_implementation_cmake/cmake)
[2.811s] -- Found rmw_fastrtps_cpp: 7.1.1 (/opt/ros/iron/share/rmw_fastrtps_cpp/cmake)
[3.011s] -- Found OpenSSL: /usr/lib/x86_64-linux-gnu/libcrypto.so (found version "3.0.2")  
[3.060s] -- Found FastRTPS: /opt/ros/iron/include  
[3.141s] -- Using RMW implementation 'rmw_fastrtps_cpp' as default
[3.427s] -- Found tf2_ros: 0.31.5 (/opt/ros/iron/share/tf2_ros/cmake)
[4.206s] -- Added test 'copyright' to check source files copyright and LICENSE
[4.208s] -- Added test 'cppcheck' to perform static code analysis on C / C++ code
[4.208s] -- Configured cppcheck include dirs: 
[4.208s] -- Configured cppcheck exclude dirs and/or files: 
[4.211s] -- Added test 'cpplint' to check C / C++ code against the Google style
[4.211s] -- Configured cpplint exclude dirs and/or files: 
[4.213s] -- Added test 'lint_cmake' to check CMake code style
[4.215s] -- Added test 'uncrustify' to check C / C++ code style
[4.215s] -- Configured uncrustify additional arguments: 
[4.217s] -- Added test 'xmllint' to check XML markup files
[4.225s] -- Configuring done (3.0s)
[4.255s] -- Generating done (0.0s)
[4.258s] -- Build files have been written to: /home/jason/Desktop/STUDY/Cobra-Driver/workspace/build/tf_data
[4.277s] Invoked command in '/home/jason/Desktop/STUDY/Cobra-Driver/workspace/build/tf_data' returned '0': CMAKE_PREFIX_PATH=${CMAKE_PREFIX_PATH}:/home/jason/Desktop/STUDY/Cobra-Driver/workspace/src/waypoint_seeker/install/waypoint_seeker:/home/jason/Desktop/STUDY/Cobra-Driver/workspace/install/yolov5_ros2:/home/jason/Desktop/STUDY/Cobra-Driver/workspace/install/waypoint_seeker:/home/jason/Desktop/STUDY/Cobra-Driver/workspace/install/udp_to_ros:/home/jason/Desktop/STUDY/Cobra-Driver/workspace/install/tcp_cam_sender:/home/jason/Desktop/STUDY/Cobra-Driver/workspace/install/ptcloud_save:/home/jason/Desktop/STUDY/Cobra-Driver/workspace/install/common:/opt/ros/iron /home/jason/.local/bin/cmake /home/jason/Desktop/STUDY/Cobra-Driver/workspace/src/tf_data -DCMAKE_INSTALL_PREFIX=/home/jason/Desktop/STUDY/Cobra-Driver/workspace/install/tf_data
[4.278s] Invoking command in '/home/jason/Desktop/STUDY/Cobra-Driver/workspace/build/tf_data': CMAKE_PREFIX_PATH=${CMAKE_PREFIX_PATH}:/home/jason/Desktop/STUDY/Cobra-Driver/workspace/src/waypoint_seeker/install/waypoint_seeker:/home/jason/Desktop/STUDY/Cobra-Driver/workspace/install/yolov5_ros2:/home/jason/Desktop/STUDY/Cobra-Driver/workspace/install/waypoint_seeker:/home/jason/Desktop/STUDY/Cobra-Driver/workspace/install/udp_to_ros:/home/jason/Desktop/STUDY/Cobra-Driver/workspace/install/tcp_cam_sender:/home/jason/Desktop/STUDY/Cobra-Driver/workspace/install/ptcloud_save:/home/jason/Desktop/STUDY/Cobra-Driver/workspace/install/common:/opt/ros/iron /home/jason/.local/bin/cmake --build /home/jason/Desktop/STUDY/Cobra-Driver/workspace/build/tf_data -- -j16 -l16
[4.358s] [ 50%] [32mBuilding CXX object CMakeFiles/lidar_tf_publisher.dir/src/lidar_tf_publisher.cpp.o[0m
[9.560s] [100%] [32m[1mLinking CXX executable lidar_tf_publisher[0m
[9.865s] [100%] Built target lidar_tf_publisher
[9.892s] Invoked command in '/home/jason/Desktop/STUDY/Cobra-Driver/workspace/build/tf_data' returned '0': CMAKE_PREFIX_PATH=${CMAKE_PREFIX_PATH}:/home/jason/Desktop/STUDY/Cobra-Driver/workspace/src/waypoint_seeker/install/waypoint_seeker:/home/jason/Desktop/STUDY/Cobra-Driver/workspace/install/yolov5_ros2:/home/jason/Desktop/STUDY/Cobra-Driver/workspace/install/waypoint_seeker:/home/jason/Desktop/STUDY/Cobra-Driver/workspace/install/udp_to_ros:/home/jason/Desktop/STUDY/Cobra-Driver/workspace/install/tcp_cam_sender:/home/jason/Desktop/STUDY/Cobra-Driver/workspace/install/ptcloud_save:/home/jason/Desktop/STUDY/Cobra-Driver/workspace/install/common:/opt/ros/iron /home/jason/.local/bin/cmake --build /home/jason/Desktop/STUDY/Cobra-Driver/workspace/build/tf_data -- -j16 -l16
[10.235s] Invoking command in '/home/jason/Desktop/STUDY/Cobra-Driver/workspace/build/tf_data': CMAKE_PREFIX_PATH=${CMAKE_PREFIX_PATH}:/home/jason/Desktop/STUDY/Cobra-Driver/workspace/src/waypoint_seeker/install/waypoint_seeker:/home/jason/Desktop/STUDY/Cobra-Driver/workspace/install/yolov5_ros2:/home/jason/Desktop/STUDY/Cobra-Driver/workspace/install/waypoint_seeker:/home/jason/Desktop/STUDY/Cobra-Driver/workspace/install/udp_to_ros:/home/jason/Desktop/STUDY/Cobra-Driver/workspace/install/tcp_cam_sender:/home/jason/Desktop/STUDY/Cobra-Driver/workspace/install/ptcloud_save:/home/jason/Desktop/STUDY/Cobra-Driver/workspace/install/common:/opt/ros/iron /home/jason/.local/bin/cmake --install /home/jason/Desktop/STUDY/Cobra-Driver/workspace/build/tf_data
[10.343s] -- Install configuration: ""
[10.359s] -- Installing: /home/jason/Desktop/STUDY/Cobra-Driver/workspace/install/tf_data/lib/tf_data/lidar_tf_publisher
[10.366s] -- Set runtime path of "/home/jason/Desktop/STUDY/Cobra-Driver/workspace/install/tf_data/lib/tf_data/lidar_tf_publisher" to ""
[10.366s] -- Installing: /home/jason/Desktop/STUDY/Cobra-Driver/workspace/install/tf_data/share/ament_index/resource_index/package_run_dependencies/tf_data
[10.366s] -- Installing: /home/jason/Desktop/STUDY/Cobra-Driver/workspace/install/tf_data/share/ament_index/resource_index/parent_prefix_path/tf_data
[10.368s] -- Installing: /home/jason/Desktop/STUDY/Cobra-Driver/workspace/install/tf_data/share/tf_data/environment/ament_prefix_path.sh
[10.369s] -- Installing: /home/jason/Desktop/STUDY/Cobra-Driver/workspace/install/tf_data/share/tf_data/environment/ament_prefix_path.dsv
[10.371s] -- Installing: /home/jason/Desktop/STUDY/Cobra-Driver/workspace/install/tf_data/share/tf_data/environment/path.sh
[10.372s] -- Installing: /home/jason/Desktop/STUDY/Cobra-Driver/workspace/install/tf_data/share/tf_data/environment/path.dsv
[10.373s] -- Installing: /home/jason/Desktop/STUDY/Cobra-Driver/workspace/install/tf_data/share/tf_data/local_setup.bash
[10.374s] -- Installing: /home/jason/Desktop/STUDY/Cobra-Driver/workspace/install/tf_data/share/tf_data/local_setup.sh
[10.374s] -- Installing: /home/jason/Desktop/STUDY/Cobra-Driver/workspace/install/tf_data/share/tf_data/local_setup.zsh
[10.376s] -- Installing: /home/jason/Desktop/STUDY/Cobra-Driver/workspace/install/tf_data/share/tf_data/local_setup.dsv
[10.378s] -- Installing: /home/jason/Desktop/STUDY/Cobra-Driver/workspace/install/tf_data/share/tf_data/package.dsv
[10.380s] -- Installing: /home/jason/Desktop/STUDY/Cobra-Driver/workspace/install/tf_data/share/ament_index/resource_index/packages/tf_data
[10.380s] -- Installing: /home/jason/Desktop/STUDY/Cobra-Driver/workspace/install/tf_data/share/tf_data/cmake/tf_dataConfig.cmake
[10.382s] -- Installing: /home/jason/Desktop/STUDY/Cobra-Driver/workspace/install/tf_data/share/tf_data/cmake/tf_dataConfig-version.cmake
[10.383s] -- Installing: /home/jason/Desktop/STUDY/Cobra-Driver/workspace/install/tf_data/share/tf_data/package.xml
[10.399s] Invoked command in '/home/jason/Desktop/STUDY/Cobra-Driver/workspace/build/tf_data' returned '0': CMAKE_PREFIX_PATH=${CMAKE_PREFIX_PATH}:/home/jason/Desktop/STUDY/Cobra-Driver/workspace/src/waypoint_seeker/install/waypoint_seeker:/home/jason/Desktop/STUDY/Cobra-Driver/workspace/install/yolov5_ros2:/home/jason/Desktop/STUDY/Cobra-Driver/workspace/install/waypoint_seeker:/home/jason/Desktop/STUDY/Cobra-Driver/workspace/install/udp_to_ros:/home/jason/Desktop/STUDY/Cobra-Driver/workspace/install/tcp_cam_sender:/home/jason/Desktop/STUDY/Cobra-Driver/workspace/install/ptcloud_save:/home/jason/Desktop/STUDY/Cobra-Driver/workspace/install/common:/opt/ros/iron /home/jason/.local/bin/cmake --install /home/jason/Desktop/STUDY/Cobra-Driver/workspace/build/tf_data
