[3.737s] Invoking command in '/home/jason/Desktop/STUDY/Cobra-Driver/workspace/src/common': PYTHONPATH=/home/jason/Desktop/STUDY/Cobra-Driver/workspace/build/common/prefix_override:/home/jason/Desktop/STUDY/Cobra-Driver/workspace/install/common/lib/python3.10/site-packages:${PYTHONPATH} /usr/bin/python3 setup.py egg_info --egg-base ../../build/common build --build-base /home/jason/Desktop/STUDY/Cobra-Driver/workspace/build/common/build install --record /home/jason/Desktop/STUDY/Cobra-Driver/workspace/build/common/install.log --single-version-externally-managed
[3.974s] running egg_info
[3.993s] writing ../../build/common/common.egg-info/PKG-INFO
[3.993s] writing dependency_links to ../../build/common/common.egg-info/dependency_links.txt
[3.993s] writing requirements to ../../build/common/common.egg-info/requires.txt
[3.994s] writing top-level names to ../../build/common/common.egg-info/top_level.txt
[4.033s] reading manifest file '../../build/common/common.egg-info/SOURCES.txt'
[4.033s] writing manifest file '../../build/common/common.egg-info/SOURCES.txt'
[4.033s] running build
[4.034s] running build_py
[4.034s] running install
[4.034s] /home/jason/.local/lib/python3.10/site-packages/setuptools/_distutils/cmd.py:66: SetuptoolsDeprecationWarning: setup.py install is deprecated.
[4.034s] !!
[4.035s] 
[4.035s]         ********************************************************************************
[4.035s]         Please avoid running ``setup.py`` directly.
[4.035s]         Instead, use pypa/build, pypa/installer or other
[4.035s]         standards-based tools.
[4.035s] 
[4.035s]         See https://blog.ganssle.io/articles/2021/10/setup-py-deprecated.html for details.
[4.036s]         ********************************************************************************
[4.036s] 
[4.036s] !!
[4.036s]   self.initialize_options()
[4.038s] running install_lib
[4.058s] running install_data
[4.078s] running install_egg_info
[4.097s] removing '/home/jason/Desktop/STUDY/Cobra-Driver/workspace/install/common/lib/python3.10/site-packages/common-0.0.0-py3.10.egg-info' (and everything under it)
[4.098s] Copying ../../build/common/common.egg-info to /home/jason/Desktop/STUDY/Cobra-Driver/workspace/install/common/lib/python3.10/site-packages/common-0.0.0-py3.10.egg-info
[4.098s] running install_scripts
[4.319s] writing list of installed files to '/home/jason/Desktop/STUDY/Cobra-Driver/workspace/build/common/install.log'
[4.755s] Invoked command in '/home/jason/Desktop/STUDY/Cobra-Driver/workspace/src/common' returned '0': PYTHONPATH=/home/jason/Desktop/STUDY/Cobra-Driver/workspace/build/common/prefix_override:/home/jason/Desktop/STUDY/Cobra-Driver/workspace/install/common/lib/python3.10/site-packages:${PYTHONPATH} /usr/bin/python3 setup.py egg_info --egg-base ../../build/common build --build-base /home/jason/Desktop/STUDY/Cobra-Driver/workspace/build/common/build install --record /home/jason/Desktop/STUDY/Cobra-Driver/workspace/build/common/install.log --single-version-externally-managed
