[0.189s] Invoking command in '/home/sbel/Desktop/Cobra-Driver/workspace/build/rosbridge_msgs': CMAKE_PREFIX_PATH=${CMAKE_PREFIX_PATH}:/home/sbel/Desktop/Cobra-Driver/workspace/install/yolov5_ros2:/home/sbel/Desktop/Cobra-Driver/workspace/install/udp_to_ros:/home/sbel/Desktop/Cobra-Driver/workspace/install/common:/opt/ros/foxy /usr/bin/cmake --build /home/sbel/Desktop/Cobra-Driver/workspace/build/rosbridge_msgs -- -j8 -l8
[1.829s] [  2%] Built target rosbridge_msgs__cpp
[1.830s] [ 12%] Built target rosbridge_msgs__rosidl_generator_c
[1.830s] [ 33%] Built target rosbridge_msgs__rosidl_typesupport_c
[1.830s] [ 33%] Built target rosbridge_msgs__rosidl_typesupport_introspection_c
[1.830s] [ 43%] Built target rosbridge_msgs__rosidl_typesupport_cpp
[1.830s] [ 53%] Built target rosbridge_msgs__rosidl_typesupport_fastrtps_cpp
[1.830s] [ 64%] Built target rosbridge_msgs__rosidl_typesupport_introspection_cpp
[1.830s] [ 74%] Built target rosbridge_msgs__rosidl_typesupport_fastrtps_c
[1.830s] [ 74%] Built target rosbridge_msgs
[1.831s] [ 76%] Built target rosbridge_msgs__py
[1.831s] [ 84%] Built target rosbridge_msgs__python
[1.831s] [100%] Built target rosbridge_msgs__rosidl_typesupport_fastrtps_c__pyext
[1.831s] [100%] Built target rosbridge_msgs__rosidl_typesupport_introspection_c__pyext
[1.831s] [100%] Built target rosbridge_msgs__rosidl_typesupport_c__pyext
[1.849s] Invoked command in '/home/sbel/Desktop/Cobra-Driver/workspace/build/rosbridge_msgs' returned '0': CMAKE_PREFIX_PATH=${CMAKE_PREFIX_PATH}:/home/sbel/Desktop/Cobra-Driver/workspace/install/yolov5_ros2:/home/sbel/Desktop/Cobra-Driver/workspace/install/udp_to_ros:/home/sbel/Desktop/Cobra-Driver/workspace/install/common:/opt/ros/foxy /usr/bin/cmake --build /home/sbel/Desktop/Cobra-Driver/workspace/build/rosbridge_msgs -- -j8 -l8
[2.085s] Invoking command in '/home/sbel/Desktop/Cobra-Driver/workspace/build/rosbridge_msgs': CMAKE_PREFIX_PATH=${CMAKE_PREFIX_PATH}:/home/sbel/Desktop/Cobra-Driver/workspace/install/yolov5_ros2:/home/sbel/Desktop/Cobra-Driver/workspace/install/udp_to_ros:/home/sbel/Desktop/Cobra-Driver/workspace/install/common:/opt/ros/foxy /usr/bin/cmake --install /home/sbel/Desktop/Cobra-Driver/workspace/build/rosbridge_msgs
[2.130s] -- Install configuration: ""
[2.130s] -- Up-to-date: /home/sbel/Desktop/Cobra-Driver/workspace/install/rosbridge_msgs/share/ament_index/resource_index/rosidl_interfaces/rosbridge_msgs
[2.132s] -- Up-to-date: /home/sbel/Desktop/Cobra-Driver/workspace/install/rosbridge_msgs/include/rosbridge_msgs
[2.132s] -- Up-to-date: /home/sbel/Desktop/Cobra-Driver/workspace/install/rosbridge_msgs/include/rosbridge_msgs/msg
[2.132s] -- Up-to-date: /home/sbel/Desktop/Cobra-Driver/workspace/install/rosbridge_msgs/include/rosbridge_msgs/msg/connected_clients.h
[2.133s] -- Up-to-date: /home/sbel/Desktop/Cobra-Driver/workspace/install/rosbridge_msgs/include/rosbridge_msgs/msg/detail
[2.133s] -- Up-to-date: /home/sbel/Desktop/Cobra-Driver/workspace/install/rosbridge_msgs/include/rosbridge_msgs/msg/detail/connected_client__type_support.h
[2.133s] -- Up-to-date: /home/sbel/Desktop/Cobra-Driver/workspace/install/rosbridge_msgs/include/rosbridge_msgs/msg/detail/connected_clients__struct.h
[2.133s] -- Up-to-date: /home/sbel/Desktop/Cobra-Driver/workspace/install/rosbridge_msgs/include/rosbridge_msgs/msg/detail/connected_clients__functions.h
[2.133s] -- Up-to-date: /home/sbel/Desktop/Cobra-Driver/workspace/install/rosbridge_msgs/include/rosbridge_msgs/msg/detail/connected_client__struct.h
[2.133s] -- Up-to-date: /home/sbel/Desktop/Cobra-Driver/workspace/install/rosbridge_msgs/include/rosbridge_msgs/msg/detail/connected_clients__functions.c
[2.133s] -- Up-to-date: /home/sbel/Desktop/Cobra-Driver/workspace/install/rosbridge_msgs/include/rosbridge_msgs/msg/detail/connected_client__functions.c
[2.133s] -- Up-to-date: /home/sbel/Desktop/Cobra-Driver/workspace/install/rosbridge_msgs/include/rosbridge_msgs/msg/detail/connected_clients__type_support.h
[2.134s] -- Up-to-date: /home/sbel/Desktop/Cobra-Driver/workspace/install/rosbridge_msgs/include/rosbridge_msgs/msg/detail/connected_client__functions.h
[2.134s] -- Up-to-date: /home/sbel/Desktop/Cobra-Driver/workspace/install/rosbridge_msgs/include/rosbridge_msgs/msg/rosidl_generator_c__visibility_control.h
[2.134s] -- Up-to-date: /home/sbel/Desktop/Cobra-Driver/workspace/install/rosbridge_msgs/include/rosbridge_msgs/msg/connected_client.h
[2.134s] -- Up-to-date: /home/sbel/Desktop/Cobra-Driver/workspace/install/rosbridge_msgs/share/rosbridge_msgs/environment/library_path.sh
[2.134s] -- Up-to-date: /home/sbel/Desktop/Cobra-Driver/workspace/install/rosbridge_msgs/share/rosbridge_msgs/environment/library_path.dsv
[2.134s] -- Up-to-date: /home/sbel/Desktop/Cobra-Driver/workspace/install/rosbridge_msgs/lib/librosbridge_msgs__rosidl_generator_c.so
[2.134s] -- Up-to-date: /home/sbel/Desktop/Cobra-Driver/workspace/install/rosbridge_msgs/include/rosbridge_msgs
[2.134s] -- Up-to-date: /home/sbel/Desktop/Cobra-Driver/workspace/install/rosbridge_msgs/include/rosbridge_msgs/msg
[2.135s] -- Up-to-date: /home/sbel/Desktop/Cobra-Driver/workspace/install/rosbridge_msgs/include/rosbridge_msgs/msg/detail
[2.135s] -- Up-to-date: /home/sbel/Desktop/Cobra-Driver/workspace/install/rosbridge_msgs/include/rosbridge_msgs/msg/detail/connected_client__rosidl_typesupport_fastrtps_c.h
[2.135s] -- Up-to-date: /home/sbel/Desktop/Cobra-Driver/workspace/install/rosbridge_msgs/include/rosbridge_msgs/msg/detail/connected_clients__rosidl_typesupport_fastrtps_c.h
[2.135s] -- Up-to-date: /home/sbel/Desktop/Cobra-Driver/workspace/install/rosbridge_msgs/include/rosbridge_msgs/msg/rosidl_typesupport_fastrtps_c__visibility_control.h
[2.135s] -- Up-to-date: /home/sbel/Desktop/Cobra-Driver/workspace/install/rosbridge_msgs/lib/librosbridge_msgs__rosidl_typesupport_fastrtps_c.so
[2.139s] -- Up-to-date: /home/sbel/Desktop/Cobra-Driver/workspace/install/rosbridge_msgs/include/rosbridge_msgs
[2.139s] -- Up-to-date: /home/sbel/Desktop/Cobra-Driver/workspace/install/rosbridge_msgs/include/rosbridge_msgs/msg
[2.140s] -- Up-to-date: /home/sbel/Desktop/Cobra-Driver/workspace/install/rosbridge_msgs/include/rosbridge_msgs/msg/detail
[2.140s] -- Up-to-date: /home/sbel/Desktop/Cobra-Driver/workspace/install/rosbridge_msgs/include/rosbridge_msgs/msg/detail/connected_clients__rosidl_typesupport_fastrtps_cpp.hpp
[2.140s] -- Up-to-date: /home/sbel/Desktop/Cobra-Driver/workspace/install/rosbridge_msgs/include/rosbridge_msgs/msg/detail/connected_client__rosidl_typesupport_fastrtps_cpp.hpp
[2.140s] -- Up-to-date: /home/sbel/Desktop/Cobra-Driver/workspace/install/rosbridge_msgs/include/rosbridge_msgs/msg/detail/dds_fastrtps
[2.140s] -- Up-to-date: /home/sbel/Desktop/Cobra-Driver/workspace/install/rosbridge_msgs/include/rosbridge_msgs/msg/rosidl_typesupport_fastrtps_cpp__visibility_control.h
[2.140s] -- Up-to-date: /home/sbel/Desktop/Cobra-Driver/workspace/install/rosbridge_msgs/lib/librosbridge_msgs__rosidl_typesupport_fastrtps_cpp.so
[2.141s] -- Up-to-date: /home/sbel/Desktop/Cobra-Driver/workspace/install/rosbridge_msgs/include/rosbridge_msgs
[2.141s] -- Up-to-date: /home/sbel/Desktop/Cobra-Driver/workspace/install/rosbridge_msgs/include/rosbridge_msgs/msg
[2.141s] -- Up-to-date: /home/sbel/Desktop/Cobra-Driver/workspace/install/rosbridge_msgs/include/rosbridge_msgs/msg/rosidl_typesupport_introspection_c__visibility_control.h
[2.141s] -- Up-to-date: /home/sbel/Desktop/Cobra-Driver/workspace/install/rosbridge_msgs/include/rosbridge_msgs/msg/detail
[2.141s] -- Up-to-date: /home/sbel/Desktop/Cobra-Driver/workspace/install/rosbridge_msgs/include/rosbridge_msgs/msg/detail/connected_client__type_support.c
[2.141s] -- Up-to-date: /home/sbel/Desktop/Cobra-Driver/workspace/install/rosbridge_msgs/include/rosbridge_msgs/msg/detail/connected_clients__type_support.c
[2.141s] -- Up-to-date: /home/sbel/Desktop/Cobra-Driver/workspace/install/rosbridge_msgs/include/rosbridge_msgs/msg/detail/connected_clients__rosidl_typesupport_introspection_c.h
[2.142s] -- Up-to-date: /home/sbel/Desktop/Cobra-Driver/workspace/install/rosbridge_msgs/include/rosbridge_msgs/msg/detail/connected_client__rosidl_typesupport_introspection_c.h
[2.142s] -- Up-to-date: /home/sbel/Desktop/Cobra-Driver/workspace/install/rosbridge_msgs/lib/librosbridge_msgs__rosidl_typesupport_introspection_c.so
[2.144s] -- Up-to-date: /home/sbel/Desktop/Cobra-Driver/workspace/install/rosbridge_msgs/lib/librosbridge_msgs__rosidl_typesupport_c.so
[2.144s] -- Up-to-date: /home/sbel/Desktop/Cobra-Driver/workspace/install/rosbridge_msgs/include/rosbridge_msgs
[2.144s] -- Up-to-date: /home/sbel/Desktop/Cobra-Driver/workspace/install/rosbridge_msgs/include/rosbridge_msgs/msg
[2.144s] -- Up-to-date: /home/sbel/Desktop/Cobra-Driver/workspace/install/rosbridge_msgs/include/rosbridge_msgs/msg/connected_client.hpp
[2.144s] -- Up-to-date: /home/sbel/Desktop/Cobra-Driver/workspace/install/rosbridge_msgs/include/rosbridge_msgs/msg/detail
[2.144s] -- Up-to-date: /home/sbel/Desktop/Cobra-Driver/workspace/install/rosbridge_msgs/include/rosbridge_msgs/msg/detail/connected_client__builder.hpp
[2.145s] -- Up-to-date: /home/sbel/Desktop/Cobra-Driver/workspace/install/rosbridge_msgs/include/rosbridge_msgs/msg/detail/connected_client__traits.hpp
[2.145s] -- Up-to-date: /home/sbel/Desktop/Cobra-Driver/workspace/install/rosbridge_msgs/include/rosbridge_msgs/msg/detail/connected_client__type_support.hpp
[2.145s] -- Up-to-date: /home/sbel/Desktop/Cobra-Driver/workspace/install/rosbridge_msgs/include/rosbridge_msgs/msg/detail/connected_client__struct.hpp
[2.145s] -- Up-to-date: /home/sbel/Desktop/Cobra-Driver/workspace/install/rosbridge_msgs/include/rosbridge_msgs/msg/detail/connected_clients__builder.hpp
[2.145s] -- Up-to-date: /home/sbel/Desktop/Cobra-Driver/workspace/install/rosbridge_msgs/include/rosbridge_msgs/msg/detail/connected_clients__traits.hpp
[2.145s] -- Up-to-date: /home/sbel/Desktop/Cobra-Driver/workspace/install/rosbridge_msgs/include/rosbridge_msgs/msg/detail/connected_clients__type_support.hpp
[2.145s] -- Up-to-date: /home/sbel/Desktop/Cobra-Driver/workspace/install/rosbridge_msgs/include/rosbridge_msgs/msg/detail/connected_clients__struct.hpp
[2.146s] -- Up-to-date: /home/sbel/Desktop/Cobra-Driver/workspace/install/rosbridge_msgs/include/rosbridge_msgs/msg/connected_clients.hpp
[2.146s] -- Up-to-date: /home/sbel/Desktop/Cobra-Driver/workspace/install/rosbridge_msgs/include/rosbridge_msgs/msg/rosidl_generator_cpp__visibility_control.hpp
[2.146s] -- Up-to-date: /home/sbel/Desktop/Cobra-Driver/workspace/install/rosbridge_msgs/include/rosbridge_msgs
[2.146s] -- Up-to-date: /home/sbel/Desktop/Cobra-Driver/workspace/install/rosbridge_msgs/include/rosbridge_msgs/msg
[2.146s] -- Up-to-date: /home/sbel/Desktop/Cobra-Driver/workspace/install/rosbridge_msgs/include/rosbridge_msgs/msg/detail
[2.146s] -- Up-to-date: /home/sbel/Desktop/Cobra-Driver/workspace/install/rosbridge_msgs/include/rosbridge_msgs/msg/detail/connected_client__rosidl_typesupport_introspection_cpp.hpp
[2.146s] -- Up-to-date: /home/sbel/Desktop/Cobra-Driver/workspace/install/rosbridge_msgs/include/rosbridge_msgs/msg/detail/connected_clients__rosidl_typesupport_introspection_cpp.hpp
[2.146s] -- Up-to-date: /home/sbel/Desktop/Cobra-Driver/workspace/install/rosbridge_msgs/include/rosbridge_msgs/msg/detail/connected_clients__type_support.cpp
[2.147s] -- Up-to-date: /home/sbel/Desktop/Cobra-Driver/workspace/install/rosbridge_msgs/include/rosbridge_msgs/msg/detail/connected_client__type_support.cpp
[2.147s] -- Up-to-date: /home/sbel/Desktop/Cobra-Driver/workspace/install/rosbridge_msgs/lib/librosbridge_msgs__rosidl_typesupport_introspection_cpp.so
[2.147s] -- Up-to-date: /home/sbel/Desktop/Cobra-Driver/workspace/install/rosbridge_msgs/lib/librosbridge_msgs__rosidl_typesupport_cpp.so
[2.147s] -- Up-to-date: /home/sbel/Desktop/Cobra-Driver/workspace/install/rosbridge_msgs/share/rosbridge_msgs/environment/pythonpath.sh
[2.147s] -- Up-to-date: /home/sbel/Desktop/Cobra-Driver/workspace/install/rosbridge_msgs/share/rosbridge_msgs/environment/pythonpath.dsv
[2.147s] -- Up-to-date: /home/sbel/Desktop/Cobra-Driver/workspace/install/rosbridge_msgs/lib/python3.8/site-packages/rosbridge_msgs/__init__.py
[2.239s] -- Up-to-date: /home/sbel/Desktop/Cobra-Driver/workspace/install/rosbridge_msgs/lib/python3.8/site-packages/rosbridge_msgs/msg
[2.240s] -- Up-to-date: /home/sbel/Desktop/Cobra-Driver/workspace/install/rosbridge_msgs/lib/python3.8/site-packages/rosbridge_msgs/msg/_connected_client_s.c
[2.240s] -- Up-to-date: /home/sbel/Desktop/Cobra-Driver/workspace/install/rosbridge_msgs/lib/python3.8/site-packages/rosbridge_msgs/msg/_connected_clients.py
[2.240s] -- Up-to-date: /home/sbel/Desktop/Cobra-Driver/workspace/install/rosbridge_msgs/lib/python3.8/site-packages/rosbridge_msgs/msg/__init__.py
[2.241s] -- Up-to-date: /home/sbel/Desktop/Cobra-Driver/workspace/install/rosbridge_msgs/lib/python3.8/site-packages/rosbridge_msgs/msg/_connected_clients_s.c
[2.241s] -- Up-to-date: /home/sbel/Desktop/Cobra-Driver/workspace/install/rosbridge_msgs/lib/python3.8/site-packages/rosbridge_msgs/msg/_connected_client.py
[2.241s] -- Up-to-date: /home/sbel/Desktop/Cobra-Driver/workspace/install/rosbridge_msgs/lib/python3.8/site-packages/rosbridge_msgs/rosbridge_msgs_s__rosidl_typesupport_fastrtps_c.cpython-38-aarch64-linux-gnu.so
[2.241s] -- Up-to-date: /home/sbel/Desktop/Cobra-Driver/workspace/install/rosbridge_msgs/lib/python3.8/site-packages/rosbridge_msgs/rosbridge_msgs_s__rosidl_typesupport_introspection_c.cpython-38-aarch64-linux-gnu.so
[2.242s] -- Up-to-date: /home/sbel/Desktop/Cobra-Driver/workspace/install/rosbridge_msgs/lib/python3.8/site-packages/rosbridge_msgs/rosbridge_msgs_s__rosidl_typesupport_c.cpython-38-aarch64-linux-gnu.so
[2.243s] -- Up-to-date: /home/sbel/Desktop/Cobra-Driver/workspace/install/rosbridge_msgs/lib/librosbridge_msgs__python.so
[2.244s] -- Up-to-date: /home/sbel/Desktop/Cobra-Driver/workspace/install/rosbridge_msgs/share/rosbridge_msgs/msg/ConnectedClient.idl
[2.246s] -- Up-to-date: /home/sbel/Desktop/Cobra-Driver/workspace/install/rosbridge_msgs/share/rosbridge_msgs/msg/ConnectedClients.idl
[2.246s] -- Up-to-date: /home/sbel/Desktop/Cobra-Driver/workspace/install/rosbridge_msgs/share/rosbridge_msgs/msg/ConnectedClient.msg
[2.247s] -- Up-to-date: /home/sbel/Desktop/Cobra-Driver/workspace/install/rosbridge_msgs/share/rosbridge_msgs/msg/ConnectedClients.msg
[2.247s] -- Up-to-date: /home/sbel/Desktop/Cobra-Driver/workspace/install/rosbridge_msgs/share/ament_index/resource_index/package_run_dependencies/rosbridge_msgs
[2.247s] -- Up-to-date: /home/sbel/Desktop/Cobra-Driver/workspace/install/rosbridge_msgs/share/ament_index/resource_index/parent_prefix_path/rosbridge_msgs
[2.247s] -- Up-to-date: /home/sbel/Desktop/Cobra-Driver/workspace/install/rosbridge_msgs/share/rosbridge_msgs/environment/ament_prefix_path.sh
[2.247s] -- Up-to-date: /home/sbel/Desktop/Cobra-Driver/workspace/install/rosbridge_msgs/share/rosbridge_msgs/environment/ament_prefix_path.dsv
[2.247s] -- Up-to-date: /home/sbel/Desktop/Cobra-Driver/workspace/install/rosbridge_msgs/share/rosbridge_msgs/environment/path.sh
[2.248s] -- Up-to-date: /home/sbel/Desktop/Cobra-Driver/workspace/install/rosbridge_msgs/share/rosbridge_msgs/environment/path.dsv
[2.248s] -- Up-to-date: /home/sbel/Desktop/Cobra-Driver/workspace/install/rosbridge_msgs/share/rosbridge_msgs/local_setup.bash
[2.248s] -- Up-to-date: /home/sbel/Desktop/Cobra-Driver/workspace/install/rosbridge_msgs/share/rosbridge_msgs/local_setup.sh
[2.248s] -- Up-to-date: /home/sbel/Desktop/Cobra-Driver/workspace/install/rosbridge_msgs/share/rosbridge_msgs/local_setup.zsh
[2.248s] -- Up-to-date: /home/sbel/Desktop/Cobra-Driver/workspace/install/rosbridge_msgs/share/rosbridge_msgs/local_setup.dsv
[2.248s] -- Installing: /home/sbel/Desktop/Cobra-Driver/workspace/install/rosbridge_msgs/share/rosbridge_msgs/package.dsv
[2.249s] -- Up-to-date: /home/sbel/Desktop/Cobra-Driver/workspace/install/rosbridge_msgs/share/ament_index/resource_index/packages/rosbridge_msgs
[2.249s] -- Up-to-date: /home/sbel/Desktop/Cobra-Driver/workspace/install/rosbridge_msgs/share/rosbridge_msgs/cmake/rosbridge_msgs__rosidl_generator_cExport.cmake
[2.249s] -- Up-to-date: /home/sbel/Desktop/Cobra-Driver/workspace/install/rosbridge_msgs/share/rosbridge_msgs/cmake/rosbridge_msgs__rosidl_generator_cExport-noconfig.cmake
[2.249s] -- Up-to-date: /home/sbel/Desktop/Cobra-Driver/workspace/install/rosbridge_msgs/share/rosbridge_msgs/cmake/rosbridge_msgs__rosidl_typesupport_introspection_cExport.cmake
[2.249s] -- Up-to-date: /home/sbel/Desktop/Cobra-Driver/workspace/install/rosbridge_msgs/share/rosbridge_msgs/cmake/rosbridge_msgs__rosidl_typesupport_introspection_cExport-noconfig.cmake
[2.249s] -- Up-to-date: /home/sbel/Desktop/Cobra-Driver/workspace/install/rosbridge_msgs/share/rosbridge_msgs/cmake/rosbridge_msgs__rosidl_typesupport_cExport.cmake
[2.250s] -- Up-to-date: /home/sbel/Desktop/Cobra-Driver/workspace/install/rosbridge_msgs/share/rosbridge_msgs/cmake/rosbridge_msgs__rosidl_typesupport_cExport-noconfig.cmake
[2.250s] -- Up-to-date: /home/sbel/Desktop/Cobra-Driver/workspace/install/rosbridge_msgs/share/rosbridge_msgs/cmake/rosbridge_msgs__rosidl_generator_cppExport.cmake
[2.250s] -- Up-to-date: /home/sbel/Desktop/Cobra-Driver/workspace/install/rosbridge_msgs/share/rosbridge_msgs/cmake/rosbridge_msgs__rosidl_typesupport_introspection_cppExport.cmake
[2.250s] -- Up-to-date: /home/sbel/Desktop/Cobra-Driver/workspace/install/rosbridge_msgs/share/rosbridge_msgs/cmake/rosbridge_msgs__rosidl_typesupport_introspection_cppExport-noconfig.cmake
[2.250s] -- Up-to-date: /home/sbel/Desktop/Cobra-Driver/workspace/install/rosbridge_msgs/share/rosbridge_msgs/cmake/rosbridge_msgs__rosidl_typesupport_cppExport.cmake
[2.251s] -- Up-to-date: /home/sbel/Desktop/Cobra-Driver/workspace/install/rosbridge_msgs/share/rosbridge_msgs/cmake/rosbridge_msgs__rosidl_typesupport_cppExport-noconfig.cmake
[2.251s] -- Up-to-date: /home/sbel/Desktop/Cobra-Driver/workspace/install/rosbridge_msgs/share/rosbridge_msgs/cmake/rosidl_cmake-extras.cmake
[2.251s] -- Up-to-date: /home/sbel/Desktop/Cobra-Driver/workspace/install/rosbridge_msgs/share/rosbridge_msgs/cmake/ament_cmake_export_dependencies-extras.cmake
[2.251s] -- Up-to-date: /home/sbel/Desktop/Cobra-Driver/workspace/install/rosbridge_msgs/share/rosbridge_msgs/cmake/ament_cmake_export_libraries-extras.cmake
[2.252s] -- Up-to-date: /home/sbel/Desktop/Cobra-Driver/workspace/install/rosbridge_msgs/share/rosbridge_msgs/cmake/ament_cmake_export_targets-extras.cmake
[2.252s] -- Up-to-date: /home/sbel/Desktop/Cobra-Driver/workspace/install/rosbridge_msgs/share/rosbridge_msgs/cmake/ament_cmake_export_include_directories-extras.cmake
[2.252s] -- Up-to-date: /home/sbel/Desktop/Cobra-Driver/workspace/install/rosbridge_msgs/share/rosbridge_msgs/cmake/rosidl_cmake_export_typesupport_libraries-extras.cmake
[2.252s] -- Up-to-date: /home/sbel/Desktop/Cobra-Driver/workspace/install/rosbridge_msgs/share/rosbridge_msgs/cmake/rosidl_cmake_export_typesupport_targets-extras.cmake
[2.252s] -- Up-to-date: /home/sbel/Desktop/Cobra-Driver/workspace/install/rosbridge_msgs/share/rosbridge_msgs/cmake/rosbridge_msgsConfig.cmake
[2.253s] -- Up-to-date: /home/sbel/Desktop/Cobra-Driver/workspace/install/rosbridge_msgs/share/rosbridge_msgs/cmake/rosbridge_msgsConfig-version.cmake
[2.253s] -- Up-to-date: /home/sbel/Desktop/Cobra-Driver/workspace/install/rosbridge_msgs/share/rosbridge_msgs/package.xml
[2.268s] Invoked command in '/home/sbel/Desktop/Cobra-Driver/workspace/build/rosbridge_msgs' returned '0': CMAKE_PREFIX_PATH=${CMAKE_PREFIX_PATH}:/home/sbel/Desktop/Cobra-Driver/workspace/install/yolov5_ros2:/home/sbel/Desktop/Cobra-Driver/workspace/install/udp_to_ros:/home/sbel/Desktop/Cobra-Driver/workspace/install/common:/opt/ros/foxy /usr/bin/cmake --install /home/sbel/Desktop/Cobra-Driver/workspace/build/rosbridge_msgs
