[0.089s] Invoking command in '/home/jason/Desktop/STUDY/Cobra-Driver/workspace/build/lidarslam': CMAKE_PREFIX_PATH=/home/jason/Desktop/STUDY/Cobra-Driver/workspace/install/scanmatcher:/home/jason/Desktop/STUDY/Cobra-Driver/workspace/install/graph_based_slam:/home/jason/Desktop/STUDY/Cobra-Driver/workspace/install/ndt_omp_ros2:/home/jason/Desktop/STUDY/Cobra-Driver/workspace/install/lidarslam_msgs:/home/jason/Desktop/STUDY/Cobra-Driver/workspace/install/chrono_ros_interfaces:/home/jason/Desktop/STUDY/Cobra-Driver/workspace/install/usb_cam:/home/jason/Desktop/STUDY/Cobra-Driver/workspace/install/tf_data:/home/jason/Desktop/STUDY/Cobra-Driver/workspace/install/lidarslam:/home/jason/Desktop/STUDY/Cobra-Driver/workspace/install/rosbridge_test_msgs:/home/jason/Desktop/STUDY/Cobra-Driver/workspace/install/rosbridge_suite:/home/jason/Desktop/STUDY/Cobra-Driver/workspace/install/rosbridge_server:/home/jason/Desktop/STUDY/Cobra-Driver/workspace/install/rosbridge_msgs:/home/jason/Desktop/STUDY/Cobra-Driver/workspace/install/rosapi:/home/jason/Desktop/STUDY/Cobra-Driver/workspace/install/rosbridge_library:/home/jason/Desktop/STUDY/Cobra-Driver/workspace/install/rosapi_msgs:/home/jason/Desktop/STUDY/Cobra-Driver/workspace/src/waypoint_seeker/install/waypoint_seeker:/home/jason/Desktop/STUDY/Cobra-Driver/workspace/install/yolov5_ros2:/home/jason/Desktop/STUDY/Cobra-Driver/workspace/install/waypoint_seeker:/home/jason/Desktop/STUDY/Cobra-Driver/workspace/install/udp_to_ros:/home/jason/Desktop/STUDY/Cobra-Driver/workspace/install/tcp_cam_sender:/home/jason/Desktop/STUDY/Cobra-Driver/workspace/install/ptcloud_save:/home/jason/Desktop/STUDY/Cobra-Driver/workspace/install/common:/opt/ros/iron LD_LIBRARY_PATH=/home/jason/Desktop/STUDY/Cobra-Driver/workspace/install/scanmatcher/lib:/home/jason/Desktop/STUDY/Cobra-Driver/workspace/install/graph_based_slam/lib:/home/jason/Desktop/STUDY/Cobra-Driver/workspace/install/lidarslam_msgs/lib:/home/jason/Desktop/STUDY/Cobra-Driver/workspace/install/chrono_ros_interfaces/lib:/home/jason/Desktop/STUDY/Cobra-Driver/workspace/install/usb_cam/lib:/home/jason/Desktop/STUDY/Cobra-Driver/workspace/install/rosbridge_test_msgs/lib:/home/jason/Desktop/STUDY/Cobra-Driver/workspace/install/rosbridge_msgs/lib:/home/jason/Desktop/STUDY/Cobra-Driver/workspace/install/rosapi_msgs/lib:/usr/local/cuda-12.0/targets/x86_64-linux/lib/:/opt/ros/iron/opt/rviz_ogre_vendor/lib:/opt/ros/iron/lib/x86_64-linux-gnu:/opt/ros/iron/lib PYTHONPATH=/home/jason/Desktop/STUDY/Cobra-Driver/workspace/install/lidarslam_msgs/lib/python3.10/site-packages:/home/jason/Desktop/STUDY/Cobra-Driver/workspace/install/chrono_ros_interfaces/lib/python3.10/site-packages:/home/jason/Desktop/STUDY/Cobra-Driver/workspace/src/waypoint_seeker/install/waypoint_seeker/lib/python3.10/site-packages:/home/jason/Desktop/STUDY/Cobra-Driver/workspace/install/yolov5_ros2/lib/python3.10/site-packages:/home/jason/Desktop/STUDY/Cobra-Driver/workspace/install/waypoint_seeker/lib/python3.10/site-packages:/home/jason/Desktop/STUDY/Cobra-Driver/workspace/install/udp_to_ros/lib/python3.10/site-packages:/home/jason/Desktop/STUDY/Cobra-Driver/workspace/install/tcp_cam_sender/lib/python3.10/site-packages:/home/jason/Desktop/STUDY/Cobra-Driver/workspace/install/rosbridge_test_msgs/lib/python3.10/site-packages:/home/jason/Desktop/STUDY/Cobra-Driver/workspace/install/rosbridge_server/lib/python3.10/site-packages:/home/jason/Desktop/STUDY/Cobra-Driver/workspace/install/rosbridge_msgs/lib/python3.10/site-packages:/home/jason/Desktop/STUDY/Cobra-Driver/workspace/install/rosapi/lib/python3.10/site-packages:/home/jason/Desktop/STUDY/Cobra-Driver/workspace/install/rosbridge_library/lib/python3.10/site-packages:/home/jason/Desktop/STUDY/Cobra-Driver/workspace/install/rosapi_msgs/lib/python3.10/site-packages:/home/jason/Desktop/STUDY/Cobra-Driver/workspace/install/ptcloud_save/lib/python3.10/site-packages:/home/jason/Desktop/STUDY/Cobra-Driver/workspace/install/common/lib/python3.10/site-packages:/opt/ros/iron/lib/python3.10/site-packages /home/jason/.local/bin/cmake /home/jason/Desktop/STUDY/Cobra-Driver/workspace/src/lidarslam_ros2/lidarslam -DCMAKE_INSTALL_PREFIX=/home/jason/Desktop/STUDY/Cobra-Driver/workspace/install/lidarslam
[0.176s] -- The C compiler identification is GNU 11.4.0
[0.232s] -- The CXX compiler identification is GNU 11.4.0
[0.250s] -- Detecting C compiler ABI info
[0.314s] -- Detecting C compiler ABI info - done
[0.324s] -- Check for working C compiler: /usr/bin/cc - skipped
[0.324s] -- Detecting C compile features
[0.325s] -- Detecting C compile features - done
[0.334s] -- Detecting CXX compiler ABI info
[0.405s] -- Detecting CXX compiler ABI info - done
[0.415s] -- Check for working CXX compiler: /usr/bin/c++ - skipped
[0.416s] -- Detecting CXX compile features
[0.416s] -- Detecting CXX compile features - done
[0.421s] -- Found ament_cmake: 2.0.3 (/opt/ros/iron/share/ament_cmake/cmake)
[0.915s] -- Found Python3: /usr/bin/python3.10 (found version "3.10.12") found components: Interpreter 
[1.031s] -- Found rclcpp: 21.0.3 (/opt/ros/iron/share/rclcpp/cmake)
[1.118s] -- Found rosidl_generator_c: 4.0.1 (/opt/ros/iron/share/rosidl_generator_c/cmake)
[1.140s] -- Found rosidl_generator_cpp: 4.0.1 (/opt/ros/iron/share/rosidl_generator_cpp/cmake)
[1.166s] -- Using all available rosidl_typesupport_c: rosidl_typesupport_fastrtps_c;rosidl_typesupport_introspection_c
[1.198s] -- Using all available rosidl_typesupport_cpp: rosidl_typesupport_fastrtps_cpp;rosidl_typesupport_introspection_cpp
[1.403s] -- Found rmw_implementation_cmake: 7.1.0 (/opt/ros/iron/share/rmw_implementation_cmake/cmake)
[1.409s] -- Found rmw_fastrtps_cpp: 7.1.1 (/opt/ros/iron/share/rmw_fastrtps_cpp/cmake)
[1.552s] -- Found OpenSSL: /usr/lib/x86_64-linux-gnu/libcrypto.so (found version "3.0.2")  
[1.590s] -- Found FastRTPS: /opt/ros/iron/include  
[1.650s] -- Using RMW implementation 'rmw_fastrtps_cpp' as default
[1.852s] -- Found scanmatcher: 0.0.0 (/home/jason/Desktop/STUDY/Cobra-Driver/workspace/install/scanmatcher/share/scanmatcher/cmake)
[2.505s] -- Found eigen3_cmake_module: 0.2.2 (/opt/ros/iron/share/eigen3_cmake_module/cmake)
[2.506s] -- Found Eigen3: TRUE (found version "3.4.0") 
[2.506s] -- Ensuring Eigen3 include directory is part of orocos-kdl CMake target
[3.304s] -- Found graph_based_slam: 0.0.0 (/home/jason/Desktop/STUDY/Cobra-Driver/workspace/install/graph_based_slam/share/graph_based_slam/cmake)
[3.310s] -- Found std_srvs: 5.0.0 (/opt/ros/iron/share/std_srvs/cmake)
[3.375s] [33mCMake Warning (dev) at /usr/lib/x86_64-linux-gnu/cmake/pcl/PCLConfig.cmake:146 (find_package):
[3.375s]   Policy CMP0144 is not set: find_package uses upper-case <PACKAGENAME>_ROOT
[3.375s]   variables.  Run "cmake --help-policy CMP0144" for policy details.  Use the
[3.375s]   cmake_policy command to set the policy and suppress this warning.
[3.375s] 
[3.376s]   CMake variable EIGEN_ROOT is set to:
[3.376s] 
[3.376s]     /usr/include/eigen3
[3.376s] 
[3.376s]   For compatibility, find_package is ignoring the variable, but code in a
[3.376s]   .cmake module might still use it.
[3.376s] Call Stack (most recent call first):
[3.376s]   /usr/lib/x86_64-linux-gnu/cmake/pcl/PCLConfig.cmake:299 (find_eigen)
[3.376s]   /usr/lib/x86_64-linux-gnu/cmake/pcl/PCLConfig.cmake:543 (find_external_library)
[3.376s]   CMakeLists.txt:33 (find_package)
[3.376s] This warning is for project developers.  Use -Wno-dev to suppress it.
[3.376s] [0m
[3.380s] -- Checking for module 'eigen3'
[3.396s] --   Found eigen3, version 3.4.0
[3.435s] -- Found Eigen: /usr/include/eigen3 (Required is at least version "3.1") 
[3.435s] -- Eigen found (include: /usr/include/eigen3, version: 3.4.0)
[3.469s] -- Found Boost: /usr/lib/x86_64-linux-gnu/cmake/Boost-1.74.0/BoostConfig.cmake (found suitable version "1.74.0", minimum required is "1.65.0") found components: system filesystem date_time iostreams serialization 
[3.471s] [33mCMake Warning (dev) at /usr/lib/x86_64-linux-gnu/cmake/pcl/Modules/FindFLANN.cmake:44 (find_package):
[3.471s]   Policy CMP0144 is not set: find_package uses upper-case <PACKAGENAME>_ROOT
[3.471s]   variables.  Run "cmake --help-policy CMP0144" for policy details.  Use the
[3.471s]   cmake_policy command to set the policy and suppress this warning.
[3.471s] 
[3.471s]   CMake variable FLANN_ROOT is set to:
[3.471s] 
[3.471s]     /usr
[3.471s] 
[3.471s]   For compatibility, find_package is ignoring the variable, but code in a
[3.471s]   .cmake module might still use it.
[3.472s] Call Stack (most recent call first):
[3.472s]   /usr/lib/x86_64-linux-gnu/cmake/pcl/PCLConfig.cmake:256 (find_package)
[3.472s]   /usr/lib/x86_64-linux-gnu/cmake/pcl/PCLConfig.cmake:301 (find_flann)
[3.472s]   /usr/lib/x86_64-linux-gnu/cmake/pcl/PCLConfig.cmake:543 (find_external_library)
[3.472s]   CMakeLists.txt:33 (find_package)
[3.472s] This warning is for project developers.  Use -Wno-dev to suppress it.
[3.472s] [0m
[3.492s] -- Checking for module 'flann'
[3.509s] --   Found flann, version 1.9.1
[3.558s] -- Found FLANN: /usr/lib/x86_64-linux-gnu/libflann_cpp.so  
[3.558s] -- FLANN found (include: /usr/include, lib: /usr/lib/x86_64-linux-gnu/libflann_cpp.so)
[3.598s] -- Performing Test CMAKE_HAVE_LIBC_PTHREAD
[3.662s] -- Performing Test CMAKE_HAVE_LIBC_PTHREAD - Success
[3.663s] -- Found Threads: TRUE  
[3.665s] -- Found GLEW: /usr/lib/x86_64-linux-gnu/libGLEW.so  
[3.674s] -- Found OpenGL: /usr/lib/x86_64-linux-gnu/libOpenGL.so  found components: OpenGL GLX 
[3.807s] -- Found MPI_C: /usr/lib/x86_64-linux-gnu/libmpi.so (found version "3.1") 
[3.807s] -- Found MPI: TRUE (found version "3.1") found components: C 
[3.810s] -- Found JsonCpp: /usr/lib/x86_64-linux-gnu/libjsoncpp.so (found suitable version "1.9.5", minimum required is "0.7.0") 
[3.830s] -- Found ZLIB: /usr/lib/x86_64-linux-gnu/libz.so (found version "1.2.11")  
[3.865s] -- Found PNG: /usr/lib/x86_64-linux-gnu/libpng.so (found version "1.6.37") 
[3.879s] -- Found Eigen3: /usr/include/eigen3 (found version "3.4.0") 
[4.066s] -- Found X11: /usr/include   
[4.066s] -- Looking for XOpenDisplay in /usr/lib/x86_64-linux-gnu/libX11.so;/usr/lib/x86_64-linux-gnu/libXext.so
[4.130s] -- Looking for XOpenDisplay in /usr/lib/x86_64-linux-gnu/libX11.so;/usr/lib/x86_64-linux-gnu/libXext.so - found
[4.130s] -- Looking for gethostbyname
[4.190s] -- Looking for gethostbyname - found
[4.190s] -- Looking for connect
[4.249s] -- Looking for connect - found
[4.249s] -- Looking for remove
[4.309s] -- Looking for remove - found
[4.309s] -- Looking for shmat
[4.369s] -- Looking for shmat - found
[4.369s] -- Looking for IceConnectionNumber in ICE
[4.430s] -- Looking for IceConnectionNumber in ICE - found
[4.600s] -- Found EXPAT: /usr/lib/x86_64-linux-gnu/libexpat.so (found version "2.4.7") 
[4.602s] -- Found double-conversion: /usr/lib/x86_64-linux-gnu/libdouble-conversion.so  
[4.606s] -- Found LZ4: /usr/lib/x86_64-linux-gnu/liblz4.so (found version "1.9.3") 
[4.608s] -- Found LZMA: /usr/lib/x86_64-linux-gnu/liblzma.so (found version "5.2.5") 
[4.628s] -- Found JPEG: /usr/lib/x86_64-linux-gnu/libjpeg.so (found version "80") 
[4.635s] -- Found TIFF: /usr/lib/x86_64-linux-gnu/libtiff.so (found version "4.3.0")  
[4.645s] -- Found Freetype: /usr/lib/x86_64-linux-gnu/libfreetype.so (found version "2.11.1") 
[4.650s] -- Found utf8cpp: /usr/include/utf8cpp  
[4.747s] -- Checking for module 'libusb-1.0'
[4.766s] --   Found libusb-1.0, version 1.0.25
[4.811s] -- Found libusb: /usr/lib/x86_64-linux-gnu/libusb-1.0.so  
[4.812s] -- Found OpenNI: /usr/lib/libOpenNI.so;libusb::libusb (found version "1.5.4.0") 
[4.812s] -- OpenNI found (version: 1.5.4.0, include: /usr/include/ni, lib: /usr/lib/libOpenNI.so;libusb::libusb)
[4.884s] -- Found OpenNI2: /usr/lib/x86_64-linux-gnu/libOpenNI2.so;libusb::libusb (found version "2.2.0.33") 
[4.884s] -- OpenNI2 found (version: 2.2.0.33, include: /usr/include/openni2, lib: /usr/lib/x86_64-linux-gnu/libOpenNI2.so;libusb::libusb)
[4.884s] [0m** WARNING ** io features related to pcap will be disabled[0m
[5.219s] -- Eigen found (include: /usr/include/eigen3, version: 3.4.0)
[5.226s] -- OpenNI found (version: 1.5.4.0, include: /usr/include/ni, lib: /usr/lib/libOpenNI.so;libusb::libusb)
[5.233s] -- OpenNI2 found (version: 2.2.0.33, include: /usr/include/openni2, lib: /usr/lib/x86_64-linux-gnu/libOpenNI2.so;libusb::libusb)
[5.560s] -- Found Qhull version 8.0.2
[5.894s] -- OpenNI found (version: 1.5.4.0, include: /usr/include/ni, lib: /usr/lib/libOpenNI.so;libusb::libusb)
[6.215s] -- looking for PCL_COMMON
[6.216s] -- Found PCL_COMMON: /usr/lib/x86_64-linux-gnu/libpcl_common.so  
[6.216s] -- looking for PCL_KDTREE
[6.217s] -- Found PCL_KDTREE: /usr/lib/x86_64-linux-gnu/libpcl_kdtree.so  
[6.217s] -- looking for PCL_OCTREE
[6.218s] -- Found PCL_OCTREE: /usr/lib/x86_64-linux-gnu/libpcl_octree.so  
[6.218s] -- looking for PCL_SEARCH
[6.219s] -- Found PCL_SEARCH: /usr/lib/x86_64-linux-gnu/libpcl_search.so  
[6.219s] -- looking for PCL_SAMPLE_CONSENSUS
[6.220s] -- Found PCL_SAMPLE_CONSENSUS: /usr/lib/x86_64-linux-gnu/libpcl_sample_consensus.so  
[6.220s] -- looking for PCL_FILTERS
[6.221s] -- Found PCL_FILTERS: /usr/lib/x86_64-linux-gnu/libpcl_filters.so  
[6.221s] -- looking for PCL_2D
[6.221s] -- Found PCL_2D: /usr/include/pcl-1.12  
[6.221s] -- looking for PCL_GEOMETRY
[6.222s] -- Found PCL_GEOMETRY: /usr/include/pcl-1.12  
[6.222s] -- looking for PCL_IO
[6.223s] -- Found PCL_IO: /usr/lib/x86_64-linux-gnu/libpcl_io.so  
[6.223s] -- looking for PCL_FEATURES
[6.224s] -- Found PCL_FEATURES: /usr/lib/x86_64-linux-gnu/libpcl_features.so  
[6.225s] -- looking for PCL_ML
[6.226s] -- Found PCL_ML: /usr/lib/x86_64-linux-gnu/libpcl_ml.so  
[6.226s] -- looking for PCL_SEGMENTATION
[6.227s] -- Found PCL_SEGMENTATION: /usr/lib/x86_64-linux-gnu/libpcl_segmentation.so  
[6.227s] -- looking for PCL_VISUALIZATION
[6.228s] -- Found PCL_VISUALIZATION: /usr/lib/x86_64-linux-gnu/libpcl_visualization.so  
[6.228s] -- looking for PCL_SURFACE
[6.229s] -- Found PCL_SURFACE: /usr/lib/x86_64-linux-gnu/libpcl_surface.so  
[6.229s] -- looking for PCL_REGISTRATION
[6.230s] -- Found PCL_REGISTRATION: /usr/lib/x86_64-linux-gnu/libpcl_registration.so  
[6.231s] -- looking for PCL_KEYPOINTS
[6.231s] -- Found PCL_KEYPOINTS: /usr/lib/x86_64-linux-gnu/libpcl_keypoints.so  
[6.232s] -- looking for PCL_TRACKING
[6.233s] -- Found PCL_TRACKING: /usr/lib/x86_64-linux-gnu/libpcl_tracking.so  
[6.233s] -- looking for PCL_RECOGNITION
[6.234s] -- Found PCL_RECOGNITION: /usr/lib/x86_64-linux-gnu/libpcl_recognition.so  
[6.234s] -- looking for PCL_STEREO
[6.235s] -- Found PCL_STEREO: /usr/lib/x86_64-linux-gnu/libpcl_stereo.so  
[6.235s] -- looking for PCL_APPS
[6.236s] -- Found PCL_APPS: /usr/lib/x86_64-linux-gnu/libpcl_apps.so  
[6.236s] -- looking for PCL_IN_HAND_SCANNER
[6.237s] -- Found PCL_IN_HAND_SCANNER: /usr/include/pcl-1.12  
[6.237s] -- looking for PCL_MODELER
[6.237s] -- Found PCL_MODELER: /usr/include/pcl-1.12  
[6.237s] -- looking for PCL_POINT_CLOUD_EDITOR
[6.237s] -- Found PCL_POINT_CLOUD_EDITOR: /usr/include/pcl-1.12  
[6.238s] -- looking for PCL_OUTOFCORE
[6.238s] -- Found PCL_OUTOFCORE: /usr/lib/x86_64-linux-gnu/libpcl_outofcore.so  
[6.239s] -- looking for PCL_PEOPLE
[6.240s] -- Found PCL_PEOPLE: /usr/lib/x86_64-linux-gnu/libpcl_people.so  
[6.240s] -- Found PCL: pcl_common;pcl_kdtree;pcl_octree;pcl_search;pcl_sample_consensus;pcl_filters;pcl_io;pcl_features;pcl_ml;pcl_segmentation;pcl_visualization;pcl_surface;pcl_registration;pcl_keypoints;pcl_tracking;pcl_recognition;pcl_stereo;pcl_apps;pcl_outofcore;pcl_people;Boost::system;Boost::filesystem;Boost::date_time;Boost::iostreams;Boost::serialization;/usr/lib/libOpenNI.so;libusb::libusb;/usr/lib/x86_64-linux-gnu/libOpenNI2.so;libusb::libusb;VTK::ChartsCore;VTK::CommonColor;VTK::CommonComputationalGeometry;VTK::CommonCore;VTK::CommonDataModel;VTK::CommonExecutionModel;VTK::CommonMath;VTK::CommonMisc;VTK::CommonTransforms;VTK::FiltersCore;VTK::FiltersExtraction;VTK::FiltersGeneral;VTK::FiltersGeometry;VTK::FiltersModeling;VTK::FiltersSources;VTK::ImagingCore;VTK::ImagingSources;VTK::InteractionImage;VTK::InteractionStyle;VTK::InteractionWidgets;VTK::IOCore;VTK::IOGeometry;VTK::IOImage;VTK::IOLegacy;VTK::IOPLY;VTK::RenderingAnnotation;VTK::RenderingCore;VTK::RenderingContext2D;VTK::RenderingLOD;VTK::RenderingFreeType;VTK::ViewsCore;VTK::ViewsContext2D;VTK::RenderingOpenGL2;VTK::GUISupportQt;FLANN::FLANN;QHULL::QHULL  
[6.458s] -- Found OpenMP_C: -fopenmp (found version "4.5") 
[6.534s] -- Found OpenMP_CXX: -fopenmp (found version "4.5") 
[6.534s] -- Found OpenMP: TRUE (found version "4.5")  
[6.540s] -- Found Eigen3: TRUE (found version "3.4.0") 
[6.542s] -- Found OpenGL: /usr/lib/x86_64-linux-gnu/libOpenGL.so   
[6.559s] -- Found ament_lint_auto: 0.14.2 (/opt/ros/iron/share/ament_lint_auto/cmake)
[7.210s] -- Added test 'copyright' to check source files copyright and LICENSE
[7.213s] -- Added test 'cppcheck' to perform static code analysis on C / C++ code
[7.213s] -- Configured cppcheck include dirs: /home/jason/Desktop/STUDY/Cobra-Driver/workspace/src/lidarslam_ros2/lidarslam/include
[7.213s] -- Configured cppcheck exclude dirs and/or files: 
[7.216s] -- Added test 'cpplint' to check C / C++ code against the Google style
[7.216s] -- Configured cpplint exclude dirs and/or files: 
[7.217s] -- Added test 'flake8' to check Python code syntax and style conventions
[7.217s] -- Configured 'flake8' exclude dirs and/or files: 
[7.218s] -- Added test 'lint_cmake' to check CMake code style
[7.219s] -- Added test 'pep257' to check Python code against some of the docstring style conventions in PEP 257
[7.221s] -- Added test 'uncrustify' to check C / C++ code style
[7.221s] -- Configured uncrustify additional arguments: 
[7.223s] -- Added test 'xmllint' to check XML markup files
[7.225s] -- Configuring done (7.1s)
[7.297s] -- Generating done (0.1s)
[7.300s] -- Build files have been written to: /home/jason/Desktop/STUDY/Cobra-Driver/workspace/build/lidarslam
[7.319s] Invoked command in '/home/jason/Desktop/STUDY/Cobra-Driver/workspace/build/lidarslam' returned '0': CMAKE_PREFIX_PATH=/home/jason/Desktop/STUDY/Cobra-Driver/workspace/install/scanmatcher:/home/jason/Desktop/STUDY/Cobra-Driver/workspace/install/graph_based_slam:/home/jason/Desktop/STUDY/Cobra-Driver/workspace/install/ndt_omp_ros2:/home/jason/Desktop/STUDY/Cobra-Driver/workspace/install/lidarslam_msgs:/home/jason/Desktop/STUDY/Cobra-Driver/workspace/install/chrono_ros_interfaces:/home/jason/Desktop/STUDY/Cobra-Driver/workspace/install/usb_cam:/home/jason/Desktop/STUDY/Cobra-Driver/workspace/install/tf_data:/home/jason/Desktop/STUDY/Cobra-Driver/workspace/install/lidarslam:/home/jason/Desktop/STUDY/Cobra-Driver/workspace/install/rosbridge_test_msgs:/home/jason/Desktop/STUDY/Cobra-Driver/workspace/install/rosbridge_suite:/home/jason/Desktop/STUDY/Cobra-Driver/workspace/install/rosbridge_server:/home/jason/Desktop/STUDY/Cobra-Driver/workspace/install/rosbridge_msgs:/home/jason/Desktop/STUDY/Cobra-Driver/workspace/install/rosapi:/home/jason/Desktop/STUDY/Cobra-Driver/workspace/install/rosbridge_library:/home/jason/Desktop/STUDY/Cobra-Driver/workspace/install/rosapi_msgs:/home/jason/Desktop/STUDY/Cobra-Driver/workspace/src/waypoint_seeker/install/waypoint_seeker:/home/jason/Desktop/STUDY/Cobra-Driver/workspace/install/yolov5_ros2:/home/jason/Desktop/STUDY/Cobra-Driver/workspace/install/waypoint_seeker:/home/jason/Desktop/STUDY/Cobra-Driver/workspace/install/udp_to_ros:/home/jason/Desktop/STUDY/Cobra-Driver/workspace/install/tcp_cam_sender:/home/jason/Desktop/STUDY/Cobra-Driver/workspace/install/ptcloud_save:/home/jason/Desktop/STUDY/Cobra-Driver/workspace/install/common:/opt/ros/iron LD_LIBRARY_PATH=/home/jason/Desktop/STUDY/Cobra-Driver/workspace/install/scanmatcher/lib:/home/jason/Desktop/STUDY/Cobra-Driver/workspace/install/graph_based_slam/lib:/home/jason/Desktop/STUDY/Cobra-Driver/workspace/install/lidarslam_msgs/lib:/home/jason/Desktop/STUDY/Cobra-Driver/workspace/install/chrono_ros_interfaces/lib:/home/jason/Desktop/STUDY/Cobra-Driver/workspace/install/usb_cam/lib:/home/jason/Desktop/STUDY/Cobra-Driver/workspace/install/rosbridge_test_msgs/lib:/home/jason/Desktop/STUDY/Cobra-Driver/workspace/install/rosbridge_msgs/lib:/home/jason/Desktop/STUDY/Cobra-Driver/workspace/install/rosapi_msgs/lib:/usr/local/cuda-12.0/targets/x86_64-linux/lib/:/opt/ros/iron/opt/rviz_ogre_vendor/lib:/opt/ros/iron/lib/x86_64-linux-gnu:/opt/ros/iron/lib PYTHONPATH=/home/jason/Desktop/STUDY/Cobra-Driver/workspace/install/lidarslam_msgs/lib/python3.10/site-packages:/home/jason/Desktop/STUDY/Cobra-Driver/workspace/install/chrono_ros_interfaces/lib/python3.10/site-packages:/home/jason/Desktop/STUDY/Cobra-Driver/workspace/src/waypoint_seeker/install/waypoint_seeker/lib/python3.10/site-packages:/home/jason/Desktop/STUDY/Cobra-Driver/workspace/install/yolov5_ros2/lib/python3.10/site-packages:/home/jason/Desktop/STUDY/Cobra-Driver/workspace/install/waypoint_seeker/lib/python3.10/site-packages:/home/jason/Desktop/STUDY/Cobra-Driver/workspace/install/udp_to_ros/lib/python3.10/site-packages:/home/jason/Desktop/STUDY/Cobra-Driver/workspace/install/tcp_cam_sender/lib/python3.10/site-packages:/home/jason/Desktop/STUDY/Cobra-Driver/workspace/install/rosbridge_test_msgs/lib/python3.10/site-packages:/home/jason/Desktop/STUDY/Cobra-Driver/workspace/install/rosbridge_server/lib/python3.10/site-packages:/home/jason/Desktop/STUDY/Cobra-Driver/workspace/install/rosbridge_msgs/lib/python3.10/site-packages:/home/jason/Desktop/STUDY/Cobra-Driver/workspace/install/rosapi/lib/python3.10/site-packages:/home/jason/Desktop/STUDY/Cobra-Driver/workspace/install/rosbridge_library/lib/python3.10/site-packages:/home/jason/Desktop/STUDY/Cobra-Driver/workspace/install/rosapi_msgs/lib/python3.10/site-packages:/home/jason/Desktop/STUDY/Cobra-Driver/workspace/install/ptcloud_save/lib/python3.10/site-packages:/home/jason/Desktop/STUDY/Cobra-Driver/workspace/install/common/lib/python3.10/site-packages:/opt/ros/iron/lib/python3.10/site-packages /home/jason/.local/bin/cmake /home/jason/Desktop/STUDY/Cobra-Driver/workspace/src/lidarslam_ros2/lidarslam -DCMAKE_INSTALL_PREFIX=/home/jason/Desktop/STUDY/Cobra-Driver/workspace/install/lidarslam
[7.321s] Invoking command in '/home/jason/Desktop/STUDY/Cobra-Driver/workspace/build/lidarslam': CMAKE_PREFIX_PATH=/home/jason/Desktop/STUDY/Cobra-Driver/workspace/install/scanmatcher:/home/jason/Desktop/STUDY/Cobra-Driver/workspace/install/graph_based_slam:/home/jason/Desktop/STUDY/Cobra-Driver/workspace/install/ndt_omp_ros2:/home/jason/Desktop/STUDY/Cobra-Driver/workspace/install/lidarslam_msgs:/home/jason/Desktop/STUDY/Cobra-Driver/workspace/install/chrono_ros_interfaces:/home/jason/Desktop/STUDY/Cobra-Driver/workspace/install/usb_cam:/home/jason/Desktop/STUDY/Cobra-Driver/workspace/install/tf_data:/home/jason/Desktop/STUDY/Cobra-Driver/workspace/install/lidarslam:/home/jason/Desktop/STUDY/Cobra-Driver/workspace/install/rosbridge_test_msgs:/home/jason/Desktop/STUDY/Cobra-Driver/workspace/install/rosbridge_suite:/home/jason/Desktop/STUDY/Cobra-Driver/workspace/install/rosbridge_server:/home/jason/Desktop/STUDY/Cobra-Driver/workspace/install/rosbridge_msgs:/home/jason/Desktop/STUDY/Cobra-Driver/workspace/install/rosapi:/home/jason/Desktop/STUDY/Cobra-Driver/workspace/install/rosbridge_library:/home/jason/Desktop/STUDY/Cobra-Driver/workspace/install/rosapi_msgs:/home/jason/Desktop/STUDY/Cobra-Driver/workspace/src/waypoint_seeker/install/waypoint_seeker:/home/jason/Desktop/STUDY/Cobra-Driver/workspace/install/yolov5_ros2:/home/jason/Desktop/STUDY/Cobra-Driver/workspace/install/waypoint_seeker:/home/jason/Desktop/STUDY/Cobra-Driver/workspace/install/udp_to_ros:/home/jason/Desktop/STUDY/Cobra-Driver/workspace/install/tcp_cam_sender:/home/jason/Desktop/STUDY/Cobra-Driver/workspace/install/ptcloud_save:/home/jason/Desktop/STUDY/Cobra-Driver/workspace/install/common:/opt/ros/iron LD_LIBRARY_PATH=/home/jason/Desktop/STUDY/Cobra-Driver/workspace/install/scanmatcher/lib:/home/jason/Desktop/STUDY/Cobra-Driver/workspace/install/graph_based_slam/lib:/home/jason/Desktop/STUDY/Cobra-Driver/workspace/install/lidarslam_msgs/lib:/home/jason/Desktop/STUDY/Cobra-Driver/workspace/install/chrono_ros_interfaces/lib:/home/jason/Desktop/STUDY/Cobra-Driver/workspace/install/usb_cam/lib:/home/jason/Desktop/STUDY/Cobra-Driver/workspace/install/rosbridge_test_msgs/lib:/home/jason/Desktop/STUDY/Cobra-Driver/workspace/install/rosbridge_msgs/lib:/home/jason/Desktop/STUDY/Cobra-Driver/workspace/install/rosapi_msgs/lib:/usr/local/cuda-12.0/targets/x86_64-linux/lib/:/opt/ros/iron/opt/rviz_ogre_vendor/lib:/opt/ros/iron/lib/x86_64-linux-gnu:/opt/ros/iron/lib PYTHONPATH=/home/jason/Desktop/STUDY/Cobra-Driver/workspace/install/lidarslam_msgs/lib/python3.10/site-packages:/home/jason/Desktop/STUDY/Cobra-Driver/workspace/install/chrono_ros_interfaces/lib/python3.10/site-packages:/home/jason/Desktop/STUDY/Cobra-Driver/workspace/src/waypoint_seeker/install/waypoint_seeker/lib/python3.10/site-packages:/home/jason/Desktop/STUDY/Cobra-Driver/workspace/install/yolov5_ros2/lib/python3.10/site-packages:/home/jason/Desktop/STUDY/Cobra-Driver/workspace/install/waypoint_seeker/lib/python3.10/site-packages:/home/jason/Desktop/STUDY/Cobra-Driver/workspace/install/udp_to_ros/lib/python3.10/site-packages:/home/jason/Desktop/STUDY/Cobra-Driver/workspace/install/tcp_cam_sender/lib/python3.10/site-packages:/home/jason/Desktop/STUDY/Cobra-Driver/workspace/install/rosbridge_test_msgs/lib/python3.10/site-packages:/home/jason/Desktop/STUDY/Cobra-Driver/workspace/install/rosbridge_server/lib/python3.10/site-packages:/home/jason/Desktop/STUDY/Cobra-Driver/workspace/install/rosbridge_msgs/lib/python3.10/site-packages:/home/jason/Desktop/STUDY/Cobra-Driver/workspace/install/rosapi/lib/python3.10/site-packages:/home/jason/Desktop/STUDY/Cobra-Driver/workspace/install/rosbridge_library/lib/python3.10/site-packages:/home/jason/Desktop/STUDY/Cobra-Driver/workspace/install/rosapi_msgs/lib/python3.10/site-packages:/home/jason/Desktop/STUDY/Cobra-Driver/workspace/install/ptcloud_save/lib/python3.10/site-packages:/home/jason/Desktop/STUDY/Cobra-Driver/workspace/install/common/lib/python3.10/site-packages:/opt/ros/iron/lib/python3.10/site-packages /home/jason/.local/bin/cmake --build /home/jason/Desktop/STUDY/Cobra-Driver/workspace/build/lidarslam -- -j16 -l16
[7.375s] [ 50%] [32mBuilding CXX object CMakeFiles/lidarslam.dir/src/lidarslam.cpp.o[0m
[22.671s] [100%] [32m[1mLinking CXX executable lidarslam[0m
[23.588s] [100%] Built target lidarslam
[23.597s] Invoked command in '/home/jason/Desktop/STUDY/Cobra-Driver/workspace/build/lidarslam' returned '0': CMAKE_PREFIX_PATH=/home/jason/Desktop/STUDY/Cobra-Driver/workspace/install/scanmatcher:/home/jason/Desktop/STUDY/Cobra-Driver/workspace/install/graph_based_slam:/home/jason/Desktop/STUDY/Cobra-Driver/workspace/install/ndt_omp_ros2:/home/jason/Desktop/STUDY/Cobra-Driver/workspace/install/lidarslam_msgs:/home/jason/Desktop/STUDY/Cobra-Driver/workspace/install/chrono_ros_interfaces:/home/jason/Desktop/STUDY/Cobra-Driver/workspace/install/usb_cam:/home/jason/Desktop/STUDY/Cobra-Driver/workspace/install/tf_data:/home/jason/Desktop/STUDY/Cobra-Driver/workspace/install/lidarslam:/home/jason/Desktop/STUDY/Cobra-Driver/workspace/install/rosbridge_test_msgs:/home/jason/Desktop/STUDY/Cobra-Driver/workspace/install/rosbridge_suite:/home/jason/Desktop/STUDY/Cobra-Driver/workspace/install/rosbridge_server:/home/jason/Desktop/STUDY/Cobra-Driver/workspace/install/rosbridge_msgs:/home/jason/Desktop/STUDY/Cobra-Driver/workspace/install/rosapi:/home/jason/Desktop/STUDY/Cobra-Driver/workspace/install/rosbridge_library:/home/jason/Desktop/STUDY/Cobra-Driver/workspace/install/rosapi_msgs:/home/jason/Desktop/STUDY/Cobra-Driver/workspace/src/waypoint_seeker/install/waypoint_seeker:/home/jason/Desktop/STUDY/Cobra-Driver/workspace/install/yolov5_ros2:/home/jason/Desktop/STUDY/Cobra-Driver/workspace/install/waypoint_seeker:/home/jason/Desktop/STUDY/Cobra-Driver/workspace/install/udp_to_ros:/home/jason/Desktop/STUDY/Cobra-Driver/workspace/install/tcp_cam_sender:/home/jason/Desktop/STUDY/Cobra-Driver/workspace/install/ptcloud_save:/home/jason/Desktop/STUDY/Cobra-Driver/workspace/install/common:/opt/ros/iron LD_LIBRARY_PATH=/home/jason/Desktop/STUDY/Cobra-Driver/workspace/install/scanmatcher/lib:/home/jason/Desktop/STUDY/Cobra-Driver/workspace/install/graph_based_slam/lib:/home/jason/Desktop/STUDY/Cobra-Driver/workspace/install/lidarslam_msgs/lib:/home/jason/Desktop/STUDY/Cobra-Driver/workspace/install/chrono_ros_interfaces/lib:/home/jason/Desktop/STUDY/Cobra-Driver/workspace/install/usb_cam/lib:/home/jason/Desktop/STUDY/Cobra-Driver/workspace/install/rosbridge_test_msgs/lib:/home/jason/Desktop/STUDY/Cobra-Driver/workspace/install/rosbridge_msgs/lib:/home/jason/Desktop/STUDY/Cobra-Driver/workspace/install/rosapi_msgs/lib:/usr/local/cuda-12.0/targets/x86_64-linux/lib/:/opt/ros/iron/opt/rviz_ogre_vendor/lib:/opt/ros/iron/lib/x86_64-linux-gnu:/opt/ros/iron/lib PYTHONPATH=/home/jason/Desktop/STUDY/Cobra-Driver/workspace/install/lidarslam_msgs/lib/python3.10/site-packages:/home/jason/Desktop/STUDY/Cobra-Driver/workspace/install/chrono_ros_interfaces/lib/python3.10/site-packages:/home/jason/Desktop/STUDY/Cobra-Driver/workspace/src/waypoint_seeker/install/waypoint_seeker/lib/python3.10/site-packages:/home/jason/Desktop/STUDY/Cobra-Driver/workspace/install/yolov5_ros2/lib/python3.10/site-packages:/home/jason/Desktop/STUDY/Cobra-Driver/workspace/install/waypoint_seeker/lib/python3.10/site-packages:/home/jason/Desktop/STUDY/Cobra-Driver/workspace/install/udp_to_ros/lib/python3.10/site-packages:/home/jason/Desktop/STUDY/Cobra-Driver/workspace/install/tcp_cam_sender/lib/python3.10/site-packages:/home/jason/Desktop/STUDY/Cobra-Driver/workspace/install/rosbridge_test_msgs/lib/python3.10/site-packages:/home/jason/Desktop/STUDY/Cobra-Driver/workspace/install/rosbridge_server/lib/python3.10/site-packages:/home/jason/Desktop/STUDY/Cobra-Driver/workspace/install/rosbridge_msgs/lib/python3.10/site-packages:/home/jason/Desktop/STUDY/Cobra-Driver/workspace/install/rosapi/lib/python3.10/site-packages:/home/jason/Desktop/STUDY/Cobra-Driver/workspace/install/rosbridge_library/lib/python3.10/site-packages:/home/jason/Desktop/STUDY/Cobra-Driver/workspace/install/rosapi_msgs/lib/python3.10/site-packages:/home/jason/Desktop/STUDY/Cobra-Driver/workspace/install/ptcloud_save/lib/python3.10/site-packages:/home/jason/Desktop/STUDY/Cobra-Driver/workspace/install/common/lib/python3.10/site-packages:/opt/ros/iron/lib/python3.10/site-packages /home/jason/.local/bin/cmake --build /home/jason/Desktop/STUDY/Cobra-Driver/workspace/build/lidarslam -- -j16 -l16
[23.650s] Invoking command in '/home/jason/Desktop/STUDY/Cobra-Driver/workspace/build/lidarslam': CMAKE_PREFIX_PATH=/home/jason/Desktop/STUDY/Cobra-Driver/workspace/install/scanmatcher:/home/jason/Desktop/STUDY/Cobra-Driver/workspace/install/graph_based_slam:/home/jason/Desktop/STUDY/Cobra-Driver/workspace/install/ndt_omp_ros2:/home/jason/Desktop/STUDY/Cobra-Driver/workspace/install/lidarslam_msgs:/home/jason/Desktop/STUDY/Cobra-Driver/workspace/install/chrono_ros_interfaces:/home/jason/Desktop/STUDY/Cobra-Driver/workspace/install/usb_cam:/home/jason/Desktop/STUDY/Cobra-Driver/workspace/install/tf_data:/home/jason/Desktop/STUDY/Cobra-Driver/workspace/install/lidarslam:/home/jason/Desktop/STUDY/Cobra-Driver/workspace/install/rosbridge_test_msgs:/home/jason/Desktop/STUDY/Cobra-Driver/workspace/install/rosbridge_suite:/home/jason/Desktop/STUDY/Cobra-Driver/workspace/install/rosbridge_server:/home/jason/Desktop/STUDY/Cobra-Driver/workspace/install/rosbridge_msgs:/home/jason/Desktop/STUDY/Cobra-Driver/workspace/install/rosapi:/home/jason/Desktop/STUDY/Cobra-Driver/workspace/install/rosbridge_library:/home/jason/Desktop/STUDY/Cobra-Driver/workspace/install/rosapi_msgs:/home/jason/Desktop/STUDY/Cobra-Driver/workspace/src/waypoint_seeker/install/waypoint_seeker:/home/jason/Desktop/STUDY/Cobra-Driver/workspace/install/yolov5_ros2:/home/jason/Desktop/STUDY/Cobra-Driver/workspace/install/waypoint_seeker:/home/jason/Desktop/STUDY/Cobra-Driver/workspace/install/udp_to_ros:/home/jason/Desktop/STUDY/Cobra-Driver/workspace/install/tcp_cam_sender:/home/jason/Desktop/STUDY/Cobra-Driver/workspace/install/ptcloud_save:/home/jason/Desktop/STUDY/Cobra-Driver/workspace/install/common:/opt/ros/iron LD_LIBRARY_PATH=/home/jason/Desktop/STUDY/Cobra-Driver/workspace/install/scanmatcher/lib:/home/jason/Desktop/STUDY/Cobra-Driver/workspace/install/graph_based_slam/lib:/home/jason/Desktop/STUDY/Cobra-Driver/workspace/install/lidarslam_msgs/lib:/home/jason/Desktop/STUDY/Cobra-Driver/workspace/install/chrono_ros_interfaces/lib:/home/jason/Desktop/STUDY/Cobra-Driver/workspace/install/usb_cam/lib:/home/jason/Desktop/STUDY/Cobra-Driver/workspace/install/rosbridge_test_msgs/lib:/home/jason/Desktop/STUDY/Cobra-Driver/workspace/install/rosbridge_msgs/lib:/home/jason/Desktop/STUDY/Cobra-Driver/workspace/install/rosapi_msgs/lib:/usr/local/cuda-12.0/targets/x86_64-linux/lib/:/opt/ros/iron/opt/rviz_ogre_vendor/lib:/opt/ros/iron/lib/x86_64-linux-gnu:/opt/ros/iron/lib PYTHONPATH=/home/jason/Desktop/STUDY/Cobra-Driver/workspace/install/lidarslam_msgs/lib/python3.10/site-packages:/home/jason/Desktop/STUDY/Cobra-Driver/workspace/install/chrono_ros_interfaces/lib/python3.10/site-packages:/home/jason/Desktop/STUDY/Cobra-Driver/workspace/src/waypoint_seeker/install/waypoint_seeker/lib/python3.10/site-packages:/home/jason/Desktop/STUDY/Cobra-Driver/workspace/install/yolov5_ros2/lib/python3.10/site-packages:/home/jason/Desktop/STUDY/Cobra-Driver/workspace/install/waypoint_seeker/lib/python3.10/site-packages:/home/jason/Desktop/STUDY/Cobra-Driver/workspace/install/udp_to_ros/lib/python3.10/site-packages:/home/jason/Desktop/STUDY/Cobra-Driver/workspace/install/tcp_cam_sender/lib/python3.10/site-packages:/home/jason/Desktop/STUDY/Cobra-Driver/workspace/install/rosbridge_test_msgs/lib/python3.10/site-packages:/home/jason/Desktop/STUDY/Cobra-Driver/workspace/install/rosbridge_server/lib/python3.10/site-packages:/home/jason/Desktop/STUDY/Cobra-Driver/workspace/install/rosbridge_msgs/lib/python3.10/site-packages:/home/jason/Desktop/STUDY/Cobra-Driver/workspace/install/rosapi/lib/python3.10/site-packages:/home/jason/Desktop/STUDY/Cobra-Driver/workspace/install/rosbridge_library/lib/python3.10/site-packages:/home/jason/Desktop/STUDY/Cobra-Driver/workspace/install/rosapi_msgs/lib/python3.10/site-packages:/home/jason/Desktop/STUDY/Cobra-Driver/workspace/install/ptcloud_save/lib/python3.10/site-packages:/home/jason/Desktop/STUDY/Cobra-Driver/workspace/install/common/lib/python3.10/site-packages:/opt/ros/iron/lib/python3.10/site-packages /home/jason/.local/bin/cmake --install /home/jason/Desktop/STUDY/Cobra-Driver/workspace/build/lidarslam
[23.675s] -- Install configuration: ""
[23.675s] -- Installing: /home/jason/Desktop/STUDY/Cobra-Driver/workspace/install/lidarslam/share/lidarslam/launch
[23.675s] -- Installing: /home/jason/Desktop/STUDY/Cobra-Driver/workspace/install/lidarslam/share/lidarslam/launch/lidarslam.launch.uwsbelrecreation.py
[23.675s] -- Installing: /home/jason/Desktop/STUDY/Cobra-Driver/workspace/install/lidarslam/share/lidarslam/launch/lidarslam.launch.py
[23.675s] -- Installing: /home/jason/Desktop/STUDY/Cobra-Driver/workspace/install/lidarslam/share/lidarslam/launch/lidarslam_tukuba.launch.py
[23.675s] -- Installing: /home/jason/Desktop/STUDY/Cobra-Driver/workspace/install/lidarslam/share/lidarslam/param
[23.675s] -- Installing: /home/jason/Desktop/STUDY/Cobra-Driver/workspace/install/lidarslam/share/lidarslam/param/lidarslam_sbelrecreational.yaml
[23.675s] -- Installing: /home/jason/Desktop/STUDY/Cobra-Driver/workspace/install/lidarslam/share/lidarslam/param/lidarslam.yaml
[23.676s] -- Installing: /home/jason/Desktop/STUDY/Cobra-Driver/workspace/install/lidarslam/share/lidarslam/param/lidarslam_tukuba.yaml
[23.676s] -- Installing: /home/jason/Desktop/STUDY/Cobra-Driver/workspace/install/lidarslam/share/lidarslam/rviz
[23.676s] -- Installing: /home/jason/Desktop/STUDY/Cobra-Driver/workspace/install/lidarslam/share/lidarslam/rviz/mapping_tukuba.rviz
[23.676s] -- Installing: /home/jason/Desktop/STUDY/Cobra-Driver/workspace/install/lidarslam/share/lidarslam/rviz/mapping.rviz
[23.676s] -- Installing: /home/jason/Desktop/STUDY/Cobra-Driver/workspace/install/lidarslam/lib/lidarslam/lidarslam
[23.696s] -- Set runtime path of "/home/jason/Desktop/STUDY/Cobra-Driver/workspace/install/lidarslam/lib/lidarslam/lidarslam" to ""
[23.696s] -- Installing: /home/jason/Desktop/STUDY/Cobra-Driver/workspace/install/lidarslam/share/ament_index/resource_index/package_run_dependencies/lidarslam
[23.696s] -- Installing: /home/jason/Desktop/STUDY/Cobra-Driver/workspace/install/lidarslam/share/ament_index/resource_index/parent_prefix_path/lidarslam
[23.696s] -- Installing: /home/jason/Desktop/STUDY/Cobra-Driver/workspace/install/lidarslam/share/lidarslam/environment/ament_prefix_path.sh
[23.696s] -- Installing: /home/jason/Desktop/STUDY/Cobra-Driver/workspace/install/lidarslam/share/lidarslam/environment/ament_prefix_path.dsv
[23.697s] -- Installing: /home/jason/Desktop/STUDY/Cobra-Driver/workspace/install/lidarslam/share/lidarslam/environment/path.sh
[23.697s] -- Installing: /home/jason/Desktop/STUDY/Cobra-Driver/workspace/install/lidarslam/share/lidarslam/environment/path.dsv
[23.697s] -- Installing: /home/jason/Desktop/STUDY/Cobra-Driver/workspace/install/lidarslam/share/lidarslam/local_setup.bash
[23.697s] -- Installing: /home/jason/Desktop/STUDY/Cobra-Driver/workspace/install/lidarslam/share/lidarslam/local_setup.sh
[23.697s] -- Installing: /home/jason/Desktop/STUDY/Cobra-Driver/workspace/install/lidarslam/share/lidarslam/local_setup.zsh
[23.697s] -- Installing: /home/jason/Desktop/STUDY/Cobra-Driver/workspace/install/lidarslam/share/lidarslam/local_setup.dsv
[23.697s] -- Installing: /home/jason/Desktop/STUDY/Cobra-Driver/workspace/install/lidarslam/share/lidarslam/package.dsv
[23.698s] -- Installing: /home/jason/Desktop/STUDY/Cobra-Driver/workspace/install/lidarslam/share/ament_index/resource_index/packages/lidarslam
[23.698s] -- Installing: /home/jason/Desktop/STUDY/Cobra-Driver/workspace/install/lidarslam/share/lidarslam/cmake/lidarslamConfig.cmake
[23.698s] -- Installing: /home/jason/Desktop/STUDY/Cobra-Driver/workspace/install/lidarslam/share/lidarslam/cmake/lidarslamConfig-version.cmake
[23.698s] -- Installing: /home/jason/Desktop/STUDY/Cobra-Driver/workspace/install/lidarslam/share/lidarslam/package.xml
[23.703s] Invoked command in '/home/jason/Desktop/STUDY/Cobra-Driver/workspace/build/lidarslam' returned '0': CMAKE_PREFIX_PATH=/home/jason/Desktop/STUDY/Cobra-Driver/workspace/install/scanmatcher:/home/jason/Desktop/STUDY/Cobra-Driver/workspace/install/graph_based_slam:/home/jason/Desktop/STUDY/Cobra-Driver/workspace/install/ndt_omp_ros2:/home/jason/Desktop/STUDY/Cobra-Driver/workspace/install/lidarslam_msgs:/home/jason/Desktop/STUDY/Cobra-Driver/workspace/install/chrono_ros_interfaces:/home/jason/Desktop/STUDY/Cobra-Driver/workspace/install/usb_cam:/home/jason/Desktop/STUDY/Cobra-Driver/workspace/install/tf_data:/home/jason/Desktop/STUDY/Cobra-Driver/workspace/install/lidarslam:/home/jason/Desktop/STUDY/Cobra-Driver/workspace/install/rosbridge_test_msgs:/home/jason/Desktop/STUDY/Cobra-Driver/workspace/install/rosbridge_suite:/home/jason/Desktop/STUDY/Cobra-Driver/workspace/install/rosbridge_server:/home/jason/Desktop/STUDY/Cobra-Driver/workspace/install/rosbridge_msgs:/home/jason/Desktop/STUDY/Cobra-Driver/workspace/install/rosapi:/home/jason/Desktop/STUDY/Cobra-Driver/workspace/install/rosbridge_library:/home/jason/Desktop/STUDY/Cobra-Driver/workspace/install/rosapi_msgs:/home/jason/Desktop/STUDY/Cobra-Driver/workspace/src/waypoint_seeker/install/waypoint_seeker:/home/jason/Desktop/STUDY/Cobra-Driver/workspace/install/yolov5_ros2:/home/jason/Desktop/STUDY/Cobra-Driver/workspace/install/waypoint_seeker:/home/jason/Desktop/STUDY/Cobra-Driver/workspace/install/udp_to_ros:/home/jason/Desktop/STUDY/Cobra-Driver/workspace/install/tcp_cam_sender:/home/jason/Desktop/STUDY/Cobra-Driver/workspace/install/ptcloud_save:/home/jason/Desktop/STUDY/Cobra-Driver/workspace/install/common:/opt/ros/iron LD_LIBRARY_PATH=/home/jason/Desktop/STUDY/Cobra-Driver/workspace/install/scanmatcher/lib:/home/jason/Desktop/STUDY/Cobra-Driver/workspace/install/graph_based_slam/lib:/home/jason/Desktop/STUDY/Cobra-Driver/workspace/install/lidarslam_msgs/lib:/home/jason/Desktop/STUDY/Cobra-Driver/workspace/install/chrono_ros_interfaces/lib:/home/jason/Desktop/STUDY/Cobra-Driver/workspace/install/usb_cam/lib:/home/jason/Desktop/STUDY/Cobra-Driver/workspace/install/rosbridge_test_msgs/lib:/home/jason/Desktop/STUDY/Cobra-Driver/workspace/install/rosbridge_msgs/lib:/home/jason/Desktop/STUDY/Cobra-Driver/workspace/install/rosapi_msgs/lib:/usr/local/cuda-12.0/targets/x86_64-linux/lib/:/opt/ros/iron/opt/rviz_ogre_vendor/lib:/opt/ros/iron/lib/x86_64-linux-gnu:/opt/ros/iron/lib PYTHONPATH=/home/jason/Desktop/STUDY/Cobra-Driver/workspace/install/lidarslam_msgs/lib/python3.10/site-packages:/home/jason/Desktop/STUDY/Cobra-Driver/workspace/install/chrono_ros_interfaces/lib/python3.10/site-packages:/home/jason/Desktop/STUDY/Cobra-Driver/workspace/src/waypoint_seeker/install/waypoint_seeker/lib/python3.10/site-packages:/home/jason/Desktop/STUDY/Cobra-Driver/workspace/install/yolov5_ros2/lib/python3.10/site-packages:/home/jason/Desktop/STUDY/Cobra-Driver/workspace/install/waypoint_seeker/lib/python3.10/site-packages:/home/jason/Desktop/STUDY/Cobra-Driver/workspace/install/udp_to_ros/lib/python3.10/site-packages:/home/jason/Desktop/STUDY/Cobra-Driver/workspace/install/tcp_cam_sender/lib/python3.10/site-packages:/home/jason/Desktop/STUDY/Cobra-Driver/workspace/install/rosbridge_test_msgs/lib/python3.10/site-packages:/home/jason/Desktop/STUDY/Cobra-Driver/workspace/install/rosbridge_server/lib/python3.10/site-packages:/home/jason/Desktop/STUDY/Cobra-Driver/workspace/install/rosbridge_msgs/lib/python3.10/site-packages:/home/jason/Desktop/STUDY/Cobra-Driver/workspace/install/rosapi/lib/python3.10/site-packages:/home/jason/Desktop/STUDY/Cobra-Driver/workspace/install/rosbridge_library/lib/python3.10/site-packages:/home/jason/Desktop/STUDY/Cobra-Driver/workspace/install/rosapi_msgs/lib/python3.10/site-packages:/home/jason/Desktop/STUDY/Cobra-Driver/workspace/install/ptcloud_save/lib/python3.10/site-packages:/home/jason/Desktop/STUDY/Cobra-Driver/workspace/install/common/lib/python3.10/site-packages:/opt/ros/iron/lib/python3.10/site-packages /home/jason/.local/bin/cmake --install /home/jason/Desktop/STUDY/Cobra-Driver/workspace/build/lidarslam
