[3.554s] Invoking command in '/home/jason/Desktop/STUDY/Cobra-Driver/workspace/src/ptcloud_save': PYTHONPATH=/home/jason/Desktop/STUDY/Cobra-Driver/workspace/build/ptcloud_save/prefix_override:/home/jason/Desktop/STUDY/Cobra-Driver/workspace/install/ptcloud_save/lib/python3.10/site-packages:${PYTHONPATH} /usr/bin/python3 setup.py egg_info --egg-base ../../build/ptcloud_save build --build-base /home/jason/Desktop/STUDY/Cobra-Driver/workspace/build/ptcloud_save/build install --record /home/jason/Desktop/STUDY/Cobra-Driver/workspace/build/ptcloud_save/install.log --single-version-externally-managed
[3.885s] running egg_info
[3.885s] writing ../../build/ptcloud_save/ptcloud_save.egg-info/PKG-INFO
[3.885s] writing dependency_links to ../../build/ptcloud_save/ptcloud_save.egg-info/dependency_links.txt
[3.886s] writing entry points to ../../build/ptcloud_save/ptcloud_save.egg-info/entry_points.txt
[3.886s] writing requirements to ../../build/ptcloud_save/ptcloud_save.egg-info/requires.txt
[3.886s] writing top-level names to ../../build/ptcloud_save/ptcloud_save.egg-info/top_level.txt
[3.945s] reading manifest file '../../build/ptcloud_save/ptcloud_save.egg-info/SOURCES.txt'
[3.960s] writing manifest file '../../build/ptcloud_save/ptcloud_save.egg-info/SOURCES.txt'
[3.961s] running build
[3.961s] running build_py
[3.962s] running install
[3.967s] /home/jason/.local/lib/python3.10/site-packages/setuptools/_distutils/cmd.py:66: SetuptoolsDeprecationWarning: setup.py install is deprecated.
[3.967s] !!
[3.967s] 
[3.967s]         ********************************************************************************
[3.967s]         Please avoid running ``setup.py`` directly.
[3.967s]         Instead, use pypa/build, pypa/installer or other
[3.967s]         standards-based tools.
[3.968s] 
[3.968s]         See https://blog.ganssle.io/articles/2021/10/setup-py-deprecated.html for details.
[3.968s]         ********************************************************************************
[3.968s] 
[3.968s] !!
[3.968s]   self.initialize_options()
[4.020s] running install_lib
[4.110s] running install_data
[4.112s] running install_egg_info
[4.131s] removing '/home/jason/Desktop/STUDY/Cobra-Driver/workspace/install/ptcloud_save/lib/python3.10/site-packages/ptcloud_save-0.0.0-py3.10.egg-info' (and everything under it)
[4.132s] Copying ../../build/ptcloud_save/ptcloud_save.egg-info to /home/jason/Desktop/STUDY/Cobra-Driver/workspace/install/ptcloud_save/lib/python3.10/site-packages/ptcloud_save-0.0.0-py3.10.egg-info
[4.133s] running install_scripts
[4.152s] Installing ptcloud_to_csv script to /home/jason/Desktop/STUDY/Cobra-Driver/workspace/install/ptcloud_save/lib/ptcloud_save
[4.152s] writing list of installed files to '/home/jason/Desktop/STUDY/Cobra-Driver/workspace/build/ptcloud_save/install.log'
[4.698s] Invoked command in '/home/jason/Desktop/STUDY/Cobra-Driver/workspace/src/ptcloud_save' returned '0': PYTHONPATH=/home/jason/Desktop/STUDY/Cobra-Driver/workspace/build/ptcloud_save/prefix_override:/home/jason/Desktop/STUDY/Cobra-Driver/workspace/install/ptcloud_save/lib/python3.10/site-packages:${PYTHONPATH} /usr/bin/python3 setup.py egg_info --egg-base ../../build/ptcloud_save build --build-base /home/jason/Desktop/STUDY/Cobra-Driver/workspace/build/ptcloud_save/build install --record /home/jason/Desktop/STUDY/Cobra-Driver/workspace/build/ptcloud_save/install.log --single-version-externally-managed
