[3.566s] Invoking command in '/home/sbel/Desktop/Cobra-Driver/workspace/src/tcp_cam_sender': PYTHONPATH=/home/sbel/Desktop/Cobra-Driver/workspace/build/tcp_cam_sender/prefix_override:/home/sbel/Desktop/Cobra-Driver/workspace/install/tcp_cam_sender/lib/python3.8/site-packages:${PYTHONPATH} /usr/bin/python3 setup.py egg_info --egg-base ../../build/tcp_cam_sender build --build-base /home/sbel/Desktop/Cobra-Driver/workspace/build/tcp_cam_sender/build install --record /home/sbel/Desktop/Cobra-Driver/workspace/build/tcp_cam_sender/install.log --single-version-externally-managed
[4.068s] running egg_info
[4.101s] writing ../../build/tcp_cam_sender/tcp_cam_sender.egg-info/PKG-INFO
[4.103s] writing dependency_links to ../../build/tcp_cam_sender/tcp_cam_sender.egg-info/dependency_links.txt
[4.106s] writing entry points to ../../build/tcp_cam_sender/tcp_cam_sender.egg-info/entry_points.txt
[4.107s] writing requirements to ../../build/tcp_cam_sender/tcp_cam_sender.egg-info/requires.txt
[4.107s] writing top-level names to ../../build/tcp_cam_sender/tcp_cam_sender.egg-info/top_level.txt
[4.384s] reading manifest file '../../build/tcp_cam_sender/tcp_cam_sender.egg-info/SOURCES.txt'
[4.385s] writing manifest file '../../build/tcp_cam_sender/tcp_cam_sender.egg-info/SOURCES.txt'
[4.386s] running build
[4.387s] running build_py
[4.392s] running install
[4.392s] /home/sbel/.local/lib/python3.8/site-packages/setuptools/_distutils/cmd.py:66: SetuptoolsDeprecationWarning: setup.py install is deprecated.
[4.392s] !!
[4.393s] 
[4.393s]         ********************************************************************************
[4.393s]         Please avoid running ``setup.py`` directly.
[4.393s]         Instead, use pypa/build, pypa/installer or other
[4.393s]         standards-based tools.
[4.393s] 
[4.393s]         See https://blog.ganssle.io/articles/2021/10/setup-py-deprecated.html for details.
[4.393s]         ********************************************************************************
[4.394s] 
[4.394s] !!
[4.394s]   self.initialize_options()
[4.403s] running install_lib
[4.438s] running install_data
[4.470s] running install_egg_info
[4.505s] removing '/home/sbel/Desktop/Cobra-Driver/workspace/install/tcp_cam_sender/lib/python3.8/site-packages/tcp_cam_sender-0.0.0-py3.8.egg-info' (and everything under it)
[4.505s] Copying ../../build/tcp_cam_sender/tcp_cam_sender.egg-info to /home/sbel/Desktop/Cobra-Driver/workspace/install/tcp_cam_sender/lib/python3.8/site-packages/tcp_cam_sender-0.0.0-py3.8.egg-info
[4.508s] running install_scripts
[4.613s] Installing tcp_cam_sender script to /home/sbel/Desktop/Cobra-Driver/workspace/install/tcp_cam_sender/lib/tcp_cam_sender
[4.613s] writing list of installed files to '/home/sbel/Desktop/Cobra-Driver/workspace/build/tcp_cam_sender/install.log'
[4.830s] Invoked command in '/home/sbel/Desktop/Cobra-Driver/workspace/src/tcp_cam_sender' returned '0': PYTHONPATH=/home/sbel/Desktop/Cobra-Driver/workspace/build/tcp_cam_sender/prefix_override:/home/sbel/Desktop/Cobra-Driver/workspace/install/tcp_cam_sender/lib/python3.8/site-packages:${PYTHONPATH} /usr/bin/python3 setup.py egg_info --egg-base ../../build/tcp_cam_sender build --build-base /home/sbel/Desktop/Cobra-Driver/workspace/build/tcp_cam_sender/build install --record /home/sbel/Desktop/Cobra-Driver/workspace/build/tcp_cam_sender/install.log --single-version-externally-managed
