[3.548s] Invoking command in '/home/sbel/Desktop/Cobra-Driver/workspace/src/common': PYTHONPATH=/home/sbel/Desktop/Cobra-Driver/workspace/build/common/prefix_override:/home/sbel/Desktop/Cobra-Driver/workspace/install/common/lib/python3.8/site-packages:${PYTHONPATH} /usr/bin/python3 setup.py egg_info --egg-base ../../build/common build --build-base /home/sbel/Desktop/Cobra-Driver/workspace/build/common/build install --record /home/sbel/Desktop/Cobra-Driver/workspace/build/common/install.log --single-version-externally-managed
[4.051s] running egg_info
[4.084s] writing ../../build/common/common.egg-info/PKG-INFO
[4.085s] writing dependency_links to ../../build/common/common.egg-info/dependency_links.txt
[4.087s] writing requirements to ../../build/common/common.egg-info/requires.txt
[4.088s] writing top-level names to ../../build/common/common.egg-info/top_level.txt
[4.359s] reading manifest file '../../build/common/common.egg-info/SOURCES.txt'
[4.360s] writing manifest file '../../build/common/common.egg-info/SOURCES.txt'
[4.361s] running build
[4.361s] running build_py
[4.363s] running install
[4.364s] /home/sbel/.local/lib/python3.8/site-packages/setuptools/_distutils/cmd.py:66: SetuptoolsDeprecationWarning: setup.py install is deprecated.
[4.364s] !!
[4.364s] 
[4.365s]         ********************************************************************************
[4.365s]         Please avoid running ``setup.py`` directly.
[4.365s]         Instead, use pypa/build, pypa/installer or other
[4.365s]         standards-based tools.
[4.365s] 
[4.365s]         See https://blog.ganssle.io/articles/2021/10/setup-py-deprecated.html for details.
[4.365s]         ********************************************************************************
[4.365s] 
[4.366s] !!
[4.366s]   self.initialize_options()
[4.375s] running install_lib
[4.409s] running install_data
[4.441s] running install_egg_info
[4.476s] removing '/home/sbel/Desktop/Cobra-Driver/workspace/install/common/lib/python3.8/site-packages/common-0.0.0-py3.8.egg-info' (and everything under it)
[4.477s] Copying ../../build/common/common.egg-info to /home/sbel/Desktop/Cobra-Driver/workspace/install/common/lib/python3.8/site-packages/common-0.0.0-py3.8.egg-info
[4.478s] running install_scripts
[4.583s] writing list of installed files to '/home/sbel/Desktop/Cobra-Driver/workspace/build/common/install.log'
[4.723s] Invoked command in '/home/sbel/Desktop/Cobra-Driver/workspace/src/common' returned '0': PYTHONPATH=/home/sbel/Desktop/Cobra-Driver/workspace/build/common/prefix_override:/home/sbel/Desktop/Cobra-Driver/workspace/install/common/lib/python3.8/site-packages:${PYTHONPATH} /usr/bin/python3 setup.py egg_info --egg-base ../../build/common build --build-base /home/sbel/Desktop/Cobra-Driver/workspace/build/common/build install --record /home/sbel/Desktop/Cobra-Driver/workspace/build/common/install.log --single-version-externally-managed
