[3.334s] Invoking command in '/home/sbel/Desktop/Cobra-Driver/workspace/src/yolov5_ros2': PYTHONPATH=/home/sbel/Desktop/Cobra-Driver/workspace/build/yolov5_ros2/prefix_override:/home/sbel/Desktop/Cobra-Driver/workspace/install/yolov5_ros2/lib/python3.8/site-packages:${PYTHONPATH} /usr/bin/python3 setup.py egg_info --egg-base ../../build/yolov5_ros2 build --build-base /home/sbel/Desktop/Cobra-Driver/workspace/build/yolov5_ros2/build install --record /home/sbel/Desktop/Cobra-Driver/workspace/build/yolov5_ros2/install.log --single-version-externally-managed
[4.460s] running egg_info
[4.461s] creating ../../build/yolov5_ros2/yolov5_ros2.egg-info
[4.461s] writing ../../build/yolov5_ros2/yolov5_ros2.egg-info/PKG-INFO
[4.461s] writing dependency_links to ../../build/yolov5_ros2/yolov5_ros2.egg-info/dependency_links.txt
[4.461s] writing entry points to ../../build/yolov5_ros2/yolov5_ros2.egg-info/entry_points.txt
[4.461s] writing requirements to ../../build/yolov5_ros2/yolov5_ros2.egg-info/requires.txt
[4.461s] writing top-level names to ../../build/yolov5_ros2/yolov5_ros2.egg-info/top_level.txt
[4.462s] writing manifest file '../../build/yolov5_ros2/yolov5_ros2.egg-info/SOURCES.txt'
[4.462s] reading manifest file '../../build/yolov5_ros2/yolov5_ros2.egg-info/SOURCES.txt'
[4.462s] writing manifest file '../../build/yolov5_ros2/yolov5_ros2.egg-info/SOURCES.txt'
[4.462s] running build
[4.462s] running build_py
[4.462s] creating /home/sbel/Desktop/Cobra-Driver/workspace/build/yolov5_ros2/build
[4.462s] creating /home/sbel/Desktop/Cobra-Driver/workspace/build/yolov5_ros2/build/lib
[4.462s] creating /home/sbel/Desktop/Cobra-Driver/workspace/build/yolov5_ros2/build/lib/yolov5_ros2
[4.463s] copying yolov5_ros2/__init__.py -> /home/sbel/Desktop/Cobra-Driver/workspace/build/yolov5_ros2/build/lib/yolov5_ros2
[4.463s] copying yolov5_ros2/yolo_detector.py -> /home/sbel/Desktop/Cobra-Driver/workspace/build/yolov5_ros2/build/lib/yolov5_ros2
[4.463s] running install
[4.463s] running install_lib
[4.463s] creating /home/sbel/Desktop/Cobra-Driver/workspace/install/yolov5_ros2/lib/python3.8/site-packages/yolov5_ros2
[4.463s] copying /home/sbel/Desktop/Cobra-Driver/workspace/build/yolov5_ros2/build/lib/yolov5_ros2/__init__.py -> /home/sbel/Desktop/Cobra-Driver/workspace/install/yolov5_ros2/lib/python3.8/site-packages/yolov5_ros2
[4.463s] copying /home/sbel/Desktop/Cobra-Driver/workspace/build/yolov5_ros2/build/lib/yolov5_ros2/yolo_detector.py -> /home/sbel/Desktop/Cobra-Driver/workspace/install/yolov5_ros2/lib/python3.8/site-packages/yolov5_ros2
[4.463s] byte-compiling /home/sbel/Desktop/Cobra-Driver/workspace/install/yolov5_ros2/lib/python3.8/site-packages/yolov5_ros2/__init__.py to __init__.cpython-38.pyc
[4.464s] byte-compiling /home/sbel/Desktop/Cobra-Driver/workspace/install/yolov5_ros2/lib/python3.8/site-packages/yolov5_ros2/yolo_detector.py to yolo_detector.cpython-38.pyc
[4.464s] running install_data
[4.464s] creating /home/sbel/Desktop/Cobra-Driver/workspace/install/yolov5_ros2/share/ament_index
[4.464s] creating /home/sbel/Desktop/Cobra-Driver/workspace/install/yolov5_ros2/share/ament_index/resource_index
[4.464s] creating /home/sbel/Desktop/Cobra-Driver/workspace/install/yolov5_ros2/share/ament_index/resource_index/packages
[4.464s] copying resource/yolov5_ros2 -> /home/sbel/Desktop/Cobra-Driver/workspace/install/yolov5_ros2/share/ament_index/resource_index/packages
[4.464s] copying package.xml -> /home/sbel/Desktop/Cobra-Driver/workspace/install/yolov5_ros2/share/yolov5_ros2
[4.464s] running install_egg_info
[4.465s] Copying ../../build/yolov5_ros2/yolov5_ros2.egg-info to /home/sbel/Desktop/Cobra-Driver/workspace/install/yolov5_ros2/lib/python3.8/site-packages/yolov5_ros2-0.0.0-py3.8.egg-info
[4.465s] running install_scripts
[4.465s] /home/sbel/.local/lib/python3.8/site-packages/setuptools/_distutils/cmd.py:66: SetuptoolsDeprecationWarning: setup.py install is deprecated.
[4.465s] !!
[4.465s] 
[4.465s]         ********************************************************************************
[4.465s]         Please avoid running ``setup.py`` directly.
[4.465s]         Instead, use pypa/build, pypa/installer or other
[4.466s]         standards-based tools.
[4.466s] 
[4.466s]         See https://blog.ganssle.io/articles/2021/10/setup-py-deprecated.html for details.
[4.466s]         ********************************************************************************
[4.466s] 
[4.466s] !!
[4.466s]   self.initialize_options()
[4.472s] Installing yolo_detector script to /home/sbel/Desktop/Cobra-Driver/workspace/install/yolov5_ros2/lib/yolov5_ros2
[4.474s] writing list of installed files to '/home/sbel/Desktop/Cobra-Driver/workspace/build/yolov5_ros2/install.log'
[4.727s] Invoked command in '/home/sbel/Desktop/Cobra-Driver/workspace/src/yolov5_ros2' returned '0': PYTHONPATH=/home/sbel/Desktop/Cobra-Driver/workspace/build/yolov5_ros2/prefix_override:/home/sbel/Desktop/Cobra-Driver/workspace/install/yolov5_ros2/lib/python3.8/site-packages:${PYTHONPATH} /usr/bin/python3 setup.py egg_info --egg-base ../../build/yolov5_ros2 build --build-base /home/sbel/Desktop/Cobra-Driver/workspace/build/yolov5_ros2/build install --record /home/sbel/Desktop/Cobra-Driver/workspace/build/yolov5_ros2/install.log --single-version-externally-managed
