[0.232s] Invoking command in '/home/jason/Desktop/STUDY/Cobra-Driver/workspace/src/build/usb_cam': CMAKE_PREFIX_PATH=${CMAKE_PREFIX_PATH}:/home/jason/Desktop/STUDY/Cobra-Driver/workspace/install/udp_to_ros:/home/jason/Desktop/STUDY/Cobra-Driver/workspace/install/udp_float_receiver:/opt/ros/iron CONDA_PROMPT_MODIFIER=(base) /usr/bin/cmake /home/jason/Desktop/STUDY/Cobra-Driver/workspace/src/usb_cam -DCMAKE_INSTALL_PREFIX=/home/jason/Desktop/STUDY/Cobra-Driver/workspace/src/install/usb_cam
[0.270s] -- The C compiler identification is GNU 11.4.0
[0.309s] -- The CXX compiler identification is GNU 11.4.0
[0.315s] -- Detecting C compiler ABI info
[0.363s] -- Detecting C compiler ABI info - done
[0.373s] -- Check for working C compiler: /usr/bin/cc - skipped
[0.373s] -- Detecting C compile features
[0.373s] -- Detecting C compile features - done
[0.377s] -- Detecting CXX compiler ABI info
[0.433s] -- Detecting CXX compiler ABI info - done
[0.440s] -- Check for working CXX compiler: /usr/bin/c++ - skipped
[0.440s] -- Detecting CXX compile features
[0.440s] -- Detecting CXX compile features - done
[0.442s] -- Found ament_cmake_auto: 2.0.3 (/opt/ros/iron/share/ament_cmake_auto/cmake)
[0.578s] -- Found Python3: /usr/bin/python3.10 (found version "3.10.12") found components: Interpreter 
[0.750s] -- Found rosidl_generator_c: 4.0.1 (/opt/ros/iron/share/rosidl_generator_c/cmake)
[0.761s] -- Found rosidl_generator_cpp: 4.0.1 (/opt/ros/iron/share/rosidl_generator_cpp/cmake)
[0.776s] -- Using all available rosidl_typesupport_c: rosidl_typesupport_fastrtps_c;rosidl_typesupport_introspection_c
[0.794s] -- Using all available rosidl_typesupport_cpp: rosidl_typesupport_fastrtps_cpp;rosidl_typesupport_introspection_cpp
[1.080s] -- Found rmw_implementation_cmake: 7.1.0 (/opt/ros/iron/share/rmw_implementation_cmake/cmake)
[1.083s] -- Found rmw_fastrtps_cpp: 7.1.1 (/opt/ros/iron/share/rmw_fastrtps_cpp/cmake)
[1.164s] -- Found OpenSSL: /usr/lib/x86_64-linux-gnu/libcrypto.so (found version "3.0.2")  
[1.187s] -- Found FastRTPS: /opt/ros/iron/include  
[1.226s] -- Using RMW implementation 'rmw_fastrtps_cpp' as default
[1.731s] -- Found rosidl_adapter: 4.0.1 (/opt/ros/iron/share/rosidl_adapter/cmake)
[1.743s] -- Found OpenCV: /usr (found version "4.5.4") 
[1.746s] -- Found PkgConfig: /usr/bin/pkg-config (found version "0.29.2") 
[1.747s] -- Checking for module 'libavcodec'
[1.756s] --   Found libavcodec, version 58.134.100
[1.785s] -- Checking for module 'libavutil'
[1.799s] --   Found libavutil, version 56.70.100
[1.826s] -- Checking for module 'libswscale'
[1.837s] --   Found libswscale, version 5.9.100
[1.871s] -- Found ament_lint_auto: 0.14.2 (/opt/ros/iron/share/ament_lint_auto/cmake)
[1.897s] -- Found gtest sources under '/opt/ros/iron/src/gtest_vendor': C++ tests using 'Google Test' will be built
[1.901s] -- Looking for pthread.h
[1.962s] -- Looking for pthread.h - found
[1.962s] -- Performing Test CMAKE_HAVE_LIBC_PTHREAD
[2.026s] -- Performing Test CMAKE_HAVE_LIBC_PTHREAD - Success
[2.028s] -- Found Threads: TRUE  
[2.036s] -- Added test 'copyright' to check source files copyright and LICENSE
[2.041s] -- Added test 'cppcheck' to perform static code analysis on C / C++ code
[2.042s] -- Configured cppcheck include dirs: /home/jason/Desktop/STUDY/Cobra-Driver/workspace/src/usb_cam/include
[2.042s] -- Configured cppcheck exclude dirs and/or files: 
[2.047s] -- Added test 'cpplint' to check C / C++ code against the Google style
[2.047s] -- Configured cpplint exclude dirs and/or files: 
[2.048s] -- Added test 'flake8' to check Python code syntax and style conventions
[2.048s] -- Configured 'flake8' exclude dirs and/or files: 
[2.050s] -- Added test 'lint_cmake' to check CMake code style
[2.051s] -- Added test 'pep257' to check Python code against some of the docstring style conventions in PEP 257
[2.057s] -- Added test 'uncrustify' to check C / C++ code style
[2.057s] -- Configured uncrustify additional arguments: 
[2.058s] -- Added test 'xmllint' to check XML markup files
[2.062s] -- Configuring done
[2.105s] -- Generating done
[2.110s] -- Build files have been written to: /home/jason/Desktop/STUDY/Cobra-Driver/workspace/src/build/usb_cam
[2.128s] Invoked command in '/home/jason/Desktop/STUDY/Cobra-Driver/workspace/src/build/usb_cam' returned '0': CMAKE_PREFIX_PATH=${CMAKE_PREFIX_PATH}:/home/jason/Desktop/STUDY/Cobra-Driver/workspace/install/udp_to_ros:/home/jason/Desktop/STUDY/Cobra-Driver/workspace/install/udp_float_receiver:/opt/ros/iron CONDA_PROMPT_MODIFIER=(base) /usr/bin/cmake /home/jason/Desktop/STUDY/Cobra-Driver/workspace/src/usb_cam -DCMAKE_INSTALL_PREFIX=/home/jason/Desktop/STUDY/Cobra-Driver/workspace/src/install/usb_cam
[2.129s] Invoking command in '/home/jason/Desktop/STUDY/Cobra-Driver/workspace/src/build/usb_cam': CMAKE_PREFIX_PATH=${CMAKE_PREFIX_PATH}:/home/jason/Desktop/STUDY/Cobra-Driver/workspace/install/udp_to_ros:/home/jason/Desktop/STUDY/Cobra-Driver/workspace/install/udp_float_receiver:/opt/ros/iron CONDA_PROMPT_MODIFIER=(base) /usr/bin/cmake --build /home/jason/Desktop/STUDY/Cobra-Driver/workspace/src/build/usb_cam -- -j16 -l16
[2.178s] [  7%] [32mBuilding CXX object gtest/CMakeFiles/gtest.dir/src/gtest-all.cc.o[0m
[2.180s] [ 14%] [32mBuilding CXX object gtest/CMakeFiles/gtest_main.dir/src/gtest_main.cc.o[0m
[2.183s] [ 28%] [32mBuilding CXX object CMakeFiles/usb_cam_node_exe.dir/rclcpp_components/node_main_usb_cam_node_exe.cpp.o[0m
[2.183s] [ 28%] [32mBuilding CXX object CMakeFiles/usb_cam.dir/src/usb_cam.cpp.o[0m
[2.849s] [ 35%] [32m[1mLinking CXX static library libgtest_main.a[0m
[2.920s] [ 35%] Built target gtest_main
[3.156s] [ 42%] [32m[1mLinking CXX shared library libusb_cam.so[0m
[3.335s] [ 42%] Built target usb_cam
[3.351s] [ 50%] [32mBuilding CXX object CMakeFiles/usb_cam_node.dir/src/usb_cam_node.cpp.o[0m
[4.432s] [ 57%] [32m[1mLinking CXX static library libgtest.a[0m
[4.537s] [ 57%] Built target gtest
[4.559s] [ 64%] [32mBuilding CXX object CMakeFiles/test_usb_cam_utils.dir/test/test_usb_cam_utils.cpp.o[0m
[4.565s] [ 71%] [32mBuilding CXX object CMakeFiles/test_pixel_formats.dir/test/test_pixel_formats.cpp.o[0m
[5.196s] [ 78%] [32m[1mLinking CXX executable test_usb_cam_utils[0m
[5.302s] [ 85%] [32m[1mLinking CXX executable test_pixel_formats[0m
[5.369s] [ 92%] [32m[1mLinking CXX executable usb_cam_node_exe[0m
[5.400s] [ 92%] Built target test_usb_cam_utils
[5.532s] [ 92%] Built target test_pixel_formats
[5.592s] [ 92%] Built target usb_cam_node_exe
[10.499s] [100%] [32m[1mLinking CXX shared library libusb_cam_node.so[0m
[11.094s] [100%] Built target usb_cam_node
[11.108s] Invoked command in '/home/jason/Desktop/STUDY/Cobra-Driver/workspace/src/build/usb_cam' returned '0': CMAKE_PREFIX_PATH=${CMAKE_PREFIX_PATH}:/home/jason/Desktop/STUDY/Cobra-Driver/workspace/install/udp_to_ros:/home/jason/Desktop/STUDY/Cobra-Driver/workspace/install/udp_float_receiver:/opt/ros/iron CONDA_PROMPT_MODIFIER=(base) /usr/bin/cmake --build /home/jason/Desktop/STUDY/Cobra-Driver/workspace/src/build/usb_cam -- -j16 -l16
[11.194s] Invoking command in '/home/jason/Desktop/STUDY/Cobra-Driver/workspace/src/build/usb_cam': CMAKE_PREFIX_PATH=${CMAKE_PREFIX_PATH}:/home/jason/Desktop/STUDY/Cobra-Driver/workspace/install/udp_to_ros:/home/jason/Desktop/STUDY/Cobra-Driver/workspace/install/udp_float_receiver:/opt/ros/iron CONDA_PROMPT_MODIFIER=(base) /usr/bin/cmake --install /home/jason/Desktop/STUDY/Cobra-Driver/workspace/src/build/usb_cam
[11.204s] -- Install configuration: ""
[11.204s] -- Installing: /home/jason/Desktop/STUDY/Cobra-Driver/workspace/src/install/usb_cam/share/usb_cam/environment/library_path.sh
[11.204s] -- Installing: /home/jason/Desktop/STUDY/Cobra-Driver/workspace/src/install/usb_cam/share/usb_cam/environment/library_path.dsv
[11.204s] -- Installing: /home/jason/Desktop/STUDY/Cobra-Driver/workspace/src/install/usb_cam/lib/usb_cam/usb_cam_node_exe
[11.205s] -- Set runtime path of "/home/jason/Desktop/STUDY/Cobra-Driver/workspace/src/install/usb_cam/lib/usb_cam/usb_cam_node_exe" to ""
[11.205s] -- Installing: /home/jason/Desktop/STUDY/Cobra-Driver/workspace/src/install/usb_cam/lib/usb_cam/show_image.py
[11.206s] -- Installing: /home/jason/Desktop/STUDY/Cobra-Driver/workspace/src/install/usb_cam/lib/libusb_cam.so
[11.206s] -- Installing: /home/jason/Desktop/STUDY/Cobra-Driver/workspace/src/install/usb_cam/lib/libusb_cam_node.so
[11.209s] -- Set runtime path of "/home/jason/Desktop/STUDY/Cobra-Driver/workspace/src/install/usb_cam/lib/libusb_cam_node.so" to ""
[11.210s] -- Installing: /home/jason/Desktop/STUDY/Cobra-Driver/workspace/src/install/usb_cam/include
[11.210s] -- Installing: /home/jason/Desktop/STUDY/Cobra-Driver/workspace/src/install/usb_cam/include/usb_cam
[11.210s] -- Installing: /home/jason/Desktop/STUDY/Cobra-Driver/workspace/src/install/usb_cam/include/usb_cam/conversions.hpp
[11.210s] -- Installing: /home/jason/Desktop/STUDY/Cobra-Driver/workspace/src/install/usb_cam/include/usb_cam/usb_cam_node.hpp
[11.210s] -- Installing: /home/jason/Desktop/STUDY/Cobra-Driver/workspace/src/install/usb_cam/include/usb_cam/usb_cam.hpp
[11.211s] -- Installing: /home/jason/Desktop/STUDY/Cobra-Driver/workspace/src/install/usb_cam/include/usb_cam/constants.hpp
[11.211s] -- Installing: /home/jason/Desktop/STUDY/Cobra-Driver/workspace/src/install/usb_cam/include/usb_cam/utils.hpp
[11.211s] -- Installing: /home/jason/Desktop/STUDY/Cobra-Driver/workspace/src/install/usb_cam/include/usb_cam/formats
[11.211s] -- Installing: /home/jason/Desktop/STUDY/Cobra-Driver/workspace/src/install/usb_cam/include/usb_cam/formats/pixel_format_base.hpp
[11.211s] -- Installing: /home/jason/Desktop/STUDY/Cobra-Driver/workspace/src/install/usb_cam/include/usb_cam/formats/m420.hpp
[11.211s] -- Installing: /home/jason/Desktop/STUDY/Cobra-Driver/workspace/src/install/usb_cam/include/usb_cam/formats/yuyv.hpp
[11.212s] -- Installing: /home/jason/Desktop/STUDY/Cobra-Driver/workspace/src/install/usb_cam/include/usb_cam/formats/rgb.hpp
[11.212s] -- Installing: /home/jason/Desktop/STUDY/Cobra-Driver/workspace/src/install/usb_cam/include/usb_cam/formats/mjpeg.hpp
[11.212s] -- Installing: /home/jason/Desktop/STUDY/Cobra-Driver/workspace/src/install/usb_cam/include/usb_cam/formats/uyvy.hpp
[11.212s] -- Installing: /home/jason/Desktop/STUDY/Cobra-Driver/workspace/src/install/usb_cam/include/usb_cam/formats/mono.hpp
[11.213s] -- Installing: /home/jason/Desktop/STUDY/Cobra-Driver/workspace/src/install/usb_cam/include/usb_cam/formats/utils.hpp
[11.213s] -- Up-to-date: /home/jason/Desktop/STUDY/Cobra-Driver/workspace/src/install/usb_cam/lib/libusb_cam_node.so
[11.220s] -- Installing: /home/jason/Desktop/STUDY/Cobra-Driver/workspace/src/install/usb_cam/share/usb_cam/launch
[11.220s] -- Installing: /home/jason/Desktop/STUDY/Cobra-Driver/workspace/src/install/usb_cam/share/usb_cam/launch/camera.launch.py
[11.220s] -- Installing: /home/jason/Desktop/STUDY/Cobra-Driver/workspace/src/install/usb_cam/share/usb_cam/launch/camera_config.py
[11.221s] -- Installing: /home/jason/Desktop/STUDY/Cobra-Driver/workspace/src/install/usb_cam/share/usb_cam/launch/__init__.py
[11.221s] -- Installing: /home/jason/Desktop/STUDY/Cobra-Driver/workspace/src/install/usb_cam/share/usb_cam/config
[11.221s] -- Installing: /home/jason/Desktop/STUDY/Cobra-Driver/workspace/src/install/usb_cam/share/usb_cam/config/params_2.yaml
[11.221s] -- Installing: /home/jason/Desktop/STUDY/Cobra-Driver/workspace/src/install/usb_cam/share/usb_cam/config/camera_info.yaml
[11.221s] -- Installing: /home/jason/Desktop/STUDY/Cobra-Driver/workspace/src/install/usb_cam/share/usb_cam/config/params_1.yaml
[11.222s] -- Installing: /home/jason/Desktop/STUDY/Cobra-Driver/workspace/src/install/usb_cam/share/ament_index/resource_index/package_run_dependencies/usb_cam
[11.222s] -- Installing: /home/jason/Desktop/STUDY/Cobra-Driver/workspace/src/install/usb_cam/share/ament_index/resource_index/parent_prefix_path/usb_cam
[11.222s] -- Installing: /home/jason/Desktop/STUDY/Cobra-Driver/workspace/src/install/usb_cam/share/usb_cam/environment/ament_prefix_path.sh
[11.222s] -- Installing: /home/jason/Desktop/STUDY/Cobra-Driver/workspace/src/install/usb_cam/share/usb_cam/environment/ament_prefix_path.dsv
[11.223s] -- Installing: /home/jason/Desktop/STUDY/Cobra-Driver/workspace/src/install/usb_cam/share/usb_cam/environment/path.sh
[11.223s] -- Installing: /home/jason/Desktop/STUDY/Cobra-Driver/workspace/src/install/usb_cam/share/usb_cam/environment/path.dsv
[11.223s] -- Installing: /home/jason/Desktop/STUDY/Cobra-Driver/workspace/src/install/usb_cam/share/usb_cam/local_setup.bash
[11.223s] -- Installing: /home/jason/Desktop/STUDY/Cobra-Driver/workspace/src/install/usb_cam/share/usb_cam/local_setup.sh
[11.223s] -- Installing: /home/jason/Desktop/STUDY/Cobra-Driver/workspace/src/install/usb_cam/share/usb_cam/local_setup.zsh
[11.224s] -- Installing: /home/jason/Desktop/STUDY/Cobra-Driver/workspace/src/install/usb_cam/share/usb_cam/local_setup.dsv
[11.224s] -- Installing: /home/jason/Desktop/STUDY/Cobra-Driver/workspace/src/install/usb_cam/share/usb_cam/package.dsv
[11.224s] -- Installing: /home/jason/Desktop/STUDY/Cobra-Driver/workspace/src/install/usb_cam/share/ament_index/resource_index/packages/usb_cam
[11.224s] -- Installing: /home/jason/Desktop/STUDY/Cobra-Driver/workspace/src/install/usb_cam/share/ament_index/resource_index/rclcpp_components/usb_cam
[11.224s] -- Installing: /home/jason/Desktop/STUDY/Cobra-Driver/workspace/src/install/usb_cam/share/usb_cam/cmake/ament_cmake_export_libraries-extras.cmake
[11.225s] -- Installing: /home/jason/Desktop/STUDY/Cobra-Driver/workspace/src/install/usb_cam/share/usb_cam/cmake/ament_cmake_export_dependencies-extras.cmake
[11.225s] -- Installing: /home/jason/Desktop/STUDY/Cobra-Driver/workspace/src/install/usb_cam/share/usb_cam/cmake/ament_cmake_export_include_directories-extras.cmake
[11.225s] -- Installing: /home/jason/Desktop/STUDY/Cobra-Driver/workspace/src/install/usb_cam/share/usb_cam/cmake/usb_camConfig.cmake
[11.225s] -- Installing: /home/jason/Desktop/STUDY/Cobra-Driver/workspace/src/install/usb_cam/share/usb_cam/cmake/usb_camConfig-version.cmake
[11.225s] -- Installing: /home/jason/Desktop/STUDY/Cobra-Driver/workspace/src/install/usb_cam/share/usb_cam/package.xml
[11.234s] Invoked command in '/home/jason/Desktop/STUDY/Cobra-Driver/workspace/src/build/usb_cam' returned '0': CMAKE_PREFIX_PATH=${CMAKE_PREFIX_PATH}:/home/jason/Desktop/STUDY/Cobra-Driver/workspace/install/udp_to_ros:/home/jason/Desktop/STUDY/Cobra-Driver/workspace/install/udp_float_receiver:/opt/ros/iron CONDA_PROMPT_MODIFIER=(base) /usr/bin/cmake --install /home/jason/Desktop/STUDY/Cobra-Driver/workspace/src/build/usb_cam
