[3.503s] Invoking command in '/home/sbel/Desktop/Cobra-Driver/workspace/src/tcp_cam_sender': PYTHONPATH=/home/sbel/Desktop/Cobra-Driver/workspace/build/tcp_cam_sender/prefix_override:/home/sbel/Desktop/Cobra-Driver/workspace/install/tcp_cam_sender/lib/python3.8/site-packages:${PYTHONPATH} /usr/bin/python3 setup.py egg_info --egg-base ../../build/tcp_cam_sender build --build-base /home/sbel/Desktop/Cobra-Driver/workspace/build/tcp_cam_sender/build install --record /home/sbel/Desktop/Cobra-Driver/workspace/build/tcp_cam_sender/install.log --single-version-externally-managed
[3.983s] running egg_info
[4.016s] writing ../../build/tcp_cam_sender/tcp_cam_sender.egg-info/PKG-INFO
[4.017s] writing dependency_links to ../../build/tcp_cam_sender/tcp_cam_sender.egg-info/dependency_links.txt
[4.020s] writing entry points to ../../build/tcp_cam_sender/tcp_cam_sender.egg-info/entry_points.txt
[4.021s] writing requirements to ../../build/tcp_cam_sender/tcp_cam_sender.egg-info/requires.txt
[4.021s] writing top-level names to ../../build/tcp_cam_sender/tcp_cam_sender.egg-info/top_level.txt
[4.287s] reading manifest file '../../build/tcp_cam_sender/tcp_cam_sender.egg-info/SOURCES.txt'
[4.289s] writing manifest file '../../build/tcp_cam_sender/tcp_cam_sender.egg-info/SOURCES.txt'
[4.289s] running build
[4.289s] running build_py
[4.293s] running install
[4.294s] /home/sbel/.local/lib/python3.8/site-packages/setuptools/_distutils/cmd.py:66: SetuptoolsDeprecationWarning: setup.py install is deprecated.
[4.294s] !!
[4.294s] 
[4.294s]         ********************************************************************************
[4.294s]         Please avoid running ``setup.py`` directly.
[4.294s]         Instead, use pypa/build, pypa/installer or other
[4.295s]         standards-based tools.
[4.295s] 
[4.295s]         See https://blog.ganssle.io/articles/2021/10/setup-py-deprecated.html for details.
[4.295s]         ********************************************************************************
[4.295s] 
[4.295s] !!
[4.295s]   self.initialize_options()
[4.304s] running install_lib
[4.338s] running install_data
[4.369s] running install_egg_info
[4.402s] removing '/home/sbel/Desktop/Cobra-Driver/workspace/install/tcp_cam_sender/lib/python3.8/site-packages/tcp_cam_sender-0.0.0-py3.8.egg-info' (and everything under it)
[4.403s] Copying ../../build/tcp_cam_sender/tcp_cam_sender.egg-info to /home/sbel/Desktop/Cobra-Driver/workspace/install/tcp_cam_sender/lib/python3.8/site-packages/tcp_cam_sender-0.0.0-py3.8.egg-info
[4.405s] running install_scripts
[4.511s] Installing tcp_cam_sender script to /home/sbel/Desktop/Cobra-Driver/workspace/install/tcp_cam_sender/lib/tcp_cam_sender
[4.515s] writing list of installed files to '/home/sbel/Desktop/Cobra-Driver/workspace/build/tcp_cam_sender/install.log'
[4.679s] Invoked command in '/home/sbel/Desktop/Cobra-Driver/workspace/src/tcp_cam_sender' returned '0': PYTHONPATH=/home/sbel/Desktop/Cobra-Driver/workspace/build/tcp_cam_sender/prefix_override:/home/sbel/Desktop/Cobra-Driver/workspace/install/tcp_cam_sender/lib/python3.8/site-packages:${PYTHONPATH} /usr/bin/python3 setup.py egg_info --egg-base ../../build/tcp_cam_sender build --build-base /home/sbel/Desktop/Cobra-Driver/workspace/build/tcp_cam_sender/build install --record /home/sbel/Desktop/Cobra-Driver/workspace/build/tcp_cam_sender/install.log --single-version-externally-managed
