[0.022s] Invoking command in '/home/jason/Desktop/STUDY/Cobra-Driver/workspace/src/build/rosbridge_msgs': CMAKE_PREFIX_PATH=${CMAKE_PREFIX_PATH}:/home/jason/Desktop/STUDY/Cobra-Driver/workspace/install/udp_to_ros:/home/jason/Desktop/STUDY/Cobra-Driver/workspace/install/udp_float_receiver:/opt/ros/iron CONDA_PROMPT_MODIFIER=(base) /usr/bin/cmake /home/jason/Desktop/STUDY/Cobra-Driver/workspace/src/rosbridge_suite/rosbridge_msgs -DCMAKE_INSTALL_PREFIX=/home/jason/Desktop/STUDY/Cobra-Driver/workspace/src/install/rosbridge_msgs
[0.243s] -- The C compiler identification is GNU 11.4.0
[0.244s] -- The CXX compiler identification is GNU 11.4.0
[0.244s] -- Detecting C compiler ABI info
[0.244s] -- Detecting C compiler ABI info - done
[0.244s] -- Check for working C compiler: /usr/bin/cc - skipped
[0.244s] -- Detecting C compile features
[0.244s] -- Detecting C compile features - done
[0.244s] -- Detecting CXX compiler ABI info
[0.244s] -- Detecting CXX compiler ABI info - done
[0.244s] -- Check for working CXX compiler: /usr/bin/c++ - skipped
[0.244s] -- Detecting CXX compile features
[0.244s] -- Detecting CXX compile features - done
[0.244s] -- Found ament_cmake_ros: 0.11.2 (/opt/ros/iron/share/ament_cmake_ros/cmake)
[0.359s] -- Found Python3: /usr/bin/python3.10 (found version "3.10.12") found components: Interpreter 
[0.430s] -- Found builtin_interfaces: 1.6.0 (/opt/ros/iron/share/builtin_interfaces/cmake)
[0.460s] -- Found rosidl_generator_c: 4.0.1 (/opt/ros/iron/share/rosidl_generator_c/cmake)
[0.471s] -- Found rosidl_generator_cpp: 4.0.1 (/opt/ros/iron/share/rosidl_generator_cpp/cmake)
[0.486s] -- Using all available rosidl_typesupport_c: rosidl_typesupport_fastrtps_c;rosidl_typesupport_introspection_c
[0.503s] -- Using all available rosidl_typesupport_cpp: rosidl_typesupport_fastrtps_cpp;rosidl_typesupport_introspection_cpp
[0.519s] -- Found rosidl_default_generators: 1.5.0 (/opt/ros/iron/share/rosidl_default_generators/cmake)
[0.531s] -- Found rosidl_adapter: 4.0.1 (/opt/ros/iron/share/rosidl_adapter/cmake)
[0.998s] -- Using all available rosidl_typesupport_c: rosidl_typesupport_fastrtps_c;rosidl_typesupport_introspection_c
[1.091s] -- Using all available rosidl_typesupport_cpp: rosidl_typesupport_fastrtps_cpp;rosidl_typesupport_introspection_cpp
[1.109s] -- Found PythonInterp: /usr/bin/python3 (found suitable version "3.10.12", minimum required is "3.6") 
[1.110s] -- Found python_cmake_module: 0.10.2 (/opt/ros/iron/share/python_cmake_module/cmake)
[1.131s] -- Found PythonLibs: /usr/lib/x86_64-linux-gnu/libpython3.10.so (found suitable version "3.10.12", minimum required is "3.5") 
[1.131s] -- Using PYTHON_EXECUTABLE: /usr/bin/python3
[1.131s] -- Using PYTHON_INCLUDE_DIRS: /usr/include/python3.10
[1.131s] -- Using PYTHON_LIBRARIES: /usr/lib/x86_64-linux-gnu/libpython3.10.so
[1.148s] -- Found PythonExtra: .so  
[1.181s] -- Configuring done
[1.207s] -- Generating done
[1.209s] -- Build files have been written to: /home/jason/Desktop/STUDY/Cobra-Driver/workspace/src/build/rosbridge_msgs
[1.213s] Invoked command in '/home/jason/Desktop/STUDY/Cobra-Driver/workspace/src/build/rosbridge_msgs' returned '0': CMAKE_PREFIX_PATH=${CMAKE_PREFIX_PATH}:/home/jason/Desktop/STUDY/Cobra-Driver/workspace/install/udp_to_ros:/home/jason/Desktop/STUDY/Cobra-Driver/workspace/install/udp_float_receiver:/opt/ros/iron CONDA_PROMPT_MODIFIER=(base) /usr/bin/cmake /home/jason/Desktop/STUDY/Cobra-Driver/workspace/src/rosbridge_suite/rosbridge_msgs -DCMAKE_INSTALL_PREFIX=/home/jason/Desktop/STUDY/Cobra-Driver/workspace/src/install/rosbridge_msgs
[1.215s] Invoking command in '/home/jason/Desktop/STUDY/Cobra-Driver/workspace/src/build/rosbridge_msgs': CMAKE_PREFIX_PATH=${CMAKE_PREFIX_PATH}:/home/jason/Desktop/STUDY/Cobra-Driver/workspace/install/udp_to_ros:/home/jason/Desktop/STUDY/Cobra-Driver/workspace/install/udp_float_receiver:/opt/ros/iron CONDA_PROMPT_MODIFIER=(base) /usr/bin/cmake --build /home/jason/Desktop/STUDY/Cobra-Driver/workspace/src/build/rosbridge_msgs -- -j16 -l16
[1.251s] [  2%] [34m[1mGenerating type hashes for ROS interfaces[0m
[1.257s] [  2%] Built target ament_cmake_python_copy_rosbridge_msgs
[1.406s] [  2%] Built target rosbridge_msgs__rosidl_generator_type_description
[1.414s] [  4%] [34m[1mGenerating C code for ROS interfaces[0m
[1.421s] [  6%] [34m[1mGenerating C++ code for ROS interfaces[0m
[1.456s] running egg_info
[1.456s] creating rosbridge_msgs.egg-info
[1.457s] writing rosbridge_msgs.egg-info/PKG-INFO
[1.457s] writing dependency_links to rosbridge_msgs.egg-info/dependency_links.txt
[1.457s] writing top-level names to rosbridge_msgs.egg-info/top_level.txt
[1.457s] writing manifest file 'rosbridge_msgs.egg-info/SOURCES.txt'
[1.458s] reading manifest file 'rosbridge_msgs.egg-info/SOURCES.txt'
[1.459s] writing manifest file 'rosbridge_msgs.egg-info/SOURCES.txt'
[1.477s] [  6%] Built target ament_cmake_python_build_rosbridge_msgs_egg
[1.628s] [  6%] Built target rosbridge_msgs__cpp
[1.693s] [ 11%] [32mBuilding C object CMakeFiles/rosbridge_msgs__rosidl_generator_c.dir/rosidl_generator_c/rosbridge_msgs/msg/detail/connected_client__type_support.c.o[0m
[1.693s] [ 11%] [32mBuilding C object CMakeFiles/rosbridge_msgs__rosidl_generator_c.dir/rosidl_generator_c/rosbridge_msgs/msg/detail/connected_client__functions.c.o[0m
[1.694s] [ 13%] [32mBuilding C object CMakeFiles/rosbridge_msgs__rosidl_generator_c.dir/rosidl_generator_c/rosbridge_msgs/msg/detail/connected_clients__description.c.o[0m
[1.694s] [ 15%] [32mBuilding C object CMakeFiles/rosbridge_msgs__rosidl_generator_c.dir/rosidl_generator_c/rosbridge_msgs/msg/detail/connected_client__description.c.o[0m
[1.694s] [ 18%] [32mBuilding C object CMakeFiles/rosbridge_msgs__rosidl_generator_c.dir/rosidl_generator_c/rosbridge_msgs/msg/detail/connected_clients__functions.c.o[0m
[1.696s] [ 20%] [32mBuilding C object CMakeFiles/rosbridge_msgs__rosidl_generator_c.dir/rosidl_generator_c/rosbridge_msgs/msg/detail/connected_clients__type_support.c.o[0m
[1.737s] [ 22%] [32m[1mLinking C shared library librosbridge_msgs__rosidl_generator_c.so[0m
[1.767s] [ 22%] Built target rosbridge_msgs__rosidl_generator_c
[1.775s] [ 25%] [34m[1mGenerating C++ type support for eProsima Fast-RTPS[0m
[1.776s] [ 27%] [34m[1mGenerating C type support dispatch for ROS interfaces[0m
[1.776s] [ 34%] [34m[1mGenerating C introspection for ROS interfaces[0m
[1.776s] [ 34%] [34m[1mGenerating C++ type support dispatch for ROS interfaces[0m
[1.776s] [ 34%] [34m[1mGenerating C type support for eProsima Fast-RTPS[0m
[1.777s] [ 36%] [34m[1mGenerating C++ introspection for ROS interfaces[0m
[1.981s] [ 38%] [32mBuilding CXX object CMakeFiles/rosbridge_msgs__rosidl_typesupport_cpp.dir/rosidl_typesupport_cpp/rosbridge_msgs/msg/connected_clients__type_support.cpp.o[0m
[1.981s] [ 40%] [32mBuilding CXX object CMakeFiles/rosbridge_msgs__rosidl_typesupport_cpp.dir/rosidl_typesupport_cpp/rosbridge_msgs/msg/connected_client__type_support.cpp.o[0m
[2.009s] [ 45%] [32mBuilding CXX object CMakeFiles/rosbridge_msgs__rosidl_typesupport_fastrtps_c.dir/rosidl_typesupport_fastrtps_c/rosbridge_msgs/msg/detail/connected_client__type_support_c.cpp.o[0m
[2.009s] [ 45%] [32mBuilding CXX object CMakeFiles/rosbridge_msgs__rosidl_typesupport_fastrtps_c.dir/rosidl_typesupport_fastrtps_c/rosbridge_msgs/msg/detail/connected_clients__type_support_c.cpp.o[0m
[2.010s] [ 47%] [32mBuilding CXX object CMakeFiles/rosbridge_msgs__rosidl_typesupport_fastrtps_cpp.dir/rosidl_typesupport_fastrtps_cpp/rosbridge_msgs/msg/detail/dds_fastrtps/connected_clients__type_support.cpp.o[0m
[2.013s] [ 50%] [32mBuilding CXX object CMakeFiles/rosbridge_msgs__rosidl_typesupport_fastrtps_cpp.dir/rosidl_typesupport_fastrtps_cpp/rosbridge_msgs/msg/detail/dds_fastrtps/connected_client__type_support.cpp.o[0m
[2.071s] [ 54%] [32mBuilding CXX object CMakeFiles/rosbridge_msgs__rosidl_typesupport_c.dir/rosidl_typesupport_c/rosbridge_msgs/msg/connected_clients__type_support.cpp.o[0m
[2.072s] [ 54%] [32mBuilding CXX object CMakeFiles/rosbridge_msgs__rosidl_typesupport_c.dir/rosidl_typesupport_c/rosbridge_msgs/msg/connected_client__type_support.cpp.o[0m
[2.098s] [ 56%] [32mBuilding CXX object CMakeFiles/rosbridge_msgs__rosidl_typesupport_introspection_cpp.dir/rosidl_typesupport_introspection_cpp/rosbridge_msgs/msg/detail/connected_client__type_support.cpp.o[0m
[2.101s] [ 59%] [32mBuilding CXX object CMakeFiles/rosbridge_msgs__rosidl_typesupport_introspection_cpp.dir/rosidl_typesupport_introspection_cpp/rosbridge_msgs/msg/detail/connected_clients__type_support.cpp.o[0m
[2.112s] [ 61%] [32m[1mLinking CXX shared library librosbridge_msgs__rosidl_typesupport_c.so[0m
[2.113s] [ 63%] [32mBuilding C object CMakeFiles/rosbridge_msgs__rosidl_typesupport_introspection_c.dir/rosidl_typesupport_introspection_c/rosbridge_msgs/msg/detail/connected_clients__type_support.c.o[0m
[2.115s] [ 65%] [32mBuilding C object CMakeFiles/rosbridge_msgs__rosidl_typesupport_introspection_c.dir/rosidl_typesupport_introspection_c/rosbridge_msgs/msg/detail/connected_client__type_support.c.o[0m
[2.154s] [ 68%] [32m[1mLinking C shared library librosbridge_msgs__rosidl_typesupport_introspection_c.so[0m
[2.158s] [ 68%] Built target rosbridge_msgs__rosidl_typesupport_c
[2.191s] [ 68%] Built target rosbridge_msgs__rosidl_typesupport_introspection_c
[2.367s] [ 70%] [32m[1mLinking CXX shared library librosbridge_msgs__rosidl_typesupport_fastrtps_c.so[0m
[2.387s] [ 72%] [32m[1mLinking CXX shared library librosbridge_msgs__rosidl_typesupport_cpp.so[0m
[2.437s] [ 72%] Built target rosbridge_msgs__rosidl_typesupport_cpp
[2.471s] [ 72%] Built target rosbridge_msgs__rosidl_typesupport_fastrtps_c
[2.517s] [ 75%] [32m[1mLinking CXX shared library librosbridge_msgs__rosidl_typesupport_introspection_cpp.so[0m
[2.578s] [ 75%] Built target rosbridge_msgs__rosidl_typesupport_introspection_cpp
[2.585s] [ 77%] [32m[1mLinking CXX shared library librosbridge_msgs__rosidl_typesupport_fastrtps_cpp.so[0m
[2.643s] [ 77%] Built target rosbridge_msgs__rosidl_typesupport_fastrtps_cpp
[2.658s] [ 77%] Built target rosbridge_msgs
[2.674s] [ 79%] [34m[1mGenerating Python code for ROS interfaces[0m
[2.977s] [ 79%] Built target rosbridge_msgs__py
[2.995s] [ 84%] [32mBuilding C object CMakeFiles/rosbridge_msgs__rosidl_generator_py.dir/rosidl_generator_py/rosbridge_msgs/msg/_connected_client_s.c.o[0m
[2.995s] [ 84%] [32mBuilding C object CMakeFiles/rosbridge_msgs__rosidl_generator_py.dir/rosidl_generator_py/rosbridge_msgs/msg/_connected_clients_s.c.o[0m
[3.111s] [ 86%] [32m[1mLinking C shared library rosidl_generator_py/rosbridge_msgs/librosbridge_msgs__rosidl_generator_py.so[0m
[3.144s] [ 86%] Built target rosbridge_msgs__rosidl_generator_py
[3.162s] [ 88%] [32mBuilding C object CMakeFiles/rosbridge_msgs__rosidl_typesupport_introspection_c__pyext.dir/rosidl_generator_py/rosbridge_msgs/_rosbridge_msgs_s.ep.rosidl_typesupport_introspection_c.c.o[0m
[3.165s] [ 90%] [32mBuilding C object CMakeFiles/rosbridge_msgs__rosidl_typesupport_fastrtps_c__pyext.dir/rosidl_generator_py/rosbridge_msgs/_rosbridge_msgs_s.ep.rosidl_typesupport_fastrtps_c.c.o[0m
[3.166s] [ 93%] [32mBuilding C object CMakeFiles/rosbridge_msgs__rosidl_typesupport_c__pyext.dir/rosidl_generator_py/rosbridge_msgs/_rosbridge_msgs_s.ep.rosidl_typesupport_c.c.o[0m
[3.238s] [ 95%] [32m[1mLinking C shared library rosidl_generator_py/rosbridge_msgs/rosbridge_msgs_s__rosidl_typesupport_introspection_c.cpython-310-x86_64-linux-gnu.so[0m
[3.264s] [ 97%] [32m[1mLinking C shared library rosidl_generator_py/rosbridge_msgs/rosbridge_msgs_s__rosidl_typesupport_fastrtps_c.cpython-310-x86_64-linux-gnu.so[0m
[3.267s] [ 97%] Built target rosbridge_msgs__rosidl_typesupport_introspection_c__pyext
[3.273s] [100%] [32m[1mLinking C shared library rosidl_generator_py/rosbridge_msgs/rosbridge_msgs_s__rosidl_typesupport_c.cpython-310-x86_64-linux-gnu.so[0m
[3.302s] [100%] Built target rosbridge_msgs__rosidl_typesupport_fastrtps_c__pyext
[3.308s] [100%] Built target rosbridge_msgs__rosidl_typesupport_c__pyext
[3.318s] Invoked command in '/home/jason/Desktop/STUDY/Cobra-Driver/workspace/src/build/rosbridge_msgs' returned '0': CMAKE_PREFIX_PATH=${CMAKE_PREFIX_PATH}:/home/jason/Desktop/STUDY/Cobra-Driver/workspace/install/udp_to_ros:/home/jason/Desktop/STUDY/Cobra-Driver/workspace/install/udp_float_receiver:/opt/ros/iron CONDA_PROMPT_MODIFIER=(base) /usr/bin/cmake --build /home/jason/Desktop/STUDY/Cobra-Driver/workspace/src/build/rosbridge_msgs -- -j16 -l16
[3.383s] Invoking command in '/home/jason/Desktop/STUDY/Cobra-Driver/workspace/src/build/rosbridge_msgs': CMAKE_PREFIX_PATH=${CMAKE_PREFIX_PATH}:/home/jason/Desktop/STUDY/Cobra-Driver/workspace/install/udp_to_ros:/home/jason/Desktop/STUDY/Cobra-Driver/workspace/install/udp_float_receiver:/opt/ros/iron CONDA_PROMPT_MODIFIER=(base) /usr/bin/cmake --install /home/jason/Desktop/STUDY/Cobra-Driver/workspace/src/build/rosbridge_msgs
[3.389s] -- Install configuration: ""
[3.389s] -- Installing: /home/jason/Desktop/STUDY/Cobra-Driver/workspace/src/install/rosbridge_msgs/share/ament_index/resource_index/rosidl_interfaces/rosbridge_msgs
[3.390s] -- Installing: /home/jason/Desktop/STUDY/Cobra-Driver/workspace/src/install/rosbridge_msgs/share/rosbridge_msgs/msg/ConnectedClient.json
[3.390s] -- Installing: /home/jason/Desktop/STUDY/Cobra-Driver/workspace/src/install/rosbridge_msgs/share/rosbridge_msgs/msg/ConnectedClients.json
[3.390s] -- Installing: /home/jason/Desktop/STUDY/Cobra-Driver/workspace/src/install/rosbridge_msgs/include/rosbridge_msgs/rosbridge_msgs
[3.390s] -- Installing: /home/jason/Desktop/STUDY/Cobra-Driver/workspace/src/install/rosbridge_msgs/include/rosbridge_msgs/rosbridge_msgs/msg
[3.390s] -- Installing: /home/jason/Desktop/STUDY/Cobra-Driver/workspace/src/install/rosbridge_msgs/include/rosbridge_msgs/rosbridge_msgs/msg/connected_client.h
[3.390s] -- Installing: /home/jason/Desktop/STUDY/Cobra-Driver/workspace/src/install/rosbridge_msgs/include/rosbridge_msgs/rosbridge_msgs/msg/connected_clients.h
[3.390s] -- Installing: /home/jason/Desktop/STUDY/Cobra-Driver/workspace/src/install/rosbridge_msgs/include/rosbridge_msgs/rosbridge_msgs/msg/rosidl_generator_c__visibility_control.h
[3.390s] -- Installing: /home/jason/Desktop/STUDY/Cobra-Driver/workspace/src/install/rosbridge_msgs/include/rosbridge_msgs/rosbridge_msgs/msg/detail
[3.390s] -- Installing: /home/jason/Desktop/STUDY/Cobra-Driver/workspace/src/install/rosbridge_msgs/include/rosbridge_msgs/rosbridge_msgs/msg/detail/connected_clients__functions.c
[3.390s] -- Installing: /home/jason/Desktop/STUDY/Cobra-Driver/workspace/src/install/rosbridge_msgs/include/rosbridge_msgs/rosbridge_msgs/msg/detail/connected_client__description.c
[3.390s] -- Installing: /home/jason/Desktop/STUDY/Cobra-Driver/workspace/src/install/rosbridge_msgs/include/rosbridge_msgs/rosbridge_msgs/msg/detail/connected_clients__struct.h
[3.391s] -- Installing: /home/jason/Desktop/STUDY/Cobra-Driver/workspace/src/install/rosbridge_msgs/include/rosbridge_msgs/rosbridge_msgs/msg/detail/connected_clients__type_support.h
[3.391s] -- Installing: /home/jason/Desktop/STUDY/Cobra-Driver/workspace/src/install/rosbridge_msgs/include/rosbridge_msgs/rosbridge_msgs/msg/detail/connected_clients__functions.h
[3.391s] -- Installing: /home/jason/Desktop/STUDY/Cobra-Driver/workspace/src/install/rosbridge_msgs/include/rosbridge_msgs/rosbridge_msgs/msg/detail/connected_client__functions.c
[3.391s] -- Installing: /home/jason/Desktop/STUDY/Cobra-Driver/workspace/src/install/rosbridge_msgs/include/rosbridge_msgs/rosbridge_msgs/msg/detail/connected_clients__type_support.c
[3.391s] -- Installing: /home/jason/Desktop/STUDY/Cobra-Driver/workspace/src/install/rosbridge_msgs/include/rosbridge_msgs/rosbridge_msgs/msg/detail/connected_client__struct.h
[3.391s] -- Installing: /home/jason/Desktop/STUDY/Cobra-Driver/workspace/src/install/rosbridge_msgs/include/rosbridge_msgs/rosbridge_msgs/msg/detail/connected_client__type_support.h
[3.391s] -- Installing: /home/jason/Desktop/STUDY/Cobra-Driver/workspace/src/install/rosbridge_msgs/include/rosbridge_msgs/rosbridge_msgs/msg/detail/connected_client__type_support.c
[3.391s] -- Installing: /home/jason/Desktop/STUDY/Cobra-Driver/workspace/src/install/rosbridge_msgs/include/rosbridge_msgs/rosbridge_msgs/msg/detail/connected_client__functions.h
[3.391s] -- Installing: /home/jason/Desktop/STUDY/Cobra-Driver/workspace/src/install/rosbridge_msgs/include/rosbridge_msgs/rosbridge_msgs/msg/detail/connected_clients__description.c
[3.391s] -- Installing: /home/jason/Desktop/STUDY/Cobra-Driver/workspace/src/install/rosbridge_msgs/share/rosbridge_msgs/environment/library_path.sh
[3.391s] -- Installing: /home/jason/Desktop/STUDY/Cobra-Driver/workspace/src/install/rosbridge_msgs/share/rosbridge_msgs/environment/library_path.dsv
[3.391s] -- Installing: /home/jason/Desktop/STUDY/Cobra-Driver/workspace/src/install/rosbridge_msgs/lib/librosbridge_msgs__rosidl_generator_c.so
[3.392s] -- Set runtime path of "/home/jason/Desktop/STUDY/Cobra-Driver/workspace/src/install/rosbridge_msgs/lib/librosbridge_msgs__rosidl_generator_c.so" to ""
[3.392s] -- Up-to-date: /home/jason/Desktop/STUDY/Cobra-Driver/workspace/src/install/rosbridge_msgs/include/rosbridge_msgs/rosbridge_msgs
[3.392s] -- Up-to-date: /home/jason/Desktop/STUDY/Cobra-Driver/workspace/src/install/rosbridge_msgs/include/rosbridge_msgs/rosbridge_msgs/msg
[3.392s] -- Installing: /home/jason/Desktop/STUDY/Cobra-Driver/workspace/src/install/rosbridge_msgs/include/rosbridge_msgs/rosbridge_msgs/msg/rosidl_typesupport_fastrtps_c__visibility_control.h
[3.392s] -- Up-to-date: /home/jason/Desktop/STUDY/Cobra-Driver/workspace/src/install/rosbridge_msgs/include/rosbridge_msgs/rosbridge_msgs/msg/detail
[3.392s] -- Installing: /home/jason/Desktop/STUDY/Cobra-Driver/workspace/src/install/rosbridge_msgs/include/rosbridge_msgs/rosbridge_msgs/msg/detail/connected_client__rosidl_typesupport_fastrtps_c.h
[3.392s] -- Installing: /home/jason/Desktop/STUDY/Cobra-Driver/workspace/src/install/rosbridge_msgs/include/rosbridge_msgs/rosbridge_msgs/msg/detail/connected_clients__rosidl_typesupport_fastrtps_c.h
[3.392s] -- Installing: /home/jason/Desktop/STUDY/Cobra-Driver/workspace/src/install/rosbridge_msgs/lib/librosbridge_msgs__rosidl_typesupport_fastrtps_c.so
[3.392s] -- Set runtime path of "/home/jason/Desktop/STUDY/Cobra-Driver/workspace/src/install/rosbridge_msgs/lib/librosbridge_msgs__rosidl_typesupport_fastrtps_c.so" to ""
[3.392s] -- Up-to-date: /home/jason/Desktop/STUDY/Cobra-Driver/workspace/src/install/rosbridge_msgs/include/rosbridge_msgs/rosbridge_msgs
[3.392s] -- Up-to-date: /home/jason/Desktop/STUDY/Cobra-Driver/workspace/src/install/rosbridge_msgs/include/rosbridge_msgs/rosbridge_msgs/msg
[3.393s] -- Installing: /home/jason/Desktop/STUDY/Cobra-Driver/workspace/src/install/rosbridge_msgs/include/rosbridge_msgs/rosbridge_msgs/msg/connected_client.hpp
[3.393s] -- Installing: /home/jason/Desktop/STUDY/Cobra-Driver/workspace/src/install/rosbridge_msgs/include/rosbridge_msgs/rosbridge_msgs/msg/connected_clients.hpp
[3.393s] -- Up-to-date: /home/jason/Desktop/STUDY/Cobra-Driver/workspace/src/install/rosbridge_msgs/include/rosbridge_msgs/rosbridge_msgs/msg/detail
[3.393s] -- Installing: /home/jason/Desktop/STUDY/Cobra-Driver/workspace/src/install/rosbridge_msgs/include/rosbridge_msgs/rosbridge_msgs/msg/detail/connected_client__struct.hpp
[3.393s] -- Installing: /home/jason/Desktop/STUDY/Cobra-Driver/workspace/src/install/rosbridge_msgs/include/rosbridge_msgs/rosbridge_msgs/msg/detail/connected_client__traits.hpp
[3.393s] -- Installing: /home/jason/Desktop/STUDY/Cobra-Driver/workspace/src/install/rosbridge_msgs/include/rosbridge_msgs/rosbridge_msgs/msg/detail/connected_client__builder.hpp
[3.393s] -- Installing: /home/jason/Desktop/STUDY/Cobra-Driver/workspace/src/install/rosbridge_msgs/include/rosbridge_msgs/rosbridge_msgs/msg/detail/connected_clients__traits.hpp
[3.393s] -- Installing: /home/jason/Desktop/STUDY/Cobra-Driver/workspace/src/install/rosbridge_msgs/include/rosbridge_msgs/rosbridge_msgs/msg/detail/connected_clients__builder.hpp
[3.393s] -- Installing: /home/jason/Desktop/STUDY/Cobra-Driver/workspace/src/install/rosbridge_msgs/include/rosbridge_msgs/rosbridge_msgs/msg/detail/connected_clients__struct.hpp
[3.393s] -- Up-to-date: /home/jason/Desktop/STUDY/Cobra-Driver/workspace/src/install/rosbridge_msgs/include/rosbridge_msgs/rosbridge_msgs
[3.393s] -- Up-to-date: /home/jason/Desktop/STUDY/Cobra-Driver/workspace/src/install/rosbridge_msgs/include/rosbridge_msgs/rosbridge_msgs/msg
[3.394s] -- Installing: /home/jason/Desktop/STUDY/Cobra-Driver/workspace/src/install/rosbridge_msgs/include/rosbridge_msgs/rosbridge_msgs/msg/rosidl_typesupport_fastrtps_cpp__visibility_control.h
[3.394s] -- Up-to-date: /home/jason/Desktop/STUDY/Cobra-Driver/workspace/src/install/rosbridge_msgs/include/rosbridge_msgs/rosbridge_msgs/msg/detail
[3.394s] -- Installing: /home/jason/Desktop/STUDY/Cobra-Driver/workspace/src/install/rosbridge_msgs/include/rosbridge_msgs/rosbridge_msgs/msg/detail/connected_clients__rosidl_typesupport_fastrtps_cpp.hpp
[3.394s] -- Installing: /home/jason/Desktop/STUDY/Cobra-Driver/workspace/src/install/rosbridge_msgs/include/rosbridge_msgs/rosbridge_msgs/msg/detail/connected_client__rosidl_typesupport_fastrtps_cpp.hpp
[3.394s] -- Installing: /home/jason/Desktop/STUDY/Cobra-Driver/workspace/src/install/rosbridge_msgs/include/rosbridge_msgs/rosbridge_msgs/msg/detail/dds_fastrtps
[3.394s] -- Installing: /home/jason/Desktop/STUDY/Cobra-Driver/workspace/src/install/rosbridge_msgs/lib/librosbridge_msgs__rosidl_typesupport_fastrtps_cpp.so
[3.394s] -- Set runtime path of "/home/jason/Desktop/STUDY/Cobra-Driver/workspace/src/install/rosbridge_msgs/lib/librosbridge_msgs__rosidl_typesupport_fastrtps_cpp.so" to ""
[3.394s] -- Up-to-date: /home/jason/Desktop/STUDY/Cobra-Driver/workspace/src/install/rosbridge_msgs/include/rosbridge_msgs/rosbridge_msgs
[3.394s] -- Up-to-date: /home/jason/Desktop/STUDY/Cobra-Driver/workspace/src/install/rosbridge_msgs/include/rosbridge_msgs/rosbridge_msgs/msg
[3.394s] -- Installing: /home/jason/Desktop/STUDY/Cobra-Driver/workspace/src/install/rosbridge_msgs/include/rosbridge_msgs/rosbridge_msgs/msg/rosidl_typesupport_introspection_c__visibility_control.h
[3.394s] -- Up-to-date: /home/jason/Desktop/STUDY/Cobra-Driver/workspace/src/install/rosbridge_msgs/include/rosbridge_msgs/rosbridge_msgs/msg/detail
[3.394s] -- Installing: /home/jason/Desktop/STUDY/Cobra-Driver/workspace/src/install/rosbridge_msgs/include/rosbridge_msgs/rosbridge_msgs/msg/detail/connected_clients__rosidl_typesupport_introspection_c.h
[3.394s] -- Up-to-date: /home/jason/Desktop/STUDY/Cobra-Driver/workspace/src/install/rosbridge_msgs/include/rosbridge_msgs/rosbridge_msgs/msg/detail/connected_clients__type_support.c
[3.395s] -- Installing: /home/jason/Desktop/STUDY/Cobra-Driver/workspace/src/install/rosbridge_msgs/include/rosbridge_msgs/rosbridge_msgs/msg/detail/connected_client__rosidl_typesupport_introspection_c.h
[3.395s] -- Up-to-date: /home/jason/Desktop/STUDY/Cobra-Driver/workspace/src/install/rosbridge_msgs/include/rosbridge_msgs/rosbridge_msgs/msg/detail/connected_client__type_support.c
[3.395s] -- Installing: /home/jason/Desktop/STUDY/Cobra-Driver/workspace/src/install/rosbridge_msgs/lib/librosbridge_msgs__rosidl_typesupport_introspection_c.so
[3.395s] -- Set runtime path of "/home/jason/Desktop/STUDY/Cobra-Driver/workspace/src/install/rosbridge_msgs/lib/librosbridge_msgs__rosidl_typesupport_introspection_c.so" to ""
[3.395s] -- Installing: /home/jason/Desktop/STUDY/Cobra-Driver/workspace/src/install/rosbridge_msgs/lib/librosbridge_msgs__rosidl_typesupport_c.so
[3.395s] -- Set runtime path of "/home/jason/Desktop/STUDY/Cobra-Driver/workspace/src/install/rosbridge_msgs/lib/librosbridge_msgs__rosidl_typesupport_c.so" to ""
[3.395s] -- Up-to-date: /home/jason/Desktop/STUDY/Cobra-Driver/workspace/src/install/rosbridge_msgs/include/rosbridge_msgs/rosbridge_msgs
[3.395s] -- Up-to-date: /home/jason/Desktop/STUDY/Cobra-Driver/workspace/src/install/rosbridge_msgs/include/rosbridge_msgs/rosbridge_msgs/msg
[3.395s] -- Up-to-date: /home/jason/Desktop/STUDY/Cobra-Driver/workspace/src/install/rosbridge_msgs/include/rosbridge_msgs/rosbridge_msgs/msg/detail
[3.395s] -- Installing: /home/jason/Desktop/STUDY/Cobra-Driver/workspace/src/install/rosbridge_msgs/include/rosbridge_msgs/rosbridge_msgs/msg/detail/connected_clients__rosidl_typesupport_introspection_cpp.hpp
[3.396s] -- Installing: /home/jason/Desktop/STUDY/Cobra-Driver/workspace/src/install/rosbridge_msgs/include/rosbridge_msgs/rosbridge_msgs/msg/detail/connected_clients__type_support.cpp
[3.396s] -- Installing: /home/jason/Desktop/STUDY/Cobra-Driver/workspace/src/install/rosbridge_msgs/include/rosbridge_msgs/rosbridge_msgs/msg/detail/connected_client__type_support.cpp
[3.396s] -- Installing: /home/jason/Desktop/STUDY/Cobra-Driver/workspace/src/install/rosbridge_msgs/include/rosbridge_msgs/rosbridge_msgs/msg/detail/connected_client__rosidl_typesupport_introspection_cpp.hpp
[3.396s] -- Installing: /home/jason/Desktop/STUDY/Cobra-Driver/workspace/src/install/rosbridge_msgs/lib/librosbridge_msgs__rosidl_typesupport_introspection_cpp.so
[3.396s] -- Set runtime path of "/home/jason/Desktop/STUDY/Cobra-Driver/workspace/src/install/rosbridge_msgs/lib/librosbridge_msgs__rosidl_typesupport_introspection_cpp.so" to ""
[3.396s] -- Installing: /home/jason/Desktop/STUDY/Cobra-Driver/workspace/src/install/rosbridge_msgs/lib/librosbridge_msgs__rosidl_typesupport_cpp.so
[3.396s] -- Set runtime path of "/home/jason/Desktop/STUDY/Cobra-Driver/workspace/src/install/rosbridge_msgs/lib/librosbridge_msgs__rosidl_typesupport_cpp.so" to ""
[3.396s] -- Installing: /home/jason/Desktop/STUDY/Cobra-Driver/workspace/src/install/rosbridge_msgs/share/rosbridge_msgs/environment/pythonpath.sh
[3.396s] -- Installing: /home/jason/Desktop/STUDY/Cobra-Driver/workspace/src/install/rosbridge_msgs/share/rosbridge_msgs/environment/pythonpath.dsv
[3.396s] -- Installing: /home/jason/Desktop/STUDY/Cobra-Driver/workspace/src/install/rosbridge_msgs/lib/python3.10/site-packages/rosbridge_msgs-1.3.1-py3.10.egg-info
[3.396s] -- Installing: /home/jason/Desktop/STUDY/Cobra-Driver/workspace/src/install/rosbridge_msgs/lib/python3.10/site-packages/rosbridge_msgs-1.3.1-py3.10.egg-info/top_level.txt
[3.396s] -- Installing: /home/jason/Desktop/STUDY/Cobra-Driver/workspace/src/install/rosbridge_msgs/lib/python3.10/site-packages/rosbridge_msgs-1.3.1-py3.10.egg-info/dependency_links.txt
[3.396s] -- Installing: /home/jason/Desktop/STUDY/Cobra-Driver/workspace/src/install/rosbridge_msgs/lib/python3.10/site-packages/rosbridge_msgs-1.3.1-py3.10.egg-info/SOURCES.txt
[3.397s] -- Installing: /home/jason/Desktop/STUDY/Cobra-Driver/workspace/src/install/rosbridge_msgs/lib/python3.10/site-packages/rosbridge_msgs-1.3.1-py3.10.egg-info/PKG-INFO
[3.397s] -- Installing: /home/jason/Desktop/STUDY/Cobra-Driver/workspace/src/install/rosbridge_msgs/lib/python3.10/site-packages/rosbridge_msgs
[3.397s] -- Installing: /home/jason/Desktop/STUDY/Cobra-Driver/workspace/src/install/rosbridge_msgs/lib/python3.10/site-packages/rosbridge_msgs/rosbridge_msgs_s__rosidl_typesupport_c.cpython-310-x86_64-linux-gnu.so
[3.397s] -- Installing: /home/jason/Desktop/STUDY/Cobra-Driver/workspace/src/install/rosbridge_msgs/lib/python3.10/site-packages/rosbridge_msgs/__init__.py
[3.397s] -- Installing: /home/jason/Desktop/STUDY/Cobra-Driver/workspace/src/install/rosbridge_msgs/lib/python3.10/site-packages/rosbridge_msgs/_rosbridge_msgs_s.ep.rosidl_typesupport_fastrtps_c.c
[3.397s] -- Installing: /home/jason/Desktop/STUDY/Cobra-Driver/workspace/src/install/rosbridge_msgs/lib/python3.10/site-packages/rosbridge_msgs/_rosbridge_msgs_s.ep.rosidl_typesupport_introspection_c.c
[3.397s] -- Installing: /home/jason/Desktop/STUDY/Cobra-Driver/workspace/src/install/rosbridge_msgs/lib/python3.10/site-packages/rosbridge_msgs/rosbridge_msgs_s__rosidl_typesupport_fastrtps_c.cpython-310-x86_64-linux-gnu.so
[3.397s] -- Installing: /home/jason/Desktop/STUDY/Cobra-Driver/workspace/src/install/rosbridge_msgs/lib/python3.10/site-packages/rosbridge_msgs/_rosbridge_msgs_s.ep.rosidl_typesupport_c.c
[3.397s] -- Installing: /home/jason/Desktop/STUDY/Cobra-Driver/workspace/src/install/rosbridge_msgs/lib/python3.10/site-packages/rosbridge_msgs/librosbridge_msgs__rosidl_generator_py.so
[3.397s] -- Installing: /home/jason/Desktop/STUDY/Cobra-Driver/workspace/src/install/rosbridge_msgs/lib/python3.10/site-packages/rosbridge_msgs/msg
[3.397s] -- Installing: /home/jason/Desktop/STUDY/Cobra-Driver/workspace/src/install/rosbridge_msgs/lib/python3.10/site-packages/rosbridge_msgs/msg/_connected_client_s.c
[3.397s] -- Installing: /home/jason/Desktop/STUDY/Cobra-Driver/workspace/src/install/rosbridge_msgs/lib/python3.10/site-packages/rosbridge_msgs/msg/_connected_clients.py
[3.397s] -- Installing: /home/jason/Desktop/STUDY/Cobra-Driver/workspace/src/install/rosbridge_msgs/lib/python3.10/site-packages/rosbridge_msgs/msg/_connected_client.py
[3.398s] -- Installing: /home/jason/Desktop/STUDY/Cobra-Driver/workspace/src/install/rosbridge_msgs/lib/python3.10/site-packages/rosbridge_msgs/msg/_connected_clients_s.c
[3.398s] -- Installing: /home/jason/Desktop/STUDY/Cobra-Driver/workspace/src/install/rosbridge_msgs/lib/python3.10/site-packages/rosbridge_msgs/msg/__init__.py
[3.398s] -- Installing: /home/jason/Desktop/STUDY/Cobra-Driver/workspace/src/install/rosbridge_msgs/lib/python3.10/site-packages/rosbridge_msgs/rosbridge_msgs_s__rosidl_typesupport_introspection_c.cpython-310-x86_64-linux-gnu.so
[3.436s] Listing '/home/jason/Desktop/STUDY/Cobra-Driver/workspace/src/install/rosbridge_msgs/lib/python3.10/site-packages/rosbridge_msgs'...
[3.436s] Compiling '/home/jason/Desktop/STUDY/Cobra-Driver/workspace/src/install/rosbridge_msgs/lib/python3.10/site-packages/rosbridge_msgs/__init__.py'...
[3.436s] Listing '/home/jason/Desktop/STUDY/Cobra-Driver/workspace/src/install/rosbridge_msgs/lib/python3.10/site-packages/rosbridge_msgs/msg'...
[3.436s] Compiling '/home/jason/Desktop/STUDY/Cobra-Driver/workspace/src/install/rosbridge_msgs/lib/python3.10/site-packages/rosbridge_msgs/msg/__init__.py'...
[3.436s] Compiling '/home/jason/Desktop/STUDY/Cobra-Driver/workspace/src/install/rosbridge_msgs/lib/python3.10/site-packages/rosbridge_msgs/msg/_connected_client.py'...
[3.436s] Compiling '/home/jason/Desktop/STUDY/Cobra-Driver/workspace/src/install/rosbridge_msgs/lib/python3.10/site-packages/rosbridge_msgs/msg/_connected_clients.py'...
[3.440s] -- Installing: /home/jason/Desktop/STUDY/Cobra-Driver/workspace/src/install/rosbridge_msgs/lib/python3.10/site-packages/rosbridge_msgs/rosbridge_msgs_s__rosidl_typesupport_fastrtps_c.cpython-310-x86_64-linux-gnu.so
[3.441s] -- Set runtime path of "/home/jason/Desktop/STUDY/Cobra-Driver/workspace/src/install/rosbridge_msgs/lib/python3.10/site-packages/rosbridge_msgs/rosbridge_msgs_s__rosidl_typesupport_fastrtps_c.cpython-310-x86_64-linux-gnu.so" to ""
[3.441s] -- Installing: /home/jason/Desktop/STUDY/Cobra-Driver/workspace/src/install/rosbridge_msgs/lib/python3.10/site-packages/rosbridge_msgs/rosbridge_msgs_s__rosidl_typesupport_introspection_c.cpython-310-x86_64-linux-gnu.so
[3.441s] -- Set runtime path of "/home/jason/Desktop/STUDY/Cobra-Driver/workspace/src/install/rosbridge_msgs/lib/python3.10/site-packages/rosbridge_msgs/rosbridge_msgs_s__rosidl_typesupport_introspection_c.cpython-310-x86_64-linux-gnu.so" to ""
[3.441s] -- Installing: /home/jason/Desktop/STUDY/Cobra-Driver/workspace/src/install/rosbridge_msgs/lib/python3.10/site-packages/rosbridge_msgs/rosbridge_msgs_s__rosidl_typesupport_c.cpython-310-x86_64-linux-gnu.so
[3.441s] -- Set runtime path of "/home/jason/Desktop/STUDY/Cobra-Driver/workspace/src/install/rosbridge_msgs/lib/python3.10/site-packages/rosbridge_msgs/rosbridge_msgs_s__rosidl_typesupport_c.cpython-310-x86_64-linux-gnu.so" to ""
[3.442s] -- Installing: /home/jason/Desktop/STUDY/Cobra-Driver/workspace/src/install/rosbridge_msgs/lib/librosbridge_msgs__rosidl_generator_py.so
[3.442s] -- Set runtime path of "/home/jason/Desktop/STUDY/Cobra-Driver/workspace/src/install/rosbridge_msgs/lib/librosbridge_msgs__rosidl_generator_py.so" to ""
[3.442s] -- Installing: /home/jason/Desktop/STUDY/Cobra-Driver/workspace/src/install/rosbridge_msgs/share/rosbridge_msgs/msg/ConnectedClient.idl
[3.442s] -- Installing: /home/jason/Desktop/STUDY/Cobra-Driver/workspace/src/install/rosbridge_msgs/share/rosbridge_msgs/msg/ConnectedClients.idl
[3.442s] -- Installing: /home/jason/Desktop/STUDY/Cobra-Driver/workspace/src/install/rosbridge_msgs/share/rosbridge_msgs/msg/ConnectedClient.msg
[3.442s] -- Installing: /home/jason/Desktop/STUDY/Cobra-Driver/workspace/src/install/rosbridge_msgs/share/rosbridge_msgs/msg/ConnectedClients.msg
[3.442s] -- Installing: /home/jason/Desktop/STUDY/Cobra-Driver/workspace/src/install/rosbridge_msgs/share/ament_index/resource_index/package_run_dependencies/rosbridge_msgs
[3.443s] -- Installing: /home/jason/Desktop/STUDY/Cobra-Driver/workspace/src/install/rosbridge_msgs/share/ament_index/resource_index/parent_prefix_path/rosbridge_msgs
[3.443s] -- Installing: /home/jason/Desktop/STUDY/Cobra-Driver/workspace/src/install/rosbridge_msgs/share/rosbridge_msgs/environment/ament_prefix_path.sh
[3.443s] -- Installing: /home/jason/Desktop/STUDY/Cobra-Driver/workspace/src/install/rosbridge_msgs/share/rosbridge_msgs/environment/ament_prefix_path.dsv
[3.443s] -- Installing: /home/jason/Desktop/STUDY/Cobra-Driver/workspace/src/install/rosbridge_msgs/share/rosbridge_msgs/environment/path.sh
[3.443s] -- Installing: /home/jason/Desktop/STUDY/Cobra-Driver/workspace/src/install/rosbridge_msgs/share/rosbridge_msgs/environment/path.dsv
[3.443s] -- Installing: /home/jason/Desktop/STUDY/Cobra-Driver/workspace/src/install/rosbridge_msgs/share/rosbridge_msgs/local_setup.bash
[3.443s] -- Installing: /home/jason/Desktop/STUDY/Cobra-Driver/workspace/src/install/rosbridge_msgs/share/rosbridge_msgs/local_setup.sh
[3.444s] -- Installing: /home/jason/Desktop/STUDY/Cobra-Driver/workspace/src/install/rosbridge_msgs/share/rosbridge_msgs/local_setup.zsh
[3.444s] -- Installing: /home/jason/Desktop/STUDY/Cobra-Driver/workspace/src/install/rosbridge_msgs/share/rosbridge_msgs/local_setup.dsv
[3.444s] -- Installing: /home/jason/Desktop/STUDY/Cobra-Driver/workspace/src/install/rosbridge_msgs/share/rosbridge_msgs/package.dsv
[3.444s] -- Installing: /home/jason/Desktop/STUDY/Cobra-Driver/workspace/src/install/rosbridge_msgs/share/ament_index/resource_index/packages/rosbridge_msgs
[3.444s] -- Installing: /home/jason/Desktop/STUDY/Cobra-Driver/workspace/src/install/rosbridge_msgs/share/rosbridge_msgs/cmake/export_rosbridge_msgs__rosidl_generator_cExport.cmake
[3.444s] -- Installing: /home/jason/Desktop/STUDY/Cobra-Driver/workspace/src/install/rosbridge_msgs/share/rosbridge_msgs/cmake/export_rosbridge_msgs__rosidl_generator_cExport-noconfig.cmake
[3.444s] -- Installing: /home/jason/Desktop/STUDY/Cobra-Driver/workspace/src/install/rosbridge_msgs/share/rosbridge_msgs/cmake/export_rosbridge_msgs__rosidl_typesupport_fastrtps_cExport.cmake
[3.445s] -- Installing: /home/jason/Desktop/STUDY/Cobra-Driver/workspace/src/install/rosbridge_msgs/share/rosbridge_msgs/cmake/export_rosbridge_msgs__rosidl_typesupport_fastrtps_cExport-noconfig.cmake
[3.445s] -- Installing: /home/jason/Desktop/STUDY/Cobra-Driver/workspace/src/install/rosbridge_msgs/share/rosbridge_msgs/cmake/export_rosbridge_msgs__rosidl_generator_cppExport.cmake
[3.445s] -- Installing: /home/jason/Desktop/STUDY/Cobra-Driver/workspace/src/install/rosbridge_msgs/share/rosbridge_msgs/cmake/export_rosbridge_msgs__rosidl_typesupport_fastrtps_cppExport.cmake
[3.445s] -- Installing: /home/jason/Desktop/STUDY/Cobra-Driver/workspace/src/install/rosbridge_msgs/share/rosbridge_msgs/cmake/export_rosbridge_msgs__rosidl_typesupport_fastrtps_cppExport-noconfig.cmake
[3.445s] -- Installing: /home/jason/Desktop/STUDY/Cobra-Driver/workspace/src/install/rosbridge_msgs/share/rosbridge_msgs/cmake/rosbridge_msgs__rosidl_typesupport_introspection_cExport.cmake
[3.445s] -- Installing: /home/jason/Desktop/STUDY/Cobra-Driver/workspace/src/install/rosbridge_msgs/share/rosbridge_msgs/cmake/rosbridge_msgs__rosidl_typesupport_introspection_cExport-noconfig.cmake
[3.445s] -- Installing: /home/jason/Desktop/STUDY/Cobra-Driver/workspace/src/install/rosbridge_msgs/share/rosbridge_msgs/cmake/rosbridge_msgs__rosidl_typesupport_cExport.cmake
[3.446s] -- Installing: /home/jason/Desktop/STUDY/Cobra-Driver/workspace/src/install/rosbridge_msgs/share/rosbridge_msgs/cmake/rosbridge_msgs__rosidl_typesupport_cExport-noconfig.cmake
[3.446s] -- Installing: /home/jason/Desktop/STUDY/Cobra-Driver/workspace/src/install/rosbridge_msgs/share/rosbridge_msgs/cmake/rosbridge_msgs__rosidl_typesupport_introspection_cppExport.cmake
[3.446s] -- Installing: /home/jason/Desktop/STUDY/Cobra-Driver/workspace/src/install/rosbridge_msgs/share/rosbridge_msgs/cmake/rosbridge_msgs__rosidl_typesupport_introspection_cppExport-noconfig.cmake
[3.446s] -- Installing: /home/jason/Desktop/STUDY/Cobra-Driver/workspace/src/install/rosbridge_msgs/share/rosbridge_msgs/cmake/rosbridge_msgs__rosidl_typesupport_cppExport.cmake
[3.446s] -- Installing: /home/jason/Desktop/STUDY/Cobra-Driver/workspace/src/install/rosbridge_msgs/share/rosbridge_msgs/cmake/rosbridge_msgs__rosidl_typesupport_cppExport-noconfig.cmake
[3.446s] -- Installing: /home/jason/Desktop/STUDY/Cobra-Driver/workspace/src/install/rosbridge_msgs/share/rosbridge_msgs/cmake/export_rosbridge_msgs__rosidl_generator_pyExport.cmake
[3.446s] -- Installing: /home/jason/Desktop/STUDY/Cobra-Driver/workspace/src/install/rosbridge_msgs/share/rosbridge_msgs/cmake/export_rosbridge_msgs__rosidl_generator_pyExport-noconfig.cmake
[3.447s] -- Installing: /home/jason/Desktop/STUDY/Cobra-Driver/workspace/src/install/rosbridge_msgs/share/rosbridge_msgs/cmake/rosidl_cmake-extras.cmake
[3.447s] -- Installing: /home/jason/Desktop/STUDY/Cobra-Driver/workspace/src/install/rosbridge_msgs/share/rosbridge_msgs/cmake/ament_cmake_export_dependencies-extras.cmake
[3.447s] -- Installing: /home/jason/Desktop/STUDY/Cobra-Driver/workspace/src/install/rosbridge_msgs/share/rosbridge_msgs/cmake/ament_cmake_export_include_directories-extras.cmake
[3.447s] -- Installing: /home/jason/Desktop/STUDY/Cobra-Driver/workspace/src/install/rosbridge_msgs/share/rosbridge_msgs/cmake/ament_cmake_export_libraries-extras.cmake
[3.447s] -- Installing: /home/jason/Desktop/STUDY/Cobra-Driver/workspace/src/install/rosbridge_msgs/share/rosbridge_msgs/cmake/ament_cmake_export_targets-extras.cmake
[3.447s] -- Installing: /home/jason/Desktop/STUDY/Cobra-Driver/workspace/src/install/rosbridge_msgs/share/rosbridge_msgs/cmake/rosidl_cmake_export_typesupport_targets-extras.cmake
[3.447s] -- Installing: /home/jason/Desktop/STUDY/Cobra-Driver/workspace/src/install/rosbridge_msgs/share/rosbridge_msgs/cmake/rosidl_cmake_export_typesupport_libraries-extras.cmake
[3.447s] -- Installing: /home/jason/Desktop/STUDY/Cobra-Driver/workspace/src/install/rosbridge_msgs/share/rosbridge_msgs/cmake/rosbridge_msgsConfig.cmake
[3.448s] -- Installing: /home/jason/Desktop/STUDY/Cobra-Driver/workspace/src/install/rosbridge_msgs/share/rosbridge_msgs/cmake/rosbridge_msgsConfig-version.cmake
[3.448s] -- Installing: /home/jason/Desktop/STUDY/Cobra-Driver/workspace/src/install/rosbridge_msgs/share/rosbridge_msgs/package.xml
[3.452s] Invoked command in '/home/jason/Desktop/STUDY/Cobra-Driver/workspace/src/build/rosbridge_msgs' returned '0': CMAKE_PREFIX_PATH=${CMAKE_PREFIX_PATH}:/home/jason/Desktop/STUDY/Cobra-Driver/workspace/install/udp_to_ros:/home/jason/Desktop/STUDY/Cobra-Driver/workspace/install/udp_float_receiver:/opt/ros/iron CONDA_PROMPT_MODIFIER=(base) /usr/bin/cmake --install /home/jason/Desktop/STUDY/Cobra-Driver/workspace/src/build/rosbridge_msgs
