[3.316s] Invoking command in '/home/jason/Desktop/STUDY/Cobra-Driver/workspace/src/udp_to_ros': PYTHONPATH=/home/jason/Desktop/STUDY/Cobra-Driver/workspace/build/udp_to_ros/prefix_override:/home/jason/Desktop/STUDY/Cobra-Driver/workspace/install/udp_to_ros/lib/python3.10/site-packages:${PYTHONPATH} /usr/bin/python3 setup.py egg_info --egg-base ../../build/udp_to_ros build --build-base /home/jason/Desktop/STUDY/Cobra-Driver/workspace/build/udp_to_ros/build install --record /home/jason/Desktop/STUDY/Cobra-Driver/workspace/build/udp_to_ros/install.log --single-version-externally-managed
[3.592s] running egg_info
[3.613s] writing ../../build/udp_to_ros/udp_to_ros.egg-info/PKG-INFO
[3.613s] writing dependency_links to ../../build/udp_to_ros/udp_to_ros.egg-info/dependency_links.txt
[3.613s] writing entry points to ../../build/udp_to_ros/udp_to_ros.egg-info/entry_points.txt
[3.613s] writing requirements to ../../build/udp_to_ros/udp_to_ros.egg-info/requires.txt
[3.613s] writing top-level names to ../../build/udp_to_ros/udp_to_ros.egg-info/top_level.txt
[3.653s] reading manifest file '../../build/udp_to_ros/udp_to_ros.egg-info/SOURCES.txt'
[3.654s] writing manifest file '../../build/udp_to_ros/udp_to_ros.egg-info/SOURCES.txt'
[3.654s] running build
[3.655s] running build_py
[3.655s] running install
[3.656s] /home/jason/.local/lib/python3.10/site-packages/setuptools/_distutils/cmd.py:66: SetuptoolsDeprecationWarning: setup.py install is deprecated.
[3.656s] !!
[3.656s] 
[3.657s]         ********************************************************************************
[3.657s]         Please avoid running ``setup.py`` directly.
[3.657s]         Instead, use pypa/build, pypa/installer or other
[3.657s]         standards-based tools.
[3.658s] 
[3.658s]         See https://blog.ganssle.io/articles/2021/10/setup-py-deprecated.html for details.
[3.658s]         ********************************************************************************
[3.658s] 
[3.658s] !!
[3.658s]   self.initialize_options()
[3.660s] running install_lib
[3.679s] running install_data
[3.699s] running install_egg_info
[3.720s] removing '/home/jason/Desktop/STUDY/Cobra-Driver/workspace/install/udp_to_ros/lib/python3.10/site-packages/udp_to_ros-0.0.0-py3.10.egg-info' (and everything under it)
[3.720s] Copying ../../build/udp_to_ros/udp_to_ros.egg-info to /home/jason/Desktop/STUDY/Cobra-Driver/workspace/install/udp_to_ros/lib/python3.10/site-packages/udp_to_ros-0.0.0-py3.10.egg-info
[3.721s] running install_scripts
[3.905s] Installing udp_listener script to /home/jason/Desktop/STUDY/Cobra-Driver/workspace/install/udp_to_ros/lib/udp_to_ros
[3.906s] writing list of installed files to '/home/jason/Desktop/STUDY/Cobra-Driver/workspace/build/udp_to_ros/install.log'
[4.368s] Invoked command in '/home/jason/Desktop/STUDY/Cobra-Driver/workspace/src/udp_to_ros' returned '0': PYTHONPATH=/home/jason/Desktop/STUDY/Cobra-Driver/workspace/build/udp_to_ros/prefix_override:/home/jason/Desktop/STUDY/Cobra-Driver/workspace/install/udp_to_ros/lib/python3.10/site-packages:${PYTHONPATH} /usr/bin/python3 setup.py egg_info --egg-base ../../build/udp_to_ros build --build-base /home/jason/Desktop/STUDY/Cobra-Driver/workspace/build/udp_to_ros/build install --record /home/jason/Desktop/STUDY/Cobra-Driver/workspace/build/udp_to_ros/install.log --single-version-externally-managed
