running egg_info
creating ../../build/common/common.egg-info
writing ../../build/common/common.egg-info/PKG-INFO
writing dependency_links to ../../build/common/common.egg-info/dependency_links.txt
writing requirements to ../../build/common/common.egg-info/requires.txt
writing top-level names to ../../build/common/common.egg-info/top_level.txt
writing manifest file '../../build/common/common.egg-info/SOURCES.txt'
reading manifest file '../../build/common/common.egg-info/SOURCES.txt'
writing manifest file '../../build/common/common.egg-info/SOURCES.txt'
running build
running build_py
creating /home/jason/Desktop/STUDY/Cobra-Driver/workspace/build/common/build
creating /home/jason/Desktop/STUDY/Cobra-Driver/workspace/build/common/build/lib
creating /home/jason/Desktop/STUDY/Cobra-Driver/workspace/build/common/build/lib/common
copying common/__init__.py -> /home/jason/Desktop/STUDY/Cobra-Driver/workspace/build/common/build/lib/common
running install
running install_lib
creating /home/jason/Desktop/STUDY/Cobra-Driver/workspace/install/common/lib/python3.10/site-packages/common
copying /home/jason/Desktop/STUDY/Cobra-Driver/workspace/build/common/build/lib/common/__init__.py -> /home/jason/Desktop/STUDY/Cobra-Driver/workspace/install/common/lib/python3.10/site-packages/common
byte-compiling /home/jason/Desktop/STUDY/Cobra-Driver/workspace/install/common/lib/python3.10/site-packages/common/__init__.py to __init__.cpython-310.pyc
running install_data
creating /home/jason/Desktop/STUDY/Cobra-Driver/workspace/install/common/share/ament_index
creating /home/jason/Desktop/STUDY/Cobra-Driver/workspace/install/common/share/ament_index/resource_index
creating /home/jason/Desktop/STUDY/Cobra-Driver/workspace/install/common/share/ament_index/resource_index/packages
copying resource/common -> /home/jason/Desktop/STUDY/Cobra-Driver/workspace/install/common/share/ament_index/resource_index/packages
copying package.xml -> /home/jason/Desktop/STUDY/Cobra-Driver/workspace/install/common/share/common
copying remoteop.launch.py -> /home/jason/Desktop/STUDY/Cobra-Driver/workspace/install/common/share/common
copying remoteop.cone.launch.py -> /home/jason/Desktop/STUDY/Cobra-Driver/workspace/install/common/share/common
running install_egg_info
Copying ../../build/common/common.egg-info to /home/jason/Desktop/STUDY/Cobra-Driver/workspace/install/common/lib/python3.10/site-packages/common-0.0.0-py3.10.egg-info
running install_scripts
writing list of installed files to '/home/jason/Desktop/STUDY/Cobra-Driver/workspace/build/common/install.log'
