[3.219s] Invoking command in '/home/jason/Desktop/STUDY/Cobra-Driver/workspace/src/common': PYTHONPATH=/home/jason/Desktop/STUDY/Cobra-Driver/workspace/build/common/prefix_override:/home/jason/Desktop/STUDY/Cobra-Driver/workspace/install/common/lib/python3.10/site-packages:${PYTHONPATH} /usr/bin/python3 setup.py egg_info --egg-base ../../build/common build --build-base /home/jason/Desktop/STUDY/Cobra-Driver/workspace/build/common/build install --record /home/jason/Desktop/STUDY/Cobra-Driver/workspace/build/common/install.log --single-version-externally-managed
[3.520s] running egg_info
[3.520s] creating ../../build/common/common.egg-info
[3.541s] writing ../../build/common/common.egg-info/PKG-INFO
[3.542s] writing dependency_links to ../../build/common/common.egg-info/dependency_links.txt
[3.543s] writing requirements to ../../build/common/common.egg-info/requires.txt
[3.543s] writing top-level names to ../../build/common/common.egg-info/top_level.txt
[3.544s] writing manifest file '../../build/common/common.egg-info/SOURCES.txt'
[3.581s] reading manifest file '../../build/common/common.egg-info/SOURCES.txt'
[3.581s] writing manifest file '../../build/common/common.egg-info/SOURCES.txt'
[3.582s] running build
[3.582s] running build_py
[3.582s] creating /home/jason/Desktop/STUDY/Cobra-Driver/workspace/build/common/build
[3.582s] creating /home/jason/Desktop/STUDY/Cobra-Driver/workspace/build/common/build/lib
[3.582s] creating /home/jason/Desktop/STUDY/Cobra-Driver/workspace/build/common/build/lib/common
[3.582s] copying common/__init__.py -> /home/jason/Desktop/STUDY/Cobra-Driver/workspace/build/common/build/lib/common
[3.583s] running install
[3.583s] /home/jason/.local/lib/python3.10/site-packages/setuptools/_distutils/cmd.py:66: SetuptoolsDeprecationWarning: setup.py install is deprecated.
[3.583s] !!
[3.583s] 
[3.583s]         ********************************************************************************
[3.584s]         Please avoid running ``setup.py`` directly.
[3.584s]         Instead, use pypa/build, pypa/installer or other
[3.584s]         standards-based tools.
[3.584s] 
[3.584s]         See https://blog.ganssle.io/articles/2021/10/setup-py-deprecated.html for details.
[3.584s]         ********************************************************************************
[3.584s] 
[3.584s] !!
[3.584s]   self.initialize_options()
[3.588s] running install_lib
[3.609s] creating /home/jason/Desktop/STUDY/Cobra-Driver/workspace/install/common/lib/python3.10/site-packages/common
[3.609s] copying /home/jason/Desktop/STUDY/Cobra-Driver/workspace/build/common/build/lib/common/__init__.py -> /home/jason/Desktop/STUDY/Cobra-Driver/workspace/install/common/lib/python3.10/site-packages/common
[3.609s] byte-compiling /home/jason/Desktop/STUDY/Cobra-Driver/workspace/install/common/lib/python3.10/site-packages/common/__init__.py to __init__.cpython-310.pyc
[3.609s] running install_data
[3.632s] creating /home/jason/Desktop/STUDY/Cobra-Driver/workspace/install/common/share/ament_index
[3.632s] creating /home/jason/Desktop/STUDY/Cobra-Driver/workspace/install/common/share/ament_index/resource_index
[3.632s] creating /home/jason/Desktop/STUDY/Cobra-Driver/workspace/install/common/share/ament_index/resource_index/packages
[3.632s] copying resource/common -> /home/jason/Desktop/STUDY/Cobra-Driver/workspace/install/common/share/ament_index/resource_index/packages
[3.632s] copying package.xml -> /home/jason/Desktop/STUDY/Cobra-Driver/workspace/install/common/share/common
[3.632s] copying remoteop.launch.py -> /home/jason/Desktop/STUDY/Cobra-Driver/workspace/install/common/share/common
[3.633s] copying remoteop.cone.launch.py -> /home/jason/Desktop/STUDY/Cobra-Driver/workspace/install/common/share/common
[3.633s] running install_egg_info
[3.657s] Copying ../../build/common/common.egg-info to /home/jason/Desktop/STUDY/Cobra-Driver/workspace/install/common/lib/python3.10/site-packages/common-0.0.0-py3.10.egg-info
[3.658s] running install_scripts
[3.896s] writing list of installed files to '/home/jason/Desktop/STUDY/Cobra-Driver/workspace/build/common/install.log'
[4.021s] Invoked command in '/home/jason/Desktop/STUDY/Cobra-Driver/workspace/src/common' returned '0': PYTHONPATH=/home/jason/Desktop/STUDY/Cobra-Driver/workspace/build/common/prefix_override:/home/jason/Desktop/STUDY/Cobra-Driver/workspace/install/common/lib/python3.10/site-packages:${PYTHONPATH} /usr/bin/python3 setup.py egg_info --egg-base ../../build/common build --build-base /home/jason/Desktop/STUDY/Cobra-Driver/workspace/build/common/build install --record /home/jason/Desktop/STUDY/Cobra-Driver/workspace/build/common/install.log --single-version-externally-managed
