[0.007s] Invoking command in '/home/jason/Desktop/STUDY/Cobra-Driver/workspace/build/rosbridge_library': CMAKE_PREFIX_PATH=${CMAKE_PREFIX_PATH}:/home/jason/Desktop/STUDY/Cobra-Driver/workspace/install/udp_to_ros:/home/jason/Desktop/STUDY/Cobra-Driver/workspace/install/udp_float_receiver:/opt/ros/iron CONDA_PROMPT_MODIFIER=(base) /usr/bin/cmake --build /home/jason/Desktop/STUDY/Cobra-Driver/workspace/build/rosbridge_library -- -j16 -l16
[0.046s] Built target ament_cmake_python_copy_rosbridge_library
[0.246s] running egg_info
[0.247s] writing rosbridge_library.egg-info/PKG-INFO
[0.247s] writing dependency_links to rosbridge_library.egg-info/dependency_links.txt
[0.247s] writing top-level names to rosbridge_library.egg-info/top_level.txt
[0.249s] reading manifest file 'rosbridge_library.egg-info/SOURCES.txt'
[0.250s] writing manifest file 'rosbridge_library.egg-info/SOURCES.txt'
[0.267s] Built target ament_cmake_python_build_rosbridge_library_egg
[0.274s] Invoked command in '/home/jason/Desktop/STUDY/Cobra-Driver/workspace/build/rosbridge_library' returned '0': CMAKE_PREFIX_PATH=${CMAKE_PREFIX_PATH}:/home/jason/Desktop/STUDY/Cobra-Driver/workspace/install/udp_to_ros:/home/jason/Desktop/STUDY/Cobra-Driver/workspace/install/udp_float_receiver:/opt/ros/iron CONDA_PROMPT_MODIFIER=(base) /usr/bin/cmake --build /home/jason/Desktop/STUDY/Cobra-Driver/workspace/build/rosbridge_library -- -j16 -l16
[0.289s] Invoking command in '/home/jason/Desktop/STUDY/Cobra-Driver/workspace/build/rosbridge_library': CMAKE_PREFIX_PATH=${CMAKE_PREFIX_PATH}:/home/jason/Desktop/STUDY/Cobra-Driver/workspace/install/udp_to_ros:/home/jason/Desktop/STUDY/Cobra-Driver/workspace/install/udp_float_receiver:/opt/ros/iron CONDA_PROMPT_MODIFIER=(base) /usr/bin/cmake --install /home/jason/Desktop/STUDY/Cobra-Driver/workspace/build/rosbridge_library
[0.294s] -- Install configuration: ""
[0.294s] -- Up-to-date: /home/jason/Desktop/STUDY/Cobra-Driver/workspace/install/rosbridge_library/share/rosbridge_library/environment/pythonpath.sh
[0.294s] -- Up-to-date: /home/jason/Desktop/STUDY/Cobra-Driver/workspace/install/rosbridge_library/share/rosbridge_library/environment/pythonpath.dsv
[0.294s] -- Up-to-date: /home/jason/Desktop/STUDY/Cobra-Driver/workspace/install/rosbridge_library/lib/python3.10/site-packages/rosbridge_library-1.3.1-py3.10.egg-info
[0.294s] -- Installing: /home/jason/Desktop/STUDY/Cobra-Driver/workspace/install/rosbridge_library/lib/python3.10/site-packages/rosbridge_library-1.3.1-py3.10.egg-info/top_level.txt
[0.294s] -- Installing: /home/jason/Desktop/STUDY/Cobra-Driver/workspace/install/rosbridge_library/lib/python3.10/site-packages/rosbridge_library-1.3.1-py3.10.egg-info/dependency_links.txt
[0.294s] -- Installing: /home/jason/Desktop/STUDY/Cobra-Driver/workspace/install/rosbridge_library/lib/python3.10/site-packages/rosbridge_library-1.3.1-py3.10.egg-info/SOURCES.txt
[0.294s] -- Installing: /home/jason/Desktop/STUDY/Cobra-Driver/workspace/install/rosbridge_library/lib/python3.10/site-packages/rosbridge_library-1.3.1-py3.10.egg-info/PKG-INFO
[0.294s] -- Up-to-date: /home/jason/Desktop/STUDY/Cobra-Driver/workspace/install/rosbridge_library/lib/python3.10/site-packages/rosbridge_library
[0.294s] -- Up-to-date: /home/jason/Desktop/STUDY/Cobra-Driver/workspace/install/rosbridge_library/lib/python3.10/site-packages/rosbridge_library/protocol.py
[0.294s] -- Up-to-date: /home/jason/Desktop/STUDY/Cobra-Driver/workspace/install/rosbridge_library/lib/python3.10/site-packages/rosbridge_library/util
[0.294s] -- Up-to-date: /home/jason/Desktop/STUDY/Cobra-Driver/workspace/install/rosbridge_library/lib/python3.10/site-packages/rosbridge_library/util/__init__.py
[0.295s] -- Up-to-date: /home/jason/Desktop/STUDY/Cobra-Driver/workspace/install/rosbridge_library/lib/python3.10/site-packages/rosbridge_library/util/cbor.py
[0.295s] -- Up-to-date: /home/jason/Desktop/STUDY/Cobra-Driver/workspace/install/rosbridge_library/lib/python3.10/site-packages/rosbridge_library/capability.py
[0.295s] -- Up-to-date: /home/jason/Desktop/STUDY/Cobra-Driver/workspace/install/rosbridge_library/lib/python3.10/site-packages/rosbridge_library/rosbridge_protocol.py
[0.295s] -- Up-to-date: /home/jason/Desktop/STUDY/Cobra-Driver/workspace/install/rosbridge_library/lib/python3.10/site-packages/rosbridge_library/capabilities
[0.295s] -- Up-to-date: /home/jason/Desktop/STUDY/Cobra-Driver/workspace/install/rosbridge_library/lib/python3.10/site-packages/rosbridge_library/capabilities/subscribe.py
[0.295s] -- Up-to-date: /home/jason/Desktop/STUDY/Cobra-Driver/workspace/install/rosbridge_library/lib/python3.10/site-packages/rosbridge_library/capabilities/fragmentation.py
[0.295s] -- Up-to-date: /home/jason/Desktop/STUDY/Cobra-Driver/workspace/install/rosbridge_library/lib/python3.10/site-packages/rosbridge_library/capabilities/publish.py
[0.295s] -- Up-to-date: /home/jason/Desktop/STUDY/Cobra-Driver/workspace/install/rosbridge_library/lib/python3.10/site-packages/rosbridge_library/capabilities/unadvertise_service.py
[0.295s] -- Up-to-date: /home/jason/Desktop/STUDY/Cobra-Driver/workspace/install/rosbridge_library/lib/python3.10/site-packages/rosbridge_library/capabilities/advertise.py
[0.295s] -- Up-to-date: /home/jason/Desktop/STUDY/Cobra-Driver/workspace/install/rosbridge_library/lib/python3.10/site-packages/rosbridge_library/capabilities/defragmentation.py
[0.295s] -- Up-to-date: /home/jason/Desktop/STUDY/Cobra-Driver/workspace/install/rosbridge_library/lib/python3.10/site-packages/rosbridge_library/capabilities/call_service.py
[0.295s] -- Up-to-date: /home/jason/Desktop/STUDY/Cobra-Driver/workspace/install/rosbridge_library/lib/python3.10/site-packages/rosbridge_library/capabilities/advertise_service.py
[0.295s] -- Up-to-date: /home/jason/Desktop/STUDY/Cobra-Driver/workspace/install/rosbridge_library/lib/python3.10/site-packages/rosbridge_library/capabilities/__init__.py
[0.295s] -- Up-to-date: /home/jason/Desktop/STUDY/Cobra-Driver/workspace/install/rosbridge_library/lib/python3.10/site-packages/rosbridge_library/capabilities/service_response.py
[0.295s] -- Up-to-date: /home/jason/Desktop/STUDY/Cobra-Driver/workspace/install/rosbridge_library/lib/python3.10/site-packages/rosbridge_library/__init__.py
[0.295s] -- Up-to-date: /home/jason/Desktop/STUDY/Cobra-Driver/workspace/install/rosbridge_library/lib/python3.10/site-packages/rosbridge_library/internal
[0.295s] -- Up-to-date: /home/jason/Desktop/STUDY/Cobra-Driver/workspace/install/rosbridge_library/lib/python3.10/site-packages/rosbridge_library/internal/subscription_modifiers.py
[0.295s] -- Up-to-date: /home/jason/Desktop/STUDY/Cobra-Driver/workspace/install/rosbridge_library/lib/python3.10/site-packages/rosbridge_library/internal/outgoing_message.py
[0.295s] -- Up-to-date: /home/jason/Desktop/STUDY/Cobra-Driver/workspace/install/rosbridge_library/lib/python3.10/site-packages/rosbridge_library/internal/exceptions.py
[0.295s] -- Up-to-date: /home/jason/Desktop/STUDY/Cobra-Driver/workspace/install/rosbridge_library/lib/python3.10/site-packages/rosbridge_library/internal/subscribers.py
[0.296s] -- Up-to-date: /home/jason/Desktop/STUDY/Cobra-Driver/workspace/install/rosbridge_library/lib/python3.10/site-packages/rosbridge_library/internal/message_conversion.py
[0.296s] -- Up-to-date: /home/jason/Desktop/STUDY/Cobra-Driver/workspace/install/rosbridge_library/lib/python3.10/site-packages/rosbridge_library/internal/__init__.py
[0.296s] -- Up-to-date: /home/jason/Desktop/STUDY/Cobra-Driver/workspace/install/rosbridge_library/lib/python3.10/site-packages/rosbridge_library/internal/publishers.py
[0.296s] -- Up-to-date: /home/jason/Desktop/STUDY/Cobra-Driver/workspace/install/rosbridge_library/lib/python3.10/site-packages/rosbridge_library/internal/topics.py
[0.296s] -- Up-to-date: /home/jason/Desktop/STUDY/Cobra-Driver/workspace/install/rosbridge_library/lib/python3.10/site-packages/rosbridge_library/internal/cbor_conversion.py
[0.296s] -- Up-to-date: /home/jason/Desktop/STUDY/Cobra-Driver/workspace/install/rosbridge_library/lib/python3.10/site-packages/rosbridge_library/internal/pngcompression.py
[0.296s] -- Up-to-date: /home/jason/Desktop/STUDY/Cobra-Driver/workspace/install/rosbridge_library/lib/python3.10/site-packages/rosbridge_library/internal/ros_loader.py
[0.296s] -- Up-to-date: /home/jason/Desktop/STUDY/Cobra-Driver/workspace/install/rosbridge_library/lib/python3.10/site-packages/rosbridge_library/internal/services.py
[0.320s] Listing '/home/jason/Desktop/STUDY/Cobra-Driver/workspace/install/rosbridge_library/lib/python3.10/site-packages/rosbridge_library'...
[0.320s] Listing '/home/jason/Desktop/STUDY/Cobra-Driver/workspace/install/rosbridge_library/lib/python3.10/site-packages/rosbridge_library/capabilities'...
[0.320s] Listing '/home/jason/Desktop/STUDY/Cobra-Driver/workspace/install/rosbridge_library/lib/python3.10/site-packages/rosbridge_library/internal'...
[0.320s] Listing '/home/jason/Desktop/STUDY/Cobra-Driver/workspace/install/rosbridge_library/lib/python3.10/site-packages/rosbridge_library/util'...
[0.323s] -- Up-to-date: /home/jason/Desktop/STUDY/Cobra-Driver/workspace/install/rosbridge_library/share/ament_index/resource_index/package_run_dependencies/rosbridge_library
[0.323s] -- Up-to-date: /home/jason/Desktop/STUDY/Cobra-Driver/workspace/install/rosbridge_library/share/ament_index/resource_index/parent_prefix_path/rosbridge_library
[0.323s] -- Up-to-date: /home/jason/Desktop/STUDY/Cobra-Driver/workspace/install/rosbridge_library/share/rosbridge_library/environment/ament_prefix_path.sh
[0.323s] -- Up-to-date: /home/jason/Desktop/STUDY/Cobra-Driver/workspace/install/rosbridge_library/share/rosbridge_library/environment/ament_prefix_path.dsv
[0.323s] -- Up-to-date: /home/jason/Desktop/STUDY/Cobra-Driver/workspace/install/rosbridge_library/share/rosbridge_library/environment/path.sh
[0.323s] -- Up-to-date: /home/jason/Desktop/STUDY/Cobra-Driver/workspace/install/rosbridge_library/share/rosbridge_library/environment/path.dsv
[0.323s] -- Up-to-date: /home/jason/Desktop/STUDY/Cobra-Driver/workspace/install/rosbridge_library/share/rosbridge_library/local_setup.bash
[0.323s] -- Up-to-date: /home/jason/Desktop/STUDY/Cobra-Driver/workspace/install/rosbridge_library/share/rosbridge_library/local_setup.sh
[0.323s] -- Up-to-date: /home/jason/Desktop/STUDY/Cobra-Driver/workspace/install/rosbridge_library/share/rosbridge_library/local_setup.zsh
[0.323s] -- Up-to-date: /home/jason/Desktop/STUDY/Cobra-Driver/workspace/install/rosbridge_library/share/rosbridge_library/local_setup.dsv
[0.323s] -- Installing: /home/jason/Desktop/STUDY/Cobra-Driver/workspace/install/rosbridge_library/share/rosbridge_library/package.dsv
[0.323s] -- Up-to-date: /home/jason/Desktop/STUDY/Cobra-Driver/workspace/install/rosbridge_library/share/ament_index/resource_index/packages/rosbridge_library
[0.323s] -- Up-to-date: /home/jason/Desktop/STUDY/Cobra-Driver/workspace/install/rosbridge_library/share/rosbridge_library/cmake/rosbridge_libraryConfig.cmake
[0.323s] -- Up-to-date: /home/jason/Desktop/STUDY/Cobra-Driver/workspace/install/rosbridge_library/share/rosbridge_library/cmake/rosbridge_libraryConfig-version.cmake
[0.323s] -- Up-to-date: /home/jason/Desktop/STUDY/Cobra-Driver/workspace/install/rosbridge_library/share/rosbridge_library/package.xml
[0.326s] Invoked command in '/home/jason/Desktop/STUDY/Cobra-Driver/workspace/build/rosbridge_library' returned '0': CMAKE_PREFIX_PATH=${CMAKE_PREFIX_PATH}:/home/jason/Desktop/STUDY/Cobra-Driver/workspace/install/udp_to_ros:/home/jason/Desktop/STUDY/Cobra-Driver/workspace/install/udp_float_receiver:/opt/ros/iron CONDA_PROMPT_MODIFIER=(base) /usr/bin/cmake --install /home/jason/Desktop/STUDY/Cobra-Driver/workspace/build/rosbridge_library
