[0.007s] Invoking command in '/home/jason/Desktop/STUDY/Cobra-Driver/workspace/build/rosbridge_library': CMAKE_PREFIX_PATH=/home/jason/Desktop/STUDY/Cobra-Driver/workspace/install/rosbridge_test_msgs:/home/jason/Desktop/STUDY/Cobra-Driver/workspace/install/usb_cam:/home/jason/Desktop/STUDY/Cobra-Driver/workspace/install/rosbridge_suite:/home/jason/Desktop/STUDY/Cobra-Driver/workspace/install/rosbridge_server:/home/jason/Desktop/STUDY/Cobra-Driver/workspace/install/rosbridge_msgs:/home/jason/Desktop/STUDY/Cobra-Driver/workspace/install/rosapi:/home/jason/Desktop/STUDY/Cobra-Driver/workspace/install/rosbridge_library:/home/jason/Desktop/STUDY/Cobra-Driver/workspace/install/rosapi_msgs:/home/jason/Desktop/STUDY/Cobra-Driver/workspace/install/yolov5_ros2:/home/jason/Desktop/STUDY/Cobra-Driver/workspace/install/udp_to_ros:/home/jason/Desktop/STUDY/Cobra-Driver/workspace/install/tcp_cam_sender:/home/jason/Desktop/STUDY/Cobra-Driver/workspace/install/common:/opt/ros/iron LD_LIBRARY_PATH=/home/jason/Desktop/STUDY/Cobra-Driver/workspace/install/rosbridge_test_msgs/lib:/home/jason/Desktop/STUDY/Cobra-Driver/workspace/install/usb_cam/lib:/home/jason/Desktop/STUDY/Cobra-Driver/workspace/install/rosbridge_msgs/lib:/home/jason/Desktop/STUDY/Cobra-Driver/workspace/install/rosapi_msgs/lib:/opt/ros/iron/opt/rviz_ogre_vendor/lib:/opt/ros/iron/lib/x86_64-linux-gnu:/opt/ros/iron/lib PYTHONPATH=/home/jason/Desktop/STUDY/Cobra-Driver/workspace/install/rosbridge_test_msgs/lib/python3.10/site-packages:/home/jason/Desktop/STUDY/Cobra-Driver/workspace/install/yolov5_ros2/lib/python3.10/site-packages:/home/jason/Desktop/STUDY/Cobra-Driver/workspace/install/udp_to_ros/lib/python3.10/site-packages:/home/jason/Desktop/STUDY/Cobra-Driver/workspace/install/tcp_cam_sender/lib/python3.10/site-packages:/home/jason/Desktop/STUDY/Cobra-Driver/workspace/install/rosbridge_server/lib/python3.10/site-packages:/home/jason/Desktop/STUDY/Cobra-Driver/workspace/install/rosbridge_msgs/lib/python3.10/site-packages:/home/jason/Desktop/STUDY/Cobra-Driver/workspace/install/rosapi/lib/python3.10/site-packages:/home/jason/Desktop/STUDY/Cobra-Driver/workspace/install/rosbridge_library/lib/python3.10/site-packages:/home/jason/Desktop/STUDY/Cobra-Driver/workspace/install/rosapi_msgs/lib/python3.10/site-packages:/home/jason/Desktop/STUDY/Cobra-Driver/workspace/install/common/lib/python3.10/site-packages:/opt/ros/iron/lib/python3.10/site-packages /home/jason/.local/bin/cmake /home/jason/Desktop/STUDY/Cobra-Driver/workspace/src/rosbridge_suite/rosbridge_library -DCMAKE_INSTALL_PREFIX=/home/jason/Desktop/STUDY/Cobra-Driver/workspace/install/rosbridge_library
[0.058s] -- The C compiler identification is GNU 11.4.0
[0.099s] -- The CXX compiler identification is GNU 11.4.0
[0.109s] -- Detecting C compiler ABI info
[0.149s] -- Detecting C compiler ABI info - done
[0.159s] -- Check for working C compiler: /usr/bin/cc - skipped
[0.159s] -- Detecting C compile features
[0.159s] -- Detecting C compile features - done
[0.165s] -- Detecting CXX compiler ABI info
[0.213s] -- Detecting CXX compiler ABI info - done
[0.223s] -- Check for working CXX compiler: /usr/bin/c++ - skipped
[0.223s] -- Detecting CXX compile features
[0.224s] -- Detecting CXX compile features - done
[0.226s] -- Found ament_cmake_ros: 0.11.2 (/opt/ros/iron/share/ament_cmake_ros/cmake)
[0.583s] -- Found Python3: /usr/bin/python3.10 (found version "3.10.12") found components: Interpreter 
[1.190s] -- Configuring done (1.2s)
[1.193s] -- Generating done (0.0s)
[1.194s] -- Build files have been written to: /home/jason/Desktop/STUDY/Cobra-Driver/workspace/build/rosbridge_library
[1.200s] Invoked command in '/home/jason/Desktop/STUDY/Cobra-Driver/workspace/build/rosbridge_library' returned '0': CMAKE_PREFIX_PATH=/home/jason/Desktop/STUDY/Cobra-Driver/workspace/install/rosbridge_test_msgs:/home/jason/Desktop/STUDY/Cobra-Driver/workspace/install/usb_cam:/home/jason/Desktop/STUDY/Cobra-Driver/workspace/install/rosbridge_suite:/home/jason/Desktop/STUDY/Cobra-Driver/workspace/install/rosbridge_server:/home/jason/Desktop/STUDY/Cobra-Driver/workspace/install/rosbridge_msgs:/home/jason/Desktop/STUDY/Cobra-Driver/workspace/install/rosapi:/home/jason/Desktop/STUDY/Cobra-Driver/workspace/install/rosbridge_library:/home/jason/Desktop/STUDY/Cobra-Driver/workspace/install/rosapi_msgs:/home/jason/Desktop/STUDY/Cobra-Driver/workspace/install/yolov5_ros2:/home/jason/Desktop/STUDY/Cobra-Driver/workspace/install/udp_to_ros:/home/jason/Desktop/STUDY/Cobra-Driver/workspace/install/tcp_cam_sender:/home/jason/Desktop/STUDY/Cobra-Driver/workspace/install/common:/opt/ros/iron LD_LIBRARY_PATH=/home/jason/Desktop/STUDY/Cobra-Driver/workspace/install/rosbridge_test_msgs/lib:/home/jason/Desktop/STUDY/Cobra-Driver/workspace/install/usb_cam/lib:/home/jason/Desktop/STUDY/Cobra-Driver/workspace/install/rosbridge_msgs/lib:/home/jason/Desktop/STUDY/Cobra-Driver/workspace/install/rosapi_msgs/lib:/opt/ros/iron/opt/rviz_ogre_vendor/lib:/opt/ros/iron/lib/x86_64-linux-gnu:/opt/ros/iron/lib PYTHONPATH=/home/jason/Desktop/STUDY/Cobra-Driver/workspace/install/rosbridge_test_msgs/lib/python3.10/site-packages:/home/jason/Desktop/STUDY/Cobra-Driver/workspace/install/yolov5_ros2/lib/python3.10/site-packages:/home/jason/Desktop/STUDY/Cobra-Driver/workspace/install/udp_to_ros/lib/python3.10/site-packages:/home/jason/Desktop/STUDY/Cobra-Driver/workspace/install/tcp_cam_sender/lib/python3.10/site-packages:/home/jason/Desktop/STUDY/Cobra-Driver/workspace/install/rosbridge_server/lib/python3.10/site-packages:/home/jason/Desktop/STUDY/Cobra-Driver/workspace/install/rosbridge_msgs/lib/python3.10/site-packages:/home/jason/Desktop/STUDY/Cobra-Driver/workspace/install/rosapi/lib/python3.10/site-packages:/home/jason/Desktop/STUDY/Cobra-Driver/workspace/install/rosbridge_library/lib/python3.10/site-packages:/home/jason/Desktop/STUDY/Cobra-Driver/workspace/install/rosapi_msgs/lib/python3.10/site-packages:/home/jason/Desktop/STUDY/Cobra-Driver/workspace/install/common/lib/python3.10/site-packages:/opt/ros/iron/lib/python3.10/site-packages /home/jason/.local/bin/cmake /home/jason/Desktop/STUDY/Cobra-Driver/workspace/src/rosbridge_suite/rosbridge_library -DCMAKE_INSTALL_PREFIX=/home/jason/Desktop/STUDY/Cobra-Driver/workspace/install/rosbridge_library
[1.201s] Invoking command in '/home/jason/Desktop/STUDY/Cobra-Driver/workspace/build/rosbridge_library': CMAKE_PREFIX_PATH=/home/jason/Desktop/STUDY/Cobra-Driver/workspace/install/rosbridge_test_msgs:/home/jason/Desktop/STUDY/Cobra-Driver/workspace/install/usb_cam:/home/jason/Desktop/STUDY/Cobra-Driver/workspace/install/rosbridge_suite:/home/jason/Desktop/STUDY/Cobra-Driver/workspace/install/rosbridge_server:/home/jason/Desktop/STUDY/Cobra-Driver/workspace/install/rosbridge_msgs:/home/jason/Desktop/STUDY/Cobra-Driver/workspace/install/rosapi:/home/jason/Desktop/STUDY/Cobra-Driver/workspace/install/rosbridge_library:/home/jason/Desktop/STUDY/Cobra-Driver/workspace/install/rosapi_msgs:/home/jason/Desktop/STUDY/Cobra-Driver/workspace/install/yolov5_ros2:/home/jason/Desktop/STUDY/Cobra-Driver/workspace/install/udp_to_ros:/home/jason/Desktop/STUDY/Cobra-Driver/workspace/install/tcp_cam_sender:/home/jason/Desktop/STUDY/Cobra-Driver/workspace/install/common:/opt/ros/iron LD_LIBRARY_PATH=/home/jason/Desktop/STUDY/Cobra-Driver/workspace/install/rosbridge_test_msgs/lib:/home/jason/Desktop/STUDY/Cobra-Driver/workspace/install/usb_cam/lib:/home/jason/Desktop/STUDY/Cobra-Driver/workspace/install/rosbridge_msgs/lib:/home/jason/Desktop/STUDY/Cobra-Driver/workspace/install/rosapi_msgs/lib:/opt/ros/iron/opt/rviz_ogre_vendor/lib:/opt/ros/iron/lib/x86_64-linux-gnu:/opt/ros/iron/lib PYTHONPATH=/home/jason/Desktop/STUDY/Cobra-Driver/workspace/install/rosbridge_test_msgs/lib/python3.10/site-packages:/home/jason/Desktop/STUDY/Cobra-Driver/workspace/install/yolov5_ros2/lib/python3.10/site-packages:/home/jason/Desktop/STUDY/Cobra-Driver/workspace/install/udp_to_ros/lib/python3.10/site-packages:/home/jason/Desktop/STUDY/Cobra-Driver/workspace/install/tcp_cam_sender/lib/python3.10/site-packages:/home/jason/Desktop/STUDY/Cobra-Driver/workspace/install/rosbridge_server/lib/python3.10/site-packages:/home/jason/Desktop/STUDY/Cobra-Driver/workspace/install/rosbridge_msgs/lib/python3.10/site-packages:/home/jason/Desktop/STUDY/Cobra-Driver/workspace/install/rosapi/lib/python3.10/site-packages:/home/jason/Desktop/STUDY/Cobra-Driver/workspace/install/rosbridge_library/lib/python3.10/site-packages:/home/jason/Desktop/STUDY/Cobra-Driver/workspace/install/rosapi_msgs/lib/python3.10/site-packages:/home/jason/Desktop/STUDY/Cobra-Driver/workspace/install/common/lib/python3.10/site-packages:/opt/ros/iron/lib/python3.10/site-packages /home/jason/.local/bin/cmake --build /home/jason/Desktop/STUDY/Cobra-Driver/workspace/build/rosbridge_library -- -j16 -l16
[1.237s] Built target ament_cmake_python_copy_rosbridge_library
[1.389s] running egg_info
[1.389s] creating rosbridge_library.egg-info
[1.403s] writing rosbridge_library.egg-info/PKG-INFO
[1.403s] writing dependency_links to rosbridge_library.egg-info/dependency_links.txt
[1.404s] writing top-level names to rosbridge_library.egg-info/top_level.txt
[1.404s] writing manifest file 'rosbridge_library.egg-info/SOURCES.txt'
[1.446s] reading manifest file 'rosbridge_library.egg-info/SOURCES.txt'
[1.446s] writing manifest file 'rosbridge_library.egg-info/SOURCES.txt'
[1.459s] Built target ament_cmake_python_build_rosbridge_library_egg
[1.464s] Invoked command in '/home/jason/Desktop/STUDY/Cobra-Driver/workspace/build/rosbridge_library' returned '0': CMAKE_PREFIX_PATH=/home/jason/Desktop/STUDY/Cobra-Driver/workspace/install/rosbridge_test_msgs:/home/jason/Desktop/STUDY/Cobra-Driver/workspace/install/usb_cam:/home/jason/Desktop/STUDY/Cobra-Driver/workspace/install/rosbridge_suite:/home/jason/Desktop/STUDY/Cobra-Driver/workspace/install/rosbridge_server:/home/jason/Desktop/STUDY/Cobra-Driver/workspace/install/rosbridge_msgs:/home/jason/Desktop/STUDY/Cobra-Driver/workspace/install/rosapi:/home/jason/Desktop/STUDY/Cobra-Driver/workspace/install/rosbridge_library:/home/jason/Desktop/STUDY/Cobra-Driver/workspace/install/rosapi_msgs:/home/jason/Desktop/STUDY/Cobra-Driver/workspace/install/yolov5_ros2:/home/jason/Desktop/STUDY/Cobra-Driver/workspace/install/udp_to_ros:/home/jason/Desktop/STUDY/Cobra-Driver/workspace/install/tcp_cam_sender:/home/jason/Desktop/STUDY/Cobra-Driver/workspace/install/common:/opt/ros/iron LD_LIBRARY_PATH=/home/jason/Desktop/STUDY/Cobra-Driver/workspace/install/rosbridge_test_msgs/lib:/home/jason/Desktop/STUDY/Cobra-Driver/workspace/install/usb_cam/lib:/home/jason/Desktop/STUDY/Cobra-Driver/workspace/install/rosbridge_msgs/lib:/home/jason/Desktop/STUDY/Cobra-Driver/workspace/install/rosapi_msgs/lib:/opt/ros/iron/opt/rviz_ogre_vendor/lib:/opt/ros/iron/lib/x86_64-linux-gnu:/opt/ros/iron/lib PYTHONPATH=/home/jason/Desktop/STUDY/Cobra-Driver/workspace/install/rosbridge_test_msgs/lib/python3.10/site-packages:/home/jason/Desktop/STUDY/Cobra-Driver/workspace/install/yolov5_ros2/lib/python3.10/site-packages:/home/jason/Desktop/STUDY/Cobra-Driver/workspace/install/udp_to_ros/lib/python3.10/site-packages:/home/jason/Desktop/STUDY/Cobra-Driver/workspace/install/tcp_cam_sender/lib/python3.10/site-packages:/home/jason/Desktop/STUDY/Cobra-Driver/workspace/install/rosbridge_server/lib/python3.10/site-packages:/home/jason/Desktop/STUDY/Cobra-Driver/workspace/install/rosbridge_msgs/lib/python3.10/site-packages:/home/jason/Desktop/STUDY/Cobra-Driver/workspace/install/rosapi/lib/python3.10/site-packages:/home/jason/Desktop/STUDY/Cobra-Driver/workspace/install/rosbridge_library/lib/python3.10/site-packages:/home/jason/Desktop/STUDY/Cobra-Driver/workspace/install/rosapi_msgs/lib/python3.10/site-packages:/home/jason/Desktop/STUDY/Cobra-Driver/workspace/install/common/lib/python3.10/site-packages:/opt/ros/iron/lib/python3.10/site-packages /home/jason/.local/bin/cmake --build /home/jason/Desktop/STUDY/Cobra-Driver/workspace/build/rosbridge_library -- -j16 -l16
[1.498s] Invoking command in '/home/jason/Desktop/STUDY/Cobra-Driver/workspace/build/rosbridge_library': CMAKE_PREFIX_PATH=/home/jason/Desktop/STUDY/Cobra-Driver/workspace/install/rosbridge_test_msgs:/home/jason/Desktop/STUDY/Cobra-Driver/workspace/install/usb_cam:/home/jason/Desktop/STUDY/Cobra-Driver/workspace/install/rosbridge_suite:/home/jason/Desktop/STUDY/Cobra-Driver/workspace/install/rosbridge_server:/home/jason/Desktop/STUDY/Cobra-Driver/workspace/install/rosbridge_msgs:/home/jason/Desktop/STUDY/Cobra-Driver/workspace/install/rosapi:/home/jason/Desktop/STUDY/Cobra-Driver/workspace/install/rosbridge_library:/home/jason/Desktop/STUDY/Cobra-Driver/workspace/install/rosapi_msgs:/home/jason/Desktop/STUDY/Cobra-Driver/workspace/install/yolov5_ros2:/home/jason/Desktop/STUDY/Cobra-Driver/workspace/install/udp_to_ros:/home/jason/Desktop/STUDY/Cobra-Driver/workspace/install/tcp_cam_sender:/home/jason/Desktop/STUDY/Cobra-Driver/workspace/install/common:/opt/ros/iron LD_LIBRARY_PATH=/home/jason/Desktop/STUDY/Cobra-Driver/workspace/install/rosbridge_test_msgs/lib:/home/jason/Desktop/STUDY/Cobra-Driver/workspace/install/usb_cam/lib:/home/jason/Desktop/STUDY/Cobra-Driver/workspace/install/rosbridge_msgs/lib:/home/jason/Desktop/STUDY/Cobra-Driver/workspace/install/rosapi_msgs/lib:/opt/ros/iron/opt/rviz_ogre_vendor/lib:/opt/ros/iron/lib/x86_64-linux-gnu:/opt/ros/iron/lib PYTHONPATH=/home/jason/Desktop/STUDY/Cobra-Driver/workspace/install/rosbridge_test_msgs/lib/python3.10/site-packages:/home/jason/Desktop/STUDY/Cobra-Driver/workspace/install/yolov5_ros2/lib/python3.10/site-packages:/home/jason/Desktop/STUDY/Cobra-Driver/workspace/install/udp_to_ros/lib/python3.10/site-packages:/home/jason/Desktop/STUDY/Cobra-Driver/workspace/install/tcp_cam_sender/lib/python3.10/site-packages:/home/jason/Desktop/STUDY/Cobra-Driver/workspace/install/rosbridge_server/lib/python3.10/site-packages:/home/jason/Desktop/STUDY/Cobra-Driver/workspace/install/rosbridge_msgs/lib/python3.10/site-packages:/home/jason/Desktop/STUDY/Cobra-Driver/workspace/install/rosapi/lib/python3.10/site-packages:/home/jason/Desktop/STUDY/Cobra-Driver/workspace/install/rosbridge_library/lib/python3.10/site-packages:/home/jason/Desktop/STUDY/Cobra-Driver/workspace/install/rosapi_msgs/lib/python3.10/site-packages:/home/jason/Desktop/STUDY/Cobra-Driver/workspace/install/common/lib/python3.10/site-packages:/opt/ros/iron/lib/python3.10/site-packages /home/jason/.local/bin/cmake --install /home/jason/Desktop/STUDY/Cobra-Driver/workspace/build/rosbridge_library
[1.518s] -- Install configuration: ""
[1.518s] -- Installing: /home/jason/Desktop/STUDY/Cobra-Driver/workspace/install/rosbridge_library/share/rosbridge_library/environment/pythonpath.sh
[1.518s] -- Installing: /home/jason/Desktop/STUDY/Cobra-Driver/workspace/install/rosbridge_library/share/rosbridge_library/environment/pythonpath.dsv
[1.518s] -- Installing: /home/jason/Desktop/STUDY/Cobra-Driver/workspace/install/rosbridge_library/lib/python3.10/site-packages/rosbridge_library-1.3.1-py3.10.egg-info
[1.518s] -- Installing: /home/jason/Desktop/STUDY/Cobra-Driver/workspace/install/rosbridge_library/lib/python3.10/site-packages/rosbridge_library-1.3.1-py3.10.egg-info/top_level.txt
[1.518s] -- Installing: /home/jason/Desktop/STUDY/Cobra-Driver/workspace/install/rosbridge_library/lib/python3.10/site-packages/rosbridge_library-1.3.1-py3.10.egg-info/dependency_links.txt
[1.518s] -- Installing: /home/jason/Desktop/STUDY/Cobra-Driver/workspace/install/rosbridge_library/lib/python3.10/site-packages/rosbridge_library-1.3.1-py3.10.egg-info/SOURCES.txt
[1.518s] -- Installing: /home/jason/Desktop/STUDY/Cobra-Driver/workspace/install/rosbridge_library/lib/python3.10/site-packages/rosbridge_library-1.3.1-py3.10.egg-info/PKG-INFO
[1.519s] -- Installing: /home/jason/Desktop/STUDY/Cobra-Driver/workspace/install/rosbridge_library/lib/python3.10/site-packages/rosbridge_library
[1.519s] -- Installing: /home/jason/Desktop/STUDY/Cobra-Driver/workspace/install/rosbridge_library/lib/python3.10/site-packages/rosbridge_library/protocol.py
[1.519s] -- Installing: /home/jason/Desktop/STUDY/Cobra-Driver/workspace/install/rosbridge_library/lib/python3.10/site-packages/rosbridge_library/util
[1.519s] -- Installing: /home/jason/Desktop/STUDY/Cobra-Driver/workspace/install/rosbridge_library/lib/python3.10/site-packages/rosbridge_library/util/__init__.py
[1.519s] -- Installing: /home/jason/Desktop/STUDY/Cobra-Driver/workspace/install/rosbridge_library/lib/python3.10/site-packages/rosbridge_library/util/cbor.py
[1.519s] -- Installing: /home/jason/Desktop/STUDY/Cobra-Driver/workspace/install/rosbridge_library/lib/python3.10/site-packages/rosbridge_library/capability.py
[1.519s] -- Installing: /home/jason/Desktop/STUDY/Cobra-Driver/workspace/install/rosbridge_library/lib/python3.10/site-packages/rosbridge_library/rosbridge_protocol.py
[1.519s] -- Installing: /home/jason/Desktop/STUDY/Cobra-Driver/workspace/install/rosbridge_library/lib/python3.10/site-packages/rosbridge_library/capabilities
[1.519s] -- Installing: /home/jason/Desktop/STUDY/Cobra-Driver/workspace/install/rosbridge_library/lib/python3.10/site-packages/rosbridge_library/capabilities/subscribe.py
[1.519s] -- Installing: /home/jason/Desktop/STUDY/Cobra-Driver/workspace/install/rosbridge_library/lib/python3.10/site-packages/rosbridge_library/capabilities/fragmentation.py
[1.519s] -- Installing: /home/jason/Desktop/STUDY/Cobra-Driver/workspace/install/rosbridge_library/lib/python3.10/site-packages/rosbridge_library/capabilities/publish.py
[1.519s] -- Installing: /home/jason/Desktop/STUDY/Cobra-Driver/workspace/install/rosbridge_library/lib/python3.10/site-packages/rosbridge_library/capabilities/unadvertise_service.py
[1.519s] -- Installing: /home/jason/Desktop/STUDY/Cobra-Driver/workspace/install/rosbridge_library/lib/python3.10/site-packages/rosbridge_library/capabilities/advertise.py
[1.519s] -- Installing: /home/jason/Desktop/STUDY/Cobra-Driver/workspace/install/rosbridge_library/lib/python3.10/site-packages/rosbridge_library/capabilities/defragmentation.py
[1.520s] -- Installing: /home/jason/Desktop/STUDY/Cobra-Driver/workspace/install/rosbridge_library/lib/python3.10/site-packages/rosbridge_library/capabilities/call_service.py
[1.520s] -- Installing: /home/jason/Desktop/STUDY/Cobra-Driver/workspace/install/rosbridge_library/lib/python3.10/site-packages/rosbridge_library/capabilities/advertise_service.py
[1.520s] -- Installing: /home/jason/Desktop/STUDY/Cobra-Driver/workspace/install/rosbridge_library/lib/python3.10/site-packages/rosbridge_library/capabilities/__init__.py
[1.520s] -- Installing: /home/jason/Desktop/STUDY/Cobra-Driver/workspace/install/rosbridge_library/lib/python3.10/site-packages/rosbridge_library/capabilities/service_response.py
[1.520s] -- Installing: /home/jason/Desktop/STUDY/Cobra-Driver/workspace/install/rosbridge_library/lib/python3.10/site-packages/rosbridge_library/__init__.py
[1.520s] -- Installing: /home/jason/Desktop/STUDY/Cobra-Driver/workspace/install/rosbridge_library/lib/python3.10/site-packages/rosbridge_library/internal
[1.520s] -- Installing: /home/jason/Desktop/STUDY/Cobra-Driver/workspace/install/rosbridge_library/lib/python3.10/site-packages/rosbridge_library/internal/subscription_modifiers.py
[1.520s] -- Installing: /home/jason/Desktop/STUDY/Cobra-Driver/workspace/install/rosbridge_library/lib/python3.10/site-packages/rosbridge_library/internal/outgoing_message.py
[1.520s] -- Installing: /home/jason/Desktop/STUDY/Cobra-Driver/workspace/install/rosbridge_library/lib/python3.10/site-packages/rosbridge_library/internal/exceptions.py
[1.520s] -- Installing: /home/jason/Desktop/STUDY/Cobra-Driver/workspace/install/rosbridge_library/lib/python3.10/site-packages/rosbridge_library/internal/subscribers.py
[1.520s] -- Installing: /home/jason/Desktop/STUDY/Cobra-Driver/workspace/install/rosbridge_library/lib/python3.10/site-packages/rosbridge_library/internal/message_conversion.py
[1.520s] -- Installing: /home/jason/Desktop/STUDY/Cobra-Driver/workspace/install/rosbridge_library/lib/python3.10/site-packages/rosbridge_library/internal/__init__.py
[1.520s] -- Installing: /home/jason/Desktop/STUDY/Cobra-Driver/workspace/install/rosbridge_library/lib/python3.10/site-packages/rosbridge_library/internal/publishers.py
[1.520s] -- Installing: /home/jason/Desktop/STUDY/Cobra-Driver/workspace/install/rosbridge_library/lib/python3.10/site-packages/rosbridge_library/internal/topics.py
[1.520s] -- Installing: /home/jason/Desktop/STUDY/Cobra-Driver/workspace/install/rosbridge_library/lib/python3.10/site-packages/rosbridge_library/internal/cbor_conversion.py
[1.520s] -- Installing: /home/jason/Desktop/STUDY/Cobra-Driver/workspace/install/rosbridge_library/lib/python3.10/site-packages/rosbridge_library/internal/pngcompression.py
[1.521s] -- Installing: /home/jason/Desktop/STUDY/Cobra-Driver/workspace/install/rosbridge_library/lib/python3.10/site-packages/rosbridge_library/internal/ros_loader.py
[1.521s] -- Installing: /home/jason/Desktop/STUDY/Cobra-Driver/workspace/install/rosbridge_library/lib/python3.10/site-packages/rosbridge_library/internal/services.py
[1.558s] Listing '/home/jason/Desktop/STUDY/Cobra-Driver/workspace/install/rosbridge_library/lib/python3.10/site-packages/rosbridge_library'...
[1.558s] Compiling '/home/jason/Desktop/STUDY/Cobra-Driver/workspace/install/rosbridge_library/lib/python3.10/site-packages/rosbridge_library/__init__.py'...
[1.558s] Listing '/home/jason/Desktop/STUDY/Cobra-Driver/workspace/install/rosbridge_library/lib/python3.10/site-packages/rosbridge_library/capabilities'...
[1.558s] Compiling '/home/jason/Desktop/STUDY/Cobra-Driver/workspace/install/rosbridge_library/lib/python3.10/site-packages/rosbridge_library/capabilities/__init__.py'...
[1.558s] Compiling '/home/jason/Desktop/STUDY/Cobra-Driver/workspace/install/rosbridge_library/lib/python3.10/site-packages/rosbridge_library/capabilities/advertise.py'...
[1.559s] Compiling '/home/jason/Desktop/STUDY/Cobra-Driver/workspace/install/rosbridge_library/lib/python3.10/site-packages/rosbridge_library/capabilities/advertise_service.py'...
[1.559s] Compiling '/home/jason/Desktop/STUDY/Cobra-Driver/workspace/install/rosbridge_library/lib/python3.10/site-packages/rosbridge_library/capabilities/call_service.py'...
[1.559s] Compiling '/home/jason/Desktop/STUDY/Cobra-Driver/workspace/install/rosbridge_library/lib/python3.10/site-packages/rosbridge_library/capabilities/defragmentation.py'...
[1.559s] Compiling '/home/jason/Desktop/STUDY/Cobra-Driver/workspace/install/rosbridge_library/lib/python3.10/site-packages/rosbridge_library/capabilities/fragmentation.py'...
[1.559s] Compiling '/home/jason/Desktop/STUDY/Cobra-Driver/workspace/install/rosbridge_library/lib/python3.10/site-packages/rosbridge_library/capabilities/publish.py'...
[1.559s] Compiling '/home/jason/Desktop/STUDY/Cobra-Driver/workspace/install/rosbridge_library/lib/python3.10/site-packages/rosbridge_library/capabilities/service_response.py'...
[1.559s] Compiling '/home/jason/Desktop/STUDY/Cobra-Driver/workspace/install/rosbridge_library/lib/python3.10/site-packages/rosbridge_library/capabilities/subscribe.py'...
[1.559s] Compiling '/home/jason/Desktop/STUDY/Cobra-Driver/workspace/install/rosbridge_library/lib/python3.10/site-packages/rosbridge_library/capabilities/unadvertise_service.py'...
[1.559s] Compiling '/home/jason/Desktop/STUDY/Cobra-Driver/workspace/install/rosbridge_library/lib/python3.10/site-packages/rosbridge_library/capability.py'...
[1.559s] Listing '/home/jason/Desktop/STUDY/Cobra-Driver/workspace/install/rosbridge_library/lib/python3.10/site-packages/rosbridge_library/internal'...
[1.559s] Compiling '/home/jason/Desktop/STUDY/Cobra-Driver/workspace/install/rosbridge_library/lib/python3.10/site-packages/rosbridge_library/internal/__init__.py'...
[1.559s] Compiling '/home/jason/Desktop/STUDY/Cobra-Driver/workspace/install/rosbridge_library/lib/python3.10/site-packages/rosbridge_library/internal/cbor_conversion.py'...
[1.559s] Compiling '/home/jason/Desktop/STUDY/Cobra-Driver/workspace/install/rosbridge_library/lib/python3.10/site-packages/rosbridge_library/internal/exceptions.py'...
[1.559s] Compiling '/home/jason/Desktop/STUDY/Cobra-Driver/workspace/install/rosbridge_library/lib/python3.10/site-packages/rosbridge_library/internal/message_conversion.py'...
[1.559s] Compiling '/home/jason/Desktop/STUDY/Cobra-Driver/workspace/install/rosbridge_library/lib/python3.10/site-packages/rosbridge_library/internal/outgoing_message.py'...
[1.559s] Compiling '/home/jason/Desktop/STUDY/Cobra-Driver/workspace/install/rosbridge_library/lib/python3.10/site-packages/rosbridge_library/internal/pngcompression.py'...
[1.559s] Compiling '/home/jason/Desktop/STUDY/Cobra-Driver/workspace/install/rosbridge_library/lib/python3.10/site-packages/rosbridge_library/internal/publishers.py'...
[1.559s] Compiling '/home/jason/Desktop/STUDY/Cobra-Driver/workspace/install/rosbridge_library/lib/python3.10/site-packages/rosbridge_library/internal/ros_loader.py'...
[1.559s] Compiling '/home/jason/Desktop/STUDY/Cobra-Driver/workspace/install/rosbridge_library/lib/python3.10/site-packages/rosbridge_library/internal/services.py'...
[1.559s] Compiling '/home/jason/Desktop/STUDY/Cobra-Driver/workspace/install/rosbridge_library/lib/python3.10/site-packages/rosbridge_library/internal/subscribers.py'...
[1.559s] Compiling '/home/jason/Desktop/STUDY/Cobra-Driver/workspace/install/rosbridge_library/lib/python3.10/site-packages/rosbridge_library/internal/subscription_modifiers.py'...
[1.559s] Compiling '/home/jason/Desktop/STUDY/Cobra-Driver/workspace/install/rosbridge_library/lib/python3.10/site-packages/rosbridge_library/internal/topics.py'...
[1.560s] Compiling '/home/jason/Desktop/STUDY/Cobra-Driver/workspace/install/rosbridge_library/lib/python3.10/site-packages/rosbridge_library/protocol.py'...
[1.560s] Compiling '/home/jason/Desktop/STUDY/Cobra-Driver/workspace/install/rosbridge_library/lib/python3.10/site-packages/rosbridge_library/rosbridge_protocol.py'...
[1.560s] Listing '/home/jason/Desktop/STUDY/Cobra-Driver/workspace/install/rosbridge_library/lib/python3.10/site-packages/rosbridge_library/util'...
[1.560s] Compiling '/home/jason/Desktop/STUDY/Cobra-Driver/workspace/install/rosbridge_library/lib/python3.10/site-packages/rosbridge_library/util/__init__.py'...
[1.560s] Compiling '/home/jason/Desktop/STUDY/Cobra-Driver/workspace/install/rosbridge_library/lib/python3.10/site-packages/rosbridge_library/util/cbor.py'...
[1.561s] -- Installing: /home/jason/Desktop/STUDY/Cobra-Driver/workspace/install/rosbridge_library/share/ament_index/resource_index/package_run_dependencies/rosbridge_library
[1.562s] -- Installing: /home/jason/Desktop/STUDY/Cobra-Driver/workspace/install/rosbridge_library/share/ament_index/resource_index/parent_prefix_path/rosbridge_library
[1.562s] -- Installing: /home/jason/Desktop/STUDY/Cobra-Driver/workspace/install/rosbridge_library/share/rosbridge_library/environment/ament_prefix_path.sh
[1.562s] -- Installing: /home/jason/Desktop/STUDY/Cobra-Driver/workspace/install/rosbridge_library/share/rosbridge_library/environment/ament_prefix_path.dsv
[1.562s] -- Installing: /home/jason/Desktop/STUDY/Cobra-Driver/workspace/install/rosbridge_library/share/rosbridge_library/environment/path.sh
[1.562s] -- Installing: /home/jason/Desktop/STUDY/Cobra-Driver/workspace/install/rosbridge_library/share/rosbridge_library/environment/path.dsv
[1.562s] -- Installing: /home/jason/Desktop/STUDY/Cobra-Driver/workspace/install/rosbridge_library/share/rosbridge_library/local_setup.bash
[1.562s] -- Installing: /home/jason/Desktop/STUDY/Cobra-Driver/workspace/install/rosbridge_library/share/rosbridge_library/local_setup.sh
[1.562s] -- Installing: /home/jason/Desktop/STUDY/Cobra-Driver/workspace/install/rosbridge_library/share/rosbridge_library/local_setup.zsh
[1.562s] -- Installing: /home/jason/Desktop/STUDY/Cobra-Driver/workspace/install/rosbridge_library/share/rosbridge_library/local_setup.dsv
[1.562s] -- Installing: /home/jason/Desktop/STUDY/Cobra-Driver/workspace/install/rosbridge_library/share/rosbridge_library/package.dsv
[1.562s] -- Installing: /home/jason/Desktop/STUDY/Cobra-Driver/workspace/install/rosbridge_library/share/ament_index/resource_index/packages/rosbridge_library
[1.563s] -- Installing: /home/jason/Desktop/STUDY/Cobra-Driver/workspace/install/rosbridge_library/share/rosbridge_library/cmake/rosbridge_libraryConfig.cmake
[1.563s] -- Installing: /home/jason/Desktop/STUDY/Cobra-Driver/workspace/install/rosbridge_library/share/rosbridge_library/cmake/rosbridge_libraryConfig-version.cmake
[1.563s] -- Installing: /home/jason/Desktop/STUDY/Cobra-Driver/workspace/install/rosbridge_library/share/rosbridge_library/package.xml
[1.568s] Invoked command in '/home/jason/Desktop/STUDY/Cobra-Driver/workspace/build/rosbridge_library' returned '0': CMAKE_PREFIX_PATH=/home/jason/Desktop/STUDY/Cobra-Driver/workspace/install/rosbridge_test_msgs:/home/jason/Desktop/STUDY/Cobra-Driver/workspace/install/usb_cam:/home/jason/Desktop/STUDY/Cobra-Driver/workspace/install/rosbridge_suite:/home/jason/Desktop/STUDY/Cobra-Driver/workspace/install/rosbridge_server:/home/jason/Desktop/STUDY/Cobra-Driver/workspace/install/rosbridge_msgs:/home/jason/Desktop/STUDY/Cobra-Driver/workspace/install/rosapi:/home/jason/Desktop/STUDY/Cobra-Driver/workspace/install/rosbridge_library:/home/jason/Desktop/STUDY/Cobra-Driver/workspace/install/rosapi_msgs:/home/jason/Desktop/STUDY/Cobra-Driver/workspace/install/yolov5_ros2:/home/jason/Desktop/STUDY/Cobra-Driver/workspace/install/udp_to_ros:/home/jason/Desktop/STUDY/Cobra-Driver/workspace/install/tcp_cam_sender:/home/jason/Desktop/STUDY/Cobra-Driver/workspace/install/common:/opt/ros/iron LD_LIBRARY_PATH=/home/jason/Desktop/STUDY/Cobra-Driver/workspace/install/rosbridge_test_msgs/lib:/home/jason/Desktop/STUDY/Cobra-Driver/workspace/install/usb_cam/lib:/home/jason/Desktop/STUDY/Cobra-Driver/workspace/install/rosbridge_msgs/lib:/home/jason/Desktop/STUDY/Cobra-Driver/workspace/install/rosapi_msgs/lib:/opt/ros/iron/opt/rviz_ogre_vendor/lib:/opt/ros/iron/lib/x86_64-linux-gnu:/opt/ros/iron/lib PYTHONPATH=/home/jason/Desktop/STUDY/Cobra-Driver/workspace/install/rosbridge_test_msgs/lib/python3.10/site-packages:/home/jason/Desktop/STUDY/Cobra-Driver/workspace/install/yolov5_ros2/lib/python3.10/site-packages:/home/jason/Desktop/STUDY/Cobra-Driver/workspace/install/udp_to_ros/lib/python3.10/site-packages:/home/jason/Desktop/STUDY/Cobra-Driver/workspace/install/tcp_cam_sender/lib/python3.10/site-packages:/home/jason/Desktop/STUDY/Cobra-Driver/workspace/install/rosbridge_server/lib/python3.10/site-packages:/home/jason/Desktop/STUDY/Cobra-Driver/workspace/install/rosbridge_msgs/lib/python3.10/site-packages:/home/jason/Desktop/STUDY/Cobra-Driver/workspace/install/rosapi/lib/python3.10/site-packages:/home/jason/Desktop/STUDY/Cobra-Driver/workspace/install/rosbridge_library/lib/python3.10/site-packages:/home/jason/Desktop/STUDY/Cobra-Driver/workspace/install/rosapi_msgs/lib/python3.10/site-packages:/home/jason/Desktop/STUDY/Cobra-Driver/workspace/install/common/lib/python3.10/site-packages:/opt/ros/iron/lib/python3.10/site-packages /home/jason/.local/bin/cmake --install /home/jason/Desktop/STUDY/Cobra-Driver/workspace/build/rosbridge_library
