[3.484s] Invoking command in '/home/jason/Desktop/STUDY/Cobra-Driver/workspace/src/tcp_cam_sender': PYTHONPATH=/home/jason/Desktop/STUDY/Cobra-Driver/workspace/build/tcp_cam_sender/prefix_override:/home/jason/Desktop/STUDY/Cobra-Driver/workspace/install/tcp_cam_sender/lib/python3.10/site-packages:${PYTHONPATH} /usr/bin/python3 setup.py egg_info --egg-base ../../build/tcp_cam_sender build --build-base /home/jason/Desktop/STUDY/Cobra-Driver/workspace/build/tcp_cam_sender/build install --record /home/jason/Desktop/STUDY/Cobra-Driver/workspace/build/tcp_cam_sender/install.log --single-version-externally-managed
[3.730s] running egg_info
[3.760s] writing ../../build/tcp_cam_sender/tcp_cam_sender.egg-info/PKG-INFO
[3.760s] writing dependency_links to ../../build/tcp_cam_sender/tcp_cam_sender.egg-info/dependency_links.txt
[3.760s] writing entry points to ../../build/tcp_cam_sender/tcp_cam_sender.egg-info/entry_points.txt
[3.760s] writing requirements to ../../build/tcp_cam_sender/tcp_cam_sender.egg-info/requires.txt
[3.760s] writing top-level names to ../../build/tcp_cam_sender/tcp_cam_sender.egg-info/top_level.txt
[3.811s] reading manifest file '../../build/tcp_cam_sender/tcp_cam_sender.egg-info/SOURCES.txt'
[3.812s] writing manifest file '../../build/tcp_cam_sender/tcp_cam_sender.egg-info/SOURCES.txt'
[3.813s] running build
[3.813s] running build_py
[3.814s] /home/jason/.local/lib/python3.10/site-packages/setuptools/_distutils/cmd.py:66: SetuptoolsDeprecationWarning: setup.py install is deprecated.
[3.814s] !!
[3.814s] 
[3.814s]         ********************************************************************************
[3.814s]         Please avoid running ``setup.py`` directly.
[3.815s]         Instead, use pypa/build, pypa/installer or other
[3.815s]         standards-based tools.
[3.815s] 
[3.815s]         See https://blog.ganssle.io/articles/2021/10/setup-py-deprecated.html for details.
[3.816s]         ********************************************************************************
[3.817s] 
[3.817s] !!
[3.817s]   self.initialize_options()
[3.817s] running install
[3.818s] running install_lib
[3.839s] running install_data
[3.859s] running install_egg_info
[3.880s] removing '/home/jason/Desktop/STUDY/Cobra-Driver/workspace/install/tcp_cam_sender/lib/python3.10/site-packages/tcp_cam_sender-0.0.0-py3.10.egg-info' (and everything under it)
[3.880s] Copying ../../build/tcp_cam_sender/tcp_cam_sender.egg-info to /home/jason/Desktop/STUDY/Cobra-Driver/workspace/install/tcp_cam_sender/lib/python3.10/site-packages/tcp_cam_sender-0.0.0-py3.10.egg-info
[3.881s] running install_scripts
[4.061s] Installing tcp_cam_sender script to /home/jason/Desktop/STUDY/Cobra-Driver/workspace/install/tcp_cam_sender/lib/tcp_cam_sender
[4.062s] writing list of installed files to '/home/jason/Desktop/STUDY/Cobra-Driver/workspace/build/tcp_cam_sender/install.log'
[4.348s] Invoked command in '/home/jason/Desktop/STUDY/Cobra-Driver/workspace/src/tcp_cam_sender' returned '0': PYTHONPATH=/home/jason/Desktop/STUDY/Cobra-Driver/workspace/build/tcp_cam_sender/prefix_override:/home/jason/Desktop/STUDY/Cobra-Driver/workspace/install/tcp_cam_sender/lib/python3.10/site-packages:${PYTHONPATH} /usr/bin/python3 setup.py egg_info --egg-base ../../build/tcp_cam_sender build --build-base /home/jason/Desktop/STUDY/Cobra-Driver/workspace/build/tcp_cam_sender/build install --record /home/jason/Desktop/STUDY/Cobra-Driver/workspace/build/tcp_cam_sender/install.log --single-version-externally-managed
