[  2%] Built target lidarslam_msgs__rosidl_generator_type_description
[  2%] Built target ament_cmake_python_copy_lidarslam_msgs
[  4%] Built target lidarslam_msgs__cpp
[ 22%] Built target lidarslam_msgs__rosidl_generator_c
[ 31%] Built target lidarslam_msgs__rosidl_typesupport_introspection_c
[ 40%] Built target lidarslam_msgs__rosidl_typesupport_cpp
[ 50%] Built target lidarslam_msgs__rosidl_typesupport_fastrtps_c
[ 59%] Built target lidarslam_msgs__rosidl_typesupport_c
[ 72%] Built target lidarslam_msgs__rosidl_typesupport_fastrtps_cpp
[ 77%] Built target lidarslam_msgs__rosidl_typesupport_introspection_cpp
[ 77%] Built target lidarslam_msgs
[ 79%] Built target lidarslam_msgs__py
[ 86%] Built target lidarslam_msgs__rosidl_generator_py
[ 90%] Built target lidarslam_msgs__rosidl_typesupport_fastrtps_c__pyext
[ 95%] Built target lidarslam_msgs__rosidl_typesupport_introspection_c__pyext
[100%] Built target lidarslam_msgs__rosidl_typesupport_c__pyext
running egg_info
writing lidarslam_msgs.egg-info/PKG-INFO
writing dependency_links to lidarslam_msgs.egg-info/dependency_links.txt
writing top-level names to lidarslam_msgs.egg-info/top_level.txt
reading manifest file 'lidarslam_msgs.egg-info/SOURCES.txt'
writing manifest file 'lidarslam_msgs.egg-info/SOURCES.txt'
[100%] Built target ament_cmake_python_build_lidarslam_msgs_egg
-- Install configuration: ""
-- Up-to-date: /home/jason/Desktop/STUDY/Cobra-Driver/workspace/install/lidarslam_msgs/share/ament_index/resource_index/rosidl_interfaces/lidarslam_msgs
-- Up-to-date: /home/jason/Desktop/STUDY/Cobra-Driver/workspace/install/lidarslam_msgs/share/lidarslam_msgs/msg/SubMap.json
-- Up-to-date: /home/jason/Desktop/STUDY/Cobra-Driver/workspace/install/lidarslam_msgs/share/lidarslam_msgs/msg/MapArray.json
-- Up-to-date: /home/jason/Desktop/STUDY/Cobra-Driver/workspace/install/lidarslam_msgs/include/lidarslam_msgs/lidarslam_msgs
-- Up-to-date: /home/jason/Desktop/STUDY/Cobra-Driver/workspace/install/lidarslam_msgs/include/lidarslam_msgs/lidarslam_msgs/msg
-- Up-to-date: /home/jason/Desktop/STUDY/Cobra-Driver/workspace/install/lidarslam_msgs/include/lidarslam_msgs/lidarslam_msgs/msg/rosidl_generator_c__visibility_control.h
-- Up-to-date: /home/jason/Desktop/STUDY/Cobra-Driver/workspace/install/lidarslam_msgs/include/lidarslam_msgs/lidarslam_msgs/msg/map_array.h
-- Up-to-date: /home/jason/Desktop/STUDY/Cobra-Driver/workspace/install/lidarslam_msgs/include/lidarslam_msgs/lidarslam_msgs/msg/sub_map.h
-- Up-to-date: /home/jason/Desktop/STUDY/Cobra-Driver/workspace/install/lidarslam_msgs/include/lidarslam_msgs/lidarslam_msgs/msg/detail
-- Up-to-date: /home/jason/Desktop/STUDY/Cobra-Driver/workspace/install/lidarslam_msgs/include/lidarslam_msgs/lidarslam_msgs/msg/detail/sub_map__functions.h
-- Up-to-date: /home/jason/Desktop/STUDY/Cobra-Driver/workspace/install/lidarslam_msgs/include/lidarslam_msgs/lidarslam_msgs/msg/detail/map_array__struct.h
-- Up-to-date: /home/jason/Desktop/STUDY/Cobra-Driver/workspace/install/lidarslam_msgs/include/lidarslam_msgs/lidarslam_msgs/msg/detail/map_array__type_support.c
-- Up-to-date: /home/jason/Desktop/STUDY/Cobra-Driver/workspace/install/lidarslam_msgs/include/lidarslam_msgs/lidarslam_msgs/msg/detail/sub_map__struct.h
-- Up-to-date: /home/jason/Desktop/STUDY/Cobra-Driver/workspace/install/lidarslam_msgs/include/lidarslam_msgs/lidarslam_msgs/msg/detail/sub_map__description.c
-- Up-to-date: /home/jason/Desktop/STUDY/Cobra-Driver/workspace/install/lidarslam_msgs/include/lidarslam_msgs/lidarslam_msgs/msg/detail/map_array__description.c
-- Up-to-date: /home/jason/Desktop/STUDY/Cobra-Driver/workspace/install/lidarslam_msgs/include/lidarslam_msgs/lidarslam_msgs/msg/detail/sub_map__type_support.c
-- Up-to-date: /home/jason/Desktop/STUDY/Cobra-Driver/workspace/install/lidarslam_msgs/include/lidarslam_msgs/lidarslam_msgs/msg/detail/sub_map__type_support.h
-- Up-to-date: /home/jason/Desktop/STUDY/Cobra-Driver/workspace/install/lidarslam_msgs/include/lidarslam_msgs/lidarslam_msgs/msg/detail/sub_map__functions.c
-- Up-to-date: /home/jason/Desktop/STUDY/Cobra-Driver/workspace/install/lidarslam_msgs/include/lidarslam_msgs/lidarslam_msgs/msg/detail/map_array__functions.h
-- Up-to-date: /home/jason/Desktop/STUDY/Cobra-Driver/workspace/install/lidarslam_msgs/include/lidarslam_msgs/lidarslam_msgs/msg/detail/map_array__functions.c
-- Up-to-date: /home/jason/Desktop/STUDY/Cobra-Driver/workspace/install/lidarslam_msgs/include/lidarslam_msgs/lidarslam_msgs/msg/detail/map_array__type_support.h
-- Up-to-date: /home/jason/Desktop/STUDY/Cobra-Driver/workspace/install/lidarslam_msgs/share/lidarslam_msgs/environment/library_path.sh
-- Up-to-date: /home/jason/Desktop/STUDY/Cobra-Driver/workspace/install/lidarslam_msgs/share/lidarslam_msgs/environment/library_path.dsv
-- Up-to-date: /home/jason/Desktop/STUDY/Cobra-Driver/workspace/install/lidarslam_msgs/lib/liblidarslam_msgs__rosidl_generator_c.so
-- Up-to-date: /home/jason/Desktop/STUDY/Cobra-Driver/workspace/install/lidarslam_msgs/include/lidarslam_msgs/lidarslam_msgs
-- Up-to-date: /home/jason/Desktop/STUDY/Cobra-Driver/workspace/install/lidarslam_msgs/include/lidarslam_msgs/lidarslam_msgs/msg
-- Up-to-date: /home/jason/Desktop/STUDY/Cobra-Driver/workspace/install/lidarslam_msgs/include/lidarslam_msgs/lidarslam_msgs/msg/rosidl_typesupport_fastrtps_c__visibility_control.h
-- Up-to-date: /home/jason/Desktop/STUDY/Cobra-Driver/workspace/install/lidarslam_msgs/include/lidarslam_msgs/lidarslam_msgs/msg/detail
-- Up-to-date: /home/jason/Desktop/STUDY/Cobra-Driver/workspace/install/lidarslam_msgs/include/lidarslam_msgs/lidarslam_msgs/msg/detail/map_array__rosidl_typesupport_fastrtps_c.h
-- Up-to-date: /home/jason/Desktop/STUDY/Cobra-Driver/workspace/install/lidarslam_msgs/include/lidarslam_msgs/lidarslam_msgs/msg/detail/sub_map__rosidl_typesupport_fastrtps_c.h
-- Up-to-date: /home/jason/Desktop/STUDY/Cobra-Driver/workspace/install/lidarslam_msgs/lib/liblidarslam_msgs__rosidl_typesupport_fastrtps_c.so
-- Up-to-date: /home/jason/Desktop/STUDY/Cobra-Driver/workspace/install/lidarslam_msgs/include/lidarslam_msgs/lidarslam_msgs
-- Up-to-date: /home/jason/Desktop/STUDY/Cobra-Driver/workspace/install/lidarslam_msgs/include/lidarslam_msgs/lidarslam_msgs/msg
-- Up-to-date: /home/jason/Desktop/STUDY/Cobra-Driver/workspace/install/lidarslam_msgs/include/lidarslam_msgs/lidarslam_msgs/msg/rosidl_typesupport_introspection_c__visibility_control.h
-- Up-to-date: /home/jason/Desktop/STUDY/Cobra-Driver/workspace/install/lidarslam_msgs/include/lidarslam_msgs/lidarslam_msgs/msg/detail
-- Up-to-date: /home/jason/Desktop/STUDY/Cobra-Driver/workspace/install/lidarslam_msgs/include/lidarslam_msgs/lidarslam_msgs/msg/detail/map_array__type_support.c
-- Up-to-date: /home/jason/Desktop/STUDY/Cobra-Driver/workspace/install/lidarslam_msgs/include/lidarslam_msgs/lidarslam_msgs/msg/detail/map_array__rosidl_typesupport_introspection_c.h
-- Up-to-date: /home/jason/Desktop/STUDY/Cobra-Driver/workspace/install/lidarslam_msgs/include/lidarslam_msgs/lidarslam_msgs/msg/detail/sub_map__type_support.c
-- Up-to-date: /home/jason/Desktop/STUDY/Cobra-Driver/workspace/install/lidarslam_msgs/include/lidarslam_msgs/lidarslam_msgs/msg/detail/sub_map__rosidl_typesupport_introspection_c.h
-- Up-to-date: /home/jason/Desktop/STUDY/Cobra-Driver/workspace/install/lidarslam_msgs/lib/liblidarslam_msgs__rosidl_typesupport_introspection_c.so
-- Up-to-date: /home/jason/Desktop/STUDY/Cobra-Driver/workspace/install/lidarslam_msgs/lib/liblidarslam_msgs__rosidl_typesupport_c.so
-- Up-to-date: /home/jason/Desktop/STUDY/Cobra-Driver/workspace/install/lidarslam_msgs/include/lidarslam_msgs/lidarslam_msgs
-- Up-to-date: /home/jason/Desktop/STUDY/Cobra-Driver/workspace/install/lidarslam_msgs/include/lidarslam_msgs/lidarslam_msgs/msg
-- Up-to-date: /home/jason/Desktop/STUDY/Cobra-Driver/workspace/install/lidarslam_msgs/include/lidarslam_msgs/lidarslam_msgs/msg/sub_map.hpp
-- Up-to-date: /home/jason/Desktop/STUDY/Cobra-Driver/workspace/install/lidarslam_msgs/include/lidarslam_msgs/lidarslam_msgs/msg/map_array.hpp
-- Up-to-date: /home/jason/Desktop/STUDY/Cobra-Driver/workspace/install/lidarslam_msgs/include/lidarslam_msgs/lidarslam_msgs/msg/detail
-- Up-to-date: /home/jason/Desktop/STUDY/Cobra-Driver/workspace/install/lidarslam_msgs/include/lidarslam_msgs/lidarslam_msgs/msg/detail/sub_map__traits.hpp
-- Up-to-date: /home/jason/Desktop/STUDY/Cobra-Driver/workspace/install/lidarslam_msgs/include/lidarslam_msgs/lidarslam_msgs/msg/detail/sub_map__builder.hpp
-- Up-to-date: /home/jason/Desktop/STUDY/Cobra-Driver/workspace/install/lidarslam_msgs/include/lidarslam_msgs/lidarslam_msgs/msg/detail/sub_map__struct.hpp
-- Up-to-date: /home/jason/Desktop/STUDY/Cobra-Driver/workspace/install/lidarslam_msgs/include/lidarslam_msgs/lidarslam_msgs/msg/detail/map_array__traits.hpp
-- Up-to-date: /home/jason/Desktop/STUDY/Cobra-Driver/workspace/install/lidarslam_msgs/include/lidarslam_msgs/lidarslam_msgs/msg/detail/map_array__struct.hpp
-- Up-to-date: /home/jason/Desktop/STUDY/Cobra-Driver/workspace/install/lidarslam_msgs/include/lidarslam_msgs/lidarslam_msgs/msg/detail/map_array__builder.hpp
-- Up-to-date: /home/jason/Desktop/STUDY/Cobra-Driver/workspace/install/lidarslam_msgs/include/lidarslam_msgs/lidarslam_msgs
-- Up-to-date: /home/jason/Desktop/STUDY/Cobra-Driver/workspace/install/lidarslam_msgs/include/lidarslam_msgs/lidarslam_msgs/msg
-- Up-to-date: /home/jason/Desktop/STUDY/Cobra-Driver/workspace/install/lidarslam_msgs/include/lidarslam_msgs/lidarslam_msgs/msg/rosidl_typesupport_fastrtps_cpp__visibility_control.h
-- Up-to-date: /home/jason/Desktop/STUDY/Cobra-Driver/workspace/install/lidarslam_msgs/include/lidarslam_msgs/lidarslam_msgs/msg/detail
-- Up-to-date: /home/jason/Desktop/STUDY/Cobra-Driver/workspace/install/lidarslam_msgs/include/lidarslam_msgs/lidarslam_msgs/msg/detail/sub_map__rosidl_typesupport_fastrtps_cpp.hpp
-- Up-to-date: /home/jason/Desktop/STUDY/Cobra-Driver/workspace/install/lidarslam_msgs/include/lidarslam_msgs/lidarslam_msgs/msg/detail/dds_fastrtps
-- Up-to-date: /home/jason/Desktop/STUDY/Cobra-Driver/workspace/install/lidarslam_msgs/include/lidarslam_msgs/lidarslam_msgs/msg/detail/map_array__rosidl_typesupport_fastrtps_cpp.hpp
-- Up-to-date: /home/jason/Desktop/STUDY/Cobra-Driver/workspace/install/lidarslam_msgs/lib/liblidarslam_msgs__rosidl_typesupport_fastrtps_cpp.so
-- Up-to-date: /home/jason/Desktop/STUDY/Cobra-Driver/workspace/install/lidarslam_msgs/include/lidarslam_msgs/lidarslam_msgs
-- Up-to-date: /home/jason/Desktop/STUDY/Cobra-Driver/workspace/install/lidarslam_msgs/include/lidarslam_msgs/lidarslam_msgs/msg
-- Up-to-date: /home/jason/Desktop/STUDY/Cobra-Driver/workspace/install/lidarslam_msgs/include/lidarslam_msgs/lidarslam_msgs/msg/detail
-- Up-to-date: /home/jason/Desktop/STUDY/Cobra-Driver/workspace/install/lidarslam_msgs/include/lidarslam_msgs/lidarslam_msgs/msg/detail/map_array__rosidl_typesupport_introspection_cpp.hpp
-- Up-to-date: /home/jason/Desktop/STUDY/Cobra-Driver/workspace/install/lidarslam_msgs/include/lidarslam_msgs/lidarslam_msgs/msg/detail/map_array__type_support.cpp
-- Up-to-date: /home/jason/Desktop/STUDY/Cobra-Driver/workspace/install/lidarslam_msgs/include/lidarslam_msgs/lidarslam_msgs/msg/detail/sub_map__type_support.cpp
-- Up-to-date: /home/jason/Desktop/STUDY/Cobra-Driver/workspace/install/lidarslam_msgs/include/lidarslam_msgs/lidarslam_msgs/msg/detail/sub_map__rosidl_typesupport_introspection_cpp.hpp
-- Up-to-date: /home/jason/Desktop/STUDY/Cobra-Driver/workspace/install/lidarslam_msgs/lib/liblidarslam_msgs__rosidl_typesupport_introspection_cpp.so
-- Up-to-date: /home/jason/Desktop/STUDY/Cobra-Driver/workspace/install/lidarslam_msgs/lib/liblidarslam_msgs__rosidl_typesupport_cpp.so
-- Up-to-date: /home/jason/Desktop/STUDY/Cobra-Driver/workspace/install/lidarslam_msgs/share/lidarslam_msgs/environment/pythonpath.sh
-- Up-to-date: /home/jason/Desktop/STUDY/Cobra-Driver/workspace/install/lidarslam_msgs/share/lidarslam_msgs/environment/pythonpath.dsv
-- Up-to-date: /home/jason/Desktop/STUDY/Cobra-Driver/workspace/install/lidarslam_msgs/lib/python3.10/site-packages/lidarslam_msgs-0.0.0-py3.10.egg-info
-- Installing: /home/jason/Desktop/STUDY/Cobra-Driver/workspace/install/lidarslam_msgs/lib/python3.10/site-packages/lidarslam_msgs-0.0.0-py3.10.egg-info/top_level.txt
-- Installing: /home/jason/Desktop/STUDY/Cobra-Driver/workspace/install/lidarslam_msgs/lib/python3.10/site-packages/lidarslam_msgs-0.0.0-py3.10.egg-info/dependency_links.txt
-- Installing: /home/jason/Desktop/STUDY/Cobra-Driver/workspace/install/lidarslam_msgs/lib/python3.10/site-packages/lidarslam_msgs-0.0.0-py3.10.egg-info/SOURCES.txt
-- Installing: /home/jason/Desktop/STUDY/Cobra-Driver/workspace/install/lidarslam_msgs/lib/python3.10/site-packages/lidarslam_msgs-0.0.0-py3.10.egg-info/PKG-INFO
-- Up-to-date: /home/jason/Desktop/STUDY/Cobra-Driver/workspace/install/lidarslam_msgs/lib/python3.10/site-packages/lidarslam_msgs
-- Up-to-date: /home/jason/Desktop/STUDY/Cobra-Driver/workspace/install/lidarslam_msgs/lib/python3.10/site-packages/lidarslam_msgs/lidarslam_msgs_s__rosidl_typesupport_c.cpython-310-x86_64-linux-gnu.so
-- Up-to-date: /home/jason/Desktop/STUDY/Cobra-Driver/workspace/install/lidarslam_msgs/lib/python3.10/site-packages/lidarslam_msgs/_lidarslam_msgs_s.ep.rosidl_typesupport_fastrtps_c.c
-- Up-to-date: /home/jason/Desktop/STUDY/Cobra-Driver/workspace/install/lidarslam_msgs/lib/python3.10/site-packages/lidarslam_msgs/_lidarslam_msgs_s.ep.rosidl_typesupport_introspection_c.c
-- Up-to-date: /home/jason/Desktop/STUDY/Cobra-Driver/workspace/install/lidarslam_msgs/lib/python3.10/site-packages/lidarslam_msgs/lidarslam_msgs_s__rosidl_typesupport_introspection_c.cpython-310-x86_64-linux-gnu.so
-- Up-to-date: /home/jason/Desktop/STUDY/Cobra-Driver/workspace/install/lidarslam_msgs/lib/python3.10/site-packages/lidarslam_msgs/__init__.py
-- Up-to-date: /home/jason/Desktop/STUDY/Cobra-Driver/workspace/install/lidarslam_msgs/lib/python3.10/site-packages/lidarslam_msgs/_lidarslam_msgs_s.ep.rosidl_typesupport_c.c
-- Up-to-date: /home/jason/Desktop/STUDY/Cobra-Driver/workspace/install/lidarslam_msgs/lib/python3.10/site-packages/lidarslam_msgs/lidarslam_msgs_s__rosidl_typesupport_fastrtps_c.cpython-310-x86_64-linux-gnu.so
-- Up-to-date: /home/jason/Desktop/STUDY/Cobra-Driver/workspace/install/lidarslam_msgs/lib/python3.10/site-packages/lidarslam_msgs/msg
-- Up-to-date: /home/jason/Desktop/STUDY/Cobra-Driver/workspace/install/lidarslam_msgs/lib/python3.10/site-packages/lidarslam_msgs/msg/_sub_map_s.c
-- Up-to-date: /home/jason/Desktop/STUDY/Cobra-Driver/workspace/install/lidarslam_msgs/lib/python3.10/site-packages/lidarslam_msgs/msg/_map_array.py
-- Up-to-date: /home/jason/Desktop/STUDY/Cobra-Driver/workspace/install/lidarslam_msgs/lib/python3.10/site-packages/lidarslam_msgs/msg/__init__.py
-- Up-to-date: /home/jason/Desktop/STUDY/Cobra-Driver/workspace/install/lidarslam_msgs/lib/python3.10/site-packages/lidarslam_msgs/msg/_sub_map.py
-- Up-to-date: /home/jason/Desktop/STUDY/Cobra-Driver/workspace/install/lidarslam_msgs/lib/python3.10/site-packages/lidarslam_msgs/msg/_map_array_s.c
-- Up-to-date: /home/jason/Desktop/STUDY/Cobra-Driver/workspace/install/lidarslam_msgs/lib/python3.10/site-packages/lidarslam_msgs/liblidarslam_msgs__rosidl_generator_py.so
Listing '/home/jason/Desktop/STUDY/Cobra-Driver/workspace/install/lidarslam_msgs/lib/python3.10/site-packages/lidarslam_msgs'...
Listing '/home/jason/Desktop/STUDY/Cobra-Driver/workspace/install/lidarslam_msgs/lib/python3.10/site-packages/lidarslam_msgs/msg'...
-- Up-to-date: /home/jason/Desktop/STUDY/Cobra-Driver/workspace/install/lidarslam_msgs/lib/python3.10/site-packages/lidarslam_msgs/lidarslam_msgs_s__rosidl_typesupport_fastrtps_c.cpython-310-x86_64-linux-gnu.so
-- Up-to-date: /home/jason/Desktop/STUDY/Cobra-Driver/workspace/install/lidarslam_msgs/lib/python3.10/site-packages/lidarslam_msgs/lidarslam_msgs_s__rosidl_typesupport_introspection_c.cpython-310-x86_64-linux-gnu.so
-- Up-to-date: /home/jason/Desktop/STUDY/Cobra-Driver/workspace/install/lidarslam_msgs/lib/python3.10/site-packages/lidarslam_msgs/lidarslam_msgs_s__rosidl_typesupport_c.cpython-310-x86_64-linux-gnu.so
-- Up-to-date: /home/jason/Desktop/STUDY/Cobra-Driver/workspace/install/lidarslam_msgs/lib/liblidarslam_msgs__rosidl_generator_py.so
-- Up-to-date: /home/jason/Desktop/STUDY/Cobra-Driver/workspace/install/lidarslam_msgs/share/lidarslam_msgs/msg/SubMap.idl
-- Up-to-date: /home/jason/Desktop/STUDY/Cobra-Driver/workspace/install/lidarslam_msgs/share/lidarslam_msgs/msg/MapArray.idl
-- Up-to-date: /home/jason/Desktop/STUDY/Cobra-Driver/workspace/install/lidarslam_msgs/share/lidarslam_msgs/msg/SubMap.msg
-- Up-to-date: /home/jason/Desktop/STUDY/Cobra-Driver/workspace/install/lidarslam_msgs/share/lidarslam_msgs/msg/MapArray.msg
-- Up-to-date: /home/jason/Desktop/STUDY/Cobra-Driver/workspace/install/lidarslam_msgs/share/ament_index/resource_index/package_run_dependencies/lidarslam_msgs
-- Up-to-date: /home/jason/Desktop/STUDY/Cobra-Driver/workspace/install/lidarslam_msgs/share/ament_index/resource_index/parent_prefix_path/lidarslam_msgs
-- Up-to-date: /home/jason/Desktop/STUDY/Cobra-Driver/workspace/install/lidarslam_msgs/share/lidarslam_msgs/environment/ament_prefix_path.sh
-- Up-to-date: /home/jason/Desktop/STUDY/Cobra-Driver/workspace/install/lidarslam_msgs/share/lidarslam_msgs/environment/ament_prefix_path.dsv
-- Up-to-date: /home/jason/Desktop/STUDY/Cobra-Driver/workspace/install/lidarslam_msgs/share/lidarslam_msgs/environment/path.sh
-- Up-to-date: /home/jason/Desktop/STUDY/Cobra-Driver/workspace/install/lidarslam_msgs/share/lidarslam_msgs/environment/path.dsv
-- Up-to-date: /home/jason/Desktop/STUDY/Cobra-Driver/workspace/install/lidarslam_msgs/share/lidarslam_msgs/local_setup.bash
-- Up-to-date: /home/jason/Desktop/STUDY/Cobra-Driver/workspace/install/lidarslam_msgs/share/lidarslam_msgs/local_setup.sh
-- Up-to-date: /home/jason/Desktop/STUDY/Cobra-Driver/workspace/install/lidarslam_msgs/share/lidarslam_msgs/local_setup.zsh
-- Up-to-date: /home/jason/Desktop/STUDY/Cobra-Driver/workspace/install/lidarslam_msgs/share/lidarslam_msgs/local_setup.dsv
-- Installing: /home/jason/Desktop/STUDY/Cobra-Driver/workspace/install/lidarslam_msgs/share/lidarslam_msgs/package.dsv
-- Up-to-date: /home/jason/Desktop/STUDY/Cobra-Driver/workspace/install/lidarslam_msgs/share/ament_index/resource_index/packages/lidarslam_msgs
-- Up-to-date: /home/jason/Desktop/STUDY/Cobra-Driver/workspace/install/lidarslam_msgs/share/lidarslam_msgs/cmake/export_lidarslam_msgs__rosidl_generator_cExport.cmake
-- Up-to-date: /home/jason/Desktop/STUDY/Cobra-Driver/workspace/install/lidarslam_msgs/share/lidarslam_msgs/cmake/export_lidarslam_msgs__rosidl_generator_cExport-noconfig.cmake
-- Up-to-date: /home/jason/Desktop/STUDY/Cobra-Driver/workspace/install/lidarslam_msgs/share/lidarslam_msgs/cmake/export_lidarslam_msgs__rosidl_typesupport_fastrtps_cExport.cmake
-- Up-to-date: /home/jason/Desktop/STUDY/Cobra-Driver/workspace/install/lidarslam_msgs/share/lidarslam_msgs/cmake/export_lidarslam_msgs__rosidl_typesupport_fastrtps_cExport-noconfig.cmake
-- Up-to-date: /home/jason/Desktop/STUDY/Cobra-Driver/workspace/install/lidarslam_msgs/share/lidarslam_msgs/cmake/lidarslam_msgs__rosidl_typesupport_introspection_cExport.cmake
-- Up-to-date: /home/jason/Desktop/STUDY/Cobra-Driver/workspace/install/lidarslam_msgs/share/lidarslam_msgs/cmake/lidarslam_msgs__rosidl_typesupport_introspection_cExport-noconfig.cmake
-- Up-to-date: /home/jason/Desktop/STUDY/Cobra-Driver/workspace/install/lidarslam_msgs/share/lidarslam_msgs/cmake/lidarslam_msgs__rosidl_typesupport_cExport.cmake
-- Up-to-date: /home/jason/Desktop/STUDY/Cobra-Driver/workspace/install/lidarslam_msgs/share/lidarslam_msgs/cmake/lidarslam_msgs__rosidl_typesupport_cExport-noconfig.cmake
-- Up-to-date: /home/jason/Desktop/STUDY/Cobra-Driver/workspace/install/lidarslam_msgs/share/lidarslam_msgs/cmake/export_lidarslam_msgs__rosidl_generator_cppExport.cmake
-- Up-to-date: /home/jason/Desktop/STUDY/Cobra-Driver/workspace/install/lidarslam_msgs/share/lidarslam_msgs/cmake/export_lidarslam_msgs__rosidl_typesupport_fastrtps_cppExport.cmake
-- Up-to-date: /home/jason/Desktop/STUDY/Cobra-Driver/workspace/install/lidarslam_msgs/share/lidarslam_msgs/cmake/export_lidarslam_msgs__rosidl_typesupport_fastrtps_cppExport-noconfig.cmake
-- Up-to-date: /home/jason/Desktop/STUDY/Cobra-Driver/workspace/install/lidarslam_msgs/share/lidarslam_msgs/cmake/lidarslam_msgs__rosidl_typesupport_introspection_cppExport.cmake
-- Up-to-date: /home/jason/Desktop/STUDY/Cobra-Driver/workspace/install/lidarslam_msgs/share/lidarslam_msgs/cmake/lidarslam_msgs__rosidl_typesupport_introspection_cppExport-noconfig.cmake
-- Up-to-date: /home/jason/Desktop/STUDY/Cobra-Driver/workspace/install/lidarslam_msgs/share/lidarslam_msgs/cmake/lidarslam_msgs__rosidl_typesupport_cppExport.cmake
-- Up-to-date: /home/jason/Desktop/STUDY/Cobra-Driver/workspace/install/lidarslam_msgs/share/lidarslam_msgs/cmake/lidarslam_msgs__rosidl_typesupport_cppExport-noconfig.cmake
-- Up-to-date: /home/jason/Desktop/STUDY/Cobra-Driver/workspace/install/lidarslam_msgs/share/lidarslam_msgs/cmake/export_lidarslam_msgs__rosidl_generator_pyExport.cmake
-- Up-to-date: /home/jason/Desktop/STUDY/Cobra-Driver/workspace/install/lidarslam_msgs/share/lidarslam_msgs/cmake/export_lidarslam_msgs__rosidl_generator_pyExport-noconfig.cmake
-- Up-to-date: /home/jason/Desktop/STUDY/Cobra-Driver/workspace/install/lidarslam_msgs/share/lidarslam_msgs/cmake/rosidl_cmake-extras.cmake
-- Up-to-date: /home/jason/Desktop/STUDY/Cobra-Driver/workspace/install/lidarslam_msgs/share/lidarslam_msgs/cmake/ament_cmake_export_dependencies-extras.cmake
-- Up-to-date: /home/jason/Desktop/STUDY/Cobra-Driver/workspace/install/lidarslam_msgs/share/lidarslam_msgs/cmake/ament_cmake_export_include_directories-extras.cmake
-- Up-to-date: /home/jason/Desktop/STUDY/Cobra-Driver/workspace/install/lidarslam_msgs/share/lidarslam_msgs/cmake/ament_cmake_export_libraries-extras.cmake
-- Up-to-date: /home/jason/Desktop/STUDY/Cobra-Driver/workspace/install/lidarslam_msgs/share/lidarslam_msgs/cmake/ament_cmake_export_targets-extras.cmake
-- Up-to-date: /home/jason/Desktop/STUDY/Cobra-Driver/workspace/install/lidarslam_msgs/share/lidarslam_msgs/cmake/rosidl_cmake_export_typesupport_targets-extras.cmake
-- Up-to-date: /home/jason/Desktop/STUDY/Cobra-Driver/workspace/install/lidarslam_msgs/share/lidarslam_msgs/cmake/rosidl_cmake_export_typesupport_libraries-extras.cmake
-- Up-to-date: /home/jason/Desktop/STUDY/Cobra-Driver/workspace/install/lidarslam_msgs/share/lidarslam_msgs/cmake/lidarslam_msgsConfig.cmake
-- Up-to-date: /home/jason/Desktop/STUDY/Cobra-Driver/workspace/install/lidarslam_msgs/share/lidarslam_msgs/cmake/lidarslam_msgsConfig-version.cmake
-- Up-to-date: /home/jason/Desktop/STUDY/Cobra-Driver/workspace/install/lidarslam_msgs/share/lidarslam_msgs/package.xml
