[1.168s] Invoking command in '/home/jason/Desktop/STUDY/Cobra-Driver/workspace/src/yolov5_ros2': PYTHONPATH=/home/jason/Desktop/STUDY/Cobra-Driver/workspace/build/yolov5_ros2/prefix_override:/home/jason/Desktop/STUDY/Cobra-Driver/workspace/install/yolov5_ros2/lib/python3.10/site-packages:${PYTHONPATH} /usr/bin/python3 setup.py egg_info --egg-base ../../build/yolov5_ros2 build --build-base /home/jason/Desktop/STUDY/Cobra-Driver/workspace/build/yolov5_ros2/build install --record /home/jason/Desktop/STUDY/Cobra-Driver/workspace/build/yolov5_ros2/install.log --single-version-externally-managed
[1.372s] running egg_info
[1.373s] creating ../../build/yolov5_ros2/yolov5_ros2.egg-info
[1.390s] writing ../../build/yolov5_ros2/yolov5_ros2.egg-info/PKG-INFO
[1.390s] writing dependency_links to ../../build/yolov5_ros2/yolov5_ros2.egg-info/dependency_links.txt
[1.390s] writing entry points to ../../build/yolov5_ros2/yolov5_ros2.egg-info/entry_points.txt
[1.390s] writing requirements to ../../build/yolov5_ros2/yolov5_ros2.egg-info/requires.txt
[1.391s] writing top-level names to ../../build/yolov5_ros2/yolov5_ros2.egg-info/top_level.txt
[1.391s] writing manifest file '../../build/yolov5_ros2/yolov5_ros2.egg-info/SOURCES.txt'
[1.428s] reading manifest file '../../build/yolov5_ros2/yolov5_ros2.egg-info/SOURCES.txt'
[1.429s] writing manifest file '../../build/yolov5_ros2/yolov5_ros2.egg-info/SOURCES.txt'
[1.429s] running build
[1.429s] running build_py
[1.429s] creating /home/jason/Desktop/STUDY/Cobra-Driver/workspace/build/yolov5_ros2/build
[1.429s] creating /home/jason/Desktop/STUDY/Cobra-Driver/workspace/build/yolov5_ros2/build/lib
[1.429s] creating /home/jason/Desktop/STUDY/Cobra-Driver/workspace/build/yolov5_ros2/build/lib/yolov5_ros2
[1.429s] copying yolov5_ros2/yolo_detector.py -> /home/jason/Desktop/STUDY/Cobra-Driver/workspace/build/yolov5_ros2/build/lib/yolov5_ros2
[1.429s] copying yolov5_ros2/__init__.py -> /home/jason/Desktop/STUDY/Cobra-Driver/workspace/build/yolov5_ros2/build/lib/yolov5_ros2
[1.429s] running install
[1.429s] /home/jason/.local/lib/python3.10/site-packages/setuptools/_distutils/cmd.py:66: SetuptoolsDeprecationWarning: setup.py install is deprecated.
[1.429s] !!
[1.430s] 
[1.430s]         ********************************************************************************
[1.430s]         Please avoid running ``setup.py`` directly.
[1.430s]         Instead, use pypa/build, pypa/installer or other
[1.430s]         standards-based tools.
[1.430s] 
[1.430s]         See https://blog.ganssle.io/articles/2021/10/setup-py-deprecated.html for details.
[1.430s]         ********************************************************************************
[1.430s] 
[1.430s] !!
[1.430s]   self.initialize_options()
[1.434s] running install_lib
[1.451s] creating /home/jason/Desktop/STUDY/Cobra-Driver/workspace/install/yolov5_ros2/lib/python3.10/site-packages/yolov5_ros2
[1.451s] copying /home/jason/Desktop/STUDY/Cobra-Driver/workspace/build/yolov5_ros2/build/lib/yolov5_ros2/yolo_detector.py -> /home/jason/Desktop/STUDY/Cobra-Driver/workspace/install/yolov5_ros2/lib/python3.10/site-packages/yolov5_ros2
[1.451s] copying /home/jason/Desktop/STUDY/Cobra-Driver/workspace/build/yolov5_ros2/build/lib/yolov5_ros2/__init__.py -> /home/jason/Desktop/STUDY/Cobra-Driver/workspace/install/yolov5_ros2/lib/python3.10/site-packages/yolov5_ros2
[1.451s] byte-compiling /home/jason/Desktop/STUDY/Cobra-Driver/workspace/install/yolov5_ros2/lib/python3.10/site-packages/yolov5_ros2/yolo_detector.py to yolo_detector.cpython-310.pyc
[1.451s] byte-compiling /home/jason/Desktop/STUDY/Cobra-Driver/workspace/install/yolov5_ros2/lib/python3.10/site-packages/yolov5_ros2/__init__.py to __init__.cpython-310.pyc
[1.452s] running install_data
[1.467s] creating /home/jason/Desktop/STUDY/Cobra-Driver/workspace/install/yolov5_ros2/share/ament_index
[1.467s] creating /home/jason/Desktop/STUDY/Cobra-Driver/workspace/install/yolov5_ros2/share/ament_index/resource_index
[1.467s] creating /home/jason/Desktop/STUDY/Cobra-Driver/workspace/install/yolov5_ros2/share/ament_index/resource_index/packages
[1.467s] copying resource/yolov5_ros2 -> /home/jason/Desktop/STUDY/Cobra-Driver/workspace/install/yolov5_ros2/share/ament_index/resource_index/packages
[1.467s] copying package.xml -> /home/jason/Desktop/STUDY/Cobra-Driver/workspace/install/yolov5_ros2/share/yolov5_ros2
[1.467s] running install_egg_info
[1.484s] Copying ../../build/yolov5_ros2/yolov5_ros2.egg-info to /home/jason/Desktop/STUDY/Cobra-Driver/workspace/install/yolov5_ros2/lib/python3.10/site-packages/yolov5_ros2-0.0.0-py3.10.egg-info
[1.484s] running install_scripts
[1.635s] Installing yolo_detector script to /home/jason/Desktop/STUDY/Cobra-Driver/workspace/install/yolov5_ros2/lib/yolov5_ros2
[1.635s] writing list of installed files to '/home/jason/Desktop/STUDY/Cobra-Driver/workspace/build/yolov5_ros2/install.log'
[1.656s] Invoked command in '/home/jason/Desktop/STUDY/Cobra-Driver/workspace/src/yolov5_ros2' returned '0': PYTHONPATH=/home/jason/Desktop/STUDY/Cobra-Driver/workspace/build/yolov5_ros2/prefix_override:/home/jason/Desktop/STUDY/Cobra-Driver/workspace/install/yolov5_ros2/lib/python3.10/site-packages:${PYTHONPATH} /usr/bin/python3 setup.py egg_info --egg-base ../../build/yolov5_ros2 build --build-base /home/jason/Desktop/STUDY/Cobra-Driver/workspace/build/yolov5_ros2/build install --record /home/jason/Desktop/STUDY/Cobra-Driver/workspace/build/yolov5_ros2/install.log --single-version-externally-managed
