[1.007s] Invoking command in '/home/jason/Desktop/STUDY/Cobra-Driver/workspace/build/ndt_omp_ros2': CMAKE_PREFIX_PATH=${CMAKE_PREFIX_PATH}:/home/jason/Desktop/STUDY/Cobra-Driver/workspace/src/waypoint_seeker/install/waypoint_seeker:/home/jason/Desktop/STUDY/Cobra-Driver/workspace/install/yolov5_ros2:/home/jason/Desktop/STUDY/Cobra-Driver/workspace/install/waypoint_seeker:/home/jason/Desktop/STUDY/Cobra-Driver/workspace/install/udp_to_ros:/home/jason/Desktop/STUDY/Cobra-Driver/workspace/install/tcp_cam_sender:/home/jason/Desktop/STUDY/Cobra-Driver/workspace/install/ptcloud_save:/home/jason/Desktop/STUDY/Cobra-Driver/workspace/install/common:/opt/ros/iron /home/jason/.local/bin/cmake /home/jason/Desktop/STUDY/Cobra-Driver/workspace/src/lidarslam_ros2/Thirdparty/ndt_omp_ros2 -DCMAKE_INSTALL_PREFIX=/home/jason/Desktop/STUDY/Cobra-Driver/workspace/install/ndt_omp_ros2
[2.412s] -- The C compiler identification is GNU 11.4.0
[2.412s] -- The CXX compiler identification is GNU 11.4.0
[2.412s] -- Detecting C compiler ABI info
[2.412s] -- Detecting C compiler ABI info - done
[2.412s] -- Check for working C compiler: /usr/bin/cc - skipped
[2.412s] -- Detecting C compile features
[2.412s] -- Detecting C compile features - done
[2.412s] -- Detecting CXX compiler ABI info
[2.412s] -- Detecting CXX compiler ABI info - done
[2.412s] -- Check for working CXX compiler: /usr/bin/c++ - skipped
[2.412s] -- Detecting CXX compile features
[2.412s] -- Detecting CXX compile features - done
[2.412s] -- Found ament_cmake: 2.0.3 (/opt/ros/iron/share/ament_cmake/cmake)
[2.412s] -- Found Python3: /usr/bin/python3.10 (found version "3.10.12") found components: Interpreter 
[2.413s] -- Found rclcpp: 21.0.3 (/opt/ros/iron/share/rclcpp/cmake)
[2.413s] -- Found rosidl_generator_c: 4.0.1 (/opt/ros/iron/share/rosidl_generator_c/cmake)
[2.413s] -- Found rosidl_generator_cpp: 4.0.1 (/opt/ros/iron/share/rosidl_generator_cpp/cmake)
[2.413s] -- Using all available rosidl_typesupport_c: rosidl_typesupport_fastrtps_c;rosidl_typesupport_introspection_c
[2.413s] -- Using all available rosidl_typesupport_cpp: rosidl_typesupport_fastrtps_cpp;rosidl_typesupport_introspection_cpp
[2.413s] -- Found rmw_implementation_cmake: 7.1.0 (/opt/ros/iron/share/rmw_implementation_cmake/cmake)
[2.413s] -- Found rmw_fastrtps_cpp: 7.1.1 (/opt/ros/iron/share/rmw_fastrtps_cpp/cmake)
[2.413s] -- Found OpenSSL: /usr/lib/x86_64-linux-gnu/libcrypto.so (found version "3.0.2")  
[2.421s] -- Found FastRTPS: /opt/ros/iron/include  
[2.482s] -- Using RMW implementation 'rmw_fastrtps_cpp' as default
[2.695s] -- Found std_msgs: 5.0.0 (/opt/ros/iron/share/std_msgs/cmake)
[2.769s] [33mCMake Warning (dev) at /usr/lib/x86_64-linux-gnu/cmake/pcl/PCLConfig.cmake:146 (find_package):
[2.769s]   Policy CMP0144 is not set: find_package uses upper-case <PACKAGENAME>_ROOT
[2.769s]   variables.  Run "cmake --help-policy CMP0144" for policy details.  Use the
[2.769s]   cmake_policy command to set the policy and suppress this warning.
[2.769s] 
[2.769s]   CMake variable EIGEN_ROOT is set to:
[2.769s] 
[2.769s]     /usr/include/eigen3
[2.770s] 
[2.770s]   For compatibility, find_package is ignoring the variable, but code in a
[2.770s]   .cmake module might still use it.
[2.770s] Call Stack (most recent call first):
[2.770s]   /usr/lib/x86_64-linux-gnu/cmake/pcl/PCLConfig.cmake:299 (find_eigen)
[2.770s]   /usr/lib/x86_64-linux-gnu/cmake/pcl/PCLConfig.cmake:543 (find_external_library)
[2.770s]   CMakeLists.txt:23 (find_package)
[2.770s] This warning is for project developers.  Use -Wno-dev to suppress it.
[2.770s] [0m
[2.776s] -- Checking for module 'eigen3'
[2.800s] --   Found eigen3, version 3.4.0
[2.852s] -- Found Eigen: /usr/include/eigen3 (Required is at least version "3.1") 
[2.852s] -- Eigen found (include: /usr/include/eigen3, version: 3.4.0)
[2.891s] -- Found Boost: /usr/lib/x86_64-linux-gnu/cmake/Boost-1.74.0/BoostConfig.cmake (found suitable version "1.74.0", minimum required is "1.65.0") found components: system filesystem date_time iostreams serialization 
[2.894s] [33mCMake Warning (dev) at /usr/lib/x86_64-linux-gnu/cmake/pcl/Modules/FindFLANN.cmake:44 (find_package):
[2.894s]   Policy CMP0144 is not set: find_package uses upper-case <PACKAGENAME>_ROOT
[2.894s]   variables.  Run "cmake --help-policy CMP0144" for policy details.  Use the
[2.894s]   cmake_policy command to set the policy and suppress this warning.
[2.894s] 
[2.894s]   CMake variable FLANN_ROOT is set to:
[2.894s] 
[2.894s]     /usr
[2.894s] 
[2.894s]   For compatibility, find_package is ignoring the variable, but code in a
[2.895s]   .cmake module might still use it.
[2.895s] Call Stack (most recent call first):
[2.895s]   /usr/lib/x86_64-linux-gnu/cmake/pcl/PCLConfig.cmake:256 (find_package)
[2.895s]   /usr/lib/x86_64-linux-gnu/cmake/pcl/PCLConfig.cmake:301 (find_flann)
[2.895s]   /usr/lib/x86_64-linux-gnu/cmake/pcl/PCLConfig.cmake:543 (find_external_library)
[2.895s]   CMakeLists.txt:23 (find_package)
[2.895s] This warning is for project developers.  Use -Wno-dev to suppress it.
[2.895s] [0m
[2.922s] -- Checking for module 'flann'
[2.945s] --   Found flann, version 1.9.1
[3.012s] -- Found FLANN: /usr/lib/x86_64-linux-gnu/libflann_cpp.so  
[3.012s] -- FLANN found (include: /usr/include, lib: /usr/lib/x86_64-linux-gnu/libflann_cpp.so)
[3.064s] -- Performing Test CMAKE_HAVE_LIBC_PTHREAD
[3.144s] -- Performing Test CMAKE_HAVE_LIBC_PTHREAD - Success
[3.146s] -- Found Threads: TRUE  
[3.149s] -- Found GLEW: /usr/lib/x86_64-linux-gnu/libGLEW.so  
[3.164s] -- Found OpenGL: /usr/lib/x86_64-linux-gnu/libOpenGL.so  found components: OpenGL GLX 
[3.364s] -- Found MPI_C: /usr/lib/x86_64-linux-gnu/libmpi.so (found version "3.1") 
[3.364s] -- Found MPI: TRUE (found version "3.1") found components: C 
[3.369s] -- Found JsonCpp: /usr/lib/x86_64-linux-gnu/libjsoncpp.so (found suitable version "1.9.5", minimum required is "0.7.0") 
[3.397s] -- Found ZLIB: /usr/lib/x86_64-linux-gnu/libz.so (found version "1.2.11")  
[3.445s] -- Found PNG: /usr/lib/x86_64-linux-gnu/libpng.so (found version "1.6.37") 
[3.464s] -- Found Eigen3: /usr/include/eigen3 (found version "3.4.0") 
[3.734s] -- Found X11: /usr/include   
[3.734s] -- Looking for XOpenDisplay in /usr/lib/x86_64-linux-gnu/libX11.so;/usr/lib/x86_64-linux-gnu/libXext.so
[3.828s] -- Looking for XOpenDisplay in /usr/lib/x86_64-linux-gnu/libX11.so;/usr/lib/x86_64-linux-gnu/libXext.so - found
[3.828s] -- Looking for gethostbyname
[3.911s] -- Looking for gethostbyname - found
[3.912s] -- Looking for connect
[4.001s] -- Looking for connect - found
[4.001s] -- Looking for remove
[4.088s] -- Looking for remove - found
[4.088s] -- Looking for shmat
[4.180s] -- Looking for shmat - found
[4.181s] -- Looking for IceConnectionNumber in ICE
[4.273s] -- Looking for IceConnectionNumber in ICE - found
[4.498s] -- Found EXPAT: /usr/lib/x86_64-linux-gnu/libexpat.so (found version "2.4.7") 
[4.502s] -- Found double-conversion: /usr/lib/x86_64-linux-gnu/libdouble-conversion.so  
[4.509s] -- Found LZ4: /usr/lib/x86_64-linux-gnu/liblz4.so (found version "1.9.3") 
[4.511s] -- Found LZMA: /usr/lib/x86_64-linux-gnu/liblzma.so (found version "5.2.5") 
[4.537s] -- Found JPEG: /usr/lib/x86_64-linux-gnu/libjpeg.so (found version "80") 
[4.548s] -- Found TIFF: /usr/lib/x86_64-linux-gnu/libtiff.so (found version "4.3.0")  
[4.565s] -- Found Freetype: /usr/lib/x86_64-linux-gnu/libfreetype.so (found version "2.11.1") 
[4.570s] -- Found utf8cpp: /usr/include/utf8cpp  
[4.701s] -- Checking for module 'libusb-1.0'
[4.725s] --   Found libusb-1.0, version 1.0.25
[4.785s] -- Found libusb: /usr/lib/x86_64-linux-gnu/libusb-1.0.so  
[4.788s] -- Found OpenNI: /usr/lib/libOpenNI.so;libusb::libusb (found version "1.5.4.0") 
[4.788s] -- OpenNI found (version: 1.5.4.0, include: /usr/include/ni, lib: /usr/lib/libOpenNI.so;libusb::libusb)
[4.918s] -- Found OpenNI2: /usr/lib/x86_64-linux-gnu/libOpenNI2.so;libusb::libusb (found version "2.2.0.33") 
[4.918s] -- OpenNI2 found (version: 2.2.0.33, include: /usr/include/openni2, lib: /usr/lib/x86_64-linux-gnu/libOpenNI2.so;libusb::libusb)
[4.919s] [0m** WARNING ** io features related to pcap will be disabled[0m
[5.564s] -- Eigen found (include: /usr/include/eigen3, version: 3.4.0)
[5.576s] -- OpenNI found (version: 1.5.4.0, include: /usr/include/ni, lib: /usr/lib/libOpenNI.so;libusb::libusb)
[5.588s] -- OpenNI2 found (version: 2.2.0.33, include: /usr/include/openni2, lib: /usr/lib/x86_64-linux-gnu/libOpenNI2.so;libusb::libusb)
[6.135s] -- Found Qhull version 8.0.2
[6.958s] -- OpenNI found (version: 1.5.4.0, include: /usr/include/ni, lib: /usr/lib/libOpenNI.so;libusb::libusb)
[7.561s] -- looking for PCL_COMMON
[7.563s] -- Found PCL_COMMON: /usr/lib/x86_64-linux-gnu/libpcl_common.so  
[7.563s] -- looking for PCL_KDTREE
[7.564s] -- Found PCL_KDTREE: /usr/lib/x86_64-linux-gnu/libpcl_kdtree.so  
[7.567s] -- looking for PCL_OCTREE
[7.567s] -- Found PCL_OCTREE: /usr/lib/x86_64-linux-gnu/libpcl_octree.so  
[7.567s] -- looking for PCL_SEARCH
[7.568s] -- Found PCL_SEARCH: /usr/lib/x86_64-linux-gnu/libpcl_search.so  
[7.568s] -- looking for PCL_SAMPLE_CONSENSUS
[7.570s] -- Found PCL_SAMPLE_CONSENSUS: /usr/lib/x86_64-linux-gnu/libpcl_sample_consensus.so  
[7.570s] -- looking for PCL_FILTERS
[7.571s] -- Found PCL_FILTERS: /usr/lib/x86_64-linux-gnu/libpcl_filters.so  
[7.571s] -- looking for PCL_2D
[7.571s] -- Found PCL_2D: /usr/include/pcl-1.12  
[7.571s] -- looking for PCL_GEOMETRY
[7.572s] -- Found PCL_GEOMETRY: /usr/include/pcl-1.12  
[7.572s] -- looking for PCL_IO
[7.573s] -- Found PCL_IO: /usr/lib/x86_64-linux-gnu/libpcl_io.so  
[7.573s] -- looking for PCL_FEATURES
[7.574s] -- Found PCL_FEATURES: /usr/lib/x86_64-linux-gnu/libpcl_features.so  
[7.575s] -- looking for PCL_ML
[7.576s] -- Found PCL_ML: /usr/lib/x86_64-linux-gnu/libpcl_ml.so  
[7.576s] -- looking for PCL_SEGMENTATION
[7.577s] -- Found PCL_SEGMENTATION: /usr/lib/x86_64-linux-gnu/libpcl_segmentation.so  
[7.578s] -- looking for PCL_VISUALIZATION
[7.579s] -- Found PCL_VISUALIZATION: /usr/lib/x86_64-linux-gnu/libpcl_visualization.so  
[7.579s] -- looking for PCL_SURFACE
[7.581s] -- Found PCL_SURFACE: /usr/lib/x86_64-linux-gnu/libpcl_surface.so  
[7.581s] -- looking for PCL_REGISTRATION
[7.582s] -- Found PCL_REGISTRATION: /usr/lib/x86_64-linux-gnu/libpcl_registration.so  
[7.583s] -- looking for PCL_KEYPOINTS
[7.584s] -- Found PCL_KEYPOINTS: /usr/lib/x86_64-linux-gnu/libpcl_keypoints.so  
[7.584s] -- looking for PCL_TRACKING
[7.585s] -- Found PCL_TRACKING: /usr/lib/x86_64-linux-gnu/libpcl_tracking.so  
[7.586s] -- looking for PCL_RECOGNITION
[7.587s] -- Found PCL_RECOGNITION: /usr/lib/x86_64-linux-gnu/libpcl_recognition.so  
[7.588s] -- looking for PCL_STEREO
[7.589s] -- Found PCL_STEREO: /usr/lib/x86_64-linux-gnu/libpcl_stereo.so  
[7.589s] -- looking for PCL_APPS
[7.590s] -- Found PCL_APPS: /usr/lib/x86_64-linux-gnu/libpcl_apps.so  
[7.591s] -- looking for PCL_IN_HAND_SCANNER
[7.591s] -- Found PCL_IN_HAND_SCANNER: /usr/include/pcl-1.12  
[7.591s] -- looking for PCL_MODELER
[7.592s] -- Found PCL_MODELER: /usr/include/pcl-1.12  
[7.592s] -- looking for PCL_POINT_CLOUD_EDITOR
[7.592s] -- Found PCL_POINT_CLOUD_EDITOR: /usr/include/pcl-1.12  
[7.592s] -- looking for PCL_OUTOFCORE
[7.594s] -- Found PCL_OUTOFCORE: /usr/lib/x86_64-linux-gnu/libpcl_outofcore.so  
[7.594s] -- looking for PCL_PEOPLE
[7.595s] -- Found PCL_PEOPLE: /usr/lib/x86_64-linux-gnu/libpcl_people.so  
[7.596s] -- Found PCL: pcl_common;pcl_kdtree;pcl_octree;pcl_search;pcl_sample_consensus;pcl_filters;pcl_io;pcl_features;pcl_ml;pcl_segmentation;pcl_visualization;pcl_surface;pcl_registration;pcl_keypoints;pcl_tracking;pcl_recognition;pcl_stereo;pcl_apps;pcl_outofcore;pcl_people;Boost::system;Boost::filesystem;Boost::date_time;Boost::iostreams;Boost::serialization;/usr/lib/libOpenNI.so;libusb::libusb;/usr/lib/x86_64-linux-gnu/libOpenNI2.so;libusb::libusb;VTK::ChartsCore;VTK::CommonColor;VTK::CommonComputationalGeometry;VTK::CommonCore;VTK::CommonDataModel;VTK::CommonExecutionModel;VTK::CommonMath;VTK::CommonMisc;VTK::CommonTransforms;VTK::FiltersCore;VTK::FiltersExtraction;VTK::FiltersGeneral;VTK::FiltersGeometry;VTK::FiltersModeling;VTK::FiltersSources;VTK::ImagingCore;VTK::ImagingSources;VTK::InteractionImage;VTK::InteractionStyle;VTK::InteractionWidgets;VTK::IOCore;VTK::IOGeometry;VTK::IOImage;VTK::IOLegacy;VTK::IOPLY;VTK::RenderingAnnotation;VTK::RenderingCore;VTK::RenderingContext2D;VTK::RenderingLOD;VTK::RenderingFreeType;VTK::ViewsCore;VTK::ViewsContext2D;VTK::RenderingOpenGL2;VTK::GUISupportQt;FLANN::FLANN;QHULL::QHULL (Required is at least version "1.12") 
[7.596s] -- PCL_INCLUDE_DIRS:/usr/include/pcl-1.12/usr/include/eigen3/usr/include/usr/include/ni/usr/include/openni2
[7.597s] -- PCL_LIBRARY_DIRS:/usr/lib/x86_64-linux-gnu
[7.597s] -- PCL_DEFINITIONS:-DDISABLE_PCAP
[7.945s] -- Found OpenMP_C: -fopenmp (found version "4.5") 
[8.051s] -- Found OpenMP_CXX: -fopenmp (found version "4.5") 
[8.051s] -- Found OpenMP: TRUE (found version "4.5")  
[8.144s] -- Configuring done (7.1s)
[8.199s] -- Generating done (0.0s)
[8.204s] -- Build files have been written to: /home/jason/Desktop/STUDY/Cobra-Driver/workspace/build/ndt_omp_ros2
[8.313s] Invoked command in '/home/jason/Desktop/STUDY/Cobra-Driver/workspace/build/ndt_omp_ros2' returned '0': CMAKE_PREFIX_PATH=${CMAKE_PREFIX_PATH}:/home/jason/Desktop/STUDY/Cobra-Driver/workspace/src/waypoint_seeker/install/waypoint_seeker:/home/jason/Desktop/STUDY/Cobra-Driver/workspace/install/yolov5_ros2:/home/jason/Desktop/STUDY/Cobra-Driver/workspace/install/waypoint_seeker:/home/jason/Desktop/STUDY/Cobra-Driver/workspace/install/udp_to_ros:/home/jason/Desktop/STUDY/Cobra-Driver/workspace/install/tcp_cam_sender:/home/jason/Desktop/STUDY/Cobra-Driver/workspace/install/ptcloud_save:/home/jason/Desktop/STUDY/Cobra-Driver/workspace/install/common:/opt/ros/iron /home/jason/.local/bin/cmake /home/jason/Desktop/STUDY/Cobra-Driver/workspace/src/lidarslam_ros2/Thirdparty/ndt_omp_ros2 -DCMAKE_INSTALL_PREFIX=/home/jason/Desktop/STUDY/Cobra-Driver/workspace/install/ndt_omp_ros2
[8.315s] Invoking command in '/home/jason/Desktop/STUDY/Cobra-Driver/workspace/build/ndt_omp_ros2': CMAKE_PREFIX_PATH=${CMAKE_PREFIX_PATH}:/home/jason/Desktop/STUDY/Cobra-Driver/workspace/src/waypoint_seeker/install/waypoint_seeker:/home/jason/Desktop/STUDY/Cobra-Driver/workspace/install/yolov5_ros2:/home/jason/Desktop/STUDY/Cobra-Driver/workspace/install/waypoint_seeker:/home/jason/Desktop/STUDY/Cobra-Driver/workspace/install/udp_to_ros:/home/jason/Desktop/STUDY/Cobra-Driver/workspace/install/tcp_cam_sender:/home/jason/Desktop/STUDY/Cobra-Driver/workspace/install/ptcloud_save:/home/jason/Desktop/STUDY/Cobra-Driver/workspace/install/common:/opt/ros/iron /home/jason/.local/bin/cmake --build /home/jason/Desktop/STUDY/Cobra-Driver/workspace/build/ndt_omp_ros2 -- -j16 -l16
[8.389s] [ 16%] [32mBuilding CXX object CMakeFiles/ndt_omp.dir/src/pclomp/ndt_omp.cpp.o[0m
[8.390s] [ 50%] [32mBuilding CXX object CMakeFiles/ndt_omp.dir/src/pclomp/gicp_omp.cpp.o[0m
[8.390s] [ 50%] [32mBuilding CXX object CMakeFiles/ndt_omp.dir/src/pclomp/voxel_grid_covariance_omp.cpp.o[0m
[27.914s] [ 66%] [32m[1mLinking CXX static library libndt_omp.a[0m
[28.136s] [ 66%] Built target ndt_omp
[28.148s] [ 83%] [32mBuilding CXX object CMakeFiles/align.dir/apps/align.cpp.o[0m
[47.069s] [100%] [32m[1mLinking CXX executable align[0m
[47.991s] [100%] Built target align
[48.000s] Invoked command in '/home/jason/Desktop/STUDY/Cobra-Driver/workspace/build/ndt_omp_ros2' returned '0': CMAKE_PREFIX_PATH=${CMAKE_PREFIX_PATH}:/home/jason/Desktop/STUDY/Cobra-Driver/workspace/src/waypoint_seeker/install/waypoint_seeker:/home/jason/Desktop/STUDY/Cobra-Driver/workspace/install/yolov5_ros2:/home/jason/Desktop/STUDY/Cobra-Driver/workspace/install/waypoint_seeker:/home/jason/Desktop/STUDY/Cobra-Driver/workspace/install/udp_to_ros:/home/jason/Desktop/STUDY/Cobra-Driver/workspace/install/tcp_cam_sender:/home/jason/Desktop/STUDY/Cobra-Driver/workspace/install/ptcloud_save:/home/jason/Desktop/STUDY/Cobra-Driver/workspace/install/common:/opt/ros/iron /home/jason/.local/bin/cmake --build /home/jason/Desktop/STUDY/Cobra-Driver/workspace/build/ndt_omp_ros2 -- -j16 -l16
[48.064s] Invoking command in '/home/jason/Desktop/STUDY/Cobra-Driver/workspace/build/ndt_omp_ros2': CMAKE_PREFIX_PATH=${CMAKE_PREFIX_PATH}:/home/jason/Desktop/STUDY/Cobra-Driver/workspace/src/waypoint_seeker/install/waypoint_seeker:/home/jason/Desktop/STUDY/Cobra-Driver/workspace/install/yolov5_ros2:/home/jason/Desktop/STUDY/Cobra-Driver/workspace/install/waypoint_seeker:/home/jason/Desktop/STUDY/Cobra-Driver/workspace/install/udp_to_ros:/home/jason/Desktop/STUDY/Cobra-Driver/workspace/install/tcp_cam_sender:/home/jason/Desktop/STUDY/Cobra-Driver/workspace/install/ptcloud_save:/home/jason/Desktop/STUDY/Cobra-Driver/workspace/install/common:/opt/ros/iron /home/jason/.local/bin/cmake --install /home/jason/Desktop/STUDY/Cobra-Driver/workspace/build/ndt_omp_ros2
[48.091s] -- Install configuration: "RELEASE"
[48.091s] -- Installing: /home/jason/Desktop/STUDY/Cobra-Driver/workspace/install/ndt_omp_ros2/lib/ndt_omp_ros2/align
[48.092s] -- Set runtime path of "/home/jason/Desktop/STUDY/Cobra-Driver/workspace/install/ndt_omp_ros2/lib/ndt_omp_ros2/align" to ""
[48.092s] -- Installing: /home/jason/Desktop/STUDY/Cobra-Driver/workspace/install/ndt_omp_ros2/bin/align
[48.094s] -- Set runtime path of "/home/jason/Desktop/STUDY/Cobra-Driver/workspace/install/ndt_omp_ros2/bin/align" to ""
[48.094s] -- Installing: /home/jason/Desktop/STUDY/Cobra-Driver/workspace/install/ndt_omp_ros2/include
[48.094s] -- Installing: /home/jason/Desktop/STUDY/Cobra-Driver/workspace/install/ndt_omp_ros2/include/pclomp
[48.094s] -- Installing: /home/jason/Desktop/STUDY/Cobra-Driver/workspace/install/ndt_omp_ros2/include/pclomp/voxel_grid_covariance_omp_impl.hpp
[48.095s] -- Installing: /home/jason/Desktop/STUDY/Cobra-Driver/workspace/install/ndt_omp_ros2/include/pclomp/gicp_omp_impl.hpp
[48.095s] -- Installing: /home/jason/Desktop/STUDY/Cobra-Driver/workspace/install/ndt_omp_ros2/include/pclomp/ndt_omp.h
[48.095s] -- Installing: /home/jason/Desktop/STUDY/Cobra-Driver/workspace/install/ndt_omp_ros2/include/pclomp/gicp_omp.h
[48.095s] -- Installing: /home/jason/Desktop/STUDY/Cobra-Driver/workspace/install/ndt_omp_ros2/include/pclomp/ndt_omp_impl.hpp
[48.095s] -- Installing: /home/jason/Desktop/STUDY/Cobra-Driver/workspace/install/ndt_omp_ros2/include/pclomp/voxel_grid_covariance_omp.h
[48.096s] -- Installing: /home/jason/Desktop/STUDY/Cobra-Driver/workspace/install/ndt_omp_ros2/share/ament_index/resource_index/package_run_dependencies/ndt_omp_ros2
[48.096s] -- Installing: /home/jason/Desktop/STUDY/Cobra-Driver/workspace/install/ndt_omp_ros2/share/ament_index/resource_index/parent_prefix_path/ndt_omp_ros2
[48.096s] -- Installing: /home/jason/Desktop/STUDY/Cobra-Driver/workspace/install/ndt_omp_ros2/share/ndt_omp_ros2/environment/ament_prefix_path.sh
[48.096s] -- Installing: /home/jason/Desktop/STUDY/Cobra-Driver/workspace/install/ndt_omp_ros2/share/ndt_omp_ros2/environment/ament_prefix_path.dsv
[48.096s] -- Installing: /home/jason/Desktop/STUDY/Cobra-Driver/workspace/install/ndt_omp_ros2/share/ndt_omp_ros2/environment/path.sh
[48.097s] -- Installing: /home/jason/Desktop/STUDY/Cobra-Driver/workspace/install/ndt_omp_ros2/share/ndt_omp_ros2/environment/path.dsv
[48.097s] -- Installing: /home/jason/Desktop/STUDY/Cobra-Driver/workspace/install/ndt_omp_ros2/share/ndt_omp_ros2/local_setup.bash
[48.097s] -- Installing: /home/jason/Desktop/STUDY/Cobra-Driver/workspace/install/ndt_omp_ros2/share/ndt_omp_ros2/local_setup.sh
[48.097s] -- Installing: /home/jason/Desktop/STUDY/Cobra-Driver/workspace/install/ndt_omp_ros2/share/ndt_omp_ros2/local_setup.zsh
[48.097s] -- Installing: /home/jason/Desktop/STUDY/Cobra-Driver/workspace/install/ndt_omp_ros2/share/ndt_omp_ros2/local_setup.dsv
[48.097s] -- Installing: /home/jason/Desktop/STUDY/Cobra-Driver/workspace/install/ndt_omp_ros2/share/ndt_omp_ros2/package.dsv
[48.098s] -- Installing: /home/jason/Desktop/STUDY/Cobra-Driver/workspace/install/ndt_omp_ros2/share/ament_index/resource_index/packages/ndt_omp_ros2
[48.098s] -- Installing: /home/jason/Desktop/STUDY/Cobra-Driver/workspace/install/ndt_omp_ros2/share/ndt_omp_ros2/cmake/ament_cmake_export_dependencies-extras.cmake
[48.098s] -- Installing: /home/jason/Desktop/STUDY/Cobra-Driver/workspace/install/ndt_omp_ros2/share/ndt_omp_ros2/cmake/ament_cmake_export_include_directories-extras.cmake
[48.098s] -- Installing: /home/jason/Desktop/STUDY/Cobra-Driver/workspace/install/ndt_omp_ros2/share/ndt_omp_ros2/cmake/ndt_omp_ros2Config.cmake
[48.098s] -- Installing: /home/jason/Desktop/STUDY/Cobra-Driver/workspace/install/ndt_omp_ros2/share/ndt_omp_ros2/cmake/ndt_omp_ros2Config-version.cmake
[48.098s] -- Installing: /home/jason/Desktop/STUDY/Cobra-Driver/workspace/install/ndt_omp_ros2/share/ndt_omp_ros2/package.xml
[48.103s] Invoked command in '/home/jason/Desktop/STUDY/Cobra-Driver/workspace/build/ndt_omp_ros2' returned '0': CMAKE_PREFIX_PATH=${CMAKE_PREFIX_PATH}:/home/jason/Desktop/STUDY/Cobra-Driver/workspace/src/waypoint_seeker/install/waypoint_seeker:/home/jason/Desktop/STUDY/Cobra-Driver/workspace/install/yolov5_ros2:/home/jason/Desktop/STUDY/Cobra-Driver/workspace/install/waypoint_seeker:/home/jason/Desktop/STUDY/Cobra-Driver/workspace/install/udp_to_ros:/home/jason/Desktop/STUDY/Cobra-Driver/workspace/install/tcp_cam_sender:/home/jason/Desktop/STUDY/Cobra-Driver/workspace/install/ptcloud_save:/home/jason/Desktop/STUDY/Cobra-Driver/workspace/install/common:/opt/ros/iron /home/jason/.local/bin/cmake --install /home/jason/Desktop/STUDY/Cobra-Driver/workspace/build/ndt_omp_ros2
