[3.185s] Invoking command in '/home/jason/Desktop/STUDY/Cobra-Driver/workspace/src/waypoint_seeker': PYTHONPATH=/home/jason/Desktop/STUDY/Cobra-Driver/workspace/build/waypoint_seeker/prefix_override:/home/jason/Desktop/STUDY/Cobra-Driver/workspace/install/waypoint_seeker/lib/python3.10/site-packages:${PYTHONPATH} /usr/bin/python3 setup.py egg_info --egg-base ../../build/waypoint_seeker build --build-base /home/jason/Desktop/STUDY/Cobra-Driver/workspace/build/waypoint_seeker/build install --record /home/jason/Desktop/STUDY/Cobra-Driver/workspace/build/waypoint_seeker/install.log --single-version-externally-managed
[3.510s] running egg_info
[3.515s] writing ../../build/waypoint_seeker/waypoint_seeker.egg-info/PKG-INFO
[3.515s] writing dependency_links to ../../build/waypoint_seeker/waypoint_seeker.egg-info/dependency_links.txt
[3.515s] writing entry points to ../../build/waypoint_seeker/waypoint_seeker.egg-info/entry_points.txt
[3.516s] writing requirements to ../../build/waypoint_seeker/waypoint_seeker.egg-info/requires.txt
[3.516s] writing top-level names to ../../build/waypoint_seeker/waypoint_seeker.egg-info/top_level.txt
[3.562s] reading manifest file '../../build/waypoint_seeker/waypoint_seeker.egg-info/SOURCES.txt'
[3.564s] writing manifest file '../../build/waypoint_seeker/waypoint_seeker.egg-info/SOURCES.txt'
[3.564s] running build
[3.564s] running build_py
[3.564s] running install
[3.565s] /home/jason/.local/lib/python3.10/site-packages/setuptools/_distutils/cmd.py:66: SetuptoolsDeprecationWarning: setup.py install is deprecated.
[3.565s] !!
[3.565s] 
[3.565s]         ********************************************************************************
[3.565s]         Please avoid running ``setup.py`` directly.
[3.565s]         Instead, use pypa/build, pypa/installer or other
[3.565s]         standards-based tools.
[3.565s] 
[3.565s]         See https://blog.ganssle.io/articles/2021/10/setup-py-deprecated.html for details.
[3.565s]         ********************************************************************************
[3.565s] 
[3.566s] !!
[3.566s]   self.initialize_options()
[3.569s] running install_lib
[3.589s] running install_data
[3.608s] running install_egg_info
[3.629s] removing '/home/jason/Desktop/STUDY/Cobra-Driver/workspace/install/waypoint_seeker/lib/python3.10/site-packages/waypoint_seeker-0.0.0-py3.10.egg-info' (and everything under it)
[3.630s] Copying ../../build/waypoint_seeker/waypoint_seeker.egg-info to /home/jason/Desktop/STUDY/Cobra-Driver/workspace/install/waypoint_seeker/lib/python3.10/site-packages/waypoint_seeker-0.0.0-py3.10.egg-info
[3.630s] running install_scripts
[3.822s] Installing waypoint_control script to /home/jason/Desktop/STUDY/Cobra-Driver/workspace/install/waypoint_seeker/lib/waypoint_seeker
[3.822s] writing list of installed files to '/home/jason/Desktop/STUDY/Cobra-Driver/workspace/build/waypoint_seeker/install.log'
[4.068s] Invoked command in '/home/jason/Desktop/STUDY/Cobra-Driver/workspace/src/waypoint_seeker' returned '0': PYTHONPATH=/home/jason/Desktop/STUDY/Cobra-Driver/workspace/build/waypoint_seeker/prefix_override:/home/jason/Desktop/STUDY/Cobra-Driver/workspace/install/waypoint_seeker/lib/python3.10/site-packages:${PYTHONPATH} /usr/bin/python3 setup.py egg_info --egg-base ../../build/waypoint_seeker build --build-base /home/jason/Desktop/STUDY/Cobra-Driver/workspace/build/waypoint_seeker/build install --record /home/jason/Desktop/STUDY/Cobra-Driver/workspace/build/waypoint_seeker/install.log --single-version-externally-managed
