[1.202s] Invoking command in '/home/sbel/Desktop/Cobra-Driver/workspace/build/usb_cam': CMAKE_PREFIX_PATH=${CMAKE_PREFIX_PATH}:/home/sbel/Desktop/Cobra-Driver/workspace/install/yolov5_ros2:/home/sbel/Desktop/Cobra-Driver/workspace/install/udp_to_ros:/home/sbel/Desktop/Cobra-Driver/workspace/install/common:/opt/ros/foxy /usr/bin/cmake --build /home/sbel/Desktop/Cobra-Driver/workspace/build/usb_cam -- -j8 -l8
[1.738s] [ 66%] Built target usb_cam
[1.739s] [ 66%] Built target usb_cam_node_exe
[1.740s] [35m[1mScanning dependencies of target usb_cam_node[0m
[1.744s] [ 83%] [32mBuilding CXX object CMakeFiles/usb_cam_node.dir/src/usb_cam_node.cpp.o[0m
[9.265s] [100%] [32m[1mLinking CXX shared library libusb_cam_node.so[0m
[9.760s] [100%] Built target usb_cam_node
[9.795s] Invoked command in '/home/sbel/Desktop/Cobra-Driver/workspace/build/usb_cam' returned '0': CMAKE_PREFIX_PATH=${CMAKE_PREFIX_PATH}:/home/sbel/Desktop/Cobra-Driver/workspace/install/yolov5_ros2:/home/sbel/Desktop/Cobra-Driver/workspace/install/udp_to_ros:/home/sbel/Desktop/Cobra-Driver/workspace/install/common:/opt/ros/foxy /usr/bin/cmake --build /home/sbel/Desktop/Cobra-Driver/workspace/build/usb_cam -- -j8 -l8
[9.877s] Invoking command in '/home/sbel/Desktop/Cobra-Driver/workspace/build/usb_cam': CMAKE_PREFIX_PATH=${CMAKE_PREFIX_PATH}:/home/sbel/Desktop/Cobra-Driver/workspace/install/yolov5_ros2:/home/sbel/Desktop/Cobra-Driver/workspace/install/udp_to_ros:/home/sbel/Desktop/Cobra-Driver/workspace/install/common:/opt/ros/foxy /usr/bin/cmake --install /home/sbel/Desktop/Cobra-Driver/workspace/build/usb_cam
[9.911s] -- Install configuration: ""
[9.911s] -- Up-to-date: /home/sbel/Desktop/Cobra-Driver/workspace/install/usb_cam/lib/usb_cam/usb_cam_node_exe
[9.911s] -- Up-to-date: /home/sbel/Desktop/Cobra-Driver/workspace/install/usb_cam/lib/usb_cam/show_image.py
[9.912s] -- Up-to-date: /home/sbel/Desktop/Cobra-Driver/workspace/install/usb_cam/include
[9.912s] -- Up-to-date: /home/sbel/Desktop/Cobra-Driver/workspace/install/usb_cam/include/usb_cam
[9.912s] -- Up-to-date: /home/sbel/Desktop/Cobra-Driver/workspace/install/usb_cam/include/usb_cam/usb_cam.hpp
[9.912s] -- Up-to-date: /home/sbel/Desktop/Cobra-Driver/workspace/install/usb_cam/include/usb_cam/usb_cam_node.hpp
[9.912s] -- Up-to-date: /home/sbel/Desktop/Cobra-Driver/workspace/install/usb_cam/include/usb_cam/usb_cam_utils.hpp
[9.912s] -- Up-to-date: /home/sbel/Desktop/Cobra-Driver/workspace/install/usb_cam/share/usb_cam/environment/library_path.sh
[9.913s] -- Up-to-date: /home/sbel/Desktop/Cobra-Driver/workspace/install/usb_cam/share/usb_cam/environment/library_path.dsv
[9.913s] -- Up-to-date: /home/sbel/Desktop/Cobra-Driver/workspace/install/usb_cam/lib/libusb_cam.so
[9.913s] -- Installing: /home/sbel/Desktop/Cobra-Driver/workspace/install/usb_cam/lib/libusb_cam_node.so
[9.916s] -- Set runtime path of "/home/sbel/Desktop/Cobra-Driver/workspace/install/usb_cam/lib/libusb_cam_node.so" to ""
[9.917s] -- Up-to-date: /home/sbel/Desktop/Cobra-Driver/workspace/install/usb_cam/share/usb_cam/launch
[9.917s] -- Up-to-date: /home/sbel/Desktop/Cobra-Driver/workspace/install/usb_cam/share/usb_cam/launch/demo_launch.py
[9.917s] -- Up-to-date: /home/sbel/Desktop/Cobra-Driver/workspace/install/usb_cam/share/usb_cam/config
[9.917s] -- Up-to-date: /home/sbel/Desktop/Cobra-Driver/workspace/install/usb_cam/share/usb_cam/config/camera_info.yaml
[9.917s] -- Up-to-date: /home/sbel/Desktop/Cobra-Driver/workspace/install/usb_cam/share/usb_cam/config/params.yaml
[9.918s] -- Up-to-date: /home/sbel/Desktop/Cobra-Driver/workspace/install/usb_cam/share/ament_index/resource_index/package_run_dependencies/usb_cam
[9.918s] -- Up-to-date: /home/sbel/Desktop/Cobra-Driver/workspace/install/usb_cam/share/ament_index/resource_index/parent_prefix_path/usb_cam
[9.918s] -- Up-to-date: /home/sbel/Desktop/Cobra-Driver/workspace/install/usb_cam/share/usb_cam/environment/ament_prefix_path.sh
[9.918s] -- Up-to-date: /home/sbel/Desktop/Cobra-Driver/workspace/install/usb_cam/share/usb_cam/environment/ament_prefix_path.dsv
[9.918s] -- Up-to-date: /home/sbel/Desktop/Cobra-Driver/workspace/install/usb_cam/share/usb_cam/environment/path.sh
[9.919s] -- Up-to-date: /home/sbel/Desktop/Cobra-Driver/workspace/install/usb_cam/share/usb_cam/environment/path.dsv
[9.919s] -- Up-to-date: /home/sbel/Desktop/Cobra-Driver/workspace/install/usb_cam/share/usb_cam/local_setup.bash
[9.919s] -- Up-to-date: /home/sbel/Desktop/Cobra-Driver/workspace/install/usb_cam/share/usb_cam/local_setup.sh
[9.919s] -- Up-to-date: /home/sbel/Desktop/Cobra-Driver/workspace/install/usb_cam/share/usb_cam/local_setup.zsh
[9.919s] -- Up-to-date: /home/sbel/Desktop/Cobra-Driver/workspace/install/usb_cam/share/usb_cam/local_setup.dsv
[9.920s] -- Installing: /home/sbel/Desktop/Cobra-Driver/workspace/install/usb_cam/share/usb_cam/package.dsv
[9.920s] -- Up-to-date: /home/sbel/Desktop/Cobra-Driver/workspace/install/usb_cam/share/ament_index/resource_index/packages/usb_cam
[9.920s] -- Up-to-date: /home/sbel/Desktop/Cobra-Driver/workspace/install/usb_cam/share/ament_index/resource_index/rclcpp_components/usb_cam
[9.920s] -- Up-to-date: /home/sbel/Desktop/Cobra-Driver/workspace/install/usb_cam/share/usb_cam/cmake/ament_cmake_export_dependencies-extras.cmake
[9.920s] -- Up-to-date: /home/sbel/Desktop/Cobra-Driver/workspace/install/usb_cam/share/usb_cam/cmake/ament_cmake_export_include_directories-extras.cmake
[9.920s] -- Up-to-date: /home/sbel/Desktop/Cobra-Driver/workspace/install/usb_cam/share/usb_cam/cmake/ament_cmake_export_libraries-extras.cmake
[9.920s] -- Up-to-date: /home/sbel/Desktop/Cobra-Driver/workspace/install/usb_cam/share/usb_cam/cmake/usb_camConfig.cmake
[9.920s] -- Up-to-date: /home/sbel/Desktop/Cobra-Driver/workspace/install/usb_cam/share/usb_cam/cmake/usb_camConfig-version.cmake
[9.921s] -- Up-to-date: /home/sbel/Desktop/Cobra-Driver/workspace/install/usb_cam/share/usb_cam/package.xml
[9.935s] Invoked command in '/home/sbel/Desktop/Cobra-Driver/workspace/build/usb_cam' returned '0': CMAKE_PREFIX_PATH=${CMAKE_PREFIX_PATH}:/home/sbel/Desktop/Cobra-Driver/workspace/install/yolov5_ros2:/home/sbel/Desktop/Cobra-Driver/workspace/install/udp_to_ros:/home/sbel/Desktop/Cobra-Driver/workspace/install/common:/opt/ros/foxy /usr/bin/cmake --install /home/sbel/Desktop/Cobra-Driver/workspace/build/usb_cam
