[1.372s] Invoking command in '/home/jason/Desktop/STUDY/Cobra-Driver/workspace/build/lidarslam_msgs': CMAKE_PREFIX_PATH=${CMAKE_PREFIX_PATH}:/home/jason/Desktop/STUDY/Cobra-Driver/workspace/src/waypoint_seeker/install/waypoint_seeker:/home/jason/Desktop/STUDY/Cobra-Driver/workspace/install/yolov5_ros2:/home/jason/Desktop/STUDY/Cobra-Driver/workspace/install/waypoint_seeker:/home/jason/Desktop/STUDY/Cobra-Driver/workspace/install/udp_to_ros:/home/jason/Desktop/STUDY/Cobra-Driver/workspace/install/tcp_cam_sender:/home/jason/Desktop/STUDY/Cobra-Driver/workspace/install/ptcloud_save:/home/jason/Desktop/STUDY/Cobra-Driver/workspace/install/common:/opt/ros/iron /home/jason/.local/bin/cmake --build /home/jason/Desktop/STUDY/Cobra-Driver/workspace/build/lidarslam_msgs -- -j16 -l16
[2.920s] [  2%] Built target lidarslam_msgs__rosidl_generator_type_description
[2.920s] [  2%] Built target ament_cmake_python_copy_lidarslam_msgs
[2.920s] [  4%] Built target lidarslam_msgs__cpp
[2.920s] [ 22%] Built target lidarslam_msgs__rosidl_generator_c
[2.921s] [ 38%] Built target lidarslam_msgs__rosidl_typesupport_cpp
[2.921s] [ 47%] Built target lidarslam_msgs__rosidl_typesupport_c
[2.921s] [ 50%] Built target lidarslam_msgs__rosidl_typesupport_introspection_c
[2.922s] [ 59%] Built target lidarslam_msgs__rosidl_typesupport_introspection_cpp
[2.922s] [ 68%] Built target lidarslam_msgs__rosidl_typesupport_fastrtps_cpp
[2.922s] [ 77%] Built target lidarslam_msgs__rosidl_typesupport_fastrtps_c
[2.922s] [ 77%] Built target lidarslam_msgs
[2.922s] [ 79%] Built target lidarslam_msgs__py
[2.922s] [ 86%] Built target lidarslam_msgs__rosidl_generator_py
[2.922s] [ 90%] Built target lidarslam_msgs__rosidl_typesupport_fastrtps_c__pyext
[2.922s] [ 95%] Built target lidarslam_msgs__rosidl_typesupport_introspection_c__pyext
[2.922s] [100%] Built target lidarslam_msgs__rosidl_typesupport_c__pyext
[2.922s] running egg_info
[2.923s] writing lidarslam_msgs.egg-info/PKG-INFO
[2.923s] writing dependency_links to lidarslam_msgs.egg-info/dependency_links.txt
[2.923s] writing top-level names to lidarslam_msgs.egg-info/top_level.txt
[2.923s] reading manifest file 'lidarslam_msgs.egg-info/SOURCES.txt'
[2.923s] writing manifest file 'lidarslam_msgs.egg-info/SOURCES.txt'
[2.923s] [100%] Built target ament_cmake_python_build_lidarslam_msgs_egg
[3.225s] Invoked command in '/home/jason/Desktop/STUDY/Cobra-Driver/workspace/build/lidarslam_msgs' returned '0': CMAKE_PREFIX_PATH=${CMAKE_PREFIX_PATH}:/home/jason/Desktop/STUDY/Cobra-Driver/workspace/src/waypoint_seeker/install/waypoint_seeker:/home/jason/Desktop/STUDY/Cobra-Driver/workspace/install/yolov5_ros2:/home/jason/Desktop/STUDY/Cobra-Driver/workspace/install/waypoint_seeker:/home/jason/Desktop/STUDY/Cobra-Driver/workspace/install/udp_to_ros:/home/jason/Desktop/STUDY/Cobra-Driver/workspace/install/tcp_cam_sender:/home/jason/Desktop/STUDY/Cobra-Driver/workspace/install/ptcloud_save:/home/jason/Desktop/STUDY/Cobra-Driver/workspace/install/common:/opt/ros/iron /home/jason/.local/bin/cmake --build /home/jason/Desktop/STUDY/Cobra-Driver/workspace/build/lidarslam_msgs -- -j16 -l16
[3.726s] Invoking command in '/home/jason/Desktop/STUDY/Cobra-Driver/workspace/build/lidarslam_msgs': CMAKE_PREFIX_PATH=${CMAKE_PREFIX_PATH}:/home/jason/Desktop/STUDY/Cobra-Driver/workspace/src/waypoint_seeker/install/waypoint_seeker:/home/jason/Desktop/STUDY/Cobra-Driver/workspace/install/yolov5_ros2:/home/jason/Desktop/STUDY/Cobra-Driver/workspace/install/waypoint_seeker:/home/jason/Desktop/STUDY/Cobra-Driver/workspace/install/udp_to_ros:/home/jason/Desktop/STUDY/Cobra-Driver/workspace/install/tcp_cam_sender:/home/jason/Desktop/STUDY/Cobra-Driver/workspace/install/ptcloud_save:/home/jason/Desktop/STUDY/Cobra-Driver/workspace/install/common:/opt/ros/iron /home/jason/.local/bin/cmake --install /home/jason/Desktop/STUDY/Cobra-Driver/workspace/build/lidarslam_msgs
[3.768s] -- Install configuration: ""
[3.769s] -- Up-to-date: /home/jason/Desktop/STUDY/Cobra-Driver/workspace/install/lidarslam_msgs/share/ament_index/resource_index/rosidl_interfaces/lidarslam_msgs
[3.774s] -- Up-to-date: /home/jason/Desktop/STUDY/Cobra-Driver/workspace/install/lidarslam_msgs/share/lidarslam_msgs/msg/SubMap.json
[3.774s] -- Up-to-date: /home/jason/Desktop/STUDY/Cobra-Driver/workspace/install/lidarslam_msgs/share/lidarslam_msgs/msg/MapArray.json
[3.774s] -- Up-to-date: /home/jason/Desktop/STUDY/Cobra-Driver/workspace/install/lidarslam_msgs/include/lidarslam_msgs/lidarslam_msgs
[3.775s] -- Up-to-date: /home/jason/Desktop/STUDY/Cobra-Driver/workspace/install/lidarslam_msgs/include/lidarslam_msgs/lidarslam_msgs/msg
[3.775s] -- Up-to-date: /home/jason/Desktop/STUDY/Cobra-Driver/workspace/install/lidarslam_msgs/include/lidarslam_msgs/lidarslam_msgs/msg/rosidl_generator_c__visibility_control.h
[3.775s] -- Up-to-date: /home/jason/Desktop/STUDY/Cobra-Driver/workspace/install/lidarslam_msgs/include/lidarslam_msgs/lidarslam_msgs/msg/map_array.h
[3.775s] -- Up-to-date: /home/jason/Desktop/STUDY/Cobra-Driver/workspace/install/lidarslam_msgs/include/lidarslam_msgs/lidarslam_msgs/msg/sub_map.h
[3.776s] -- Up-to-date: /home/jason/Desktop/STUDY/Cobra-Driver/workspace/install/lidarslam_msgs/include/lidarslam_msgs/lidarslam_msgs/msg/detail
[3.776s] -- Up-to-date: /home/jason/Desktop/STUDY/Cobra-Driver/workspace/install/lidarslam_msgs/include/lidarslam_msgs/lidarslam_msgs/msg/detail/sub_map__functions.h
[3.776s] -- Up-to-date: /home/jason/Desktop/STUDY/Cobra-Driver/workspace/install/lidarslam_msgs/include/lidarslam_msgs/lidarslam_msgs/msg/detail/map_array__struct.h
[3.776s] -- Up-to-date: /home/jason/Desktop/STUDY/Cobra-Driver/workspace/install/lidarslam_msgs/include/lidarslam_msgs/lidarslam_msgs/msg/detail/map_array__type_support.c
[3.776s] -- Up-to-date: /home/jason/Desktop/STUDY/Cobra-Driver/workspace/install/lidarslam_msgs/include/lidarslam_msgs/lidarslam_msgs/msg/detail/sub_map__struct.h
[3.776s] -- Up-to-date: /home/jason/Desktop/STUDY/Cobra-Driver/workspace/install/lidarslam_msgs/include/lidarslam_msgs/lidarslam_msgs/msg/detail/sub_map__description.c
[3.776s] -- Up-to-date: /home/jason/Desktop/STUDY/Cobra-Driver/workspace/install/lidarslam_msgs/include/lidarslam_msgs/lidarslam_msgs/msg/detail/map_array__description.c
[3.776s] -- Up-to-date: /home/jason/Desktop/STUDY/Cobra-Driver/workspace/install/lidarslam_msgs/include/lidarslam_msgs/lidarslam_msgs/msg/detail/sub_map__type_support.c
[3.776s] -- Up-to-date: /home/jason/Desktop/STUDY/Cobra-Driver/workspace/install/lidarslam_msgs/include/lidarslam_msgs/lidarslam_msgs/msg/detail/sub_map__type_support.h
[3.776s] -- Up-to-date: /home/jason/Desktop/STUDY/Cobra-Driver/workspace/install/lidarslam_msgs/include/lidarslam_msgs/lidarslam_msgs/msg/detail/sub_map__functions.c
[3.776s] -- Up-to-date: /home/jason/Desktop/STUDY/Cobra-Driver/workspace/install/lidarslam_msgs/include/lidarslam_msgs/lidarslam_msgs/msg/detail/map_array__functions.h
[3.776s] -- Up-to-date: /home/jason/Desktop/STUDY/Cobra-Driver/workspace/install/lidarslam_msgs/include/lidarslam_msgs/lidarslam_msgs/msg/detail/map_array__functions.c
[3.776s] -- Up-to-date: /home/jason/Desktop/STUDY/Cobra-Driver/workspace/install/lidarslam_msgs/include/lidarslam_msgs/lidarslam_msgs/msg/detail/map_array__type_support.h
[3.777s] -- Up-to-date: /home/jason/Desktop/STUDY/Cobra-Driver/workspace/install/lidarslam_msgs/share/lidarslam_msgs/environment/library_path.sh
[3.777s] -- Up-to-date: /home/jason/Desktop/STUDY/Cobra-Driver/workspace/install/lidarslam_msgs/share/lidarslam_msgs/environment/library_path.dsv
[3.777s] -- Up-to-date: /home/jason/Desktop/STUDY/Cobra-Driver/workspace/install/lidarslam_msgs/lib/liblidarslam_msgs__rosidl_generator_c.so
[3.778s] -- Up-to-date: /home/jason/Desktop/STUDY/Cobra-Driver/workspace/install/lidarslam_msgs/include/lidarslam_msgs/lidarslam_msgs
[3.778s] -- Up-to-date: /home/jason/Desktop/STUDY/Cobra-Driver/workspace/install/lidarslam_msgs/include/lidarslam_msgs/lidarslam_msgs/msg
[3.778s] -- Up-to-date: /home/jason/Desktop/STUDY/Cobra-Driver/workspace/install/lidarslam_msgs/include/lidarslam_msgs/lidarslam_msgs/msg/rosidl_typesupport_fastrtps_c__visibility_control.h
[3.784s] -- Up-to-date: /home/jason/Desktop/STUDY/Cobra-Driver/workspace/install/lidarslam_msgs/include/lidarslam_msgs/lidarslam_msgs/msg/detail
[3.784s] -- Up-to-date: /home/jason/Desktop/STUDY/Cobra-Driver/workspace/install/lidarslam_msgs/include/lidarslam_msgs/lidarslam_msgs/msg/detail/map_array__rosidl_typesupport_fastrtps_c.h
[3.784s] -- Up-to-date: /home/jason/Desktop/STUDY/Cobra-Driver/workspace/install/lidarslam_msgs/include/lidarslam_msgs/lidarslam_msgs/msg/detail/sub_map__rosidl_typesupport_fastrtps_c.h
[3.785s] -- Up-to-date: /home/jason/Desktop/STUDY/Cobra-Driver/workspace/install/lidarslam_msgs/lib/liblidarslam_msgs__rosidl_typesupport_fastrtps_c.so
[3.785s] -- Up-to-date: /home/jason/Desktop/STUDY/Cobra-Driver/workspace/install/lidarslam_msgs/include/lidarslam_msgs/lidarslam_msgs
[3.785s] -- Up-to-date: /home/jason/Desktop/STUDY/Cobra-Driver/workspace/install/lidarslam_msgs/include/lidarslam_msgs/lidarslam_msgs/msg
[3.785s] -- Up-to-date: /home/jason/Desktop/STUDY/Cobra-Driver/workspace/install/lidarslam_msgs/include/lidarslam_msgs/lidarslam_msgs/msg/rosidl_typesupport_introspection_c__visibility_control.h
[3.785s] -- Up-to-date: /home/jason/Desktop/STUDY/Cobra-Driver/workspace/install/lidarslam_msgs/include/lidarslam_msgs/lidarslam_msgs/msg/detail
[3.785s] -- Up-to-date: /home/jason/Desktop/STUDY/Cobra-Driver/workspace/install/lidarslam_msgs/include/lidarslam_msgs/lidarslam_msgs/msg/detail/map_array__type_support.c
[3.785s] -- Up-to-date: /home/jason/Desktop/STUDY/Cobra-Driver/workspace/install/lidarslam_msgs/include/lidarslam_msgs/lidarslam_msgs/msg/detail/map_array__rosidl_typesupport_introspection_c.h
[3.785s] -- Up-to-date: /home/jason/Desktop/STUDY/Cobra-Driver/workspace/install/lidarslam_msgs/include/lidarslam_msgs/lidarslam_msgs/msg/detail/sub_map__type_support.c
[3.785s] -- Up-to-date: /home/jason/Desktop/STUDY/Cobra-Driver/workspace/install/lidarslam_msgs/include/lidarslam_msgs/lidarslam_msgs/msg/detail/sub_map__rosidl_typesupport_introspection_c.h
[3.785s] -- Up-to-date: /home/jason/Desktop/STUDY/Cobra-Driver/workspace/install/lidarslam_msgs/lib/liblidarslam_msgs__rosidl_typesupport_introspection_c.so
[3.786s] -- Up-to-date: /home/jason/Desktop/STUDY/Cobra-Driver/workspace/install/lidarslam_msgs/lib/liblidarslam_msgs__rosidl_typesupport_c.so
[3.786s] -- Up-to-date: /home/jason/Desktop/STUDY/Cobra-Driver/workspace/install/lidarslam_msgs/include/lidarslam_msgs/lidarslam_msgs
[3.786s] -- Up-to-date: /home/jason/Desktop/STUDY/Cobra-Driver/workspace/install/lidarslam_msgs/include/lidarslam_msgs/lidarslam_msgs/msg
[3.786s] -- Up-to-date: /home/jason/Desktop/STUDY/Cobra-Driver/workspace/install/lidarslam_msgs/include/lidarslam_msgs/lidarslam_msgs/msg/sub_map.hpp
[3.787s] -- Up-to-date: /home/jason/Desktop/STUDY/Cobra-Driver/workspace/install/lidarslam_msgs/include/lidarslam_msgs/lidarslam_msgs/msg/map_array.hpp
[3.787s] -- Up-to-date: /home/jason/Desktop/STUDY/Cobra-Driver/workspace/install/lidarslam_msgs/include/lidarslam_msgs/lidarslam_msgs/msg/detail
[3.787s] -- Up-to-date: /home/jason/Desktop/STUDY/Cobra-Driver/workspace/install/lidarslam_msgs/include/lidarslam_msgs/lidarslam_msgs/msg/detail/sub_map__traits.hpp
[3.788s] -- Up-to-date: /home/jason/Desktop/STUDY/Cobra-Driver/workspace/install/lidarslam_msgs/include/lidarslam_msgs/lidarslam_msgs/msg/detail/sub_map__builder.hpp
[3.788s] -- Up-to-date: /home/jason/Desktop/STUDY/Cobra-Driver/workspace/install/lidarslam_msgs/include/lidarslam_msgs/lidarslam_msgs/msg/detail/sub_map__struct.hpp
[3.788s] -- Up-to-date: /home/jason/Desktop/STUDY/Cobra-Driver/workspace/install/lidarslam_msgs/include/lidarslam_msgs/lidarslam_msgs/msg/detail/map_array__traits.hpp
[3.788s] -- Up-to-date: /home/jason/Desktop/STUDY/Cobra-Driver/workspace/install/lidarslam_msgs/include/lidarslam_msgs/lidarslam_msgs/msg/detail/map_array__struct.hpp
[3.789s] -- Up-to-date: /home/jason/Desktop/STUDY/Cobra-Driver/workspace/install/lidarslam_msgs/include/lidarslam_msgs/lidarslam_msgs/msg/detail/map_array__builder.hpp
[3.789s] -- Up-to-date: /home/jason/Desktop/STUDY/Cobra-Driver/workspace/install/lidarslam_msgs/include/lidarslam_msgs/lidarslam_msgs
[3.789s] -- Up-to-date: /home/jason/Desktop/STUDY/Cobra-Driver/workspace/install/lidarslam_msgs/include/lidarslam_msgs/lidarslam_msgs/msg
[3.790s] -- Up-to-date: /home/jason/Desktop/STUDY/Cobra-Driver/workspace/install/lidarslam_msgs/include/lidarslam_msgs/lidarslam_msgs/msg/rosidl_typesupport_fastrtps_cpp__visibility_control.h
[3.790s] -- Up-to-date: /home/jason/Desktop/STUDY/Cobra-Driver/workspace/install/lidarslam_msgs/include/lidarslam_msgs/lidarslam_msgs/msg/detail
[3.790s] -- Up-to-date: /home/jason/Desktop/STUDY/Cobra-Driver/workspace/install/lidarslam_msgs/include/lidarslam_msgs/lidarslam_msgs/msg/detail/sub_map__rosidl_typesupport_fastrtps_cpp.hpp
[3.790s] -- Up-to-date: /home/jason/Desktop/STUDY/Cobra-Driver/workspace/install/lidarslam_msgs/include/lidarslam_msgs/lidarslam_msgs/msg/detail/dds_fastrtps
[3.791s] -- Up-to-date: /home/jason/Desktop/STUDY/Cobra-Driver/workspace/install/lidarslam_msgs/include/lidarslam_msgs/lidarslam_msgs/msg/detail/map_array__rosidl_typesupport_fastrtps_cpp.hpp
[3.792s] -- Up-to-date: /home/jason/Desktop/STUDY/Cobra-Driver/workspace/install/lidarslam_msgs/lib/liblidarslam_msgs__rosidl_typesupport_fastrtps_cpp.so
[3.792s] -- Up-to-date: /home/jason/Desktop/STUDY/Cobra-Driver/workspace/install/lidarslam_msgs/include/lidarslam_msgs/lidarslam_msgs
[3.792s] -- Up-to-date: /home/jason/Desktop/STUDY/Cobra-Driver/workspace/install/lidarslam_msgs/include/lidarslam_msgs/lidarslam_msgs/msg
[3.792s] -- Up-to-date: /home/jason/Desktop/STUDY/Cobra-Driver/workspace/install/lidarslam_msgs/include/lidarslam_msgs/lidarslam_msgs/msg/detail
[3.793s] -- Up-to-date: /home/jason/Desktop/STUDY/Cobra-Driver/workspace/install/lidarslam_msgs/include/lidarslam_msgs/lidarslam_msgs/msg/detail/map_array__rosidl_typesupport_introspection_cpp.hpp
[3.793s] -- Up-to-date: /home/jason/Desktop/STUDY/Cobra-Driver/workspace/install/lidarslam_msgs/include/lidarslam_msgs/lidarslam_msgs/msg/detail/map_array__type_support.cpp
[3.793s] -- Up-to-date: /home/jason/Desktop/STUDY/Cobra-Driver/workspace/install/lidarslam_msgs/include/lidarslam_msgs/lidarslam_msgs/msg/detail/sub_map__type_support.cpp
[3.793s] -- Up-to-date: /home/jason/Desktop/STUDY/Cobra-Driver/workspace/install/lidarslam_msgs/include/lidarslam_msgs/lidarslam_msgs/msg/detail/sub_map__rosidl_typesupport_introspection_cpp.hpp
[3.793s] -- Up-to-date: /home/jason/Desktop/STUDY/Cobra-Driver/workspace/install/lidarslam_msgs/lib/liblidarslam_msgs__rosidl_typesupport_introspection_cpp.so
[3.797s] -- Up-to-date: /home/jason/Desktop/STUDY/Cobra-Driver/workspace/install/lidarslam_msgs/lib/liblidarslam_msgs__rosidl_typesupport_cpp.so
[3.798s] -- Up-to-date: /home/jason/Desktop/STUDY/Cobra-Driver/workspace/install/lidarslam_msgs/share/lidarslam_msgs/environment/pythonpath.sh
[3.798s] -- Up-to-date: /home/jason/Desktop/STUDY/Cobra-Driver/workspace/install/lidarslam_msgs/share/lidarslam_msgs/environment/pythonpath.dsv
[3.798s] -- Up-to-date: /home/jason/Desktop/STUDY/Cobra-Driver/workspace/install/lidarslam_msgs/lib/python3.10/site-packages/lidarslam_msgs-0.0.0-py3.10.egg-info
[3.798s] -- Installing: /home/jason/Desktop/STUDY/Cobra-Driver/workspace/install/lidarslam_msgs/lib/python3.10/site-packages/lidarslam_msgs-0.0.0-py3.10.egg-info/top_level.txt
[3.799s] -- Installing: /home/jason/Desktop/STUDY/Cobra-Driver/workspace/install/lidarslam_msgs/lib/python3.10/site-packages/lidarslam_msgs-0.0.0-py3.10.egg-info/dependency_links.txt
[3.799s] -- Installing: /home/jason/Desktop/STUDY/Cobra-Driver/workspace/install/lidarslam_msgs/lib/python3.10/site-packages/lidarslam_msgs-0.0.0-py3.10.egg-info/SOURCES.txt
[3.799s] -- Installing: /home/jason/Desktop/STUDY/Cobra-Driver/workspace/install/lidarslam_msgs/lib/python3.10/site-packages/lidarslam_msgs-0.0.0-py3.10.egg-info/PKG-INFO
[3.801s] -- Up-to-date: /home/jason/Desktop/STUDY/Cobra-Driver/workspace/install/lidarslam_msgs/lib/python3.10/site-packages/lidarslam_msgs
[3.801s] -- Up-to-date: /home/jason/Desktop/STUDY/Cobra-Driver/workspace/install/lidarslam_msgs/lib/python3.10/site-packages/lidarslam_msgs/lidarslam_msgs_s__rosidl_typesupport_c.cpython-310-x86_64-linux-gnu.so
[3.801s] -- Up-to-date: /home/jason/Desktop/STUDY/Cobra-Driver/workspace/install/lidarslam_msgs/lib/python3.10/site-packages/lidarslam_msgs/_lidarslam_msgs_s.ep.rosidl_typesupport_fastrtps_c.c
[3.801s] -- Up-to-date: /home/jason/Desktop/STUDY/Cobra-Driver/workspace/install/lidarslam_msgs/lib/python3.10/site-packages/lidarslam_msgs/_lidarslam_msgs_s.ep.rosidl_typesupport_introspection_c.c
[3.802s] -- Up-to-date: /home/jason/Desktop/STUDY/Cobra-Driver/workspace/install/lidarslam_msgs/lib/python3.10/site-packages/lidarslam_msgs/lidarslam_msgs_s__rosidl_typesupport_introspection_c.cpython-310-x86_64-linux-gnu.so
[3.802s] -- Up-to-date: /home/jason/Desktop/STUDY/Cobra-Driver/workspace/install/lidarslam_msgs/lib/python3.10/site-packages/lidarslam_msgs/__init__.py
[3.802s] -- Up-to-date: /home/jason/Desktop/STUDY/Cobra-Driver/workspace/install/lidarslam_msgs/lib/python3.10/site-packages/lidarslam_msgs/_lidarslam_msgs_s.ep.rosidl_typesupport_c.c
[3.802s] -- Up-to-date: /home/jason/Desktop/STUDY/Cobra-Driver/workspace/install/lidarslam_msgs/lib/python3.10/site-packages/lidarslam_msgs/lidarslam_msgs_s__rosidl_typesupport_fastrtps_c.cpython-310-x86_64-linux-gnu.so
[3.803s] -- Up-to-date: /home/jason/Desktop/STUDY/Cobra-Driver/workspace/install/lidarslam_msgs/lib/python3.10/site-packages/lidarslam_msgs/msg
[3.803s] -- Up-to-date: /home/jason/Desktop/STUDY/Cobra-Driver/workspace/install/lidarslam_msgs/lib/python3.10/site-packages/lidarslam_msgs/msg/_sub_map_s.c
[3.803s] -- Up-to-date: /home/jason/Desktop/STUDY/Cobra-Driver/workspace/install/lidarslam_msgs/lib/python3.10/site-packages/lidarslam_msgs/msg/_map_array.py
[3.803s] -- Up-to-date: /home/jason/Desktop/STUDY/Cobra-Driver/workspace/install/lidarslam_msgs/lib/python3.10/site-packages/lidarslam_msgs/msg/__init__.py
[3.803s] -- Up-to-date: /home/jason/Desktop/STUDY/Cobra-Driver/workspace/install/lidarslam_msgs/lib/python3.10/site-packages/lidarslam_msgs/msg/_sub_map.py
[3.804s] -- Up-to-date: /home/jason/Desktop/STUDY/Cobra-Driver/workspace/install/lidarslam_msgs/lib/python3.10/site-packages/lidarslam_msgs/msg/_map_array_s.c
[3.804s] -- Up-to-date: /home/jason/Desktop/STUDY/Cobra-Driver/workspace/install/lidarslam_msgs/lib/python3.10/site-packages/lidarslam_msgs/liblidarslam_msgs__rosidl_generator_py.so
[3.826s] Listing '/home/jason/Desktop/STUDY/Cobra-Driver/workspace/install/lidarslam_msgs/lib/python3.10/site-packages/lidarslam_msgs'...
[3.826s] Listing '/home/jason/Desktop/STUDY/Cobra-Driver/workspace/install/lidarslam_msgs/lib/python3.10/site-packages/lidarslam_msgs/msg'...
[3.844s] -- Up-to-date: /home/jason/Desktop/STUDY/Cobra-Driver/workspace/install/lidarslam_msgs/lib/python3.10/site-packages/lidarslam_msgs/lidarslam_msgs_s__rosidl_typesupport_fastrtps_c.cpython-310-x86_64-linux-gnu.so
[3.844s] -- Up-to-date: /home/jason/Desktop/STUDY/Cobra-Driver/workspace/install/lidarslam_msgs/lib/python3.10/site-packages/lidarslam_msgs/lidarslam_msgs_s__rosidl_typesupport_introspection_c.cpython-310-x86_64-linux-gnu.so
[3.844s] -- Up-to-date: /home/jason/Desktop/STUDY/Cobra-Driver/workspace/install/lidarslam_msgs/lib/python3.10/site-packages/lidarslam_msgs/lidarslam_msgs_s__rosidl_typesupport_c.cpython-310-x86_64-linux-gnu.so
[3.846s] -- Up-to-date: /home/jason/Desktop/STUDY/Cobra-Driver/workspace/install/lidarslam_msgs/lib/liblidarslam_msgs__rosidl_generator_py.so
[3.846s] -- Up-to-date: /home/jason/Desktop/STUDY/Cobra-Driver/workspace/install/lidarslam_msgs/share/lidarslam_msgs/msg/SubMap.idl
[3.846s] -- Up-to-date: /home/jason/Desktop/STUDY/Cobra-Driver/workspace/install/lidarslam_msgs/share/lidarslam_msgs/msg/MapArray.idl
[3.847s] -- Up-to-date: /home/jason/Desktop/STUDY/Cobra-Driver/workspace/install/lidarslam_msgs/share/lidarslam_msgs/msg/SubMap.msg
[3.847s] -- Up-to-date: /home/jason/Desktop/STUDY/Cobra-Driver/workspace/install/lidarslam_msgs/share/lidarslam_msgs/msg/MapArray.msg
[3.848s] -- Up-to-date: /home/jason/Desktop/STUDY/Cobra-Driver/workspace/install/lidarslam_msgs/share/ament_index/resource_index/package_run_dependencies/lidarslam_msgs
[3.848s] -- Up-to-date: /home/jason/Desktop/STUDY/Cobra-Driver/workspace/install/lidarslam_msgs/share/ament_index/resource_index/parent_prefix_path/lidarslam_msgs
[3.849s] -- Up-to-date: /home/jason/Desktop/STUDY/Cobra-Driver/workspace/install/lidarslam_msgs/share/lidarslam_msgs/environment/ament_prefix_path.sh
[3.849s] -- Up-to-date: /home/jason/Desktop/STUDY/Cobra-Driver/workspace/install/lidarslam_msgs/share/lidarslam_msgs/environment/ament_prefix_path.dsv
[3.849s] -- Up-to-date: /home/jason/Desktop/STUDY/Cobra-Driver/workspace/install/lidarslam_msgs/share/lidarslam_msgs/environment/path.sh
[3.849s] -- Up-to-date: /home/jason/Desktop/STUDY/Cobra-Driver/workspace/install/lidarslam_msgs/share/lidarslam_msgs/environment/path.dsv
[3.850s] -- Up-to-date: /home/jason/Desktop/STUDY/Cobra-Driver/workspace/install/lidarslam_msgs/share/lidarslam_msgs/local_setup.bash
[3.850s] -- Up-to-date: /home/jason/Desktop/STUDY/Cobra-Driver/workspace/install/lidarslam_msgs/share/lidarslam_msgs/local_setup.sh
[3.850s] -- Up-to-date: /home/jason/Desktop/STUDY/Cobra-Driver/workspace/install/lidarslam_msgs/share/lidarslam_msgs/local_setup.zsh
[3.850s] -- Up-to-date: /home/jason/Desktop/STUDY/Cobra-Driver/workspace/install/lidarslam_msgs/share/lidarslam_msgs/local_setup.dsv
[3.851s] -- Installing: /home/jason/Desktop/STUDY/Cobra-Driver/workspace/install/lidarslam_msgs/share/lidarslam_msgs/package.dsv
[3.851s] -- Up-to-date: /home/jason/Desktop/STUDY/Cobra-Driver/workspace/install/lidarslam_msgs/share/ament_index/resource_index/packages/lidarslam_msgs
[3.851s] -- Up-to-date: /home/jason/Desktop/STUDY/Cobra-Driver/workspace/install/lidarslam_msgs/share/lidarslam_msgs/cmake/export_lidarslam_msgs__rosidl_generator_cExport.cmake
[3.851s] -- Up-to-date: /home/jason/Desktop/STUDY/Cobra-Driver/workspace/install/lidarslam_msgs/share/lidarslam_msgs/cmake/export_lidarslam_msgs__rosidl_generator_cExport-noconfig.cmake
[3.851s] -- Up-to-date: /home/jason/Desktop/STUDY/Cobra-Driver/workspace/install/lidarslam_msgs/share/lidarslam_msgs/cmake/export_lidarslam_msgs__rosidl_typesupport_fastrtps_cExport.cmake
[3.852s] -- Up-to-date: /home/jason/Desktop/STUDY/Cobra-Driver/workspace/install/lidarslam_msgs/share/lidarslam_msgs/cmake/export_lidarslam_msgs__rosidl_typesupport_fastrtps_cExport-noconfig.cmake
[3.852s] -- Up-to-date: /home/jason/Desktop/STUDY/Cobra-Driver/workspace/install/lidarslam_msgs/share/lidarslam_msgs/cmake/lidarslam_msgs__rosidl_typesupport_introspection_cExport.cmake
[3.852s] -- Up-to-date: /home/jason/Desktop/STUDY/Cobra-Driver/workspace/install/lidarslam_msgs/share/lidarslam_msgs/cmake/lidarslam_msgs__rosidl_typesupport_introspection_cExport-noconfig.cmake
[3.852s] -- Up-to-date: /home/jason/Desktop/STUDY/Cobra-Driver/workspace/install/lidarslam_msgs/share/lidarslam_msgs/cmake/lidarslam_msgs__rosidl_typesupport_cExport.cmake
[3.852s] -- Up-to-date: /home/jason/Desktop/STUDY/Cobra-Driver/workspace/install/lidarslam_msgs/share/lidarslam_msgs/cmake/lidarslam_msgs__rosidl_typesupport_cExport-noconfig.cmake
[3.852s] -- Up-to-date: /home/jason/Desktop/STUDY/Cobra-Driver/workspace/install/lidarslam_msgs/share/lidarslam_msgs/cmake/export_lidarslam_msgs__rosidl_generator_cppExport.cmake
[3.853s] -- Up-to-date: /home/jason/Desktop/STUDY/Cobra-Driver/workspace/install/lidarslam_msgs/share/lidarslam_msgs/cmake/export_lidarslam_msgs__rosidl_typesupport_fastrtps_cppExport.cmake
[3.853s] -- Up-to-date: /home/jason/Desktop/STUDY/Cobra-Driver/workspace/install/lidarslam_msgs/share/lidarslam_msgs/cmake/export_lidarslam_msgs__rosidl_typesupport_fastrtps_cppExport-noconfig.cmake
[3.853s] -- Up-to-date: /home/jason/Desktop/STUDY/Cobra-Driver/workspace/install/lidarslam_msgs/share/lidarslam_msgs/cmake/lidarslam_msgs__rosidl_typesupport_introspection_cppExport.cmake
[3.854s] -- Up-to-date: /home/jason/Desktop/STUDY/Cobra-Driver/workspace/install/lidarslam_msgs/share/lidarslam_msgs/cmake/lidarslam_msgs__rosidl_typesupport_introspection_cppExport-noconfig.cmake
[3.854s] -- Up-to-date: /home/jason/Desktop/STUDY/Cobra-Driver/workspace/install/lidarslam_msgs/share/lidarslam_msgs/cmake/lidarslam_msgs__rosidl_typesupport_cppExport.cmake
[3.854s] -- Up-to-date: /home/jason/Desktop/STUDY/Cobra-Driver/workspace/install/lidarslam_msgs/share/lidarslam_msgs/cmake/lidarslam_msgs__rosidl_typesupport_cppExport-noconfig.cmake
[3.854s] -- Up-to-date: /home/jason/Desktop/STUDY/Cobra-Driver/workspace/install/lidarslam_msgs/share/lidarslam_msgs/cmake/export_lidarslam_msgs__rosidl_generator_pyExport.cmake
[3.854s] -- Up-to-date: /home/jason/Desktop/STUDY/Cobra-Driver/workspace/install/lidarslam_msgs/share/lidarslam_msgs/cmake/export_lidarslam_msgs__rosidl_generator_pyExport-noconfig.cmake
[3.854s] -- Up-to-date: /home/jason/Desktop/STUDY/Cobra-Driver/workspace/install/lidarslam_msgs/share/lidarslam_msgs/cmake/rosidl_cmake-extras.cmake
[3.854s] -- Up-to-date: /home/jason/Desktop/STUDY/Cobra-Driver/workspace/install/lidarslam_msgs/share/lidarslam_msgs/cmake/ament_cmake_export_dependencies-extras.cmake
[3.854s] -- Up-to-date: /home/jason/Desktop/STUDY/Cobra-Driver/workspace/install/lidarslam_msgs/share/lidarslam_msgs/cmake/ament_cmake_export_include_directories-extras.cmake
[3.854s] -- Up-to-date: /home/jason/Desktop/STUDY/Cobra-Driver/workspace/install/lidarslam_msgs/share/lidarslam_msgs/cmake/ament_cmake_export_libraries-extras.cmake
[3.855s] -- Up-to-date: /home/jason/Desktop/STUDY/Cobra-Driver/workspace/install/lidarslam_msgs/share/lidarslam_msgs/cmake/ament_cmake_export_targets-extras.cmake
[3.855s] -- Up-to-date: /home/jason/Desktop/STUDY/Cobra-Driver/workspace/install/lidarslam_msgs/share/lidarslam_msgs/cmake/rosidl_cmake_export_typesupport_targets-extras.cmake
[3.855s] -- Up-to-date: /home/jason/Desktop/STUDY/Cobra-Driver/workspace/install/lidarslam_msgs/share/lidarslam_msgs/cmake/rosidl_cmake_export_typesupport_libraries-extras.cmake
[3.855s] -- Up-to-date: /home/jason/Desktop/STUDY/Cobra-Driver/workspace/install/lidarslam_msgs/share/lidarslam_msgs/cmake/lidarslam_msgsConfig.cmake
[3.855s] -- Up-to-date: /home/jason/Desktop/STUDY/Cobra-Driver/workspace/install/lidarslam_msgs/share/lidarslam_msgs/cmake/lidarslam_msgsConfig-version.cmake
[3.855s] -- Up-to-date: /home/jason/Desktop/STUDY/Cobra-Driver/workspace/install/lidarslam_msgs/share/lidarslam_msgs/package.xml
[4.239s] Invoked command in '/home/jason/Desktop/STUDY/Cobra-Driver/workspace/build/lidarslam_msgs' returned '0': CMAKE_PREFIX_PATH=${CMAKE_PREFIX_PATH}:/home/jason/Desktop/STUDY/Cobra-Driver/workspace/src/waypoint_seeker/install/waypoint_seeker:/home/jason/Desktop/STUDY/Cobra-Driver/workspace/install/yolov5_ros2:/home/jason/Desktop/STUDY/Cobra-Driver/workspace/install/waypoint_seeker:/home/jason/Desktop/STUDY/Cobra-Driver/workspace/install/udp_to_ros:/home/jason/Desktop/STUDY/Cobra-Driver/workspace/install/tcp_cam_sender:/home/jason/Desktop/STUDY/Cobra-Driver/workspace/install/ptcloud_save:/home/jason/Desktop/STUDY/Cobra-Driver/workspace/install/common:/opt/ros/iron /home/jason/.local/bin/cmake --install /home/jason/Desktop/STUDY/Cobra-Driver/workspace/build/lidarslam_msgs
