[2.933s] Invoking command in '/home/jason/Desktop/STUDY/Cobra-Driver/workspace/src/tcp_cam_sender': PYTHONPATH=/home/jason/Desktop/STUDY/Cobra-Driver/workspace/build/tcp_cam_sender/prefix_override:/home/jason/Desktop/STUDY/Cobra-Driver/workspace/install/tcp_cam_sender/lib/python3.10/site-packages:${PYTHONPATH} /usr/bin/python3 setup.py egg_info --egg-base ../../build/tcp_cam_sender build --build-base /home/jason/Desktop/STUDY/Cobra-Driver/workspace/build/tcp_cam_sender/build install --record /home/jason/Desktop/STUDY/Cobra-Driver/workspace/build/tcp_cam_sender/install.log --single-version-externally-managed
[3.270s] running egg_info
[3.270s] creating ../../build/tcp_cam_sender/tcp_cam_sender.egg-info
[3.298s] writing ../../build/tcp_cam_sender/tcp_cam_sender.egg-info/PKG-INFO
[3.299s] writing dependency_links to ../../build/tcp_cam_sender/tcp_cam_sender.egg-info/dependency_links.txt
[3.300s] writing entry points to ../../build/tcp_cam_sender/tcp_cam_sender.egg-info/entry_points.txt
[3.300s] writing requirements to ../../build/tcp_cam_sender/tcp_cam_sender.egg-info/requires.txt
[3.300s] writing top-level names to ../../build/tcp_cam_sender/tcp_cam_sender.egg-info/top_level.txt
[3.300s] writing manifest file '../../build/tcp_cam_sender/tcp_cam_sender.egg-info/SOURCES.txt'
[3.356s] reading manifest file '../../build/tcp_cam_sender/tcp_cam_sender.egg-info/SOURCES.txt'
[3.357s] writing manifest file '../../build/tcp_cam_sender/tcp_cam_sender.egg-info/SOURCES.txt'
[3.357s] running build
[3.358s] running build_py
[3.358s] creating /home/jason/Desktop/STUDY/Cobra-Driver/workspace/build/tcp_cam_sender/build
[3.358s] creating /home/jason/Desktop/STUDY/Cobra-Driver/workspace/build/tcp_cam_sender/build/lib
[3.358s] creating /home/jason/Desktop/STUDY/Cobra-Driver/workspace/build/tcp_cam_sender/build/lib/tcp_cam_sender
[3.358s] copying tcp_cam_sender/tcp_cam_sender.py -> /home/jason/Desktop/STUDY/Cobra-Driver/workspace/build/tcp_cam_sender/build/lib/tcp_cam_sender
[3.359s] copying tcp_cam_sender/__init__.py -> /home/jason/Desktop/STUDY/Cobra-Driver/workspace/build/tcp_cam_sender/build/lib/tcp_cam_sender
[3.359s] /home/jason/.local/lib/python3.10/site-packages/setuptools/_distutils/cmd.py:66: SetuptoolsDeprecationWarning: setup.py install is deprecated.
[3.359s] !!
[3.359s] 
[3.359s]         ********************************************************************************
[3.359s]         Please avoid running ``setup.py`` directly.
[3.359s]         Instead, use pypa/build, pypa/installer or other
[3.360s]         standards-based tools.
[3.360s] 
[3.360s]         See https://blog.ganssle.io/articles/2021/10/setup-py-deprecated.html for details.
[3.360s]         ********************************************************************************
[3.360s] 
[3.360s] !!
[3.360s]   self.initialize_options()
[3.360s] running install
[3.365s] running install_lib
[3.392s] creating /home/jason/Desktop/STUDY/Cobra-Driver/workspace/install/tcp_cam_sender/lib/python3.10/site-packages/tcp_cam_sender
[3.392s] copying /home/jason/Desktop/STUDY/Cobra-Driver/workspace/build/tcp_cam_sender/build/lib/tcp_cam_sender/tcp_cam_sender.py -> /home/jason/Desktop/STUDY/Cobra-Driver/workspace/install/tcp_cam_sender/lib/python3.10/site-packages/tcp_cam_sender
[3.392s] copying /home/jason/Desktop/STUDY/Cobra-Driver/workspace/build/tcp_cam_sender/build/lib/tcp_cam_sender/__init__.py -> /home/jason/Desktop/STUDY/Cobra-Driver/workspace/install/tcp_cam_sender/lib/python3.10/site-packages/tcp_cam_sender
[3.392s] byte-compiling /home/jason/Desktop/STUDY/Cobra-Driver/workspace/install/tcp_cam_sender/lib/python3.10/site-packages/tcp_cam_sender/tcp_cam_sender.py to tcp_cam_sender.cpython-310.pyc
[3.393s] byte-compiling /home/jason/Desktop/STUDY/Cobra-Driver/workspace/install/tcp_cam_sender/lib/python3.10/site-packages/tcp_cam_sender/__init__.py to __init__.cpython-310.pyc
[3.393s] running install_data
[3.419s] creating /home/jason/Desktop/STUDY/Cobra-Driver/workspace/install/tcp_cam_sender/share/ament_index
[3.419s] creating /home/jason/Desktop/STUDY/Cobra-Driver/workspace/install/tcp_cam_sender/share/ament_index/resource_index
[3.419s] creating /home/jason/Desktop/STUDY/Cobra-Driver/workspace/install/tcp_cam_sender/share/ament_index/resource_index/packages
[3.419s] copying resource/tcp_cam_sender -> /home/jason/Desktop/STUDY/Cobra-Driver/workspace/install/tcp_cam_sender/share/ament_index/resource_index/packages
[3.419s] copying package.xml -> /home/jason/Desktop/STUDY/Cobra-Driver/workspace/install/tcp_cam_sender/share/tcp_cam_sender
[3.420s] running install_egg_info
[3.445s] Copying ../../build/tcp_cam_sender/tcp_cam_sender.egg-info to /home/jason/Desktop/STUDY/Cobra-Driver/workspace/install/tcp_cam_sender/lib/python3.10/site-packages/tcp_cam_sender-0.0.0-py3.10.egg-info
[3.446s] running install_scripts
[3.693s] Installing tcp_cam_sender script to /home/jason/Desktop/STUDY/Cobra-Driver/workspace/install/tcp_cam_sender/lib/tcp_cam_sender
[3.693s] writing list of installed files to '/home/jason/Desktop/STUDY/Cobra-Driver/workspace/build/tcp_cam_sender/install.log'
[3.747s] Invoked command in '/home/jason/Desktop/STUDY/Cobra-Driver/workspace/src/tcp_cam_sender' returned '0': PYTHONPATH=/home/jason/Desktop/STUDY/Cobra-Driver/workspace/build/tcp_cam_sender/prefix_override:/home/jason/Desktop/STUDY/Cobra-Driver/workspace/install/tcp_cam_sender/lib/python3.10/site-packages:${PYTHONPATH} /usr/bin/python3 setup.py egg_info --egg-base ../../build/tcp_cam_sender build --build-base /home/jason/Desktop/STUDY/Cobra-Driver/workspace/build/tcp_cam_sender/build install --record /home/jason/Desktop/STUDY/Cobra-Driver/workspace/build/tcp_cam_sender/install.log --single-version-externally-managed
