[3.960s] Invoking command in '/home/jason/Desktop/STUDY/Cobra-Driver/workspace/src/udp_to_ros': PYTHONPATH=/home/jason/Desktop/STUDY/Cobra-Driver/workspace/build/udp_to_ros/prefix_override:/home/jason/Desktop/STUDY/Cobra-Driver/workspace/install/udp_to_ros/lib/python3.10/site-packages:${PYTHONPATH} /usr/bin/python3 setup.py egg_info --egg-base ../../build/udp_to_ros build --build-base /home/jason/Desktop/STUDY/Cobra-Driver/workspace/build/udp_to_ros/build install --record /home/jason/Desktop/STUDY/Cobra-Driver/workspace/build/udp_to_ros/install.log --single-version-externally-managed
[4.203s] running egg_info
[4.222s] writing ../../build/udp_to_ros/udp_to_ros.egg-info/PKG-INFO
[4.223s] writing dependency_links to ../../build/udp_to_ros/udp_to_ros.egg-info/dependency_links.txt
[4.223s] writing entry points to ../../build/udp_to_ros/udp_to_ros.egg-info/entry_points.txt
[4.223s] writing requirements to ../../build/udp_to_ros/udp_to_ros.egg-info/requires.txt
[4.223s] writing top-level names to ../../build/udp_to_ros/udp_to_ros.egg-info/top_level.txt
[4.263s] reading manifest file '../../build/udp_to_ros/udp_to_ros.egg-info/SOURCES.txt'
[4.264s] writing manifest file '../../build/udp_to_ros/udp_to_ros.egg-info/SOURCES.txt'
[4.264s] running build
[4.264s] running build_py
[4.264s] running install
[4.264s] /home/jason/.local/lib/python3.10/site-packages/setuptools/_distutils/cmd.py:66: SetuptoolsDeprecationWarning: setup.py install is deprecated.
[4.264s] !!
[4.265s] 
[4.265s]         ********************************************************************************
[4.265s]         Please avoid running ``setup.py`` directly.
[4.265s]         Instead, use pypa/build, pypa/installer or other
[4.265s]         standards-based tools.
[4.265s] 
[4.265s]         See https://blog.ganssle.io/articles/2021/10/setup-py-deprecated.html for details.
[4.265s]         ********************************************************************************
[4.265s] 
[4.265s] !!
[4.265s]   self.initialize_options()
[4.269s] running install_lib
[4.289s] running install_data
[4.308s] running install_egg_info
[4.330s] removing '/home/jason/Desktop/STUDY/Cobra-Driver/workspace/install/udp_to_ros/lib/python3.10/site-packages/udp_to_ros-0.0.0-py3.10.egg-info' (and everything under it)
[4.330s] Copying ../../build/udp_to_ros/udp_to_ros.egg-info to /home/jason/Desktop/STUDY/Cobra-Driver/workspace/install/udp_to_ros/lib/python3.10/site-packages/udp_to_ros-0.0.0-py3.10.egg-info
[4.330s] running install_scripts
[4.517s] Installing udp_listener script to /home/jason/Desktop/STUDY/Cobra-Driver/workspace/install/udp_to_ros/lib/udp_to_ros
[4.517s] writing list of installed files to '/home/jason/Desktop/STUDY/Cobra-Driver/workspace/build/udp_to_ros/install.log'
[4.640s] Invoked command in '/home/jason/Desktop/STUDY/Cobra-Driver/workspace/src/udp_to_ros' returned '0': PYTHONPATH=/home/jason/Desktop/STUDY/Cobra-Driver/workspace/build/udp_to_ros/prefix_override:/home/jason/Desktop/STUDY/Cobra-Driver/workspace/install/udp_to_ros/lib/python3.10/site-packages:${PYTHONPATH} /usr/bin/python3 setup.py egg_info --egg-base ../../build/udp_to_ros build --build-base /home/jason/Desktop/STUDY/Cobra-Driver/workspace/build/udp_to_ros/build install --record /home/jason/Desktop/STUDY/Cobra-Driver/workspace/build/udp_to_ros/install.log --single-version-externally-managed
