[0.007s] Invoking command in '/home/jason/Desktop/STUDY/Cobra-Driver/workspace/build/rosapi': CMAKE_PREFIX_PATH=/home/jason/Desktop/STUDY/Cobra-Driver/workspace/install/rosbridge_library:/home/jason/Desktop/STUDY/Cobra-Driver/workspace/install/rosapi_msgs:/home/jason/Desktop/STUDY/Cobra-Driver/workspace/install/rosbridge_test_msgs:/home/jason/Desktop/STUDY/Cobra-Driver/workspace/install/rosbridge_suite:/home/jason/Desktop/STUDY/Cobra-Driver/workspace/install/rosbridge_server:/home/jason/Desktop/STUDY/Cobra-Driver/workspace/install/rosbridge_msgs:/home/jason/Desktop/STUDY/Cobra-Driver/workspace/install/rosapi:/home/jason/Desktop/STUDY/Cobra-Driver/workspace/install/usb_cam:/home/jason/Desktop/STUDY/Cobra-Driver/workspace/install/udp_to_ros:/home/jason/Desktop/STUDY/Cobra-Driver/workspace/install/udp_float_receiver:/opt/ros/iron CONDA_PROMPT_MODIFIER=(base) LD_LIBRARY_PATH=/home/jason/Desktop/STUDY/Cobra-Driver/workspace/install/rosapi_msgs/lib:/home/jason/Desktop/STUDY/Cobra-Driver/workspace/install/rosbridge_test_msgs/lib:/home/jason/Desktop/STUDY/Cobra-Driver/workspace/install/rosbridge_msgs/lib:/home/jason/Desktop/STUDY/Cobra-Driver/workspace/install/usb_cam/lib:/opt/ros/iron/opt/rviz_ogre_vendor/lib:/opt/ros/iron/lib/x86_64-linux-gnu:/opt/ros/iron/lib PYTHONPATH=/home/jason/Desktop/STUDY/Cobra-Driver/workspace/install/rosbridge_library/lib/python3.10/site-packages:/home/jason/Desktop/STUDY/Cobra-Driver/workspace/install/rosapi_msgs/lib/python3.10/site-packages:/home/jason/Desktop/STUDY/Cobra-Driver/workspace/install/rosbridge_test_msgs/lib/python3.10/site-packages:/home/jason/Desktop/STUDY/Cobra-Driver/workspace/install/rosbridge_server/lib/python3.10/site-packages:/home/jason/Desktop/STUDY/Cobra-Driver/workspace/install/rosbridge_msgs/lib/python3.10/site-packages:/home/jason/Desktop/STUDY/Cobra-Driver/workspace/install/rosapi/lib/python3.10/site-packages:/home/jason/Desktop/STUDY/Cobra-Driver/workspace/install/udp_to_ros/lib/python3.10/site-packages:/home/jason/Desktop/STUDY/Cobra-Driver/workspace/install/udp_float_receiver/lib/python3.10/site-packages:/opt/ros/iron/lib/python3.10/site-packages /usr/bin/cmake /home/jason/Desktop/STUDY/Cobra-Driver/workspace/src/rosbridge_suite/rosapi -DCMAKE_INSTALL_PREFIX=/home/jason/Desktop/STUDY/Cobra-Driver/workspace/install/rosapi
[0.044s] -- The C compiler identification is GNU 11.4.0
[0.083s] -- The CXX compiler identification is GNU 11.4.0
[0.088s] -- Detecting C compiler ABI info
[0.133s] -- Detecting C compiler ABI info - done
[0.139s] -- Check for working C compiler: /usr/bin/cc - skipped
[0.140s] -- Detecting C compile features
[0.140s] -- Detecting C compile features - done
[0.142s] -- Detecting CXX compiler ABI info
[0.196s] -- Detecting CXX compiler ABI info - done
[0.202s] -- Check for working CXX compiler: /usr/bin/c++ - skipped
[0.202s] -- Detecting CXX compile features
[0.203s] -- Detecting CXX compile features - done
[0.204s] -- Found ament_cmake_ros: 0.11.2 (/opt/ros/iron/share/ament_cmake_ros/cmake)
[0.338s] -- Found Python3: /usr/bin/python3.10 (found version "3.10.12") found components: Interpreter 
[0.728s] -- Configuring done
[0.730s] -- Generating done
[0.731s] -- Build files have been written to: /home/jason/Desktop/STUDY/Cobra-Driver/workspace/build/rosapi
[0.734s] Invoked command in '/home/jason/Desktop/STUDY/Cobra-Driver/workspace/build/rosapi' returned '0': CMAKE_PREFIX_PATH=/home/jason/Desktop/STUDY/Cobra-Driver/workspace/install/rosbridge_library:/home/jason/Desktop/STUDY/Cobra-Driver/workspace/install/rosapi_msgs:/home/jason/Desktop/STUDY/Cobra-Driver/workspace/install/rosbridge_test_msgs:/home/jason/Desktop/STUDY/Cobra-Driver/workspace/install/rosbridge_suite:/home/jason/Desktop/STUDY/Cobra-Driver/workspace/install/rosbridge_server:/home/jason/Desktop/STUDY/Cobra-Driver/workspace/install/rosbridge_msgs:/home/jason/Desktop/STUDY/Cobra-Driver/workspace/install/rosapi:/home/jason/Desktop/STUDY/Cobra-Driver/workspace/install/usb_cam:/home/jason/Desktop/STUDY/Cobra-Driver/workspace/install/udp_to_ros:/home/jason/Desktop/STUDY/Cobra-Driver/workspace/install/udp_float_receiver:/opt/ros/iron CONDA_PROMPT_MODIFIER=(base) LD_LIBRARY_PATH=/home/jason/Desktop/STUDY/Cobra-Driver/workspace/install/rosapi_msgs/lib:/home/jason/Desktop/STUDY/Cobra-Driver/workspace/install/rosbridge_test_msgs/lib:/home/jason/Desktop/STUDY/Cobra-Driver/workspace/install/rosbridge_msgs/lib:/home/jason/Desktop/STUDY/Cobra-Driver/workspace/install/usb_cam/lib:/opt/ros/iron/opt/rviz_ogre_vendor/lib:/opt/ros/iron/lib/x86_64-linux-gnu:/opt/ros/iron/lib PYTHONPATH=/home/jason/Desktop/STUDY/Cobra-Driver/workspace/install/rosbridge_library/lib/python3.10/site-packages:/home/jason/Desktop/STUDY/Cobra-Driver/workspace/install/rosapi_msgs/lib/python3.10/site-packages:/home/jason/Desktop/STUDY/Cobra-Driver/workspace/install/rosbridge_test_msgs/lib/python3.10/site-packages:/home/jason/Desktop/STUDY/Cobra-Driver/workspace/install/rosbridge_server/lib/python3.10/site-packages:/home/jason/Desktop/STUDY/Cobra-Driver/workspace/install/rosbridge_msgs/lib/python3.10/site-packages:/home/jason/Desktop/STUDY/Cobra-Driver/workspace/install/rosapi/lib/python3.10/site-packages:/home/jason/Desktop/STUDY/Cobra-Driver/workspace/install/udp_to_ros/lib/python3.10/site-packages:/home/jason/Desktop/STUDY/Cobra-Driver/workspace/install/udp_float_receiver/lib/python3.10/site-packages:/opt/ros/iron/lib/python3.10/site-packages /usr/bin/cmake /home/jason/Desktop/STUDY/Cobra-Driver/workspace/src/rosbridge_suite/rosapi -DCMAKE_INSTALL_PREFIX=/home/jason/Desktop/STUDY/Cobra-Driver/workspace/install/rosapi
[0.735s] Invoking command in '/home/jason/Desktop/STUDY/Cobra-Driver/workspace/build/rosapi': CMAKE_PREFIX_PATH=/home/jason/Desktop/STUDY/Cobra-Driver/workspace/install/rosbridge_library:/home/jason/Desktop/STUDY/Cobra-Driver/workspace/install/rosapi_msgs:/home/jason/Desktop/STUDY/Cobra-Driver/workspace/install/rosbridge_test_msgs:/home/jason/Desktop/STUDY/Cobra-Driver/workspace/install/rosbridge_suite:/home/jason/Desktop/STUDY/Cobra-Driver/workspace/install/rosbridge_server:/home/jason/Desktop/STUDY/Cobra-Driver/workspace/install/rosbridge_msgs:/home/jason/Desktop/STUDY/Cobra-Driver/workspace/install/rosapi:/home/jason/Desktop/STUDY/Cobra-Driver/workspace/install/usb_cam:/home/jason/Desktop/STUDY/Cobra-Driver/workspace/install/udp_to_ros:/home/jason/Desktop/STUDY/Cobra-Driver/workspace/install/udp_float_receiver:/opt/ros/iron CONDA_PROMPT_MODIFIER=(base) LD_LIBRARY_PATH=/home/jason/Desktop/STUDY/Cobra-Driver/workspace/install/rosapi_msgs/lib:/home/jason/Desktop/STUDY/Cobra-Driver/workspace/install/rosbridge_test_msgs/lib:/home/jason/Desktop/STUDY/Cobra-Driver/workspace/install/rosbridge_msgs/lib:/home/jason/Desktop/STUDY/Cobra-Driver/workspace/install/usb_cam/lib:/opt/ros/iron/opt/rviz_ogre_vendor/lib:/opt/ros/iron/lib/x86_64-linux-gnu:/opt/ros/iron/lib PYTHONPATH=/home/jason/Desktop/STUDY/Cobra-Driver/workspace/install/rosbridge_library/lib/python3.10/site-packages:/home/jason/Desktop/STUDY/Cobra-Driver/workspace/install/rosapi_msgs/lib/python3.10/site-packages:/home/jason/Desktop/STUDY/Cobra-Driver/workspace/install/rosbridge_test_msgs/lib/python3.10/site-packages:/home/jason/Desktop/STUDY/Cobra-Driver/workspace/install/rosbridge_server/lib/python3.10/site-packages:/home/jason/Desktop/STUDY/Cobra-Driver/workspace/install/rosbridge_msgs/lib/python3.10/site-packages:/home/jason/Desktop/STUDY/Cobra-Driver/workspace/install/rosapi/lib/python3.10/site-packages:/home/jason/Desktop/STUDY/Cobra-Driver/workspace/install/udp_to_ros/lib/python3.10/site-packages:/home/jason/Desktop/STUDY/Cobra-Driver/workspace/install/udp_float_receiver/lib/python3.10/site-packages:/opt/ros/iron/lib/python3.10/site-packages /usr/bin/cmake --build /home/jason/Desktop/STUDY/Cobra-Driver/workspace/build/rosapi -- -j16 -l16
[0.773s] Built target ament_cmake_python_copy_rosapi
[0.971s] running egg_info
[0.971s] creating rosapi.egg-info
[0.972s] writing rosapi.egg-info/PKG-INFO
[0.972s] writing dependency_links to rosapi.egg-info/dependency_links.txt
[0.972s] writing top-level names to rosapi.egg-info/top_level.txt
[0.972s] writing manifest file 'rosapi.egg-info/SOURCES.txt'
[0.973s] reading manifest file 'rosapi.egg-info/SOURCES.txt'
[0.974s] writing manifest file 'rosapi.egg-info/SOURCES.txt'
[0.991s] Built target ament_cmake_python_build_rosapi_egg
[1.000s] Invoked command in '/home/jason/Desktop/STUDY/Cobra-Driver/workspace/build/rosapi' returned '0': CMAKE_PREFIX_PATH=/home/jason/Desktop/STUDY/Cobra-Driver/workspace/install/rosbridge_library:/home/jason/Desktop/STUDY/Cobra-Driver/workspace/install/rosapi_msgs:/home/jason/Desktop/STUDY/Cobra-Driver/workspace/install/rosbridge_test_msgs:/home/jason/Desktop/STUDY/Cobra-Driver/workspace/install/rosbridge_suite:/home/jason/Desktop/STUDY/Cobra-Driver/workspace/install/rosbridge_server:/home/jason/Desktop/STUDY/Cobra-Driver/workspace/install/rosbridge_msgs:/home/jason/Desktop/STUDY/Cobra-Driver/workspace/install/rosapi:/home/jason/Desktop/STUDY/Cobra-Driver/workspace/install/usb_cam:/home/jason/Desktop/STUDY/Cobra-Driver/workspace/install/udp_to_ros:/home/jason/Desktop/STUDY/Cobra-Driver/workspace/install/udp_float_receiver:/opt/ros/iron CONDA_PROMPT_MODIFIER=(base) LD_LIBRARY_PATH=/home/jason/Desktop/STUDY/Cobra-Driver/workspace/install/rosapi_msgs/lib:/home/jason/Desktop/STUDY/Cobra-Driver/workspace/install/rosbridge_test_msgs/lib:/home/jason/Desktop/STUDY/Cobra-Driver/workspace/install/rosbridge_msgs/lib:/home/jason/Desktop/STUDY/Cobra-Driver/workspace/install/usb_cam/lib:/opt/ros/iron/opt/rviz_ogre_vendor/lib:/opt/ros/iron/lib/x86_64-linux-gnu:/opt/ros/iron/lib PYTHONPATH=/home/jason/Desktop/STUDY/Cobra-Driver/workspace/install/rosbridge_library/lib/python3.10/site-packages:/home/jason/Desktop/STUDY/Cobra-Driver/workspace/install/rosapi_msgs/lib/python3.10/site-packages:/home/jason/Desktop/STUDY/Cobra-Driver/workspace/install/rosbridge_test_msgs/lib/python3.10/site-packages:/home/jason/Desktop/STUDY/Cobra-Driver/workspace/install/rosbridge_server/lib/python3.10/site-packages:/home/jason/Desktop/STUDY/Cobra-Driver/workspace/install/rosbridge_msgs/lib/python3.10/site-packages:/home/jason/Desktop/STUDY/Cobra-Driver/workspace/install/rosapi/lib/python3.10/site-packages:/home/jason/Desktop/STUDY/Cobra-Driver/workspace/install/udp_to_ros/lib/python3.10/site-packages:/home/jason/Desktop/STUDY/Cobra-Driver/workspace/install/udp_float_receiver/lib/python3.10/site-packages:/opt/ros/iron/lib/python3.10/site-packages /usr/bin/cmake --build /home/jason/Desktop/STUDY/Cobra-Driver/workspace/build/rosapi -- -j16 -l16
[1.015s] Invoking command in '/home/jason/Desktop/STUDY/Cobra-Driver/workspace/build/rosapi': CMAKE_PREFIX_PATH=/home/jason/Desktop/STUDY/Cobra-Driver/workspace/install/rosbridge_library:/home/jason/Desktop/STUDY/Cobra-Driver/workspace/install/rosapi_msgs:/home/jason/Desktop/STUDY/Cobra-Driver/workspace/install/rosbridge_test_msgs:/home/jason/Desktop/STUDY/Cobra-Driver/workspace/install/rosbridge_suite:/home/jason/Desktop/STUDY/Cobra-Driver/workspace/install/rosbridge_server:/home/jason/Desktop/STUDY/Cobra-Driver/workspace/install/rosbridge_msgs:/home/jason/Desktop/STUDY/Cobra-Driver/workspace/install/rosapi:/home/jason/Desktop/STUDY/Cobra-Driver/workspace/install/usb_cam:/home/jason/Desktop/STUDY/Cobra-Driver/workspace/install/udp_to_ros:/home/jason/Desktop/STUDY/Cobra-Driver/workspace/install/udp_float_receiver:/opt/ros/iron CONDA_PROMPT_MODIFIER=(base) LD_LIBRARY_PATH=/home/jason/Desktop/STUDY/Cobra-Driver/workspace/install/rosapi_msgs/lib:/home/jason/Desktop/STUDY/Cobra-Driver/workspace/install/rosbridge_test_msgs/lib:/home/jason/Desktop/STUDY/Cobra-Driver/workspace/install/rosbridge_msgs/lib:/home/jason/Desktop/STUDY/Cobra-Driver/workspace/install/usb_cam/lib:/opt/ros/iron/opt/rviz_ogre_vendor/lib:/opt/ros/iron/lib/x86_64-linux-gnu:/opt/ros/iron/lib PYTHONPATH=/home/jason/Desktop/STUDY/Cobra-Driver/workspace/install/rosbridge_library/lib/python3.10/site-packages:/home/jason/Desktop/STUDY/Cobra-Driver/workspace/install/rosapi_msgs/lib/python3.10/site-packages:/home/jason/Desktop/STUDY/Cobra-Driver/workspace/install/rosbridge_test_msgs/lib/python3.10/site-packages:/home/jason/Desktop/STUDY/Cobra-Driver/workspace/install/rosbridge_server/lib/python3.10/site-packages:/home/jason/Desktop/STUDY/Cobra-Driver/workspace/install/rosbridge_msgs/lib/python3.10/site-packages:/home/jason/Desktop/STUDY/Cobra-Driver/workspace/install/rosapi/lib/python3.10/site-packages:/home/jason/Desktop/STUDY/Cobra-Driver/workspace/install/udp_to_ros/lib/python3.10/site-packages:/home/jason/Desktop/STUDY/Cobra-Driver/workspace/install/udp_float_receiver/lib/python3.10/site-packages:/opt/ros/iron/lib/python3.10/site-packages /usr/bin/cmake --install /home/jason/Desktop/STUDY/Cobra-Driver/workspace/build/rosapi
[1.021s] -- Install configuration: ""
[1.021s] -- Installing: /home/jason/Desktop/STUDY/Cobra-Driver/workspace/install/rosapi/share/rosapi/environment/pythonpath.sh
[1.021s] -- Installing: /home/jason/Desktop/STUDY/Cobra-Driver/workspace/install/rosapi/share/rosapi/environment/pythonpath.dsv
[1.021s] -- Installing: /home/jason/Desktop/STUDY/Cobra-Driver/workspace/install/rosapi/lib/python3.10/site-packages/rosapi-1.3.1-py3.10.egg-info
[1.021s] -- Installing: /home/jason/Desktop/STUDY/Cobra-Driver/workspace/install/rosapi/lib/python3.10/site-packages/rosapi-1.3.1-py3.10.egg-info/top_level.txt
[1.021s] -- Installing: /home/jason/Desktop/STUDY/Cobra-Driver/workspace/install/rosapi/lib/python3.10/site-packages/rosapi-1.3.1-py3.10.egg-info/dependency_links.txt
[1.021s] -- Installing: /home/jason/Desktop/STUDY/Cobra-Driver/workspace/install/rosapi/lib/python3.10/site-packages/rosapi-1.3.1-py3.10.egg-info/SOURCES.txt
[1.021s] -- Installing: /home/jason/Desktop/STUDY/Cobra-Driver/workspace/install/rosapi/lib/python3.10/site-packages/rosapi-1.3.1-py3.10.egg-info/PKG-INFO
[1.021s] -- Installing: /home/jason/Desktop/STUDY/Cobra-Driver/workspace/install/rosapi/lib/python3.10/site-packages/rosapi
[1.021s] -- Installing: /home/jason/Desktop/STUDY/Cobra-Driver/workspace/install/rosapi/lib/python3.10/site-packages/rosapi/stringify_field_types.py
[1.021s] -- Installing: /home/jason/Desktop/STUDY/Cobra-Driver/workspace/install/rosapi/lib/python3.10/site-packages/rosapi/params.py
[1.021s] -- Installing: /home/jason/Desktop/STUDY/Cobra-Driver/workspace/install/rosapi/lib/python3.10/site-packages/rosapi/__init__.py
[1.022s] -- Installing: /home/jason/Desktop/STUDY/Cobra-Driver/workspace/install/rosapi/lib/python3.10/site-packages/rosapi/glob_helper.py
[1.022s] -- Installing: /home/jason/Desktop/STUDY/Cobra-Driver/workspace/install/rosapi/lib/python3.10/site-packages/rosapi/proxy.py
[1.022s] -- Installing: /home/jason/Desktop/STUDY/Cobra-Driver/workspace/install/rosapi/lib/python3.10/site-packages/rosapi/objectutils.py
[1.048s] Listing '/home/jason/Desktop/STUDY/Cobra-Driver/workspace/install/rosapi/lib/python3.10/site-packages/rosapi'...
[1.048s] Compiling '/home/jason/Desktop/STUDY/Cobra-Driver/workspace/install/rosapi/lib/python3.10/site-packages/rosapi/__init__.py'...
[1.048s] Compiling '/home/jason/Desktop/STUDY/Cobra-Driver/workspace/install/rosapi/lib/python3.10/site-packages/rosapi/glob_helper.py'...
[1.048s] Compiling '/home/jason/Desktop/STUDY/Cobra-Driver/workspace/install/rosapi/lib/python3.10/site-packages/rosapi/objectutils.py'...
[1.048s] Compiling '/home/jason/Desktop/STUDY/Cobra-Driver/workspace/install/rosapi/lib/python3.10/site-packages/rosapi/params.py'...
[1.048s] Compiling '/home/jason/Desktop/STUDY/Cobra-Driver/workspace/install/rosapi/lib/python3.10/site-packages/rosapi/proxy.py'...
[1.048s] Compiling '/home/jason/Desktop/STUDY/Cobra-Driver/workspace/install/rosapi/lib/python3.10/site-packages/rosapi/stringify_field_types.py'...
[1.051s] -- Installing: /home/jason/Desktop/STUDY/Cobra-Driver/workspace/install/rosapi/share/ament_index/resource_index/package_run_dependencies/rosapi
[1.051s] -- Installing: /home/jason/Desktop/STUDY/Cobra-Driver/workspace/install/rosapi/share/ament_index/resource_index/parent_prefix_path/rosapi
[1.051s] -- Installing: /home/jason/Desktop/STUDY/Cobra-Driver/workspace/install/rosapi/share/rosapi/environment/ament_prefix_path.sh
[1.051s] -- Installing: /home/jason/Desktop/STUDY/Cobra-Driver/workspace/install/rosapi/share/rosapi/environment/ament_prefix_path.dsv
[1.052s] -- Installing: /home/jason/Desktop/STUDY/Cobra-Driver/workspace/install/rosapi/share/rosapi/environment/path.sh
[1.052s] -- Installing: /home/jason/Desktop/STUDY/Cobra-Driver/workspace/install/rosapi/share/rosapi/environment/path.dsv
[1.052s] -- Installing: /home/jason/Desktop/STUDY/Cobra-Driver/workspace/install/rosapi/share/rosapi/local_setup.bash
[1.052s] -- Installing: /home/jason/Desktop/STUDY/Cobra-Driver/workspace/install/rosapi/share/rosapi/local_setup.sh
[1.052s] -- Installing: /home/jason/Desktop/STUDY/Cobra-Driver/workspace/install/rosapi/share/rosapi/local_setup.zsh
[1.052s] -- Installing: /home/jason/Desktop/STUDY/Cobra-Driver/workspace/install/rosapi/share/rosapi/local_setup.dsv
[1.052s] -- Installing: /home/jason/Desktop/STUDY/Cobra-Driver/workspace/install/rosapi/share/rosapi/package.dsv
[1.052s] -- Installing: /home/jason/Desktop/STUDY/Cobra-Driver/workspace/install/rosapi/share/ament_index/resource_index/packages/rosapi
[1.052s] -- Installing: /home/jason/Desktop/STUDY/Cobra-Driver/workspace/install/rosapi/share/rosapi/cmake/rosapiConfig.cmake
[1.052s] -- Installing: /home/jason/Desktop/STUDY/Cobra-Driver/workspace/install/rosapi/share/rosapi/cmake/rosapiConfig-version.cmake
[1.053s] -- Installing: /home/jason/Desktop/STUDY/Cobra-Driver/workspace/install/rosapi/share/rosapi/package.xml
[1.053s] -- Installing: /home/jason/Desktop/STUDY/Cobra-Driver/workspace/install/rosapi/lib/rosapi/rosapi_node
[1.053s] -- Installing: /home/jason/Desktop/STUDY/Cobra-Driver/workspace/install/rosapi/share/rosapi/mapping_rules.yaml
[1.056s] Invoked command in '/home/jason/Desktop/STUDY/Cobra-Driver/workspace/build/rosapi' returned '0': CMAKE_PREFIX_PATH=/home/jason/Desktop/STUDY/Cobra-Driver/workspace/install/rosbridge_library:/home/jason/Desktop/STUDY/Cobra-Driver/workspace/install/rosapi_msgs:/home/jason/Desktop/STUDY/Cobra-Driver/workspace/install/rosbridge_test_msgs:/home/jason/Desktop/STUDY/Cobra-Driver/workspace/install/rosbridge_suite:/home/jason/Desktop/STUDY/Cobra-Driver/workspace/install/rosbridge_server:/home/jason/Desktop/STUDY/Cobra-Driver/workspace/install/rosbridge_msgs:/home/jason/Desktop/STUDY/Cobra-Driver/workspace/install/rosapi:/home/jason/Desktop/STUDY/Cobra-Driver/workspace/install/usb_cam:/home/jason/Desktop/STUDY/Cobra-Driver/workspace/install/udp_to_ros:/home/jason/Desktop/STUDY/Cobra-Driver/workspace/install/udp_float_receiver:/opt/ros/iron CONDA_PROMPT_MODIFIER=(base) LD_LIBRARY_PATH=/home/jason/Desktop/STUDY/Cobra-Driver/workspace/install/rosapi_msgs/lib:/home/jason/Desktop/STUDY/Cobra-Driver/workspace/install/rosbridge_test_msgs/lib:/home/jason/Desktop/STUDY/Cobra-Driver/workspace/install/rosbridge_msgs/lib:/home/jason/Desktop/STUDY/Cobra-Driver/workspace/install/usb_cam/lib:/opt/ros/iron/opt/rviz_ogre_vendor/lib:/opt/ros/iron/lib/x86_64-linux-gnu:/opt/ros/iron/lib PYTHONPATH=/home/jason/Desktop/STUDY/Cobra-Driver/workspace/install/rosbridge_library/lib/python3.10/site-packages:/home/jason/Desktop/STUDY/Cobra-Driver/workspace/install/rosapi_msgs/lib/python3.10/site-packages:/home/jason/Desktop/STUDY/Cobra-Driver/workspace/install/rosbridge_test_msgs/lib/python3.10/site-packages:/home/jason/Desktop/STUDY/Cobra-Driver/workspace/install/rosbridge_server/lib/python3.10/site-packages:/home/jason/Desktop/STUDY/Cobra-Driver/workspace/install/rosbridge_msgs/lib/python3.10/site-packages:/home/jason/Desktop/STUDY/Cobra-Driver/workspace/install/rosapi/lib/python3.10/site-packages:/home/jason/Desktop/STUDY/Cobra-Driver/workspace/install/udp_to_ros/lib/python3.10/site-packages:/home/jason/Desktop/STUDY/Cobra-Driver/workspace/install/udp_float_receiver/lib/python3.10/site-packages:/opt/ros/iron/lib/python3.10/site-packages /usr/bin/cmake --install /home/jason/Desktop/STUDY/Cobra-Driver/workspace/build/rosapi
