[0.022s] Invoking command in '/home/jason/Desktop/STUDY/Cobra-Driver/workspace/build/rosbridge_msgs': CMAKE_PREFIX_PATH=${CMAKE_PREFIX_PATH}:/home/jason/Desktop/STUDY/Cobra-Driver/workspace/install/udp_to_ros:/home/jason/Desktop/STUDY/Cobra-Driver/workspace/install/udp_float_receiver:/opt/ros/iron CONDA_PROMPT_MODIFIER=(base) /usr/bin/cmake --build /home/jason/Desktop/STUDY/Cobra-Driver/workspace/build/rosbridge_msgs -- -j16 -l16
[0.263s] [  2%] Built target rosbridge_msgs__rosidl_generator_type_description
[0.264s] [  2%] Built target ament_cmake_python_copy_rosbridge_msgs
[0.264s] [  4%] Built target rosbridge_msgs__cpp
[0.264s] [ 22%] Built target rosbridge_msgs__rosidl_generator_c
[0.264s] [ 31%] Built target rosbridge_msgs__rosidl_typesupport_cpp
[0.264s] [ 43%] Built target rosbridge_msgs__rosidl_typesupport_fastrtps_c
[0.264s] [ 54%] Built target rosbridge_msgs__rosidl_typesupport_introspection_c
[0.264s] [ 59%] Built target rosbridge_msgs__rosidl_typesupport_c
[0.264s] [ 68%] Built target rosbridge_msgs__rosidl_typesupport_fastrtps_cpp
[0.264s] [ 77%] Built target rosbridge_msgs__rosidl_typesupport_introspection_cpp
[0.264s] [ 77%] Built target rosbridge_msgs
[0.264s] [ 79%] Built target rosbridge_msgs__py
[0.264s] [ 86%] Built target rosbridge_msgs__rosidl_generator_py
[0.264s] [ 90%] Built target rosbridge_msgs__rosidl_typesupport_introspection_c__pyext
[0.264s] [ 95%] Built target rosbridge_msgs__rosidl_typesupport_fastrtps_c__pyext
[0.264s] [100%] Built target rosbridge_msgs__rosidl_typesupport_c__pyext
[0.296s] running egg_info
[0.296s] writing rosbridge_msgs.egg-info/PKG-INFO
[0.297s] writing dependency_links to rosbridge_msgs.egg-info/dependency_links.txt
[0.297s] writing top-level names to rosbridge_msgs.egg-info/top_level.txt
[0.298s] reading manifest file 'rosbridge_msgs.egg-info/SOURCES.txt'
[0.298s] writing manifest file 'rosbridge_msgs.egg-info/SOURCES.txt'
[0.320s] [100%] Built target ament_cmake_python_build_rosbridge_msgs_egg
[0.330s] Invoked command in '/home/jason/Desktop/STUDY/Cobra-Driver/workspace/build/rosbridge_msgs' returned '0': CMAKE_PREFIX_PATH=${CMAKE_PREFIX_PATH}:/home/jason/Desktop/STUDY/Cobra-Driver/workspace/install/udp_to_ros:/home/jason/Desktop/STUDY/Cobra-Driver/workspace/install/udp_float_receiver:/opt/ros/iron CONDA_PROMPT_MODIFIER=(base) /usr/bin/cmake --build /home/jason/Desktop/STUDY/Cobra-Driver/workspace/build/rosbridge_msgs -- -j16 -l16
[0.392s] Invoking command in '/home/jason/Desktop/STUDY/Cobra-Driver/workspace/build/rosbridge_msgs': CMAKE_PREFIX_PATH=${CMAKE_PREFIX_PATH}:/home/jason/Desktop/STUDY/Cobra-Driver/workspace/install/udp_to_ros:/home/jason/Desktop/STUDY/Cobra-Driver/workspace/install/udp_float_receiver:/opt/ros/iron CONDA_PROMPT_MODIFIER=(base) /usr/bin/cmake --install /home/jason/Desktop/STUDY/Cobra-Driver/workspace/build/rosbridge_msgs
[0.397s] -- Install configuration: ""
[0.397s] -- Up-to-date: /home/jason/Desktop/STUDY/Cobra-Driver/workspace/install/rosbridge_msgs/share/ament_index/resource_index/rosidl_interfaces/rosbridge_msgs
[0.398s] -- Up-to-date: /home/jason/Desktop/STUDY/Cobra-Driver/workspace/install/rosbridge_msgs/share/rosbridge_msgs/msg/ConnectedClient.json
[0.398s] -- Up-to-date: /home/jason/Desktop/STUDY/Cobra-Driver/workspace/install/rosbridge_msgs/share/rosbridge_msgs/msg/ConnectedClients.json
[0.398s] -- Up-to-date: /home/jason/Desktop/STUDY/Cobra-Driver/workspace/install/rosbridge_msgs/include/rosbridge_msgs/rosbridge_msgs
[0.398s] -- Up-to-date: /home/jason/Desktop/STUDY/Cobra-Driver/workspace/install/rosbridge_msgs/include/rosbridge_msgs/rosbridge_msgs/msg
[0.398s] -- Up-to-date: /home/jason/Desktop/STUDY/Cobra-Driver/workspace/install/rosbridge_msgs/include/rosbridge_msgs/rosbridge_msgs/msg/connected_client.h
[0.398s] -- Up-to-date: /home/jason/Desktop/STUDY/Cobra-Driver/workspace/install/rosbridge_msgs/include/rosbridge_msgs/rosbridge_msgs/msg/connected_clients.h
[0.398s] -- Up-to-date: /home/jason/Desktop/STUDY/Cobra-Driver/workspace/install/rosbridge_msgs/include/rosbridge_msgs/rosbridge_msgs/msg/rosidl_generator_c__visibility_control.h
[0.398s] -- Up-to-date: /home/jason/Desktop/STUDY/Cobra-Driver/workspace/install/rosbridge_msgs/include/rosbridge_msgs/rosbridge_msgs/msg/detail
[0.398s] -- Up-to-date: /home/jason/Desktop/STUDY/Cobra-Driver/workspace/install/rosbridge_msgs/include/rosbridge_msgs/rosbridge_msgs/msg/detail/connected_clients__functions.c
[0.398s] -- Up-to-date: /home/jason/Desktop/STUDY/Cobra-Driver/workspace/install/rosbridge_msgs/include/rosbridge_msgs/rosbridge_msgs/msg/detail/connected_client__description.c
[0.398s] -- Up-to-date: /home/jason/Desktop/STUDY/Cobra-Driver/workspace/install/rosbridge_msgs/include/rosbridge_msgs/rosbridge_msgs/msg/detail/connected_clients__struct.h
[0.398s] -- Up-to-date: /home/jason/Desktop/STUDY/Cobra-Driver/workspace/install/rosbridge_msgs/include/rosbridge_msgs/rosbridge_msgs/msg/detail/connected_clients__type_support.h
[0.398s] -- Up-to-date: /home/jason/Desktop/STUDY/Cobra-Driver/workspace/install/rosbridge_msgs/include/rosbridge_msgs/rosbridge_msgs/msg/detail/connected_clients__functions.h
[0.398s] -- Up-to-date: /home/jason/Desktop/STUDY/Cobra-Driver/workspace/install/rosbridge_msgs/include/rosbridge_msgs/rosbridge_msgs/msg/detail/connected_client__functions.c
[0.398s] -- Up-to-date: /home/jason/Desktop/STUDY/Cobra-Driver/workspace/install/rosbridge_msgs/include/rosbridge_msgs/rosbridge_msgs/msg/detail/connected_clients__type_support.c
[0.398s] -- Up-to-date: /home/jason/Desktop/STUDY/Cobra-Driver/workspace/install/rosbridge_msgs/include/rosbridge_msgs/rosbridge_msgs/msg/detail/connected_client__struct.h
[0.399s] -- Up-to-date: /home/jason/Desktop/STUDY/Cobra-Driver/workspace/install/rosbridge_msgs/include/rosbridge_msgs/rosbridge_msgs/msg/detail/connected_client__type_support.h
[0.399s] -- Up-to-date: /home/jason/Desktop/STUDY/Cobra-Driver/workspace/install/rosbridge_msgs/include/rosbridge_msgs/rosbridge_msgs/msg/detail/connected_client__type_support.c
[0.399s] -- Up-to-date: /home/jason/Desktop/STUDY/Cobra-Driver/workspace/install/rosbridge_msgs/include/rosbridge_msgs/rosbridge_msgs/msg/detail/connected_client__functions.h
[0.399s] -- Up-to-date: /home/jason/Desktop/STUDY/Cobra-Driver/workspace/install/rosbridge_msgs/include/rosbridge_msgs/rosbridge_msgs/msg/detail/connected_clients__description.c
[0.399s] -- Up-to-date: /home/jason/Desktop/STUDY/Cobra-Driver/workspace/install/rosbridge_msgs/share/rosbridge_msgs/environment/library_path.sh
[0.399s] -- Up-to-date: /home/jason/Desktop/STUDY/Cobra-Driver/workspace/install/rosbridge_msgs/share/rosbridge_msgs/environment/library_path.dsv
[0.400s] -- Up-to-date: /home/jason/Desktop/STUDY/Cobra-Driver/workspace/install/rosbridge_msgs/lib/librosbridge_msgs__rosidl_generator_c.so
[0.400s] -- Up-to-date: /home/jason/Desktop/STUDY/Cobra-Driver/workspace/install/rosbridge_msgs/include/rosbridge_msgs/rosbridge_msgs
[0.400s] -- Up-to-date: /home/jason/Desktop/STUDY/Cobra-Driver/workspace/install/rosbridge_msgs/include/rosbridge_msgs/rosbridge_msgs/msg
[0.400s] -- Up-to-date: /home/jason/Desktop/STUDY/Cobra-Driver/workspace/install/rosbridge_msgs/include/rosbridge_msgs/rosbridge_msgs/msg/rosidl_typesupport_fastrtps_c__visibility_control.h
[0.400s] -- Up-to-date: /home/jason/Desktop/STUDY/Cobra-Driver/workspace/install/rosbridge_msgs/include/rosbridge_msgs/rosbridge_msgs/msg/detail
[0.400s] -- Up-to-date: /home/jason/Desktop/STUDY/Cobra-Driver/workspace/install/rosbridge_msgs/include/rosbridge_msgs/rosbridge_msgs/msg/detail/connected_client__rosidl_typesupport_fastrtps_c.h
[0.400s] -- Up-to-date: /home/jason/Desktop/STUDY/Cobra-Driver/workspace/install/rosbridge_msgs/include/rosbridge_msgs/rosbridge_msgs/msg/detail/connected_clients__rosidl_typesupport_fastrtps_c.h
[0.400s] -- Up-to-date: /home/jason/Desktop/STUDY/Cobra-Driver/workspace/install/rosbridge_msgs/lib/librosbridge_msgs__rosidl_typesupport_fastrtps_c.so
[0.400s] -- Up-to-date: /home/jason/Desktop/STUDY/Cobra-Driver/workspace/install/rosbridge_msgs/include/rosbridge_msgs/rosbridge_msgs
[0.400s] -- Up-to-date: /home/jason/Desktop/STUDY/Cobra-Driver/workspace/install/rosbridge_msgs/include/rosbridge_msgs/rosbridge_msgs/msg
[0.400s] -- Up-to-date: /home/jason/Desktop/STUDY/Cobra-Driver/workspace/install/rosbridge_msgs/include/rosbridge_msgs/rosbridge_msgs/msg/connected_client.hpp
[0.401s] -- Up-to-date: /home/jason/Desktop/STUDY/Cobra-Driver/workspace/install/rosbridge_msgs/include/rosbridge_msgs/rosbridge_msgs/msg/connected_clients.hpp
[0.401s] -- Up-to-date: /home/jason/Desktop/STUDY/Cobra-Driver/workspace/install/rosbridge_msgs/include/rosbridge_msgs/rosbridge_msgs/msg/detail
[0.401s] -- Up-to-date: /home/jason/Desktop/STUDY/Cobra-Driver/workspace/install/rosbridge_msgs/include/rosbridge_msgs/rosbridge_msgs/msg/detail/connected_client__struct.hpp
[0.401s] -- Up-to-date: /home/jason/Desktop/STUDY/Cobra-Driver/workspace/install/rosbridge_msgs/include/rosbridge_msgs/rosbridge_msgs/msg/detail/connected_client__traits.hpp
[0.401s] -- Up-to-date: /home/jason/Desktop/STUDY/Cobra-Driver/workspace/install/rosbridge_msgs/include/rosbridge_msgs/rosbridge_msgs/msg/detail/connected_client__builder.hpp
[0.401s] -- Up-to-date: /home/jason/Desktop/STUDY/Cobra-Driver/workspace/install/rosbridge_msgs/include/rosbridge_msgs/rosbridge_msgs/msg/detail/connected_clients__traits.hpp
[0.401s] -- Up-to-date: /home/jason/Desktop/STUDY/Cobra-Driver/workspace/install/rosbridge_msgs/include/rosbridge_msgs/rosbridge_msgs/msg/detail/connected_clients__builder.hpp
[0.401s] -- Up-to-date: /home/jason/Desktop/STUDY/Cobra-Driver/workspace/install/rosbridge_msgs/include/rosbridge_msgs/rosbridge_msgs/msg/detail/connected_clients__struct.hpp
[0.401s] -- Up-to-date: /home/jason/Desktop/STUDY/Cobra-Driver/workspace/install/rosbridge_msgs/include/rosbridge_msgs/rosbridge_msgs
[0.401s] -- Up-to-date: /home/jason/Desktop/STUDY/Cobra-Driver/workspace/install/rosbridge_msgs/include/rosbridge_msgs/rosbridge_msgs/msg
[0.401s] -- Up-to-date: /home/jason/Desktop/STUDY/Cobra-Driver/workspace/install/rosbridge_msgs/include/rosbridge_msgs/rosbridge_msgs/msg/rosidl_typesupport_fastrtps_cpp__visibility_control.h
[0.401s] -- Up-to-date: /home/jason/Desktop/STUDY/Cobra-Driver/workspace/install/rosbridge_msgs/include/rosbridge_msgs/rosbridge_msgs/msg/detail
[0.401s] -- Up-to-date: /home/jason/Desktop/STUDY/Cobra-Driver/workspace/install/rosbridge_msgs/include/rosbridge_msgs/rosbridge_msgs/msg/detail/connected_clients__rosidl_typesupport_fastrtps_cpp.hpp
[0.401s] -- Up-to-date: /home/jason/Desktop/STUDY/Cobra-Driver/workspace/install/rosbridge_msgs/include/rosbridge_msgs/rosbridge_msgs/msg/detail/connected_client__rosidl_typesupport_fastrtps_cpp.hpp
[0.401s] -- Up-to-date: /home/jason/Desktop/STUDY/Cobra-Driver/workspace/install/rosbridge_msgs/include/rosbridge_msgs/rosbridge_msgs/msg/detail/dds_fastrtps
[0.402s] -- Up-to-date: /home/jason/Desktop/STUDY/Cobra-Driver/workspace/install/rosbridge_msgs/lib/librosbridge_msgs__rosidl_typesupport_fastrtps_cpp.so
[0.402s] -- Up-to-date: /home/jason/Desktop/STUDY/Cobra-Driver/workspace/install/rosbridge_msgs/include/rosbridge_msgs/rosbridge_msgs
[0.402s] -- Up-to-date: /home/jason/Desktop/STUDY/Cobra-Driver/workspace/install/rosbridge_msgs/include/rosbridge_msgs/rosbridge_msgs/msg
[0.402s] -- Up-to-date: /home/jason/Desktop/STUDY/Cobra-Driver/workspace/install/rosbridge_msgs/include/rosbridge_msgs/rosbridge_msgs/msg/rosidl_typesupport_introspection_c__visibility_control.h
[0.402s] -- Up-to-date: /home/jason/Desktop/STUDY/Cobra-Driver/workspace/install/rosbridge_msgs/include/rosbridge_msgs/rosbridge_msgs/msg/detail
[0.402s] -- Up-to-date: /home/jason/Desktop/STUDY/Cobra-Driver/workspace/install/rosbridge_msgs/include/rosbridge_msgs/rosbridge_msgs/msg/detail/connected_clients__rosidl_typesupport_introspection_c.h
[0.402s] -- Up-to-date: /home/jason/Desktop/STUDY/Cobra-Driver/workspace/install/rosbridge_msgs/include/rosbridge_msgs/rosbridge_msgs/msg/detail/connected_clients__type_support.c
[0.402s] -- Up-to-date: /home/jason/Desktop/STUDY/Cobra-Driver/workspace/install/rosbridge_msgs/include/rosbridge_msgs/rosbridge_msgs/msg/detail/connected_client__rosidl_typesupport_introspection_c.h
[0.402s] -- Up-to-date: /home/jason/Desktop/STUDY/Cobra-Driver/workspace/install/rosbridge_msgs/include/rosbridge_msgs/rosbridge_msgs/msg/detail/connected_client__type_support.c
[0.402s] -- Up-to-date: /home/jason/Desktop/STUDY/Cobra-Driver/workspace/install/rosbridge_msgs/lib/librosbridge_msgs__rosidl_typesupport_introspection_c.so
[0.402s] -- Up-to-date: /home/jason/Desktop/STUDY/Cobra-Driver/workspace/install/rosbridge_msgs/lib/librosbridge_msgs__rosidl_typesupport_c.so
[0.402s] -- Up-to-date: /home/jason/Desktop/STUDY/Cobra-Driver/workspace/install/rosbridge_msgs/include/rosbridge_msgs/rosbridge_msgs
[0.403s] -- Up-to-date: /home/jason/Desktop/STUDY/Cobra-Driver/workspace/install/rosbridge_msgs/include/rosbridge_msgs/rosbridge_msgs/msg
[0.403s] -- Up-to-date: /home/jason/Desktop/STUDY/Cobra-Driver/workspace/install/rosbridge_msgs/include/rosbridge_msgs/rosbridge_msgs/msg/detail
[0.403s] -- Up-to-date: /home/jason/Desktop/STUDY/Cobra-Driver/workspace/install/rosbridge_msgs/include/rosbridge_msgs/rosbridge_msgs/msg/detail/connected_clients__rosidl_typesupport_introspection_cpp.hpp
[0.403s] -- Up-to-date: /home/jason/Desktop/STUDY/Cobra-Driver/workspace/install/rosbridge_msgs/include/rosbridge_msgs/rosbridge_msgs/msg/detail/connected_clients__type_support.cpp
[0.403s] -- Up-to-date: /home/jason/Desktop/STUDY/Cobra-Driver/workspace/install/rosbridge_msgs/include/rosbridge_msgs/rosbridge_msgs/msg/detail/connected_client__type_support.cpp
[0.403s] -- Up-to-date: /home/jason/Desktop/STUDY/Cobra-Driver/workspace/install/rosbridge_msgs/include/rosbridge_msgs/rosbridge_msgs/msg/detail/connected_client__rosidl_typesupport_introspection_cpp.hpp
[0.403s] -- Up-to-date: /home/jason/Desktop/STUDY/Cobra-Driver/workspace/install/rosbridge_msgs/lib/librosbridge_msgs__rosidl_typesupport_introspection_cpp.so
[0.403s] -- Up-to-date: /home/jason/Desktop/STUDY/Cobra-Driver/workspace/install/rosbridge_msgs/lib/librosbridge_msgs__rosidl_typesupport_cpp.so
[0.403s] -- Up-to-date: /home/jason/Desktop/STUDY/Cobra-Driver/workspace/install/rosbridge_msgs/share/rosbridge_msgs/environment/pythonpath.sh
[0.403s] -- Up-to-date: /home/jason/Desktop/STUDY/Cobra-Driver/workspace/install/rosbridge_msgs/share/rosbridge_msgs/environment/pythonpath.dsv
[0.403s] -- Up-to-date: /home/jason/Desktop/STUDY/Cobra-Driver/workspace/install/rosbridge_msgs/lib/python3.10/site-packages/rosbridge_msgs-1.3.1-py3.10.egg-info
[0.403s] -- Installing: /home/jason/Desktop/STUDY/Cobra-Driver/workspace/install/rosbridge_msgs/lib/python3.10/site-packages/rosbridge_msgs-1.3.1-py3.10.egg-info/top_level.txt
[0.404s] -- Installing: /home/jason/Desktop/STUDY/Cobra-Driver/workspace/install/rosbridge_msgs/lib/python3.10/site-packages/rosbridge_msgs-1.3.1-py3.10.egg-info/dependency_links.txt
[0.404s] -- Installing: /home/jason/Desktop/STUDY/Cobra-Driver/workspace/install/rosbridge_msgs/lib/python3.10/site-packages/rosbridge_msgs-1.3.1-py3.10.egg-info/SOURCES.txt
[0.404s] -- Installing: /home/jason/Desktop/STUDY/Cobra-Driver/workspace/install/rosbridge_msgs/lib/python3.10/site-packages/rosbridge_msgs-1.3.1-py3.10.egg-info/PKG-INFO
[0.404s] -- Up-to-date: /home/jason/Desktop/STUDY/Cobra-Driver/workspace/install/rosbridge_msgs/lib/python3.10/site-packages/rosbridge_msgs
[0.404s] -- Up-to-date: /home/jason/Desktop/STUDY/Cobra-Driver/workspace/install/rosbridge_msgs/lib/python3.10/site-packages/rosbridge_msgs/rosbridge_msgs_s__rosidl_typesupport_c.cpython-310-x86_64-linux-gnu.so
[0.404s] -- Up-to-date: /home/jason/Desktop/STUDY/Cobra-Driver/workspace/install/rosbridge_msgs/lib/python3.10/site-packages/rosbridge_msgs/__init__.py
[0.404s] -- Up-to-date: /home/jason/Desktop/STUDY/Cobra-Driver/workspace/install/rosbridge_msgs/lib/python3.10/site-packages/rosbridge_msgs/_rosbridge_msgs_s.ep.rosidl_typesupport_fastrtps_c.c
[0.404s] -- Up-to-date: /home/jason/Desktop/STUDY/Cobra-Driver/workspace/install/rosbridge_msgs/lib/python3.10/site-packages/rosbridge_msgs/_rosbridge_msgs_s.ep.rosidl_typesupport_introspection_c.c
[0.404s] -- Up-to-date: /home/jason/Desktop/STUDY/Cobra-Driver/workspace/install/rosbridge_msgs/lib/python3.10/site-packages/rosbridge_msgs/rosbridge_msgs_s__rosidl_typesupport_fastrtps_c.cpython-310-x86_64-linux-gnu.so
[0.404s] -- Up-to-date: /home/jason/Desktop/STUDY/Cobra-Driver/workspace/install/rosbridge_msgs/lib/python3.10/site-packages/rosbridge_msgs/_rosbridge_msgs_s.ep.rosidl_typesupport_c.c
[0.404s] -- Up-to-date: /home/jason/Desktop/STUDY/Cobra-Driver/workspace/install/rosbridge_msgs/lib/python3.10/site-packages/rosbridge_msgs/librosbridge_msgs__rosidl_generator_py.so
[0.405s] -- Up-to-date: /home/jason/Desktop/STUDY/Cobra-Driver/workspace/install/rosbridge_msgs/lib/python3.10/site-packages/rosbridge_msgs/msg
[0.405s] -- Up-to-date: /home/jason/Desktop/STUDY/Cobra-Driver/workspace/install/rosbridge_msgs/lib/python3.10/site-packages/rosbridge_msgs/msg/_connected_client_s.c
[0.405s] -- Up-to-date: /home/jason/Desktop/STUDY/Cobra-Driver/workspace/install/rosbridge_msgs/lib/python3.10/site-packages/rosbridge_msgs/msg/_connected_clients.py
[0.405s] -- Up-to-date: /home/jason/Desktop/STUDY/Cobra-Driver/workspace/install/rosbridge_msgs/lib/python3.10/site-packages/rosbridge_msgs/msg/_connected_client.py
[0.405s] -- Up-to-date: /home/jason/Desktop/STUDY/Cobra-Driver/workspace/install/rosbridge_msgs/lib/python3.10/site-packages/rosbridge_msgs/msg/_connected_clients_s.c
[0.405s] -- Up-to-date: /home/jason/Desktop/STUDY/Cobra-Driver/workspace/install/rosbridge_msgs/lib/python3.10/site-packages/rosbridge_msgs/msg/__init__.py
[0.405s] -- Up-to-date: /home/jason/Desktop/STUDY/Cobra-Driver/workspace/install/rosbridge_msgs/lib/python3.10/site-packages/rosbridge_msgs/rosbridge_msgs_s__rosidl_typesupport_introspection_c.cpython-310-x86_64-linux-gnu.so
[0.427s] Listing '/home/jason/Desktop/STUDY/Cobra-Driver/workspace/install/rosbridge_msgs/lib/python3.10/site-packages/rosbridge_msgs'...
[0.427s] Listing '/home/jason/Desktop/STUDY/Cobra-Driver/workspace/install/rosbridge_msgs/lib/python3.10/site-packages/rosbridge_msgs/msg'...
[0.430s] -- Up-to-date: /home/jason/Desktop/STUDY/Cobra-Driver/workspace/install/rosbridge_msgs/lib/python3.10/site-packages/rosbridge_msgs/rosbridge_msgs_s__rosidl_typesupport_fastrtps_c.cpython-310-x86_64-linux-gnu.so
[0.430s] -- Up-to-date: /home/jason/Desktop/STUDY/Cobra-Driver/workspace/install/rosbridge_msgs/lib/python3.10/site-packages/rosbridge_msgs/rosbridge_msgs_s__rosidl_typesupport_introspection_c.cpython-310-x86_64-linux-gnu.so
[0.430s] -- Up-to-date: /home/jason/Desktop/STUDY/Cobra-Driver/workspace/install/rosbridge_msgs/lib/python3.10/site-packages/rosbridge_msgs/rosbridge_msgs_s__rosidl_typesupport_c.cpython-310-x86_64-linux-gnu.so
[0.430s] -- Up-to-date: /home/jason/Desktop/STUDY/Cobra-Driver/workspace/install/rosbridge_msgs/lib/librosbridge_msgs__rosidl_generator_py.so
[0.430s] -- Up-to-date: /home/jason/Desktop/STUDY/Cobra-Driver/workspace/install/rosbridge_msgs/share/rosbridge_msgs/msg/ConnectedClient.idl
[0.431s] -- Up-to-date: /home/jason/Desktop/STUDY/Cobra-Driver/workspace/install/rosbridge_msgs/share/rosbridge_msgs/msg/ConnectedClients.idl
[0.431s] -- Up-to-date: /home/jason/Desktop/STUDY/Cobra-Driver/workspace/install/rosbridge_msgs/share/rosbridge_msgs/msg/ConnectedClient.msg
[0.431s] -- Up-to-date: /home/jason/Desktop/STUDY/Cobra-Driver/workspace/install/rosbridge_msgs/share/rosbridge_msgs/msg/ConnectedClients.msg
[0.431s] -- Up-to-date: /home/jason/Desktop/STUDY/Cobra-Driver/workspace/install/rosbridge_msgs/share/ament_index/resource_index/package_run_dependencies/rosbridge_msgs
[0.431s] -- Up-to-date: /home/jason/Desktop/STUDY/Cobra-Driver/workspace/install/rosbridge_msgs/share/ament_index/resource_index/parent_prefix_path/rosbridge_msgs
[0.431s] -- Up-to-date: /home/jason/Desktop/STUDY/Cobra-Driver/workspace/install/rosbridge_msgs/share/rosbridge_msgs/environment/ament_prefix_path.sh
[0.431s] -- Up-to-date: /home/jason/Desktop/STUDY/Cobra-Driver/workspace/install/rosbridge_msgs/share/rosbridge_msgs/environment/ament_prefix_path.dsv
[0.431s] -- Up-to-date: /home/jason/Desktop/STUDY/Cobra-Driver/workspace/install/rosbridge_msgs/share/rosbridge_msgs/environment/path.sh
[0.431s] -- Up-to-date: /home/jason/Desktop/STUDY/Cobra-Driver/workspace/install/rosbridge_msgs/share/rosbridge_msgs/environment/path.dsv
[0.431s] -- Up-to-date: /home/jason/Desktop/STUDY/Cobra-Driver/workspace/install/rosbridge_msgs/share/rosbridge_msgs/local_setup.bash
[0.431s] -- Up-to-date: /home/jason/Desktop/STUDY/Cobra-Driver/workspace/install/rosbridge_msgs/share/rosbridge_msgs/local_setup.sh
[0.431s] -- Up-to-date: /home/jason/Desktop/STUDY/Cobra-Driver/workspace/install/rosbridge_msgs/share/rosbridge_msgs/local_setup.zsh
[0.431s] -- Up-to-date: /home/jason/Desktop/STUDY/Cobra-Driver/workspace/install/rosbridge_msgs/share/rosbridge_msgs/local_setup.dsv
[0.431s] -- Installing: /home/jason/Desktop/STUDY/Cobra-Driver/workspace/install/rosbridge_msgs/share/rosbridge_msgs/package.dsv
[0.432s] -- Up-to-date: /home/jason/Desktop/STUDY/Cobra-Driver/workspace/install/rosbridge_msgs/share/ament_index/resource_index/packages/rosbridge_msgs
[0.432s] -- Up-to-date: /home/jason/Desktop/STUDY/Cobra-Driver/workspace/install/rosbridge_msgs/share/rosbridge_msgs/cmake/export_rosbridge_msgs__rosidl_generator_cExport.cmake
[0.432s] -- Up-to-date: /home/jason/Desktop/STUDY/Cobra-Driver/workspace/install/rosbridge_msgs/share/rosbridge_msgs/cmake/export_rosbridge_msgs__rosidl_generator_cExport-noconfig.cmake
[0.432s] -- Up-to-date: /home/jason/Desktop/STUDY/Cobra-Driver/workspace/install/rosbridge_msgs/share/rosbridge_msgs/cmake/export_rosbridge_msgs__rosidl_typesupport_fastrtps_cExport.cmake
[0.432s] -- Up-to-date: /home/jason/Desktop/STUDY/Cobra-Driver/workspace/install/rosbridge_msgs/share/rosbridge_msgs/cmake/export_rosbridge_msgs__rosidl_typesupport_fastrtps_cExport-noconfig.cmake
[0.432s] -- Up-to-date: /home/jason/Desktop/STUDY/Cobra-Driver/workspace/install/rosbridge_msgs/share/rosbridge_msgs/cmake/export_rosbridge_msgs__rosidl_generator_cppExport.cmake
[0.432s] -- Up-to-date: /home/jason/Desktop/STUDY/Cobra-Driver/workspace/install/rosbridge_msgs/share/rosbridge_msgs/cmake/export_rosbridge_msgs__rosidl_typesupport_fastrtps_cppExport.cmake
[0.432s] -- Up-to-date: /home/jason/Desktop/STUDY/Cobra-Driver/workspace/install/rosbridge_msgs/share/rosbridge_msgs/cmake/export_rosbridge_msgs__rosidl_typesupport_fastrtps_cppExport-noconfig.cmake
[0.432s] -- Up-to-date: /home/jason/Desktop/STUDY/Cobra-Driver/workspace/install/rosbridge_msgs/share/rosbridge_msgs/cmake/rosbridge_msgs__rosidl_typesupport_introspection_cExport.cmake
[0.432s] -- Up-to-date: /home/jason/Desktop/STUDY/Cobra-Driver/workspace/install/rosbridge_msgs/share/rosbridge_msgs/cmake/rosbridge_msgs__rosidl_typesupport_introspection_cExport-noconfig.cmake
[0.432s] -- Up-to-date: /home/jason/Desktop/STUDY/Cobra-Driver/workspace/install/rosbridge_msgs/share/rosbridge_msgs/cmake/rosbridge_msgs__rosidl_typesupport_cExport.cmake
[0.432s] -- Up-to-date: /home/jason/Desktop/STUDY/Cobra-Driver/workspace/install/rosbridge_msgs/share/rosbridge_msgs/cmake/rosbridge_msgs__rosidl_typesupport_cExport-noconfig.cmake
[0.432s] -- Up-to-date: /home/jason/Desktop/STUDY/Cobra-Driver/workspace/install/rosbridge_msgs/share/rosbridge_msgs/cmake/rosbridge_msgs__rosidl_typesupport_introspection_cppExport.cmake
[0.432s] -- Up-to-date: /home/jason/Desktop/STUDY/Cobra-Driver/workspace/install/rosbridge_msgs/share/rosbridge_msgs/cmake/rosbridge_msgs__rosidl_typesupport_introspection_cppExport-noconfig.cmake
[0.433s] -- Up-to-date: /home/jason/Desktop/STUDY/Cobra-Driver/workspace/install/rosbridge_msgs/share/rosbridge_msgs/cmake/rosbridge_msgs__rosidl_typesupport_cppExport.cmake
[0.433s] -- Up-to-date: /home/jason/Desktop/STUDY/Cobra-Driver/workspace/install/rosbridge_msgs/share/rosbridge_msgs/cmake/rosbridge_msgs__rosidl_typesupport_cppExport-noconfig.cmake
[0.433s] -- Up-to-date: /home/jason/Desktop/STUDY/Cobra-Driver/workspace/install/rosbridge_msgs/share/rosbridge_msgs/cmake/export_rosbridge_msgs__rosidl_generator_pyExport.cmake
[0.433s] -- Up-to-date: /home/jason/Desktop/STUDY/Cobra-Driver/workspace/install/rosbridge_msgs/share/rosbridge_msgs/cmake/export_rosbridge_msgs__rosidl_generator_pyExport-noconfig.cmake
[0.433s] -- Up-to-date: /home/jason/Desktop/STUDY/Cobra-Driver/workspace/install/rosbridge_msgs/share/rosbridge_msgs/cmake/rosidl_cmake-extras.cmake
[0.433s] -- Up-to-date: /home/jason/Desktop/STUDY/Cobra-Driver/workspace/install/rosbridge_msgs/share/rosbridge_msgs/cmake/ament_cmake_export_dependencies-extras.cmake
[0.433s] -- Up-to-date: /home/jason/Desktop/STUDY/Cobra-Driver/workspace/install/rosbridge_msgs/share/rosbridge_msgs/cmake/ament_cmake_export_include_directories-extras.cmake
[0.433s] -- Up-to-date: /home/jason/Desktop/STUDY/Cobra-Driver/workspace/install/rosbridge_msgs/share/rosbridge_msgs/cmake/ament_cmake_export_libraries-extras.cmake
[0.433s] -- Up-to-date: /home/jason/Desktop/STUDY/Cobra-Driver/workspace/install/rosbridge_msgs/share/rosbridge_msgs/cmake/ament_cmake_export_targets-extras.cmake
[0.433s] -- Up-to-date: /home/jason/Desktop/STUDY/Cobra-Driver/workspace/install/rosbridge_msgs/share/rosbridge_msgs/cmake/rosidl_cmake_export_typesupport_targets-extras.cmake
[0.433s] -- Up-to-date: /home/jason/Desktop/STUDY/Cobra-Driver/workspace/install/rosbridge_msgs/share/rosbridge_msgs/cmake/rosidl_cmake_export_typesupport_libraries-extras.cmake
[0.433s] -- Up-to-date: /home/jason/Desktop/STUDY/Cobra-Driver/workspace/install/rosbridge_msgs/share/rosbridge_msgs/cmake/rosbridge_msgsConfig.cmake
[0.433s] -- Up-to-date: /home/jason/Desktop/STUDY/Cobra-Driver/workspace/install/rosbridge_msgs/share/rosbridge_msgs/cmake/rosbridge_msgsConfig-version.cmake
[0.433s] -- Up-to-date: /home/jason/Desktop/STUDY/Cobra-Driver/workspace/install/rosbridge_msgs/share/rosbridge_msgs/package.xml
[0.436s] Invoked command in '/home/jason/Desktop/STUDY/Cobra-Driver/workspace/build/rosbridge_msgs' returned '0': CMAKE_PREFIX_PATH=${CMAKE_PREFIX_PATH}:/home/jason/Desktop/STUDY/Cobra-Driver/workspace/install/udp_to_ros:/home/jason/Desktop/STUDY/Cobra-Driver/workspace/install/udp_float_receiver:/opt/ros/iron CONDA_PROMPT_MODIFIER=(base) /usr/bin/cmake --install /home/jason/Desktop/STUDY/Cobra-Driver/workspace/build/rosbridge_msgs
