[3.236s] Invoking command in '/home/jason/Desktop/STUDY/Cobra-Driver/workspace/src/udp_to_ros': PYTHONPATH=/home/jason/Desktop/STUDY/Cobra-Driver/workspace/build/udp_to_ros/prefix_override:/home/jason/Desktop/STUDY/Cobra-Driver/workspace/install/udp_to_ros/lib/python3.10/site-packages:${PYTHONPATH} /usr/bin/python3 setup.py egg_info --egg-base ../../build/udp_to_ros build --build-base /home/jason/Desktop/STUDY/Cobra-Driver/workspace/build/udp_to_ros/build install --record /home/jason/Desktop/STUDY/Cobra-Driver/workspace/build/udp_to_ros/install.log --single-version-externally-managed
[3.594s] running egg_info
[3.595s] writing ../../build/udp_to_ros/udp_to_ros.egg-info/PKG-INFO
[3.595s] writing dependency_links to ../../build/udp_to_ros/udp_to_ros.egg-info/dependency_links.txt
[3.595s] writing entry points to ../../build/udp_to_ros/udp_to_ros.egg-info/entry_points.txt
[3.595s] writing requirements to ../../build/udp_to_ros/udp_to_ros.egg-info/requires.txt
[3.595s] writing top-level names to ../../build/udp_to_ros/udp_to_ros.egg-info/top_level.txt
[3.777s] reading manifest file '../../build/udp_to_ros/udp_to_ros.egg-info/SOURCES.txt'
[3.780s] writing manifest file '../../build/udp_to_ros/udp_to_ros.egg-info/SOURCES.txt'
[3.780s] running build
[3.780s] running build_py
[3.780s] /home/jason/.local/lib/python3.10/site-packages/setuptools/_distutils/cmd.py:66: SetuptoolsDeprecationWarning: setup.py install is deprecated.
[3.781s] !!
[3.781s] 
[3.781s]         ********************************************************************************
[3.781s]         Please avoid running ``setup.py`` directly.
[3.781s]         Instead, use pypa/build, pypa/installer or other
[3.781s]         standards-based tools.
[3.781s] 
[3.782s]         See https://blog.ganssle.io/articles/2021/10/setup-py-deprecated.html for details.
[3.782s]         ********************************************************************************
[3.782s] 
[3.782s] !!
[3.782s]   self.initialize_options()
[3.782s] running install
[3.782s] running install_lib
[3.783s] running install_data
[3.786s] running install_egg_info
[3.812s] removing '/home/jason/Desktop/STUDY/Cobra-Driver/workspace/install/udp_to_ros/lib/python3.10/site-packages/udp_to_ros-0.0.0-py3.10.egg-info' (and everything under it)
[3.812s] Copying ../../build/udp_to_ros/udp_to_ros.egg-info to /home/jason/Desktop/STUDY/Cobra-Driver/workspace/install/udp_to_ros/lib/python3.10/site-packages/udp_to_ros-0.0.0-py3.10.egg-info
[3.813s] running install_scripts
[3.885s] Installing udp_listener script to /home/jason/Desktop/STUDY/Cobra-Driver/workspace/install/udp_to_ros/lib/udp_to_ros
[3.886s] writing list of installed files to '/home/jason/Desktop/STUDY/Cobra-Driver/workspace/build/udp_to_ros/install.log'
[4.674s] Invoked command in '/home/jason/Desktop/STUDY/Cobra-Driver/workspace/src/udp_to_ros' returned '0': PYTHONPATH=/home/jason/Desktop/STUDY/Cobra-Driver/workspace/build/udp_to_ros/prefix_override:/home/jason/Desktop/STUDY/Cobra-Driver/workspace/install/udp_to_ros/lib/python3.10/site-packages:${PYTHONPATH} /usr/bin/python3 setup.py egg_info --egg-base ../../build/udp_to_ros build --build-base /home/jason/Desktop/STUDY/Cobra-Driver/workspace/build/udp_to_ros/build install --record /home/jason/Desktop/STUDY/Cobra-Driver/workspace/build/udp_to_ros/install.log --single-version-externally-managed
