[1.019s] Invoking command in '/home/jason/Desktop/STUDY/Cobra-Driver/workspace/build/ndt_omp_ros2': CMAKE_PREFIX_PATH=${CMAKE_PREFIX_PATH}:/home/jason/Desktop/STUDY/Cobra-Driver/workspace/src/waypoint_seeker/install/waypoint_seeker:/home/jason/Desktop/STUDY/Cobra-Driver/workspace/install/yolov5_ros2:/home/jason/Desktop/STUDY/Cobra-Driver/workspace/install/waypoint_seeker:/home/jason/Desktop/STUDY/Cobra-Driver/workspace/install/udp_to_ros:/home/jason/Desktop/STUDY/Cobra-Driver/workspace/install/tcp_cam_sender:/home/jason/Desktop/STUDY/Cobra-Driver/workspace/install/ptcloud_save:/home/jason/Desktop/STUDY/Cobra-Driver/workspace/install/common:/opt/ros/iron /home/jason/.local/bin/cmake --build /home/jason/Desktop/STUDY/Cobra-Driver/workspace/build/ndt_omp_ros2 -- -j16 -l16
[2.507s] [ 66%] Built target ndt_omp
[2.507s] [100%] Built target align
[2.777s] Invoked command in '/home/jason/Desktop/STUDY/Cobra-Driver/workspace/build/ndt_omp_ros2' returned '0': CMAKE_PREFIX_PATH=${CMAKE_PREFIX_PATH}:/home/jason/Desktop/STUDY/Cobra-Driver/workspace/src/waypoint_seeker/install/waypoint_seeker:/home/jason/Desktop/STUDY/Cobra-Driver/workspace/install/yolov5_ros2:/home/jason/Desktop/STUDY/Cobra-Driver/workspace/install/waypoint_seeker:/home/jason/Desktop/STUDY/Cobra-Driver/workspace/install/udp_to_ros:/home/jason/Desktop/STUDY/Cobra-Driver/workspace/install/tcp_cam_sender:/home/jason/Desktop/STUDY/Cobra-Driver/workspace/install/ptcloud_save:/home/jason/Desktop/STUDY/Cobra-Driver/workspace/install/common:/opt/ros/iron /home/jason/.local/bin/cmake --build /home/jason/Desktop/STUDY/Cobra-Driver/workspace/build/ndt_omp_ros2 -- -j16 -l16
[2.910s] Invoking command in '/home/jason/Desktop/STUDY/Cobra-Driver/workspace/build/ndt_omp_ros2': CMAKE_PREFIX_PATH=${CMAKE_PREFIX_PATH}:/home/jason/Desktop/STUDY/Cobra-Driver/workspace/src/waypoint_seeker/install/waypoint_seeker:/home/jason/Desktop/STUDY/Cobra-Driver/workspace/install/yolov5_ros2:/home/jason/Desktop/STUDY/Cobra-Driver/workspace/install/waypoint_seeker:/home/jason/Desktop/STUDY/Cobra-Driver/workspace/install/udp_to_ros:/home/jason/Desktop/STUDY/Cobra-Driver/workspace/install/tcp_cam_sender:/home/jason/Desktop/STUDY/Cobra-Driver/workspace/install/ptcloud_save:/home/jason/Desktop/STUDY/Cobra-Driver/workspace/install/common:/opt/ros/iron /home/jason/.local/bin/cmake --install /home/jason/Desktop/STUDY/Cobra-Driver/workspace/build/ndt_omp_ros2
[2.959s] -- Install configuration: "RELEASE"
[2.959s] -- Up-to-date: /home/jason/Desktop/STUDY/Cobra-Driver/workspace/install/ndt_omp_ros2/lib/ndt_omp_ros2/align
[2.960s] -- Up-to-date: /home/jason/Desktop/STUDY/Cobra-Driver/workspace/install/ndt_omp_ros2/bin/align
[2.960s] -- Up-to-date: /home/jason/Desktop/STUDY/Cobra-Driver/workspace/install/ndt_omp_ros2/include
[2.960s] -- Up-to-date: /home/jason/Desktop/STUDY/Cobra-Driver/workspace/install/ndt_omp_ros2/include/pclomp
[2.960s] -- Up-to-date: /home/jason/Desktop/STUDY/Cobra-Driver/workspace/install/ndt_omp_ros2/include/pclomp/voxel_grid_covariance_omp_impl.hpp
[2.960s] -- Up-to-date: /home/jason/Desktop/STUDY/Cobra-Driver/workspace/install/ndt_omp_ros2/include/pclomp/gicp_omp_impl.hpp
[2.960s] -- Up-to-date: /home/jason/Desktop/STUDY/Cobra-Driver/workspace/install/ndt_omp_ros2/include/pclomp/ndt_omp.h
[2.960s] -- Up-to-date: /home/jason/Desktop/STUDY/Cobra-Driver/workspace/install/ndt_omp_ros2/include/pclomp/gicp_omp.h
[2.961s] -- Up-to-date: /home/jason/Desktop/STUDY/Cobra-Driver/workspace/install/ndt_omp_ros2/include/pclomp/ndt_omp_impl.hpp
[2.961s] -- Up-to-date: /home/jason/Desktop/STUDY/Cobra-Driver/workspace/install/ndt_omp_ros2/include/pclomp/voxel_grid_covariance_omp.h
[2.961s] -- Up-to-date: /home/jason/Desktop/STUDY/Cobra-Driver/workspace/install/ndt_omp_ros2/share/ament_index/resource_index/package_run_dependencies/ndt_omp_ros2
[2.961s] -- Up-to-date: /home/jason/Desktop/STUDY/Cobra-Driver/workspace/install/ndt_omp_ros2/share/ament_index/resource_index/parent_prefix_path/ndt_omp_ros2
[2.961s] -- Up-to-date: /home/jason/Desktop/STUDY/Cobra-Driver/workspace/install/ndt_omp_ros2/share/ndt_omp_ros2/environment/ament_prefix_path.sh
[2.961s] -- Up-to-date: /home/jason/Desktop/STUDY/Cobra-Driver/workspace/install/ndt_omp_ros2/share/ndt_omp_ros2/environment/ament_prefix_path.dsv
[2.961s] -- Up-to-date: /home/jason/Desktop/STUDY/Cobra-Driver/workspace/install/ndt_omp_ros2/share/ndt_omp_ros2/environment/path.sh
[2.961s] -- Up-to-date: /home/jason/Desktop/STUDY/Cobra-Driver/workspace/install/ndt_omp_ros2/share/ndt_omp_ros2/environment/path.dsv
[2.961s] -- Up-to-date: /home/jason/Desktop/STUDY/Cobra-Driver/workspace/install/ndt_omp_ros2/share/ndt_omp_ros2/local_setup.bash
[2.961s] -- Up-to-date: /home/jason/Desktop/STUDY/Cobra-Driver/workspace/install/ndt_omp_ros2/share/ndt_omp_ros2/local_setup.sh
[2.962s] -- Up-to-date: /home/jason/Desktop/STUDY/Cobra-Driver/workspace/install/ndt_omp_ros2/share/ndt_omp_ros2/local_setup.zsh
[2.962s] -- Up-to-date: /home/jason/Desktop/STUDY/Cobra-Driver/workspace/install/ndt_omp_ros2/share/ndt_omp_ros2/local_setup.dsv
[2.962s] -- Installing: /home/jason/Desktop/STUDY/Cobra-Driver/workspace/install/ndt_omp_ros2/share/ndt_omp_ros2/package.dsv
[2.962s] -- Up-to-date: /home/jason/Desktop/STUDY/Cobra-Driver/workspace/install/ndt_omp_ros2/share/ament_index/resource_index/packages/ndt_omp_ros2
[2.962s] -- Up-to-date: /home/jason/Desktop/STUDY/Cobra-Driver/workspace/install/ndt_omp_ros2/share/ndt_omp_ros2/cmake/ament_cmake_export_dependencies-extras.cmake
[2.962s] -- Up-to-date: /home/jason/Desktop/STUDY/Cobra-Driver/workspace/install/ndt_omp_ros2/share/ndt_omp_ros2/cmake/ament_cmake_export_include_directories-extras.cmake
[2.962s] -- Up-to-date: /home/jason/Desktop/STUDY/Cobra-Driver/workspace/install/ndt_omp_ros2/share/ndt_omp_ros2/cmake/ndt_omp_ros2Config.cmake
[2.962s] -- Up-to-date: /home/jason/Desktop/STUDY/Cobra-Driver/workspace/install/ndt_omp_ros2/share/ndt_omp_ros2/cmake/ndt_omp_ros2Config-version.cmake
[2.963s] -- Up-to-date: /home/jason/Desktop/STUDY/Cobra-Driver/workspace/install/ndt_omp_ros2/share/ndt_omp_ros2/package.xml
[3.153s] Invoked command in '/home/jason/Desktop/STUDY/Cobra-Driver/workspace/build/ndt_omp_ros2' returned '0': CMAKE_PREFIX_PATH=${CMAKE_PREFIX_PATH}:/home/jason/Desktop/STUDY/Cobra-Driver/workspace/src/waypoint_seeker/install/waypoint_seeker:/home/jason/Desktop/STUDY/Cobra-Driver/workspace/install/yolov5_ros2:/home/jason/Desktop/STUDY/Cobra-Driver/workspace/install/waypoint_seeker:/home/jason/Desktop/STUDY/Cobra-Driver/workspace/install/udp_to_ros:/home/jason/Desktop/STUDY/Cobra-Driver/workspace/install/tcp_cam_sender:/home/jason/Desktop/STUDY/Cobra-Driver/workspace/install/ptcloud_save:/home/jason/Desktop/STUDY/Cobra-Driver/workspace/install/common:/opt/ros/iron /home/jason/.local/bin/cmake --install /home/jason/Desktop/STUDY/Cobra-Driver/workspace/build/ndt_omp_ros2
