running egg_info
creating ../../build/tcp_cam_sender/tcp_cam_sender.egg-info
writing ../../build/tcp_cam_sender/tcp_cam_sender.egg-info/PKG-INFO
writing dependency_links to ../../build/tcp_cam_sender/tcp_cam_sender.egg-info/dependency_links.txt
writing entry points to ../../build/tcp_cam_sender/tcp_cam_sender.egg-info/entry_points.txt
writing requirements to ../../build/tcp_cam_sender/tcp_cam_sender.egg-info/requires.txt
writing top-level names to ../../build/tcp_cam_sender/tcp_cam_sender.egg-info/top_level.txt
writing manifest file '../../build/tcp_cam_sender/tcp_cam_sender.egg-info/SOURCES.txt'
reading manifest file '../../build/tcp_cam_sender/tcp_cam_sender.egg-info/SOURCES.txt'
writing manifest file '../../build/tcp_cam_sender/tcp_cam_sender.egg-info/SOURCES.txt'
running build
running build_py
creating /home/sbel/Desktop/Cobra-Driver/workspace/build/tcp_cam_sender/build
creating /home/sbel/Desktop/Cobra-Driver/workspace/build/tcp_cam_sender/build/lib
creating /home/sbel/Desktop/Cobra-Driver/workspace/build/tcp_cam_sender/build/lib/tcp_cam_sender
copying tcp_cam_sender/__init__.py -> /home/sbel/Desktop/Cobra-Driver/workspace/build/tcp_cam_sender/build/lib/tcp_cam_sender
copying tcp_cam_sender/tcp_cam_sender.py -> /home/sbel/Desktop/Cobra-Driver/workspace/build/tcp_cam_sender/build/lib/tcp_cam_sender
running install
/home/sbel/.local/lib/python3.8/site-packages/setuptools/_distutils/cmd.py:66: SetuptoolsDeprecationWarning: setup.py install is deprecated.
!!

        ********************************************************************************
        Please avoid running ``setup.py`` directly.
        Instead, use pypa/build, pypa/installer or other
        standards-based tools.

        See https://blog.ganssle.io/articles/2021/10/setup-py-deprecated.html for details.
        ********************************************************************************

!!
  self.initialize_options()
running install_lib
creating /home/sbel/Desktop/Cobra-Driver/workspace/install/tcp_cam_sender/lib/python3.8/site-packages/tcp_cam_sender
copying /home/sbel/Desktop/Cobra-Driver/workspace/build/tcp_cam_sender/build/lib/tcp_cam_sender/__init__.py -> /home/sbel/Desktop/Cobra-Driver/workspace/install/tcp_cam_sender/lib/python3.8/site-packages/tcp_cam_sender
copying /home/sbel/Desktop/Cobra-Driver/workspace/build/tcp_cam_sender/build/lib/tcp_cam_sender/tcp_cam_sender.py -> /home/sbel/Desktop/Cobra-Driver/workspace/install/tcp_cam_sender/lib/python3.8/site-packages/tcp_cam_sender
byte-compiling /home/sbel/Desktop/Cobra-Driver/workspace/install/tcp_cam_sender/lib/python3.8/site-packages/tcp_cam_sender/__init__.py to __init__.cpython-38.pyc
byte-compiling /home/sbel/Desktop/Cobra-Driver/workspace/install/tcp_cam_sender/lib/python3.8/site-packages/tcp_cam_sender/tcp_cam_sender.py to tcp_cam_sender.cpython-38.pyc
running install_data
creating /home/sbel/Desktop/Cobra-Driver/workspace/install/tcp_cam_sender/share/ament_index
creating /home/sbel/Desktop/Cobra-Driver/workspace/install/tcp_cam_sender/share/ament_index/resource_index
creating /home/sbel/Desktop/Cobra-Driver/workspace/install/tcp_cam_sender/share/ament_index/resource_index/packages
copying resource/tcp_cam_sender -> /home/sbel/Desktop/Cobra-Driver/workspace/install/tcp_cam_sender/share/ament_index/resource_index/packages
copying package.xml -> /home/sbel/Desktop/Cobra-Driver/workspace/install/tcp_cam_sender/share/tcp_cam_sender
running install_egg_info
Copying ../../build/tcp_cam_sender/tcp_cam_sender.egg-info to /home/sbel/Desktop/Cobra-Driver/workspace/install/tcp_cam_sender/lib/python3.8/site-packages/tcp_cam_sender-0.0.0-py3.8.egg-info
running install_scripts
Installing tcp_cam_sender script to /home/sbel/Desktop/Cobra-Driver/workspace/install/tcp_cam_sender/lib/tcp_cam_sender
writing list of installed files to '/home/sbel/Desktop/Cobra-Driver/workspace/build/tcp_cam_sender/install.log'
