[3.605s] Invoking command in '/home/sbel/Desktop/Cobra-Driver/workspace/src/tcp_cam_sender': PYTHONPATH=/home/sbel/Desktop/Cobra-Driver/workspace/build/tcp_cam_sender/prefix_override:/home/sbel/Desktop/Cobra-Driver/workspace/install/tcp_cam_sender/lib/python3.8/site-packages:${PYTHONPATH} /usr/bin/python3 setup.py egg_info --egg-base ../../build/tcp_cam_sender build --build-base /home/sbel/Desktop/Cobra-Driver/workspace/build/tcp_cam_sender/build install --record /home/sbel/Desktop/Cobra-Driver/workspace/build/tcp_cam_sender/install.log --single-version-externally-managed
[4.095s] running egg_info
[4.096s] creating ../../build/tcp_cam_sender/tcp_cam_sender.egg-info
[4.127s] writing ../../build/tcp_cam_sender/tcp_cam_sender.egg-info/PKG-INFO
[4.128s] writing dependency_links to ../../build/tcp_cam_sender/tcp_cam_sender.egg-info/dependency_links.txt
[4.129s] writing entry points to ../../build/tcp_cam_sender/tcp_cam_sender.egg-info/entry_points.txt
[4.129s] writing requirements to ../../build/tcp_cam_sender/tcp_cam_sender.egg-info/requires.txt
[4.129s] writing top-level names to ../../build/tcp_cam_sender/tcp_cam_sender.egg-info/top_level.txt
[4.344s] writing manifest file '../../build/tcp_cam_sender/tcp_cam_sender.egg-info/SOURCES.txt'
[4.411s] reading manifest file '../../build/tcp_cam_sender/tcp_cam_sender.egg-info/SOURCES.txt'
[4.413s] writing manifest file '../../build/tcp_cam_sender/tcp_cam_sender.egg-info/SOURCES.txt'
[4.413s] running build
[4.413s] running build_py
[4.414s] creating /home/sbel/Desktop/Cobra-Driver/workspace/build/tcp_cam_sender/build
[4.416s] creating /home/sbel/Desktop/Cobra-Driver/workspace/build/tcp_cam_sender/build/lib
[4.416s] creating /home/sbel/Desktop/Cobra-Driver/workspace/build/tcp_cam_sender/build/lib/tcp_cam_sender
[4.419s] copying tcp_cam_sender/__init__.py -> /home/sbel/Desktop/Cobra-Driver/workspace/build/tcp_cam_sender/build/lib/tcp_cam_sender
[4.419s] copying tcp_cam_sender/tcp_cam_sender.py -> /home/sbel/Desktop/Cobra-Driver/workspace/build/tcp_cam_sender/build/lib/tcp_cam_sender
[4.420s] running install
[4.422s] /home/sbel/.local/lib/python3.8/site-packages/setuptools/_distutils/cmd.py:66: SetuptoolsDeprecationWarning: setup.py install is deprecated.
[4.422s] !!
[4.422s] 
[4.423s]         ********************************************************************************
[4.423s]         Please avoid running ``setup.py`` directly.
[4.423s]         Instead, use pypa/build, pypa/installer or other
[4.423s]         standards-based tools.
[4.423s] 
[4.423s]         See https://blog.ganssle.io/articles/2021/10/setup-py-deprecated.html for details.
[4.423s]         ********************************************************************************
[4.423s] 
[4.424s] !!
[4.424s]   self.initialize_options()
[4.433s] running install_lib
[4.483s] creating /home/sbel/Desktop/Cobra-Driver/workspace/install/tcp_cam_sender/lib/python3.8/site-packages/tcp_cam_sender
[4.486s] copying /home/sbel/Desktop/Cobra-Driver/workspace/build/tcp_cam_sender/build/lib/tcp_cam_sender/__init__.py -> /home/sbel/Desktop/Cobra-Driver/workspace/install/tcp_cam_sender/lib/python3.8/site-packages/tcp_cam_sender
[4.489s] copying /home/sbel/Desktop/Cobra-Driver/workspace/build/tcp_cam_sender/build/lib/tcp_cam_sender/tcp_cam_sender.py -> /home/sbel/Desktop/Cobra-Driver/workspace/install/tcp_cam_sender/lib/python3.8/site-packages/tcp_cam_sender
[4.489s] byte-compiling /home/sbel/Desktop/Cobra-Driver/workspace/install/tcp_cam_sender/lib/python3.8/site-packages/tcp_cam_sender/__init__.py to __init__.cpython-38.pyc
[4.490s] byte-compiling /home/sbel/Desktop/Cobra-Driver/workspace/install/tcp_cam_sender/lib/python3.8/site-packages/tcp_cam_sender/tcp_cam_sender.py to tcp_cam_sender.cpython-38.pyc
[4.490s] running install_data
[4.505s] creating /home/sbel/Desktop/Cobra-Driver/workspace/install/tcp_cam_sender/share/ament_index
[4.505s] creating /home/sbel/Desktop/Cobra-Driver/workspace/install/tcp_cam_sender/share/ament_index/resource_index
[4.506s] creating /home/sbel/Desktop/Cobra-Driver/workspace/install/tcp_cam_sender/share/ament_index/resource_index/packages
[4.506s] copying resource/tcp_cam_sender -> /home/sbel/Desktop/Cobra-Driver/workspace/install/tcp_cam_sender/share/ament_index/resource_index/packages
[4.507s] copying package.xml -> /home/sbel/Desktop/Cobra-Driver/workspace/install/tcp_cam_sender/share/tcp_cam_sender
[4.507s] running install_egg_info
[4.541s] Copying ../../build/tcp_cam_sender/tcp_cam_sender.egg-info to /home/sbel/Desktop/Cobra-Driver/workspace/install/tcp_cam_sender/lib/python3.8/site-packages/tcp_cam_sender-0.0.0-py3.8.egg-info
[4.543s] running install_scripts
[4.650s] Installing tcp_cam_sender script to /home/sbel/Desktop/Cobra-Driver/workspace/install/tcp_cam_sender/lib/tcp_cam_sender
[4.650s] writing list of installed files to '/home/sbel/Desktop/Cobra-Driver/workspace/build/tcp_cam_sender/install.log'
[4.876s] Invoked command in '/home/sbel/Desktop/Cobra-Driver/workspace/src/tcp_cam_sender' returned '0': PYTHONPATH=/home/sbel/Desktop/Cobra-Driver/workspace/build/tcp_cam_sender/prefix_override:/home/sbel/Desktop/Cobra-Driver/workspace/install/tcp_cam_sender/lib/python3.8/site-packages:${PYTHONPATH} /usr/bin/python3 setup.py egg_info --egg-base ../../build/tcp_cam_sender build --build-base /home/sbel/Desktop/Cobra-Driver/workspace/build/tcp_cam_sender/build install --record /home/sbel/Desktop/Cobra-Driver/workspace/build/tcp_cam_sender/install.log --single-version-externally-managed
