[3.772s] Invoking command in '/home/jason/Desktop/STUDY/Cobra-Driver/workspace/src/ptcloud_save': PYTHONPATH=/home/jason/Desktop/STUDY/Cobra-Driver/workspace/build/ptcloud_save/prefix_override:/home/jason/Desktop/STUDY/Cobra-Driver/workspace/install/ptcloud_save/lib/python3.10/site-packages:${PYTHONPATH} /usr/bin/python3 setup.py egg_info --egg-base ../../build/ptcloud_save build --build-base /home/jason/Desktop/STUDY/Cobra-Driver/workspace/build/ptcloud_save/build install --record /home/jason/Desktop/STUDY/Cobra-Driver/workspace/build/ptcloud_save/install.log --single-version-externally-managed
[4.114s] running egg_info
[4.138s] writing ../../build/ptcloud_save/ptcloud_save.egg-info/PKG-INFO
[4.138s] writing dependency_links to ../../build/ptcloud_save/ptcloud_save.egg-info/dependency_links.txt
[4.138s] writing entry points to ../../build/ptcloud_save/ptcloud_save.egg-info/entry_points.txt
[4.138s] writing requirements to ../../build/ptcloud_save/ptcloud_save.egg-info/requires.txt
[4.138s] writing top-level names to ../../build/ptcloud_save/ptcloud_save.egg-info/top_level.txt
[4.153s] reading manifest file '../../build/ptcloud_save/ptcloud_save.egg-info/SOURCES.txt'
[4.154s] writing manifest file '../../build/ptcloud_save/ptcloud_save.egg-info/SOURCES.txt'
[4.156s] running build
[4.156s] running build_py
[4.156s] running install
[4.156s] /home/jason/.local/lib/python3.10/site-packages/setuptools/_distutils/cmd.py:66: SetuptoolsDeprecationWarning: setup.py install is deprecated.
[4.156s] !!
[4.156s] 
[4.156s]         ********************************************************************************
[4.156s]         Please avoid running ``setup.py`` directly.
[4.157s]         Instead, use pypa/build, pypa/installer or other
[4.157s]         standards-based tools.
[4.157s] 
[4.157s]         See https://blog.ganssle.io/articles/2021/10/setup-py-deprecated.html for details.
[4.157s]         ********************************************************************************
[4.157s] 
[4.157s] !!
[4.158s]   self.initialize_options()
[4.161s] running install_lib
[4.181s] running install_data
[4.202s] running install_egg_info
[4.222s] removing '/home/jason/Desktop/STUDY/Cobra-Driver/workspace/install/ptcloud_save/lib/python3.10/site-packages/ptcloud_save-0.0.0-py3.10.egg-info' (and everything under it)
[4.223s] Copying ../../build/ptcloud_save/ptcloud_save.egg-info to /home/jason/Desktop/STUDY/Cobra-Driver/workspace/install/ptcloud_save/lib/python3.10/site-packages/ptcloud_save-0.0.0-py3.10.egg-info
[4.224s] running install_scripts
[4.462s] Installing ptcloud_to_csv script to /home/jason/Desktop/STUDY/Cobra-Driver/workspace/install/ptcloud_save/lib/ptcloud_save
[4.462s] writing list of installed files to '/home/jason/Desktop/STUDY/Cobra-Driver/workspace/build/ptcloud_save/install.log'
[4.798s] Invoked command in '/home/jason/Desktop/STUDY/Cobra-Driver/workspace/src/ptcloud_save' returned '0': PYTHONPATH=/home/jason/Desktop/STUDY/Cobra-Driver/workspace/build/ptcloud_save/prefix_override:/home/jason/Desktop/STUDY/Cobra-Driver/workspace/install/ptcloud_save/lib/python3.10/site-packages:${PYTHONPATH} /usr/bin/python3 setup.py egg_info --egg-base ../../build/ptcloud_save build --build-base /home/jason/Desktop/STUDY/Cobra-Driver/workspace/build/ptcloud_save/build install --record /home/jason/Desktop/STUDY/Cobra-Driver/workspace/build/ptcloud_save/install.log --single-version-externally-managed
