[1.178s] Invoking command in '/home/jason/Desktop/STUDY/Cobra-Driver/workspace/src/common': PYTHONPATH=/home/jason/Desktop/STUDY/Cobra-Driver/workspace/build/common/prefix_override:/home/jason/Desktop/STUDY/Cobra-Driver/workspace/install/common/lib/python3.10/site-packages:${PYTHONPATH} /usr/bin/python3 setup.py egg_info --egg-base ../../build/common build --build-base /home/jason/Desktop/STUDY/Cobra-Driver/workspace/build/common/build install --record /home/jason/Desktop/STUDY/Cobra-Driver/workspace/build/common/install.log --single-version-externally-managed
[1.365s] running egg_info
[1.365s] creating ../../build/common/common.egg-info
[1.380s] writing ../../build/common/common.egg-info/PKG-INFO
[1.380s] writing dependency_links to ../../build/common/common.egg-info/dependency_links.txt
[1.380s] writing requirements to ../../build/common/common.egg-info/requires.txt
[1.380s] writing top-level names to ../../build/common/common.egg-info/top_level.txt
[1.380s] writing manifest file '../../build/common/common.egg-info/SOURCES.txt'
[1.409s] reading manifest file '../../build/common/common.egg-info/SOURCES.txt'
[1.410s] writing manifest file '../../build/common/common.egg-info/SOURCES.txt'
[1.410s] running build
[1.410s] running build_py
[1.411s] creating /home/jason/Desktop/STUDY/Cobra-Driver/workspace/build/common/build
[1.411s] creating /home/jason/Desktop/STUDY/Cobra-Driver/workspace/build/common/build/lib
[1.411s] creating /home/jason/Desktop/STUDY/Cobra-Driver/workspace/build/common/build/lib/common
[1.411s] copying common/__init__.py -> /home/jason/Desktop/STUDY/Cobra-Driver/workspace/build/common/build/lib/common
[1.411s] /home/jason/.local/lib/python3.10/site-packages/setuptools/_distutils/cmd.py:66: SetuptoolsDeprecationWarning: setup.py install is deprecated.
[1.411s] !!
[1.411s] 
[1.411s]         ********************************************************************************
[1.411s]         Please avoid running ``setup.py`` directly.
[1.411s]         Instead, use pypa/build, pypa/installer or other
[1.411s]         standards-based tools.
[1.411s] 
[1.411s]         See https://blog.ganssle.io/articles/2021/10/setup-py-deprecated.html for details.
[1.412s]         ********************************************************************************
[1.412s] 
[1.412s] !!
[1.412s]   self.initialize_options()
[1.412s] running install
[1.415s] running install_lib
[1.430s] creating /home/jason/Desktop/STUDY/Cobra-Driver/workspace/install/common/lib/python3.10/site-packages/common
[1.430s] copying /home/jason/Desktop/STUDY/Cobra-Driver/workspace/build/common/build/lib/common/__init__.py -> /home/jason/Desktop/STUDY/Cobra-Driver/workspace/install/common/lib/python3.10/site-packages/common
[1.430s] byte-compiling /home/jason/Desktop/STUDY/Cobra-Driver/workspace/install/common/lib/python3.10/site-packages/common/__init__.py to __init__.cpython-310.pyc
[1.430s] running install_data
[1.445s] creating /home/jason/Desktop/STUDY/Cobra-Driver/workspace/install/common/share/ament_index
[1.445s] creating /home/jason/Desktop/STUDY/Cobra-Driver/workspace/install/common/share/ament_index/resource_index
[1.445s] creating /home/jason/Desktop/STUDY/Cobra-Driver/workspace/install/common/share/ament_index/resource_index/packages
[1.445s] copying resource/common -> /home/jason/Desktop/STUDY/Cobra-Driver/workspace/install/common/share/ament_index/resource_index/packages
[1.445s] copying package.xml -> /home/jason/Desktop/STUDY/Cobra-Driver/workspace/install/common/share/common
[1.445s] copying remoteop.launch.py -> /home/jason/Desktop/STUDY/Cobra-Driver/workspace/install/common/share/common
[1.445s] running install_egg_info
[1.461s] Copying ../../build/common/common.egg-info to /home/jason/Desktop/STUDY/Cobra-Driver/workspace/install/common/lib/python3.10/site-packages/common-0.0.0-py3.10.egg-info
[1.461s] running install_scripts
[1.598s] writing list of installed files to '/home/jason/Desktop/STUDY/Cobra-Driver/workspace/build/common/install.log'
[1.630s] Invoked command in '/home/jason/Desktop/STUDY/Cobra-Driver/workspace/src/common' returned '0': PYTHONPATH=/home/jason/Desktop/STUDY/Cobra-Driver/workspace/build/common/prefix_override:/home/jason/Desktop/STUDY/Cobra-Driver/workspace/install/common/lib/python3.10/site-packages:${PYTHONPATH} /usr/bin/python3 setup.py egg_info --egg-base ../../build/common build --build-base /home/jason/Desktop/STUDY/Cobra-Driver/workspace/build/common/build install --record /home/jason/Desktop/STUDY/Cobra-Driver/workspace/build/common/install.log --single-version-externally-managed
