[0.009s] Invoking command in '/home/jason/Desktop/STUDY/Cobra-Driver/workspace/build/udp_float_receiver_cpp': CMAKE_PREFIX_PATH=${CMAKE_PREFIX_PATH}:/home/jason/Desktop/STUDY/Cobra-Driver/workspace/install/udp_float_receiver:/home/jason/ros2_ws/install/python_parameters:/home/jason/ros2_ws/install/py_srvcli:/home/jason/ros2_ws/install/py_pubsub:/opt/ros/iron CONDA_PROMPT_MODIFIER=(base) /usr/bin/cmake /home/jason/Desktop/STUDY/Cobra-Driver/workspace/udp_float_receiver_cpp -DCMAKE_INSTALL_PREFIX=/home/jason/Desktop/STUDY/Cobra-Driver/workspace/install/udp_float_receiver_cpp
[0.044s] -- The C compiler identification is GNU 11.4.0
[0.079s] -- The CXX compiler identification is GNU 11.4.0
[0.084s] -- Detecting C compiler ABI info
[0.126s] -- Detecting C compiler ABI info - done
[0.132s] -- Check for working C compiler: /usr/bin/cc - skipped
[0.132s] -- Detecting C compile features
[0.133s] -- Detecting C compile features - done
[0.135s] -- Detecting CXX compiler ABI info
[0.185s] -- Detecting CXX compiler ABI info - done
[0.191s] -- Check for working CXX compiler: /usr/bin/c++ - skipped
[0.192s] -- Detecting CXX compile features
[0.192s] -- Detecting CXX compile features - done
[0.194s] -- Found ament_cmake: 2.0.3 (/opt/ros/iron/share/ament_cmake/cmake)
[0.334s] -- Found Python3: /usr/bin/python3.10 (found version "3.10.12") found components: Interpreter 
[0.397s] -- Found rclcpp: 21.0.3 (/opt/ros/iron/share/rclcpp/cmake)
[0.433s] -- Found rosidl_generator_c: 4.0.1 (/opt/ros/iron/share/rosidl_generator_c/cmake)
[0.443s] -- Found rosidl_generator_cpp: 4.0.1 (/opt/ros/iron/share/rosidl_generator_cpp/cmake)
[0.457s] -- Using all available rosidl_typesupport_c: rosidl_typesupport_fastrtps_c;rosidl_typesupport_introspection_c
[0.473s] -- Using all available rosidl_typesupport_cpp: rosidl_typesupport_fastrtps_cpp;rosidl_typesupport_introspection_cpp
[0.611s] -- Found rmw_implementation_cmake: 7.1.0 (/opt/ros/iron/share/rmw_implementation_cmake/cmake)
[0.613s] -- Found rmw_fastrtps_cpp: 7.1.1 (/opt/ros/iron/share/rmw_fastrtps_cpp/cmake)
[0.693s] -- Found OpenSSL: /usr/lib/x86_64-linux-gnu/libcrypto.so (found version "3.0.2")  
[0.717s] -- Found FastRTPS: /opt/ros/iron/include  
[0.756s] -- Using RMW implementation 'rmw_fastrtps_cpp' as default
[0.902s] -- Found std_msgs: 5.0.0 (/opt/ros/iron/share/std_msgs/cmake)
[0.929s] -- Found rosidl_default_generators: 1.5.0 (/opt/ros/iron/share/rosidl_default_generators/cmake)
[0.940s] -- Found rosidl_adapter: 4.0.1 (/opt/ros/iron/share/rosidl_adapter/cmake)
[1.173s] -- Found ament_cmake_ros: 0.11.2 (/opt/ros/iron/share/ament_cmake_ros/cmake)
[1.445s] -- Using all available rosidl_typesupport_c: rosidl_typesupport_fastrtps_c;rosidl_typesupport_introspection_c
[1.561s] -- Using all available rosidl_typesupport_cpp: rosidl_typesupport_fastrtps_cpp;rosidl_typesupport_introspection_cpp
[1.583s] -- Found PythonInterp: /home/jason/anaconda3/bin/python3 (found suitable version "3.9.13", minimum required is "3.6") 
[1.585s] -- Found python_cmake_module: 0.10.2 (/opt/ros/iron/share/python_cmake_module/cmake)
[1.610s] -- Found PythonLibs: /home/jason/anaconda3/lib/libpython3.9.so (found suitable version "3.9.13", minimum required is "3.5") 
[1.610s] -- Using PYTHON_EXECUTABLE: /home/jason/anaconda3/bin/python3
[1.610s] -- Using PYTHON_INCLUDE_DIRS: /home/jason/anaconda3/include/python3.9
[1.610s] -- Using PYTHON_LIBRARIES: /home/jason/anaconda3/lib/libpython3.9.so
[1.630s] -- Found PythonExtra: .so  
[1.799s] -- Using numpy include directory: /home/jason/anaconda3/lib/python3.9/site-packages/numpy/core/include
[1.809s] [31mCMake Error at /opt/ros/iron/share/ament_cmake_target_dependencies/cmake/ament_target_dependencies.cmake:42 (message):
[1.809s]   ament_target_dependencies() the first argument must be a valid target name
[1.809s] Call Stack (most recent call first):
[1.809s]   CMakeLists.txt:20 (ament_target_dependencies)
[1.809s] 
[1.809s] [0m
[1.809s] -- Configuring incomplete, errors occurred!
[1.809s] See also "/home/jason/Desktop/STUDY/Cobra-Driver/workspace/build/udp_float_receiver_cpp/CMakeFiles/CMakeOutput.log".
[1.816s] Invoked command in '/home/jason/Desktop/STUDY/Cobra-Driver/workspace/build/udp_float_receiver_cpp' returned '1': CMAKE_PREFIX_PATH=${CMAKE_PREFIX_PATH}:/home/jason/Desktop/STUDY/Cobra-Driver/workspace/install/udp_float_receiver:/home/jason/ros2_ws/install/python_parameters:/home/jason/ros2_ws/install/py_srvcli:/home/jason/ros2_ws/install/py_pubsub:/opt/ros/iron CONDA_PROMPT_MODIFIER=(base) /usr/bin/cmake /home/jason/Desktop/STUDY/Cobra-Driver/workspace/udp_float_receiver_cpp -DCMAKE_INSTALL_PREFIX=/home/jason/Desktop/STUDY/Cobra-Driver/workspace/install/udp_float_receiver_cpp
