-- The C compiler identification is GNU 11.4.0
-- The CXX compiler identification is GNU 11.4.0
-- Detecting C compiler ABI info
-- Detecting C compiler ABI info - done
-- Check for working C compiler: /usr/bin/cc - skipped
-- Detecting C compile features
-- Detecting C compile features - done
-- Detecting CXX compiler ABI info
-- Detecting CXX compiler ABI info - done
-- Check for working CXX compiler: /usr/bin/c++ - skipped
-- Detecting CXX compile features
-- Detecting CXX compile features - done
-- Found ament_cmake_auto: 2.0.3 (/opt/ros/iron/share/ament_cmake_auto/cmake)
-- Found Python3: /usr/bin/python3.10 (found version "3.10.12") found components: Interpreter 
-- Using all available rosidl_typesupport_c: rosidl_typesupport_fastrtps_c;rosidl_typesupport_introspection_c
-- Using all available rosidl_typesupport_cpp: rosidl_typesupport_fastrtps_cpp;rosidl_typesupport_introspection_cpp
-- Found rosidl_adapter: 4.0.1 (/opt/ros/iron/share/rosidl_adapter/cmake)
-- Found ament_cmake_ros: 0.11.2 (/opt/ros/iron/share/ament_cmake_ros/cmake)
-- Using all available rosidl_typesupport_c: rosidl_typesupport_fastrtps_c;rosidl_typesupport_introspection_c
-- Using all available rosidl_typesupport_cpp: rosidl_typesupport_fastrtps_cpp;rosidl_typesupport_introspection_cpp
[33mCMake Warning (dev) at /opt/ros/iron/share/rosidl_generator_py/cmake/rosidl_generator_py_generate_interfaces.cmake:20 (find_package):
  Policy CMP0148 is not set: The FindPythonInterp and FindPythonLibs modules
  are removed.  Run "cmake --help-policy CMP0148" for policy details.  Use
  the cmake_policy command to set the policy and suppress this warning.

Call Stack (most recent call first):
  /opt/ros/iron/share/ament_cmake_core/cmake/core/ament_execute_extensions.cmake:48 (include)
  /opt/ros/iron/share/rosidl_cmake/cmake/rosidl_generate_interfaces.cmake:316 (ament_execute_extensions)
  CMakeLists.txt:22 (rosidl_generate_interfaces)
This warning is for project developers.  Use -Wno-dev to suppress it.
[0m
-- Found PythonInterp: /usr/bin/python3 (found suitable version "3.10.12", minimum required is "3.6") 
-- Found python_cmake_module: 0.10.2 (/opt/ros/iron/share/python_cmake_module/cmake)
[33mCMake Warning (dev) at /opt/ros/iron/share/python_cmake_module/cmake/Modules/FindPythonExtra.cmake:52 (find_package):
  Policy CMP0148 is not set: The FindPythonInterp and FindPythonLibs modules
  are removed.  Run "cmake --help-policy CMP0148" for policy details.  Use
  the cmake_policy command to set the policy and suppress this warning.

Call Stack (most recent call first):
  /opt/ros/iron/share/rosidl_generator_py/cmake/rosidl_generator_py_generate_interfaces.cmake:23 (find_package)
  /opt/ros/iron/share/ament_cmake_core/cmake/core/ament_execute_extensions.cmake:48 (include)
  /opt/ros/iron/share/rosidl_cmake/cmake/rosidl_generate_interfaces.cmake:316 (ament_execute_extensions)
  CMakeLists.txt:22 (rosidl_generate_interfaces)
This warning is for project developers.  Use -Wno-dev to suppress it.
[0m
[33mCMake Warning (dev) at /opt/ros/iron/share/python_cmake_module/cmake/Modules/FindPythonExtra.cmake:140 (find_package):
  Policy CMP0148 is not set: The FindPythonInterp and FindPythonLibs modules
  are removed.  Run "cmake --help-policy CMP0148" for policy details.  Use
  the cmake_policy command to set the policy and suppress this warning.

Call Stack (most recent call first):
  /opt/ros/iron/share/rosidl_generator_py/cmake/rosidl_generator_py_generate_interfaces.cmake:23 (find_package)
  /opt/ros/iron/share/ament_cmake_core/cmake/core/ament_execute_extensions.cmake:48 (include)
  /opt/ros/iron/share/rosidl_cmake/cmake/rosidl_generate_interfaces.cmake:316 (ament_execute_extensions)
  CMakeLists.txt:22 (rosidl_generate_interfaces)
This warning is for project developers.  Use -Wno-dev to suppress it.
[0m
-- Found PythonLibs: /usr/lib/x86_64-linux-gnu/libpython3.10.so (found suitable version "3.10.12", minimum required is "3.5") 
-- Using PYTHON_EXECUTABLE: /usr/bin/python3
-- Using PYTHON_INCLUDE_DIRS: /usr/include/python3.10
-- Using PYTHON_LIBRARIES: /usr/lib/x86_64-linux-gnu/libpython3.10.so
-- Found PythonExtra: .so  
-- Found ament_lint_auto: 0.14.2 (/opt/ros/iron/share/ament_lint_auto/cmake)
-- Added test 'copyright' to check source files copyright and LICENSE
-- Added test 'lint_cmake' to check CMake code style
-- Added test 'xmllint' to check XML markup files
-- Configuring done (4.0s)
-- Generating done (0.1s)
-- Build files have been written to: /home/jason/Desktop/STUDY/Cobra-Driver/workspace/build/lidarslam_msgs
[  2%] [34m[1mGenerating type hashes for ROS interfaces[0m
[  2%] Built target ament_cmake_python_copy_lidarslam_msgs
running egg_info
creating lidarslam_msgs.egg-info
[  2%] Built target lidarslam_msgs__rosidl_generator_type_description
[  4%] [34m[1mGenerating C code for ROS interfaces[0m
[  6%] [34m[1mGenerating C++ code for ROS interfaces[0m
writing lidarslam_msgs.egg-info/PKG-INFO
writing dependency_links to lidarslam_msgs.egg-info/dependency_links.txt
writing top-level names to lidarslam_msgs.egg-info/top_level.txt
writing manifest file 'lidarslam_msgs.egg-info/SOURCES.txt'
reading manifest file 'lidarslam_msgs.egg-info/SOURCES.txt'
writing manifest file 'lidarslam_msgs.egg-info/SOURCES.txt'
[  6%] Built target ament_cmake_python_build_lidarslam_msgs_egg
[  6%] Built target lidarslam_msgs__cpp
[  9%] [32mBuilding C object CMakeFiles/lidarslam_msgs__rosidl_generator_c.dir/rosidl_generator_c/lidarslam_msgs/msg/detail/sub_map__description.c.o[0m
[ 11%] [32mBuilding C object CMakeFiles/lidarslam_msgs__rosidl_generator_c.dir/rosidl_generator_c/lidarslam_msgs/msg/detail/sub_map__functions.c.o[0m
[ 13%] [32mBuilding C object CMakeFiles/lidarslam_msgs__rosidl_generator_c.dir/rosidl_generator_c/lidarslam_msgs/msg/detail/sub_map__type_support.c.o[0m
[ 15%] [32mBuilding C object CMakeFiles/lidarslam_msgs__rosidl_generator_c.dir/rosidl_generator_c/lidarslam_msgs/msg/detail/map_array__functions.c.o[0m
[ 18%] [32mBuilding C object CMakeFiles/lidarslam_msgs__rosidl_generator_c.dir/rosidl_generator_c/lidarslam_msgs/msg/detail/map_array__description.c.o[0m
[ 20%] [32mBuilding C object CMakeFiles/lidarslam_msgs__rosidl_generator_c.dir/rosidl_generator_c/lidarslam_msgs/msg/detail/map_array__type_support.c.o[0m
[ 22%] [32m[1mLinking C shared library liblidarslam_msgs__rosidl_generator_c.so[0m
[ 22%] Built target lidarslam_msgs__rosidl_generator_c
[ 25%] [34m[1mGenerating C++ type support dispatch for ROS interfaces[0m
[ 27%] [34m[1mGenerating C introspection for ROS interfaces[0m
[ 29%] [34m[1mGenerating C type support dispatch for ROS interfaces[0m
[ 31%] [34m[1mGenerating C type support for eProsima Fast-RTPS[0m
[ 34%] [34m[1mGenerating C++ introspection for ROS interfaces[0m
[ 36%] [34m[1mGenerating C++ type support for eProsima Fast-RTPS[0m
[ 38%] [32mBuilding CXX object CMakeFiles/lidarslam_msgs__rosidl_typesupport_cpp.dir/rosidl_typesupport_cpp/lidarslam_msgs/msg/map_array__type_support.cpp.o[0m
[ 40%] [32mBuilding CXX object CMakeFiles/lidarslam_msgs__rosidl_typesupport_cpp.dir/rosidl_typesupport_cpp/lidarslam_msgs/msg/sub_map__type_support.cpp.o[0m
[ 43%] [32mBuilding CXX object CMakeFiles/lidarslam_msgs__rosidl_typesupport_fastrtps_c.dir/rosidl_typesupport_fastrtps_c/lidarslam_msgs/msg/detail/sub_map__type_support_c.cpp.o[0m
[ 45%] [32mBuilding CXX object CMakeFiles/lidarslam_msgs__rosidl_typesupport_fastrtps_c.dir/rosidl_typesupport_fastrtps_c/lidarslam_msgs/msg/detail/map_array__type_support_c.cpp.o[0m
[ 47%] [32mBuilding CXX object CMakeFiles/lidarslam_msgs__rosidl_typesupport_fastrtps_cpp.dir/rosidl_typesupport_fastrtps_cpp/lidarslam_msgs/msg/detail/dds_fastrtps/sub_map__type_support.cpp.o[0m
[ 50%] [32mBuilding CXX object CMakeFiles/lidarslam_msgs__rosidl_typesupport_c.dir/rosidl_typesupport_c/lidarslam_msgs/msg/sub_map__type_support.cpp.o[0m
[ 52%] [32mBuilding CXX object CMakeFiles/lidarslam_msgs__rosidl_typesupport_fastrtps_cpp.dir/rosidl_typesupport_fastrtps_cpp/lidarslam_msgs/msg/detail/dds_fastrtps/map_array__type_support.cpp.o[0m
[ 54%] [32mBuilding CXX object CMakeFiles/lidarslam_msgs__rosidl_typesupport_c.dir/rosidl_typesupport_c/lidarslam_msgs/msg/map_array__type_support.cpp.o[0m
[ 56%] [32mBuilding C object CMakeFiles/lidarslam_msgs__rosidl_typesupport_introspection_c.dir/rosidl_typesupport_introspection_c/lidarslam_msgs/msg/detail/sub_map__type_support.c.o[0m
[ 59%] [32mBuilding C object CMakeFiles/lidarslam_msgs__rosidl_typesupport_introspection_c.dir/rosidl_typesupport_introspection_c/lidarslam_msgs/msg/detail/map_array__type_support.c.o[0m
[ 61%] [32mBuilding CXX object CMakeFiles/lidarslam_msgs__rosidl_typesupport_introspection_cpp.dir/rosidl_typesupport_introspection_cpp/lidarslam_msgs/msg/detail/sub_map__type_support.cpp.o[0m
[ 63%] [32mBuilding CXX object CMakeFiles/lidarslam_msgs__rosidl_typesupport_introspection_cpp.dir/rosidl_typesupport_introspection_cpp/lidarslam_msgs/msg/detail/map_array__type_support.cpp.o[0m
[ 65%] [32m[1mLinking CXX shared library liblidarslam_msgs__rosidl_typesupport_c.so[0m
[ 68%] [32m[1mLinking C shared library liblidarslam_msgs__rosidl_typesupport_introspection_c.so[0m
[ 68%] Built target lidarslam_msgs__rosidl_typesupport_introspection_c
[ 70%] [32m[1mLinking CXX shared library liblidarslam_msgs__rosidl_typesupport_fastrtps_c.so[0m
[ 70%] Built target lidarslam_msgs__rosidl_typesupport_c
[ 70%] Built target lidarslam_msgs__rosidl_typesupport_fastrtps_c
[ 72%] [32m[1mLinking CXX shared library liblidarslam_msgs__rosidl_typesupport_cpp.so[0m
[ 72%] Built target lidarslam_msgs__rosidl_typesupport_cpp
[ 75%] [32m[1mLinking CXX shared library liblidarslam_msgs__rosidl_typesupport_introspection_cpp.so[0m
[ 75%] Built target lidarslam_msgs__rosidl_typesupport_introspection_cpp
[ 77%] [32m[1mLinking CXX shared library liblidarslam_msgs__rosidl_typesupport_fastrtps_cpp.so[0m
[ 77%] Built target lidarslam_msgs__rosidl_typesupport_fastrtps_cpp
[ 77%] Built target lidarslam_msgs
[ 79%] [34m[1mGenerating Python code for ROS interfaces[0m
[ 79%] Built target lidarslam_msgs__py
[ 81%] [32mBuilding C object CMakeFiles/lidarslam_msgs__rosidl_generator_py.dir/rosidl_generator_py/lidarslam_msgs/msg/_map_array_s.c.o[0m
[ 84%] [32mBuilding C object CMakeFiles/lidarslam_msgs__rosidl_generator_py.dir/rosidl_generator_py/lidarslam_msgs/msg/_sub_map_s.c.o[0m
[ 86%] [32m[1mLinking C shared library rosidl_generator_py/lidarslam_msgs/liblidarslam_msgs__rosidl_generator_py.so[0m
[ 86%] Built target lidarslam_msgs__rosidl_generator_py
[ 88%] [32mBuilding C object CMakeFiles/lidarslam_msgs__rosidl_typesupport_introspection_c__pyext.dir/rosidl_generator_py/lidarslam_msgs/_lidarslam_msgs_s.ep.rosidl_typesupport_introspection_c.c.o[0m
[ 90%] [32mBuilding C object CMakeFiles/lidarslam_msgs__rosidl_typesupport_fastrtps_c__pyext.dir/rosidl_generator_py/lidarslam_msgs/_lidarslam_msgs_s.ep.rosidl_typesupport_fastrtps_c.c.o[0m
[ 93%] [32mBuilding C object CMakeFiles/lidarslam_msgs__rosidl_typesupport_c__pyext.dir/rosidl_generator_py/lidarslam_msgs/_lidarslam_msgs_s.ep.rosidl_typesupport_c.c.o[0m
[ 95%] [32m[1mLinking C shared library rosidl_generator_py/lidarslam_msgs/lidarslam_msgs_s__rosidl_typesupport_c.cpython-310-x86_64-linux-gnu.so[0m
[ 97%] [32m[1mLinking C shared library rosidl_generator_py/lidarslam_msgs/lidarslam_msgs_s__rosidl_typesupport_fastrtps_c.cpython-310-x86_64-linux-gnu.so[0m
[100%] [32m[1mLinking C shared library rosidl_generator_py/lidarslam_msgs/lidarslam_msgs_s__rosidl_typesupport_introspection_c.cpython-310-x86_64-linux-gnu.so[0m
[100%] Built target lidarslam_msgs__rosidl_typesupport_c__pyext
[100%] Built target lidarslam_msgs__rosidl_typesupport_fastrtps_c__pyext
[100%] Built target lidarslam_msgs__rosidl_typesupport_introspection_c__pyext
-- Install configuration: ""
-- Installing: /home/jason/Desktop/STUDY/Cobra-Driver/workspace/install/lidarslam_msgs/share/ament_index/resource_index/rosidl_interfaces/lidarslam_msgs
-- Installing: /home/jason/Desktop/STUDY/Cobra-Driver/workspace/install/lidarslam_msgs/share/lidarslam_msgs/msg/SubMap.json
-- Installing: /home/jason/Desktop/STUDY/Cobra-Driver/workspace/install/lidarslam_msgs/share/lidarslam_msgs/msg/MapArray.json
-- Installing: /home/jason/Desktop/STUDY/Cobra-Driver/workspace/install/lidarslam_msgs/include/lidarslam_msgs/lidarslam_msgs
-- Installing: /home/jason/Desktop/STUDY/Cobra-Driver/workspace/install/lidarslam_msgs/include/lidarslam_msgs/lidarslam_msgs/msg
-- Installing: /home/jason/Desktop/STUDY/Cobra-Driver/workspace/install/lidarslam_msgs/include/lidarslam_msgs/lidarslam_msgs/msg/rosidl_generator_c__visibility_control.h
-- Installing: /home/jason/Desktop/STUDY/Cobra-Driver/workspace/install/lidarslam_msgs/include/lidarslam_msgs/lidarslam_msgs/msg/map_array.h
-- Installing: /home/jason/Desktop/STUDY/Cobra-Driver/workspace/install/lidarslam_msgs/include/lidarslam_msgs/lidarslam_msgs/msg/sub_map.h
-- Installing: /home/jason/Desktop/STUDY/Cobra-Driver/workspace/install/lidarslam_msgs/include/lidarslam_msgs/lidarslam_msgs/msg/detail
-- Installing: /home/jason/Desktop/STUDY/Cobra-Driver/workspace/install/lidarslam_msgs/include/lidarslam_msgs/lidarslam_msgs/msg/detail/sub_map__functions.h
-- Installing: /home/jason/Desktop/STUDY/Cobra-Driver/workspace/install/lidarslam_msgs/include/lidarslam_msgs/lidarslam_msgs/msg/detail/map_array__struct.h
-- Installing: /home/jason/Desktop/STUDY/Cobra-Driver/workspace/install/lidarslam_msgs/include/lidarslam_msgs/lidarslam_msgs/msg/detail/map_array__type_support.c
-- Installing: /home/jason/Desktop/STUDY/Cobra-Driver/workspace/install/lidarslam_msgs/include/lidarslam_msgs/lidarslam_msgs/msg/detail/sub_map__struct.h
-- Installing: /home/jason/Desktop/STUDY/Cobra-Driver/workspace/install/lidarslam_msgs/include/lidarslam_msgs/lidarslam_msgs/msg/detail/sub_map__description.c
-- Installing: /home/jason/Desktop/STUDY/Cobra-Driver/workspace/install/lidarslam_msgs/include/lidarslam_msgs/lidarslam_msgs/msg/detail/map_array__description.c
-- Installing: /home/jason/Desktop/STUDY/Cobra-Driver/workspace/install/lidarslam_msgs/include/lidarslam_msgs/lidarslam_msgs/msg/detail/sub_map__type_support.c
-- Installing: /home/jason/Desktop/STUDY/Cobra-Driver/workspace/install/lidarslam_msgs/include/lidarslam_msgs/lidarslam_msgs/msg/detail/sub_map__type_support.h
-- Installing: /home/jason/Desktop/STUDY/Cobra-Driver/workspace/install/lidarslam_msgs/include/lidarslam_msgs/lidarslam_msgs/msg/detail/sub_map__functions.c
-- Installing: /home/jason/Desktop/STUDY/Cobra-Driver/workspace/install/lidarslam_msgs/include/lidarslam_msgs/lidarslam_msgs/msg/detail/map_array__functions.h
-- Installing: /home/jason/Desktop/STUDY/Cobra-Driver/workspace/install/lidarslam_msgs/include/lidarslam_msgs/lidarslam_msgs/msg/detail/map_array__functions.c
-- Installing: /home/jason/Desktop/STUDY/Cobra-Driver/workspace/install/lidarslam_msgs/include/lidarslam_msgs/lidarslam_msgs/msg/detail/map_array__type_support.h
-- Installing: /home/jason/Desktop/STUDY/Cobra-Driver/workspace/install/lidarslam_msgs/share/lidarslam_msgs/environment/library_path.sh
-- Installing: /home/jason/Desktop/STUDY/Cobra-Driver/workspace/install/lidarslam_msgs/share/lidarslam_msgs/environment/library_path.dsv
-- Installing: /home/jason/Desktop/STUDY/Cobra-Driver/workspace/install/lidarslam_msgs/lib/liblidarslam_msgs__rosidl_generator_c.so
-- Set runtime path of "/home/jason/Desktop/STUDY/Cobra-Driver/workspace/install/lidarslam_msgs/lib/liblidarslam_msgs__rosidl_generator_c.so" to ""
-- Up-to-date: /home/jason/Desktop/STUDY/Cobra-Driver/workspace/install/lidarslam_msgs/include/lidarslam_msgs/lidarslam_msgs
-- Up-to-date: /home/jason/Desktop/STUDY/Cobra-Driver/workspace/install/lidarslam_msgs/include/lidarslam_msgs/lidarslam_msgs/msg
-- Installing: /home/jason/Desktop/STUDY/Cobra-Driver/workspace/install/lidarslam_msgs/include/lidarslam_msgs/lidarslam_msgs/msg/rosidl_typesupport_fastrtps_c__visibility_control.h
-- Up-to-date: /home/jason/Desktop/STUDY/Cobra-Driver/workspace/install/lidarslam_msgs/include/lidarslam_msgs/lidarslam_msgs/msg/detail
-- Installing: /home/jason/Desktop/STUDY/Cobra-Driver/workspace/install/lidarslam_msgs/include/lidarslam_msgs/lidarslam_msgs/msg/detail/map_array__rosidl_typesupport_fastrtps_c.h
-- Installing: /home/jason/Desktop/STUDY/Cobra-Driver/workspace/install/lidarslam_msgs/include/lidarslam_msgs/lidarslam_msgs/msg/detail/sub_map__rosidl_typesupport_fastrtps_c.h
-- Installing: /home/jason/Desktop/STUDY/Cobra-Driver/workspace/install/lidarslam_msgs/lib/liblidarslam_msgs__rosidl_typesupport_fastrtps_c.so
-- Set runtime path of "/home/jason/Desktop/STUDY/Cobra-Driver/workspace/install/lidarslam_msgs/lib/liblidarslam_msgs__rosidl_typesupport_fastrtps_c.so" to ""
-- Up-to-date: /home/jason/Desktop/STUDY/Cobra-Driver/workspace/install/lidarslam_msgs/include/lidarslam_msgs/lidarslam_msgs
-- Up-to-date: /home/jason/Desktop/STUDY/Cobra-Driver/workspace/install/lidarslam_msgs/include/lidarslam_msgs/lidarslam_msgs/msg
-- Installing: /home/jason/Desktop/STUDY/Cobra-Driver/workspace/install/lidarslam_msgs/include/lidarslam_msgs/lidarslam_msgs/msg/rosidl_typesupport_introspection_c__visibility_control.h
-- Up-to-date: /home/jason/Desktop/STUDY/Cobra-Driver/workspace/install/lidarslam_msgs/include/lidarslam_msgs/lidarslam_msgs/msg/detail
-- Installing: /home/jason/Desktop/STUDY/Cobra-Driver/workspace/install/lidarslam_msgs/include/lidarslam_msgs/lidarslam_msgs/msg/detail/map_array__type_support.c
-- Installing: /home/jason/Desktop/STUDY/Cobra-Driver/workspace/install/lidarslam_msgs/include/lidarslam_msgs/lidarslam_msgs/msg/detail/map_array__rosidl_typesupport_introspection_c.h
-- Up-to-date: /home/jason/Desktop/STUDY/Cobra-Driver/workspace/install/lidarslam_msgs/include/lidarslam_msgs/lidarslam_msgs/msg/detail/sub_map__type_support.c
-- Installing: /home/jason/Desktop/STUDY/Cobra-Driver/workspace/install/lidarslam_msgs/include/lidarslam_msgs/lidarslam_msgs/msg/detail/sub_map__rosidl_typesupport_introspection_c.h
-- Installing: /home/jason/Desktop/STUDY/Cobra-Driver/workspace/install/lidarslam_msgs/lib/liblidarslam_msgs__rosidl_typesupport_introspection_c.so
-- Set runtime path of "/home/jason/Desktop/STUDY/Cobra-Driver/workspace/install/lidarslam_msgs/lib/liblidarslam_msgs__rosidl_typesupport_introspection_c.so" to ""
-- Installing: /home/jason/Desktop/STUDY/Cobra-Driver/workspace/install/lidarslam_msgs/lib/liblidarslam_msgs__rosidl_typesupport_c.so
-- Set runtime path of "/home/jason/Desktop/STUDY/Cobra-Driver/workspace/install/lidarslam_msgs/lib/liblidarslam_msgs__rosidl_typesupport_c.so" to ""
-- Up-to-date: /home/jason/Desktop/STUDY/Cobra-Driver/workspace/install/lidarslam_msgs/include/lidarslam_msgs/lidarslam_msgs
-- Up-to-date: /home/jason/Desktop/STUDY/Cobra-Driver/workspace/install/lidarslam_msgs/include/lidarslam_msgs/lidarslam_msgs/msg
-- Installing: /home/jason/Desktop/STUDY/Cobra-Driver/workspace/install/lidarslam_msgs/include/lidarslam_msgs/lidarslam_msgs/msg/sub_map.hpp
-- Installing: /home/jason/Desktop/STUDY/Cobra-Driver/workspace/install/lidarslam_msgs/include/lidarslam_msgs/lidarslam_msgs/msg/map_array.hpp
-- Up-to-date: /home/jason/Desktop/STUDY/Cobra-Driver/workspace/install/lidarslam_msgs/include/lidarslam_msgs/lidarslam_msgs/msg/detail
-- Installing: /home/jason/Desktop/STUDY/Cobra-Driver/workspace/install/lidarslam_msgs/include/lidarslam_msgs/lidarslam_msgs/msg/detail/sub_map__traits.hpp
-- Installing: /home/jason/Desktop/STUDY/Cobra-Driver/workspace/install/lidarslam_msgs/include/lidarslam_msgs/lidarslam_msgs/msg/detail/sub_map__builder.hpp
-- Installing: /home/jason/Desktop/STUDY/Cobra-Driver/workspace/install/lidarslam_msgs/include/lidarslam_msgs/lidarslam_msgs/msg/detail/sub_map__struct.hpp
-- Installing: /home/jason/Desktop/STUDY/Cobra-Driver/workspace/install/lidarslam_msgs/include/lidarslam_msgs/lidarslam_msgs/msg/detail/map_array__traits.hpp
-- Installing: /home/jason/Desktop/STUDY/Cobra-Driver/workspace/install/lidarslam_msgs/include/lidarslam_msgs/lidarslam_msgs/msg/detail/map_array__struct.hpp
-- Installing: /home/jason/Desktop/STUDY/Cobra-Driver/workspace/install/lidarslam_msgs/include/lidarslam_msgs/lidarslam_msgs/msg/detail/map_array__builder.hpp
-- Up-to-date: /home/jason/Desktop/STUDY/Cobra-Driver/workspace/install/lidarslam_msgs/include/lidarslam_msgs/lidarslam_msgs
-- Up-to-date: /home/jason/Desktop/STUDY/Cobra-Driver/workspace/install/lidarslam_msgs/include/lidarslam_msgs/lidarslam_msgs/msg
-- Installing: /home/jason/Desktop/STUDY/Cobra-Driver/workspace/install/lidarslam_msgs/include/lidarslam_msgs/lidarslam_msgs/msg/rosidl_typesupport_fastrtps_cpp__visibility_control.h
-- Up-to-date: /home/jason/Desktop/STUDY/Cobra-Driver/workspace/install/lidarslam_msgs/include/lidarslam_msgs/lidarslam_msgs/msg/detail
-- Installing: /home/jason/Desktop/STUDY/Cobra-Driver/workspace/install/lidarslam_msgs/include/lidarslam_msgs/lidarslam_msgs/msg/detail/sub_map__rosidl_typesupport_fastrtps_cpp.hpp
-- Installing: /home/jason/Desktop/STUDY/Cobra-Driver/workspace/install/lidarslam_msgs/include/lidarslam_msgs/lidarslam_msgs/msg/detail/dds_fastrtps
-- Installing: /home/jason/Desktop/STUDY/Cobra-Driver/workspace/install/lidarslam_msgs/include/lidarslam_msgs/lidarslam_msgs/msg/detail/map_array__rosidl_typesupport_fastrtps_cpp.hpp
-- Installing: /home/jason/Desktop/STUDY/Cobra-Driver/workspace/install/lidarslam_msgs/lib/liblidarslam_msgs__rosidl_typesupport_fastrtps_cpp.so
-- Set runtime path of "/home/jason/Desktop/STUDY/Cobra-Driver/workspace/install/lidarslam_msgs/lib/liblidarslam_msgs__rosidl_typesupport_fastrtps_cpp.so" to ""
-- Up-to-date: /home/jason/Desktop/STUDY/Cobra-Driver/workspace/install/lidarslam_msgs/include/lidarslam_msgs/lidarslam_msgs
-- Up-to-date: /home/jason/Desktop/STUDY/Cobra-Driver/workspace/install/lidarslam_msgs/include/lidarslam_msgs/lidarslam_msgs/msg
-- Up-to-date: /home/jason/Desktop/STUDY/Cobra-Driver/workspace/install/lidarslam_msgs/include/lidarslam_msgs/lidarslam_msgs/msg/detail
-- Installing: /home/jason/Desktop/STUDY/Cobra-Driver/workspace/install/lidarslam_msgs/include/lidarslam_msgs/lidarslam_msgs/msg/detail/map_array__rosidl_typesupport_introspection_cpp.hpp
-- Installing: /home/jason/Desktop/STUDY/Cobra-Driver/workspace/install/lidarslam_msgs/include/lidarslam_msgs/lidarslam_msgs/msg/detail/map_array__type_support.cpp
-- Installing: /home/jason/Desktop/STUDY/Cobra-Driver/workspace/install/lidarslam_msgs/include/lidarslam_msgs/lidarslam_msgs/msg/detail/sub_map__type_support.cpp
-- Installing: /home/jason/Desktop/STUDY/Cobra-Driver/workspace/install/lidarslam_msgs/include/lidarslam_msgs/lidarslam_msgs/msg/detail/sub_map__rosidl_typesupport_introspection_cpp.hpp
-- Installing: /home/jason/Desktop/STUDY/Cobra-Driver/workspace/install/lidarslam_msgs/lib/liblidarslam_msgs__rosidl_typesupport_introspection_cpp.so
-- Set runtime path of "/home/jason/Desktop/STUDY/Cobra-Driver/workspace/install/lidarslam_msgs/lib/liblidarslam_msgs__rosidl_typesupport_introspection_cpp.so" to ""
-- Installing: /home/jason/Desktop/STUDY/Cobra-Driver/workspace/install/lidarslam_msgs/lib/liblidarslam_msgs__rosidl_typesupport_cpp.so
-- Set runtime path of "/home/jason/Desktop/STUDY/Cobra-Driver/workspace/install/lidarslam_msgs/lib/liblidarslam_msgs__rosidl_typesupport_cpp.so" to ""
-- Installing: /home/jason/Desktop/STUDY/Cobra-Driver/workspace/install/lidarslam_msgs/share/lidarslam_msgs/environment/pythonpath.sh
-- Installing: /home/jason/Desktop/STUDY/Cobra-Driver/workspace/install/lidarslam_msgs/share/lidarslam_msgs/environment/pythonpath.dsv
-- Installing: /home/jason/Desktop/STUDY/Cobra-Driver/workspace/install/lidarslam_msgs/lib/python3.10/site-packages/lidarslam_msgs-0.0.0-py3.10.egg-info
-- Installing: /home/jason/Desktop/STUDY/Cobra-Driver/workspace/install/lidarslam_msgs/lib/python3.10/site-packages/lidarslam_msgs-0.0.0-py3.10.egg-info/top_level.txt
-- Installing: /home/jason/Desktop/STUDY/Cobra-Driver/workspace/install/lidarslam_msgs/lib/python3.10/site-packages/lidarslam_msgs-0.0.0-py3.10.egg-info/dependency_links.txt
-- Installing: /home/jason/Desktop/STUDY/Cobra-Driver/workspace/install/lidarslam_msgs/lib/python3.10/site-packages/lidarslam_msgs-0.0.0-py3.10.egg-info/SOURCES.txt
-- Installing: /home/jason/Desktop/STUDY/Cobra-Driver/workspace/install/lidarslam_msgs/lib/python3.10/site-packages/lidarslam_msgs-0.0.0-py3.10.egg-info/PKG-INFO
-- Installing: /home/jason/Desktop/STUDY/Cobra-Driver/workspace/install/lidarslam_msgs/lib/python3.10/site-packages/lidarslam_msgs
-- Installing: /home/jason/Desktop/STUDY/Cobra-Driver/workspace/install/lidarslam_msgs/lib/python3.10/site-packages/lidarslam_msgs/lidarslam_msgs_s__rosidl_typesupport_c.cpython-310-x86_64-linux-gnu.so
-- Installing: /home/jason/Desktop/STUDY/Cobra-Driver/workspace/install/lidarslam_msgs/lib/python3.10/site-packages/lidarslam_msgs/_lidarslam_msgs_s.ep.rosidl_typesupport_fastrtps_c.c
-- Installing: /home/jason/Desktop/STUDY/Cobra-Driver/workspace/install/lidarslam_msgs/lib/python3.10/site-packages/lidarslam_msgs/_lidarslam_msgs_s.ep.rosidl_typesupport_introspection_c.c
-- Installing: /home/jason/Desktop/STUDY/Cobra-Driver/workspace/install/lidarslam_msgs/lib/python3.10/site-packages/lidarslam_msgs/lidarslam_msgs_s__rosidl_typesupport_introspection_c.cpython-310-x86_64-linux-gnu.so
-- Installing: /home/jason/Desktop/STUDY/Cobra-Driver/workspace/install/lidarslam_msgs/lib/python3.10/site-packages/lidarslam_msgs/__init__.py
-- Installing: /home/jason/Desktop/STUDY/Cobra-Driver/workspace/install/lidarslam_msgs/lib/python3.10/site-packages/lidarslam_msgs/_lidarslam_msgs_s.ep.rosidl_typesupport_c.c
-- Installing: /home/jason/Desktop/STUDY/Cobra-Driver/workspace/install/lidarslam_msgs/lib/python3.10/site-packages/lidarslam_msgs/lidarslam_msgs_s__rosidl_typesupport_fastrtps_c.cpython-310-x86_64-linux-gnu.so
-- Installing: /home/jason/Desktop/STUDY/Cobra-Driver/workspace/install/lidarslam_msgs/lib/python3.10/site-packages/lidarslam_msgs/msg
-- Installing: /home/jason/Desktop/STUDY/Cobra-Driver/workspace/install/lidarslam_msgs/lib/python3.10/site-packages/lidarslam_msgs/msg/_sub_map_s.c
-- Installing: /home/jason/Desktop/STUDY/Cobra-Driver/workspace/install/lidarslam_msgs/lib/python3.10/site-packages/lidarslam_msgs/msg/_map_array.py
-- Installing: /home/jason/Desktop/STUDY/Cobra-Driver/workspace/install/lidarslam_msgs/lib/python3.10/site-packages/lidarslam_msgs/msg/__init__.py
-- Installing: /home/jason/Desktop/STUDY/Cobra-Driver/workspace/install/lidarslam_msgs/lib/python3.10/site-packages/lidarslam_msgs/msg/_sub_map.py
-- Installing: /home/jason/Desktop/STUDY/Cobra-Driver/workspace/install/lidarslam_msgs/lib/python3.10/site-packages/lidarslam_msgs/msg/_map_array_s.c
-- Installing: /home/jason/Desktop/STUDY/Cobra-Driver/workspace/install/lidarslam_msgs/lib/python3.10/site-packages/lidarslam_msgs/liblidarslam_msgs__rosidl_generator_py.so
Listing '/home/jason/Desktop/STUDY/Cobra-Driver/workspace/install/lidarslam_msgs/lib/python3.10/site-packages/lidarslam_msgs'...
Compiling '/home/jason/Desktop/STUDY/Cobra-Driver/workspace/install/lidarslam_msgs/lib/python3.10/site-packages/lidarslam_msgs/__init__.py'...
Listing '/home/jason/Desktop/STUDY/Cobra-Driver/workspace/install/lidarslam_msgs/lib/python3.10/site-packages/lidarslam_msgs/msg'...
Compiling '/home/jason/Desktop/STUDY/Cobra-Driver/workspace/install/lidarslam_msgs/lib/python3.10/site-packages/lidarslam_msgs/msg/__init__.py'...
Compiling '/home/jason/Desktop/STUDY/Cobra-Driver/workspace/install/lidarslam_msgs/lib/python3.10/site-packages/lidarslam_msgs/msg/_map_array.py'...
Compiling '/home/jason/Desktop/STUDY/Cobra-Driver/workspace/install/lidarslam_msgs/lib/python3.10/site-packages/lidarslam_msgs/msg/_sub_map.py'...
-- Installing: /home/jason/Desktop/STUDY/Cobra-Driver/workspace/install/lidarslam_msgs/lib/python3.10/site-packages/lidarslam_msgs/lidarslam_msgs_s__rosidl_typesupport_fastrtps_c.cpython-310-x86_64-linux-gnu.so
-- Set runtime path of "/home/jason/Desktop/STUDY/Cobra-Driver/workspace/install/lidarslam_msgs/lib/python3.10/site-packages/lidarslam_msgs/lidarslam_msgs_s__rosidl_typesupport_fastrtps_c.cpython-310-x86_64-linux-gnu.so" to ""
-- Installing: /home/jason/Desktop/STUDY/Cobra-Driver/workspace/install/lidarslam_msgs/lib/python3.10/site-packages/lidarslam_msgs/lidarslam_msgs_s__rosidl_typesupport_introspection_c.cpython-310-x86_64-linux-gnu.so
-- Set runtime path of "/home/jason/Desktop/STUDY/Cobra-Driver/workspace/install/lidarslam_msgs/lib/python3.10/site-packages/lidarslam_msgs/lidarslam_msgs_s__rosidl_typesupport_introspection_c.cpython-310-x86_64-linux-gnu.so" to ""
-- Installing: /home/jason/Desktop/STUDY/Cobra-Driver/workspace/install/lidarslam_msgs/lib/python3.10/site-packages/lidarslam_msgs/lidarslam_msgs_s__rosidl_typesupport_c.cpython-310-x86_64-linux-gnu.so
-- Set runtime path of "/home/jason/Desktop/STUDY/Cobra-Driver/workspace/install/lidarslam_msgs/lib/python3.10/site-packages/lidarslam_msgs/lidarslam_msgs_s__rosidl_typesupport_c.cpython-310-x86_64-linux-gnu.so" to ""
-- Installing: /home/jason/Desktop/STUDY/Cobra-Driver/workspace/install/lidarslam_msgs/lib/liblidarslam_msgs__rosidl_generator_py.so
-- Set runtime path of "/home/jason/Desktop/STUDY/Cobra-Driver/workspace/install/lidarslam_msgs/lib/liblidarslam_msgs__rosidl_generator_py.so" to ""
-- Installing: /home/jason/Desktop/STUDY/Cobra-Driver/workspace/install/lidarslam_msgs/share/lidarslam_msgs/msg/SubMap.idl
-- Installing: /home/jason/Desktop/STUDY/Cobra-Driver/workspace/install/lidarslam_msgs/share/lidarslam_msgs/msg/MapArray.idl
-- Installing: /home/jason/Desktop/STUDY/Cobra-Driver/workspace/install/lidarslam_msgs/share/lidarslam_msgs/msg/SubMap.msg
-- Installing: /home/jason/Desktop/STUDY/Cobra-Driver/workspace/install/lidarslam_msgs/share/lidarslam_msgs/msg/MapArray.msg
-- Installing: /home/jason/Desktop/STUDY/Cobra-Driver/workspace/install/lidarslam_msgs/share/ament_index/resource_index/package_run_dependencies/lidarslam_msgs
-- Installing: /home/jason/Desktop/STUDY/Cobra-Driver/workspace/install/lidarslam_msgs/share/ament_index/resource_index/parent_prefix_path/lidarslam_msgs
-- Installing: /home/jason/Desktop/STUDY/Cobra-Driver/workspace/install/lidarslam_msgs/share/lidarslam_msgs/environment/ament_prefix_path.sh
-- Installing: /home/jason/Desktop/STUDY/Cobra-Driver/workspace/install/lidarslam_msgs/share/lidarslam_msgs/environment/ament_prefix_path.dsv
-- Installing: /home/jason/Desktop/STUDY/Cobra-Driver/workspace/install/lidarslam_msgs/share/lidarslam_msgs/environment/path.sh
-- Installing: /home/jason/Desktop/STUDY/Cobra-Driver/workspace/install/lidarslam_msgs/share/lidarslam_msgs/environment/path.dsv
-- Installing: /home/jason/Desktop/STUDY/Cobra-Driver/workspace/install/lidarslam_msgs/share/lidarslam_msgs/local_setup.bash
-- Installing: /home/jason/Desktop/STUDY/Cobra-Driver/workspace/install/lidarslam_msgs/share/lidarslam_msgs/local_setup.sh
-- Installing: /home/jason/Desktop/STUDY/Cobra-Driver/workspace/install/lidarslam_msgs/share/lidarslam_msgs/local_setup.zsh
-- Installing: /home/jason/Desktop/STUDY/Cobra-Driver/workspace/install/lidarslam_msgs/share/lidarslam_msgs/local_setup.dsv
-- Installing: /home/jason/Desktop/STUDY/Cobra-Driver/workspace/install/lidarslam_msgs/share/lidarslam_msgs/package.dsv
-- Installing: /home/jason/Desktop/STUDY/Cobra-Driver/workspace/install/lidarslam_msgs/share/ament_index/resource_index/packages/lidarslam_msgs
-- Installing: /home/jason/Desktop/STUDY/Cobra-Driver/workspace/install/lidarslam_msgs/share/lidarslam_msgs/cmake/export_lidarslam_msgs__rosidl_generator_cExport.cmake
-- Installing: /home/jason/Desktop/STUDY/Cobra-Driver/workspace/install/lidarslam_msgs/share/lidarslam_msgs/cmake/export_lidarslam_msgs__rosidl_generator_cExport-noconfig.cmake
-- Installing: /home/jason/Desktop/STUDY/Cobra-Driver/workspace/install/lidarslam_msgs/share/lidarslam_msgs/cmake/export_lidarslam_msgs__rosidl_typesupport_fastrtps_cExport.cmake
-- Installing: /home/jason/Desktop/STUDY/Cobra-Driver/workspace/install/lidarslam_msgs/share/lidarslam_msgs/cmake/export_lidarslam_msgs__rosidl_typesupport_fastrtps_cExport-noconfig.cmake
-- Installing: /home/jason/Desktop/STUDY/Cobra-Driver/workspace/install/lidarslam_msgs/share/lidarslam_msgs/cmake/lidarslam_msgs__rosidl_typesupport_introspection_cExport.cmake
-- Installing: /home/jason/Desktop/STUDY/Cobra-Driver/workspace/install/lidarslam_msgs/share/lidarslam_msgs/cmake/lidarslam_msgs__rosidl_typesupport_introspection_cExport-noconfig.cmake
-- Installing: /home/jason/Desktop/STUDY/Cobra-Driver/workspace/install/lidarslam_msgs/share/lidarslam_msgs/cmake/lidarslam_msgs__rosidl_typesupport_cExport.cmake
-- Installing: /home/jason/Desktop/STUDY/Cobra-Driver/workspace/install/lidarslam_msgs/share/lidarslam_msgs/cmake/lidarslam_msgs__rosidl_typesupport_cExport-noconfig.cmake
-- Installing: /home/jason/Desktop/STUDY/Cobra-Driver/workspace/install/lidarslam_msgs/share/lidarslam_msgs/cmake/export_lidarslam_msgs__rosidl_generator_cppExport.cmake
-- Installing: /home/jason/Desktop/STUDY/Cobra-Driver/workspace/install/lidarslam_msgs/share/lidarslam_msgs/cmake/export_lidarslam_msgs__rosidl_typesupport_fastrtps_cppExport.cmake
-- Installing: /home/jason/Desktop/STUDY/Cobra-Driver/workspace/install/lidarslam_msgs/share/lidarslam_msgs/cmake/export_lidarslam_msgs__rosidl_typesupport_fastrtps_cppExport-noconfig.cmake
-- Installing: /home/jason/Desktop/STUDY/Cobra-Driver/workspace/install/lidarslam_msgs/share/lidarslam_msgs/cmake/lidarslam_msgs__rosidl_typesupport_introspection_cppExport.cmake
-- Installing: /home/jason/Desktop/STUDY/Cobra-Driver/workspace/install/lidarslam_msgs/share/lidarslam_msgs/cmake/lidarslam_msgs__rosidl_typesupport_introspection_cppExport-noconfig.cmake
-- Installing: /home/jason/Desktop/STUDY/Cobra-Driver/workspace/install/lidarslam_msgs/share/lidarslam_msgs/cmake/lidarslam_msgs__rosidl_typesupport_cppExport.cmake
-- Installing: /home/jason/Desktop/STUDY/Cobra-Driver/workspace/install/lidarslam_msgs/share/lidarslam_msgs/cmake/lidarslam_msgs__rosidl_typesupport_cppExport-noconfig.cmake
-- Installing: /home/jason/Desktop/STUDY/Cobra-Driver/workspace/install/lidarslam_msgs/share/lidarslam_msgs/cmake/export_lidarslam_msgs__rosidl_generator_pyExport.cmake
-- Installing: /home/jason/Desktop/STUDY/Cobra-Driver/workspace/install/lidarslam_msgs/share/lidarslam_msgs/cmake/export_lidarslam_msgs__rosidl_generator_pyExport-noconfig.cmake
-- Installing: /home/jason/Desktop/STUDY/Cobra-Driver/workspace/install/lidarslam_msgs/share/lidarslam_msgs/cmake/rosidl_cmake-extras.cmake
-- Installing: /home/jason/Desktop/STUDY/Cobra-Driver/workspace/install/lidarslam_msgs/share/lidarslam_msgs/cmake/ament_cmake_export_dependencies-extras.cmake
-- Installing: /home/jason/Desktop/STUDY/Cobra-Driver/workspace/install/lidarslam_msgs/share/lidarslam_msgs/cmake/ament_cmake_export_include_directories-extras.cmake
-- Installing: /home/jason/Desktop/STUDY/Cobra-Driver/workspace/install/lidarslam_msgs/share/lidarslam_msgs/cmake/ament_cmake_export_libraries-extras.cmake
-- Installing: /home/jason/Desktop/STUDY/Cobra-Driver/workspace/install/lidarslam_msgs/share/lidarslam_msgs/cmake/ament_cmake_export_targets-extras.cmake
-- Installing: /home/jason/Desktop/STUDY/Cobra-Driver/workspace/install/lidarslam_msgs/share/lidarslam_msgs/cmake/rosidl_cmake_export_typesupport_targets-extras.cmake
-- Installing: /home/jason/Desktop/STUDY/Cobra-Driver/workspace/install/lidarslam_msgs/share/lidarslam_msgs/cmake/rosidl_cmake_export_typesupport_libraries-extras.cmake
-- Installing: /home/jason/Desktop/STUDY/Cobra-Driver/workspace/install/lidarslam_msgs/share/lidarslam_msgs/cmake/lidarslam_msgsConfig.cmake
-- Installing: /home/jason/Desktop/STUDY/Cobra-Driver/workspace/install/lidarslam_msgs/share/lidarslam_msgs/cmake/lidarslam_msgsConfig-version.cmake
-- Installing: /home/jason/Desktop/STUDY/Cobra-Driver/workspace/install/lidarslam_msgs/share/lidarslam_msgs/package.xml
