[0.566s] DEBUG:colcon:Command line arguments: ['/usr/bin/colcon', 'build']
[0.566s] DEBUG:colcon:Parsed command line arguments: Namespace(allow_overriding=[], ament_cmake_args=None, base_paths=['.'], build_base='build', catkin_cmake_args=None, catkin_skip_building_tests=False, cmake_args=None, cmake_clean_cache=False, cmake_clean_first=False, cmake_force_configure=False, cmake_target=None, cmake_target_skip_unavailable=False, continue_on_error=False, event_handlers=None, executor='parallel', ignore_user_meta=False, install_base='install', log_base=None, log_level=None, main=<bound method BuildVerb.main of <colcon_core.verb.build.BuildVerb object at 0xffff8fc1fe20>>, merge_install=False, metas=['./colcon.meta'], packages_above=None, packages_above_and_dependencies=None, packages_above_depth=None, packages_end=None, packages_ignore=None, packages_ignore_regex=None, packages_select=None, packages_select_build_failed=False, packages_select_by_dep=None, packages_select_regex=None, packages_select_test_failures=False, packages_skip=None, packages_skip_build_finished=False, packages_skip_by_dep=None, packages_skip_regex=None, packages_skip_test_passed=False, packages_skip_up_to=None, packages_start=None, packages_up_to=None, packages_up_to_regex=None, parallel_workers=8, paths=None, symlink_install=False, test_result_base=None, verb_extension=<colcon_core.verb.build.BuildVerb object at 0xffff8fc1fe20>, verb_name='build', verb_parser=<colcon_defaults.argument_parser.defaults.DefaultArgumentsDecorator object at 0xffff8fb857c0>)
[0.653s] Level 1:colcon.colcon_core.package_discovery:discover_packages(colcon_meta) check parameters
[0.653s] Level 1:colcon.colcon_core.package_discovery:discover_packages(recursive) check parameters
[0.653s] Level 1:colcon.colcon_core.package_discovery:discover_packages(ignore) check parameters
[0.653s] Level 1:colcon.colcon_core.package_discovery:discover_packages(path) check parameters
[0.654s] Level 1:colcon.colcon_core.package_discovery:discover_packages(colcon_meta) discover
[0.654s] Level 1:colcon.colcon_core.package_discovery:discover_packages(recursive) discover
[0.654s] INFO:colcon.colcon_core.package_discovery:Crawling recursively for packages in '/home/sbel/Desktop/Cobra-Driver/workspace'
[0.654s] Level 1:colcon.colcon_core.package_identification:_identify(.) by extensions ['ignore', 'ignore_ament_install']
[0.655s] Level 1:colcon.colcon_core.package_identification:_identify(.) by extension 'ignore'
[0.655s] Level 1:colcon.colcon_core.package_identification:_identify(.) by extension 'ignore_ament_install'
[0.655s] Level 1:colcon.colcon_core.package_identification:_identify(.) by extensions ['colcon_pkg']
[0.655s] Level 1:colcon.colcon_core.package_identification:_identify(.) by extension 'colcon_pkg'
[0.655s] Level 1:colcon.colcon_core.package_identification:_identify(.) by extensions ['colcon_meta']
[0.655s] Level 1:colcon.colcon_core.package_identification:_identify(.) by extension 'colcon_meta'
[0.655s] Level 1:colcon.colcon_core.package_identification:_identify(.) by extensions ['ros']
[0.655s] Level 1:colcon.colcon_core.package_identification:_identify(.) by extension 'ros'
[0.685s] Level 1:colcon.colcon_core.package_identification:_identify(.) by extensions ['cmake', 'python']
[0.685s] Level 1:colcon.colcon_core.package_identification:_identify(.) by extension 'cmake'
[0.685s] Level 1:colcon.colcon_core.package_identification:_identify(.) by extension 'python'
[0.685s] Level 1:colcon.colcon_core.package_identification:_identify(.) by extensions ['python_setup_py']
[0.686s] Level 1:colcon.colcon_core.package_identification:_identify(.) by extension 'python_setup_py'
[0.686s] Level 1:colcon.colcon_core.package_identification:_identify(build) by extensions ['ignore', 'ignore_ament_install']
[0.686s] Level 1:colcon.colcon_core.package_identification:_identify(build) by extension 'ignore'
[0.686s] Level 1:colcon.colcon_core.package_identification:_identify(build) ignored
[0.687s] Level 1:colcon.colcon_core.package_identification:_identify(install) by extensions ['ignore', 'ignore_ament_install']
[0.687s] Level 1:colcon.colcon_core.package_identification:_identify(install) by extension 'ignore'
[0.687s] Level 1:colcon.colcon_core.package_identification:_identify(install) ignored
[0.687s] Level 1:colcon.colcon_core.package_identification:_identify(log) by extensions ['ignore', 'ignore_ament_install']
[0.687s] Level 1:colcon.colcon_core.package_identification:_identify(log) by extension 'ignore'
[0.687s] Level 1:colcon.colcon_core.package_identification:_identify(log) ignored
[0.688s] Level 1:colcon.colcon_core.package_identification:_identify(src) by extensions ['ignore', 'ignore_ament_install']
[0.688s] Level 1:colcon.colcon_core.package_identification:_identify(src) by extension 'ignore'
[0.688s] Level 1:colcon.colcon_core.package_identification:_identify(src) by extension 'ignore_ament_install'
[0.688s] Level 1:colcon.colcon_core.package_identification:_identify(src) by extensions ['colcon_pkg']
[0.688s] Level 1:colcon.colcon_core.package_identification:_identify(src) by extension 'colcon_pkg'
[0.688s] Level 1:colcon.colcon_core.package_identification:_identify(src) by extensions ['colcon_meta']
[0.688s] Level 1:colcon.colcon_core.package_identification:_identify(src) by extension 'colcon_meta'
[0.688s] Level 1:colcon.colcon_core.package_identification:_identify(src) by extensions ['ros']
[0.688s] Level 1:colcon.colcon_core.package_identification:_identify(src) by extension 'ros'
[0.689s] Level 1:colcon.colcon_core.package_identification:_identify(src) by extensions ['cmake', 'python']
[0.689s] Level 1:colcon.colcon_core.package_identification:_identify(src) by extension 'cmake'
[0.689s] Level 1:colcon.colcon_core.package_identification:_identify(src) by extension 'python'
[0.689s] Level 1:colcon.colcon_core.package_identification:_identify(src) by extensions ['python_setup_py']
[0.689s] Level 1:colcon.colcon_core.package_identification:_identify(src) by extension 'python_setup_py'
[0.689s] Level 1:colcon.colcon_core.package_identification:_identify(src/common) by extensions ['ignore', 'ignore_ament_install']
[0.689s] Level 1:colcon.colcon_core.package_identification:_identify(src/common) by extension 'ignore'
[0.689s] Level 1:colcon.colcon_core.package_identification:_identify(src/common) by extension 'ignore_ament_install'
[0.689s] Level 1:colcon.colcon_core.package_identification:_identify(src/common) by extensions ['colcon_pkg']
[0.690s] Level 1:colcon.colcon_core.package_identification:_identify(src/common) by extension 'colcon_pkg'
[0.690s] Level 1:colcon.colcon_core.package_identification:_identify(src/common) by extensions ['colcon_meta']
[0.690s] Level 1:colcon.colcon_core.package_identification:_identify(src/common) by extension 'colcon_meta'
[0.690s] Level 1:colcon.colcon_core.package_identification:_identify(src/common) by extensions ['ros']
[0.690s] Level 1:colcon.colcon_core.package_identification:_identify(src/common) by extension 'ros'
[0.695s] DEBUG:colcon.colcon_core.package_identification:Package 'src/common' with type 'ros.ament_python' and name 'common'
[0.695s] Level 1:colcon.colcon_core.package_identification:_identify(src/rosbridge_suite) by extensions ['ignore', 'ignore_ament_install']
[0.695s] Level 1:colcon.colcon_core.package_identification:_identify(src/rosbridge_suite) by extension 'ignore'
[0.695s] Level 1:colcon.colcon_core.package_identification:_identify(src/rosbridge_suite) by extension 'ignore_ament_install'
[0.695s] Level 1:colcon.colcon_core.package_identification:_identify(src/rosbridge_suite) by extensions ['colcon_pkg']
[0.696s] Level 1:colcon.colcon_core.package_identification:_identify(src/rosbridge_suite) by extension 'colcon_pkg'
[0.696s] Level 1:colcon.colcon_core.package_identification:_identify(src/rosbridge_suite) by extensions ['colcon_meta']
[0.696s] Level 1:colcon.colcon_core.package_identification:_identify(src/rosbridge_suite) by extension 'colcon_meta'
[0.696s] Level 1:colcon.colcon_core.package_identification:_identify(src/rosbridge_suite) by extensions ['ros']
[0.696s] Level 1:colcon.colcon_core.package_identification:_identify(src/rosbridge_suite) by extension 'ros'
[0.696s] Level 1:colcon.colcon_core.package_identification:_identify(src/rosbridge_suite) by extensions ['cmake', 'python']
[0.696s] Level 1:colcon.colcon_core.package_identification:_identify(src/rosbridge_suite) by extension 'cmake'
[0.696s] Level 1:colcon.colcon_core.package_identification:_identify(src/rosbridge_suite) by extension 'python'
[0.696s] Level 1:colcon.colcon_core.package_identification:_identify(src/rosbridge_suite) by extensions ['python_setup_py']
[0.696s] Level 1:colcon.colcon_core.package_identification:_identify(src/rosbridge_suite) by extension 'python_setup_py'
[0.697s] Level 1:colcon.colcon_core.package_identification:_identify(src/tcp_cam_sender) by extensions ['ignore', 'ignore_ament_install']
[0.697s] Level 1:colcon.colcon_core.package_identification:_identify(src/tcp_cam_sender) by extension 'ignore'
[0.697s] Level 1:colcon.colcon_core.package_identification:_identify(src/tcp_cam_sender) by extension 'ignore_ament_install'
[0.697s] Level 1:colcon.colcon_core.package_identification:_identify(src/tcp_cam_sender) by extensions ['colcon_pkg']
[0.697s] Level 1:colcon.colcon_core.package_identification:_identify(src/tcp_cam_sender) by extension 'colcon_pkg'
[0.697s] Level 1:colcon.colcon_core.package_identification:_identify(src/tcp_cam_sender) by extensions ['colcon_meta']
[0.697s] Level 1:colcon.colcon_core.package_identification:_identify(src/tcp_cam_sender) by extension 'colcon_meta'
[0.697s] Level 1:colcon.colcon_core.package_identification:_identify(src/tcp_cam_sender) by extensions ['ros']
[0.697s] Level 1:colcon.colcon_core.package_identification:_identify(src/tcp_cam_sender) by extension 'ros'
[0.699s] DEBUG:colcon.colcon_core.package_identification:Package 'src/tcp_cam_sender' with type 'ros.ament_python' and name 'tcp_cam_sender'
[0.699s] Level 1:colcon.colcon_core.package_identification:_identify(src/udp_to_ros) by extensions ['ignore', 'ignore_ament_install']
[0.700s] Level 1:colcon.colcon_core.package_identification:_identify(src/udp_to_ros) by extension 'ignore'
[0.700s] Level 1:colcon.colcon_core.package_identification:_identify(src/udp_to_ros) by extension 'ignore_ament_install'
[0.700s] Level 1:colcon.colcon_core.package_identification:_identify(src/udp_to_ros) by extensions ['colcon_pkg']
[0.700s] Level 1:colcon.colcon_core.package_identification:_identify(src/udp_to_ros) by extension 'colcon_pkg'
[0.700s] Level 1:colcon.colcon_core.package_identification:_identify(src/udp_to_ros) by extensions ['colcon_meta']
[0.700s] Level 1:colcon.colcon_core.package_identification:_identify(src/udp_to_ros) by extension 'colcon_meta'
[0.700s] Level 1:colcon.colcon_core.package_identification:_identify(src/udp_to_ros) by extensions ['ros']
[0.700s] Level 1:colcon.colcon_core.package_identification:_identify(src/udp_to_ros) by extension 'ros'
[0.701s] DEBUG:colcon.colcon_core.package_identification:Package 'src/udp_to_ros' with type 'ros.ament_python' and name 'udp_to_ros'
[0.702s] Level 1:colcon.colcon_core.package_identification:_identify(src/usb_cam) by extensions ['ignore', 'ignore_ament_install']
[0.702s] Level 1:colcon.colcon_core.package_identification:_identify(src/usb_cam) by extension 'ignore'
[0.702s] Level 1:colcon.colcon_core.package_identification:_identify(src/usb_cam) by extension 'ignore_ament_install'
[0.702s] Level 1:colcon.colcon_core.package_identification:_identify(src/usb_cam) by extensions ['colcon_pkg']
[0.702s] Level 1:colcon.colcon_core.package_identification:_identify(src/usb_cam) by extension 'colcon_pkg'
[0.702s] Level 1:colcon.colcon_core.package_identification:_identify(src/usb_cam) by extensions ['colcon_meta']
[0.702s] Level 1:colcon.colcon_core.package_identification:_identify(src/usb_cam) by extension 'colcon_meta'
[0.702s] Level 1:colcon.colcon_core.package_identification:_identify(src/usb_cam) by extensions ['ros']
[0.702s] Level 1:colcon.colcon_core.package_identification:_identify(src/usb_cam) by extension 'ros'
[0.705s] DEBUG:colcon.colcon_core.package_identification:Package 'src/usb_cam' with type 'ros.ament_cmake' and name 'usb_cam'
[0.705s] Level 1:colcon.colcon_core.package_identification:_identify(src/yolov5_ros2) by extensions ['ignore', 'ignore_ament_install']
[0.705s] Level 1:colcon.colcon_core.package_identification:_identify(src/yolov5_ros2) by extension 'ignore'
[0.705s] Level 1:colcon.colcon_core.package_identification:_identify(src/yolov5_ros2) by extension 'ignore_ament_install'
[0.705s] Level 1:colcon.colcon_core.package_identification:_identify(src/yolov5_ros2) by extensions ['colcon_pkg']
[0.705s] Level 1:colcon.colcon_core.package_identification:_identify(src/yolov5_ros2) by extension 'colcon_pkg'
[0.706s] Level 1:colcon.colcon_core.package_identification:_identify(src/yolov5_ros2) by extensions ['colcon_meta']
[0.706s] Level 1:colcon.colcon_core.package_identification:_identify(src/yolov5_ros2) by extension 'colcon_meta'
[0.706s] Level 1:colcon.colcon_core.package_identification:_identify(src/yolov5_ros2) by extensions ['ros']
[0.706s] Level 1:colcon.colcon_core.package_identification:_identify(src/yolov5_ros2) by extension 'ros'
[0.707s] DEBUG:colcon.colcon_core.package_identification:Package 'src/yolov5_ros2' with type 'ros.ament_python' and name 'yolov5_ros2'
[0.707s] Level 1:colcon.colcon_core.package_discovery:discover_packages(recursive) using defaults
[0.707s] Level 1:colcon.colcon_core.package_discovery:discover_packages(ignore) discover
[0.708s] Level 1:colcon.colcon_core.package_discovery:discover_packages(ignore) using defaults
[0.708s] Level 1:colcon.colcon_core.package_discovery:discover_packages(path) discover
[0.708s] Level 1:colcon.colcon_core.package_discovery:discover_packages(path) using defaults
[0.758s] Level 1:colcon.colcon_core.package_discovery:discover_packages(prefix_path) check parameters
[0.759s] Level 1:colcon.colcon_core.package_discovery:discover_packages(prefix_path) discover
[0.765s] DEBUG:colcon.colcon_installed_package_information.package_discovery:Found 5 installed packages in /home/sbel/Desktop/Cobra-Driver/workspace/install
[0.769s] DEBUG:colcon.colcon_installed_package_information.package_discovery:Found 266 installed packages in /opt/ros/foxy
[0.771s] Level 1:colcon.colcon_core.package_discovery:discover_packages(prefix_path) using defaults
[0.913s] Level 5:colcon.colcon_core.verb:set package 'common' build argument 'cmake_args' from command line to 'None'
[0.914s] Level 5:colcon.colcon_core.verb:set package 'common' build argument 'cmake_target' from command line to 'None'
[0.914s] Level 5:colcon.colcon_core.verb:set package 'common' build argument 'cmake_target_skip_unavailable' from command line to 'False'
[0.914s] Level 5:colcon.colcon_core.verb:set package 'common' build argument 'cmake_clean_cache' from command line to 'False'
[0.914s] Level 5:colcon.colcon_core.verb:set package 'common' build argument 'cmake_clean_first' from command line to 'False'
[0.914s] Level 5:colcon.colcon_core.verb:set package 'common' build argument 'cmake_force_configure' from command line to 'False'
[0.914s] Level 5:colcon.colcon_core.verb:set package 'common' build argument 'ament_cmake_args' from command line to 'None'
[0.914s] Level 5:colcon.colcon_core.verb:set package 'common' build argument 'catkin_cmake_args' from command line to 'None'
[0.914s] Level 5:colcon.colcon_core.verb:set package 'common' build argument 'catkin_skip_building_tests' from command line to 'False'
[0.914s] DEBUG:colcon.colcon_core.verb:Building package 'common' with the following arguments: {'ament_cmake_args': None, 'build_base': '/home/sbel/Desktop/Cobra-Driver/workspace/build/common', 'catkin_cmake_args': None, 'catkin_skip_building_tests': False, 'cmake_args': None, 'cmake_clean_cache': False, 'cmake_clean_first': False, 'cmake_force_configure': False, 'cmake_target': None, 'cmake_target_skip_unavailable': False, 'install_base': '/home/sbel/Desktop/Cobra-Driver/workspace/install/common', 'merge_install': False, 'path': '/home/sbel/Desktop/Cobra-Driver/workspace/src/common', 'symlink_install': False, 'test_result_base': None}
[0.916s] Level 5:colcon.colcon_core.verb:set package 'tcp_cam_sender' build argument 'cmake_args' from command line to 'None'
[0.916s] Level 5:colcon.colcon_core.verb:set package 'tcp_cam_sender' build argument 'cmake_target' from command line to 'None'
[0.916s] Level 5:colcon.colcon_core.verb:set package 'tcp_cam_sender' build argument 'cmake_target_skip_unavailable' from command line to 'False'
[0.917s] Level 5:colcon.colcon_core.verb:set package 'tcp_cam_sender' build argument 'cmake_clean_cache' from command line to 'False'
[0.917s] Level 5:colcon.colcon_core.verb:set package 'tcp_cam_sender' build argument 'cmake_clean_first' from command line to 'False'
[0.917s] Level 5:colcon.colcon_core.verb:set package 'tcp_cam_sender' build argument 'cmake_force_configure' from command line to 'False'
[0.917s] Level 5:colcon.colcon_core.verb:set package 'tcp_cam_sender' build argument 'ament_cmake_args' from command line to 'None'
[0.917s] Level 5:colcon.colcon_core.verb:set package 'tcp_cam_sender' build argument 'catkin_cmake_args' from command line to 'None'
[0.917s] Level 5:colcon.colcon_core.verb:set package 'tcp_cam_sender' build argument 'catkin_skip_building_tests' from command line to 'False'
[0.917s] DEBUG:colcon.colcon_core.verb:Building package 'tcp_cam_sender' with the following arguments: {'ament_cmake_args': None, 'build_base': '/home/sbel/Desktop/Cobra-Driver/workspace/build/tcp_cam_sender', 'catkin_cmake_args': None, 'catkin_skip_building_tests': False, 'cmake_args': None, 'cmake_clean_cache': False, 'cmake_clean_first': False, 'cmake_force_configure': False, 'cmake_target': None, 'cmake_target_skip_unavailable': False, 'install_base': '/home/sbel/Desktop/Cobra-Driver/workspace/install/tcp_cam_sender', 'merge_install': False, 'path': '/home/sbel/Desktop/Cobra-Driver/workspace/src/tcp_cam_sender', 'symlink_install': False, 'test_result_base': None}
[0.919s] Level 5:colcon.colcon_core.verb:set package 'udp_to_ros' build argument 'cmake_args' from command line to 'None'
[0.919s] Level 5:colcon.colcon_core.verb:set package 'udp_to_ros' build argument 'cmake_target' from command line to 'None'
[0.919s] Level 5:colcon.colcon_core.verb:set package 'udp_to_ros' build argument 'cmake_target_skip_unavailable' from command line to 'False'
[0.919s] Level 5:colcon.colcon_core.verb:set package 'udp_to_ros' build argument 'cmake_clean_cache' from command line to 'False'
[0.919s] Level 5:colcon.colcon_core.verb:set package 'udp_to_ros' build argument 'cmake_clean_first' from command line to 'False'
[0.919s] Level 5:colcon.colcon_core.verb:set package 'udp_to_ros' build argument 'cmake_force_configure' from command line to 'False'
[0.919s] Level 5:colcon.colcon_core.verb:set package 'udp_to_ros' build argument 'ament_cmake_args' from command line to 'None'
[0.919s] Level 5:colcon.colcon_core.verb:set package 'udp_to_ros' build argument 'catkin_cmake_args' from command line to 'None'
[0.919s] Level 5:colcon.colcon_core.verb:set package 'udp_to_ros' build argument 'catkin_skip_building_tests' from command line to 'False'
[0.919s] DEBUG:colcon.colcon_core.verb:Building package 'udp_to_ros' with the following arguments: {'ament_cmake_args': None, 'build_base': '/home/sbel/Desktop/Cobra-Driver/workspace/build/udp_to_ros', 'catkin_cmake_args': None, 'catkin_skip_building_tests': False, 'cmake_args': None, 'cmake_clean_cache': False, 'cmake_clean_first': False, 'cmake_force_configure': False, 'cmake_target': None, 'cmake_target_skip_unavailable': False, 'install_base': '/home/sbel/Desktop/Cobra-Driver/workspace/install/udp_to_ros', 'merge_install': False, 'path': '/home/sbel/Desktop/Cobra-Driver/workspace/src/udp_to_ros', 'symlink_install': False, 'test_result_base': None}
[0.921s] Level 5:colcon.colcon_core.verb:set package 'usb_cam' build argument 'cmake_args' from command line to 'None'
[0.921s] Level 5:colcon.colcon_core.verb:set package 'usb_cam' build argument 'cmake_target' from command line to 'None'
[0.922s] Level 5:colcon.colcon_core.verb:set package 'usb_cam' build argument 'cmake_target_skip_unavailable' from command line to 'False'
[0.922s] Level 5:colcon.colcon_core.verb:set package 'usb_cam' build argument 'cmake_clean_cache' from command line to 'False'
[0.922s] Level 5:colcon.colcon_core.verb:set package 'usb_cam' build argument 'cmake_clean_first' from command line to 'False'
[0.922s] Level 5:colcon.colcon_core.verb:set package 'usb_cam' build argument 'cmake_force_configure' from command line to 'False'
[0.922s] Level 5:colcon.colcon_core.verb:set package 'usb_cam' build argument 'ament_cmake_args' from command line to 'None'
[0.922s] Level 5:colcon.colcon_core.verb:set package 'usb_cam' build argument 'catkin_cmake_args' from command line to 'None'
[0.922s] Level 5:colcon.colcon_core.verb:set package 'usb_cam' build argument 'catkin_skip_building_tests' from command line to 'False'
[0.922s] DEBUG:colcon.colcon_core.verb:Building package 'usb_cam' with the following arguments: {'ament_cmake_args': None, 'build_base': '/home/sbel/Desktop/Cobra-Driver/workspace/build/usb_cam', 'catkin_cmake_args': None, 'catkin_skip_building_tests': False, 'cmake_args': None, 'cmake_clean_cache': False, 'cmake_clean_first': False, 'cmake_force_configure': False, 'cmake_target': None, 'cmake_target_skip_unavailable': False, 'install_base': '/home/sbel/Desktop/Cobra-Driver/workspace/install/usb_cam', 'merge_install': False, 'path': '/home/sbel/Desktop/Cobra-Driver/workspace/src/usb_cam', 'symlink_install': False, 'test_result_base': None}
[0.924s] Level 5:colcon.colcon_core.verb:set package 'yolov5_ros2' build argument 'cmake_args' from command line to 'None'
[0.924s] Level 5:colcon.colcon_core.verb:set package 'yolov5_ros2' build argument 'cmake_target' from command line to 'None'
[0.924s] Level 5:colcon.colcon_core.verb:set package 'yolov5_ros2' build argument 'cmake_target_skip_unavailable' from command line to 'False'
[0.924s] Level 5:colcon.colcon_core.verb:set package 'yolov5_ros2' build argument 'cmake_clean_cache' from command line to 'False'
[0.924s] Level 5:colcon.colcon_core.verb:set package 'yolov5_ros2' build argument 'cmake_clean_first' from command line to 'False'
[0.924s] Level 5:colcon.colcon_core.verb:set package 'yolov5_ros2' build argument 'cmake_force_configure' from command line to 'False'
[0.924s] Level 5:colcon.colcon_core.verb:set package 'yolov5_ros2' build argument 'ament_cmake_args' from command line to 'None'
[0.924s] Level 5:colcon.colcon_core.verb:set package 'yolov5_ros2' build argument 'catkin_cmake_args' from command line to 'None'
[0.924s] Level 5:colcon.colcon_core.verb:set package 'yolov5_ros2' build argument 'catkin_skip_building_tests' from command line to 'False'
[0.924s] DEBUG:colcon.colcon_core.verb:Building package 'yolov5_ros2' with the following arguments: {'ament_cmake_args': None, 'build_base': '/home/sbel/Desktop/Cobra-Driver/workspace/build/yolov5_ros2', 'catkin_cmake_args': None, 'catkin_skip_building_tests': False, 'cmake_args': None, 'cmake_clean_cache': False, 'cmake_clean_first': False, 'cmake_force_configure': False, 'cmake_target': None, 'cmake_target_skip_unavailable': False, 'install_base': '/home/sbel/Desktop/Cobra-Driver/workspace/install/yolov5_ros2', 'merge_install': False, 'path': '/home/sbel/Desktop/Cobra-Driver/workspace/src/yolov5_ros2', 'symlink_install': False, 'test_result_base': None}
[0.926s] INFO:colcon.colcon_core.executor:Executing jobs using 'parallel' executor
[0.934s] DEBUG:colcon.colcon_parallel_executor.executor.parallel:run_until_complete
[0.935s] INFO:colcon.colcon_ros.task.ament_python.build:Building ROS package in '/home/sbel/Desktop/Cobra-Driver/workspace/src/common' with build type 'ament_python'
[0.935s] Level 1:colcon.colcon_core.shell:create_environment_hook('common', 'ament_prefix_path')
[0.943s] INFO:colcon.colcon_core.plugin_system:Skipping extension 'colcon_core.shell.bat': Not used on non-Windows systems
[0.943s] INFO:colcon.colcon_core.shell:Creating environment hook '/home/sbel/Desktop/Cobra-Driver/workspace/install/common/share/common/hook/ament_prefix_path.ps1'
[0.945s] INFO:colcon.colcon_core.shell:Creating environment descriptor '/home/sbel/Desktop/Cobra-Driver/workspace/install/common/share/common/hook/ament_prefix_path.dsv'
[0.948s] INFO:colcon.colcon_core.shell:Creating environment hook '/home/sbel/Desktop/Cobra-Driver/workspace/install/common/share/common/hook/ament_prefix_path.sh'
[0.952s] INFO:colcon.colcon_core.shell:Skip shell extension 'powershell' for command environment: Not usable outside of PowerShell
[0.952s] DEBUG:colcon.colcon_core.shell:Skip shell extension 'dsv' for command environment
[0.969s] INFO:colcon.colcon_ros.task.ament_python.build:Building ROS package in '/home/sbel/Desktop/Cobra-Driver/workspace/src/tcp_cam_sender' with build type 'ament_python'
[0.970s] Level 1:colcon.colcon_core.shell:create_environment_hook('tcp_cam_sender', 'ament_prefix_path')
[0.973s] INFO:colcon.colcon_core.shell:Creating environment hook '/home/sbel/Desktop/Cobra-Driver/workspace/install/tcp_cam_sender/share/tcp_cam_sender/hook/ament_prefix_path.ps1'
[0.975s] INFO:colcon.colcon_core.shell:Creating environment descriptor '/home/sbel/Desktop/Cobra-Driver/workspace/install/tcp_cam_sender/share/tcp_cam_sender/hook/ament_prefix_path.dsv'
[0.977s] INFO:colcon.colcon_core.shell:Creating environment hook '/home/sbel/Desktop/Cobra-Driver/workspace/install/tcp_cam_sender/share/tcp_cam_sender/hook/ament_prefix_path.sh'
[0.981s] INFO:colcon.colcon_core.shell:Skip shell extension 'powershell' for command environment: Not usable outside of PowerShell
[0.982s] DEBUG:colcon.colcon_core.shell:Skip shell extension 'dsv' for command environment
[0.996s] INFO:colcon.colcon_ros.task.ament_python.build:Building ROS package in '/home/sbel/Desktop/Cobra-Driver/workspace/src/udp_to_ros' with build type 'ament_python'
[0.997s] Level 1:colcon.colcon_core.shell:create_environment_hook('udp_to_ros', 'ament_prefix_path')
[1.000s] INFO:colcon.colcon_core.shell:Creating environment hook '/home/sbel/Desktop/Cobra-Driver/workspace/install/udp_to_ros/share/udp_to_ros/hook/ament_prefix_path.ps1'
[1.002s] INFO:colcon.colcon_core.shell:Creating environment descriptor '/home/sbel/Desktop/Cobra-Driver/workspace/install/udp_to_ros/share/udp_to_ros/hook/ament_prefix_path.dsv'
[1.005s] INFO:colcon.colcon_core.shell:Creating environment hook '/home/sbel/Desktop/Cobra-Driver/workspace/install/udp_to_ros/share/udp_to_ros/hook/ament_prefix_path.sh'
[1.010s] INFO:colcon.colcon_core.shell:Skip shell extension 'powershell' for command environment: Not usable outside of PowerShell
[1.011s] DEBUG:colcon.colcon_core.shell:Skip shell extension 'dsv' for command environment
[1.035s] INFO:colcon.colcon_ros.task.ament_cmake.build:Building ROS package in '/home/sbel/Desktop/Cobra-Driver/workspace/src/usb_cam' with build type 'ament_cmake'
[1.036s] INFO:colcon.colcon_cmake.task.cmake.build:Building CMake package in '/home/sbel/Desktop/Cobra-Driver/workspace/src/usb_cam'
[1.039s] INFO:colcon.colcon_core.shell:Skip shell extension 'powershell' for command environment: Not usable outside of PowerShell
[1.040s] DEBUG:colcon.colcon_core.shell:Skip shell extension 'dsv' for command environment
[1.056s] INFO:colcon.colcon_ros.task.ament_python.build:Building ROS package in '/home/sbel/Desktop/Cobra-Driver/workspace/src/yolov5_ros2' with build type 'ament_python'
[1.056s] Level 1:colcon.colcon_core.shell:create_environment_hook('yolov5_ros2', 'ament_prefix_path')
[1.060s] INFO:colcon.colcon_core.shell:Creating environment hook '/home/sbel/Desktop/Cobra-Driver/workspace/install/yolov5_ros2/share/yolov5_ros2/hook/ament_prefix_path.ps1'
[1.063s] INFO:colcon.colcon_core.shell:Creating environment descriptor '/home/sbel/Desktop/Cobra-Driver/workspace/install/yolov5_ros2/share/yolov5_ros2/hook/ament_prefix_path.dsv'
[1.064s] INFO:colcon.colcon_core.shell:Creating environment hook '/home/sbel/Desktop/Cobra-Driver/workspace/install/yolov5_ros2/share/yolov5_ros2/hook/ament_prefix_path.sh'
[1.069s] INFO:colcon.colcon_core.shell:Skip shell extension 'powershell' for command environment: Not usable outside of PowerShell
[1.069s] DEBUG:colcon.colcon_core.shell:Skip shell extension 'dsv' for command environment
[1.523s] INFO:colcon.colcon_core.task.python.build:Building Python package in '/home/sbel/Desktop/Cobra-Driver/workspace/src/common'
[1.528s] INFO:colcon.colcon_core.shell:Skip shell extension 'powershell' for command environment: Not usable outside of PowerShell
[1.528s] DEBUG:colcon.colcon_core.shell:Skip shell extension 'dsv' for command environment
[1.994s] INFO:colcon.colcon_core.task.python.build:Building Python package in '/home/sbel/Desktop/Cobra-Driver/workspace/src/tcp_cam_sender'
[2.000s] INFO:colcon.colcon_core.shell:Skip shell extension 'powershell' for command environment: Not usable outside of PowerShell
[2.000s] DEBUG:colcon.colcon_core.shell:Skip shell extension 'dsv' for command environment
[2.463s] INFO:colcon.colcon_core.task.python.build:Building Python package in '/home/sbel/Desktop/Cobra-Driver/workspace/src/udp_to_ros'
[2.469s] INFO:colcon.colcon_core.shell:Skip shell extension 'powershell' for command environment: Not usable outside of PowerShell
[2.469s] DEBUG:colcon.colcon_core.shell:Skip shell extension 'dsv' for command environment
[2.503s] DEBUG:colcon.colcon_core.event_handler.log_command:Invoking command in '/home/sbel/Desktop/Cobra-Driver/workspace/build/usb_cam': CMAKE_PREFIX_PATH=${CMAKE_PREFIX_PATH}:/home/sbel/Desktop/Cobra-Driver/workspace/install/yolov5_ros2:/home/sbel/Desktop/Cobra-Driver/workspace/install/udp_to_ros:/home/sbel/Desktop/Cobra-Driver/workspace/install/tcp_cam_sender:/home/sbel/Desktop/Cobra-Driver/workspace/install/common:/opt/ros/foxy /usr/bin/cmake --build /home/sbel/Desktop/Cobra-Driver/workspace/build/usb_cam -- -j8 -l8
[2.961s] INFO:colcon.colcon_core.task.python.build:Building Python package in '/home/sbel/Desktop/Cobra-Driver/workspace/src/yolov5_ros2'
[2.967s] INFO:colcon.colcon_core.shell:Skip shell extension 'powershell' for command environment: Not usable outside of PowerShell
[2.968s] DEBUG:colcon.colcon_core.shell:Skip shell extension 'dsv' for command environment
[3.007s] DEBUG:colcon.colcon_core.event_handler.log_command:Invoked command in '/home/sbel/Desktop/Cobra-Driver/workspace/build/usb_cam' returned '0': CMAKE_PREFIX_PATH=${CMAKE_PREFIX_PATH}:/home/sbel/Desktop/Cobra-Driver/workspace/install/yolov5_ros2:/home/sbel/Desktop/Cobra-Driver/workspace/install/udp_to_ros:/home/sbel/Desktop/Cobra-Driver/workspace/install/tcp_cam_sender:/home/sbel/Desktop/Cobra-Driver/workspace/install/common:/opt/ros/foxy /usr/bin/cmake --build /home/sbel/Desktop/Cobra-Driver/workspace/build/usb_cam -- -j8 -l8
[3.115s] DEBUG:colcon.colcon_core.event_handler.log_command:Invoking command in '/home/sbel/Desktop/Cobra-Driver/workspace/build/usb_cam': CMAKE_PREFIX_PATH=${CMAKE_PREFIX_PATH}:/home/sbel/Desktop/Cobra-Driver/workspace/install/yolov5_ros2:/home/sbel/Desktop/Cobra-Driver/workspace/install/udp_to_ros:/home/sbel/Desktop/Cobra-Driver/workspace/install/tcp_cam_sender:/home/sbel/Desktop/Cobra-Driver/workspace/install/common:/opt/ros/foxy /usr/bin/cmake --install /home/sbel/Desktop/Cobra-Driver/workspace/build/usb_cam
[3.167s] Level 1:colcon.colcon_core.environment:create_environment_scripts_only(usb_cam)
[3.172s] DEBUG:colcon.colcon_core.event_handler.log_command:Invoked command in '/home/sbel/Desktop/Cobra-Driver/workspace/build/usb_cam' returned '0': CMAKE_PREFIX_PATH=${CMAKE_PREFIX_PATH}:/home/sbel/Desktop/Cobra-Driver/workspace/install/yolov5_ros2:/home/sbel/Desktop/Cobra-Driver/workspace/install/udp_to_ros:/home/sbel/Desktop/Cobra-Driver/workspace/install/tcp_cam_sender:/home/sbel/Desktop/Cobra-Driver/workspace/install/common:/opt/ros/foxy /usr/bin/cmake --install /home/sbel/Desktop/Cobra-Driver/workspace/build/usb_cam
[3.184s] Level 1:colcon.colcon_core.environment:checking '/home/sbel/Desktop/Cobra-Driver/workspace/install/usb_cam' for CMake module files
[3.186s] Level 1:colcon.colcon_core.environment:checking '/home/sbel/Desktop/Cobra-Driver/workspace/install/usb_cam' for CMake config files
[3.186s] Level 1:colcon.colcon_core.shell:create_environment_hook('usb_cam', 'cmake_prefix_path')
[3.190s] INFO:colcon.colcon_core.shell:Creating environment hook '/home/sbel/Desktop/Cobra-Driver/workspace/install/usb_cam/share/usb_cam/hook/cmake_prefix_path.ps1'
[3.192s] INFO:colcon.colcon_core.shell:Creating environment descriptor '/home/sbel/Desktop/Cobra-Driver/workspace/install/usb_cam/share/usb_cam/hook/cmake_prefix_path.dsv'
[3.194s] INFO:colcon.colcon_core.shell:Creating environment hook '/home/sbel/Desktop/Cobra-Driver/workspace/install/usb_cam/share/usb_cam/hook/cmake_prefix_path.sh'
[3.196s] Level 1:colcon.colcon_core.environment:checking '/home/sbel/Desktop/Cobra-Driver/workspace/install/usb_cam/lib'
[3.197s] Level 1:colcon.colcon_core.shell:create_environment_hook('usb_cam', 'ld_library_path_lib')
[3.200s] INFO:colcon.colcon_core.shell:Creating environment hook '/home/sbel/Desktop/Cobra-Driver/workspace/install/usb_cam/share/usb_cam/hook/ld_library_path_lib.ps1'
[3.201s] INFO:colcon.colcon_core.shell:Creating environment descriptor '/home/sbel/Desktop/Cobra-Driver/workspace/install/usb_cam/share/usb_cam/hook/ld_library_path_lib.dsv'
[3.202s] INFO:colcon.colcon_core.shell:Creating environment hook '/home/sbel/Desktop/Cobra-Driver/workspace/install/usb_cam/share/usb_cam/hook/ld_library_path_lib.sh'
[3.203s] Level 1:colcon.colcon_core.environment:checking '/home/sbel/Desktop/Cobra-Driver/workspace/install/usb_cam/bin'
[3.203s] Level 1:colcon.colcon_core.environment:checking '/home/sbel/Desktop/Cobra-Driver/workspace/install/usb_cam/lib/pkgconfig/usb_cam.pc'
[3.204s] Level 1:colcon.colcon_core.environment:checking '/home/sbel/Desktop/Cobra-Driver/workspace/install/usb_cam/lib/python3.8/site-packages'
[3.204s] Level 1:colcon.colcon_core.environment:checking '/home/sbel/Desktop/Cobra-Driver/workspace/install/usb_cam/bin'
[3.207s] INFO:colcon.colcon_core.shell:Creating package script '/home/sbel/Desktop/Cobra-Driver/workspace/install/usb_cam/share/usb_cam/package.ps1'
[3.210s] INFO:colcon.colcon_core.shell:Creating package descriptor '/home/sbel/Desktop/Cobra-Driver/workspace/install/usb_cam/share/usb_cam/package.dsv'
[3.211s] INFO:colcon.colcon_core.shell:Creating package script '/home/sbel/Desktop/Cobra-Driver/workspace/install/usb_cam/share/usb_cam/package.sh'
[3.213s] INFO:colcon.colcon_core.shell:Creating package script '/home/sbel/Desktop/Cobra-Driver/workspace/install/usb_cam/share/usb_cam/package.bash'
[3.214s] INFO:colcon.colcon_core.shell:Creating package script '/home/sbel/Desktop/Cobra-Driver/workspace/install/usb_cam/share/usb_cam/package.zsh'
[3.216s] Level 1:colcon.colcon_core.environment:create_file_with_runtime_dependencies(/home/sbel/Desktop/Cobra-Driver/workspace/install/usb_cam/share/colcon-core/packages/usb_cam)
[3.294s] Level 1:colcon.colcon_core.environment:create_environment_scripts_only(usb_cam)
[3.299s] Level 1:colcon.colcon_core.environment:checking '/home/sbel/Desktop/Cobra-Driver/workspace/install/usb_cam' for CMake module files
[3.300s] Level 1:colcon.colcon_core.environment:checking '/home/sbel/Desktop/Cobra-Driver/workspace/install/usb_cam' for CMake config files
[3.301s] Level 1:colcon.colcon_core.shell:create_environment_hook('usb_cam', 'cmake_prefix_path')
[3.304s] INFO:colcon.colcon_core.shell:Creating environment hook '/home/sbel/Desktop/Cobra-Driver/workspace/install/usb_cam/share/usb_cam/hook/cmake_prefix_path.ps1'
[3.306s] INFO:colcon.colcon_core.shell:Creating environment descriptor '/home/sbel/Desktop/Cobra-Driver/workspace/install/usb_cam/share/usb_cam/hook/cmake_prefix_path.dsv'
[3.310s] INFO:colcon.colcon_core.shell:Creating environment hook '/home/sbel/Desktop/Cobra-Driver/workspace/install/usb_cam/share/usb_cam/hook/cmake_prefix_path.sh'
[3.312s] Level 1:colcon.colcon_core.environment:checking '/home/sbel/Desktop/Cobra-Driver/workspace/install/usb_cam/lib'
[3.312s] Level 1:colcon.colcon_core.shell:create_environment_hook('usb_cam', 'ld_library_path_lib')
[3.316s] INFO:colcon.colcon_core.shell:Creating environment hook '/home/sbel/Desktop/Cobra-Driver/workspace/install/usb_cam/share/usb_cam/hook/ld_library_path_lib.ps1'
[3.317s] INFO:colcon.colcon_core.shell:Creating environment descriptor '/home/sbel/Desktop/Cobra-Driver/workspace/install/usb_cam/share/usb_cam/hook/ld_library_path_lib.dsv'
[3.318s] INFO:colcon.colcon_core.shell:Creating environment hook '/home/sbel/Desktop/Cobra-Driver/workspace/install/usb_cam/share/usb_cam/hook/ld_library_path_lib.sh'
[3.319s] Level 1:colcon.colcon_core.environment:checking '/home/sbel/Desktop/Cobra-Driver/workspace/install/usb_cam/bin'
[3.319s] Level 1:colcon.colcon_core.environment:checking '/home/sbel/Desktop/Cobra-Driver/workspace/install/usb_cam/lib/pkgconfig/usb_cam.pc'
[3.320s] Level 1:colcon.colcon_core.environment:checking '/home/sbel/Desktop/Cobra-Driver/workspace/install/usb_cam/lib/python3.8/site-packages'
[3.320s] Level 1:colcon.colcon_core.environment:checking '/home/sbel/Desktop/Cobra-Driver/workspace/install/usb_cam/bin'
[3.323s] INFO:colcon.colcon_core.shell:Creating package script '/home/sbel/Desktop/Cobra-Driver/workspace/install/usb_cam/share/usb_cam/package.ps1'
[3.325s] INFO:colcon.colcon_core.shell:Creating package descriptor '/home/sbel/Desktop/Cobra-Driver/workspace/install/usb_cam/share/usb_cam/package.dsv'
[3.326s] INFO:colcon.colcon_core.shell:Creating package script '/home/sbel/Desktop/Cobra-Driver/workspace/install/usb_cam/share/usb_cam/package.sh'
[3.327s] INFO:colcon.colcon_core.shell:Creating package script '/home/sbel/Desktop/Cobra-Driver/workspace/install/usb_cam/share/usb_cam/package.bash'
[3.328s] INFO:colcon.colcon_core.shell:Creating package script '/home/sbel/Desktop/Cobra-Driver/workspace/install/usb_cam/share/usb_cam/package.zsh'
[3.329s] Level 1:colcon.colcon_core.environment:create_file_with_runtime_dependencies(/home/sbel/Desktop/Cobra-Driver/workspace/install/usb_cam/share/colcon-core/packages/usb_cam)
[4.510s] DEBUG:colcon.colcon_core.event_handler.log_command:Invoking command in '/home/sbel/Desktop/Cobra-Driver/workspace/src/tcp_cam_sender': PYTHONPATH=/home/sbel/Desktop/Cobra-Driver/workspace/build/tcp_cam_sender/prefix_override:/home/sbel/Desktop/Cobra-Driver/workspace/install/tcp_cam_sender/lib/python3.8/site-packages:${PYTHONPATH} /usr/bin/python3 setup.py egg_info --egg-base ../../build/tcp_cam_sender build --build-base /home/sbel/Desktop/Cobra-Driver/workspace/build/tcp_cam_sender/build install --record /home/sbel/Desktop/Cobra-Driver/workspace/build/tcp_cam_sender/install.log --single-version-externally-managed
[4.523s] DEBUG:colcon.colcon_core.event_handler.log_command:Invoking command in '/home/sbel/Desktop/Cobra-Driver/workspace/src/common': PYTHONPATH=/home/sbel/Desktop/Cobra-Driver/workspace/build/common/prefix_override:/home/sbel/Desktop/Cobra-Driver/workspace/install/common/lib/python3.8/site-packages:${PYTHONPATH} /usr/bin/python3 setup.py egg_info --egg-base ../../build/common build --build-base /home/sbel/Desktop/Cobra-Driver/workspace/build/common/build install --record /home/sbel/Desktop/Cobra-Driver/workspace/build/common/install.log --single-version-externally-managed
[4.534s] DEBUG:colcon.colcon_core.event_handler.log_command:Invoking command in '/home/sbel/Desktop/Cobra-Driver/workspace/src/udp_to_ros': PYTHONPATH=/home/sbel/Desktop/Cobra-Driver/workspace/build/udp_to_ros/prefix_override:/home/sbel/Desktop/Cobra-Driver/workspace/install/udp_to_ros/lib/python3.8/site-packages:${PYTHONPATH} /usr/bin/python3 setup.py egg_info --egg-base ../../build/udp_to_ros build --build-base /home/sbel/Desktop/Cobra-Driver/workspace/build/udp_to_ros/build install --record /home/sbel/Desktop/Cobra-Driver/workspace/build/udp_to_ros/install.log --single-version-externally-managed
[4.560s] DEBUG:colcon.colcon_core.event_handler.log_command:Invoking command in '/home/sbel/Desktop/Cobra-Driver/workspace/src/yolov5_ros2': PYTHONPATH=/home/sbel/Desktop/Cobra-Driver/workspace/build/yolov5_ros2/prefix_override:/home/sbel/Desktop/Cobra-Driver/workspace/install/yolov5_ros2/lib/python3.8/site-packages:${PYTHONPATH} /usr/bin/python3 setup.py egg_info --egg-base ../../build/yolov5_ros2 build --build-base /home/sbel/Desktop/Cobra-Driver/workspace/build/yolov5_ros2/build install --record /home/sbel/Desktop/Cobra-Driver/workspace/build/yolov5_ros2/install.log --single-version-externally-managed
[5.706s] Level 1:colcon.colcon_core.environment:checking '/home/sbel/Desktop/Cobra-Driver/workspace/install/common' for CMake module files
[5.707s] DEBUG:colcon.colcon_core.event_handler.log_command:Invoked command in '/home/sbel/Desktop/Cobra-Driver/workspace/src/common' returned '0': PYTHONPATH=/home/sbel/Desktop/Cobra-Driver/workspace/build/common/prefix_override:/home/sbel/Desktop/Cobra-Driver/workspace/install/common/lib/python3.8/site-packages:${PYTHONPATH} /usr/bin/python3 setup.py egg_info --egg-base ../../build/common build --build-base /home/sbel/Desktop/Cobra-Driver/workspace/build/common/build install --record /home/sbel/Desktop/Cobra-Driver/workspace/build/common/install.log --single-version-externally-managed
[5.708s] Level 1:colcon.colcon_core.environment:checking '/home/sbel/Desktop/Cobra-Driver/workspace/install/common' for CMake config files
[5.710s] Level 1:colcon.colcon_core.environment:checking '/home/sbel/Desktop/Cobra-Driver/workspace/install/common/lib'
[5.711s] Level 1:colcon.colcon_core.environment:checking '/home/sbel/Desktop/Cobra-Driver/workspace/install/common/bin'
[5.711s] Level 1:colcon.colcon_core.environment:checking '/home/sbel/Desktop/Cobra-Driver/workspace/install/common/lib/pkgconfig/common.pc'
[5.712s] Level 1:colcon.colcon_core.environment:checking '/home/sbel/Desktop/Cobra-Driver/workspace/install/common/lib/python3.8/site-packages'
[5.712s] Level 1:colcon.colcon_core.shell:create_environment_hook('common', 'pythonpath')
[5.718s] INFO:colcon.colcon_core.shell:Creating environment hook '/home/sbel/Desktop/Cobra-Driver/workspace/install/common/share/common/hook/pythonpath.ps1'
[5.721s] INFO:colcon.colcon_core.shell:Creating environment descriptor '/home/sbel/Desktop/Cobra-Driver/workspace/install/common/share/common/hook/pythonpath.dsv'
[5.724s] INFO:colcon.colcon_core.shell:Creating environment hook '/home/sbel/Desktop/Cobra-Driver/workspace/install/common/share/common/hook/pythonpath.sh'
[5.726s] Level 1:colcon.colcon_core.environment:checking '/home/sbel/Desktop/Cobra-Driver/workspace/install/common/bin'
[5.726s] Level 1:colcon.colcon_core.environment:create_environment_scripts_only(common)
[5.730s] INFO:colcon.colcon_core.shell:Creating package script '/home/sbel/Desktop/Cobra-Driver/workspace/install/common/share/common/package.ps1'
[5.732s] INFO:colcon.colcon_core.shell:Creating package descriptor '/home/sbel/Desktop/Cobra-Driver/workspace/install/common/share/common/package.dsv'
[5.733s] INFO:colcon.colcon_core.shell:Creating package script '/home/sbel/Desktop/Cobra-Driver/workspace/install/common/share/common/package.sh'
[5.734s] INFO:colcon.colcon_core.shell:Creating package script '/home/sbel/Desktop/Cobra-Driver/workspace/install/common/share/common/package.bash'
[5.735s] INFO:colcon.colcon_core.shell:Creating package script '/home/sbel/Desktop/Cobra-Driver/workspace/install/common/share/common/package.zsh'
[5.736s] Level 1:colcon.colcon_core.environment:create_file_with_runtime_dependencies(/home/sbel/Desktop/Cobra-Driver/workspace/install/common/share/colcon-core/packages/common)
[5.745s] Level 1:colcon.colcon_core.environment:checking '/home/sbel/Desktop/Cobra-Driver/workspace/install/udp_to_ros' for CMake module files
[5.747s] DEBUG:colcon.colcon_core.event_handler.log_command:Invoked command in '/home/sbel/Desktop/Cobra-Driver/workspace/src/udp_to_ros' returned '0': PYTHONPATH=/home/sbel/Desktop/Cobra-Driver/workspace/build/udp_to_ros/prefix_override:/home/sbel/Desktop/Cobra-Driver/workspace/install/udp_to_ros/lib/python3.8/site-packages:${PYTHONPATH} /usr/bin/python3 setup.py egg_info --egg-base ../../build/udp_to_ros build --build-base /home/sbel/Desktop/Cobra-Driver/workspace/build/udp_to_ros/build install --record /home/sbel/Desktop/Cobra-Driver/workspace/build/udp_to_ros/install.log --single-version-externally-managed
[5.747s] Level 1:colcon.colcon_core.environment:checking '/home/sbel/Desktop/Cobra-Driver/workspace/install/udp_to_ros' for CMake config files
[5.748s] Level 1:colcon.colcon_core.environment:checking '/home/sbel/Desktop/Cobra-Driver/workspace/install/udp_to_ros/lib'
[5.749s] Level 1:colcon.colcon_core.environment:checking '/home/sbel/Desktop/Cobra-Driver/workspace/install/udp_to_ros/bin'
[5.749s] Level 1:colcon.colcon_core.environment:checking '/home/sbel/Desktop/Cobra-Driver/workspace/install/udp_to_ros/lib/pkgconfig/udp_to_ros.pc'
[5.749s] Level 1:colcon.colcon_core.environment:checking '/home/sbel/Desktop/Cobra-Driver/workspace/install/udp_to_ros/lib/python3.8/site-packages'
[5.749s] Level 1:colcon.colcon_core.shell:create_environment_hook('udp_to_ros', 'pythonpath')
[5.752s] INFO:colcon.colcon_core.shell:Creating environment hook '/home/sbel/Desktop/Cobra-Driver/workspace/install/udp_to_ros/share/udp_to_ros/hook/pythonpath.ps1'
[5.754s] INFO:colcon.colcon_core.shell:Creating environment descriptor '/home/sbel/Desktop/Cobra-Driver/workspace/install/udp_to_ros/share/udp_to_ros/hook/pythonpath.dsv'
[5.754s] INFO:colcon.colcon_core.shell:Creating environment hook '/home/sbel/Desktop/Cobra-Driver/workspace/install/udp_to_ros/share/udp_to_ros/hook/pythonpath.sh'
[5.755s] Level 1:colcon.colcon_core.environment:checking '/home/sbel/Desktop/Cobra-Driver/workspace/install/udp_to_ros/bin'
[5.756s] Level 1:colcon.colcon_core.environment:create_environment_scripts_only(udp_to_ros)
[5.759s] INFO:colcon.colcon_core.shell:Creating package script '/home/sbel/Desktop/Cobra-Driver/workspace/install/udp_to_ros/share/udp_to_ros/package.ps1'
[5.760s] INFO:colcon.colcon_core.shell:Creating package descriptor '/home/sbel/Desktop/Cobra-Driver/workspace/install/udp_to_ros/share/udp_to_ros/package.dsv'
[5.761s] INFO:colcon.colcon_core.shell:Creating package script '/home/sbel/Desktop/Cobra-Driver/workspace/install/udp_to_ros/share/udp_to_ros/package.sh'
[5.762s] INFO:colcon.colcon_core.shell:Creating package script '/home/sbel/Desktop/Cobra-Driver/workspace/install/udp_to_ros/share/udp_to_ros/package.bash'
[5.762s] INFO:colcon.colcon_core.shell:Creating package script '/home/sbel/Desktop/Cobra-Driver/workspace/install/udp_to_ros/share/udp_to_ros/package.zsh'
[5.763s] Level 1:colcon.colcon_core.environment:create_file_with_runtime_dependencies(/home/sbel/Desktop/Cobra-Driver/workspace/install/udp_to_ros/share/colcon-core/packages/udp_to_ros)
[5.768s] Level 1:colcon.colcon_core.environment:checking '/home/sbel/Desktop/Cobra-Driver/workspace/install/tcp_cam_sender' for CMake module files
[5.769s] Level 1:colcon.colcon_core.environment:checking '/home/sbel/Desktop/Cobra-Driver/workspace/install/tcp_cam_sender' for CMake config files
[5.770s] DEBUG:colcon.colcon_core.event_handler.log_command:Invoked command in '/home/sbel/Desktop/Cobra-Driver/workspace/src/tcp_cam_sender' returned '0': PYTHONPATH=/home/sbel/Desktop/Cobra-Driver/workspace/build/tcp_cam_sender/prefix_override:/home/sbel/Desktop/Cobra-Driver/workspace/install/tcp_cam_sender/lib/python3.8/site-packages:${PYTHONPATH} /usr/bin/python3 setup.py egg_info --egg-base ../../build/tcp_cam_sender build --build-base /home/sbel/Desktop/Cobra-Driver/workspace/build/tcp_cam_sender/build install --record /home/sbel/Desktop/Cobra-Driver/workspace/build/tcp_cam_sender/install.log --single-version-externally-managed
[5.771s] Level 1:colcon.colcon_core.environment:checking '/home/sbel/Desktop/Cobra-Driver/workspace/install/tcp_cam_sender/lib'
[5.772s] Level 1:colcon.colcon_core.environment:checking '/home/sbel/Desktop/Cobra-Driver/workspace/install/tcp_cam_sender/bin'
[5.772s] Level 1:colcon.colcon_core.environment:checking '/home/sbel/Desktop/Cobra-Driver/workspace/install/tcp_cam_sender/lib/pkgconfig/tcp_cam_sender.pc'
[5.772s] Level 1:colcon.colcon_core.environment:checking '/home/sbel/Desktop/Cobra-Driver/workspace/install/tcp_cam_sender/lib/python3.8/site-packages'
[5.772s] Level 1:colcon.colcon_core.shell:create_environment_hook('tcp_cam_sender', 'pythonpath')
[5.775s] INFO:colcon.colcon_core.shell:Creating environment hook '/home/sbel/Desktop/Cobra-Driver/workspace/install/tcp_cam_sender/share/tcp_cam_sender/hook/pythonpath.ps1'
[5.777s] INFO:colcon.colcon_core.shell:Creating environment descriptor '/home/sbel/Desktop/Cobra-Driver/workspace/install/tcp_cam_sender/share/tcp_cam_sender/hook/pythonpath.dsv'
[5.777s] INFO:colcon.colcon_core.shell:Creating environment hook '/home/sbel/Desktop/Cobra-Driver/workspace/install/tcp_cam_sender/share/tcp_cam_sender/hook/pythonpath.sh'
[5.778s] Level 1:colcon.colcon_core.environment:checking '/home/sbel/Desktop/Cobra-Driver/workspace/install/tcp_cam_sender/bin'
[5.779s] Level 1:colcon.colcon_core.environment:create_environment_scripts_only(tcp_cam_sender)
[5.782s] INFO:colcon.colcon_core.shell:Creating package script '/home/sbel/Desktop/Cobra-Driver/workspace/install/tcp_cam_sender/share/tcp_cam_sender/package.ps1'
[5.783s] INFO:colcon.colcon_core.shell:Creating package descriptor '/home/sbel/Desktop/Cobra-Driver/workspace/install/tcp_cam_sender/share/tcp_cam_sender/package.dsv'
[5.783s] INFO:colcon.colcon_core.shell:Creating package script '/home/sbel/Desktop/Cobra-Driver/workspace/install/tcp_cam_sender/share/tcp_cam_sender/package.sh'
[5.784s] INFO:colcon.colcon_core.shell:Creating package script '/home/sbel/Desktop/Cobra-Driver/workspace/install/tcp_cam_sender/share/tcp_cam_sender/package.bash'
[5.785s] INFO:colcon.colcon_core.shell:Creating package script '/home/sbel/Desktop/Cobra-Driver/workspace/install/tcp_cam_sender/share/tcp_cam_sender/package.zsh'
[5.786s] Level 1:colcon.colcon_core.environment:create_file_with_runtime_dependencies(/home/sbel/Desktop/Cobra-Driver/workspace/install/tcp_cam_sender/share/colcon-core/packages/tcp_cam_sender)
[5.792s] Level 1:colcon.colcon_core.environment:checking '/home/sbel/Desktop/Cobra-Driver/workspace/install/yolov5_ros2' for CMake module files
[5.793s] DEBUG:colcon.colcon_core.event_handler.log_command:Invoked command in '/home/sbel/Desktop/Cobra-Driver/workspace/src/yolov5_ros2' returned '0': PYTHONPATH=/home/sbel/Desktop/Cobra-Driver/workspace/build/yolov5_ros2/prefix_override:/home/sbel/Desktop/Cobra-Driver/workspace/install/yolov5_ros2/lib/python3.8/site-packages:${PYTHONPATH} /usr/bin/python3 setup.py egg_info --egg-base ../../build/yolov5_ros2 build --build-base /home/sbel/Desktop/Cobra-Driver/workspace/build/yolov5_ros2/build install --record /home/sbel/Desktop/Cobra-Driver/workspace/build/yolov5_ros2/install.log --single-version-externally-managed
[5.794s] Level 1:colcon.colcon_core.environment:checking '/home/sbel/Desktop/Cobra-Driver/workspace/install/yolov5_ros2' for CMake config files
[5.795s] Level 1:colcon.colcon_core.environment:checking '/home/sbel/Desktop/Cobra-Driver/workspace/install/yolov5_ros2/lib'
[5.795s] Level 1:colcon.colcon_core.environment:checking '/home/sbel/Desktop/Cobra-Driver/workspace/install/yolov5_ros2/bin'
[5.795s] Level 1:colcon.colcon_core.environment:checking '/home/sbel/Desktop/Cobra-Driver/workspace/install/yolov5_ros2/lib/pkgconfig/yolov5_ros2.pc'
[5.796s] Level 1:colcon.colcon_core.environment:checking '/home/sbel/Desktop/Cobra-Driver/workspace/install/yolov5_ros2/lib/python3.8/site-packages'
[5.796s] Level 1:colcon.colcon_core.shell:create_environment_hook('yolov5_ros2', 'pythonpath')
[5.799s] INFO:colcon.colcon_core.shell:Creating environment hook '/home/sbel/Desktop/Cobra-Driver/workspace/install/yolov5_ros2/share/yolov5_ros2/hook/pythonpath.ps1'
[5.799s] INFO:colcon.colcon_core.shell:Creating environment descriptor '/home/sbel/Desktop/Cobra-Driver/workspace/install/yolov5_ros2/share/yolov5_ros2/hook/pythonpath.dsv'
[5.800s] INFO:colcon.colcon_core.shell:Creating environment hook '/home/sbel/Desktop/Cobra-Driver/workspace/install/yolov5_ros2/share/yolov5_ros2/hook/pythonpath.sh'
[5.801s] Level 1:colcon.colcon_core.environment:checking '/home/sbel/Desktop/Cobra-Driver/workspace/install/yolov5_ros2/bin'
[5.801s] Level 1:colcon.colcon_core.environment:create_environment_scripts_only(yolov5_ros2)
[5.804s] INFO:colcon.colcon_core.shell:Creating package script '/home/sbel/Desktop/Cobra-Driver/workspace/install/yolov5_ros2/share/yolov5_ros2/package.ps1'
[5.805s] INFO:colcon.colcon_core.shell:Creating package descriptor '/home/sbel/Desktop/Cobra-Driver/workspace/install/yolov5_ros2/share/yolov5_ros2/package.dsv'
[5.806s] INFO:colcon.colcon_core.shell:Creating package script '/home/sbel/Desktop/Cobra-Driver/workspace/install/yolov5_ros2/share/yolov5_ros2/package.sh'
[5.807s] INFO:colcon.colcon_core.shell:Creating package script '/home/sbel/Desktop/Cobra-Driver/workspace/install/yolov5_ros2/share/yolov5_ros2/package.bash'
[5.807s] INFO:colcon.colcon_core.shell:Creating package script '/home/sbel/Desktop/Cobra-Driver/workspace/install/yolov5_ros2/share/yolov5_ros2/package.zsh'
[5.808s] Level 1:colcon.colcon_core.environment:create_file_with_runtime_dependencies(/home/sbel/Desktop/Cobra-Driver/workspace/install/yolov5_ros2/share/colcon-core/packages/yolov5_ros2)
[5.809s] DEBUG:colcon.colcon_parallel_executor.executor.parallel:closing loop
[5.810s] DEBUG:colcon.colcon_parallel_executor.executor.parallel:loop closed
[5.810s] DEBUG:colcon.colcon_parallel_executor.executor.parallel:run_until_complete finished with '0'
[5.810s] DEBUG:colcon.colcon_core.event_reactor:joining thread
[5.823s] INFO:colcon.colcon_core.plugin_system:Skipping extension 'colcon_notification.desktop_notification.terminal_notifier': Not used on non-Darwin systems
[5.823s] INFO:colcon.colcon_core.plugin_system:Skipping extension 'colcon_notification.desktop_notification.win32': Not used on non-Windows systems
[5.824s] INFO:colcon.colcon_notification.desktop_notification:Sending desktop notification using 'notify2'
[5.853s] DEBUG:colcon.colcon_notification.desktop_notification.notify2:Failed to initialize notify2: org.freedesktop.DBus.Error.Spawn.ChildExited: Process org.freedesktop.Notifications exited with status 1
[5.854s] DEBUG:colcon.colcon_core.event_reactor:joined thread
[5.858s] INFO:colcon.colcon_core.shell:Creating prefix script '/home/sbel/Desktop/Cobra-Driver/workspace/install/local_setup.ps1'
[5.861s] INFO:colcon.colcon_core.shell:Creating prefix util module '/home/sbel/Desktop/Cobra-Driver/workspace/install/_local_setup_util_ps1.py'
[5.866s] INFO:colcon.colcon_core.shell:Creating prefix chain script '/home/sbel/Desktop/Cobra-Driver/workspace/install/setup.ps1'
[5.870s] INFO:colcon.colcon_core.shell:Creating prefix script '/home/sbel/Desktop/Cobra-Driver/workspace/install/local_setup.sh'
[5.871s] INFO:colcon.colcon_core.shell:Creating prefix util module '/home/sbel/Desktop/Cobra-Driver/workspace/install/_local_setup_util_sh.py'
[5.872s] INFO:colcon.colcon_core.shell:Creating prefix chain script '/home/sbel/Desktop/Cobra-Driver/workspace/install/setup.sh'
[5.875s] INFO:colcon.colcon_core.shell:Creating prefix script '/home/sbel/Desktop/Cobra-Driver/workspace/install/local_setup.bash'
[5.875s] INFO:colcon.colcon_core.shell:Creating prefix chain script '/home/sbel/Desktop/Cobra-Driver/workspace/install/setup.bash'
[5.878s] INFO:colcon.colcon_core.shell:Creating prefix script '/home/sbel/Desktop/Cobra-Driver/workspace/install/local_setup.zsh'
[5.879s] INFO:colcon.colcon_core.shell:Creating prefix chain script '/home/sbel/Desktop/Cobra-Driver/workspace/install/setup.zsh'
