running egg_info
creating ../../build/waypoint_seeker/waypoint_seeker.egg-info
writing ../../build/waypoint_seeker/waypoint_seeker.egg-info/PKG-INFO
writing dependency_links to ../../build/waypoint_seeker/waypoint_seeker.egg-info/dependency_links.txt
writing entry points to ../../build/waypoint_seeker/waypoint_seeker.egg-info/entry_points.txt
writing requirements to ../../build/waypoint_seeker/waypoint_seeker.egg-info/requires.txt
writing top-level names to ../../build/waypoint_seeker/waypoint_seeker.egg-info/top_level.txt
writing manifest file '../../build/waypoint_seeker/waypoint_seeker.egg-info/SOURCES.txt'
reading manifest file '../../build/waypoint_seeker/waypoint_seeker.egg-info/SOURCES.txt'
writing manifest file '../../build/waypoint_seeker/waypoint_seeker.egg-info/SOURCES.txt'
running build
running build_py
creating /home/jason/Desktop/STUDY/Cobra-Driver/workspace/build/waypoint_seeker/build
creating /home/jason/Desktop/STUDY/Cobra-Driver/workspace/build/waypoint_seeker/build/lib
creating /home/jason/Desktop/STUDY/Cobra-Driver/workspace/build/waypoint_seeker/build/lib/waypoint_seeker
copying waypoint_seeker/__init__.py -> /home/jason/Desktop/STUDY/Cobra-Driver/workspace/build/waypoint_seeker/build/lib/waypoint_seeker
copying waypoint_seeker/waypoint_seeker.py -> /home/jason/Desktop/STUDY/Cobra-Driver/workspace/build/waypoint_seeker/build/lib/waypoint_seeker
running install
running install_lib
creating /home/jason/Desktop/STUDY/Cobra-Driver/workspace/install/waypoint_seeker/lib/python3.10/site-packages/waypoint_seeker
copying /home/jason/Desktop/STUDY/Cobra-Driver/workspace/build/waypoint_seeker/build/lib/waypoint_seeker/__init__.py -> /home/jason/Desktop/STUDY/Cobra-Driver/workspace/install/waypoint_seeker/lib/python3.10/site-packages/waypoint_seeker
copying /home/jason/Desktop/STUDY/Cobra-Driver/workspace/build/waypoint_seeker/build/lib/waypoint_seeker/waypoint_seeker.py -> /home/jason/Desktop/STUDY/Cobra-Driver/workspace/install/waypoint_seeker/lib/python3.10/site-packages/waypoint_seeker
byte-compiling /home/jason/Desktop/STUDY/Cobra-Driver/workspace/install/waypoint_seeker/lib/python3.10/site-packages/waypoint_seeker/__init__.py to __init__.cpython-310.pyc
byte-compiling /home/jason/Desktop/STUDY/Cobra-Driver/workspace/install/waypoint_seeker/lib/python3.10/site-packages/waypoint_seeker/waypoint_seeker.py to waypoint_seeker.cpython-310.pyc
running install_data
creating /home/jason/Desktop/STUDY/Cobra-Driver/workspace/install/waypoint_seeker/share/ament_index
creating /home/jason/Desktop/STUDY/Cobra-Driver/workspace/install/waypoint_seeker/share/ament_index/resource_index
creating /home/jason/Desktop/STUDY/Cobra-Driver/workspace/install/waypoint_seeker/share/ament_index/resource_index/packages
copying resource/waypoint_seeker -> /home/jason/Desktop/STUDY/Cobra-Driver/workspace/install/waypoint_seeker/share/ament_index/resource_index/packages
copying package.xml -> /home/jason/Desktop/STUDY/Cobra-Driver/workspace/install/waypoint_seeker/share/waypoint_seeker
copying param/config.yaml -> /home/jason/Desktop/STUDY/Cobra-Driver/workspace/install/waypoint_seeker/share/waypoint_seeker
copying launch/waypoint_launch.py -> /home/jason/Desktop/STUDY/Cobra-Driver/workspace/install/waypoint_seeker/share/waypoint_seeker
running install_egg_info
Copying ../../build/waypoint_seeker/waypoint_seeker.egg-info to /home/jason/Desktop/STUDY/Cobra-Driver/workspace/install/waypoint_seeker/lib/python3.10/site-packages/waypoint_seeker-0.0.0-py3.10.egg-info
running install_scripts
/home/jason/.local/lib/python3.10/site-packages/setuptools/_distutils/cmd.py:66: SetuptoolsDeprecationWarning: setup.py install is deprecated.
!!

        ********************************************************************************
        Please avoid running ``setup.py`` directly.
        Instead, use pypa/build, pypa/installer or other
        standards-based tools.

        See https://blog.ganssle.io/articles/2021/10/setup-py-deprecated.html for details.
        ********************************************************************************

!!
  self.initialize_options()
Installing waypoint_control script to /home/jason/Desktop/STUDY/Cobra-Driver/workspace/install/waypoint_seeker/lib/waypoint_seeker
writing list of installed files to '/home/jason/Desktop/STUDY/Cobra-Driver/workspace/build/waypoint_seeker/install.log'
