[2.775s] Invoking command in '/home/jason/Desktop/STUDY/Cobra-Driver/workspace/src/waypoint_seeker': PYTHONPATH=/home/jason/Desktop/STUDY/Cobra-Driver/workspace/build/waypoint_seeker/prefix_override:/home/jason/Desktop/STUDY/Cobra-Driver/workspace/install/waypoint_seeker/lib/python3.10/site-packages:${PYTHONPATH} /usr/bin/python3 setup.py egg_info --egg-base ../../build/waypoint_seeker build --build-base /home/jason/Desktop/STUDY/Cobra-Driver/workspace/build/waypoint_seeker/build install --record /home/jason/Desktop/STUDY/Cobra-Driver/workspace/build/waypoint_seeker/install.log --single-version-externally-managed
[3.495s] running egg_info
[3.495s] creating ../../build/waypoint_seeker/waypoint_seeker.egg-info
[3.495s] writing ../../build/waypoint_seeker/waypoint_seeker.egg-info/PKG-INFO
[3.495s] writing dependency_links to ../../build/waypoint_seeker/waypoint_seeker.egg-info/dependency_links.txt
[3.495s] writing entry points to ../../build/waypoint_seeker/waypoint_seeker.egg-info/entry_points.txt
[3.495s] writing requirements to ../../build/waypoint_seeker/waypoint_seeker.egg-info/requires.txt
[3.495s] writing top-level names to ../../build/waypoint_seeker/waypoint_seeker.egg-info/top_level.txt
[3.495s] writing manifest file '../../build/waypoint_seeker/waypoint_seeker.egg-info/SOURCES.txt'
[3.495s] reading manifest file '../../build/waypoint_seeker/waypoint_seeker.egg-info/SOURCES.txt'
[3.495s] writing manifest file '../../build/waypoint_seeker/waypoint_seeker.egg-info/SOURCES.txt'
[3.496s] running build
[3.496s] running build_py
[3.496s] creating /home/jason/Desktop/STUDY/Cobra-Driver/workspace/build/waypoint_seeker/build
[3.496s] creating /home/jason/Desktop/STUDY/Cobra-Driver/workspace/build/waypoint_seeker/build/lib
[3.496s] creating /home/jason/Desktop/STUDY/Cobra-Driver/workspace/build/waypoint_seeker/build/lib/waypoint_seeker
[3.496s] copying waypoint_seeker/__init__.py -> /home/jason/Desktop/STUDY/Cobra-Driver/workspace/build/waypoint_seeker/build/lib/waypoint_seeker
[3.496s] copying waypoint_seeker/waypoint_seeker.py -> /home/jason/Desktop/STUDY/Cobra-Driver/workspace/build/waypoint_seeker/build/lib/waypoint_seeker
[3.496s] running install
[3.496s] running install_lib
[3.496s] creating /home/jason/Desktop/STUDY/Cobra-Driver/workspace/install/waypoint_seeker/lib/python3.10/site-packages/waypoint_seeker
[3.496s] copying /home/jason/Desktop/STUDY/Cobra-Driver/workspace/build/waypoint_seeker/build/lib/waypoint_seeker/__init__.py -> /home/jason/Desktop/STUDY/Cobra-Driver/workspace/install/waypoint_seeker/lib/python3.10/site-packages/waypoint_seeker
[3.496s] copying /home/jason/Desktop/STUDY/Cobra-Driver/workspace/build/waypoint_seeker/build/lib/waypoint_seeker/waypoint_seeker.py -> /home/jason/Desktop/STUDY/Cobra-Driver/workspace/install/waypoint_seeker/lib/python3.10/site-packages/waypoint_seeker
[3.496s] byte-compiling /home/jason/Desktop/STUDY/Cobra-Driver/workspace/install/waypoint_seeker/lib/python3.10/site-packages/waypoint_seeker/__init__.py to __init__.cpython-310.pyc
[3.497s] byte-compiling /home/jason/Desktop/STUDY/Cobra-Driver/workspace/install/waypoint_seeker/lib/python3.10/site-packages/waypoint_seeker/waypoint_seeker.py to waypoint_seeker.cpython-310.pyc
[3.497s] running install_data
[3.497s] creating /home/jason/Desktop/STUDY/Cobra-Driver/workspace/install/waypoint_seeker/share/ament_index
[3.497s] creating /home/jason/Desktop/STUDY/Cobra-Driver/workspace/install/waypoint_seeker/share/ament_index/resource_index
[3.497s] creating /home/jason/Desktop/STUDY/Cobra-Driver/workspace/install/waypoint_seeker/share/ament_index/resource_index/packages
[3.497s] copying resource/waypoint_seeker -> /home/jason/Desktop/STUDY/Cobra-Driver/workspace/install/waypoint_seeker/share/ament_index/resource_index/packages
[3.497s] copying package.xml -> /home/jason/Desktop/STUDY/Cobra-Driver/workspace/install/waypoint_seeker/share/waypoint_seeker
[3.497s] copying param/config.yaml -> /home/jason/Desktop/STUDY/Cobra-Driver/workspace/install/waypoint_seeker/share/waypoint_seeker
[3.497s] copying launch/waypoint_launch.py -> /home/jason/Desktop/STUDY/Cobra-Driver/workspace/install/waypoint_seeker/share/waypoint_seeker
[3.498s] running install_egg_info
[3.498s] Copying ../../build/waypoint_seeker/waypoint_seeker.egg-info to /home/jason/Desktop/STUDY/Cobra-Driver/workspace/install/waypoint_seeker/lib/python3.10/site-packages/waypoint_seeker-0.0.0-py3.10.egg-info
[3.498s] running install_scripts
[3.498s] /home/jason/.local/lib/python3.10/site-packages/setuptools/_distutils/cmd.py:66: SetuptoolsDeprecationWarning: setup.py install is deprecated.
[3.498s] !!
[3.498s] 
[3.498s]         ********************************************************************************
[3.498s]         Please avoid running ``setup.py`` directly.
[3.498s]         Instead, use pypa/build, pypa/installer or other
[3.498s]         standards-based tools.
[3.498s] 
[3.498s]         See https://blog.ganssle.io/articles/2021/10/setup-py-deprecated.html for details.
[3.498s]         ********************************************************************************
[3.498s] 
[3.499s] !!
[3.499s]   self.initialize_options()
[3.499s] Installing waypoint_control script to /home/jason/Desktop/STUDY/Cobra-Driver/workspace/install/waypoint_seeker/lib/waypoint_seeker
[3.499s] writing list of installed files to '/home/jason/Desktop/STUDY/Cobra-Driver/workspace/build/waypoint_seeker/install.log'
[3.887s] Invoked command in '/home/jason/Desktop/STUDY/Cobra-Driver/workspace/src/waypoint_seeker' returned '0': PYTHONPATH=/home/jason/Desktop/STUDY/Cobra-Driver/workspace/build/waypoint_seeker/prefix_override:/home/jason/Desktop/STUDY/Cobra-Driver/workspace/install/waypoint_seeker/lib/python3.10/site-packages:${PYTHONPATH} /usr/bin/python3 setup.py egg_info --egg-base ../../build/waypoint_seeker build --build-base /home/jason/Desktop/STUDY/Cobra-Driver/workspace/build/waypoint_seeker/build install --record /home/jason/Desktop/STUDY/Cobra-Driver/workspace/build/waypoint_seeker/install.log --single-version-externally-managed
