[1.296s] Invoking command in '/home/jason/Desktop/STUDY/Cobra-Driver/workspace/build/ndt_omp_ros2': CMAKE_PREFIX_PATH=${CMAKE_PREFIX_PATH}:/home/jason/Desktop/STUDY/Cobra-Driver/workspace/src/waypoint_seeker/install/waypoint_seeker:/home/jason/Desktop/STUDY/Cobra-Driver/workspace/install/yolov5_ros2:/home/jason/Desktop/STUDY/Cobra-Driver/workspace/install/waypoint_seeker:/home/jason/Desktop/STUDY/Cobra-Driver/workspace/install/udp_to_ros:/home/jason/Desktop/STUDY/Cobra-Driver/workspace/install/tcp_cam_sender:/home/jason/Desktop/STUDY/Cobra-Driver/workspace/install/ptcloud_save:/home/jason/Desktop/STUDY/Cobra-Driver/workspace/install/common:/opt/ros/iron /home/jason/.local/bin/cmake --build /home/jason/Desktop/STUDY/Cobra-Driver/workspace/build/ndt_omp_ros2 -- -j16 -l16
[2.863s] [ 66%] Built target ndt_omp
[2.864s] [100%] Built target align
[3.161s] Invoked command in '/home/jason/Desktop/STUDY/Cobra-Driver/workspace/build/ndt_omp_ros2' returned '0': CMAKE_PREFIX_PATH=${CMAKE_PREFIX_PATH}:/home/jason/Desktop/STUDY/Cobra-Driver/workspace/src/waypoint_seeker/install/waypoint_seeker:/home/jason/Desktop/STUDY/Cobra-Driver/workspace/install/yolov5_ros2:/home/jason/Desktop/STUDY/Cobra-Driver/workspace/install/waypoint_seeker:/home/jason/Desktop/STUDY/Cobra-Driver/workspace/install/udp_to_ros:/home/jason/Desktop/STUDY/Cobra-Driver/workspace/install/tcp_cam_sender:/home/jason/Desktop/STUDY/Cobra-Driver/workspace/install/ptcloud_save:/home/jason/Desktop/STUDY/Cobra-Driver/workspace/install/common:/opt/ros/iron /home/jason/.local/bin/cmake --build /home/jason/Desktop/STUDY/Cobra-Driver/workspace/build/ndt_omp_ros2 -- -j16 -l16
[3.290s] Invoking command in '/home/jason/Desktop/STUDY/Cobra-Driver/workspace/build/ndt_omp_ros2': CMAKE_PREFIX_PATH=${CMAKE_PREFIX_PATH}:/home/jason/Desktop/STUDY/Cobra-Driver/workspace/src/waypoint_seeker/install/waypoint_seeker:/home/jason/Desktop/STUDY/Cobra-Driver/workspace/install/yolov5_ros2:/home/jason/Desktop/STUDY/Cobra-Driver/workspace/install/waypoint_seeker:/home/jason/Desktop/STUDY/Cobra-Driver/workspace/install/udp_to_ros:/home/jason/Desktop/STUDY/Cobra-Driver/workspace/install/tcp_cam_sender:/home/jason/Desktop/STUDY/Cobra-Driver/workspace/install/ptcloud_save:/home/jason/Desktop/STUDY/Cobra-Driver/workspace/install/common:/opt/ros/iron /home/jason/.local/bin/cmake --install /home/jason/Desktop/STUDY/Cobra-Driver/workspace/build/ndt_omp_ros2
[3.340s] -- Install configuration: "RELEASE"
[3.340s] -- Up-to-date: /home/jason/Desktop/STUDY/Cobra-Driver/workspace/install/ndt_omp_ros2/lib/ndt_omp_ros2/align
[3.342s] -- Up-to-date: /home/jason/Desktop/STUDY/Cobra-Driver/workspace/install/ndt_omp_ros2/bin/align
[3.342s] -- Up-to-date: /home/jason/Desktop/STUDY/Cobra-Driver/workspace/install/ndt_omp_ros2/include
[3.342s] -- Up-to-date: /home/jason/Desktop/STUDY/Cobra-Driver/workspace/install/ndt_omp_ros2/include/pclomp
[3.342s] -- Up-to-date: /home/jason/Desktop/STUDY/Cobra-Driver/workspace/install/ndt_omp_ros2/include/pclomp/voxel_grid_covariance_omp_impl.hpp
[3.342s] -- Up-to-date: /home/jason/Desktop/STUDY/Cobra-Driver/workspace/install/ndt_omp_ros2/include/pclomp/gicp_omp_impl.hpp
[3.342s] -- Up-to-date: /home/jason/Desktop/STUDY/Cobra-Driver/workspace/install/ndt_omp_ros2/include/pclomp/ndt_omp.h
[3.342s] -- Up-to-date: /home/jason/Desktop/STUDY/Cobra-Driver/workspace/install/ndt_omp_ros2/include/pclomp/gicp_omp.h
[3.342s] -- Up-to-date: /home/jason/Desktop/STUDY/Cobra-Driver/workspace/install/ndt_omp_ros2/include/pclomp/ndt_omp_impl.hpp
[3.343s] -- Up-to-date: /home/jason/Desktop/STUDY/Cobra-Driver/workspace/install/ndt_omp_ros2/include/pclomp/voxel_grid_covariance_omp.h
[3.343s] -- Up-to-date: /home/jason/Desktop/STUDY/Cobra-Driver/workspace/install/ndt_omp_ros2/share/ament_index/resource_index/package_run_dependencies/ndt_omp_ros2
[3.343s] -- Up-to-date: /home/jason/Desktop/STUDY/Cobra-Driver/workspace/install/ndt_omp_ros2/share/ament_index/resource_index/parent_prefix_path/ndt_omp_ros2
[3.343s] -- Up-to-date: /home/jason/Desktop/STUDY/Cobra-Driver/workspace/install/ndt_omp_ros2/share/ndt_omp_ros2/environment/ament_prefix_path.sh
[3.343s] -- Up-to-date: /home/jason/Desktop/STUDY/Cobra-Driver/workspace/install/ndt_omp_ros2/share/ndt_omp_ros2/environment/ament_prefix_path.dsv
[3.343s] -- Up-to-date: /home/jason/Desktop/STUDY/Cobra-Driver/workspace/install/ndt_omp_ros2/share/ndt_omp_ros2/environment/path.sh
[3.343s] -- Up-to-date: /home/jason/Desktop/STUDY/Cobra-Driver/workspace/install/ndt_omp_ros2/share/ndt_omp_ros2/environment/path.dsv
[3.343s] -- Up-to-date: /home/jason/Desktop/STUDY/Cobra-Driver/workspace/install/ndt_omp_ros2/share/ndt_omp_ros2/local_setup.bash
[3.343s] -- Up-to-date: /home/jason/Desktop/STUDY/Cobra-Driver/workspace/install/ndt_omp_ros2/share/ndt_omp_ros2/local_setup.sh
[3.343s] -- Up-to-date: /home/jason/Desktop/STUDY/Cobra-Driver/workspace/install/ndt_omp_ros2/share/ndt_omp_ros2/local_setup.zsh
[3.343s] -- Up-to-date: /home/jason/Desktop/STUDY/Cobra-Driver/workspace/install/ndt_omp_ros2/share/ndt_omp_ros2/local_setup.dsv
[3.344s] -- Installing: /home/jason/Desktop/STUDY/Cobra-Driver/workspace/install/ndt_omp_ros2/share/ndt_omp_ros2/package.dsv
[3.344s] -- Up-to-date: /home/jason/Desktop/STUDY/Cobra-Driver/workspace/install/ndt_omp_ros2/share/ament_index/resource_index/packages/ndt_omp_ros2
[3.344s] -- Up-to-date: /home/jason/Desktop/STUDY/Cobra-Driver/workspace/install/ndt_omp_ros2/share/ndt_omp_ros2/cmake/ament_cmake_export_dependencies-extras.cmake
[3.344s] -- Up-to-date: /home/jason/Desktop/STUDY/Cobra-Driver/workspace/install/ndt_omp_ros2/share/ndt_omp_ros2/cmake/ament_cmake_export_include_directories-extras.cmake
[3.344s] -- Up-to-date: /home/jason/Desktop/STUDY/Cobra-Driver/workspace/install/ndt_omp_ros2/share/ndt_omp_ros2/cmake/ndt_omp_ros2Config.cmake
[3.344s] -- Up-to-date: /home/jason/Desktop/STUDY/Cobra-Driver/workspace/install/ndt_omp_ros2/share/ndt_omp_ros2/cmake/ndt_omp_ros2Config-version.cmake
[3.344s] -- Up-to-date: /home/jason/Desktop/STUDY/Cobra-Driver/workspace/install/ndt_omp_ros2/share/ndt_omp_ros2/package.xml
[3.591s] Invoked command in '/home/jason/Desktop/STUDY/Cobra-Driver/workspace/build/ndt_omp_ros2' returned '0': CMAKE_PREFIX_PATH=${CMAKE_PREFIX_PATH}:/home/jason/Desktop/STUDY/Cobra-Driver/workspace/src/waypoint_seeker/install/waypoint_seeker:/home/jason/Desktop/STUDY/Cobra-Driver/workspace/install/yolov5_ros2:/home/jason/Desktop/STUDY/Cobra-Driver/workspace/install/waypoint_seeker:/home/jason/Desktop/STUDY/Cobra-Driver/workspace/install/udp_to_ros:/home/jason/Desktop/STUDY/Cobra-Driver/workspace/install/tcp_cam_sender:/home/jason/Desktop/STUDY/Cobra-Driver/workspace/install/ptcloud_save:/home/jason/Desktop/STUDY/Cobra-Driver/workspace/install/common:/opt/ros/iron /home/jason/.local/bin/cmake --install /home/jason/Desktop/STUDY/Cobra-Driver/workspace/build/ndt_omp_ros2
