[0.254s] Invoking command in '/home/jason/Desktop/STUDY/Cobra-Driver/workspace/build/usb_cam': CMAKE_PREFIX_PATH=${CMAKE_PREFIX_PATH}:/home/jason/Desktop/STUDY/Cobra-Driver/workspace/install/udp_to_ros:/home/jason/Desktop/STUDY/Cobra-Driver/workspace/install/udp_float_receiver:/opt/ros/iron CONDA_PROMPT_MODIFIER=(base) /usr/bin/cmake --build /home/jason/Desktop/STUDY/Cobra-Driver/workspace/build/usb_cam -- -j16 -l16
[0.282s] [35m[1mConsolidate compiler generated dependencies of target gtest_main[0m
[0.282s] [35m[1mConsolidate compiler generated dependencies of target usb_cam[0m
[0.283s] [35m[1mConsolidate compiler generated dependencies of target usb_cam_node_exe[0m
[0.283s] [35m[1mConsolidate compiler generated dependencies of target gtest[0m
[0.292s] [ 28%] Built target usb_cam
[0.292s] [ 28%] Built target gtest_main
[0.294s] [ 42%] Built target gtest
[0.295s] [ 57%] Built target usb_cam_node_exe
[0.300s] [35m[1mConsolidate compiler generated dependencies of target usb_cam_node[0m
[0.302s] [35m[1mConsolidate compiler generated dependencies of target test_pixel_formats[0m
[0.302s] [35m[1mConsolidate compiler generated dependencies of target test_usb_cam_utils[0m
[0.312s] [ 71%] Built target test_pixel_formats
[0.312s] [ 85%] Built target test_usb_cam_utils
[0.315s] [100%] Built target usb_cam_node
[0.323s] Invoked command in '/home/jason/Desktop/STUDY/Cobra-Driver/workspace/build/usb_cam' returned '0': CMAKE_PREFIX_PATH=${CMAKE_PREFIX_PATH}:/home/jason/Desktop/STUDY/Cobra-Driver/workspace/install/udp_to_ros:/home/jason/Desktop/STUDY/Cobra-Driver/workspace/install/udp_float_receiver:/opt/ros/iron CONDA_PROMPT_MODIFIER=(base) /usr/bin/cmake --build /home/jason/Desktop/STUDY/Cobra-Driver/workspace/build/usb_cam -- -j16 -l16
[0.355s] Invoking command in '/home/jason/Desktop/STUDY/Cobra-Driver/workspace/build/usb_cam': CMAKE_PREFIX_PATH=${CMAKE_PREFIX_PATH}:/home/jason/Desktop/STUDY/Cobra-Driver/workspace/install/udp_to_ros:/home/jason/Desktop/STUDY/Cobra-Driver/workspace/install/udp_float_receiver:/opt/ros/iron CONDA_PROMPT_MODIFIER=(base) /usr/bin/cmake --install /home/jason/Desktop/STUDY/Cobra-Driver/workspace/build/usb_cam
[0.361s] -- Install configuration: ""
[0.361s] -- Up-to-date: /home/jason/Desktop/STUDY/Cobra-Driver/workspace/install/usb_cam/share/usb_cam/environment/library_path.sh
[0.361s] -- Up-to-date: /home/jason/Desktop/STUDY/Cobra-Driver/workspace/install/usb_cam/share/usb_cam/environment/library_path.dsv
[0.361s] -- Up-to-date: /home/jason/Desktop/STUDY/Cobra-Driver/workspace/install/usb_cam/lib/usb_cam/usb_cam_node_exe
[0.361s] -- Up-to-date: /home/jason/Desktop/STUDY/Cobra-Driver/workspace/install/usb_cam/lib/usb_cam/show_image.py
[0.362s] -- Up-to-date: /home/jason/Desktop/STUDY/Cobra-Driver/workspace/install/usb_cam/lib/libusb_cam.so
[0.362s] -- Up-to-date: /home/jason/Desktop/STUDY/Cobra-Driver/workspace/install/usb_cam/lib/libusb_cam_node.so
[0.362s] -- Up-to-date: /home/jason/Desktop/STUDY/Cobra-Driver/workspace/install/usb_cam/include
[0.362s] -- Up-to-date: /home/jason/Desktop/STUDY/Cobra-Driver/workspace/install/usb_cam/include/usb_cam
[0.362s] -- Up-to-date: /home/jason/Desktop/STUDY/Cobra-Driver/workspace/install/usb_cam/include/usb_cam/conversions.hpp
[0.362s] -- Up-to-date: /home/jason/Desktop/STUDY/Cobra-Driver/workspace/install/usb_cam/include/usb_cam/usb_cam_node.hpp
[0.362s] -- Up-to-date: /home/jason/Desktop/STUDY/Cobra-Driver/workspace/install/usb_cam/include/usb_cam/usb_cam.hpp
[0.362s] -- Up-to-date: /home/jason/Desktop/STUDY/Cobra-Driver/workspace/install/usb_cam/include/usb_cam/constants.hpp
[0.362s] -- Up-to-date: /home/jason/Desktop/STUDY/Cobra-Driver/workspace/install/usb_cam/include/usb_cam/utils.hpp
[0.362s] -- Up-to-date: /home/jason/Desktop/STUDY/Cobra-Driver/workspace/install/usb_cam/include/usb_cam/formats
[0.362s] -- Up-to-date: /home/jason/Desktop/STUDY/Cobra-Driver/workspace/install/usb_cam/include/usb_cam/formats/pixel_format_base.hpp
[0.362s] -- Up-to-date: /home/jason/Desktop/STUDY/Cobra-Driver/workspace/install/usb_cam/include/usb_cam/formats/m420.hpp
[0.362s] -- Up-to-date: /home/jason/Desktop/STUDY/Cobra-Driver/workspace/install/usb_cam/include/usb_cam/formats/yuyv.hpp
[0.363s] -- Up-to-date: /home/jason/Desktop/STUDY/Cobra-Driver/workspace/install/usb_cam/include/usb_cam/formats/rgb.hpp
[0.363s] -- Up-to-date: /home/jason/Desktop/STUDY/Cobra-Driver/workspace/install/usb_cam/include/usb_cam/formats/mjpeg.hpp
[0.363s] -- Up-to-date: /home/jason/Desktop/STUDY/Cobra-Driver/workspace/install/usb_cam/include/usb_cam/formats/uyvy.hpp
[0.363s] -- Up-to-date: /home/jason/Desktop/STUDY/Cobra-Driver/workspace/install/usb_cam/include/usb_cam/formats/mono.hpp
[0.363s] -- Up-to-date: /home/jason/Desktop/STUDY/Cobra-Driver/workspace/install/usb_cam/include/usb_cam/formats/utils.hpp
[0.363s] -- Up-to-date: /home/jason/Desktop/STUDY/Cobra-Driver/workspace/install/usb_cam/lib/libusb_cam_node.so
[0.363s] -- Up-to-date: /home/jason/Desktop/STUDY/Cobra-Driver/workspace/install/usb_cam/share/usb_cam/launch
[0.363s] -- Up-to-date: /home/jason/Desktop/STUDY/Cobra-Driver/workspace/install/usb_cam/share/usb_cam/launch/camera.launch.py
[0.363s] -- Up-to-date: /home/jason/Desktop/STUDY/Cobra-Driver/workspace/install/usb_cam/share/usb_cam/launch/camera_config.py
[0.363s] -- Up-to-date: /home/jason/Desktop/STUDY/Cobra-Driver/workspace/install/usb_cam/share/usb_cam/launch/__init__.py
[0.363s] -- Up-to-date: /home/jason/Desktop/STUDY/Cobra-Driver/workspace/install/usb_cam/share/usb_cam/config
[0.363s] -- Up-to-date: /home/jason/Desktop/STUDY/Cobra-Driver/workspace/install/usb_cam/share/usb_cam/config/params_2.yaml
[0.363s] -- Up-to-date: /home/jason/Desktop/STUDY/Cobra-Driver/workspace/install/usb_cam/share/usb_cam/config/camera_info.yaml
[0.363s] -- Up-to-date: /home/jason/Desktop/STUDY/Cobra-Driver/workspace/install/usb_cam/share/usb_cam/config/params_1.yaml
[0.363s] -- Up-to-date: /home/jason/Desktop/STUDY/Cobra-Driver/workspace/install/usb_cam/share/ament_index/resource_index/package_run_dependencies/usb_cam
[0.364s] -- Up-to-date: /home/jason/Desktop/STUDY/Cobra-Driver/workspace/install/usb_cam/share/ament_index/resource_index/parent_prefix_path/usb_cam
[0.364s] -- Up-to-date: /home/jason/Desktop/STUDY/Cobra-Driver/workspace/install/usb_cam/share/usb_cam/environment/ament_prefix_path.sh
[0.364s] -- Up-to-date: /home/jason/Desktop/STUDY/Cobra-Driver/workspace/install/usb_cam/share/usb_cam/environment/ament_prefix_path.dsv
[0.364s] -- Up-to-date: /home/jason/Desktop/STUDY/Cobra-Driver/workspace/install/usb_cam/share/usb_cam/environment/path.sh
[0.364s] -- Up-to-date: /home/jason/Desktop/STUDY/Cobra-Driver/workspace/install/usb_cam/share/usb_cam/environment/path.dsv
[0.364s] -- Up-to-date: /home/jason/Desktop/STUDY/Cobra-Driver/workspace/install/usb_cam/share/usb_cam/local_setup.bash
[0.364s] -- Up-to-date: /home/jason/Desktop/STUDY/Cobra-Driver/workspace/install/usb_cam/share/usb_cam/local_setup.sh
[0.364s] -- Up-to-date: /home/jason/Desktop/STUDY/Cobra-Driver/workspace/install/usb_cam/share/usb_cam/local_setup.zsh
[0.364s] -- Up-to-date: /home/jason/Desktop/STUDY/Cobra-Driver/workspace/install/usb_cam/share/usb_cam/local_setup.dsv
[0.364s] -- Installing: /home/jason/Desktop/STUDY/Cobra-Driver/workspace/install/usb_cam/share/usb_cam/package.dsv
[0.365s] -- Up-to-date: /home/jason/Desktop/STUDY/Cobra-Driver/workspace/install/usb_cam/share/ament_index/resource_index/packages/usb_cam
[0.365s] -- Up-to-date: /home/jason/Desktop/STUDY/Cobra-Driver/workspace/install/usb_cam/share/ament_index/resource_index/rclcpp_components/usb_cam
[0.365s] -- Up-to-date: /home/jason/Desktop/STUDY/Cobra-Driver/workspace/install/usb_cam/share/usb_cam/cmake/ament_cmake_export_libraries-extras.cmake
[0.365s] -- Up-to-date: /home/jason/Desktop/STUDY/Cobra-Driver/workspace/install/usb_cam/share/usb_cam/cmake/ament_cmake_export_dependencies-extras.cmake
[0.365s] -- Up-to-date: /home/jason/Desktop/STUDY/Cobra-Driver/workspace/install/usb_cam/share/usb_cam/cmake/ament_cmake_export_include_directories-extras.cmake
[0.365s] -- Up-to-date: /home/jason/Desktop/STUDY/Cobra-Driver/workspace/install/usb_cam/share/usb_cam/cmake/usb_camConfig.cmake
[0.365s] -- Up-to-date: /home/jason/Desktop/STUDY/Cobra-Driver/workspace/install/usb_cam/share/usb_cam/cmake/usb_camConfig-version.cmake
[0.365s] -- Up-to-date: /home/jason/Desktop/STUDY/Cobra-Driver/workspace/install/usb_cam/share/usb_cam/package.xml
[0.366s] Invoked command in '/home/jason/Desktop/STUDY/Cobra-Driver/workspace/build/usb_cam' returned '0': CMAKE_PREFIX_PATH=${CMAKE_PREFIX_PATH}:/home/jason/Desktop/STUDY/Cobra-Driver/workspace/install/udp_to_ros:/home/jason/Desktop/STUDY/Cobra-Driver/workspace/install/udp_float_receiver:/opt/ros/iron CONDA_PROMPT_MODIFIER=(base) /usr/bin/cmake --install /home/jason/Desktop/STUDY/Cobra-Driver/workspace/build/usb_cam
