[3.678s] Invoking command in '/home/jason/Desktop/STUDY/Cobra-Driver/workspace/src/common': PYTHONPATH=/home/jason/Desktop/STUDY/Cobra-Driver/workspace/build/common/prefix_override:/home/jason/Desktop/STUDY/Cobra-Driver/workspace/install/common/lib/python3.10/site-packages:${PYTHONPATH} /usr/bin/python3 setup.py egg_info --egg-base ../../build/common build --build-base /home/jason/Desktop/STUDY/Cobra-Driver/workspace/build/common/build install --record /home/jason/Desktop/STUDY/Cobra-Driver/workspace/build/common/install.log --single-version-externally-managed
[4.042s] running egg_info
[4.166s] writing ../../build/common/common.egg-info/PKG-INFO
[4.167s] writing dependency_links to ../../build/common/common.egg-info/dependency_links.txt
[4.168s] writing requirements to ../../build/common/common.egg-info/requires.txt
[4.168s] writing top-level names to ../../build/common/common.egg-info/top_level.txt
[4.226s] reading manifest file '../../build/common/common.egg-info/SOURCES.txt'
[4.226s] writing manifest file '../../build/common/common.egg-info/SOURCES.txt'
[4.226s] running build
[4.226s] running build_py
[4.227s] running install
[4.227s] /home/jason/.local/lib/python3.10/site-packages/setuptools/_distutils/cmd.py:66: SetuptoolsDeprecationWarning: setup.py install is deprecated.
[4.227s] !!
[4.227s] 
[4.227s]         ********************************************************************************
[4.228s]         Please avoid running ``setup.py`` directly.
[4.228s]         Instead, use pypa/build, pypa/installer or other
[4.228s]         standards-based tools.
[4.228s] 
[4.228s]         See https://blog.ganssle.io/articles/2021/10/setup-py-deprecated.html for details.
[4.228s]         ********************************************************************************
[4.228s] 
[4.228s] !!
[4.228s]   self.initialize_options()
[4.230s] running install_lib
[4.254s] running install_data
[4.255s] running install_egg_info
[4.257s] removing '/home/jason/Desktop/STUDY/Cobra-Driver/workspace/install/common/lib/python3.10/site-packages/common-0.0.0-py3.10.egg-info' (and everything under it)
[4.257s] Copying ../../build/common/common.egg-info to /home/jason/Desktop/STUDY/Cobra-Driver/workspace/install/common/lib/python3.10/site-packages/common-0.0.0-py3.10.egg-info
[4.257s] running install_scripts
[4.338s] writing list of installed files to '/home/jason/Desktop/STUDY/Cobra-Driver/workspace/build/common/install.log'
[5.053s] Invoked command in '/home/jason/Desktop/STUDY/Cobra-Driver/workspace/src/common' returned '0': PYTHONPATH=/home/jason/Desktop/STUDY/Cobra-Driver/workspace/build/common/prefix_override:/home/jason/Desktop/STUDY/Cobra-Driver/workspace/install/common/lib/python3.10/site-packages:${PYTHONPATH} /usr/bin/python3 setup.py egg_info --egg-base ../../build/common build --build-base /home/jason/Desktop/STUDY/Cobra-Driver/workspace/build/common/build install --record /home/jason/Desktop/STUDY/Cobra-Driver/workspace/build/common/install.log --single-version-externally-managed
