[3.645s] Invoking command in '/home/sbel/Desktop/Cobra-Driver/workspace/src/common': PYTHONPATH=/home/sbel/Desktop/Cobra-Driver/workspace/build/common/prefix_override:/home/sbel/Desktop/Cobra-Driver/workspace/install/common/lib/python3.8/site-packages:${PYTHONPATH} /usr/bin/python3 setup.py egg_info --egg-base ../../build/common build --build-base /home/sbel/Desktop/Cobra-Driver/workspace/build/common/build install --record /home/sbel/Desktop/Cobra-Driver/workspace/build/common/install.log --single-version-externally-managed
[4.160s] running egg_info
[4.196s] writing ../../build/common/common.egg-info/PKG-INFO
[4.197s] writing dependency_links to ../../build/common/common.egg-info/dependency_links.txt
[4.202s] writing requirements to ../../build/common/common.egg-info/requires.txt
[4.202s] writing top-level names to ../../build/common/common.egg-info/top_level.txt
[4.490s] reading manifest file '../../build/common/common.egg-info/SOURCES.txt'
[4.492s] writing manifest file '../../build/common/common.egg-info/SOURCES.txt'
[4.492s] running build
[4.493s] running build_py
[4.494s] running install
[4.495s] /home/sbel/.local/lib/python3.8/site-packages/setuptools/_distutils/cmd.py:66: SetuptoolsDeprecationWarning: setup.py install is deprecated.
[4.495s] !!
[4.495s] 
[4.496s]         ********************************************************************************
[4.496s]         Please avoid running ``setup.py`` directly.
[4.496s]         Instead, use pypa/build, pypa/installer or other
[4.496s]         standards-based tools.
[4.496s] 
[4.496s]         See https://blog.ganssle.io/articles/2021/10/setup-py-deprecated.html for details.
[4.496s]         ********************************************************************************
[4.497s] 
[4.497s] !!
[4.497s]   self.initialize_options()
[4.506s] running install_lib
[4.540s] running install_data
[4.573s] running install_egg_info
[4.611s] removing '/home/sbel/Desktop/Cobra-Driver/workspace/install/common/lib/python3.8/site-packages/common-0.0.0-py3.8.egg-info' (and everything under it)
[4.612s] Copying ../../build/common/common.egg-info to /home/sbel/Desktop/Cobra-Driver/workspace/install/common/lib/python3.8/site-packages/common-0.0.0-py3.8.egg-info
[4.614s] running install_scripts
[4.733s] writing list of installed files to '/home/sbel/Desktop/Cobra-Driver/workspace/build/common/install.log'
[4.890s] Invoked command in '/home/sbel/Desktop/Cobra-Driver/workspace/src/common' returned '0': PYTHONPATH=/home/sbel/Desktop/Cobra-Driver/workspace/build/common/prefix_override:/home/sbel/Desktop/Cobra-Driver/workspace/install/common/lib/python3.8/site-packages:${PYTHONPATH} /usr/bin/python3 setup.py egg_info --egg-base ../../build/common build --build-base /home/sbel/Desktop/Cobra-Driver/workspace/build/common/build install --record /home/sbel/Desktop/Cobra-Driver/workspace/build/common/install.log --single-version-externally-managed
