[3.893s] Invoking command in '/home/jason/Desktop/STUDY/Cobra-Driver/workspace/src/common': PYTHONPATH=/home/jason/Desktop/STUDY/Cobra-Driver/workspace/build/common/prefix_override:/home/jason/Desktop/STUDY/Cobra-Driver/workspace/install/common/lib/python3.10/site-packages:${PYTHONPATH} /usr/bin/python3 setup.py egg_info --egg-base ../../build/common build --build-base /home/jason/Desktop/STUDY/Cobra-Driver/workspace/build/common/build install --record /home/jason/Desktop/STUDY/Cobra-Driver/workspace/build/common/install.log --single-version-externally-managed
[4.232s] running egg_info
[4.235s] writing ../../build/common/common.egg-info/PKG-INFO
[4.235s] writing dependency_links to ../../build/common/common.egg-info/dependency_links.txt
[4.235s] writing requirements to ../../build/common/common.egg-info/requires.txt
[4.236s] writing top-level names to ../../build/common/common.egg-info/top_level.txt
[4.255s] reading manifest file '../../build/common/common.egg-info/SOURCES.txt'
[4.255s] writing manifest file '../../build/common/common.egg-info/SOURCES.txt'
[4.256s] running build
[4.256s] running build_py
[4.256s] running install
[4.256s] /home/jason/.local/lib/python3.10/site-packages/setuptools/_distutils/cmd.py:66: SetuptoolsDeprecationWarning: setup.py install is deprecated.
[4.256s] !!
[4.257s] 
[4.257s]         ********************************************************************************
[4.257s]         Please avoid running ``setup.py`` directly.
[4.257s]         Instead, use pypa/build, pypa/installer or other
[4.257s]         standards-based tools.
[4.257s] 
[4.257s]         See https://blog.ganssle.io/articles/2021/10/setup-py-deprecated.html for details.
[4.257s]         ********************************************************************************
[4.257s] 
[4.258s] !!
[4.258s]   self.initialize_options()
[4.259s] running install_lib
[4.263s] running install_data
[4.283s] running install_egg_info
[4.303s] removing '/home/jason/Desktop/STUDY/Cobra-Driver/workspace/install/common/lib/python3.10/site-packages/common-0.0.0-py3.10.egg-info' (and everything under it)
[4.304s] Copying ../../build/common/common.egg-info to /home/jason/Desktop/STUDY/Cobra-Driver/workspace/install/common/lib/python3.10/site-packages/common-0.0.0-py3.10.egg-info
[4.304s] running install_scripts
[4.496s] writing list of installed files to '/home/jason/Desktop/STUDY/Cobra-Driver/workspace/build/common/install.log'
[5.000s] Invoked command in '/home/jason/Desktop/STUDY/Cobra-Driver/workspace/src/common' returned '0': PYTHONPATH=/home/jason/Desktop/STUDY/Cobra-Driver/workspace/build/common/prefix_override:/home/jason/Desktop/STUDY/Cobra-Driver/workspace/install/common/lib/python3.10/site-packages:${PYTHONPATH} /usr/bin/python3 setup.py egg_info --egg-base ../../build/common build --build-base /home/jason/Desktop/STUDY/Cobra-Driver/workspace/build/common/build install --record /home/jason/Desktop/STUDY/Cobra-Driver/workspace/build/common/install.log --single-version-externally-managed
