[0.428s] Invoking command in '/home/jason/Desktop/STUDY/Cobra-Driver/workspace/src/udp_float_receiver': CONDA_PROMPT_MODIFIER=(base) PYTHONPATH=/home/jason/Desktop/STUDY/Cobra-Driver/workspace/build/udp_float_receiver/prefix_override:/home/jason/Desktop/STUDY/Cobra-Driver/workspace/install/udp_float_receiver/lib/python3.10/site-packages:${PYTHONPATH} /usr/bin/python3 setup.py egg_info --egg-base ../../build/udp_float_receiver build --build-base /home/jason/Desktop/STUDY/Cobra-Driver/workspace/build/udp_float_receiver/build install --record /home/jason/Desktop/STUDY/Cobra-Driver/workspace/build/udp_float_receiver/install.log --single-version-externally-managed
[0.598s] running egg_info
[0.598s] writing ../../build/udp_float_receiver/udp_float_receiver.egg-info/PKG-INFO
[0.598s] writing dependency_links to ../../build/udp_float_receiver/udp_float_receiver.egg-info/dependency_links.txt
[0.598s] writing entry points to ../../build/udp_float_receiver/udp_float_receiver.egg-info/entry_points.txt
[0.598s] writing requirements to ../../build/udp_float_receiver/udp_float_receiver.egg-info/requires.txt
[0.598s] writing top-level names to ../../build/udp_float_receiver/udp_float_receiver.egg-info/top_level.txt
[0.599s] reading manifest file '../../build/udp_float_receiver/udp_float_receiver.egg-info/SOURCES.txt'
[0.600s] writing manifest file '../../build/udp_float_receiver/udp_float_receiver.egg-info/SOURCES.txt'
[0.600s] running build
[0.600s] running build_py
[0.600s] running install
[0.600s] /usr/lib/python3/dist-packages/setuptools/command/install.py:34: SetuptoolsDeprecationWarning: setup.py install is deprecated. Use build and pip and other standards-based tools.
[0.600s]   warnings.warn(
[0.600s] running install_lib
[0.601s] running install_data
[0.601s] running install_egg_info
[0.602s] removing '/home/jason/Desktop/STUDY/Cobra-Driver/workspace/install/udp_float_receiver/lib/python3.10/site-packages/udp_float_receiver-0.0.0-py3.10.egg-info' (and everything under it)
[0.602s] Copying ../../build/udp_float_receiver/udp_float_receiver.egg-info to /home/jason/Desktop/STUDY/Cobra-Driver/workspace/install/udp_float_receiver/lib/python3.10/site-packages/udp_float_receiver-0.0.0-py3.10.egg-info
[0.603s] running install_scripts
[0.616s] Installing receiver script to /home/jason/Desktop/STUDY/Cobra-Driver/workspace/install/udp_float_receiver/lib/udp_float_receiver
[0.617s] writing list of installed files to '/home/jason/Desktop/STUDY/Cobra-Driver/workspace/build/udp_float_receiver/install.log'
[0.630s] Invoked command in '/home/jason/Desktop/STUDY/Cobra-Driver/workspace/src/udp_float_receiver' returned '0': CONDA_PROMPT_MODIFIER=(base) PYTHONPATH=/home/jason/Desktop/STUDY/Cobra-Driver/workspace/build/udp_float_receiver/prefix_override:/home/jason/Desktop/STUDY/Cobra-Driver/workspace/install/udp_float_receiver/lib/python3.10/site-packages:${PYTHONPATH} /usr/bin/python3 setup.py egg_info --egg-base ../../build/udp_float_receiver build --build-base /home/jason/Desktop/STUDY/Cobra-Driver/workspace/build/udp_float_receiver/build install --record /home/jason/Desktop/STUDY/Cobra-Driver/workspace/build/udp_float_receiver/install.log --single-version-externally-managed
