[3.538s] Invoking command in '/home/sbel/Desktop/Cobra-Driver/workspace/src/tcp_cam_sender': PYTHONPATH=/home/sbel/Desktop/Cobra-Driver/workspace/build/tcp_cam_sender/prefix_override:/home/sbel/Desktop/Cobra-Driver/workspace/install/tcp_cam_sender/lib/python3.8/site-packages:${PYTHONPATH} /usr/bin/python3 setup.py egg_info --egg-base ../../build/tcp_cam_sender build --build-base /home/sbel/Desktop/Cobra-Driver/workspace/build/tcp_cam_sender/build install --record /home/sbel/Desktop/Cobra-Driver/workspace/build/tcp_cam_sender/install.log --single-version-externally-managed
[4.038s] running egg_info
[4.071s] writing ../../build/tcp_cam_sender/tcp_cam_sender.egg-info/PKG-INFO
[4.073s] writing dependency_links to ../../build/tcp_cam_sender/tcp_cam_sender.egg-info/dependency_links.txt
[4.073s] writing entry points to ../../build/tcp_cam_sender/tcp_cam_sender.egg-info/entry_points.txt
[4.074s] writing requirements to ../../build/tcp_cam_sender/tcp_cam_sender.egg-info/requires.txt
[4.074s] writing top-level names to ../../build/tcp_cam_sender/tcp_cam_sender.egg-info/top_level.txt
[4.371s] reading manifest file '../../build/tcp_cam_sender/tcp_cam_sender.egg-info/SOURCES.txt'
[4.372s] writing manifest file '../../build/tcp_cam_sender/tcp_cam_sender.egg-info/SOURCES.txt'
[4.373s] running build
[4.375s] running build_py
[4.377s] running install
[4.378s] /home/sbel/.local/lib/python3.8/site-packages/setuptools/_distutils/cmd.py:66: SetuptoolsDeprecationWarning: setup.py install is deprecated.
[4.379s] !!
[4.380s] 
[4.380s]         ********************************************************************************
[4.381s]         Please avoid running ``setup.py`` directly.
[4.382s]         Instead, use pypa/build, pypa/installer or other
[4.383s]         standards-based tools.
[4.384s] 
[4.385s]         See https://blog.ganssle.io/articles/2021/10/setup-py-deprecated.html for details.
[4.386s]         ********************************************************************************
[4.386s] 
[4.387s] !!
[4.388s]   self.initialize_options()
[4.391s] running install_lib
[4.414s] running install_data
[4.449s] running install_egg_info
[4.490s] removing '/home/sbel/Desktop/Cobra-Driver/workspace/install/tcp_cam_sender/lib/python3.8/site-packages/tcp_cam_sender-0.0.0-py3.8.egg-info' (and everything under it)
[4.490s] Copying ../../build/tcp_cam_sender/tcp_cam_sender.egg-info to /home/sbel/Desktop/Cobra-Driver/workspace/install/tcp_cam_sender/lib/python3.8/site-packages/tcp_cam_sender-0.0.0-py3.8.egg-info
[4.490s] running install_scripts
[4.595s] Installing tcp_cam_sender script to /home/sbel/Desktop/Cobra-Driver/workspace/install/tcp_cam_sender/lib/tcp_cam_sender
[4.596s] writing list of installed files to '/home/sbel/Desktop/Cobra-Driver/workspace/build/tcp_cam_sender/install.log'
[4.826s] Invoked command in '/home/sbel/Desktop/Cobra-Driver/workspace/src/tcp_cam_sender' returned '0': PYTHONPATH=/home/sbel/Desktop/Cobra-Driver/workspace/build/tcp_cam_sender/prefix_override:/home/sbel/Desktop/Cobra-Driver/workspace/install/tcp_cam_sender/lib/python3.8/site-packages:${PYTHONPATH} /usr/bin/python3 setup.py egg_info --egg-base ../../build/tcp_cam_sender build --build-base /home/sbel/Desktop/Cobra-Driver/workspace/build/tcp_cam_sender/build install --record /home/sbel/Desktop/Cobra-Driver/workspace/build/tcp_cam_sender/install.log --single-version-externally-managed
