[0.007s] Invoking command in '/home/jason/Desktop/STUDY/Cobra-Driver/workspace/src/build/rosbridge_library': AMENT_PREFIX_PATH=/home/jason/Desktop/STUDY/Cobra-Driver/workspace/src/install/rosbridge_test_msgs:${AMENT_PREFIX_PATH} CMAKE_PREFIX_PATH=/home/jason/Desktop/STUDY/Cobra-Driver/workspace/src/install/rosbridge_test_msgs:/home/jason/Desktop/STUDY/Cobra-Driver/workspace/install/rosbridge_test_msgs:/home/jason/Desktop/STUDY/Cobra-Driver/workspace/install/rosbridge_suite:/home/jason/Desktop/STUDY/Cobra-Driver/workspace/install/rosbridge_server:/home/jason/Desktop/STUDY/Cobra-Driver/workspace/install/rosbridge_msgs:/home/jason/Desktop/STUDY/Cobra-Driver/workspace/install/rosapi:/home/jason/Desktop/STUDY/Cobra-Driver/workspace/install/rosbridge_library:/home/jason/Desktop/STUDY/Cobra-Driver/workspace/install/rosapi_msgs:/home/jason/Desktop/STUDY/Cobra-Driver/workspace/install/usb_cam:/home/jason/Desktop/STUDY/Cobra-Driver/workspace/install/udp_to_ros:/home/jason/Desktop/STUDY/Cobra-Driver/workspace/install/udp_float_receiver:/opt/ros/iron CONDA_PROMPT_MODIFIER=(base) LD_LIBRARY_PATH=/home/jason/Desktop/STUDY/Cobra-Driver/workspace/src/install/rosbridge_test_msgs/lib:${LD_LIBRARY_PATH} PYTHONPATH=/home/jason/Desktop/STUDY/Cobra-Driver/workspace/src/install/rosbridge_test_msgs/lib/python3.10/site-packages:${PYTHONPATH} /usr/bin/cmake /home/jason/Desktop/STUDY/Cobra-Driver/workspace/src/rosbridge_suite/rosbridge_library -DCMAKE_INSTALL_PREFIX=/home/jason/Desktop/STUDY/Cobra-Driver/workspace/src/install/rosbridge_library
[0.043s] -- The C compiler identification is GNU 11.4.0
[0.081s] -- The CXX compiler identification is GNU 11.4.0
[0.086s] -- Detecting C compiler ABI info
[0.130s] -- Detecting C compiler ABI info - done
[0.137s] -- Check for working C compiler: /usr/bin/cc - skipped
[0.137s] -- Detecting C compile features
[0.137s] -- Detecting C compile features - done
[0.139s] -- Detecting CXX compiler ABI info
[0.192s] -- Detecting CXX compiler ABI info - done
[0.198s] -- Check for working CXX compiler: /usr/bin/c++ - skipped
[0.199s] -- Detecting CXX compile features
[0.199s] -- Detecting CXX compile features - done
[0.201s] -- Found ament_cmake_ros: 0.11.2 (/opt/ros/iron/share/ament_cmake_ros/cmake)
[0.336s] -- Found Python3: /usr/bin/python3.10 (found version "3.10.12") found components: Interpreter 
[0.944s] -- Configuring done
[0.947s] -- Generating done
[0.948s] -- Build files have been written to: /home/jason/Desktop/STUDY/Cobra-Driver/workspace/src/build/rosbridge_library
[0.950s] Invoked command in '/home/jason/Desktop/STUDY/Cobra-Driver/workspace/src/build/rosbridge_library' returned '0': AMENT_PREFIX_PATH=/home/jason/Desktop/STUDY/Cobra-Driver/workspace/src/install/rosbridge_test_msgs:${AMENT_PREFIX_PATH} CMAKE_PREFIX_PATH=/home/jason/Desktop/STUDY/Cobra-Driver/workspace/src/install/rosbridge_test_msgs:/home/jason/Desktop/STUDY/Cobra-Driver/workspace/install/rosbridge_test_msgs:/home/jason/Desktop/STUDY/Cobra-Driver/workspace/install/rosbridge_suite:/home/jason/Desktop/STUDY/Cobra-Driver/workspace/install/rosbridge_server:/home/jason/Desktop/STUDY/Cobra-Driver/workspace/install/rosbridge_msgs:/home/jason/Desktop/STUDY/Cobra-Driver/workspace/install/rosapi:/home/jason/Desktop/STUDY/Cobra-Driver/workspace/install/rosbridge_library:/home/jason/Desktop/STUDY/Cobra-Driver/workspace/install/rosapi_msgs:/home/jason/Desktop/STUDY/Cobra-Driver/workspace/install/usb_cam:/home/jason/Desktop/STUDY/Cobra-Driver/workspace/install/udp_to_ros:/home/jason/Desktop/STUDY/Cobra-Driver/workspace/install/udp_float_receiver:/opt/ros/iron CONDA_PROMPT_MODIFIER=(base) LD_LIBRARY_PATH=/home/jason/Desktop/STUDY/Cobra-Driver/workspace/src/install/rosbridge_test_msgs/lib:${LD_LIBRARY_PATH} PYTHONPATH=/home/jason/Desktop/STUDY/Cobra-Driver/workspace/src/install/rosbridge_test_msgs/lib/python3.10/site-packages:${PYTHONPATH} /usr/bin/cmake /home/jason/Desktop/STUDY/Cobra-Driver/workspace/src/rosbridge_suite/rosbridge_library -DCMAKE_INSTALL_PREFIX=/home/jason/Desktop/STUDY/Cobra-Driver/workspace/src/install/rosbridge_library
[0.952s] Invoking command in '/home/jason/Desktop/STUDY/Cobra-Driver/workspace/src/build/rosbridge_library': AMENT_PREFIX_PATH=/home/jason/Desktop/STUDY/Cobra-Driver/workspace/src/install/rosbridge_test_msgs:${AMENT_PREFIX_PATH} CMAKE_PREFIX_PATH=/home/jason/Desktop/STUDY/Cobra-Driver/workspace/src/install/rosbridge_test_msgs:/home/jason/Desktop/STUDY/Cobra-Driver/workspace/install/rosbridge_test_msgs:/home/jason/Desktop/STUDY/Cobra-Driver/workspace/install/rosbridge_suite:/home/jason/Desktop/STUDY/Cobra-Driver/workspace/install/rosbridge_server:/home/jason/Desktop/STUDY/Cobra-Driver/workspace/install/rosbridge_msgs:/home/jason/Desktop/STUDY/Cobra-Driver/workspace/install/rosapi:/home/jason/Desktop/STUDY/Cobra-Driver/workspace/install/rosbridge_library:/home/jason/Desktop/STUDY/Cobra-Driver/workspace/install/rosapi_msgs:/home/jason/Desktop/STUDY/Cobra-Driver/workspace/install/usb_cam:/home/jason/Desktop/STUDY/Cobra-Driver/workspace/install/udp_to_ros:/home/jason/Desktop/STUDY/Cobra-Driver/workspace/install/udp_float_receiver:/opt/ros/iron CONDA_PROMPT_MODIFIER=(base) LD_LIBRARY_PATH=/home/jason/Desktop/STUDY/Cobra-Driver/workspace/src/install/rosbridge_test_msgs/lib:${LD_LIBRARY_PATH} PYTHONPATH=/home/jason/Desktop/STUDY/Cobra-Driver/workspace/src/install/rosbridge_test_msgs/lib/python3.10/site-packages:${PYTHONPATH} /usr/bin/cmake --build /home/jason/Desktop/STUDY/Cobra-Driver/workspace/src/build/rosbridge_library -- -j16 -l16
[0.989s] Built target ament_cmake_python_copy_rosbridge_library
[1.186s] running egg_info
[1.187s] creating rosbridge_library.egg-info
[1.187s] writing rosbridge_library.egg-info/PKG-INFO
[1.187s] writing dependency_links to rosbridge_library.egg-info/dependency_links.txt
[1.187s] writing top-level names to rosbridge_library.egg-info/top_level.txt
[1.187s] writing manifest file 'rosbridge_library.egg-info/SOURCES.txt'
[1.189s] reading manifest file 'rosbridge_library.egg-info/SOURCES.txt'
[1.189s] writing manifest file 'rosbridge_library.egg-info/SOURCES.txt'
[1.206s] Built target ament_cmake_python_build_rosbridge_library_egg
[1.213s] Invoked command in '/home/jason/Desktop/STUDY/Cobra-Driver/workspace/src/build/rosbridge_library' returned '0': AMENT_PREFIX_PATH=/home/jason/Desktop/STUDY/Cobra-Driver/workspace/src/install/rosbridge_test_msgs:${AMENT_PREFIX_PATH} CMAKE_PREFIX_PATH=/home/jason/Desktop/STUDY/Cobra-Driver/workspace/src/install/rosbridge_test_msgs:/home/jason/Desktop/STUDY/Cobra-Driver/workspace/install/rosbridge_test_msgs:/home/jason/Desktop/STUDY/Cobra-Driver/workspace/install/rosbridge_suite:/home/jason/Desktop/STUDY/Cobra-Driver/workspace/install/rosbridge_server:/home/jason/Desktop/STUDY/Cobra-Driver/workspace/install/rosbridge_msgs:/home/jason/Desktop/STUDY/Cobra-Driver/workspace/install/rosapi:/home/jason/Desktop/STUDY/Cobra-Driver/workspace/install/rosbridge_library:/home/jason/Desktop/STUDY/Cobra-Driver/workspace/install/rosapi_msgs:/home/jason/Desktop/STUDY/Cobra-Driver/workspace/install/usb_cam:/home/jason/Desktop/STUDY/Cobra-Driver/workspace/install/udp_to_ros:/home/jason/Desktop/STUDY/Cobra-Driver/workspace/install/udp_float_receiver:/opt/ros/iron CONDA_PROMPT_MODIFIER=(base) LD_LIBRARY_PATH=/home/jason/Desktop/STUDY/Cobra-Driver/workspace/src/install/rosbridge_test_msgs/lib:${LD_LIBRARY_PATH} PYTHONPATH=/home/jason/Desktop/STUDY/Cobra-Driver/workspace/src/install/rosbridge_test_msgs/lib/python3.10/site-packages:${PYTHONPATH} /usr/bin/cmake --build /home/jason/Desktop/STUDY/Cobra-Driver/workspace/src/build/rosbridge_library -- -j16 -l16
[1.228s] Invoking command in '/home/jason/Desktop/STUDY/Cobra-Driver/workspace/src/build/rosbridge_library': AMENT_PREFIX_PATH=/home/jason/Desktop/STUDY/Cobra-Driver/workspace/src/install/rosbridge_test_msgs:${AMENT_PREFIX_PATH} CMAKE_PREFIX_PATH=/home/jason/Desktop/STUDY/Cobra-Driver/workspace/src/install/rosbridge_test_msgs:/home/jason/Desktop/STUDY/Cobra-Driver/workspace/install/rosbridge_test_msgs:/home/jason/Desktop/STUDY/Cobra-Driver/workspace/install/rosbridge_suite:/home/jason/Desktop/STUDY/Cobra-Driver/workspace/install/rosbridge_server:/home/jason/Desktop/STUDY/Cobra-Driver/workspace/install/rosbridge_msgs:/home/jason/Desktop/STUDY/Cobra-Driver/workspace/install/rosapi:/home/jason/Desktop/STUDY/Cobra-Driver/workspace/install/rosbridge_library:/home/jason/Desktop/STUDY/Cobra-Driver/workspace/install/rosapi_msgs:/home/jason/Desktop/STUDY/Cobra-Driver/workspace/install/usb_cam:/home/jason/Desktop/STUDY/Cobra-Driver/workspace/install/udp_to_ros:/home/jason/Desktop/STUDY/Cobra-Driver/workspace/install/udp_float_receiver:/opt/ros/iron CONDA_PROMPT_MODIFIER=(base) LD_LIBRARY_PATH=/home/jason/Desktop/STUDY/Cobra-Driver/workspace/src/install/rosbridge_test_msgs/lib:${LD_LIBRARY_PATH} PYTHONPATH=/home/jason/Desktop/STUDY/Cobra-Driver/workspace/src/install/rosbridge_test_msgs/lib/python3.10/site-packages:${PYTHONPATH} /usr/bin/cmake --install /home/jason/Desktop/STUDY/Cobra-Driver/workspace/src/build/rosbridge_library
[1.233s] -- Install configuration: ""
[1.233s] -- Installing: /home/jason/Desktop/STUDY/Cobra-Driver/workspace/src/install/rosbridge_library/share/rosbridge_library/environment/pythonpath.sh
[1.233s] -- Installing: /home/jason/Desktop/STUDY/Cobra-Driver/workspace/src/install/rosbridge_library/share/rosbridge_library/environment/pythonpath.dsv
[1.233s] -- Installing: /home/jason/Desktop/STUDY/Cobra-Driver/workspace/src/install/rosbridge_library/lib/python3.10/site-packages/rosbridge_library-1.3.1-py3.10.egg-info
[1.233s] -- Installing: /home/jason/Desktop/STUDY/Cobra-Driver/workspace/src/install/rosbridge_library/lib/python3.10/site-packages/rosbridge_library-1.3.1-py3.10.egg-info/top_level.txt
[1.233s] -- Installing: /home/jason/Desktop/STUDY/Cobra-Driver/workspace/src/install/rosbridge_library/lib/python3.10/site-packages/rosbridge_library-1.3.1-py3.10.egg-info/dependency_links.txt
[1.233s] -- Installing: /home/jason/Desktop/STUDY/Cobra-Driver/workspace/src/install/rosbridge_library/lib/python3.10/site-packages/rosbridge_library-1.3.1-py3.10.egg-info/SOURCES.txt
[1.233s] -- Installing: /home/jason/Desktop/STUDY/Cobra-Driver/workspace/src/install/rosbridge_library/lib/python3.10/site-packages/rosbridge_library-1.3.1-py3.10.egg-info/PKG-INFO
[1.234s] -- Installing: /home/jason/Desktop/STUDY/Cobra-Driver/workspace/src/install/rosbridge_library/lib/python3.10/site-packages/rosbridge_library
[1.234s] -- Installing: /home/jason/Desktop/STUDY/Cobra-Driver/workspace/src/install/rosbridge_library/lib/python3.10/site-packages/rosbridge_library/protocol.py
[1.234s] -- Installing: /home/jason/Desktop/STUDY/Cobra-Driver/workspace/src/install/rosbridge_library/lib/python3.10/site-packages/rosbridge_library/util
[1.234s] -- Installing: /home/jason/Desktop/STUDY/Cobra-Driver/workspace/src/install/rosbridge_library/lib/python3.10/site-packages/rosbridge_library/util/__init__.py
[1.234s] -- Installing: /home/jason/Desktop/STUDY/Cobra-Driver/workspace/src/install/rosbridge_library/lib/python3.10/site-packages/rosbridge_library/util/cbor.py
[1.234s] -- Installing: /home/jason/Desktop/STUDY/Cobra-Driver/workspace/src/install/rosbridge_library/lib/python3.10/site-packages/rosbridge_library/capability.py
[1.234s] -- Installing: /home/jason/Desktop/STUDY/Cobra-Driver/workspace/src/install/rosbridge_library/lib/python3.10/site-packages/rosbridge_library/rosbridge_protocol.py
[1.234s] -- Installing: /home/jason/Desktop/STUDY/Cobra-Driver/workspace/src/install/rosbridge_library/lib/python3.10/site-packages/rosbridge_library/capabilities
[1.234s] -- Installing: /home/jason/Desktop/STUDY/Cobra-Driver/workspace/src/install/rosbridge_library/lib/python3.10/site-packages/rosbridge_library/capabilities/subscribe.py
[1.234s] -- Installing: /home/jason/Desktop/STUDY/Cobra-Driver/workspace/src/install/rosbridge_library/lib/python3.10/site-packages/rosbridge_library/capabilities/fragmentation.py
[1.234s] -- Installing: /home/jason/Desktop/STUDY/Cobra-Driver/workspace/src/install/rosbridge_library/lib/python3.10/site-packages/rosbridge_library/capabilities/publish.py
[1.234s] -- Installing: /home/jason/Desktop/STUDY/Cobra-Driver/workspace/src/install/rosbridge_library/lib/python3.10/site-packages/rosbridge_library/capabilities/unadvertise_service.py
[1.234s] -- Installing: /home/jason/Desktop/STUDY/Cobra-Driver/workspace/src/install/rosbridge_library/lib/python3.10/site-packages/rosbridge_library/capabilities/advertise.py
[1.234s] -- Installing: /home/jason/Desktop/STUDY/Cobra-Driver/workspace/src/install/rosbridge_library/lib/python3.10/site-packages/rosbridge_library/capabilities/defragmentation.py
[1.234s] -- Installing: /home/jason/Desktop/STUDY/Cobra-Driver/workspace/src/install/rosbridge_library/lib/python3.10/site-packages/rosbridge_library/capabilities/call_service.py
[1.234s] -- Installing: /home/jason/Desktop/STUDY/Cobra-Driver/workspace/src/install/rosbridge_library/lib/python3.10/site-packages/rosbridge_library/capabilities/advertise_service.py
[1.235s] -- Installing: /home/jason/Desktop/STUDY/Cobra-Driver/workspace/src/install/rosbridge_library/lib/python3.10/site-packages/rosbridge_library/capabilities/__init__.py
[1.235s] -- Installing: /home/jason/Desktop/STUDY/Cobra-Driver/workspace/src/install/rosbridge_library/lib/python3.10/site-packages/rosbridge_library/capabilities/service_response.py
[1.235s] -- Installing: /home/jason/Desktop/STUDY/Cobra-Driver/workspace/src/install/rosbridge_library/lib/python3.10/site-packages/rosbridge_library/__init__.py
[1.235s] -- Installing: /home/jason/Desktop/STUDY/Cobra-Driver/workspace/src/install/rosbridge_library/lib/python3.10/site-packages/rosbridge_library/internal
[1.235s] -- Installing: /home/jason/Desktop/STUDY/Cobra-Driver/workspace/src/install/rosbridge_library/lib/python3.10/site-packages/rosbridge_library/internal/subscription_modifiers.py
[1.235s] -- Installing: /home/jason/Desktop/STUDY/Cobra-Driver/workspace/src/install/rosbridge_library/lib/python3.10/site-packages/rosbridge_library/internal/outgoing_message.py
[1.235s] -- Installing: /home/jason/Desktop/STUDY/Cobra-Driver/workspace/src/install/rosbridge_library/lib/python3.10/site-packages/rosbridge_library/internal/exceptions.py
[1.235s] -- Installing: /home/jason/Desktop/STUDY/Cobra-Driver/workspace/src/install/rosbridge_library/lib/python3.10/site-packages/rosbridge_library/internal/subscribers.py
[1.235s] -- Installing: /home/jason/Desktop/STUDY/Cobra-Driver/workspace/src/install/rosbridge_library/lib/python3.10/site-packages/rosbridge_library/internal/message_conversion.py
[1.235s] -- Installing: /home/jason/Desktop/STUDY/Cobra-Driver/workspace/src/install/rosbridge_library/lib/python3.10/site-packages/rosbridge_library/internal/__init__.py
[1.235s] -- Installing: /home/jason/Desktop/STUDY/Cobra-Driver/workspace/src/install/rosbridge_library/lib/python3.10/site-packages/rosbridge_library/internal/publishers.py
[1.235s] -- Installing: /home/jason/Desktop/STUDY/Cobra-Driver/workspace/src/install/rosbridge_library/lib/python3.10/site-packages/rosbridge_library/internal/topics.py
[1.235s] -- Installing: /home/jason/Desktop/STUDY/Cobra-Driver/workspace/src/install/rosbridge_library/lib/python3.10/site-packages/rosbridge_library/internal/cbor_conversion.py
[1.235s] -- Installing: /home/jason/Desktop/STUDY/Cobra-Driver/workspace/src/install/rosbridge_library/lib/python3.10/site-packages/rosbridge_library/internal/pngcompression.py
[1.236s] -- Installing: /home/jason/Desktop/STUDY/Cobra-Driver/workspace/src/install/rosbridge_library/lib/python3.10/site-packages/rosbridge_library/internal/ros_loader.py
[1.236s] -- Installing: /home/jason/Desktop/STUDY/Cobra-Driver/workspace/src/install/rosbridge_library/lib/python3.10/site-packages/rosbridge_library/internal/services.py
[1.273s] Listing '/home/jason/Desktop/STUDY/Cobra-Driver/workspace/src/install/rosbridge_library/lib/python3.10/site-packages/rosbridge_library'...
[1.273s] Compiling '/home/jason/Desktop/STUDY/Cobra-Driver/workspace/src/install/rosbridge_library/lib/python3.10/site-packages/rosbridge_library/__init__.py'...
[1.273s] Listing '/home/jason/Desktop/STUDY/Cobra-Driver/workspace/src/install/rosbridge_library/lib/python3.10/site-packages/rosbridge_library/capabilities'...
[1.273s] Compiling '/home/jason/Desktop/STUDY/Cobra-Driver/workspace/src/install/rosbridge_library/lib/python3.10/site-packages/rosbridge_library/capabilities/__init__.py'...
[1.273s] Compiling '/home/jason/Desktop/STUDY/Cobra-Driver/workspace/src/install/rosbridge_library/lib/python3.10/site-packages/rosbridge_library/capabilities/advertise.py'...
[1.274s] Compiling '/home/jason/Desktop/STUDY/Cobra-Driver/workspace/src/install/rosbridge_library/lib/python3.10/site-packages/rosbridge_library/capabilities/advertise_service.py'...
[1.274s] Compiling '/home/jason/Desktop/STUDY/Cobra-Driver/workspace/src/install/rosbridge_library/lib/python3.10/site-packages/rosbridge_library/capabilities/call_service.py'...
[1.274s] Compiling '/home/jason/Desktop/STUDY/Cobra-Driver/workspace/src/install/rosbridge_library/lib/python3.10/site-packages/rosbridge_library/capabilities/defragmentation.py'...
[1.274s] Compiling '/home/jason/Desktop/STUDY/Cobra-Driver/workspace/src/install/rosbridge_library/lib/python3.10/site-packages/rosbridge_library/capabilities/fragmentation.py'...
[1.274s] Compiling '/home/jason/Desktop/STUDY/Cobra-Driver/workspace/src/install/rosbridge_library/lib/python3.10/site-packages/rosbridge_library/capabilities/publish.py'...
[1.274s] Compiling '/home/jason/Desktop/STUDY/Cobra-Driver/workspace/src/install/rosbridge_library/lib/python3.10/site-packages/rosbridge_library/capabilities/service_response.py'...
[1.274s] Compiling '/home/jason/Desktop/STUDY/Cobra-Driver/workspace/src/install/rosbridge_library/lib/python3.10/site-packages/rosbridge_library/capabilities/subscribe.py'...
[1.274s] Compiling '/home/jason/Desktop/STUDY/Cobra-Driver/workspace/src/install/rosbridge_library/lib/python3.10/site-packages/rosbridge_library/capabilities/unadvertise_service.py'...
[1.274s] Compiling '/home/jason/Desktop/STUDY/Cobra-Driver/workspace/src/install/rosbridge_library/lib/python3.10/site-packages/rosbridge_library/capability.py'...
[1.274s] Listing '/home/jason/Desktop/STUDY/Cobra-Driver/workspace/src/install/rosbridge_library/lib/python3.10/site-packages/rosbridge_library/internal'...
[1.274s] Compiling '/home/jason/Desktop/STUDY/Cobra-Driver/workspace/src/install/rosbridge_library/lib/python3.10/site-packages/rosbridge_library/internal/__init__.py'...
[1.274s] Compiling '/home/jason/Desktop/STUDY/Cobra-Driver/workspace/src/install/rosbridge_library/lib/python3.10/site-packages/rosbridge_library/internal/cbor_conversion.py'...
[1.274s] Compiling '/home/jason/Desktop/STUDY/Cobra-Driver/workspace/src/install/rosbridge_library/lib/python3.10/site-packages/rosbridge_library/internal/exceptions.py'...
[1.274s] Compiling '/home/jason/Desktop/STUDY/Cobra-Driver/workspace/src/install/rosbridge_library/lib/python3.10/site-packages/rosbridge_library/internal/message_conversion.py'...
[1.274s] Compiling '/home/jason/Desktop/STUDY/Cobra-Driver/workspace/src/install/rosbridge_library/lib/python3.10/site-packages/rosbridge_library/internal/outgoing_message.py'...
[1.274s] Compiling '/home/jason/Desktop/STUDY/Cobra-Driver/workspace/src/install/rosbridge_library/lib/python3.10/site-packages/rosbridge_library/internal/pngcompression.py'...
[1.274s] Compiling '/home/jason/Desktop/STUDY/Cobra-Driver/workspace/src/install/rosbridge_library/lib/python3.10/site-packages/rosbridge_library/internal/publishers.py'...
[1.274s] Compiling '/home/jason/Desktop/STUDY/Cobra-Driver/workspace/src/install/rosbridge_library/lib/python3.10/site-packages/rosbridge_library/internal/ros_loader.py'...
[1.274s] Compiling '/home/jason/Desktop/STUDY/Cobra-Driver/workspace/src/install/rosbridge_library/lib/python3.10/site-packages/rosbridge_library/internal/services.py'...
[1.274s] Compiling '/home/jason/Desktop/STUDY/Cobra-Driver/workspace/src/install/rosbridge_library/lib/python3.10/site-packages/rosbridge_library/internal/subscribers.py'...
[1.274s] Compiling '/home/jason/Desktop/STUDY/Cobra-Driver/workspace/src/install/rosbridge_library/lib/python3.10/site-packages/rosbridge_library/internal/subscription_modifiers.py'...
[1.274s] Compiling '/home/jason/Desktop/STUDY/Cobra-Driver/workspace/src/install/rosbridge_library/lib/python3.10/site-packages/rosbridge_library/internal/topics.py'...
[1.274s] Compiling '/home/jason/Desktop/STUDY/Cobra-Driver/workspace/src/install/rosbridge_library/lib/python3.10/site-packages/rosbridge_library/protocol.py'...
[1.274s] Compiling '/home/jason/Desktop/STUDY/Cobra-Driver/workspace/src/install/rosbridge_library/lib/python3.10/site-packages/rosbridge_library/rosbridge_protocol.py'...
[1.275s] Listing '/home/jason/Desktop/STUDY/Cobra-Driver/workspace/src/install/rosbridge_library/lib/python3.10/site-packages/rosbridge_library/util'...
[1.275s] Compiling '/home/jason/Desktop/STUDY/Cobra-Driver/workspace/src/install/rosbridge_library/lib/python3.10/site-packages/rosbridge_library/util/__init__.py'...
[1.275s] Compiling '/home/jason/Desktop/STUDY/Cobra-Driver/workspace/src/install/rosbridge_library/lib/python3.10/site-packages/rosbridge_library/util/cbor.py'...
[1.276s] -- Installing: /home/jason/Desktop/STUDY/Cobra-Driver/workspace/src/install/rosbridge_library/share/ament_index/resource_index/package_run_dependencies/rosbridge_library
[1.277s] -- Installing: /home/jason/Desktop/STUDY/Cobra-Driver/workspace/src/install/rosbridge_library/share/ament_index/resource_index/parent_prefix_path/rosbridge_library
[1.277s] -- Installing: /home/jason/Desktop/STUDY/Cobra-Driver/workspace/src/install/rosbridge_library/share/rosbridge_library/environment/ament_prefix_path.sh
[1.277s] -- Installing: /home/jason/Desktop/STUDY/Cobra-Driver/workspace/src/install/rosbridge_library/share/rosbridge_library/environment/ament_prefix_path.dsv
[1.277s] -- Installing: /home/jason/Desktop/STUDY/Cobra-Driver/workspace/src/install/rosbridge_library/share/rosbridge_library/environment/path.sh
[1.277s] -- Installing: /home/jason/Desktop/STUDY/Cobra-Driver/workspace/src/install/rosbridge_library/share/rosbridge_library/environment/path.dsv
[1.277s] -- Installing: /home/jason/Desktop/STUDY/Cobra-Driver/workspace/src/install/rosbridge_library/share/rosbridge_library/local_setup.bash
[1.277s] -- Installing: /home/jason/Desktop/STUDY/Cobra-Driver/workspace/src/install/rosbridge_library/share/rosbridge_library/local_setup.sh
[1.277s] -- Installing: /home/jason/Desktop/STUDY/Cobra-Driver/workspace/src/install/rosbridge_library/share/rosbridge_library/local_setup.zsh
[1.277s] -- Installing: /home/jason/Desktop/STUDY/Cobra-Driver/workspace/src/install/rosbridge_library/share/rosbridge_library/local_setup.dsv
[1.277s] -- Installing: /home/jason/Desktop/STUDY/Cobra-Driver/workspace/src/install/rosbridge_library/share/rosbridge_library/package.dsv
[1.277s] -- Installing: /home/jason/Desktop/STUDY/Cobra-Driver/workspace/src/install/rosbridge_library/share/ament_index/resource_index/packages/rosbridge_library
[1.277s] -- Installing: /home/jason/Desktop/STUDY/Cobra-Driver/workspace/src/install/rosbridge_library/share/rosbridge_library/cmake/rosbridge_libraryConfig.cmake
[1.278s] -- Installing: /home/jason/Desktop/STUDY/Cobra-Driver/workspace/src/install/rosbridge_library/share/rosbridge_library/cmake/rosbridge_libraryConfig-version.cmake
[1.278s] -- Installing: /home/jason/Desktop/STUDY/Cobra-Driver/workspace/src/install/rosbridge_library/share/rosbridge_library/package.xml
[1.281s] Invoked command in '/home/jason/Desktop/STUDY/Cobra-Driver/workspace/src/build/rosbridge_library' returned '0': AMENT_PREFIX_PATH=/home/jason/Desktop/STUDY/Cobra-Driver/workspace/src/install/rosbridge_test_msgs:${AMENT_PREFIX_PATH} CMAKE_PREFIX_PATH=/home/jason/Desktop/STUDY/Cobra-Driver/workspace/src/install/rosbridge_test_msgs:/home/jason/Desktop/STUDY/Cobra-Driver/workspace/install/rosbridge_test_msgs:/home/jason/Desktop/STUDY/Cobra-Driver/workspace/install/rosbridge_suite:/home/jason/Desktop/STUDY/Cobra-Driver/workspace/install/rosbridge_server:/home/jason/Desktop/STUDY/Cobra-Driver/workspace/install/rosbridge_msgs:/home/jason/Desktop/STUDY/Cobra-Driver/workspace/install/rosapi:/home/jason/Desktop/STUDY/Cobra-Driver/workspace/install/rosbridge_library:/home/jason/Desktop/STUDY/Cobra-Driver/workspace/install/rosapi_msgs:/home/jason/Desktop/STUDY/Cobra-Driver/workspace/install/usb_cam:/home/jason/Desktop/STUDY/Cobra-Driver/workspace/install/udp_to_ros:/home/jason/Desktop/STUDY/Cobra-Driver/workspace/install/udp_float_receiver:/opt/ros/iron CONDA_PROMPT_MODIFIER=(base) LD_LIBRARY_PATH=/home/jason/Desktop/STUDY/Cobra-Driver/workspace/src/install/rosbridge_test_msgs/lib:${LD_LIBRARY_PATH} PYTHONPATH=/home/jason/Desktop/STUDY/Cobra-Driver/workspace/src/install/rosbridge_test_msgs/lib/python3.10/site-packages:${PYTHONPATH} /usr/bin/cmake --install /home/jason/Desktop/STUDY/Cobra-Driver/workspace/src/build/rosbridge_library
