[1.149s] Invoking command in '/home/jason/Desktop/STUDY/Cobra-Driver/workspace/src/tcp_cam_sender': PYTHONPATH=/home/jason/Desktop/STUDY/Cobra-Driver/workspace/build/tcp_cam_sender/prefix_override:/home/jason/Desktop/STUDY/Cobra-Driver/workspace/install/tcp_cam_sender/lib/python3.10/site-packages:${PYTHONPATH} /usr/bin/python3 setup.py egg_info --egg-base ../../build/tcp_cam_sender build --build-base /home/jason/Desktop/STUDY/Cobra-Driver/workspace/build/tcp_cam_sender/build install --record /home/jason/Desktop/STUDY/Cobra-Driver/workspace/build/tcp_cam_sender/install.log --single-version-externally-managed
[1.345s] running egg_info
[1.345s] creating ../../build/tcp_cam_sender/tcp_cam_sender.egg-info
[1.360s] writing ../../build/tcp_cam_sender/tcp_cam_sender.egg-info/PKG-INFO
[1.360s] writing dependency_links to ../../build/tcp_cam_sender/tcp_cam_sender.egg-info/dependency_links.txt
[1.360s] writing entry points to ../../build/tcp_cam_sender/tcp_cam_sender.egg-info/entry_points.txt
[1.360s] writing requirements to ../../build/tcp_cam_sender/tcp_cam_sender.egg-info/requires.txt
[1.360s] writing top-level names to ../../build/tcp_cam_sender/tcp_cam_sender.egg-info/top_level.txt
[1.360s] writing manifest file '../../build/tcp_cam_sender/tcp_cam_sender.egg-info/SOURCES.txt'
[1.390s] reading manifest file '../../build/tcp_cam_sender/tcp_cam_sender.egg-info/SOURCES.txt'
[1.390s] writing manifest file '../../build/tcp_cam_sender/tcp_cam_sender.egg-info/SOURCES.txt'
[1.390s] running build
[1.390s] running build_py
[1.391s] creating /home/jason/Desktop/STUDY/Cobra-Driver/workspace/build/tcp_cam_sender/build
[1.391s] creating /home/jason/Desktop/STUDY/Cobra-Driver/workspace/build/tcp_cam_sender/build/lib
[1.391s] creating /home/jason/Desktop/STUDY/Cobra-Driver/workspace/build/tcp_cam_sender/build/lib/tcp_cam_sender
[1.391s] copying tcp_cam_sender/tcp_cam_sender.py -> /home/jason/Desktop/STUDY/Cobra-Driver/workspace/build/tcp_cam_sender/build/lib/tcp_cam_sender
[1.391s] copying tcp_cam_sender/__init__.py -> /home/jason/Desktop/STUDY/Cobra-Driver/workspace/build/tcp_cam_sender/build/lib/tcp_cam_sender
[1.391s] running install
[1.391s] /home/jason/.local/lib/python3.10/site-packages/setuptools/_distutils/cmd.py:66: SetuptoolsDeprecationWarning: setup.py install is deprecated.
[1.391s] !!
[1.391s] 
[1.391s]         ********************************************************************************
[1.391s]         Please avoid running ``setup.py`` directly.
[1.391s]         Instead, use pypa/build, pypa/installer or other
[1.391s]         standards-based tools.
[1.392s] 
[1.392s]         See https://blog.ganssle.io/articles/2021/10/setup-py-deprecated.html for details.
[1.392s]         ********************************************************************************
[1.392s] 
[1.392s] !!
[1.392s]   self.initialize_options()
[1.395s] running install_lib
[1.410s] creating /home/jason/Desktop/STUDY/Cobra-Driver/workspace/install/tcp_cam_sender/lib/python3.10/site-packages/tcp_cam_sender
[1.410s] copying /home/jason/Desktop/STUDY/Cobra-Driver/workspace/build/tcp_cam_sender/build/lib/tcp_cam_sender/tcp_cam_sender.py -> /home/jason/Desktop/STUDY/Cobra-Driver/workspace/install/tcp_cam_sender/lib/python3.10/site-packages/tcp_cam_sender
[1.410s] copying /home/jason/Desktop/STUDY/Cobra-Driver/workspace/build/tcp_cam_sender/build/lib/tcp_cam_sender/__init__.py -> /home/jason/Desktop/STUDY/Cobra-Driver/workspace/install/tcp_cam_sender/lib/python3.10/site-packages/tcp_cam_sender
[1.410s] byte-compiling /home/jason/Desktop/STUDY/Cobra-Driver/workspace/install/tcp_cam_sender/lib/python3.10/site-packages/tcp_cam_sender/tcp_cam_sender.py to tcp_cam_sender.cpython-310.pyc
[1.411s] byte-compiling /home/jason/Desktop/STUDY/Cobra-Driver/workspace/install/tcp_cam_sender/lib/python3.10/site-packages/tcp_cam_sender/__init__.py to __init__.cpython-310.pyc
[1.411s] running install_data
[1.426s] creating /home/jason/Desktop/STUDY/Cobra-Driver/workspace/install/tcp_cam_sender/share/ament_index
[1.426s] creating /home/jason/Desktop/STUDY/Cobra-Driver/workspace/install/tcp_cam_sender/share/ament_index/resource_index
[1.426s] creating /home/jason/Desktop/STUDY/Cobra-Driver/workspace/install/tcp_cam_sender/share/ament_index/resource_index/packages
[1.426s] copying resource/tcp_cam_sender -> /home/jason/Desktop/STUDY/Cobra-Driver/workspace/install/tcp_cam_sender/share/ament_index/resource_index/packages
[1.426s] copying package.xml -> /home/jason/Desktop/STUDY/Cobra-Driver/workspace/install/tcp_cam_sender/share/tcp_cam_sender
[1.426s] running install_egg_info
[1.441s] Copying ../../build/tcp_cam_sender/tcp_cam_sender.egg-info to /home/jason/Desktop/STUDY/Cobra-Driver/workspace/install/tcp_cam_sender/lib/python3.10/site-packages/tcp_cam_sender-0.0.0-py3.10.egg-info
[1.442s] running install_scripts
[1.587s] Installing tcp_cam_sender script to /home/jason/Desktop/STUDY/Cobra-Driver/workspace/install/tcp_cam_sender/lib/tcp_cam_sender
[1.588s] writing list of installed files to '/home/jason/Desktop/STUDY/Cobra-Driver/workspace/build/tcp_cam_sender/install.log'
[1.611s] Invoked command in '/home/jason/Desktop/STUDY/Cobra-Driver/workspace/src/tcp_cam_sender' returned '0': PYTHONPATH=/home/jason/Desktop/STUDY/Cobra-Driver/workspace/build/tcp_cam_sender/prefix_override:/home/jason/Desktop/STUDY/Cobra-Driver/workspace/install/tcp_cam_sender/lib/python3.10/site-packages:${PYTHONPATH} /usr/bin/python3 setup.py egg_info --egg-base ../../build/tcp_cam_sender build --build-base /home/jason/Desktop/STUDY/Cobra-Driver/workspace/build/tcp_cam_sender/build install --record /home/jason/Desktop/STUDY/Cobra-Driver/workspace/build/tcp_cam_sender/install.log --single-version-externally-managed
