[3.274s] Invoking command in '/home/jason/Desktop/STUDY/Cobra-Driver/workspace/src/waypoint_seeker': PYTHONPATH=/home/jason/Desktop/STUDY/Cobra-Driver/workspace/build/waypoint_seeker/prefix_override:/home/jason/Desktop/STUDY/Cobra-Driver/workspace/install/waypoint_seeker/lib/python3.10/site-packages:${PYTHONPATH} /usr/bin/python3 setup.py egg_info --egg-base ../../build/waypoint_seeker build --build-base /home/jason/Desktop/STUDY/Cobra-Driver/workspace/build/waypoint_seeker/build install --record /home/jason/Desktop/STUDY/Cobra-Driver/workspace/build/waypoint_seeker/install.log --single-version-externally-managed
[3.764s] running egg_info
[3.792s] writing ../../build/waypoint_seeker/waypoint_seeker.egg-info/PKG-INFO
[3.792s] writing dependency_links to ../../build/waypoint_seeker/waypoint_seeker.egg-info/dependency_links.txt
[3.792s] writing entry points to ../../build/waypoint_seeker/waypoint_seeker.egg-info/entry_points.txt
[3.793s] writing requirements to ../../build/waypoint_seeker/waypoint_seeker.egg-info/requires.txt
[3.793s] writing top-level names to ../../build/waypoint_seeker/waypoint_seeker.egg-info/top_level.txt
[3.799s] reading manifest file '../../build/waypoint_seeker/waypoint_seeker.egg-info/SOURCES.txt'
[3.799s] writing manifest file '../../build/waypoint_seeker/waypoint_seeker.egg-info/SOURCES.txt'
[3.799s] running build
[3.799s] running build_py
[3.799s] running install
[3.800s] /home/jason/.local/lib/python3.10/site-packages/setuptools/_distutils/cmd.py:66: SetuptoolsDeprecationWarning: setup.py install is deprecated.
[3.800s] !!
[3.800s] 
[3.800s]         ********************************************************************************
[3.800s]         Please avoid running ``setup.py`` directly.
[3.800s]         Instead, use pypa/build, pypa/installer or other
[3.800s]         standards-based tools.
[3.800s] 
[3.800s]         See https://blog.ganssle.io/articles/2021/10/setup-py-deprecated.html for details.
[3.801s]         ********************************************************************************
[3.801s] 
[3.801s] !!
[3.801s]   self.initialize_options()
[3.803s] running install_lib
[3.807s] running install_data
[3.813s] copying param/config_real.yaml -> /home/jason/Desktop/STUDY/Cobra-Driver/workspace/install/waypoint_seeker/share/waypoint_seeker
[3.813s] running install_egg_info
[3.818s] removing '/home/jason/Desktop/STUDY/Cobra-Driver/workspace/install/waypoint_seeker/lib/python3.10/site-packages/waypoint_seeker-0.0.0-py3.10.egg-info' (and everything under it)
[3.818s] Copying ../../build/waypoint_seeker/waypoint_seeker.egg-info to /home/jason/Desktop/STUDY/Cobra-Driver/workspace/install/waypoint_seeker/lib/python3.10/site-packages/waypoint_seeker-0.0.0-py3.10.egg-info
[3.818s] running install_scripts
[3.940s] Installing waypoint_control script to /home/jason/Desktop/STUDY/Cobra-Driver/workspace/install/waypoint_seeker/lib/waypoint_seeker
[3.940s] writing list of installed files to '/home/jason/Desktop/STUDY/Cobra-Driver/workspace/build/waypoint_seeker/install.log'
[4.416s] Invoked command in '/home/jason/Desktop/STUDY/Cobra-Driver/workspace/src/waypoint_seeker' returned '0': PYTHONPATH=/home/jason/Desktop/STUDY/Cobra-Driver/workspace/build/waypoint_seeker/prefix_override:/home/jason/Desktop/STUDY/Cobra-Driver/workspace/install/waypoint_seeker/lib/python3.10/site-packages:${PYTHONPATH} /usr/bin/python3 setup.py egg_info --egg-base ../../build/waypoint_seeker build --build-base /home/jason/Desktop/STUDY/Cobra-Driver/workspace/build/waypoint_seeker/build install --record /home/jason/Desktop/STUDY/Cobra-Driver/workspace/build/waypoint_seeker/install.log --single-version-externally-managed
