[3.674s] Invoking command in '/home/jason/Desktop/STUDY/Cobra-Driver/workspace/src/common': PYTHONPATH=/home/jason/Desktop/STUDY/Cobra-Driver/workspace/build/common/prefix_override:/home/jason/Desktop/STUDY/Cobra-Driver/workspace/install/common/lib/python3.10/site-packages:${PYTHONPATH} /usr/bin/python3 setup.py egg_info --egg-base ../../build/common build --build-base /home/jason/Desktop/STUDY/Cobra-Driver/workspace/build/common/build install --record /home/jason/Desktop/STUDY/Cobra-Driver/workspace/build/common/install.log --single-version-externally-managed
[3.913s] running egg_info
[3.933s] writing ../../build/common/common.egg-info/PKG-INFO
[3.933s] writing dependency_links to ../../build/common/common.egg-info/dependency_links.txt
[3.933s] writing requirements to ../../build/common/common.egg-info/requires.txt
[3.933s] writing top-level names to ../../build/common/common.egg-info/top_level.txt
[3.974s] reading manifest file '../../build/common/common.egg-info/SOURCES.txt'
[3.975s] writing manifest file '../../build/common/common.egg-info/SOURCES.txt'
[3.976s] running build
[3.976s] running build_py
[3.976s] running install
[3.976s] /home/jason/.local/lib/python3.10/site-packages/setuptools/_distutils/cmd.py:66: SetuptoolsDeprecationWarning: setup.py install is deprecated.
[3.976s] !!
[3.976s] 
[3.976s]         ********************************************************************************
[3.976s]         Please avoid running ``setup.py`` directly.
[3.977s]         Instead, use pypa/build, pypa/installer or other
[3.977s]         standards-based tools.
[3.977s] 
[3.977s]         See https://blog.ganssle.io/articles/2021/10/setup-py-deprecated.html for details.
[3.977s]         ********************************************************************************
[3.977s] 
[3.978s] !!
[3.978s]   self.initialize_options()
[3.981s] running install_lib
[4.002s] running install_data
[4.024s] running install_egg_info
[4.054s] removing '/home/jason/Desktop/STUDY/Cobra-Driver/workspace/install/common/lib/python3.10/site-packages/common-0.0.0-py3.10.egg-info' (and everything under it)
[4.054s] Copying ../../build/common/common.egg-info to /home/jason/Desktop/STUDY/Cobra-Driver/workspace/install/common/lib/python3.10/site-packages/common-0.0.0-py3.10.egg-info
[4.055s] running install_scripts
[4.264s] writing list of installed files to '/home/jason/Desktop/STUDY/Cobra-Driver/workspace/build/common/install.log'
[4.666s] Invoked command in '/home/jason/Desktop/STUDY/Cobra-Driver/workspace/src/common' returned '0': PYTHONPATH=/home/jason/Desktop/STUDY/Cobra-Driver/workspace/build/common/prefix_override:/home/jason/Desktop/STUDY/Cobra-Driver/workspace/install/common/lib/python3.10/site-packages:${PYTHONPATH} /usr/bin/python3 setup.py egg_info --egg-base ../../build/common build --build-base /home/jason/Desktop/STUDY/Cobra-Driver/workspace/build/common/build install --record /home/jason/Desktop/STUDY/Cobra-Driver/workspace/build/common/install.log --single-version-externally-managed
