[3.613s] Invoking command in '/home/sbel/Desktop/Cobra-Driver/workspace/src/common': PYTHONPATH=/home/sbel/Desktop/Cobra-Driver/workspace/build/common/prefix_override:/home/sbel/Desktop/Cobra-Driver/workspace/install/common/lib/python3.8/site-packages:${PYTHONPATH} /usr/bin/python3 setup.py egg_info --egg-base ../../build/common build --build-base /home/sbel/Desktop/Cobra-Driver/workspace/build/common/build install --record /home/sbel/Desktop/Cobra-Driver/workspace/build/common/install.log --single-version-externally-managed
[4.111s] running egg_info
[4.145s] writing ../../build/common/common.egg-info/PKG-INFO
[4.147s] writing dependency_links to ../../build/common/common.egg-info/dependency_links.txt
[4.147s] writing requirements to ../../build/common/common.egg-info/requires.txt
[4.148s] writing top-level names to ../../build/common/common.egg-info/top_level.txt
[4.421s] reading manifest file '../../build/common/common.egg-info/SOURCES.txt'
[4.422s] writing manifest file '../../build/common/common.egg-info/SOURCES.txt'
[4.423s] running build
[4.423s] running build_py
[4.429s] running install
[4.429s] /home/sbel/.local/lib/python3.8/site-packages/setuptools/_distutils/cmd.py:66: SetuptoolsDeprecationWarning: setup.py install is deprecated.
[4.430s] !!
[4.430s] 
[4.430s]         ********************************************************************************
[4.430s]         Please avoid running ``setup.py`` directly.
[4.430s]         Instead, use pypa/build, pypa/installer or other
[4.430s]         standards-based tools.
[4.430s] 
[4.430s]         See https://blog.ganssle.io/articles/2021/10/setup-py-deprecated.html for details.
[4.431s]         ********************************************************************************
[4.431s] 
[4.431s] !!
[4.431s]   self.initialize_options()
[4.438s] running install_lib
[4.474s] running install_data
[4.506s] running install_egg_info
[4.541s] removing '/home/sbel/Desktop/Cobra-Driver/workspace/install/common/lib/python3.8/site-packages/common-0.0.0-py3.8.egg-info' (and everything under it)
[4.542s] Copying ../../build/common/common.egg-info to /home/sbel/Desktop/Cobra-Driver/workspace/install/common/lib/python3.8/site-packages/common-0.0.0-py3.8.egg-info
[4.544s] running install_scripts
[4.652s] writing list of installed files to '/home/sbel/Desktop/Cobra-Driver/workspace/build/common/install.log'
[4.818s] Invoked command in '/home/sbel/Desktop/Cobra-Driver/workspace/src/common' returned '0': PYTHONPATH=/home/sbel/Desktop/Cobra-Driver/workspace/build/common/prefix_override:/home/sbel/Desktop/Cobra-Driver/workspace/install/common/lib/python3.8/site-packages:${PYTHONPATH} /usr/bin/python3 setup.py egg_info --egg-base ../../build/common build --build-base /home/sbel/Desktop/Cobra-Driver/workspace/build/common/build install --record /home/sbel/Desktop/Cobra-Driver/workspace/build/common/install.log --single-version-externally-managed
