running egg_info
creating ../../build/udp_float_receiver/udp_float_receiver.egg-info
writing ../../build/udp_float_receiver/udp_float_receiver.egg-info/PKG-INFO
writing dependency_links to ../../build/udp_float_receiver/udp_float_receiver.egg-info/dependency_links.txt
writing entry points to ../../build/udp_float_receiver/udp_float_receiver.egg-info/entry_points.txt
writing requirements to ../../build/udp_float_receiver/udp_float_receiver.egg-info/requires.txt
writing top-level names to ../../build/udp_float_receiver/udp_float_receiver.egg-info/top_level.txt
writing manifest file '../../build/udp_float_receiver/udp_float_receiver.egg-info/SOURCES.txt'
reading manifest file '../../build/udp_float_receiver/udp_float_receiver.egg-info/SOURCES.txt'
writing manifest file '../../build/udp_float_receiver/udp_float_receiver.egg-info/SOURCES.txt'
running build
running build_py
creating /home/jason/Desktop/STUDY/Cobra-Driver/workspace/build/udp_float_receiver/build
creating /home/jason/Desktop/STUDY/Cobra-Driver/workspace/build/udp_float_receiver/build/lib
creating /home/jason/Desktop/STUDY/Cobra-Driver/workspace/build/udp_float_receiver/build/lib/udp_float_receiver
copying udp_float_receiver/__init__.py -> /home/jason/Desktop/STUDY/Cobra-Driver/workspace/build/udp_float_receiver/build/lib/udp_float_receiver
running install
/usr/lib/python3/dist-packages/setuptools/command/install.py:34: SetuptoolsDeprecationWarning: setup.py install is deprecated. Use build and pip and other standards-based tools.
  warnings.warn(
running install_lib
creating /home/jason/Desktop/STUDY/Cobra-Driver/workspace/install/udp_float_receiver/lib/python3.10/site-packages/udp_float_receiver
copying /home/jason/Desktop/STUDY/Cobra-Driver/workspace/build/udp_float_receiver/build/lib/udp_float_receiver/__init__.py -> /home/jason/Desktop/STUDY/Cobra-Driver/workspace/install/udp_float_receiver/lib/python3.10/site-packages/udp_float_receiver
byte-compiling /home/jason/Desktop/STUDY/Cobra-Driver/workspace/install/udp_float_receiver/lib/python3.10/site-packages/udp_float_receiver/__init__.py to __init__.cpython-310.pyc
running install_data
creating /home/jason/Desktop/STUDY/Cobra-Driver/workspace/install/udp_float_receiver/share
creating /home/jason/Desktop/STUDY/Cobra-Driver/workspace/install/udp_float_receiver/share/ament_index
creating /home/jason/Desktop/STUDY/Cobra-Driver/workspace/install/udp_float_receiver/share/ament_index/resource_index
creating /home/jason/Desktop/STUDY/Cobra-Driver/workspace/install/udp_float_receiver/share/ament_index/resource_index/packages
copying resource/udp_float_receiver -> /home/jason/Desktop/STUDY/Cobra-Driver/workspace/install/udp_float_receiver/share/ament_index/resource_index/packages
creating /home/jason/Desktop/STUDY/Cobra-Driver/workspace/install/udp_float_receiver/share/udp_float_receiver
copying package.xml -> /home/jason/Desktop/STUDY/Cobra-Driver/workspace/install/udp_float_receiver/share/udp_float_receiver
running install_egg_info
Copying ../../build/udp_float_receiver/udp_float_receiver.egg-info to /home/jason/Desktop/STUDY/Cobra-Driver/workspace/install/udp_float_receiver/lib/python3.10/site-packages/udp_float_receiver-0.0.0-py3.10.egg-info
running install_scripts
Installing receiver script to /home/jason/Desktop/STUDY/Cobra-Driver/workspace/install/udp_float_receiver/lib/udp_float_receiver
writing list of installed files to '/home/jason/Desktop/STUDY/Cobra-Driver/workspace/build/udp_float_receiver/install.log'
