[0.423s] Invoking command in '/home/jason/Desktop/STUDY/Cobra-Driver/workspace/src/udp_float_receiver': CONDA_PROMPT_MODIFIER=(base) PYTHONPATH=/home/jason/Desktop/STUDY/Cobra-Driver/workspace/build/udp_float_receiver/prefix_override:/home/jason/Desktop/STUDY/Cobra-Driver/workspace/install/udp_float_receiver/lib/python3.10/site-packages:${PYTHONPATH} /usr/bin/python3 setup.py egg_info --egg-base ../../build/udp_float_receiver build --build-base /home/jason/Desktop/STUDY/Cobra-Driver/workspace/build/udp_float_receiver/build install --record /home/jason/Desktop/STUDY/Cobra-Driver/workspace/build/udp_float_receiver/install.log --single-version-externally-managed
[0.598s] running egg_info
[0.599s] creating ../../build/udp_float_receiver/udp_float_receiver.egg-info
[0.599s] writing ../../build/udp_float_receiver/udp_float_receiver.egg-info/PKG-INFO
[0.599s] writing dependency_links to ../../build/udp_float_receiver/udp_float_receiver.egg-info/dependency_links.txt
[0.599s] writing entry points to ../../build/udp_float_receiver/udp_float_receiver.egg-info/entry_points.txt
[0.599s] writing requirements to ../../build/udp_float_receiver/udp_float_receiver.egg-info/requires.txt
[0.599s] writing top-level names to ../../build/udp_float_receiver/udp_float_receiver.egg-info/top_level.txt
[0.599s] writing manifest file '../../build/udp_float_receiver/udp_float_receiver.egg-info/SOURCES.txt'
[0.600s] reading manifest file '../../build/udp_float_receiver/udp_float_receiver.egg-info/SOURCES.txt'
[0.601s] writing manifest file '../../build/udp_float_receiver/udp_float_receiver.egg-info/SOURCES.txt'
[0.601s] running build
[0.601s] running build_py
[0.601s] creating /home/jason/Desktop/STUDY/Cobra-Driver/workspace/build/udp_float_receiver/build
[0.601s] creating /home/jason/Desktop/STUDY/Cobra-Driver/workspace/build/udp_float_receiver/build/lib
[0.601s] creating /home/jason/Desktop/STUDY/Cobra-Driver/workspace/build/udp_float_receiver/build/lib/udp_float_receiver
[0.601s] copying udp_float_receiver/__init__.py -> /home/jason/Desktop/STUDY/Cobra-Driver/workspace/build/udp_float_receiver/build/lib/udp_float_receiver
[0.601s] running install
[0.601s] /usr/lib/python3/dist-packages/setuptools/command/install.py:34: SetuptoolsDeprecationWarning: setup.py install is deprecated. Use build and pip and other standards-based tools.
[0.601s]   warnings.warn(
[0.601s] running install_lib
[0.602s] creating /home/jason/Desktop/STUDY/Cobra-Driver/workspace/install/udp_float_receiver/lib/python3.10/site-packages/udp_float_receiver
[0.602s] copying /home/jason/Desktop/STUDY/Cobra-Driver/workspace/build/udp_float_receiver/build/lib/udp_float_receiver/__init__.py -> /home/jason/Desktop/STUDY/Cobra-Driver/workspace/install/udp_float_receiver/lib/python3.10/site-packages/udp_float_receiver
[0.602s] byte-compiling /home/jason/Desktop/STUDY/Cobra-Driver/workspace/install/udp_float_receiver/lib/python3.10/site-packages/udp_float_receiver/__init__.py to __init__.cpython-310.pyc
[0.602s] running install_data
[0.603s] creating /home/jason/Desktop/STUDY/Cobra-Driver/workspace/install/udp_float_receiver/share
[0.603s] creating /home/jason/Desktop/STUDY/Cobra-Driver/workspace/install/udp_float_receiver/share/ament_index
[0.603s] creating /home/jason/Desktop/STUDY/Cobra-Driver/workspace/install/udp_float_receiver/share/ament_index/resource_index
[0.603s] creating /home/jason/Desktop/STUDY/Cobra-Driver/workspace/install/udp_float_receiver/share/ament_index/resource_index/packages
[0.603s] copying resource/udp_float_receiver -> /home/jason/Desktop/STUDY/Cobra-Driver/workspace/install/udp_float_receiver/share/ament_index/resource_index/packages
[0.603s] creating /home/jason/Desktop/STUDY/Cobra-Driver/workspace/install/udp_float_receiver/share/udp_float_receiver
[0.603s] copying package.xml -> /home/jason/Desktop/STUDY/Cobra-Driver/workspace/install/udp_float_receiver/share/udp_float_receiver
[0.603s] running install_egg_info
[0.604s] Copying ../../build/udp_float_receiver/udp_float_receiver.egg-info to /home/jason/Desktop/STUDY/Cobra-Driver/workspace/install/udp_float_receiver/lib/python3.10/site-packages/udp_float_receiver-0.0.0-py3.10.egg-info
[0.604s] running install_scripts
[0.618s] Installing receiver script to /home/jason/Desktop/STUDY/Cobra-Driver/workspace/install/udp_float_receiver/lib/udp_float_receiver
[0.618s] writing list of installed files to '/home/jason/Desktop/STUDY/Cobra-Driver/workspace/build/udp_float_receiver/install.log'
[0.632s] Invoked command in '/home/jason/Desktop/STUDY/Cobra-Driver/workspace/src/udp_float_receiver' returned '0': CONDA_PROMPT_MODIFIER=(base) PYTHONPATH=/home/jason/Desktop/STUDY/Cobra-Driver/workspace/build/udp_float_receiver/prefix_override:/home/jason/Desktop/STUDY/Cobra-Driver/workspace/install/udp_float_receiver/lib/python3.10/site-packages:${PYTHONPATH} /usr/bin/python3 setup.py egg_info --egg-base ../../build/udp_float_receiver build --build-base /home/jason/Desktop/STUDY/Cobra-Driver/workspace/build/udp_float_receiver/build install --record /home/jason/Desktop/STUDY/Cobra-Driver/workspace/build/udp_float_receiver/install.log --single-version-externally-managed
