-- Found ament_cmake_auto: 0.9.12 (/opt/ros/foxy/share/ament_cmake_auto/cmake)
-- Using PYTHON_EXECUTABLE: /usr/bin/python3
-- Using all available rosidl_typesupport_c: rosidl_typesupport_fastrtps_c;rosidl_typesupport_introspection_c
-- Found rosidl_adapter: 1.3.1 (/opt/ros/foxy/share/rosidl_adapter/cmake)
-- Using all available rosidl_typesupport_cpp: rosidl_typesupport_fastrtps_cpp;rosidl_typesupport_introspection_cpp
-- Found rmw_implementation_cmake: 1.0.4 (/opt/ros/foxy/share/rmw_implementation_cmake/cmake)
-- Using RMW implementation 'rmw_fastrtps_cpp' as default
-- Setting yaml-cpp_DIR to: '/opt/ros/foxy/share/yaml_cpp_vendor/cmake/../../../opt/yaml_cpp_vendor/lib/cmake/yaml-cpp'
-- Checking for module 'libavcodec'
--   Found libavcodec, version 58.54.100
-- Checking for module 'libswscale'
--   Found libswscale, version 5.5.100
-- Configuring done
-- Generating done
-- Build files have been written to: /home/sbel/Desktop/Cobra-Driver/workspace/build/usb_cam
[35m[1mScanning dependencies of target usb_cam[0m
[35m[1mScanning dependencies of target usb_cam_node_exe[0m
[ 16%] [32mBuilding CXX object CMakeFiles/usb_cam_node_exe.dir/rclcpp_components/node_main_usb_cam_node_exe.cpp.o[0m
[ 33%] [32mBuilding CXX object CMakeFiles/usb_cam.dir/src/usb_cam.cpp.o[0m
[ 50%] [32m[1mLinking CXX shared library libusb_cam.so[0m
[ 66%] [32m[1mLinking CXX executable usb_cam_node_exe[0m
[ 66%] Built target usb_cam
[35m[1mScanning dependencies of target usb_cam_node[0m
[ 83%] [32mBuilding CXX object CMakeFiles/usb_cam_node.dir/src/usb_cam_node.cpp.o[0m
[ 83%] Built target usb_cam_node_exe
[100%] [32m[1mLinking CXX shared library libusb_cam_node.so[0m
[100%] Built target usb_cam_node
-- Install configuration: ""
-- Installing: /home/sbel/Desktop/Cobra-Driver/workspace/install/usb_cam/lib/usb_cam/usb_cam_node_exe
-- Set runtime path of "/home/sbel/Desktop/Cobra-Driver/workspace/install/usb_cam/lib/usb_cam/usb_cam_node_exe" to ""
-- Installing: /home/sbel/Desktop/Cobra-Driver/workspace/install/usb_cam/lib/usb_cam/show_image.py
-- Up-to-date: /home/sbel/Desktop/Cobra-Driver/workspace/install/usb_cam/include
-- Up-to-date: /home/sbel/Desktop/Cobra-Driver/workspace/install/usb_cam/include/usb_cam
-- Installing: /home/sbel/Desktop/Cobra-Driver/workspace/install/usb_cam/include/usb_cam/usb_cam.hpp
-- Installing: /home/sbel/Desktop/Cobra-Driver/workspace/install/usb_cam/include/usb_cam/usb_cam_node.hpp
-- Installing: /home/sbel/Desktop/Cobra-Driver/workspace/install/usb_cam/include/usb_cam/usb_cam_utils.hpp
-- Up-to-date: /home/sbel/Desktop/Cobra-Driver/workspace/install/usb_cam/share/usb_cam/environment/library_path.sh
-- Installing: /home/sbel/Desktop/Cobra-Driver/workspace/install/usb_cam/share/usb_cam/environment/library_path.dsv
-- Installing: /home/sbel/Desktop/Cobra-Driver/workspace/install/usb_cam/lib/libusb_cam.so
-- Set runtime path of "/home/sbel/Desktop/Cobra-Driver/workspace/install/usb_cam/lib/libusb_cam.so" to ""
-- Installing: /home/sbel/Desktop/Cobra-Driver/workspace/install/usb_cam/lib/libusb_cam_node.so
-- Set runtime path of "/home/sbel/Desktop/Cobra-Driver/workspace/install/usb_cam/lib/libusb_cam_node.so" to ""
-- Up-to-date: /home/sbel/Desktop/Cobra-Driver/workspace/install/usb_cam/share/usb_cam/launch
-- Installing: /home/sbel/Desktop/Cobra-Driver/workspace/install/usb_cam/share/usb_cam/launch/demo_launch.py
-- Up-to-date: /home/sbel/Desktop/Cobra-Driver/workspace/install/usb_cam/share/usb_cam/config
-- Up-to-date: /home/sbel/Desktop/Cobra-Driver/workspace/install/usb_cam/share/usb_cam/config/camera_info.yaml
-- Installing: /home/sbel/Desktop/Cobra-Driver/workspace/install/usb_cam/share/usb_cam/config/params.yaml
-- Installing: /home/sbel/Desktop/Cobra-Driver/workspace/install/usb_cam/share/ament_index/resource_index/package_run_dependencies/usb_cam
-- Up-to-date: /home/sbel/Desktop/Cobra-Driver/workspace/install/usb_cam/share/ament_index/resource_index/parent_prefix_path/usb_cam
-- Up-to-date: /home/sbel/Desktop/Cobra-Driver/workspace/install/usb_cam/share/usb_cam/environment/ament_prefix_path.sh
-- Installing: /home/sbel/Desktop/Cobra-Driver/workspace/install/usb_cam/share/usb_cam/environment/ament_prefix_path.dsv
-- Up-to-date: /home/sbel/Desktop/Cobra-Driver/workspace/install/usb_cam/share/usb_cam/environment/path.sh
-- Installing: /home/sbel/Desktop/Cobra-Driver/workspace/install/usb_cam/share/usb_cam/environment/path.dsv
-- Up-to-date: /home/sbel/Desktop/Cobra-Driver/workspace/install/usb_cam/share/usb_cam/local_setup.bash
-- Up-to-date: /home/sbel/Desktop/Cobra-Driver/workspace/install/usb_cam/share/usb_cam/local_setup.sh
-- Up-to-date: /home/sbel/Desktop/Cobra-Driver/workspace/install/usb_cam/share/usb_cam/local_setup.zsh
-- Installing: /home/sbel/Desktop/Cobra-Driver/workspace/install/usb_cam/share/usb_cam/local_setup.dsv
-- Installing: /home/sbel/Desktop/Cobra-Driver/workspace/install/usb_cam/share/usb_cam/package.dsv
-- Up-to-date: /home/sbel/Desktop/Cobra-Driver/workspace/install/usb_cam/share/ament_index/resource_index/packages/usb_cam
-- Up-to-date: /home/sbel/Desktop/Cobra-Driver/workspace/install/usb_cam/share/ament_index/resource_index/rclcpp_components/usb_cam
-- Installing: /home/sbel/Desktop/Cobra-Driver/workspace/install/usb_cam/share/usb_cam/cmake/ament_cmake_export_dependencies-extras.cmake
-- Up-to-date: /home/sbel/Desktop/Cobra-Driver/workspace/install/usb_cam/share/usb_cam/cmake/ament_cmake_export_include_directories-extras.cmake
-- Up-to-date: /home/sbel/Desktop/Cobra-Driver/workspace/install/usb_cam/share/usb_cam/cmake/ament_cmake_export_libraries-extras.cmake
-- Installing: /home/sbel/Desktop/Cobra-Driver/workspace/install/usb_cam/share/usb_cam/cmake/usb_camConfig.cmake
-- Installing: /home/sbel/Desktop/Cobra-Driver/workspace/install/usb_cam/share/usb_cam/cmake/usb_camConfig-version.cmake
-- Installing: /home/sbel/Desktop/Cobra-Driver/workspace/install/usb_cam/share/usb_cam/package.xml
