[1.177s] Invoking command in '/home/sbel/Desktop/Cobra-Driver/workspace/build/usb_cam': CMAKE_PREFIX_PATH=${CMAKE_PREFIX_PATH}:/home/sbel/Desktop/Cobra-Driver/workspace/install/yolov5_ros2:/home/sbel/Desktop/Cobra-Driver/workspace/install/udp_to_ros:/home/sbel/Desktop/Cobra-Driver/workspace/install/common:/opt/ros/foxy /usr/bin/cmake --build /home/sbel/Desktop/Cobra-Driver/workspace/build/usb_cam -- -j8 -l8
[1.702s] -- Found ament_cmake_auto: 0.9.12 (/opt/ros/foxy/share/ament_cmake_auto/cmake)
[1.702s] -- Using PYTHON_EXECUTABLE: /usr/bin/python3
[1.945s] -- Using all available rosidl_typesupport_c: rosidl_typesupport_fastrtps_c;rosidl_typesupport_introspection_c
[1.946s] -- Found rosidl_adapter: 1.3.1 (/opt/ros/foxy/share/rosidl_adapter/cmake)
[2.223s] -- Using all available rosidl_typesupport_cpp: rosidl_typesupport_fastrtps_cpp;rosidl_typesupport_introspection_cpp
[2.317s] -- Found rmw_implementation_cmake: 1.0.4 (/opt/ros/foxy/share/rmw_implementation_cmake/cmake)
[2.321s] -- Using RMW implementation 'rmw_fastrtps_cpp' as default
[3.038s] -- Setting yaml-cpp_DIR to: '/opt/ros/foxy/share/yaml_cpp_vendor/cmake/../../../opt/yaml_cpp_vendor/lib/cmake/yaml-cpp'
[3.120s] -- Checking for module 'libavcodec'
[3.172s] --   Found libavcodec, version 58.54.100
[3.292s] -- Checking for module 'libswscale'
[3.341s] --   Found libswscale, version 5.5.100
[3.636s] -- Configuring done
[3.711s] -- Generating done
[3.717s] -- Build files have been written to: /home/sbel/Desktop/Cobra-Driver/workspace/build/usb_cam
[3.824s] [35m[1mScanning dependencies of target usb_cam[0m
[3.825s] [35m[1mScanning dependencies of target usb_cam_node_exe[0m
[3.906s] [ 16%] [32mBuilding CXX object CMakeFiles/usb_cam_node_exe.dir/rclcpp_components/node_main_usb_cam_node_exe.cpp.o[0m
[3.928s] [ 33%] [32mBuilding CXX object CMakeFiles/usb_cam.dir/src/usb_cam.cpp.o[0m
[7.230s] [01m[K/home/sbel/Desktop/Cobra-Driver/workspace/src/usb_cam/src/usb_cam.cpp:[m[K In member function ‘[01m[Kint usb_cam::UsbCam::init_mjpeg_decoder(int, int)[m[K’:
[7.231s] [01m[K/home/sbel/Desktop/Cobra-Driver/workspace/src/usb_cam/src/usb_cam.cpp:75:24:[m[K [01;35m[Kwarning: [m[K‘[01m[Kvoid avcodec_register_all()[m[K’ is deprecated [[01;35m[K-Wdeprecated-declarations[m[K]
[7.231s]    75 |   avcodec_register_all([01;35m[K)[m[K;
[7.231s]       |                        [01;35m[K^[m[K
[7.231s] In file included from [01m[K/home/sbel/Desktop/Cobra-Driver/workspace/src/usb_cam/include/usb_cam/usb_cam.hpp:39[m[K,
[7.231s]                  from [01m[K/home/sbel/Desktop/Cobra-Driver/workspace/src/usb_cam/src/usb_cam.cpp:31[m[K:
[7.232s] [01m[K/usr/include/aarch64-linux-gnu/libavcodec/avcodec.h:4159:6:[m[K [01;36m[Knote: [m[Kdeclared here
[7.232s]  4159 | void [01;36m[Kavcodec_register_all[m[K(void);
[7.232s]       |      [01;36m[K^~~~~~~~~~~~~~~~~~~~[m[K
[7.232s] [01m[K/home/sbel/Desktop/Cobra-Driver/workspace/src/usb_cam/src/usb_cam.cpp:75:24:[m[K [01;35m[Kwarning: [m[K‘[01m[Kvoid avcodec_register_all()[m[K’ is deprecated [[01;35m[K-Wdeprecated-declarations[m[K]
[7.232s]    75 |   avcodec_register_all([01;35m[K)[m[K;
[7.232s]       |                        [01;35m[K^[m[K
[7.232s] In file included from [01m[K/home/sbel/Desktop/Cobra-Driver/workspace/src/usb_cam/include/usb_cam/usb_cam.hpp:39[m[K,
[7.232s]                  from [01m[K/home/sbel/Desktop/Cobra-Driver/workspace/src/usb_cam/src/usb_cam.cpp:31[m[K:
[7.233s] [01m[K/usr/include/aarch64-linux-gnu/libavcodec/avcodec.h:4159:6:[m[K [01;36m[Knote: [m[Kdeclared here
[7.233s]  4159 | void [01;36m[Kavcodec_register_all[m[K(void);
[7.233s]       |      [01;36m[K^~~~~~~~~~~~~~~~~~~~[m[K
[7.233s] [01m[K/home/sbel/Desktop/Cobra-Driver/workspace/src/usb_cam/src/usb_cam.cpp:93:93:[m[K [01;35m[Kwarning: [m[K‘[01m[Kint avpicture_alloc(AVPicture*, AVPixelFormat, int, int)[m[K’ is deprecated [[01;35m[K-Wdeprecated-declarations[m[K]
[7.233s]    93 |     reinterpret_cast<AVPicture *>(avframe_rgb_), AV_PIX_FMT_RGB24, image_width, image_height[01;35m[K)[m[K;
[7.233s]       |                                                                                             [01;35m[K^[m[K
[7.233s] In file included from [01m[K/home/sbel/Desktop/Cobra-Driver/workspace/src/usb_cam/include/usb_cam/usb_cam.hpp:39[m[K,
[7.233s]                  from [01m[K/home/sbel/Desktop/Cobra-Driver/workspace/src/usb_cam/src/usb_cam.cpp:31[m[K:
[7.234s] [01m[K/usr/include/aarch64-linux-gnu/libavcodec/avcodec.h:5483:5:[m[K [01;36m[Knote: [m[Kdeclared here
[7.234s]  5483 | int [01;36m[Kavpicture_alloc[m[K(AVPicture *picture, enum AVPixelFormat pix_fmt, int width, int height);
[7.234s]       |     [01;36m[K^~~~~~~~~~~~~~~[m[K
[7.234s] [01m[K/home/sbel/Desktop/Cobra-Driver/workspace/src/usb_cam/src/usb_cam.cpp:93:93:[m[K [01;35m[Kwarning: [m[K‘[01m[Kint avpicture_alloc(AVPicture*, AVPixelFormat, int, int)[m[K’ is deprecated [[01;35m[K-Wdeprecated-declarations[m[K]
[7.234s]    93 |     reinterpret_cast<AVPicture *>(avframe_rgb_), AV_PIX_FMT_RGB24, image_width, image_height[01;35m[K)[m[K;
[7.234s]       |                                                                                             [01;35m[K^[m[K
[7.234s] In file included from [01m[K/home/sbel/Desktop/Cobra-Driver/workspace/src/usb_cam/include/usb_cam/usb_cam.hpp:39[m[K,
[7.234s]                  from [01m[K/home/sbel/Desktop/Cobra-Driver/workspace/src/usb_cam/src/usb_cam.cpp:31[m[K:
[7.235s] [01m[K/usr/include/aarch64-linux-gnu/libavcodec/avcodec.h:5483:5:[m[K [01;36m[Knote: [m[Kdeclared here
[7.235s]  5483 | int [01;36m[Kavpicture_alloc[m[K(AVPicture *picture, enum AVPixelFormat pix_fmt, int width, int height);
[7.235s]       |     [01;36m[K^~~~~~~~~~~~~~~[m[K
[7.235s] [01m[K/home/sbel/Desktop/Cobra-Driver/workspace/src/usb_cam/src/usb_cam.cpp:108:90:[m[K [01;35m[Kwarning: [m[K‘[01m[Kint avpicture_get_size(AVPixelFormat, int, int)[m[K’ is deprecated [[01;35m[K-Wdeprecated-declarations[m[K]
[7.235s]   108 |   avframe_camera_size_ = avpicture_get_size(AV_PIX_FMT_YUV422P, image_width, image_height[01;35m[K)[m[K;
[7.235s]       |                                                                                          [01;35m[K^[m[K
[7.236s] In file included from [01m[K/home/sbel/Desktop/Cobra-Driver/workspace/src/usb_cam/include/usb_cam/usb_cam.hpp:39[m[K,
[7.236s]                  from [01m[K/home/sbel/Desktop/Cobra-Driver/workspace/src/usb_cam/src/usb_cam.cpp:31[m[K:
[7.236s] [01m[K/usr/include/aarch64-linux-gnu/libavcodec/avcodec.h:5510:5:[m[K [01;36m[Knote: [m[Kdeclared here
[7.236s]  5510 | int [01;36m[Kavpicture_get_size[m[K(enum AVPixelFormat pix_fmt, int width, int height);
[7.236s]       |     [01;36m[K^~~~~~~~~~~~~~~~~~[m[K
[7.236s] [01m[K/home/sbel/Desktop/Cobra-Driver/workspace/src/usb_cam/src/usb_cam.cpp:108:90:[m[K [01;35m[Kwarning: [m[K‘[01m[Kint avpicture_get_size(AVPixelFormat, int, int)[m[K’ is deprecated [[01;35m[K-Wdeprecated-declarations[m[K]
[7.236s]   108 |   avframe_camera_size_ = avpicture_get_size(AV_PIX_FMT_YUV422P, image_width, image_height[01;35m[K)[m[K;
[7.236s]       |                                                                                          [01;35m[K^[m[K
[7.236s] In file included from [01m[K/home/sbel/Desktop/Cobra-Driver/workspace/src/usb_cam/include/usb_cam/usb_cam.hpp:39[m[K,
[7.237s]                  from [01m[K/home/sbel/Desktop/Cobra-Driver/workspace/src/usb_cam/src/usb_cam.cpp:31[m[K:
[7.237s] [01m[K/usr/include/aarch64-linux-gnu/libavcodec/avcodec.h:5510:5:[m[K [01;36m[Knote: [m[Kdeclared here
[7.237s]  5510 | int [01;36m[Kavpicture_get_size[m[K(enum AVPixelFormat pix_fmt, int width, int height);
[7.237s]       |     [01;36m[K^~~~~~~~~~~~~~~~~~[m[K
[7.237s] [01m[K/home/sbel/Desktop/Cobra-Driver/workspace/src/usb_cam/src/usb_cam.cpp:109:85:[m[K [01;35m[Kwarning: [m[K‘[01m[Kint avpicture_get_size(AVPixelFormat, int, int)[m[K’ is deprecated [[01;35m[K-Wdeprecated-declarations[m[K]
[7.237s]   109 |   avframe_rgb_size_ = avpicture_get_size(AV_PIX_FMT_RGB24, image_width, image_height[01;35m[K)[m[K;
[7.237s]       |                                                                                     [01;35m[K^[m[K
[7.237s] In file included from [01m[K/home/sbel/Desktop/Cobra-Driver/workspace/src/usb_cam/include/usb_cam/usb_cam.hpp:39[m[K,
[7.238s]                  from [01m[K/home/sbel/Desktop/Cobra-Driver/workspace/src/usb_cam/src/usb_cam.cpp:31[m[K:
[7.238s] [01m[K/usr/include/aarch64-linux-gnu/libavcodec/avcodec.h:5510:5:[m[K [01;36m[Knote: [m[Kdeclared here
[7.238s]  5510 | int [01;36m[Kavpicture_get_size[m[K(enum AVPixelFormat pix_fmt, int width, int height);
[7.238s]       |     [01;36m[K^~~~~~~~~~~~~~~~~~[m[K
[7.238s] [01m[K/home/sbel/Desktop/Cobra-Driver/workspace/src/usb_cam/src/usb_cam.cpp:109:85:[m[K [01;35m[Kwarning: [m[K‘[01m[Kint avpicture_get_size(AVPixelFormat, int, int)[m[K’ is deprecated [[01;35m[K-Wdeprecated-declarations[m[K]
[7.238s]   109 |   avframe_rgb_size_ = avpicture_get_size(AV_PIX_FMT_RGB24, image_width, image_height[01;35m[K)[m[K;
[7.238s]       |                                                                                     [01;35m[K^[m[K
[7.238s] In file included from [01m[K/home/sbel/Desktop/Cobra-Driver/workspace/src/usb_cam/include/usb_cam/usb_cam.hpp:39[m[K,
[7.239s]                  from [01m[K/home/sbel/Desktop/Cobra-Driver/workspace/src/usb_cam/src/usb_cam.cpp:31[m[K:
[7.239s] [01m[K/usr/include/aarch64-linux-gnu/libavcodec/avcodec.h:5510:5:[m[K [01;36m[Knote: [m[Kdeclared here
[7.239s]  5510 | int [01;36m[Kavpicture_get_size[m[K(enum AVPixelFormat pix_fmt, int width, int height);
[7.239s]       |     [01;36m[K^~~~~~~~~~~~~~~~~~[m[K
[7.239s] [01m[K/home/sbel/Desktop/Cobra-Driver/workspace/src/usb_cam/src/usb_cam.cpp:[m[K In member function ‘[01m[Kbool usb_cam::UsbCam::mjpeg2rgb(char*, int, char*, int)[m[K’:
[7.239s] [01m[K/home/sbel/Desktop/Cobra-Driver/workspace/src/usb_cam/src/usb_cam.cpp:142:94:[m[K [01;35m[Kwarning: [m[K‘[01m[Kint avcodec_decode_video2(AVCodecContext*, AVFrame*, int*, const AVPacket*)[m[K’ is deprecated [[01;35m[K-Wdeprecated-declarations[m[K]
[7.240s]   142 |   decoded_len = avcodec_decode_video2(avcodec_context_, avframe_camera_, &got_picture, &avpkt[01;35m[K)[m[K;
[7.240s]       |                                                                                              [01;35m[K^[m[K
[7.240s] In file included from [01m[K/home/sbel/Desktop/Cobra-Driver/workspace/src/usb_cam/include/usb_cam/usb_cam.hpp:39[m[K,
[7.240s]                  from [01m[K/home/sbel/Desktop/Cobra-Driver/workspace/src/usb_cam/src/usb_cam.cpp:31[m[K:
[7.240s] [01m[K/usr/include/aarch64-linux-gnu/libavcodec/avcodec.h:4828:5:[m[K [01;36m[Knote: [m[Kdeclared here
[7.240s]  4828 | int [01;36m[Kavcodec_decode_video2[m[K(AVCodecContext *avctx, AVFrame *picture,
[7.240s]       |     [01;36m[K^~~~~~~~~~~~~~~~~~~~~[m[K
[7.240s] [01m[K/home/sbel/Desktop/Cobra-Driver/workspace/src/usb_cam/src/usb_cam.cpp:142:94:[m[K [01;35m[Kwarning: [m[K‘[01m[Kint avcodec_decode_video2(AVCodecContext*, AVFrame*, int*, const AVPacket*)[m[K’ is deprecated [[01;35m[K-Wdeprecated-declarations[m[K]
[7.241s]   142 |   decoded_len = avcodec_decode_video2(avcodec_context_, avframe_camera_, &got_picture, &avpkt[01;35m[K)[m[K;
[7.241s]       |                                                                                              [01;35m[K^[m[K
[7.241s] In file included from [01m[K/home/sbel/Desktop/Cobra-Driver/workspace/src/usb_cam/include/usb_cam/usb_cam.hpp:39[m[K,
[7.241s]                  from [01m[K/home/sbel/Desktop/Cobra-Driver/workspace/src/usb_cam/src/usb_cam.cpp:31[m[K:
[7.241s] [01m[K/usr/include/aarch64-linux-gnu/libavcodec/avcodec.h:4828:5:[m[K [01;36m[Knote: [m[Kdeclared here
[7.241s]  4828 | int [01;36m[Kavcodec_decode_video2[m[K(AVCodecContext *avctx, AVFrame *picture,
[7.242s]       |     [01;36m[K^~~~~~~~~~~~~~~~~~~~~[m[K
[7.242s] [01m[K/home/sbel/Desktop/Cobra-Driver/workspace/src/usb_cam/src/usb_cam.cpp:161:76:[m[K [01;35m[Kwarning: [m[K‘[01m[Kint avpicture_get_size(AVPixelFormat, int, int)[m[K’ is deprecated [[01;35m[K-Wdeprecated-declarations[m[K]
[7.242s]   161 |   int pic_size = avpicture_get_size(avcodec_context_->pix_fmt, xsize, ysize[01;35m[K)[m[K;
[7.242s]       |                                                                            [01;35m[K^[m[K
[7.242s] In file included from [01m[K/home/sbel/Desktop/Cobra-Driver/workspace/src/usb_cam/include/usb_cam/usb_cam.hpp:39[m[K,
[7.242s]                  from [01m[K/home/sbel/Desktop/Cobra-Driver/workspace/src/usb_cam/src/usb_cam.cpp:31[m[K:
[7.242s] [01m[K/usr/include/aarch64-linux-gnu/libavcodec/avcodec.h:5510:5:[m[K [01;36m[Knote: [m[Kdeclared here
[7.242s]  5510 | int [01;36m[Kavpicture_get_size[m[K(enum AVPixelFormat pix_fmt, int width, int height);
[7.243s]       |     [01;36m[K^~~~~~~~~~~~~~~~~~[m[K
[7.243s] [01m[K/home/sbel/Desktop/Cobra-Driver/workspace/src/usb_cam/src/usb_cam.cpp:161:76:[m[K [01;35m[Kwarning: [m[K‘[01m[Kint avpicture_get_size(AVPixelFormat, int, int)[m[K’ is deprecated [[01;35m[K-Wdeprecated-declarations[m[K]
[7.243s]   161 |   int pic_size = avpicture_get_size(avcodec_context_->pix_fmt, xsize, ysize[01;35m[K)[m[K;
[7.243s]       |                                                                            [01;35m[K^[m[K
[7.243s] In file included from [01m[K/home/sbel/Desktop/Cobra-Driver/workspace/src/usb_cam/include/usb_cam/usb_cam.hpp:39[m[K,
[7.243s]                  from [01m[K/home/sbel/Desktop/Cobra-Driver/workspace/src/usb_cam/src/usb_cam.cpp:31[m[K:
[7.243s] [01m[K/usr/include/aarch64-linux-gnu/libavcodec/avcodec.h:5510:5:[m[K [01;36m[Knote: [m[Kdeclared here
[7.243s]  5510 | int [01;36m[Kavpicture_get_size[m[K(enum AVPixelFormat pix_fmt, int width, int height);
[7.243s]       |     [01;36m[K^~~~~~~~~~~~~~~~~~[m[K
[7.250s] [01m[K/home/sbel/Desktop/Cobra-Driver/workspace/src/usb_cam/src/usb_cam.cpp:189:70:[m[K [01;35m[Kwarning: [m[K‘[01m[Kint avpicture_layout(const AVPicture*, AVPixelFormat, int, int, unsigned char*, int)[m[K’ is deprecated [[01;35m[K-Wdeprecated-declarations[m[K]
[7.250s]   189 |     xsize, ysize, reinterpret_cast<uint8_t *>(RGB), avframe_rgb_size_[01;35m[K)[m[K;
[7.250s]       |                                                                      [01;35m[K^[m[K
[7.250s] In file included from [01m[K/home/sbel/Desktop/Cobra-Driver/workspace/src/usb_cam/include/usb_cam/usb_cam.hpp:39[m[K,
[7.250s]                  from [01m[K/home/sbel/Desktop/Cobra-Driver/workspace/src/usb_cam/src/usb_cam.cpp:31[m[K:
[7.251s] [01m[K/usr/include/aarch64-linux-gnu/libavcodec/avcodec.h:5502:5:[m[K [01;36m[Knote: [m[Kdeclared here
[7.251s]  5502 | int [01;36m[Kavpicture_layout[m[K(const AVPicture *src, enum AVPixelFormat pix_fmt,
[7.251s]       |     [01;36m[K^~~~~~~~~~~~~~~~[m[K
[7.251s] [01m[K/home/sbel/Desktop/Cobra-Driver/workspace/src/usb_cam/src/usb_cam.cpp:189:70:[m[K [01;35m[Kwarning: [m[K‘[01m[Kint avpicture_layout(const AVPicture*, AVPixelFormat, int, int, unsigned char*, int)[m[K’ is deprecated [[01;35m[K-Wdeprecated-declarations[m[K]
[7.251s]   189 |     xsize, ysize, reinterpret_cast<uint8_t *>(RGB), avframe_rgb_size_[01;35m[K)[m[K;
[7.251s]       |                                                                      [01;35m[K^[m[K
[7.251s] In file included from [01m[K/home/sbel/Desktop/Cobra-Driver/workspace/src/usb_cam/include/usb_cam/usb_cam.hpp:39[m[K,
[7.251s]                  from [01m[K/home/sbel/Desktop/Cobra-Driver/workspace/src/usb_cam/src/usb_cam.cpp:31[m[K:
[7.251s] [01m[K/usr/include/aarch64-linux-gnu/libavcodec/avcodec.h:5502:5:[m[K [01;36m[Knote: [m[Kdeclared here
[7.252s]  5502 | int [01;36m[Kavpicture_layout[m[K(const AVPicture *src, enum AVPixelFormat pix_fmt,
[7.252s]       |     [01;36m[K^~~~~~~~~~~~~~~~[m[K
[7.255s] [01m[K/home/sbel/Desktop/Cobra-Driver/workspace/src/usb_cam/src/usb_cam.cpp:[m[K In member function ‘[01m[Kbool usb_cam::UsbCam::read_frame()[m[K’:
[7.255s] [01m[K/home/sbel/Desktop/Cobra-Driver/workspace/src/usb_cam/src/usb_cam.cpp:274:29:[m[K [01;35m[Kwarning: [m[Koverflow in conversion from ‘[01m[Klong unsigned int[m[K’ to ‘[01m[Kint[m[K’ changes value from ‘[01m[K3227014673[m[K’ to ‘[01m[K-1067952623[m[K’ [[01;35m[K-Woverflow[m[K]
[7.255s]   274 |       if (-1 == xioctl(fd_, [01;35m[KVIDIOC_DQBUF[m[K, &buf)) {
[7.255s]       |                             [01;35m[K^~~~~~~~~~~~[m[K
[7.255s] [01m[K/home/sbel/Desktop/Cobra-Driver/workspace/src/usb_cam/src/usb_cam.cpp:302:29:[m[K [01;35m[Kwarning: [m[Koverflow in conversion from ‘[01m[Klong unsigned int[m[K’ to ‘[01m[Kint[m[K’ changes value from ‘[01m[K3227014671[m[K’ to ‘[01m[K-1067952625[m[K’ [[01;35m[K-Woverflow[m[K]
[7.256s]   302 |       if (-1 == xioctl(fd_, [01;35m[KVIDIOC_QBUF[m[K, &buf)) {
[7.256s]       |                             [01;35m[K^~~~~~~~~~~[m[K
[7.256s] [01m[K/home/sbel/Desktop/Cobra-Driver/workspace/src/usb_cam/src/usb_cam.cpp:317:29:[m[K [01;35m[Kwarning: [m[Koverflow in conversion from ‘[01m[Klong unsigned int[m[K’ to ‘[01m[Kint[m[K’ changes value from ‘[01m[K3227014673[m[K’ to ‘[01m[K-1067952623[m[K’ [[01;35m[K-Woverflow[m[K]
[7.256s]   317 |       if (-1 == xioctl(fd_, [01;35m[KVIDIOC_DQBUF[m[K, &buf)) {
[7.257s]       |                             [01;35m[K^~~~~~~~~~~~[m[K
[7.257s] [01m[K/home/sbel/Desktop/Cobra-Driver/workspace/src/usb_cam/src/usb_cam.cpp:352:29:[m[K [01;35m[Kwarning: [m[Koverflow in conversion from ‘[01m[Klong unsigned int[m[K’ to ‘[01m[Kint[m[K’ changes value from ‘[01m[K3227014671[m[K’ to ‘[01m[K-1067952625[m[K’ [[01;35m[K-Woverflow[m[K]
[7.257s]   352 |       if (-1 == xioctl(fd_, [01;35m[KVIDIOC_QBUF[m[K, &buf)) {
[7.258s]       |                             [01;35m[K^~~~~~~~~~~[m[K
[7.258s] [01m[K/home/sbel/Desktop/Cobra-Driver/workspace/src/usb_cam/src/usb_cam.cpp:242:10:[m[K [01;35m[Kwarning: [m[Kenumeration value ‘[01m[KIO_METHOD_UNKNOWN[m[K’ not handled in switch [[01;35m[K-Wswitch[m[K]
[7.258s]   242 |   switch [01;35m[K([m[Kio_) {
[7.258s]       |          [01;35m[K^[m[K
[7.259s] [01m[K/home/sbel/Desktop/Cobra-Driver/workspace/src/usb_cam/src/usb_cam.cpp:[m[K In member function ‘[01m[Kbool usb_cam::UsbCam::stop_capturing()[m[K’:
[7.259s] [01m[K/home/sbel/Desktop/Cobra-Driver/workspace/src/usb_cam/src/usb_cam.cpp:376:10:[m[K [01;35m[Kwarning: [m[Kenumeration value ‘[01m[KIO_METHOD_UNKNOWN[m[K’ not handled in switch [[01;35m[K-Wswitch[m[K]
[7.259s]   376 |   switch [01;35m[K([m[Kio_) {
[7.259s]       |          [01;35m[K^[m[K
[7.260s] [01m[K/home/sbel/Desktop/Cobra-Driver/workspace/src/usb_cam/src/usb_cam.cpp:[m[K In member function ‘[01m[Kbool usb_cam::UsbCam::start_capturing()[m[K’:
[7.260s] [01m[K/home/sbel/Desktop/Cobra-Driver/workspace/src/usb_cam/src/usb_cam.cpp:417:31:[m[K [01;35m[Kwarning: [m[Koverflow in conversion from ‘[01m[Klong unsigned int[m[K’ to ‘[01m[Kint[m[K’ changes value from ‘[01m[K3227014671[m[K’ to ‘[01m[K-1067952625[m[K’ [[01;35m[K-Woverflow[m[K]
[7.260s]   417 |         if (-1 == xioctl(fd_, [01;35m[KVIDIOC_QBUF[m[K, &buf)) {
[7.260s]       |                               [01;35m[K^~~~~~~~~~~[m[K
[7.261s] [01m[K/home/sbel/Desktop/Cobra-Driver/workspace/src/usb_cam/src/usb_cam.cpp:443:31:[m[K [01;35m[Kwarning: [m[Koverflow in conversion from ‘[01m[Klong unsigned int[m[K’ to ‘[01m[Kint[m[K’ changes value from ‘[01m[K3227014671[m[K’ to ‘[01m[K-1067952625[m[K’ [[01;35m[K-Woverflow[m[K]
[7.261s]   443 |         if (-1 == xioctl(fd_, [01;35m[KVIDIOC_QBUF[m[K, &buf)) {
[7.261s]       |                               [01;35m[K^~~~~~~~~~~[m[K
[7.262s] [01m[K/home/sbel/Desktop/Cobra-Driver/workspace/src/usb_cam/src/usb_cam.cpp:402:10:[m[K [01;35m[Kwarning: [m[Kenumeration value ‘[01m[KIO_METHOD_UNKNOWN[m[K’ not handled in switch [[01;35m[K-Wswitch[m[K]
[7.262s]   402 |   switch [01;35m[K([m[Kio_) {
[7.262s]       |          [01;35m[K^[m[K
[7.263s] [01m[K/home/sbel/Desktop/Cobra-Driver/workspace/src/usb_cam/src/usb_cam.cpp:[m[K In member function ‘[01m[Kbool usb_cam::UsbCam::uninit_device()[m[K’:
[7.263s] [01m[K/home/sbel/Desktop/Cobra-Driver/workspace/src/usb_cam/src/usb_cam.cpp:466:10:[m[K [01;35m[Kwarning: [m[Kenumeration value ‘[01m[KIO_METHOD_UNKNOWN[m[K’ not handled in switch [[01;35m[K-Wswitch[m[K]
[7.263s]   466 |   switch [01;35m[K([m[Kio_) {
[7.263s]       |          [01;35m[K^[m[K
[7.266s] [01m[K/home/sbel/Desktop/Cobra-Driver/workspace/src/usb_cam/src/usb_cam.cpp:[m[K In member function ‘[01m[Kbool usb_cam::UsbCam::init_mmap()[m[K’:
[7.266s] [01m[K/home/sbel/Desktop/Cobra-Driver/workspace/src/usb_cam/src/usb_cam.cpp:520:25:[m[K [01;35m[Kwarning: [m[Koverflow in conversion from ‘[01m[Klong unsigned int[m[K’ to ‘[01m[Kint[m[K’ changes value from ‘[01m[K3222558216[m[K’ to ‘[01m[K-1072409080[m[K’ [[01;35m[K-Woverflow[m[K]
[7.266s]   520 |   if (-1 == xioctl(fd_, [01;35m[KVIDIOC_REQBUFS[m[K, &req)) {
[7.267s]       |                         [01;35m[K^~~~~~~~~~~~~~[m[K
[7.271s] [01m[K/home/sbel/Desktop/Cobra-Driver/workspace/src/usb_cam/src/usb_cam.cpp:555:27:[m[K [01;35m[Kwarning: [m[Koverflow in conversion from ‘[01m[Klong unsigned int[m[K’ to ‘[01m[Kint[m[K’ changes value from ‘[01m[K3227014665[m[K’ to ‘[01m[K-1067952631[m[K’ [[01;35m[K-Woverflow[m[K]
[7.271s]   555 |     if (-1 == xioctl(fd_, [01;35m[KVIDIOC_QUERYBUF[m[K, &buf)) {
[7.272s]       |                           [01;35m[K^~~~~~~~~~~~~~~[m[K
[7.273s] [01m[K/home/sbel/Desktop/Cobra-Driver/workspace/src/usb_cam/src/usb_cam.cpp:[m[K In member function ‘[01m[Kbool usb_cam::UsbCam::init_userp(unsigned int)[m[K’:
[7.274s] [01m[K/home/sbel/Desktop/Cobra-Driver/workspace/src/usb_cam/src/usb_cam.cpp:588:25:[m[K [01;35m[Kwarning: [m[Koverflow in conversion from ‘[01m[Klong unsigned int[m[K’ to ‘[01m[Kint[m[K’ changes value from ‘[01m[K3222558216[m[K’ to ‘[01m[K-1072409080[m[K’ [[01;35m[K-Woverflow[m[K]
[7.274s]   588 |   if (-1 == xioctl(fd_, [01;35m[KVIDIOC_REQBUFS[m[K, &req)) {
[7.274s]       |                         [01;35m[K^~~~~~~~~~~~~~[m[K
[7.279s] [01m[K/home/sbel/Desktop/Cobra-Driver/workspace/src/usb_cam/src/usb_cam.cpp:[m[K In member function ‘[01m[Kbool usb_cam::UsbCam::init_device(int, int, int)[m[K’:
[7.279s] [01m[K/home/sbel/Desktop/Cobra-Driver/workspace/src/usb_cam/src/usb_cam.cpp:627:25:[m[K [01;35m[Kwarning: [m[Koverflow in conversion from ‘[01m[Klong unsigned int[m[K’ to ‘[01m[Kint[m[K’ changes value from ‘[01m[K2154321408[m[K’ to ‘[01m[K-2140645888[m[K’ [[01;35m[K-Woverflow[m[K]
[7.280s]   627 |   if (-1 == xioctl(fd_, [01;35m[KVIDIOC_QUERYCAP[m[K, &cap)) {
[7.280s]       |                         [01;35m[K^~~~~~~~~~~~~~~[m[K
[7.286s] [01m[K/home/sbel/Desktop/Cobra-Driver/workspace/src/usb_cam/src/usb_cam.cpp:646:10:[m[K [01;35m[Kwarning: [m[Kenumeration value ‘[01m[KIO_METHOD_UNKNOWN[m[K’ not handled in switch [[01;35m[K-Wswitch[m[K]
[7.286s]   646 |   switch [01;35m[K([m[Kio_) {
[7.286s]       |          [01;35m[K^[m[K
[7.286s] [01m[K/home/sbel/Desktop/Cobra-Driver/workspace/src/usb_cam/src/usb_cam.cpp:675:24:[m[K [01;35m[Kwarning: [m[Koverflow in conversion from ‘[01m[Klong unsigned int[m[K’ to ‘[01m[Kint[m[K’ changes value from ‘[01m[K3224131130[m[K’ to ‘[01m[K-1070836166[m[K’ [[01;35m[K-Woverflow[m[K]
[7.286s]   675 |   if (0 == xioctl(fd_, [01;35m[KVIDIOC_CROPCAP[m[K, &cropcap)) {
[7.286s]       |                        [01;35m[K^~~~~~~~~~~~~~[m[K
[7.287s] [01m[K/home/sbel/Desktop/Cobra-Driver/workspace/src/usb_cam/src/usb_cam.cpp:701:25:[m[K [01;35m[Kwarning: [m[Koverflow in conversion from ‘[01m[Klong unsigned int[m[K’ to ‘[01m[Kint[m[K’ changes value from ‘[01m[K3234878981[m[K’ to ‘[01m[K-1060088315[m[K’ [[01;35m[K-Woverflow[m[K]
[7.287s]   701 |   if (-1 == xioctl(fd_, [01;35m[KVIDIOC_S_FMT[m[K, &fmt)) {
[7.287s]       |                         [01;35m[K^~~~~~~~~~~~[m[K
[7.287s] [01m[K/home/sbel/Desktop/Cobra-Driver/workspace/src/usb_cam/src/usb_cam.cpp:707:21:[m[K [01;35m[Kwarning: [m[Koverflow in conversion from ‘[01m[Klong unsigned int[m[K’ to ‘[01m[Kint[m[K’ changes value from ‘[01m[K3234878980[m[K’ to ‘[01m[K-1060088316[m[K’ [[01;35m[K-Woverflow[m[K]
[7.287s]   707 |     if (xioctl(fd_, [01;35m[KVIDIOC_G_FMT[m[K, &fmt) >= 0) {
[7.288s]       |                     [01;35m[K^~~~~~~~~~~~[m[K
[7.292s] [01m[K/home/sbel/Desktop/Cobra-Driver/workspace/src/usb_cam/src/usb_cam.cpp:717:27:[m[K [01;35m[Kwarning: [m[Kcomparison of integer expressions of different signedness: ‘[01m[K__u32[m[K’ {aka ‘[01m[Kunsigned int[m[K’} and ‘[01m[Kint[m[K’ [[01;35m[K-Wsign-compare[m[K]
[7.292s]   717 |         [01;35m[Kfmt.fmt.pix.width == image_width[m[K &&
[7.292s]       |         [01;35m[K~~~~~~~~~~~~~~~~~~^~~~~~~~~~~~~~[m[K
[7.292s] [01m[K/home/sbel/Desktop/Cobra-Driver/workspace/src/usb_cam/src/usb_cam.cpp:718:28:[m[K [01;35m[Kwarning: [m[Kcomparison of integer expressions of different signedness: ‘[01m[K__u32[m[K’ {aka ‘[01m[Kunsigned int[m[K’} and ‘[01m[Kint[m[K’ [[01;35m[K-Wsign-compare[m[K]
[7.292s]   718 |         [01;35m[Kfmt.fmt.pix.height == image_height[m[K) {
[7.292s]       |         [01;35m[K~~~~~~~~~~~~~~~~~~~^~~~~~~~~~~~~~~[m[K
[7.295s] [01m[K/home/sbel/Desktop/Cobra-Driver/workspace/src/usb_cam/src/usb_cam.cpp:751:19:[m[K [01;35m[Kwarning: [m[Koverflow in conversion from ‘[01m[Klong unsigned int[m[K’ to ‘[01m[Kint[m[K’ changes value from ‘[01m[K3234616853[m[K’ to ‘[01m[K-1060350443[m[K’ [[01;35m[K-Woverflow[m[K]
[7.295s]   751 |   if (xioctl(fd_, [01;35m[KVIDIOC_G_PARM[m[K, &stream_params) < 0) {
[7.296s]       |                   [01;35m[K^~~~~~~~~~~~~[m[K
[7.300s] [01m[K/home/sbel/Desktop/Cobra-Driver/workspace/src/usb_cam/src/usb_cam.cpp:766:19:[m[K [01;35m[Kwarning: [m[Koverflow in conversion from ‘[01m[Klong unsigned int[m[K’ to ‘[01m[Kint[m[K’ changes value from ‘[01m[K3234616854[m[K’ to ‘[01m[K-1060350442[m[K’ [[01;35m[K-Woverflow[m[K]
[7.300s]   766 |   if (xioctl(fd_, [01;35m[KVIDIOC_S_PARM[m[K, &stream_params) < 0) {
[7.300s]       |                   [01;35m[K^~~~~~~~~~~~~[m[K
[7.302s] [01m[K/home/sbel/Desktop/Cobra-Driver/workspace/src/usb_cam/src/usb_cam.cpp:772:10:[m[K [01;35m[Kwarning: [m[Kenumeration value ‘[01m[KIO_METHOD_UNKNOWN[m[K’ not handled in switch [[01;35m[K-Wswitch[m[K]
[7.303s]   772 |   switch [01;35m[K([m[Kio_) {
[7.303s]       |          [01;35m[K^[m[K
[7.317s] [01m[K/home/sbel/Desktop/Cobra-Driver/workspace/src/usb_cam/src/usb_cam.cpp:[m[K In member function ‘[01m[Kvoid usb_cam::UsbCam::get_formats()[m[K’:
[7.317s] [01m[K/home/sbel/Desktop/Cobra-Driver/workspace/src/usb_cam/src/usb_cam.cpp:949:35:[m[K [01;35m[Kwarning: [m[Koverflow in conversion from ‘[01m[Klong unsigned int[m[K’ to ‘[01m[Kint[m[K’ changes value from ‘[01m[K3225441794[m[K’ to ‘[01m[K-1069525502[m[K’ [[01;35m[K-Woverflow[m[K]
[7.317s]   949 |   for (fmt.index = 0; xioctl(fd_, [01;35m[KVIDIOC_ENUM_FMT[m[K, &fmt) == 0; ++fmt.index) {
[7.317s]       |                                   [01;35m[K^~~~~~~~~~~~~~~[m[K
[7.321s] [01m[K/home/sbel/Desktop/Cobra-Driver/workspace/src/usb_cam/src/usb_cam.cpp:959:38:[m[K [01;35m[Kwarning: [m[Koverflow in conversion from ‘[01m[Klong unsigned int[m[K’ to ‘[01m[Kint[m[K’ changes value from ‘[01m[K3224131146[m[K’ to ‘[01m[K-1070836150[m[K’ [[01;35m[K-Woverflow[m[K]
[7.321s]   959 |     for (size.index = 0; xioctl(fd_, [01;35m[KVIDIOC_ENUM_FRAMESIZES[m[K, &size) == 0; ++size.index) {
[7.321s]       |                                      [01;35m[K^~~~~~~~~~~~~~~~~~~~~~[m[K
[7.323s] [01m[K/home/sbel/Desktop/Cobra-Driver/workspace/src/usb_cam/src/usb_cam.cpp:968:44:[m[K [01;35m[Kwarning: [m[Koverflow in conversion from ‘[01m[Klong unsigned int[m[K’ to ‘[01m[Kint[m[K’ changes value from ‘[01m[K3224655435[m[K’ to ‘[01m[K-1070311861[m[K’ [[01;35m[K-Woverflow[m[K]
[7.323s]   968 |       for (interval.index = 0; xioctl(fd_, [01;35m[KVIDIOC_ENUM_FRAMEINTERVALS[m[K, &interval) == 0;
[7.323s]       |                                            [01;35m[K^~~~~~~~~~~~~~~~~~~~~~~~~~[m[K
[7.331s] [01m[K/home/sbel/Desktop/Cobra-Driver/workspace/src/usb_cam/src/usb_cam.cpp:[m[K In member function ‘[01m[Kbool usb_cam::UsbCam::set_auto_focus(int)[m[K’:
[7.331s] [01m[K/home/sbel/Desktop/Cobra-Driver/workspace/src/usb_cam/src/usb_cam.cpp:1034:25:[m[K [01;35m[Kwarning: [m[Koverflow in conversion from ‘[01m[Klong unsigned int[m[K’ to ‘[01m[Kint[m[K’ changes value from ‘[01m[K3225703972[m[K’ to ‘[01m[K-1069263324[m[K’ [[01;35m[K-Woverflow[m[K]
[7.331s]  1034 |   if (-1 == xioctl(fd_, [01;35m[KVIDIOC_QUERYCTRL[m[K, &queryctrl)) {
[7.331s]       |                         [01;35m[K^~~~~~~~~~~~~~~~[m[K
[7.334s] [01m[K/home/sbel/Desktop/Cobra-Driver/workspace/src/usb_cam/src/usb_cam.cpp:1050:27:[m[K [01;35m[Kwarning: [m[Koverflow in conversion from ‘[01m[Klong unsigned int[m[K’ to ‘[01m[Kint[m[K’ changes value from ‘[01m[K3221771804[m[K’ to ‘[01m[K-1073195492[m[K’ [[01;35m[K-Woverflow[m[K]
[7.334s]  1050 |     if (-1 == xioctl(fd_, [01;35m[KVIDIOC_S_CTRL[m[K, &control)) {
[7.334s]       |                           [01;35m[K^~~~~~~~~~~~~[m[K
[9.464s] [ 50%] [32m[1mLinking CXX shared library libusb_cam.so[0m
[9.629s] [ 66%] [32m[1mLinking CXX executable usb_cam_node_exe[0m
[9.758s] [ 66%] Built target usb_cam
[9.794s] [35m[1mScanning dependencies of target usb_cam_node[0m
[9.870s] [ 83%] [32mBuilding CXX object CMakeFiles/usb_cam_node.dir/src/usb_cam_node.cpp.o[0m
[9.960s] [ 83%] Built target usb_cam_node_exe
[17.024s] [100%] [32m[1mLinking CXX shared library libusb_cam_node.so[0m
[17.516s] [100%] Built target usb_cam_node
[17.548s] Invoked command in '/home/sbel/Desktop/Cobra-Driver/workspace/build/usb_cam' returned '0': CMAKE_PREFIX_PATH=${CMAKE_PREFIX_PATH}:/home/sbel/Desktop/Cobra-Driver/workspace/install/yolov5_ros2:/home/sbel/Desktop/Cobra-Driver/workspace/install/udp_to_ros:/home/sbel/Desktop/Cobra-Driver/workspace/install/common:/opt/ros/foxy /usr/bin/cmake --build /home/sbel/Desktop/Cobra-Driver/workspace/build/usb_cam -- -j8 -l8
[17.630s] Invoking command in '/home/sbel/Desktop/Cobra-Driver/workspace/build/usb_cam': CMAKE_PREFIX_PATH=${CMAKE_PREFIX_PATH}:/home/sbel/Desktop/Cobra-Driver/workspace/install/yolov5_ros2:/home/sbel/Desktop/Cobra-Driver/workspace/install/udp_to_ros:/home/sbel/Desktop/Cobra-Driver/workspace/install/common:/opt/ros/foxy /usr/bin/cmake --install /home/sbel/Desktop/Cobra-Driver/workspace/build/usb_cam
[17.664s] -- Install configuration: ""
[17.664s] -- Installing: /home/sbel/Desktop/Cobra-Driver/workspace/install/usb_cam/lib/usb_cam/usb_cam_node_exe
[17.665s] -- Set runtime path of "/home/sbel/Desktop/Cobra-Driver/workspace/install/usb_cam/lib/usb_cam/usb_cam_node_exe" to ""
[17.666s] -- Installing: /home/sbel/Desktop/Cobra-Driver/workspace/install/usb_cam/lib/usb_cam/show_image.py
[17.666s] -- Up-to-date: /home/sbel/Desktop/Cobra-Driver/workspace/install/usb_cam/include
[17.666s] -- Up-to-date: /home/sbel/Desktop/Cobra-Driver/workspace/install/usb_cam/include/usb_cam
[17.666s] -- Installing: /home/sbel/Desktop/Cobra-Driver/workspace/install/usb_cam/include/usb_cam/usb_cam.hpp
[17.666s] -- Installing: /home/sbel/Desktop/Cobra-Driver/workspace/install/usb_cam/include/usb_cam/usb_cam_node.hpp
[17.667s] -- Installing: /home/sbel/Desktop/Cobra-Driver/workspace/install/usb_cam/include/usb_cam/usb_cam_utils.hpp
[17.667s] -- Up-to-date: /home/sbel/Desktop/Cobra-Driver/workspace/install/usb_cam/share/usb_cam/environment/library_path.sh
[17.668s] -- Installing: /home/sbel/Desktop/Cobra-Driver/workspace/install/usb_cam/share/usb_cam/environment/library_path.dsv
[17.668s] -- Installing: /home/sbel/Desktop/Cobra-Driver/workspace/install/usb_cam/lib/libusb_cam.so
[17.669s] -- Set runtime path of "/home/sbel/Desktop/Cobra-Driver/workspace/install/usb_cam/lib/libusb_cam.so" to ""
[17.669s] -- Installing: /home/sbel/Desktop/Cobra-Driver/workspace/install/usb_cam/lib/libusb_cam_node.so
[17.673s] -- Set runtime path of "/home/sbel/Desktop/Cobra-Driver/workspace/install/usb_cam/lib/libusb_cam_node.so" to ""
[17.673s] -- Up-to-date: /home/sbel/Desktop/Cobra-Driver/workspace/install/usb_cam/share/usb_cam/launch
[17.674s] -- Installing: /home/sbel/Desktop/Cobra-Driver/workspace/install/usb_cam/share/usb_cam/launch/demo_launch.py
[17.674s] -- Up-to-date: /home/sbel/Desktop/Cobra-Driver/workspace/install/usb_cam/share/usb_cam/config
[17.674s] -- Up-to-date: /home/sbel/Desktop/Cobra-Driver/workspace/install/usb_cam/share/usb_cam/config/camera_info.yaml
[17.674s] -- Installing: /home/sbel/Desktop/Cobra-Driver/workspace/install/usb_cam/share/usb_cam/config/params.yaml
[17.674s] -- Installing: /home/sbel/Desktop/Cobra-Driver/workspace/install/usb_cam/share/ament_index/resource_index/package_run_dependencies/usb_cam
[17.675s] -- Up-to-date: /home/sbel/Desktop/Cobra-Driver/workspace/install/usb_cam/share/ament_index/resource_index/parent_prefix_path/usb_cam
[17.675s] -- Up-to-date: /home/sbel/Desktop/Cobra-Driver/workspace/install/usb_cam/share/usb_cam/environment/ament_prefix_path.sh
[17.675s] -- Installing: /home/sbel/Desktop/Cobra-Driver/workspace/install/usb_cam/share/usb_cam/environment/ament_prefix_path.dsv
[17.675s] -- Up-to-date: /home/sbel/Desktop/Cobra-Driver/workspace/install/usb_cam/share/usb_cam/environment/path.sh
[17.676s] -- Installing: /home/sbel/Desktop/Cobra-Driver/workspace/install/usb_cam/share/usb_cam/environment/path.dsv
[17.676s] -- Up-to-date: /home/sbel/Desktop/Cobra-Driver/workspace/install/usb_cam/share/usb_cam/local_setup.bash
[17.676s] -- Up-to-date: /home/sbel/Desktop/Cobra-Driver/workspace/install/usb_cam/share/usb_cam/local_setup.sh
[17.676s] -- Up-to-date: /home/sbel/Desktop/Cobra-Driver/workspace/install/usb_cam/share/usb_cam/local_setup.zsh
[17.676s] -- Installing: /home/sbel/Desktop/Cobra-Driver/workspace/install/usb_cam/share/usb_cam/local_setup.dsv
[17.677s] -- Installing: /home/sbel/Desktop/Cobra-Driver/workspace/install/usb_cam/share/usb_cam/package.dsv
[17.677s] -- Up-to-date: /home/sbel/Desktop/Cobra-Driver/workspace/install/usb_cam/share/ament_index/resource_index/packages/usb_cam
[17.677s] -- Up-to-date: /home/sbel/Desktop/Cobra-Driver/workspace/install/usb_cam/share/ament_index/resource_index/rclcpp_components/usb_cam
[17.677s] -- Installing: /home/sbel/Desktop/Cobra-Driver/workspace/install/usb_cam/share/usb_cam/cmake/ament_cmake_export_dependencies-extras.cmake
[17.677s] -- Up-to-date: /home/sbel/Desktop/Cobra-Driver/workspace/install/usb_cam/share/usb_cam/cmake/ament_cmake_export_include_directories-extras.cmake
[17.678s] -- Up-to-date: /home/sbel/Desktop/Cobra-Driver/workspace/install/usb_cam/share/usb_cam/cmake/ament_cmake_export_libraries-extras.cmake
[17.678s] -- Installing: /home/sbel/Desktop/Cobra-Driver/workspace/install/usb_cam/share/usb_cam/cmake/usb_camConfig.cmake
[17.678s] -- Installing: /home/sbel/Desktop/Cobra-Driver/workspace/install/usb_cam/share/usb_cam/cmake/usb_camConfig-version.cmake
[17.678s] -- Installing: /home/sbel/Desktop/Cobra-Driver/workspace/install/usb_cam/share/usb_cam/package.xml
[17.696s] Invoked command in '/home/sbel/Desktop/Cobra-Driver/workspace/build/usb_cam' returned '0': CMAKE_PREFIX_PATH=${CMAKE_PREFIX_PATH}:/home/sbel/Desktop/Cobra-Driver/workspace/install/yolov5_ros2:/home/sbel/Desktop/Cobra-Driver/workspace/install/udp_to_ros:/home/sbel/Desktop/Cobra-Driver/workspace/install/common:/opt/ros/foxy /usr/bin/cmake --install /home/sbel/Desktop/Cobra-Driver/workspace/build/usb_cam
